[2024-06-22T04:11:11.443+0000] {processor.py:161} INFO - Started process (PID=52) to work on /home/airflow/.local/lib/python3.12/site-packages/airflow/example_dags/example_display_name.py
[2024-06-22T04:11:11.455+0000] {processor.py:830} INFO - Processing file /home/airflow/.local/lib/python3.12/site-packages/airflow/example_dags/example_display_name.py for tasks to queue
[2024-06-22T04:11:11.464+0000] {logging_mixin.py:188} INFO - [2024-06-22T04:11:11.464+0000] {dagbag.py:540} INFO - Filling up the DagBag from /home/airflow/.local/lib/python3.12/site-packages/airflow/example_dags/example_display_name.py
[2024-06-22T04:11:11.491+0000] {processor.py:840} INFO - DAG(s) 'example_display_name' retrieved from /home/airflow/.local/lib/python3.12/site-packages/airflow/example_dags/example_display_name.py
[2024-06-22T04:11:11.547+0000] {logging_mixin.py:188} INFO - [2024-06-22T04:11:11.547+0000] {dag.py:3096} INFO - Sync 1 DAGs
[2024-06-22T04:11:11.632+0000] {logging_mixin.py:188} INFO - [2024-06-22T04:11:11.631+0000] {dag.py:3954} INFO - Setting next_dagrun for example_display_name to None, run_after=None
[2024-06-22T04:11:11.842+0000] {processor.py:183} INFO - Processing /home/airflow/.local/lib/python3.12/site-packages/airflow/example_dags/example_display_name.py took 0.430 seconds
[2024-06-22T04:11:41.954+0000] {processor.py:161} INFO - Started process (PID=111) to work on /home/airflow/.local/lib/python3.12/site-packages/airflow/example_dags/example_display_name.py
[2024-06-22T04:11:41.956+0000] {processor.py:830} INFO - Processing file /home/airflow/.local/lib/python3.12/site-packages/airflow/example_dags/example_display_name.py for tasks to queue
[2024-06-22T04:11:41.960+0000] {logging_mixin.py:188} INFO - [2024-06-22T04:11:41.959+0000] {dagbag.py:540} INFO - Filling up the DagBag from /home/airflow/.local/lib/python3.12/site-packages/airflow/example_dags/example_display_name.py
[2024-06-22T04:11:41.968+0000] {processor.py:840} INFO - DAG(s) 'example_display_name' retrieved from /home/airflow/.local/lib/python3.12/site-packages/airflow/example_dags/example_display_name.py
[2024-06-22T04:11:42.111+0000] {logging_mixin.py:188} INFO - [2024-06-22T04:11:42.111+0000] {dag.py:3096} INFO - Sync 1 DAGs
[2024-06-22T04:11:42.127+0000] {logging_mixin.py:188} INFO - [2024-06-22T04:11:42.126+0000] {dag.py:3954} INFO - Setting next_dagrun for example_display_name to None, run_after=None
[2024-06-22T04:11:42.150+0000] {processor.py:183} INFO - Processing /home/airflow/.local/lib/python3.12/site-packages/airflow/example_dags/example_display_name.py took 0.207 seconds
[2024-06-22T04:12:12.994+0000] {processor.py:161} INFO - Started process (PID=169) to work on /home/airflow/.local/lib/python3.12/site-packages/airflow/example_dags/example_display_name.py
[2024-06-22T04:12:12.996+0000] {processor.py:830} INFO - Processing file /home/airflow/.local/lib/python3.12/site-packages/airflow/example_dags/example_display_name.py for tasks to queue
[2024-06-22T04:12:13.001+0000] {logging_mixin.py:188} INFO - [2024-06-22T04:12:13.000+0000] {dagbag.py:540} INFO - Filling up the DagBag from /home/airflow/.local/lib/python3.12/site-packages/airflow/example_dags/example_display_name.py
[2024-06-22T04:12:13.013+0000] {processor.py:840} INFO - DAG(s) 'example_display_name' retrieved from /home/airflow/.local/lib/python3.12/site-packages/airflow/example_dags/example_display_name.py
[2024-06-22T04:12:13.042+0000] {logging_mixin.py:188} INFO - [2024-06-22T04:12:13.042+0000] {dag.py:3096} INFO - Sync 1 DAGs
[2024-06-22T04:12:13.065+0000] {logging_mixin.py:188} INFO - [2024-06-22T04:12:13.064+0000] {dag.py:3954} INFO - Setting next_dagrun for example_display_name to None, run_after=None
[2024-06-22T04:12:13.099+0000] {processor.py:183} INFO - Processing /home/airflow/.local/lib/python3.12/site-packages/airflow/example_dags/example_display_name.py took 0.117 seconds
[2024-06-22T04:12:44.849+0000] {processor.py:161} INFO - Started process (PID=228) to work on /home/airflow/.local/lib/python3.12/site-packages/airflow/example_dags/example_display_name.py
[2024-06-22T04:12:44.855+0000] {processor.py:830} INFO - Processing file /home/airflow/.local/lib/python3.12/site-packages/airflow/example_dags/example_display_name.py for tasks to queue
[2024-06-22T04:12:44.869+0000] {logging_mixin.py:188} INFO - [2024-06-22T04:12:44.866+0000] {dagbag.py:540} INFO - Filling up the DagBag from /home/airflow/.local/lib/python3.12/site-packages/airflow/example_dags/example_display_name.py
[2024-06-22T04:12:44.899+0000] {processor.py:840} INFO - DAG(s) 'example_display_name' retrieved from /home/airflow/.local/lib/python3.12/site-packages/airflow/example_dags/example_display_name.py
[2024-06-22T04:12:45.054+0000] {logging_mixin.py:188} INFO - [2024-06-22T04:12:45.054+0000] {dag.py:3096} INFO - Sync 1 DAGs
[2024-06-22T04:12:45.131+0000] {logging_mixin.py:188} INFO - [2024-06-22T04:12:45.130+0000] {dag.py:3954} INFO - Setting next_dagrun for example_display_name to None, run_after=None
[2024-06-22T04:12:45.230+0000] {processor.py:183} INFO - Processing /home/airflow/.local/lib/python3.12/site-packages/airflow/example_dags/example_display_name.py took 0.421 seconds
[2024-06-22T04:13:15.577+0000] {processor.py:161} INFO - Started process (PID=287) to work on /home/airflow/.local/lib/python3.12/site-packages/airflow/example_dags/example_display_name.py
[2024-06-22T04:13:15.580+0000] {processor.py:830} INFO - Processing file /home/airflow/.local/lib/python3.12/site-packages/airflow/example_dags/example_display_name.py for tasks to queue
[2024-06-22T04:13:15.585+0000] {logging_mixin.py:188} INFO - [2024-06-22T04:13:15.584+0000] {dagbag.py:540} INFO - Filling up the DagBag from /home/airflow/.local/lib/python3.12/site-packages/airflow/example_dags/example_display_name.py
[2024-06-22T04:13:15.596+0000] {processor.py:840} INFO - DAG(s) 'example_display_name' retrieved from /home/airflow/.local/lib/python3.12/site-packages/airflow/example_dags/example_display_name.py
[2024-06-22T04:13:15.638+0000] {logging_mixin.py:188} INFO - [2024-06-22T04:13:15.638+0000] {dag.py:3096} INFO - Sync 1 DAGs
[2024-06-22T04:13:15.660+0000] {logging_mixin.py:188} INFO - [2024-06-22T04:13:15.659+0000] {dag.py:3954} INFO - Setting next_dagrun for example_display_name to None, run_after=None
[2024-06-22T04:13:15.701+0000] {processor.py:183} INFO - Processing /home/airflow/.local/lib/python3.12/site-packages/airflow/example_dags/example_display_name.py took 0.135 seconds
[2024-06-22T04:13:45.994+0000] {processor.py:161} INFO - Started process (PID=346) to work on /home/airflow/.local/lib/python3.12/site-packages/airflow/example_dags/example_display_name.py
[2024-06-22T04:13:45.996+0000] {processor.py:830} INFO - Processing file /home/airflow/.local/lib/python3.12/site-packages/airflow/example_dags/example_display_name.py for tasks to queue
[2024-06-22T04:13:46.001+0000] {logging_mixin.py:188} INFO - [2024-06-22T04:13:46.000+0000] {dagbag.py:540} INFO - Filling up the DagBag from /home/airflow/.local/lib/python3.12/site-packages/airflow/example_dags/example_display_name.py
[2024-06-22T04:13:46.018+0000] {processor.py:840} INFO - DAG(s) 'example_display_name' retrieved from /home/airflow/.local/lib/python3.12/site-packages/airflow/example_dags/example_display_name.py
[2024-06-22T04:13:46.070+0000] {logging_mixin.py:188} INFO - [2024-06-22T04:13:46.070+0000] {dag.py:3096} INFO - Sync 1 DAGs
[2024-06-22T04:13:46.093+0000] {logging_mixin.py:188} INFO - [2024-06-22T04:13:46.093+0000] {dag.py:3954} INFO - Setting next_dagrun for example_display_name to None, run_after=None
[2024-06-22T04:13:46.118+0000] {processor.py:183} INFO - Processing /home/airflow/.local/lib/python3.12/site-packages/airflow/example_dags/example_display_name.py took 0.137 seconds
[2024-06-22T04:14:16.746+0000] {processor.py:161} INFO - Started process (PID=408) to work on /home/airflow/.local/lib/python3.12/site-packages/airflow/example_dags/example_display_name.py
[2024-06-22T04:14:16.754+0000] {processor.py:830} INFO - Processing file /home/airflow/.local/lib/python3.12/site-packages/airflow/example_dags/example_display_name.py for tasks to queue
[2024-06-22T04:14:16.759+0000] {logging_mixin.py:188} INFO - [2024-06-22T04:14:16.758+0000] {dagbag.py:540} INFO - Filling up the DagBag from /home/airflow/.local/lib/python3.12/site-packages/airflow/example_dags/example_display_name.py
[2024-06-22T04:14:16.768+0000] {processor.py:840} INFO - DAG(s) 'example_display_name' retrieved from /home/airflow/.local/lib/python3.12/site-packages/airflow/example_dags/example_display_name.py
[2024-06-22T04:14:16.796+0000] {logging_mixin.py:188} INFO - [2024-06-22T04:14:16.796+0000] {dag.py:3096} INFO - Sync 1 DAGs
[2024-06-22T04:14:16.826+0000] {logging_mixin.py:188} INFO - [2024-06-22T04:14:16.826+0000] {dag.py:3954} INFO - Setting next_dagrun for example_display_name to None, run_after=None
[2024-06-22T04:14:16.850+0000] {processor.py:183} INFO - Processing /home/airflow/.local/lib/python3.12/site-packages/airflow/example_dags/example_display_name.py took 0.121 seconds
[2024-06-22T04:14:47.296+0000] {processor.py:161} INFO - Started process (PID=467) to work on /home/airflow/.local/lib/python3.12/site-packages/airflow/example_dags/example_display_name.py
[2024-06-22T04:14:47.298+0000] {processor.py:830} INFO - Processing file /home/airflow/.local/lib/python3.12/site-packages/airflow/example_dags/example_display_name.py for tasks to queue
[2024-06-22T04:14:47.301+0000] {logging_mixin.py:188} INFO - [2024-06-22T04:14:47.300+0000] {dagbag.py:540} INFO - Filling up the DagBag from /home/airflow/.local/lib/python3.12/site-packages/airflow/example_dags/example_display_name.py
[2024-06-22T04:14:47.309+0000] {processor.py:840} INFO - DAG(s) 'example_display_name' retrieved from /home/airflow/.local/lib/python3.12/site-packages/airflow/example_dags/example_display_name.py
[2024-06-22T04:14:47.338+0000] {logging_mixin.py:188} INFO - [2024-06-22T04:14:47.338+0000] {dag.py:3096} INFO - Sync 1 DAGs
[2024-06-22T04:14:47.361+0000] {logging_mixin.py:188} INFO - [2024-06-22T04:14:47.361+0000] {dag.py:3954} INFO - Setting next_dagrun for example_display_name to None, run_after=None
[2024-06-22T04:14:47.383+0000] {processor.py:183} INFO - Processing /home/airflow/.local/lib/python3.12/site-packages/airflow/example_dags/example_display_name.py took 0.101 seconds
[2024-06-22T04:15:17.979+0000] {processor.py:161} INFO - Started process (PID=528) to work on /home/airflow/.local/lib/python3.12/site-packages/airflow/example_dags/example_display_name.py
[2024-06-22T04:15:17.981+0000] {processor.py:830} INFO - Processing file /home/airflow/.local/lib/python3.12/site-packages/airflow/example_dags/example_display_name.py for tasks to queue
[2024-06-22T04:15:17.987+0000] {logging_mixin.py:188} INFO - [2024-06-22T04:15:17.986+0000] {dagbag.py:540} INFO - Filling up the DagBag from /home/airflow/.local/lib/python3.12/site-packages/airflow/example_dags/example_display_name.py
[2024-06-22T04:15:18.003+0000] {processor.py:840} INFO - DAG(s) 'example_display_name' retrieved from /home/airflow/.local/lib/python3.12/site-packages/airflow/example_dags/example_display_name.py
[2024-06-22T04:15:18.040+0000] {logging_mixin.py:188} INFO - [2024-06-22T04:15:18.040+0000] {dag.py:3096} INFO - Sync 1 DAGs
[2024-06-22T04:15:18.070+0000] {logging_mixin.py:188} INFO - [2024-06-22T04:15:18.070+0000] {dag.py:3954} INFO - Setting next_dagrun for example_display_name to None, run_after=None
[2024-06-22T04:15:18.109+0000] {processor.py:183} INFO - Processing /home/airflow/.local/lib/python3.12/site-packages/airflow/example_dags/example_display_name.py took 0.147 seconds
[2024-06-22T04:15:48.413+0000] {processor.py:161} INFO - Started process (PID=586) to work on /home/airflow/.local/lib/python3.12/site-packages/airflow/example_dags/example_display_name.py
[2024-06-22T04:15:48.415+0000] {processor.py:830} INFO - Processing file /home/airflow/.local/lib/python3.12/site-packages/airflow/example_dags/example_display_name.py for tasks to queue
[2024-06-22T04:15:48.419+0000] {logging_mixin.py:188} INFO - [2024-06-22T04:15:48.418+0000] {dagbag.py:540} INFO - Filling up the DagBag from /home/airflow/.local/lib/python3.12/site-packages/airflow/example_dags/example_display_name.py
[2024-06-22T04:15:48.429+0000] {processor.py:840} INFO - DAG(s) 'example_display_name' retrieved from /home/airflow/.local/lib/python3.12/site-packages/airflow/example_dags/example_display_name.py
[2024-06-22T04:15:48.478+0000] {logging_mixin.py:188} INFO - [2024-06-22T04:15:48.477+0000] {dag.py:3096} INFO - Sync 1 DAGs
[2024-06-22T04:15:48.511+0000] {logging_mixin.py:188} INFO - [2024-06-22T04:15:48.511+0000] {dag.py:3954} INFO - Setting next_dagrun for example_display_name to None, run_after=None
[2024-06-22T04:15:48.544+0000] {processor.py:183} INFO - Processing /home/airflow/.local/lib/python3.12/site-packages/airflow/example_dags/example_display_name.py took 0.139 seconds
[2024-06-22T04:16:19.551+0000] {processor.py:161} INFO - Started process (PID=646) to work on /home/airflow/.local/lib/python3.12/site-packages/airflow/example_dags/example_display_name.py
[2024-06-22T04:16:19.553+0000] {processor.py:830} INFO - Processing file /home/airflow/.local/lib/python3.12/site-packages/airflow/example_dags/example_display_name.py for tasks to queue
[2024-06-22T04:16:19.557+0000] {logging_mixin.py:188} INFO - [2024-06-22T04:16:19.557+0000] {dagbag.py:540} INFO - Filling up the DagBag from /home/airflow/.local/lib/python3.12/site-packages/airflow/example_dags/example_display_name.py
[2024-06-22T04:16:19.566+0000] {processor.py:840} INFO - DAG(s) 'example_display_name' retrieved from /home/airflow/.local/lib/python3.12/site-packages/airflow/example_dags/example_display_name.py
[2024-06-22T04:16:19.599+0000] {logging_mixin.py:188} INFO - [2024-06-22T04:16:19.599+0000] {dag.py:3096} INFO - Sync 1 DAGs
[2024-06-22T04:16:19.619+0000] {logging_mixin.py:188} INFO - [2024-06-22T04:16:19.618+0000] {dag.py:3954} INFO - Setting next_dagrun for example_display_name to None, run_after=None
[2024-06-22T04:16:19.653+0000] {processor.py:183} INFO - Processing /home/airflow/.local/lib/python3.12/site-packages/airflow/example_dags/example_display_name.py took 0.110 seconds
[2024-06-22T04:16:50.777+0000] {processor.py:161} INFO - Started process (PID=705) to work on /home/airflow/.local/lib/python3.12/site-packages/airflow/example_dags/example_display_name.py
[2024-06-22T04:16:50.783+0000] {processor.py:830} INFO - Processing file /home/airflow/.local/lib/python3.12/site-packages/airflow/example_dags/example_display_name.py for tasks to queue
[2024-06-22T04:16:50.793+0000] {logging_mixin.py:188} INFO - [2024-06-22T04:16:50.791+0000] {dagbag.py:540} INFO - Filling up the DagBag from /home/airflow/.local/lib/python3.12/site-packages/airflow/example_dags/example_display_name.py
[2024-06-22T04:16:50.818+0000] {processor.py:840} INFO - DAG(s) 'example_display_name' retrieved from /home/airflow/.local/lib/python3.12/site-packages/airflow/example_dags/example_display_name.py
[2024-06-22T04:16:50.886+0000] {logging_mixin.py:188} INFO - [2024-06-22T04:16:50.885+0000] {dag.py:3096} INFO - Sync 1 DAGs
[2024-06-22T04:16:50.909+0000] {logging_mixin.py:188} INFO - [2024-06-22T04:16:50.908+0000] {dag.py:3954} INFO - Setting next_dagrun for example_display_name to None, run_after=None
[2024-06-22T04:16:50.979+0000] {processor.py:183} INFO - Processing /home/airflow/.local/lib/python3.12/site-packages/airflow/example_dags/example_display_name.py took 0.224 seconds
[2024-06-22T04:17:21.491+0000] {processor.py:161} INFO - Started process (PID=765) to work on /home/airflow/.local/lib/python3.12/site-packages/airflow/example_dags/example_display_name.py
[2024-06-22T04:17:21.493+0000] {processor.py:830} INFO - Processing file /home/airflow/.local/lib/python3.12/site-packages/airflow/example_dags/example_display_name.py for tasks to queue
[2024-06-22T04:17:21.498+0000] {logging_mixin.py:188} INFO - [2024-06-22T04:17:21.497+0000] {dagbag.py:540} INFO - Filling up the DagBag from /home/airflow/.local/lib/python3.12/site-packages/airflow/example_dags/example_display_name.py
[2024-06-22T04:17:21.510+0000] {processor.py:840} INFO - DAG(s) 'example_display_name' retrieved from /home/airflow/.local/lib/python3.12/site-packages/airflow/example_dags/example_display_name.py
[2024-06-22T04:17:21.553+0000] {logging_mixin.py:188} INFO - [2024-06-22T04:17:21.552+0000] {dag.py:3096} INFO - Sync 1 DAGs
[2024-06-22T04:17:21.576+0000] {logging_mixin.py:188} INFO - [2024-06-22T04:17:21.575+0000] {dag.py:3954} INFO - Setting next_dagrun for example_display_name to None, run_after=None
[2024-06-22T04:17:21.604+0000] {processor.py:183} INFO - Processing /home/airflow/.local/lib/python3.12/site-packages/airflow/example_dags/example_display_name.py took 0.125 seconds
[2024-06-22T06:19:29.531+0000] {processor.py:161} INFO - Started process (PID=844) to work on /home/airflow/.local/lib/python3.12/site-packages/airflow/example_dags/example_display_name.py
[2024-06-22T06:19:29.580+0000] {processor.py:830} INFO - Processing file /home/airflow/.local/lib/python3.12/site-packages/airflow/example_dags/example_display_name.py for tasks to queue
[2024-06-22T06:19:29.630+0000] {logging_mixin.py:188} INFO - [2024-06-22T06:19:29.620+0000] {dagbag.py:540} INFO - Filling up the DagBag from /home/airflow/.local/lib/python3.12/site-packages/airflow/example_dags/example_display_name.py
[2024-06-22T06:19:30.321+0000] {processor.py:840} INFO - DAG(s) 'example_display_name' retrieved from /home/airflow/.local/lib/python3.12/site-packages/airflow/example_dags/example_display_name.py
[2024-06-22T06:19:32.367+0000] {logging_mixin.py:188} INFO - [2024-06-22T06:19:32.362+0000] {dag.py:3096} INFO - Sync 1 DAGs
[2024-06-22T06:19:33.152+0000] {logging_mixin.py:188} INFO - [2024-06-22T06:19:33.143+0000] {dag.py:3954} INFO - Setting next_dagrun for example_display_name to None, run_after=None
[2024-06-22T06:19:34.128+0000] {processor.py:183} INFO - Processing /home/airflow/.local/lib/python3.12/site-packages/airflow/example_dags/example_display_name.py took 4.970 seconds
[2024-06-22T06:22:46.162+0000] {processor.py:161} INFO - Started process (PID=934) to work on /home/airflow/.local/lib/python3.12/site-packages/airflow/example_dags/example_display_name.py
[2024-06-22T06:22:46.191+0000] {processor.py:830} INFO - Processing file /home/airflow/.local/lib/python3.12/site-packages/airflow/example_dags/example_display_name.py for tasks to queue
[2024-06-22T06:22:46.241+0000] {logging_mixin.py:188} INFO - [2024-06-22T06:22:46.209+0000] {dagbag.py:540} INFO - Filling up the DagBag from /home/airflow/.local/lib/python3.12/site-packages/airflow/example_dags/example_display_name.py
[2024-06-22T06:22:46.525+0000] {processor.py:840} INFO - DAG(s) 'example_display_name' retrieved from /home/airflow/.local/lib/python3.12/site-packages/airflow/example_dags/example_display_name.py
[2024-06-22T06:22:47.696+0000] {logging_mixin.py:188} INFO - [2024-06-22T06:22:47.687+0000] {dag.py:3096} INFO - Sync 1 DAGs
[2024-06-22T06:22:48.222+0000] {logging_mixin.py:188} INFO - [2024-06-22T06:22:48.213+0000] {dag.py:3954} INFO - Setting next_dagrun for example_display_name to None, run_after=None
[2024-06-22T06:22:48.978+0000] {processor.py:183} INFO - Processing /home/airflow/.local/lib/python3.12/site-packages/airflow/example_dags/example_display_name.py took 3.164 seconds
[2024-06-22T06:54:29.152+0000] {processor.py:161} INFO - Started process (PID=992) to work on /home/airflow/.local/lib/python3.12/site-packages/airflow/example_dags/example_display_name.py
[2024-06-22T06:54:29.185+0000] {processor.py:830} INFO - Processing file /home/airflow/.local/lib/python3.12/site-packages/airflow/example_dags/example_display_name.py for tasks to queue
[2024-06-22T06:54:29.233+0000] {logging_mixin.py:188} INFO - [2024-06-22T06:54:29.230+0000] {dagbag.py:540} INFO - Filling up the DagBag from /home/airflow/.local/lib/python3.12/site-packages/airflow/example_dags/example_display_name.py
[2024-06-22T06:54:29.482+0000] {processor.py:840} INFO - DAG(s) 'example_display_name' retrieved from /home/airflow/.local/lib/python3.12/site-packages/airflow/example_dags/example_display_name.py
[2024-06-22T06:54:30.665+0000] {logging_mixin.py:188} INFO - [2024-06-22T06:54:30.656+0000] {dag.py:3096} INFO - Sync 1 DAGs
[2024-06-22T06:54:41.440+0000] {logging_mixin.py:188} INFO - [2024-06-22T06:54:41.425+0000] {dag.py:3954} INFO - Setting next_dagrun for example_display_name to None, run_after=None
[2024-06-22T06:54:42.092+0000] {processor.py:183} INFO - Processing /home/airflow/.local/lib/python3.12/site-packages/airflow/example_dags/example_display_name.py took 13.101 seconds
[2024-06-22T06:57:34.408+0000] {processor.py:161} INFO - Started process (PID=1071) to work on /home/airflow/.local/lib/python3.12/site-packages/airflow/example_dags/example_display_name.py
[2024-06-22T06:57:34.475+0000] {processor.py:830} INFO - Processing file /home/airflow/.local/lib/python3.12/site-packages/airflow/example_dags/example_display_name.py for tasks to queue
[2024-06-22T06:57:34.526+0000] {logging_mixin.py:188} INFO - [2024-06-22T06:57:34.502+0000] {dagbag.py:540} INFO - Filling up the DagBag from /home/airflow/.local/lib/python3.12/site-packages/airflow/example_dags/example_display_name.py
[2024-06-22T06:57:35.048+0000] {processor.py:840} INFO - DAG(s) 'example_display_name' retrieved from /home/airflow/.local/lib/python3.12/site-packages/airflow/example_dags/example_display_name.py
[2024-06-22T06:57:36.123+0000] {logging_mixin.py:188} INFO - [2024-06-22T06:57:36.103+0000] {dag.py:3096} INFO - Sync 1 DAGs
[2024-06-22T06:57:36.565+0000] {logging_mixin.py:188} INFO - [2024-06-22T06:57:36.552+0000] {dag.py:3954} INFO - Setting next_dagrun for example_display_name to None, run_after=None
[2024-06-22T06:57:37.464+0000] {processor.py:183} INFO - Processing /home/airflow/.local/lib/python3.12/site-packages/airflow/example_dags/example_display_name.py took 3.692 seconds
[2024-06-22T06:58:25.115+0000] {processor.py:161} INFO - Started process (PID=1119) to work on /home/airflow/.local/lib/python3.12/site-packages/airflow/example_dags/example_display_name.py
[2024-06-22T06:58:25.190+0000] {processor.py:830} INFO - Processing file /home/airflow/.local/lib/python3.12/site-packages/airflow/example_dags/example_display_name.py for tasks to queue
[2024-06-22T06:58:25.289+0000] {logging_mixin.py:188} INFO - [2024-06-22T06:58:25.286+0000] {dagbag.py:540} INFO - Filling up the DagBag from /home/airflow/.local/lib/python3.12/site-packages/airflow/example_dags/example_display_name.py
[2024-06-22T06:58:25.762+0000] {processor.py:840} INFO - DAG(s) 'example_display_name' retrieved from /home/airflow/.local/lib/python3.12/site-packages/airflow/example_dags/example_display_name.py
[2024-06-22T06:58:26.846+0000] {logging_mixin.py:188} INFO - [2024-06-22T06:58:26.795+0000] {dag.py:3096} INFO - Sync 1 DAGs
[2024-06-22T06:58:27.356+0000] {logging_mixin.py:188} INFO - [2024-06-22T06:58:27.343+0000] {dag.py:3954} INFO - Setting next_dagrun for example_display_name to None, run_after=None
[2024-06-22T06:58:28.220+0000] {processor.py:183} INFO - Processing /home/airflow/.local/lib/python3.12/site-packages/airflow/example_dags/example_display_name.py took 3.258 seconds
[2024-06-22T07:31:39.438+0000] {processor.py:161} INFO - Started process (PID=1166) to work on /home/airflow/.local/lib/python3.12/site-packages/airflow/example_dags/example_display_name.py
[2024-06-22T07:31:39.443+0000] {processor.py:830} INFO - Processing file /home/airflow/.local/lib/python3.12/site-packages/airflow/example_dags/example_display_name.py for tasks to queue
[2024-06-22T07:31:39.457+0000] {logging_mixin.py:188} INFO - [2024-06-22T07:31:39.452+0000] {dagbag.py:540} INFO - Filling up the DagBag from /home/airflow/.local/lib/python3.12/site-packages/airflow/example_dags/example_display_name.py
[2024-06-22T07:31:39.500+0000] {processor.py:840} INFO - DAG(s) 'example_display_name' retrieved from /home/airflow/.local/lib/python3.12/site-packages/airflow/example_dags/example_display_name.py
[2024-06-22T07:31:39.633+0000] {logging_mixin.py:188} INFO - [2024-06-22T07:31:39.632+0000] {dag.py:3096} INFO - Sync 1 DAGs
[2024-06-22T07:31:39.705+0000] {logging_mixin.py:188} INFO - [2024-06-22T07:31:39.705+0000] {dag.py:3954} INFO - Setting next_dagrun for example_display_name to None, run_after=None
[2024-06-22T07:31:39.822+0000] {processor.py:183} INFO - Processing /home/airflow/.local/lib/python3.12/site-packages/airflow/example_dags/example_display_name.py took 0.422 seconds
[2024-06-22T07:32:29.488+0000] {processor.py:161} INFO - Started process (PID=1215) to work on /home/airflow/.local/lib/python3.12/site-packages/airflow/example_dags/example_display_name.py
[2024-06-22T07:32:29.491+0000] {processor.py:830} INFO - Processing file /home/airflow/.local/lib/python3.12/site-packages/airflow/example_dags/example_display_name.py for tasks to queue
[2024-06-22T07:32:29.493+0000] {logging_mixin.py:188} INFO - [2024-06-22T07:32:29.493+0000] {dagbag.py:540} INFO - Filling up the DagBag from /home/airflow/.local/lib/python3.12/site-packages/airflow/example_dags/example_display_name.py
[2024-06-22T07:32:29.511+0000] {processor.py:840} INFO - DAG(s) 'example_display_name' retrieved from /home/airflow/.local/lib/python3.12/site-packages/airflow/example_dags/example_display_name.py
[2024-06-22T07:32:29.614+0000] {logging_mixin.py:188} INFO - [2024-06-22T07:32:29.614+0000] {dag.py:3096} INFO - Sync 1 DAGs
[2024-06-22T07:32:29.683+0000] {logging_mixin.py:188} INFO - [2024-06-22T07:32:29.683+0000] {dag.py:3954} INFO - Setting next_dagrun for example_display_name to None, run_after=None
[2024-06-22T07:32:29.759+0000] {processor.py:183} INFO - Processing /home/airflow/.local/lib/python3.12/site-packages/airflow/example_dags/example_display_name.py took 0.311 seconds
[2024-06-22T07:49:21.578+0000] {processor.py:161} INFO - Started process (PID=1267) to work on /home/airflow/.local/lib/python3.12/site-packages/airflow/example_dags/example_display_name.py
[2024-06-22T07:49:21.613+0000] {processor.py:830} INFO - Processing file /home/airflow/.local/lib/python3.12/site-packages/airflow/example_dags/example_display_name.py for tasks to queue
[2024-06-22T07:49:21.654+0000] {logging_mixin.py:188} INFO - [2024-06-22T07:49:21.639+0000] {dagbag.py:540} INFO - Filling up the DagBag from /home/airflow/.local/lib/python3.12/site-packages/airflow/example_dags/example_display_name.py
[2024-06-22T07:49:22.104+0000] {processor.py:840} INFO - DAG(s) 'example_display_name' retrieved from /home/airflow/.local/lib/python3.12/site-packages/airflow/example_dags/example_display_name.py
[2024-06-22T07:49:23.512+0000] {logging_mixin.py:188} INFO - [2024-06-22T07:49:23.474+0000] {dag.py:3096} INFO - Sync 1 DAGs
[2024-06-22T07:49:24.830+0000] {logging_mixin.py:188} INFO - [2024-06-22T07:49:24.799+0000] {dag.py:3954} INFO - Setting next_dagrun for example_display_name to None, run_after=None
[2024-06-22T07:49:25.528+0000] {processor.py:183} INFO - Processing /home/airflow/.local/lib/python3.12/site-packages/airflow/example_dags/example_display_name.py took 4.297 seconds
[2024-06-22T07:50:53.921+0000] {processor.py:161} INFO - Started process (PID=1329) to work on /home/airflow/.local/lib/python3.12/site-packages/airflow/example_dags/example_display_name.py
[2024-06-22T07:50:53.989+0000] {processor.py:830} INFO - Processing file /home/airflow/.local/lib/python3.12/site-packages/airflow/example_dags/example_display_name.py for tasks to queue
[2024-06-22T07:50:54.058+0000] {logging_mixin.py:188} INFO - [2024-06-22T07:50:54.023+0000] {dagbag.py:540} INFO - Filling up the DagBag from /home/airflow/.local/lib/python3.12/site-packages/airflow/example_dags/example_display_name.py
[2024-06-22T07:50:54.206+0000] {processor.py:840} INFO - DAG(s) 'example_display_name' retrieved from /home/airflow/.local/lib/python3.12/site-packages/airflow/example_dags/example_display_name.py
[2024-06-22T07:50:54.672+0000] {logging_mixin.py:188} INFO - [2024-06-22T07:50:54.646+0000] {dag.py:3096} INFO - Sync 1 DAGs
[2024-06-22T07:50:55.705+0000] {logging_mixin.py:188} INFO - [2024-06-22T07:50:55.686+0000] {dag.py:3954} INFO - Setting next_dagrun for example_display_name to None, run_after=None
[2024-06-22T07:50:56.425+0000] {processor.py:183} INFO - Processing /home/airflow/.local/lib/python3.12/site-packages/airflow/example_dags/example_display_name.py took 2.722 seconds
[2024-06-22T07:53:00.382+0000] {processor.py:161} INFO - Started process (PID=1422) to work on /home/airflow/.local/lib/python3.12/site-packages/airflow/example_dags/example_display_name.py
[2024-06-22T07:53:00.449+0000] {processor.py:830} INFO - Processing file /home/airflow/.local/lib/python3.12/site-packages/airflow/example_dags/example_display_name.py for tasks to queue
[2024-06-22T07:53:00.493+0000] {logging_mixin.py:188} INFO - [2024-06-22T07:53:00.491+0000] {dagbag.py:540} INFO - Filling up the DagBag from /home/airflow/.local/lib/python3.12/site-packages/airflow/example_dags/example_display_name.py
[2024-06-22T07:53:00.807+0000] {processor.py:840} INFO - DAG(s) 'example_display_name' retrieved from /home/airflow/.local/lib/python3.12/site-packages/airflow/example_dags/example_display_name.py
[2024-06-22T07:53:01.415+0000] {logging_mixin.py:188} INFO - [2024-06-22T07:53:01.382+0000] {dag.py:3096} INFO - Sync 1 DAGs
[2024-06-22T07:53:01.969+0000] {logging_mixin.py:188} INFO - [2024-06-22T07:53:01.968+0000] {dag.py:3954} INFO - Setting next_dagrun for example_display_name to None, run_after=None
[2024-06-22T07:53:02.749+0000] {processor.py:183} INFO - Processing /home/airflow/.local/lib/python3.12/site-packages/airflow/example_dags/example_display_name.py took 2.619 seconds
[2024-06-22T07:55:28.503+0000] {processor.py:161} INFO - Started process (PID=1524) to work on /home/airflow/.local/lib/python3.12/site-packages/airflow/example_dags/example_display_name.py
[2024-06-22T07:55:28.521+0000] {processor.py:830} INFO - Processing file /home/airflow/.local/lib/python3.12/site-packages/airflow/example_dags/example_display_name.py for tasks to queue
[2024-06-22T07:55:28.541+0000] {logging_mixin.py:188} INFO - [2024-06-22T07:55:28.534+0000] {dagbag.py:540} INFO - Filling up the DagBag from /home/airflow/.local/lib/python3.12/site-packages/airflow/example_dags/example_display_name.py
[2024-06-22T07:55:28.756+0000] {processor.py:840} INFO - DAG(s) 'example_display_name' retrieved from /home/airflow/.local/lib/python3.12/site-packages/airflow/example_dags/example_display_name.py
[2024-06-22T07:55:29.211+0000] {logging_mixin.py:188} INFO - [2024-06-22T07:55:29.194+0000] {dag.py:3096} INFO - Sync 1 DAGs
[2024-06-22T07:55:29.800+0000] {logging_mixin.py:188} INFO - [2024-06-22T07:55:29.785+0000] {dag.py:3954} INFO - Setting next_dagrun for example_display_name to None, run_after=None
[2024-06-22T07:55:30.477+0000] {processor.py:183} INFO - Processing /home/airflow/.local/lib/python3.12/site-packages/airflow/example_dags/example_display_name.py took 2.108 seconds
[2024-06-22T07:57:35.211+0000] {processor.py:161} INFO - Started process (PID=1623) to work on /home/airflow/.local/lib/python3.12/site-packages/airflow/example_dags/example_display_name.py
[2024-06-22T07:57:35.214+0000] {processor.py:830} INFO - Processing file /home/airflow/.local/lib/python3.12/site-packages/airflow/example_dags/example_display_name.py for tasks to queue
[2024-06-22T07:57:35.220+0000] {logging_mixin.py:188} INFO - [2024-06-22T07:57:35.219+0000] {dagbag.py:540} INFO - Filling up the DagBag from /home/airflow/.local/lib/python3.12/site-packages/airflow/example_dags/example_display_name.py
[2024-06-22T07:57:35.249+0000] {processor.py:840} INFO - DAG(s) 'example_display_name' retrieved from /home/airflow/.local/lib/python3.12/site-packages/airflow/example_dags/example_display_name.py
[2024-06-22T07:57:35.393+0000] {logging_mixin.py:188} INFO - [2024-06-22T07:57:35.392+0000] {dag.py:3096} INFO - Sync 1 DAGs
[2024-06-22T07:57:35.497+0000] {logging_mixin.py:188} INFO - [2024-06-22T07:57:35.496+0000] {dag.py:3954} INFO - Setting next_dagrun for example_display_name to None, run_after=None
[2024-06-22T07:57:35.611+0000] {processor.py:183} INFO - Processing /home/airflow/.local/lib/python3.12/site-packages/airflow/example_dags/example_display_name.py took 0.434 seconds
[2024-06-22T08:28:32.317+0000] {processor.py:161} INFO - Started process (PID=1675) to work on /home/airflow/.local/lib/python3.12/site-packages/airflow/example_dags/example_display_name.py
[2024-06-22T08:28:32.347+0000] {processor.py:830} INFO - Processing file /home/airflow/.local/lib/python3.12/site-packages/airflow/example_dags/example_display_name.py for tasks to queue
[2024-06-22T08:28:32.364+0000] {logging_mixin.py:188} INFO - [2024-06-22T08:28:32.361+0000] {dagbag.py:540} INFO - Filling up the DagBag from /home/airflow/.local/lib/python3.12/site-packages/airflow/example_dags/example_display_name.py
[2024-06-22T08:28:32.667+0000] {processor.py:840} INFO - DAG(s) 'example_display_name' retrieved from /home/airflow/.local/lib/python3.12/site-packages/airflow/example_dags/example_display_name.py
[2024-06-22T08:28:33.377+0000] {logging_mixin.py:188} INFO - [2024-06-22T08:28:33.373+0000] {dag.py:3096} INFO - Sync 1 DAGs
[2024-06-22T08:28:33.957+0000] {logging_mixin.py:188} INFO - [2024-06-22T08:28:33.955+0000] {dag.py:3954} INFO - Setting next_dagrun for example_display_name to None, run_after=None
[2024-06-22T08:28:34.329+0000] {processor.py:183} INFO - Processing /home/airflow/.local/lib/python3.12/site-packages/airflow/example_dags/example_display_name.py took 2.184 seconds
[2024-06-22T08:30:09.220+0000] {processor.py:161} INFO - Started process (PID=1742) to work on /home/airflow/.local/lib/python3.12/site-packages/airflow/example_dags/example_display_name.py
[2024-06-22T08:30:09.237+0000] {processor.py:830} INFO - Processing file /home/airflow/.local/lib/python3.12/site-packages/airflow/example_dags/example_display_name.py for tasks to queue
[2024-06-22T08:30:09.248+0000] {logging_mixin.py:188} INFO - [2024-06-22T08:30:09.246+0000] {dagbag.py:540} INFO - Filling up the DagBag from /home/airflow/.local/lib/python3.12/site-packages/airflow/example_dags/example_display_name.py
[2024-06-22T08:30:09.518+0000] {processor.py:840} INFO - DAG(s) 'example_display_name' retrieved from /home/airflow/.local/lib/python3.12/site-packages/airflow/example_dags/example_display_name.py
[2024-06-22T08:30:10.204+0000] {logging_mixin.py:188} INFO - [2024-06-22T08:30:10.202+0000] {dag.py:3096} INFO - Sync 1 DAGs
[2024-06-22T08:30:10.690+0000] {logging_mixin.py:188} INFO - [2024-06-22T08:30:10.688+0000] {dag.py:3954} INFO - Setting next_dagrun for example_display_name to None, run_after=None
[2024-06-22T08:30:11.338+0000] {processor.py:183} INFO - Processing /home/airflow/.local/lib/python3.12/site-packages/airflow/example_dags/example_display_name.py took 2.400 seconds
[2024-06-22T08:32:35.494+0000] {processor.py:161} INFO - Started process (PID=1837) to work on /home/airflow/.local/lib/python3.12/site-packages/airflow/example_dags/example_display_name.py
[2024-06-22T08:32:35.518+0000] {processor.py:830} INFO - Processing file /home/airflow/.local/lib/python3.12/site-packages/airflow/example_dags/example_display_name.py for tasks to queue
[2024-06-22T08:32:35.563+0000] {logging_mixin.py:188} INFO - [2024-06-22T08:32:35.560+0000] {dagbag.py:540} INFO - Filling up the DagBag from /home/airflow/.local/lib/python3.12/site-packages/airflow/example_dags/example_display_name.py
[2024-06-22T08:32:35.870+0000] {processor.py:840} INFO - DAG(s) 'example_display_name' retrieved from /home/airflow/.local/lib/python3.12/site-packages/airflow/example_dags/example_display_name.py
[2024-06-22T08:32:36.449+0000] {logging_mixin.py:188} INFO - [2024-06-22T08:32:36.448+0000] {dag.py:3096} INFO - Sync 1 DAGs
[2024-06-22T08:32:36.733+0000] {logging_mixin.py:188} INFO - [2024-06-22T08:32:36.731+0000] {dag.py:3954} INFO - Setting next_dagrun for example_display_name to None, run_after=None
[2024-06-22T08:32:37.325+0000] {processor.py:183} INFO - Processing /home/airflow/.local/lib/python3.12/site-packages/airflow/example_dags/example_display_name.py took 2.093 seconds
[2024-06-22T08:34:58.926+0000] {processor.py:161} INFO - Started process (PID=1930) to work on /home/airflow/.local/lib/python3.12/site-packages/airflow/example_dags/example_display_name.py
[2024-06-22T08:34:58.980+0000] {processor.py:830} INFO - Processing file /home/airflow/.local/lib/python3.12/site-packages/airflow/example_dags/example_display_name.py for tasks to queue
[2024-06-22T08:34:59.019+0000] {logging_mixin.py:188} INFO - [2024-06-22T08:34:58.995+0000] {dagbag.py:540} INFO - Filling up the DagBag from /home/airflow/.local/lib/python3.12/site-packages/airflow/example_dags/example_display_name.py
[2024-06-22T08:34:59.456+0000] {processor.py:840} INFO - DAG(s) 'example_display_name' retrieved from /home/airflow/.local/lib/python3.12/site-packages/airflow/example_dags/example_display_name.py
[2024-06-22T08:35:04.107+0000] {logging_mixin.py:188} INFO - [2024-06-22T08:35:04.072+0000] {dag.py:3096} INFO - Sync 1 DAGs
[2024-06-22T08:35:05.470+0000] {logging_mixin.py:188} INFO - [2024-06-22T08:35:05.335+0000] {dag.py:3954} INFO - Setting next_dagrun for example_display_name to None, run_after=None
[2024-06-22T08:35:06.924+0000] {processor.py:183} INFO - Processing /home/airflow/.local/lib/python3.12/site-packages/airflow/example_dags/example_display_name.py took 8.492 seconds
[2024-06-22T09:12:33.479+0000] {processor.py:161} INFO - Started process (PID=1992) to work on /home/airflow/.local/lib/python3.12/site-packages/airflow/example_dags/example_display_name.py
[2024-06-22T09:12:33.507+0000] {processor.py:830} INFO - Processing file /home/airflow/.local/lib/python3.12/site-packages/airflow/example_dags/example_display_name.py for tasks to queue
[2024-06-22T09:12:33.564+0000] {logging_mixin.py:188} INFO - [2024-06-22T09:12:33.530+0000] {dagbag.py:540} INFO - Filling up the DagBag from /home/airflow/.local/lib/python3.12/site-packages/airflow/example_dags/example_display_name.py
[2024-06-22T09:12:34.050+0000] {processor.py:840} INFO - DAG(s) 'example_display_name' retrieved from /home/airflow/.local/lib/python3.12/site-packages/airflow/example_dags/example_display_name.py
[2024-06-22T09:12:37.357+0000] {logging_mixin.py:188} INFO - [2024-06-22T09:12:37.244+0000] {dag.py:3096} INFO - Sync 1 DAGs
[2024-06-22T09:12:38.139+0000] {logging_mixin.py:188} INFO - [2024-06-22T09:12:38.090+0000] {dag.py:3954} INFO - Setting next_dagrun for example_display_name to None, run_after=None
[2024-06-22T09:12:40.432+0000] {processor.py:183} INFO - Processing /home/airflow/.local/lib/python3.12/site-packages/airflow/example_dags/example_display_name.py took 7.172 seconds
[2024-06-22T10:42:58.767+0000] {processor.py:161} INFO - Started process (PID=2052) to work on /home/airflow/.local/lib/python3.12/site-packages/airflow/example_dags/example_display_name.py
[2024-06-22T10:42:58.903+0000] {processor.py:830} INFO - Processing file /home/airflow/.local/lib/python3.12/site-packages/airflow/example_dags/example_display_name.py for tasks to queue
[2024-06-22T10:42:59.028+0000] {logging_mixin.py:188} INFO - [2024-06-22T10:42:58.974+0000] {dagbag.py:540} INFO - Filling up the DagBag from /home/airflow/.local/lib/python3.12/site-packages/airflow/example_dags/example_display_name.py
[2024-06-22T10:42:59.824+0000] {processor.py:840} INFO - DAG(s) 'example_display_name' retrieved from /home/airflow/.local/lib/python3.12/site-packages/airflow/example_dags/example_display_name.py
[2024-06-22T10:43:00.747+0000] {logging_mixin.py:188} INFO - [2024-06-22T10:43:00.733+0000] {dag.py:3096} INFO - Sync 1 DAGs
[2024-06-22T10:43:01.358+0000] {logging_mixin.py:188} INFO - [2024-06-22T10:43:01.356+0000] {dag.py:3954} INFO - Setting next_dagrun for example_display_name to None, run_after=None
[2024-06-22T10:43:02.068+0000] {processor.py:183} INFO - Processing /home/airflow/.local/lib/python3.12/site-packages/airflow/example_dags/example_display_name.py took 4.074 seconds
[2024-06-22T11:02:36.589+0000] {processor.py:161} INFO - Started process (PID=2142) to work on /home/airflow/.local/lib/python3.12/site-packages/airflow/example_dags/example_display_name.py
[2024-06-22T11:02:36.593+0000] {processor.py:830} INFO - Processing file /home/airflow/.local/lib/python3.12/site-packages/airflow/example_dags/example_display_name.py for tasks to queue
[2024-06-22T11:02:36.596+0000] {logging_mixin.py:188} INFO - [2024-06-22T11:02:36.595+0000] {dagbag.py:540} INFO - Filling up the DagBag from /home/airflow/.local/lib/python3.12/site-packages/airflow/example_dags/example_display_name.py
[2024-06-22T11:02:36.625+0000] {processor.py:840} INFO - DAG(s) 'example_display_name' retrieved from /home/airflow/.local/lib/python3.12/site-packages/airflow/example_dags/example_display_name.py
[2024-06-22T11:02:36.778+0000] {logging_mixin.py:188} INFO - [2024-06-22T11:02:36.776+0000] {dag.py:3096} INFO - Sync 1 DAGs
[2024-06-22T11:02:36.811+0000] {logging_mixin.py:188} INFO - [2024-06-22T11:02:36.810+0000] {dag.py:3954} INFO - Setting next_dagrun for example_display_name to None, run_after=None
[2024-06-22T11:02:36.853+0000] {processor.py:183} INFO - Processing /home/airflow/.local/lib/python3.12/site-packages/airflow/example_dags/example_display_name.py took 0.280 seconds
[2024-06-22T11:05:18.123+0000] {processor.py:161} INFO - Started process (PID=57) to work on /home/airflow/.local/lib/python3.12/site-packages/airflow/example_dags/example_display_name.py
[2024-06-22T11:05:18.129+0000] {processor.py:830} INFO - Processing file /home/airflow/.local/lib/python3.12/site-packages/airflow/example_dags/example_display_name.py for tasks to queue
[2024-06-22T11:05:18.139+0000] {logging_mixin.py:188} INFO - [2024-06-22T11:05:18.138+0000] {dagbag.py:540} INFO - Filling up the DagBag from /home/airflow/.local/lib/python3.12/site-packages/airflow/example_dags/example_display_name.py
[2024-06-22T11:05:18.173+0000] {processor.py:840} INFO - DAG(s) 'example_display_name' retrieved from /home/airflow/.local/lib/python3.12/site-packages/airflow/example_dags/example_display_name.py
[2024-06-22T11:05:18.824+0000] {logging_mixin.py:188} INFO - [2024-06-22T11:05:18.824+0000] {dag.py:3096} INFO - Sync 1 DAGs
[2024-06-22T11:05:18.886+0000] {logging_mixin.py:188} INFO - [2024-06-22T11:05:18.886+0000] {dag.py:3954} INFO - Setting next_dagrun for example_display_name to None, run_after=None
[2024-06-22T11:05:18.985+0000] {processor.py:183} INFO - Processing /home/airflow/.local/lib/python3.12/site-packages/airflow/example_dags/example_display_name.py took 0.899 seconds
[2024-06-22T11:05:49.561+0000] {processor.py:161} INFO - Started process (PID=117) to work on /home/airflow/.local/lib/python3.12/site-packages/airflow/example_dags/example_display_name.py
[2024-06-22T11:05:49.565+0000] {processor.py:830} INFO - Processing file /home/airflow/.local/lib/python3.12/site-packages/airflow/example_dags/example_display_name.py for tasks to queue
[2024-06-22T11:05:49.578+0000] {logging_mixin.py:188} INFO - [2024-06-22T11:05:49.576+0000] {dagbag.py:540} INFO - Filling up the DagBag from /home/airflow/.local/lib/python3.12/site-packages/airflow/example_dags/example_display_name.py
[2024-06-22T11:05:49.595+0000] {processor.py:840} INFO - DAG(s) 'example_display_name' retrieved from /home/airflow/.local/lib/python3.12/site-packages/airflow/example_dags/example_display_name.py
[2024-06-22T11:05:49.647+0000] {logging_mixin.py:188} INFO - [2024-06-22T11:05:49.647+0000] {dag.py:3096} INFO - Sync 1 DAGs
[2024-06-22T11:05:49.683+0000] {logging_mixin.py:188} INFO - [2024-06-22T11:05:49.683+0000] {dag.py:3954} INFO - Setting next_dagrun for example_display_name to None, run_after=None
[2024-06-22T11:05:49.742+0000] {processor.py:183} INFO - Processing /home/airflow/.local/lib/python3.12/site-packages/airflow/example_dags/example_display_name.py took 0.198 seconds
[2024-06-22T11:06:20.451+0000] {processor.py:161} INFO - Started process (PID=178) to work on /home/airflow/.local/lib/python3.12/site-packages/airflow/example_dags/example_display_name.py
[2024-06-22T11:06:20.455+0000] {processor.py:830} INFO - Processing file /home/airflow/.local/lib/python3.12/site-packages/airflow/example_dags/example_display_name.py for tasks to queue
[2024-06-22T11:06:20.463+0000] {logging_mixin.py:188} INFO - [2024-06-22T11:06:20.462+0000] {dagbag.py:540} INFO - Filling up the DagBag from /home/airflow/.local/lib/python3.12/site-packages/airflow/example_dags/example_display_name.py
[2024-06-22T11:06:20.491+0000] {processor.py:840} INFO - DAG(s) 'example_display_name' retrieved from /home/airflow/.local/lib/python3.12/site-packages/airflow/example_dags/example_display_name.py
[2024-06-22T11:06:20.536+0000] {logging_mixin.py:188} INFO - [2024-06-22T11:06:20.536+0000] {dag.py:3096} INFO - Sync 1 DAGs
[2024-06-22T11:06:20.570+0000] {logging_mixin.py:188} INFO - [2024-06-22T11:06:20.569+0000] {dag.py:3954} INFO - Setting next_dagrun for example_display_name to None, run_after=None
[2024-06-22T11:06:20.619+0000] {processor.py:183} INFO - Processing /home/airflow/.local/lib/python3.12/site-packages/airflow/example_dags/example_display_name.py took 0.193 seconds
[2024-06-22T11:06:51.508+0000] {processor.py:161} INFO - Started process (PID=237) to work on /home/airflow/.local/lib/python3.12/site-packages/airflow/example_dags/example_display_name.py
[2024-06-22T11:06:51.512+0000] {processor.py:830} INFO - Processing file /home/airflow/.local/lib/python3.12/site-packages/airflow/example_dags/example_display_name.py for tasks to queue
[2024-06-22T11:06:51.521+0000] {logging_mixin.py:188} INFO - [2024-06-22T11:06:51.519+0000] {dagbag.py:540} INFO - Filling up the DagBag from /home/airflow/.local/lib/python3.12/site-packages/airflow/example_dags/example_display_name.py
[2024-06-22T11:06:51.550+0000] {processor.py:840} INFO - DAG(s) 'example_display_name' retrieved from /home/airflow/.local/lib/python3.12/site-packages/airflow/example_dags/example_display_name.py
[2024-06-22T11:06:51.590+0000] {logging_mixin.py:188} INFO - [2024-06-22T11:06:51.590+0000] {dag.py:3096} INFO - Sync 1 DAGs
[2024-06-22T11:06:51.622+0000] {logging_mixin.py:188} INFO - [2024-06-22T11:06:51.622+0000] {dag.py:3954} INFO - Setting next_dagrun for example_display_name to None, run_after=None
[2024-06-22T11:06:51.669+0000] {processor.py:183} INFO - Processing /home/airflow/.local/lib/python3.12/site-packages/airflow/example_dags/example_display_name.py took 0.182 seconds
[2024-06-22T11:07:22.484+0000] {processor.py:161} INFO - Started process (PID=296) to work on /home/airflow/.local/lib/python3.12/site-packages/airflow/example_dags/example_display_name.py
[2024-06-22T11:07:22.486+0000] {processor.py:830} INFO - Processing file /home/airflow/.local/lib/python3.12/site-packages/airflow/example_dags/example_display_name.py for tasks to queue
[2024-06-22T11:07:22.490+0000] {logging_mixin.py:188} INFO - [2024-06-22T11:07:22.490+0000] {dagbag.py:540} INFO - Filling up the DagBag from /home/airflow/.local/lib/python3.12/site-packages/airflow/example_dags/example_display_name.py
[2024-06-22T11:07:22.501+0000] {processor.py:840} INFO - DAG(s) 'example_display_name' retrieved from /home/airflow/.local/lib/python3.12/site-packages/airflow/example_dags/example_display_name.py
[2024-06-22T11:07:22.558+0000] {logging_mixin.py:188} INFO - [2024-06-22T11:07:22.558+0000] {dag.py:3096} INFO - Sync 1 DAGs
[2024-06-22T11:07:22.591+0000] {logging_mixin.py:188} INFO - [2024-06-22T11:07:22.591+0000] {dag.py:3954} INFO - Setting next_dagrun for example_display_name to None, run_after=None
[2024-06-22T11:07:22.636+0000] {processor.py:183} INFO - Processing /home/airflow/.local/lib/python3.12/site-packages/airflow/example_dags/example_display_name.py took 0.164 seconds
[2024-06-22T11:07:53.510+0000] {processor.py:161} INFO - Started process (PID=354) to work on /home/airflow/.local/lib/python3.12/site-packages/airflow/example_dags/example_display_name.py
[2024-06-22T11:07:53.516+0000] {processor.py:830} INFO - Processing file /home/airflow/.local/lib/python3.12/site-packages/airflow/example_dags/example_display_name.py for tasks to queue
[2024-06-22T11:07:53.542+0000] {logging_mixin.py:188} INFO - [2024-06-22T11:07:53.539+0000] {dagbag.py:540} INFO - Filling up the DagBag from /home/airflow/.local/lib/python3.12/site-packages/airflow/example_dags/example_display_name.py
[2024-06-22T11:07:53.621+0000] {processor.py:840} INFO - DAG(s) 'example_display_name' retrieved from /home/airflow/.local/lib/python3.12/site-packages/airflow/example_dags/example_display_name.py
[2024-06-22T11:07:53.732+0000] {logging_mixin.py:188} INFO - [2024-06-22T11:07:53.731+0000] {dag.py:3096} INFO - Sync 1 DAGs
[2024-06-22T11:07:53.801+0000] {logging_mixin.py:188} INFO - [2024-06-22T11:07:53.801+0000] {dag.py:3954} INFO - Setting next_dagrun for example_display_name to None, run_after=None
[2024-06-22T11:07:53.907+0000] {processor.py:183} INFO - Processing /home/airflow/.local/lib/python3.12/site-packages/airflow/example_dags/example_display_name.py took 0.438 seconds
[2024-06-22T11:08:24.062+0000] {processor.py:161} INFO - Started process (PID=413) to work on /home/airflow/.local/lib/python3.12/site-packages/airflow/example_dags/example_display_name.py
[2024-06-22T11:08:24.064+0000] {processor.py:830} INFO - Processing file /home/airflow/.local/lib/python3.12/site-packages/airflow/example_dags/example_display_name.py for tasks to queue
[2024-06-22T11:08:24.074+0000] {logging_mixin.py:188} INFO - [2024-06-22T11:08:24.074+0000] {dagbag.py:540} INFO - Filling up the DagBag from /home/airflow/.local/lib/python3.12/site-packages/airflow/example_dags/example_display_name.py
[2024-06-22T11:08:24.085+0000] {processor.py:840} INFO - DAG(s) 'example_display_name' retrieved from /home/airflow/.local/lib/python3.12/site-packages/airflow/example_dags/example_display_name.py
[2024-06-22T11:08:24.123+0000] {logging_mixin.py:188} INFO - [2024-06-22T11:08:24.121+0000] {dag.py:3096} INFO - Sync 1 DAGs
[2024-06-22T11:08:24.147+0000] {logging_mixin.py:188} INFO - [2024-06-22T11:08:24.147+0000] {dag.py:3954} INFO - Setting next_dagrun for example_display_name to None, run_after=None
[2024-06-22T11:08:24.211+0000] {processor.py:183} INFO - Processing /home/airflow/.local/lib/python3.12/site-packages/airflow/example_dags/example_display_name.py took 0.173 seconds
[2024-06-22T11:08:54.599+0000] {processor.py:161} INFO - Started process (PID=470) to work on /home/airflow/.local/lib/python3.12/site-packages/airflow/example_dags/example_display_name.py
[2024-06-22T11:08:54.609+0000] {processor.py:830} INFO - Processing file /home/airflow/.local/lib/python3.12/site-packages/airflow/example_dags/example_display_name.py for tasks to queue
[2024-06-22T11:08:54.615+0000] {logging_mixin.py:188} INFO - [2024-06-22T11:08:54.615+0000] {dagbag.py:540} INFO - Filling up the DagBag from /home/airflow/.local/lib/python3.12/site-packages/airflow/example_dags/example_display_name.py
[2024-06-22T11:08:54.629+0000] {processor.py:840} INFO - DAG(s) 'example_display_name' retrieved from /home/airflow/.local/lib/python3.12/site-packages/airflow/example_dags/example_display_name.py
[2024-06-22T11:08:54.693+0000] {logging_mixin.py:188} INFO - [2024-06-22T11:08:54.692+0000] {dag.py:3096} INFO - Sync 1 DAGs
[2024-06-22T11:08:54.749+0000] {logging_mixin.py:188} INFO - [2024-06-22T11:08:54.747+0000] {dag.py:3954} INFO - Setting next_dagrun for example_display_name to None, run_after=None
[2024-06-22T11:08:54.810+0000] {processor.py:183} INFO - Processing /home/airflow/.local/lib/python3.12/site-packages/airflow/example_dags/example_display_name.py took 0.221 seconds
[2024-06-22T11:09:25.066+0000] {processor.py:161} INFO - Started process (PID=528) to work on /home/airflow/.local/lib/python3.12/site-packages/airflow/example_dags/example_display_name.py
[2024-06-22T11:09:25.069+0000] {processor.py:830} INFO - Processing file /home/airflow/.local/lib/python3.12/site-packages/airflow/example_dags/example_display_name.py for tasks to queue
[2024-06-22T11:09:25.077+0000] {logging_mixin.py:188} INFO - [2024-06-22T11:09:25.076+0000] {dagbag.py:540} INFO - Filling up the DagBag from /home/airflow/.local/lib/python3.12/site-packages/airflow/example_dags/example_display_name.py
[2024-06-22T11:09:25.104+0000] {processor.py:840} INFO - DAG(s) 'example_display_name' retrieved from /home/airflow/.local/lib/python3.12/site-packages/airflow/example_dags/example_display_name.py
[2024-06-22T11:09:25.157+0000] {logging_mixin.py:188} INFO - [2024-06-22T11:09:25.157+0000] {dag.py:3096} INFO - Sync 1 DAGs
[2024-06-22T11:09:25.191+0000] {logging_mixin.py:188} INFO - [2024-06-22T11:09:25.191+0000] {dag.py:3954} INFO - Setting next_dagrun for example_display_name to None, run_after=None
[2024-06-22T11:09:25.279+0000] {processor.py:183} INFO - Processing /home/airflow/.local/lib/python3.12/site-packages/airflow/example_dags/example_display_name.py took 0.228 seconds
[2024-06-22T11:09:55.767+0000] {processor.py:161} INFO - Started process (PID=589) to work on /home/airflow/.local/lib/python3.12/site-packages/airflow/example_dags/example_display_name.py
[2024-06-22T11:09:55.770+0000] {processor.py:830} INFO - Processing file /home/airflow/.local/lib/python3.12/site-packages/airflow/example_dags/example_display_name.py for tasks to queue
[2024-06-22T11:09:55.773+0000] {logging_mixin.py:188} INFO - [2024-06-22T11:09:55.773+0000] {dagbag.py:540} INFO - Filling up the DagBag from /home/airflow/.local/lib/python3.12/site-packages/airflow/example_dags/example_display_name.py
[2024-06-22T11:09:55.785+0000] {processor.py:840} INFO - DAG(s) 'example_display_name' retrieved from /home/airflow/.local/lib/python3.12/site-packages/airflow/example_dags/example_display_name.py
[2024-06-22T11:09:55.826+0000] {logging_mixin.py:188} INFO - [2024-06-22T11:09:55.823+0000] {dag.py:3096} INFO - Sync 1 DAGs
[2024-06-22T11:09:55.862+0000] {logging_mixin.py:188} INFO - [2024-06-22T11:09:55.861+0000] {dag.py:3954} INFO - Setting next_dagrun for example_display_name to None, run_after=None
[2024-06-22T11:09:55.905+0000] {processor.py:183} INFO - Processing /home/airflow/.local/lib/python3.12/site-packages/airflow/example_dags/example_display_name.py took 0.160 seconds
[2024-06-22T11:10:26.237+0000] {processor.py:161} INFO - Started process (PID=648) to work on /home/airflow/.local/lib/python3.12/site-packages/airflow/example_dags/example_display_name.py
[2024-06-22T11:10:26.240+0000] {processor.py:830} INFO - Processing file /home/airflow/.local/lib/python3.12/site-packages/airflow/example_dags/example_display_name.py for tasks to queue
[2024-06-22T11:10:26.252+0000] {logging_mixin.py:188} INFO - [2024-06-22T11:10:26.250+0000] {dagbag.py:540} INFO - Filling up the DagBag from /home/airflow/.local/lib/python3.12/site-packages/airflow/example_dags/example_display_name.py
[2024-06-22T11:10:26.277+0000] {processor.py:840} INFO - DAG(s) 'example_display_name' retrieved from /home/airflow/.local/lib/python3.12/site-packages/airflow/example_dags/example_display_name.py
[2024-06-22T11:10:26.341+0000] {logging_mixin.py:188} INFO - [2024-06-22T11:10:26.341+0000] {dag.py:3096} INFO - Sync 1 DAGs
[2024-06-22T11:10:26.413+0000] {logging_mixin.py:188} INFO - [2024-06-22T11:10:26.413+0000] {dag.py:3954} INFO - Setting next_dagrun for example_display_name to None, run_after=None
[2024-06-22T11:10:26.453+0000] {processor.py:183} INFO - Processing /home/airflow/.local/lib/python3.12/site-packages/airflow/example_dags/example_display_name.py took 0.234 seconds
[2024-06-22T11:11:05.816+0000] {processor.py:161} INFO - Started process (PID=706) to work on /home/airflow/.local/lib/python3.12/site-packages/airflow/example_dags/example_display_name.py
[2024-06-22T11:11:05.828+0000] {processor.py:830} INFO - Processing file /home/airflow/.local/lib/python3.12/site-packages/airflow/example_dags/example_display_name.py for tasks to queue
[2024-06-22T11:11:05.855+0000] {logging_mixin.py:188} INFO - [2024-06-22T11:11:05.854+0000] {dagbag.py:540} INFO - Filling up the DagBag from /home/airflow/.local/lib/python3.12/site-packages/airflow/example_dags/example_display_name.py
[2024-06-22T11:11:05.930+0000] {processor.py:840} INFO - DAG(s) 'example_display_name' retrieved from /home/airflow/.local/lib/python3.12/site-packages/airflow/example_dags/example_display_name.py
[2024-06-22T11:11:06.293+0000] {logging_mixin.py:188} INFO - [2024-06-22T11:11:06.292+0000] {dag.py:3096} INFO - Sync 1 DAGs
[2024-06-22T11:11:06.578+0000] {logging_mixin.py:188} INFO - [2024-06-22T11:11:06.577+0000] {dag.py:3954} INFO - Setting next_dagrun for example_display_name to None, run_after=None
[2024-06-22T11:11:06.894+0000] {processor.py:183} INFO - Processing /home/airflow/.local/lib/python3.12/site-packages/airflow/example_dags/example_display_name.py took 1.183 seconds
[2024-06-22T11:11:37.531+0000] {processor.py:161} INFO - Started process (PID=764) to work on /home/airflow/.local/lib/python3.12/site-packages/airflow/example_dags/example_display_name.py
[2024-06-22T11:11:37.547+0000] {processor.py:830} INFO - Processing file /home/airflow/.local/lib/python3.12/site-packages/airflow/example_dags/example_display_name.py for tasks to queue
[2024-06-22T11:11:37.562+0000] {logging_mixin.py:188} INFO - [2024-06-22T11:11:37.560+0000] {dagbag.py:540} INFO - Filling up the DagBag from /home/airflow/.local/lib/python3.12/site-packages/airflow/example_dags/example_display_name.py
[2024-06-22T11:11:37.595+0000] {processor.py:840} INFO - DAG(s) 'example_display_name' retrieved from /home/airflow/.local/lib/python3.12/site-packages/airflow/example_dags/example_display_name.py
[2024-06-22T11:11:38.070+0000] {logging_mixin.py:188} INFO - [2024-06-22T11:11:38.070+0000] {dag.py:3096} INFO - Sync 1 DAGs
[2024-06-22T11:11:38.209+0000] {logging_mixin.py:188} INFO - [2024-06-22T11:11:38.209+0000] {dag.py:3954} INFO - Setting next_dagrun for example_display_name to None, run_after=None
[2024-06-22T11:11:38.454+0000] {processor.py:183} INFO - Processing /home/airflow/.local/lib/python3.12/site-packages/airflow/example_dags/example_display_name.py took 0.958 seconds
[2024-06-22T11:12:16.605+0000] {processor.py:161} INFO - Started process (PID=826) to work on /home/airflow/.local/lib/python3.12/site-packages/airflow/example_dags/example_display_name.py
[2024-06-22T11:12:16.622+0000] {processor.py:830} INFO - Processing file /home/airflow/.local/lib/python3.12/site-packages/airflow/example_dags/example_display_name.py for tasks to queue
[2024-06-22T11:12:16.644+0000] {logging_mixin.py:188} INFO - [2024-06-22T11:12:16.643+0000] {dagbag.py:540} INFO - Filling up the DagBag from /home/airflow/.local/lib/python3.12/site-packages/airflow/example_dags/example_display_name.py
[2024-06-22T11:12:16.727+0000] {processor.py:840} INFO - DAG(s) 'example_display_name' retrieved from /home/airflow/.local/lib/python3.12/site-packages/airflow/example_dags/example_display_name.py
[2024-06-22T11:12:16.930+0000] {logging_mixin.py:188} INFO - [2024-06-22T11:12:16.929+0000] {dag.py:3096} INFO - Sync 1 DAGs
[2024-06-22T11:12:17.131+0000] {logging_mixin.py:188} INFO - [2024-06-22T11:12:17.130+0000] {dag.py:3954} INFO - Setting next_dagrun for example_display_name to None, run_after=None
[2024-06-22T11:12:17.401+0000] {processor.py:183} INFO - Processing /home/airflow/.local/lib/python3.12/site-packages/airflow/example_dags/example_display_name.py took 0.840 seconds
[2024-06-22T11:12:51.171+0000] {processor.py:161} INFO - Started process (PID=881) to work on /home/airflow/.local/lib/python3.12/site-packages/airflow/example_dags/example_display_name.py
[2024-06-22T11:12:51.174+0000] {processor.py:830} INFO - Processing file /home/airflow/.local/lib/python3.12/site-packages/airflow/example_dags/example_display_name.py for tasks to queue
[2024-06-22T11:12:51.181+0000] {logging_mixin.py:188} INFO - [2024-06-22T11:12:51.180+0000] {dagbag.py:540} INFO - Filling up the DagBag from /home/airflow/.local/lib/python3.12/site-packages/airflow/example_dags/example_display_name.py
[2024-06-22T11:12:51.213+0000] {processor.py:840} INFO - DAG(s) 'example_display_name' retrieved from /home/airflow/.local/lib/python3.12/site-packages/airflow/example_dags/example_display_name.py
[2024-06-22T11:12:51.293+0000] {logging_mixin.py:188} INFO - [2024-06-22T11:12:51.293+0000] {dag.py:3096} INFO - Sync 1 DAGs
[2024-06-22T11:12:51.814+0000] {logging_mixin.py:188} INFO - [2024-06-22T11:12:51.813+0000] {dag.py:3954} INFO - Setting next_dagrun for example_display_name to None, run_after=None
[2024-06-22T11:12:51.866+0000] {processor.py:183} INFO - Processing /home/airflow/.local/lib/python3.12/site-packages/airflow/example_dags/example_display_name.py took 0.738 seconds
[2024-06-22T11:13:22.365+0000] {processor.py:161} INFO - Started process (PID=941) to work on /home/airflow/.local/lib/python3.12/site-packages/airflow/example_dags/example_display_name.py
[2024-06-22T11:13:22.377+0000] {processor.py:830} INFO - Processing file /home/airflow/.local/lib/python3.12/site-packages/airflow/example_dags/example_display_name.py for tasks to queue
[2024-06-22T11:13:22.398+0000] {logging_mixin.py:188} INFO - [2024-06-22T11:13:22.394+0000] {dagbag.py:540} INFO - Filling up the DagBag from /home/airflow/.local/lib/python3.12/site-packages/airflow/example_dags/example_display_name.py
[2024-06-22T11:13:22.426+0000] {processor.py:840} INFO - DAG(s) 'example_display_name' retrieved from /home/airflow/.local/lib/python3.12/site-packages/airflow/example_dags/example_display_name.py
[2024-06-22T11:13:22.521+0000] {logging_mixin.py:188} INFO - [2024-06-22T11:13:22.521+0000] {dag.py:3096} INFO - Sync 1 DAGs
[2024-06-22T11:13:22.570+0000] {logging_mixin.py:188} INFO - [2024-06-22T11:13:22.569+0000] {dag.py:3954} INFO - Setting next_dagrun for example_display_name to None, run_after=None
[2024-06-22T11:13:23.170+0000] {processor.py:183} INFO - Processing /home/airflow/.local/lib/python3.12/site-packages/airflow/example_dags/example_display_name.py took 0.831 seconds
[2024-06-22T11:14:00.248+0000] {processor.py:161} INFO - Started process (PID=991) to work on /home/airflow/.local/lib/python3.12/site-packages/airflow/example_dags/example_display_name.py
[2024-06-22T11:14:00.254+0000] {processor.py:830} INFO - Processing file /home/airflow/.local/lib/python3.12/site-packages/airflow/example_dags/example_display_name.py for tasks to queue
[2024-06-22T11:14:00.274+0000] {logging_mixin.py:188} INFO - [2024-06-22T11:14:00.274+0000] {dagbag.py:540} INFO - Filling up the DagBag from /home/airflow/.local/lib/python3.12/site-packages/airflow/example_dags/example_display_name.py
[2024-06-22T11:14:00.285+0000] {processor.py:840} INFO - DAG(s) 'example_display_name' retrieved from /home/airflow/.local/lib/python3.12/site-packages/airflow/example_dags/example_display_name.py
[2024-06-22T11:14:00.322+0000] {logging_mixin.py:188} INFO - [2024-06-22T11:14:00.322+0000] {dag.py:3096} INFO - Sync 1 DAGs
[2024-06-22T11:14:00.351+0000] {logging_mixin.py:188} INFO - [2024-06-22T11:14:00.351+0000] {dag.py:3954} INFO - Setting next_dagrun for example_display_name to None, run_after=None
[2024-06-22T11:14:00.387+0000] {processor.py:183} INFO - Processing /home/airflow/.local/lib/python3.12/site-packages/airflow/example_dags/example_display_name.py took 0.155 seconds
[2024-06-22T11:14:39.102+0000] {processor.py:161} INFO - Started process (PID=1046) to work on /home/airflow/.local/lib/python3.12/site-packages/airflow/example_dags/example_display_name.py
[2024-06-22T11:14:39.112+0000] {processor.py:830} INFO - Processing file /home/airflow/.local/lib/python3.12/site-packages/airflow/example_dags/example_display_name.py for tasks to queue
[2024-06-22T11:14:39.150+0000] {logging_mixin.py:188} INFO - [2024-06-22T11:14:39.145+0000] {dagbag.py:540} INFO - Filling up the DagBag from /home/airflow/.local/lib/python3.12/site-packages/airflow/example_dags/example_display_name.py
[2024-06-22T11:14:39.245+0000] {processor.py:840} INFO - DAG(s) 'example_display_name' retrieved from /home/airflow/.local/lib/python3.12/site-packages/airflow/example_dags/example_display_name.py
[2024-06-22T11:14:39.619+0000] {logging_mixin.py:188} INFO - [2024-06-22T11:14:39.619+0000] {dag.py:3096} INFO - Sync 1 DAGs
[2024-06-22T11:14:39.829+0000] {logging_mixin.py:188} INFO - [2024-06-22T11:14:39.829+0000] {dag.py:3954} INFO - Setting next_dagrun for example_display_name to None, run_after=None
[2024-06-22T11:14:40.795+0000] {processor.py:183} INFO - Processing /home/airflow/.local/lib/python3.12/site-packages/airflow/example_dags/example_display_name.py took 1.774 seconds
[2024-06-22T11:15:12.965+0000] {processor.py:161} INFO - Started process (PID=1105) to work on /home/airflow/.local/lib/python3.12/site-packages/airflow/example_dags/example_display_name.py
[2024-06-22T11:15:12.969+0000] {processor.py:830} INFO - Processing file /home/airflow/.local/lib/python3.12/site-packages/airflow/example_dags/example_display_name.py for tasks to queue
[2024-06-22T11:15:13.001+0000] {logging_mixin.py:188} INFO - [2024-06-22T11:15:12.993+0000] {dagbag.py:540} INFO - Filling up the DagBag from /home/airflow/.local/lib/python3.12/site-packages/airflow/example_dags/example_display_name.py
[2024-06-22T11:15:13.049+0000] {processor.py:840} INFO - DAG(s) 'example_display_name' retrieved from /home/airflow/.local/lib/python3.12/site-packages/airflow/example_dags/example_display_name.py
[2024-06-22T11:15:13.225+0000] {logging_mixin.py:188} INFO - [2024-06-22T11:15:13.224+0000] {dag.py:3096} INFO - Sync 1 DAGs
[2024-06-22T11:15:13.343+0000] {logging_mixin.py:188} INFO - [2024-06-22T11:15:13.342+0000] {dag.py:3954} INFO - Setting next_dagrun for example_display_name to None, run_after=None
[2024-06-22T11:15:13.460+0000] {processor.py:183} INFO - Processing /home/airflow/.local/lib/python3.12/site-packages/airflow/example_dags/example_display_name.py took 0.540 seconds
[2024-06-22T11:15:44.632+0000] {processor.py:161} INFO - Started process (PID=1163) to work on /home/airflow/.local/lib/python3.12/site-packages/airflow/example_dags/example_display_name.py
[2024-06-22T11:15:44.636+0000] {processor.py:830} INFO - Processing file /home/airflow/.local/lib/python3.12/site-packages/airflow/example_dags/example_display_name.py for tasks to queue
[2024-06-22T11:15:44.645+0000] {logging_mixin.py:188} INFO - [2024-06-22T11:15:44.645+0000] {dagbag.py:540} INFO - Filling up the DagBag from /home/airflow/.local/lib/python3.12/site-packages/airflow/example_dags/example_display_name.py
[2024-06-22T11:15:44.680+0000] {processor.py:840} INFO - DAG(s) 'example_display_name' retrieved from /home/airflow/.local/lib/python3.12/site-packages/airflow/example_dags/example_display_name.py
[2024-06-22T11:15:44.815+0000] {logging_mixin.py:188} INFO - [2024-06-22T11:15:44.814+0000] {dag.py:3096} INFO - Sync 1 DAGs
[2024-06-22T11:15:44.906+0000] {logging_mixin.py:188} INFO - [2024-06-22T11:15:44.903+0000] {dag.py:3954} INFO - Setting next_dagrun for example_display_name to None, run_after=None
[2024-06-22T11:15:45.019+0000] {processor.py:183} INFO - Processing /home/airflow/.local/lib/python3.12/site-packages/airflow/example_dags/example_display_name.py took 0.440 seconds
[2024-06-22T11:16:17.423+0000] {processor.py:161} INFO - Started process (PID=1222) to work on /home/airflow/.local/lib/python3.12/site-packages/airflow/example_dags/example_display_name.py
[2024-06-22T11:16:17.479+0000] {processor.py:830} INFO - Processing file /home/airflow/.local/lib/python3.12/site-packages/airflow/example_dags/example_display_name.py for tasks to queue
[2024-06-22T11:16:17.525+0000] {logging_mixin.py:188} INFO - [2024-06-22T11:16:17.525+0000] {dagbag.py:540} INFO - Filling up the DagBag from /home/airflow/.local/lib/python3.12/site-packages/airflow/example_dags/example_display_name.py
[2024-06-22T11:16:17.585+0000] {processor.py:840} INFO - DAG(s) 'example_display_name' retrieved from /home/airflow/.local/lib/python3.12/site-packages/airflow/example_dags/example_display_name.py
[2024-06-22T11:16:17.789+0000] {logging_mixin.py:188} INFO - [2024-06-22T11:16:17.788+0000] {dag.py:3096} INFO - Sync 1 DAGs
[2024-06-22T11:16:17.890+0000] {logging_mixin.py:188} INFO - [2024-06-22T11:16:17.889+0000] {dag.py:3954} INFO - Setting next_dagrun for example_display_name to None, run_after=None
[2024-06-22T11:16:18.045+0000] {processor.py:183} INFO - Processing /home/airflow/.local/lib/python3.12/site-packages/airflow/example_dags/example_display_name.py took 0.690 seconds
[2024-06-22T11:16:49.896+0000] {processor.py:161} INFO - Started process (PID=1280) to work on /home/airflow/.local/lib/python3.12/site-packages/airflow/example_dags/example_display_name.py
[2024-06-22T11:16:49.904+0000] {processor.py:830} INFO - Processing file /home/airflow/.local/lib/python3.12/site-packages/airflow/example_dags/example_display_name.py for tasks to queue
[2024-06-22T11:16:49.922+0000] {logging_mixin.py:188} INFO - [2024-06-22T11:16:49.920+0000] {dagbag.py:540} INFO - Filling up the DagBag from /home/airflow/.local/lib/python3.12/site-packages/airflow/example_dags/example_display_name.py
[2024-06-22T11:16:49.957+0000] {processor.py:840} INFO - DAG(s) 'example_display_name' retrieved from /home/airflow/.local/lib/python3.12/site-packages/airflow/example_dags/example_display_name.py
[2024-06-22T11:16:50.065+0000] {logging_mixin.py:188} INFO - [2024-06-22T11:16:50.056+0000] {dag.py:3096} INFO - Sync 1 DAGs
[2024-06-22T11:16:50.148+0000] {logging_mixin.py:188} INFO - [2024-06-22T11:16:50.147+0000] {dag.py:3954} INFO - Setting next_dagrun for example_display_name to None, run_after=None
[2024-06-22T11:16:50.263+0000] {processor.py:183} INFO - Processing /home/airflow/.local/lib/python3.12/site-packages/airflow/example_dags/example_display_name.py took 0.421 seconds
[2024-06-22T11:17:22.157+0000] {processor.py:161} INFO - Started process (PID=1348) to work on /home/airflow/.local/lib/python3.12/site-packages/airflow/example_dags/example_display_name.py
[2024-06-22T11:17:22.160+0000] {processor.py:830} INFO - Processing file /home/airflow/.local/lib/python3.12/site-packages/airflow/example_dags/example_display_name.py for tasks to queue
[2024-06-22T11:17:22.184+0000] {logging_mixin.py:188} INFO - [2024-06-22T11:17:22.167+0000] {dagbag.py:540} INFO - Filling up the DagBag from /home/airflow/.local/lib/python3.12/site-packages/airflow/example_dags/example_display_name.py
[2024-06-22T11:17:22.217+0000] {processor.py:840} INFO - DAG(s) 'example_display_name' retrieved from /home/airflow/.local/lib/python3.12/site-packages/airflow/example_dags/example_display_name.py
[2024-06-22T11:17:22.285+0000] {logging_mixin.py:188} INFO - [2024-06-22T11:17:22.285+0000] {dag.py:3096} INFO - Sync 1 DAGs
[2024-06-22T11:17:22.348+0000] {logging_mixin.py:188} INFO - [2024-06-22T11:17:22.348+0000] {dag.py:3954} INFO - Setting next_dagrun for example_display_name to None, run_after=None
[2024-06-22T11:17:22.455+0000] {processor.py:183} INFO - Processing /home/airflow/.local/lib/python3.12/site-packages/airflow/example_dags/example_display_name.py took 0.315 seconds
[2024-06-22T11:18:02.913+0000] {processor.py:161} INFO - Started process (PID=1408) to work on /home/airflow/.local/lib/python3.12/site-packages/airflow/example_dags/example_display_name.py
[2024-06-22T11:18:02.926+0000] {processor.py:830} INFO - Processing file /home/airflow/.local/lib/python3.12/site-packages/airflow/example_dags/example_display_name.py for tasks to queue
[2024-06-22T11:18:02.947+0000] {logging_mixin.py:188} INFO - [2024-06-22T11:18:02.945+0000] {dagbag.py:540} INFO - Filling up the DagBag from /home/airflow/.local/lib/python3.12/site-packages/airflow/example_dags/example_display_name.py
[2024-06-22T11:18:03.007+0000] {processor.py:840} INFO - DAG(s) 'example_display_name' retrieved from /home/airflow/.local/lib/python3.12/site-packages/airflow/example_dags/example_display_name.py
[2024-06-22T11:18:03.192+0000] {logging_mixin.py:188} INFO - [2024-06-22T11:18:03.191+0000] {dag.py:3096} INFO - Sync 1 DAGs
[2024-06-22T11:18:03.234+0000] {logging_mixin.py:188} INFO - [2024-06-22T11:18:03.234+0000] {dag.py:3954} INFO - Setting next_dagrun for example_display_name to None, run_after=None
[2024-06-22T11:18:03.403+0000] {processor.py:183} INFO - Processing /home/airflow/.local/lib/python3.12/site-packages/airflow/example_dags/example_display_name.py took 0.706 seconds
[2024-06-22T11:18:33.636+0000] {processor.py:161} INFO - Started process (PID=1465) to work on /home/airflow/.local/lib/python3.12/site-packages/airflow/example_dags/example_display_name.py
[2024-06-22T11:18:33.655+0000] {processor.py:830} INFO - Processing file /home/airflow/.local/lib/python3.12/site-packages/airflow/example_dags/example_display_name.py for tasks to queue
[2024-06-22T11:18:33.670+0000] {logging_mixin.py:188} INFO - [2024-06-22T11:18:33.670+0000] {dagbag.py:540} INFO - Filling up the DagBag from /home/airflow/.local/lib/python3.12/site-packages/airflow/example_dags/example_display_name.py
[2024-06-22T11:18:33.718+0000] {processor.py:840} INFO - DAG(s) 'example_display_name' retrieved from /home/airflow/.local/lib/python3.12/site-packages/airflow/example_dags/example_display_name.py
[2024-06-22T11:18:33.876+0000] {logging_mixin.py:188} INFO - [2024-06-22T11:18:33.875+0000] {dag.py:3096} INFO - Sync 1 DAGs
[2024-06-22T11:18:33.947+0000] {logging_mixin.py:188} INFO - [2024-06-22T11:18:33.947+0000] {dag.py:3954} INFO - Setting next_dagrun for example_display_name to None, run_after=None
[2024-06-22T11:18:34.074+0000] {processor.py:183} INFO - Processing /home/airflow/.local/lib/python3.12/site-packages/airflow/example_dags/example_display_name.py took 0.474 seconds
[2024-06-22T11:19:05.965+0000] {processor.py:161} INFO - Started process (PID=1522) to work on /home/airflow/.local/lib/python3.12/site-packages/airflow/example_dags/example_display_name.py
[2024-06-22T11:19:05.973+0000] {processor.py:830} INFO - Processing file /home/airflow/.local/lib/python3.12/site-packages/airflow/example_dags/example_display_name.py for tasks to queue
[2024-06-22T11:19:05.977+0000] {logging_mixin.py:188} INFO - [2024-06-22T11:19:05.976+0000] {dagbag.py:540} INFO - Filling up the DagBag from /home/airflow/.local/lib/python3.12/site-packages/airflow/example_dags/example_display_name.py
[2024-06-22T11:19:06.046+0000] {processor.py:840} INFO - DAG(s) 'example_display_name' retrieved from /home/airflow/.local/lib/python3.12/site-packages/airflow/example_dags/example_display_name.py
[2024-06-22T11:19:06.320+0000] {logging_mixin.py:188} INFO - [2024-06-22T11:19:06.320+0000] {dag.py:3096} INFO - Sync 1 DAGs
[2024-06-22T11:19:06.504+0000] {logging_mixin.py:188} INFO - [2024-06-22T11:19:06.498+0000] {dag.py:3954} INFO - Setting next_dagrun for example_display_name to None, run_after=None
[2024-06-22T11:19:06.687+0000] {processor.py:183} INFO - Processing /home/airflow/.local/lib/python3.12/site-packages/airflow/example_dags/example_display_name.py took 0.820 seconds
[2024-06-22T11:19:42.709+0000] {processor.py:161} INFO - Started process (PID=1580) to work on /home/airflow/.local/lib/python3.12/site-packages/airflow/example_dags/example_display_name.py
[2024-06-22T11:19:42.723+0000] {processor.py:830} INFO - Processing file /home/airflow/.local/lib/python3.12/site-packages/airflow/example_dags/example_display_name.py for tasks to queue
[2024-06-22T11:19:42.795+0000] {logging_mixin.py:188} INFO - [2024-06-22T11:19:42.761+0000] {dagbag.py:540} INFO - Filling up the DagBag from /home/airflow/.local/lib/python3.12/site-packages/airflow/example_dags/example_display_name.py
[2024-06-22T11:19:42.922+0000] {processor.py:840} INFO - DAG(s) 'example_display_name' retrieved from /home/airflow/.local/lib/python3.12/site-packages/airflow/example_dags/example_display_name.py
[2024-06-22T11:19:43.329+0000] {logging_mixin.py:188} INFO - [2024-06-22T11:19:43.329+0000] {dag.py:3096} INFO - Sync 1 DAGs
[2024-06-22T11:19:43.484+0000] {logging_mixin.py:188} INFO - [2024-06-22T11:19:43.461+0000] {dag.py:3954} INFO - Setting next_dagrun for example_display_name to None, run_after=None
[2024-06-22T11:19:43.702+0000] {processor.py:183} INFO - Processing /home/airflow/.local/lib/python3.12/site-packages/airflow/example_dags/example_display_name.py took 1.086 seconds
[2024-06-22T11:20:13.849+0000] {processor.py:161} INFO - Started process (PID=1636) to work on /home/airflow/.local/lib/python3.12/site-packages/airflow/example_dags/example_display_name.py
[2024-06-22T11:20:13.853+0000] {processor.py:830} INFO - Processing file /home/airflow/.local/lib/python3.12/site-packages/airflow/example_dags/example_display_name.py for tasks to queue
[2024-06-22T11:20:13.857+0000] {logging_mixin.py:188} INFO - [2024-06-22T11:20:13.857+0000] {dagbag.py:540} INFO - Filling up the DagBag from /home/airflow/.local/lib/python3.12/site-packages/airflow/example_dags/example_display_name.py
[2024-06-22T11:20:13.868+0000] {processor.py:840} INFO - DAG(s) 'example_display_name' retrieved from /home/airflow/.local/lib/python3.12/site-packages/airflow/example_dags/example_display_name.py
[2024-06-22T11:20:13.952+0000] {logging_mixin.py:188} INFO - [2024-06-22T11:20:13.952+0000] {dag.py:3096} INFO - Sync 1 DAGs
[2024-06-22T11:20:13.990+0000] {logging_mixin.py:188} INFO - [2024-06-22T11:20:13.990+0000] {dag.py:3954} INFO - Setting next_dagrun for example_display_name to None, run_after=None
[2024-06-22T11:20:14.034+0000] {processor.py:183} INFO - Processing /home/airflow/.local/lib/python3.12/site-packages/airflow/example_dags/example_display_name.py took 0.195 seconds
[2024-06-22T11:20:44.978+0000] {processor.py:161} INFO - Started process (PID=1694) to work on /home/airflow/.local/lib/python3.12/site-packages/airflow/example_dags/example_display_name.py
[2024-06-22T11:20:44.982+0000] {processor.py:830} INFO - Processing file /home/airflow/.local/lib/python3.12/site-packages/airflow/example_dags/example_display_name.py for tasks to queue
[2024-06-22T11:20:44.992+0000] {logging_mixin.py:188} INFO - [2024-06-22T11:20:44.990+0000] {dagbag.py:540} INFO - Filling up the DagBag from /home/airflow/.local/lib/python3.12/site-packages/airflow/example_dags/example_display_name.py
[2024-06-22T11:20:45.019+0000] {processor.py:840} INFO - DAG(s) 'example_display_name' retrieved from /home/airflow/.local/lib/python3.12/site-packages/airflow/example_dags/example_display_name.py
[2024-06-22T11:20:45.092+0000] {logging_mixin.py:188} INFO - [2024-06-22T11:20:45.091+0000] {dag.py:3096} INFO - Sync 1 DAGs
[2024-06-22T11:20:45.147+0000] {logging_mixin.py:188} INFO - [2024-06-22T11:20:45.146+0000] {dag.py:3954} INFO - Setting next_dagrun for example_display_name to None, run_after=None
[2024-06-22T11:20:45.212+0000] {processor.py:183} INFO - Processing /home/airflow/.local/lib/python3.12/site-packages/airflow/example_dags/example_display_name.py took 0.258 seconds
[2024-06-22T11:21:57.857+0000] {processor.py:161} INFO - Started process (PID=1751) to work on /home/airflow/.local/lib/python3.12/site-packages/airflow/example_dags/example_display_name.py
[2024-06-22T11:21:57.861+0000] {processor.py:830} INFO - Processing file /home/airflow/.local/lib/python3.12/site-packages/airflow/example_dags/example_display_name.py for tasks to queue
[2024-06-22T11:21:57.869+0000] {logging_mixin.py:188} INFO - [2024-06-22T11:21:57.869+0000] {dagbag.py:540} INFO - Filling up the DagBag from /home/airflow/.local/lib/python3.12/site-packages/airflow/example_dags/example_display_name.py
[2024-06-22T11:21:57.881+0000] {processor.py:840} INFO - DAG(s) 'example_display_name' retrieved from /home/airflow/.local/lib/python3.12/site-packages/airflow/example_dags/example_display_name.py
[2024-06-22T11:21:57.952+0000] {logging_mixin.py:188} INFO - [2024-06-22T11:21:57.952+0000] {dag.py:3096} INFO - Sync 1 DAGs
[2024-06-22T11:21:57.999+0000] {logging_mixin.py:188} INFO - [2024-06-22T11:21:57.999+0000] {dag.py:3954} INFO - Setting next_dagrun for example_display_name to None, run_after=None
[2024-06-22T11:21:58.053+0000] {processor.py:183} INFO - Processing /home/airflow/.local/lib/python3.12/site-packages/airflow/example_dags/example_display_name.py took 0.221 seconds
[2024-06-22T11:22:31.247+0000] {processor.py:161} INFO - Started process (PID=1810) to work on /home/airflow/.local/lib/python3.12/site-packages/airflow/example_dags/example_display_name.py
[2024-06-22T11:22:31.251+0000] {processor.py:830} INFO - Processing file /home/airflow/.local/lib/python3.12/site-packages/airflow/example_dags/example_display_name.py for tasks to queue
[2024-06-22T11:22:31.260+0000] {logging_mixin.py:188} INFO - [2024-06-22T11:22:31.259+0000] {dagbag.py:540} INFO - Filling up the DagBag from /home/airflow/.local/lib/python3.12/site-packages/airflow/example_dags/example_display_name.py
[2024-06-22T11:22:31.287+0000] {processor.py:840} INFO - DAG(s) 'example_display_name' retrieved from /home/airflow/.local/lib/python3.12/site-packages/airflow/example_dags/example_display_name.py
[2024-06-22T11:22:31.342+0000] {logging_mixin.py:188} INFO - [2024-06-22T11:22:31.341+0000] {dag.py:3096} INFO - Sync 1 DAGs
[2024-06-22T11:22:31.387+0000] {logging_mixin.py:188} INFO - [2024-06-22T11:22:31.383+0000] {dag.py:3954} INFO - Setting next_dagrun for example_display_name to None, run_after=None
[2024-06-22T11:22:31.455+0000] {processor.py:183} INFO - Processing /home/airflow/.local/lib/python3.12/site-packages/airflow/example_dags/example_display_name.py took 0.223 seconds
[2024-06-22T11:23:02.493+0000] {processor.py:161} INFO - Started process (PID=1869) to work on /home/airflow/.local/lib/python3.12/site-packages/airflow/example_dags/example_display_name.py
[2024-06-22T11:23:02.501+0000] {processor.py:830} INFO - Processing file /home/airflow/.local/lib/python3.12/site-packages/airflow/example_dags/example_display_name.py for tasks to queue
[2024-06-22T11:23:02.509+0000] {logging_mixin.py:188} INFO - [2024-06-22T11:23:02.508+0000] {dagbag.py:540} INFO - Filling up the DagBag from /home/airflow/.local/lib/python3.12/site-packages/airflow/example_dags/example_display_name.py
[2024-06-22T11:23:02.548+0000] {processor.py:840} INFO - DAG(s) 'example_display_name' retrieved from /home/airflow/.local/lib/python3.12/site-packages/airflow/example_dags/example_display_name.py
[2024-06-22T11:23:02.669+0000] {logging_mixin.py:188} INFO - [2024-06-22T11:23:02.669+0000] {dag.py:3096} INFO - Sync 1 DAGs
[2024-06-22T11:23:02.768+0000] {logging_mixin.py:188} INFO - [2024-06-22T11:23:02.763+0000] {dag.py:3954} INFO - Setting next_dagrun for example_display_name to None, run_after=None
[2024-06-22T11:23:02.888+0000] {processor.py:183} INFO - Processing /home/airflow/.local/lib/python3.12/site-packages/airflow/example_dags/example_display_name.py took 0.421 seconds
[2024-06-22T11:23:33.218+0000] {processor.py:161} INFO - Started process (PID=1927) to work on /home/airflow/.local/lib/python3.12/site-packages/airflow/example_dags/example_display_name.py
[2024-06-22T11:23:33.223+0000] {processor.py:830} INFO - Processing file /home/airflow/.local/lib/python3.12/site-packages/airflow/example_dags/example_display_name.py for tasks to queue
[2024-06-22T11:23:33.232+0000] {logging_mixin.py:188} INFO - [2024-06-22T11:23:33.231+0000] {dagbag.py:540} INFO - Filling up the DagBag from /home/airflow/.local/lib/python3.12/site-packages/airflow/example_dags/example_display_name.py
[2024-06-22T11:23:33.254+0000] {processor.py:840} INFO - DAG(s) 'example_display_name' retrieved from /home/airflow/.local/lib/python3.12/site-packages/airflow/example_dags/example_display_name.py
[2024-06-22T11:23:33.327+0000] {logging_mixin.py:188} INFO - [2024-06-22T11:23:33.326+0000] {dag.py:3096} INFO - Sync 1 DAGs
[2024-06-22T11:23:33.355+0000] {logging_mixin.py:188} INFO - [2024-06-22T11:23:33.355+0000] {dag.py:3954} INFO - Setting next_dagrun for example_display_name to None, run_after=None
[2024-06-22T11:23:33.392+0000] {processor.py:183} INFO - Processing /home/airflow/.local/lib/python3.12/site-packages/airflow/example_dags/example_display_name.py took 0.196 seconds
[2024-06-22T11:24:03.588+0000] {processor.py:161} INFO - Started process (PID=1985) to work on /home/airflow/.local/lib/python3.12/site-packages/airflow/example_dags/example_display_name.py
[2024-06-22T11:24:03.590+0000] {processor.py:830} INFO - Processing file /home/airflow/.local/lib/python3.12/site-packages/airflow/example_dags/example_display_name.py for tasks to queue
[2024-06-22T11:24:03.595+0000] {logging_mixin.py:188} INFO - [2024-06-22T11:24:03.594+0000] {dagbag.py:540} INFO - Filling up the DagBag from /home/airflow/.local/lib/python3.12/site-packages/airflow/example_dags/example_display_name.py
[2024-06-22T11:24:03.607+0000] {processor.py:840} INFO - DAG(s) 'example_display_name' retrieved from /home/airflow/.local/lib/python3.12/site-packages/airflow/example_dags/example_display_name.py
[2024-06-22T11:24:03.648+0000] {logging_mixin.py:188} INFO - [2024-06-22T11:24:03.647+0000] {dag.py:3096} INFO - Sync 1 DAGs
[2024-06-22T11:24:03.673+0000] {logging_mixin.py:188} INFO - [2024-06-22T11:24:03.672+0000] {dag.py:3954} INFO - Setting next_dagrun for example_display_name to None, run_after=None
[2024-06-22T11:24:03.712+0000] {processor.py:183} INFO - Processing /home/airflow/.local/lib/python3.12/site-packages/airflow/example_dags/example_display_name.py took 0.137 seconds
