[2024-06-22T04:11:10.699+0000] {processor.py:161} INFO - Started process (PID=49) to work on /home/airflow/.local/lib/python3.12/site-packages/airflow/example_dags/example_bash_decorator.py
[2024-06-22T04:11:10.706+0000] {processor.py:830} INFO - Processing file /home/airflow/.local/lib/python3.12/site-packages/airflow/example_dags/example_bash_decorator.py for tasks to queue
[2024-06-22T04:11:10.710+0000] {logging_mixin.py:188} INFO - [2024-06-22T04:11:10.710+0000] {dagbag.py:540} INFO - Filling up the DagBag from /home/airflow/.local/lib/python3.12/site-packages/airflow/example_dags/example_bash_decorator.py
[2024-06-22T04:11:10.803+0000] {processor.py:840} INFO - DAG(s) 'example_bash_decorator' retrieved from /home/airflow/.local/lib/python3.12/site-packages/airflow/example_dags/example_bash_decorator.py
[2024-06-22T04:11:10.856+0000] {logging_mixin.py:188} INFO - [2024-06-22T04:11:10.849+0000] {dag.py:3096} INFO - Sync 1 DAGs
[2024-06-22T04:11:10.923+0000] {logging_mixin.py:188} INFO - [2024-06-22T04:11:10.923+0000] {dag.py:3954} INFO - Setting next_dagrun for example_bash_decorator to None, run_after=None
[2024-06-22T04:11:11.035+0000] {processor.py:183} INFO - Processing /home/airflow/.local/lib/python3.12/site-packages/airflow/example_dags/example_bash_decorator.py took 0.363 seconds
[2024-06-22T04:11:41.132+0000] {processor.py:161} INFO - Started process (PID=108) to work on /home/airflow/.local/lib/python3.12/site-packages/airflow/example_dags/example_bash_decorator.py
[2024-06-22T04:11:41.134+0000] {processor.py:830} INFO - Processing file /home/airflow/.local/lib/python3.12/site-packages/airflow/example_dags/example_bash_decorator.py for tasks to queue
[2024-06-22T04:11:41.138+0000] {logging_mixin.py:188} INFO - [2024-06-22T04:11:41.137+0000] {dagbag.py:540} INFO - Filling up the DagBag from /home/airflow/.local/lib/python3.12/site-packages/airflow/example_dags/example_bash_decorator.py
[2024-06-22T04:11:41.161+0000] {processor.py:840} INFO - DAG(s) 'example_bash_decorator' retrieved from /home/airflow/.local/lib/python3.12/site-packages/airflow/example_dags/example_bash_decorator.py
[2024-06-22T04:11:41.323+0000] {logging_mixin.py:188} INFO - [2024-06-22T04:11:41.322+0000] {dag.py:3096} INFO - Sync 1 DAGs
[2024-06-22T04:11:41.338+0000] {logging_mixin.py:188} INFO - [2024-06-22T04:11:41.338+0000] {dag.py:3954} INFO - Setting next_dagrun for example_bash_decorator to None, run_after=None
[2024-06-22T04:11:41.368+0000] {processor.py:183} INFO - Processing /home/airflow/.local/lib/python3.12/site-packages/airflow/example_dags/example_bash_decorator.py took 0.246 seconds
[2024-06-22T04:12:12.546+0000] {processor.py:161} INFO - Started process (PID=166) to work on /home/airflow/.local/lib/python3.12/site-packages/airflow/example_dags/example_bash_decorator.py
[2024-06-22T04:12:12.552+0000] {processor.py:830} INFO - Processing file /home/airflow/.local/lib/python3.12/site-packages/airflow/example_dags/example_bash_decorator.py for tasks to queue
[2024-06-22T04:12:12.561+0000] {logging_mixin.py:188} INFO - [2024-06-22T04:12:12.559+0000] {dagbag.py:540} INFO - Filling up the DagBag from /home/airflow/.local/lib/python3.12/site-packages/airflow/example_dags/example_bash_decorator.py
[2024-06-22T04:12:12.621+0000] {processor.py:840} INFO - DAG(s) 'example_bash_decorator' retrieved from /home/airflow/.local/lib/python3.12/site-packages/airflow/example_dags/example_bash_decorator.py
[2024-06-22T04:12:12.667+0000] {logging_mixin.py:188} INFO - [2024-06-22T04:12:12.667+0000] {dag.py:3096} INFO - Sync 1 DAGs
[2024-06-22T04:12:12.695+0000] {logging_mixin.py:188} INFO - [2024-06-22T04:12:12.695+0000] {dag.py:3954} INFO - Setting next_dagrun for example_bash_decorator to None, run_after=None
[2024-06-22T04:12:12.729+0000] {processor.py:183} INFO - Processing /home/airflow/.local/lib/python3.12/site-packages/airflow/example_dags/example_bash_decorator.py took 0.211 seconds
[2024-06-22T04:12:44.029+0000] {processor.py:161} INFO - Started process (PID=225) to work on /home/airflow/.local/lib/python3.12/site-packages/airflow/example_dags/example_bash_decorator.py
[2024-06-22T04:12:44.034+0000] {processor.py:830} INFO - Processing file /home/airflow/.local/lib/python3.12/site-packages/airflow/example_dags/example_bash_decorator.py for tasks to queue
[2024-06-22T04:12:44.044+0000] {logging_mixin.py:188} INFO - [2024-06-22T04:12:44.042+0000] {dagbag.py:540} INFO - Filling up the DagBag from /home/airflow/.local/lib/python3.12/site-packages/airflow/example_dags/example_bash_decorator.py
[2024-06-22T04:12:44.141+0000] {processor.py:840} INFO - DAG(s) 'example_bash_decorator' retrieved from /home/airflow/.local/lib/python3.12/site-packages/airflow/example_dags/example_bash_decorator.py
[2024-06-22T04:12:44.331+0000] {logging_mixin.py:188} INFO - [2024-06-22T04:12:44.328+0000] {dag.py:3096} INFO - Sync 1 DAGs
[2024-06-22T04:12:44.419+0000] {logging_mixin.py:188} INFO - [2024-06-22T04:12:44.417+0000] {dag.py:3954} INFO - Setting next_dagrun for example_bash_decorator to None, run_after=None
[2024-06-22T04:12:44.486+0000] {processor.py:183} INFO - Processing /home/airflow/.local/lib/python3.12/site-packages/airflow/example_dags/example_bash_decorator.py took 0.489 seconds
[2024-06-22T04:13:15.162+0000] {processor.py:161} INFO - Started process (PID=284) to work on /home/airflow/.local/lib/python3.12/site-packages/airflow/example_dags/example_bash_decorator.py
[2024-06-22T04:13:15.164+0000] {processor.py:830} INFO - Processing file /home/airflow/.local/lib/python3.12/site-packages/airflow/example_dags/example_bash_decorator.py for tasks to queue
[2024-06-22T04:13:15.167+0000] {logging_mixin.py:188} INFO - [2024-06-22T04:13:15.166+0000] {dagbag.py:540} INFO - Filling up the DagBag from /home/airflow/.local/lib/python3.12/site-packages/airflow/example_dags/example_bash_decorator.py
[2024-06-22T04:13:15.187+0000] {processor.py:840} INFO - DAG(s) 'example_bash_decorator' retrieved from /home/airflow/.local/lib/python3.12/site-packages/airflow/example_dags/example_bash_decorator.py
[2024-06-22T04:13:15.227+0000] {logging_mixin.py:188} INFO - [2024-06-22T04:13:15.227+0000] {dag.py:3096} INFO - Sync 1 DAGs
[2024-06-22T04:13:15.247+0000] {logging_mixin.py:188} INFO - [2024-06-22T04:13:15.247+0000] {dag.py:3954} INFO - Setting next_dagrun for example_bash_decorator to None, run_after=None
[2024-06-22T04:13:15.281+0000] {processor.py:183} INFO - Processing /home/airflow/.local/lib/python3.12/site-packages/airflow/example_dags/example_bash_decorator.py took 0.127 seconds
[2024-06-22T04:13:45.593+0000] {processor.py:161} INFO - Started process (PID=343) to work on /home/airflow/.local/lib/python3.12/site-packages/airflow/example_dags/example_bash_decorator.py
[2024-06-22T04:13:45.595+0000] {processor.py:830} INFO - Processing file /home/airflow/.local/lib/python3.12/site-packages/airflow/example_dags/example_bash_decorator.py for tasks to queue
[2024-06-22T04:13:45.600+0000] {logging_mixin.py:188} INFO - [2024-06-22T04:13:45.599+0000] {dagbag.py:540} INFO - Filling up the DagBag from /home/airflow/.local/lib/python3.12/site-packages/airflow/example_dags/example_bash_decorator.py
[2024-06-22T04:13:45.627+0000] {processor.py:840} INFO - DAG(s) 'example_bash_decorator' retrieved from /home/airflow/.local/lib/python3.12/site-packages/airflow/example_dags/example_bash_decorator.py
[2024-06-22T04:13:45.666+0000] {logging_mixin.py:188} INFO - [2024-06-22T04:13:45.665+0000] {dag.py:3096} INFO - Sync 1 DAGs
[2024-06-22T04:13:45.699+0000] {logging_mixin.py:188} INFO - [2024-06-22T04:13:45.698+0000] {dag.py:3954} INFO - Setting next_dagrun for example_bash_decorator to None, run_after=None
[2024-06-22T04:13:45.734+0000] {processor.py:183} INFO - Processing /home/airflow/.local/lib/python3.12/site-packages/airflow/example_dags/example_bash_decorator.py took 0.154 seconds
[2024-06-22T04:14:16.307+0000] {processor.py:161} INFO - Started process (PID=405) to work on /home/airflow/.local/lib/python3.12/site-packages/airflow/example_dags/example_bash_decorator.py
[2024-06-22T04:14:16.308+0000] {processor.py:830} INFO - Processing file /home/airflow/.local/lib/python3.12/site-packages/airflow/example_dags/example_bash_decorator.py for tasks to queue
[2024-06-22T04:14:16.313+0000] {logging_mixin.py:188} INFO - [2024-06-22T04:14:16.313+0000] {dagbag.py:540} INFO - Filling up the DagBag from /home/airflow/.local/lib/python3.12/site-packages/airflow/example_dags/example_bash_decorator.py
[2024-06-22T04:14:16.335+0000] {processor.py:840} INFO - DAG(s) 'example_bash_decorator' retrieved from /home/airflow/.local/lib/python3.12/site-packages/airflow/example_dags/example_bash_decorator.py
[2024-06-22T04:14:16.406+0000] {logging_mixin.py:188} INFO - [2024-06-22T04:14:16.405+0000] {dag.py:3096} INFO - Sync 1 DAGs
[2024-06-22T04:14:16.428+0000] {logging_mixin.py:188} INFO - [2024-06-22T04:14:16.427+0000] {dag.py:3954} INFO - Setting next_dagrun for example_bash_decorator to None, run_after=None
[2024-06-22T04:14:16.477+0000] {processor.py:183} INFO - Processing /home/airflow/.local/lib/python3.12/site-packages/airflow/example_dags/example_bash_decorator.py took 0.181 seconds
[2024-06-22T04:14:46.874+0000] {processor.py:161} INFO - Started process (PID=464) to work on /home/airflow/.local/lib/python3.12/site-packages/airflow/example_dags/example_bash_decorator.py
[2024-06-22T04:14:46.877+0000] {processor.py:830} INFO - Processing file /home/airflow/.local/lib/python3.12/site-packages/airflow/example_dags/example_bash_decorator.py for tasks to queue
[2024-06-22T04:14:46.888+0000] {logging_mixin.py:188} INFO - [2024-06-22T04:14:46.887+0000] {dagbag.py:540} INFO - Filling up the DagBag from /home/airflow/.local/lib/python3.12/site-packages/airflow/example_dags/example_bash_decorator.py
[2024-06-22T04:14:46.926+0000] {processor.py:840} INFO - DAG(s) 'example_bash_decorator' retrieved from /home/airflow/.local/lib/python3.12/site-packages/airflow/example_dags/example_bash_decorator.py
[2024-06-22T04:14:47.004+0000] {logging_mixin.py:188} INFO - [2024-06-22T04:14:47.003+0000] {dag.py:3096} INFO - Sync 1 DAGs
[2024-06-22T04:14:47.028+0000] {logging_mixin.py:188} INFO - [2024-06-22T04:14:47.027+0000] {dag.py:3954} INFO - Setting next_dagrun for example_bash_decorator to None, run_after=None
[2024-06-22T04:14:47.073+0000] {processor.py:183} INFO - Processing /home/airflow/.local/lib/python3.12/site-packages/airflow/example_dags/example_bash_decorator.py took 0.213 seconds
[2024-06-22T04:15:17.413+0000] {processor.py:161} INFO - Started process (PID=525) to work on /home/airflow/.local/lib/python3.12/site-packages/airflow/example_dags/example_bash_decorator.py
[2024-06-22T04:15:17.417+0000] {processor.py:830} INFO - Processing file /home/airflow/.local/lib/python3.12/site-packages/airflow/example_dags/example_bash_decorator.py for tasks to queue
[2024-06-22T04:15:17.426+0000] {logging_mixin.py:188} INFO - [2024-06-22T04:15:17.425+0000] {dagbag.py:540} INFO - Filling up the DagBag from /home/airflow/.local/lib/python3.12/site-packages/airflow/example_dags/example_bash_decorator.py
[2024-06-22T04:15:17.485+0000] {processor.py:840} INFO - DAG(s) 'example_bash_decorator' retrieved from /home/airflow/.local/lib/python3.12/site-packages/airflow/example_dags/example_bash_decorator.py
[2024-06-22T04:15:17.527+0000] {logging_mixin.py:188} INFO - [2024-06-22T04:15:17.526+0000] {dag.py:3096} INFO - Sync 1 DAGs
[2024-06-22T04:15:17.578+0000] {logging_mixin.py:188} INFO - [2024-06-22T04:15:17.577+0000] {dag.py:3954} INFO - Setting next_dagrun for example_bash_decorator to None, run_after=None
[2024-06-22T04:15:17.613+0000] {processor.py:183} INFO - Processing /home/airflow/.local/lib/python3.12/site-packages/airflow/example_dags/example_bash_decorator.py took 0.227 seconds
[2024-06-22T04:15:48.054+0000] {processor.py:161} INFO - Started process (PID=583) to work on /home/airflow/.local/lib/python3.12/site-packages/airflow/example_dags/example_bash_decorator.py
[2024-06-22T04:15:48.056+0000] {processor.py:830} INFO - Processing file /home/airflow/.local/lib/python3.12/site-packages/airflow/example_dags/example_bash_decorator.py for tasks to queue
[2024-06-22T04:15:48.061+0000] {logging_mixin.py:188} INFO - [2024-06-22T04:15:48.060+0000] {dagbag.py:540} INFO - Filling up the DagBag from /home/airflow/.local/lib/python3.12/site-packages/airflow/example_dags/example_bash_decorator.py
[2024-06-22T04:15:48.090+0000] {processor.py:840} INFO - DAG(s) 'example_bash_decorator' retrieved from /home/airflow/.local/lib/python3.12/site-packages/airflow/example_dags/example_bash_decorator.py
[2024-06-22T04:15:48.148+0000] {logging_mixin.py:188} INFO - [2024-06-22T04:15:48.148+0000] {dag.py:3096} INFO - Sync 1 DAGs
[2024-06-22T04:15:48.177+0000] {logging_mixin.py:188} INFO - [2024-06-22T04:15:48.177+0000] {dag.py:3954} INFO - Setting next_dagrun for example_bash_decorator to None, run_after=None
[2024-06-22T04:15:48.211+0000] {processor.py:183} INFO - Processing /home/airflow/.local/lib/python3.12/site-packages/airflow/example_dags/example_bash_decorator.py took 0.172 seconds
[2024-06-22T04:16:19.192+0000] {processor.py:161} INFO - Started process (PID=643) to work on /home/airflow/.local/lib/python3.12/site-packages/airflow/example_dags/example_bash_decorator.py
[2024-06-22T04:16:19.195+0000] {processor.py:830} INFO - Processing file /home/airflow/.local/lib/python3.12/site-packages/airflow/example_dags/example_bash_decorator.py for tasks to queue
[2024-06-22T04:16:19.200+0000] {logging_mixin.py:188} INFO - [2024-06-22T04:16:19.199+0000] {dagbag.py:540} INFO - Filling up the DagBag from /home/airflow/.local/lib/python3.12/site-packages/airflow/example_dags/example_bash_decorator.py
[2024-06-22T04:16:19.223+0000] {processor.py:840} INFO - DAG(s) 'example_bash_decorator' retrieved from /home/airflow/.local/lib/python3.12/site-packages/airflow/example_dags/example_bash_decorator.py
[2024-06-22T04:16:19.260+0000] {logging_mixin.py:188} INFO - [2024-06-22T04:16:19.259+0000] {dag.py:3096} INFO - Sync 1 DAGs
[2024-06-22T04:16:19.290+0000] {logging_mixin.py:188} INFO - [2024-06-22T04:16:19.289+0000] {dag.py:3954} INFO - Setting next_dagrun for example_bash_decorator to None, run_after=None
[2024-06-22T04:16:19.326+0000] {processor.py:183} INFO - Processing /home/airflow/.local/lib/python3.12/site-packages/airflow/example_dags/example_bash_decorator.py took 0.146 seconds
[2024-06-22T04:16:50.188+0000] {processor.py:161} INFO - Started process (PID=702) to work on /home/airflow/.local/lib/python3.12/site-packages/airflow/example_dags/example_bash_decorator.py
[2024-06-22T04:16:50.192+0000] {processor.py:830} INFO - Processing file /home/airflow/.local/lib/python3.12/site-packages/airflow/example_dags/example_bash_decorator.py for tasks to queue
[2024-06-22T04:16:50.201+0000] {logging_mixin.py:188} INFO - [2024-06-22T04:16:50.199+0000] {dagbag.py:540} INFO - Filling up the DagBag from /home/airflow/.local/lib/python3.12/site-packages/airflow/example_dags/example_bash_decorator.py
[2024-06-22T04:16:50.237+0000] {processor.py:840} INFO - DAG(s) 'example_bash_decorator' retrieved from /home/airflow/.local/lib/python3.12/site-packages/airflow/example_dags/example_bash_decorator.py
[2024-06-22T04:16:50.315+0000] {logging_mixin.py:188} INFO - [2024-06-22T04:16:50.309+0000] {dag.py:3096} INFO - Sync 1 DAGs
[2024-06-22T04:16:50.348+0000] {logging_mixin.py:188} INFO - [2024-06-22T04:16:50.348+0000] {dag.py:3954} INFO - Setting next_dagrun for example_bash_decorator to None, run_after=None
[2024-06-22T04:16:50.415+0000] {processor.py:183} INFO - Processing /home/airflow/.local/lib/python3.12/site-packages/airflow/example_dags/example_bash_decorator.py took 0.251 seconds
[2024-06-22T04:17:20.979+0000] {processor.py:161} INFO - Started process (PID=762) to work on /home/airflow/.local/lib/python3.12/site-packages/airflow/example_dags/example_bash_decorator.py
[2024-06-22T04:17:20.982+0000] {processor.py:830} INFO - Processing file /home/airflow/.local/lib/python3.12/site-packages/airflow/example_dags/example_bash_decorator.py for tasks to queue
[2024-06-22T04:17:20.985+0000] {logging_mixin.py:188} INFO - [2024-06-22T04:17:20.985+0000] {dagbag.py:540} INFO - Filling up the DagBag from /home/airflow/.local/lib/python3.12/site-packages/airflow/example_dags/example_bash_decorator.py
[2024-06-22T04:17:21.023+0000] {processor.py:840} INFO - DAG(s) 'example_bash_decorator' retrieved from /home/airflow/.local/lib/python3.12/site-packages/airflow/example_dags/example_bash_decorator.py
[2024-06-22T04:17:21.086+0000] {logging_mixin.py:188} INFO - [2024-06-22T04:17:21.086+0000] {dag.py:3096} INFO - Sync 1 DAGs
[2024-06-22T04:17:21.109+0000] {logging_mixin.py:188} INFO - [2024-06-22T04:17:21.108+0000] {dag.py:3954} INFO - Setting next_dagrun for example_bash_decorator to None, run_after=None
[2024-06-22T04:17:21.138+0000] {processor.py:183} INFO - Processing /home/airflow/.local/lib/python3.12/site-packages/airflow/example_dags/example_bash_decorator.py took 0.173 seconds
[2024-06-22T06:19:16.376+0000] {processor.py:161} INFO - Started process (PID=841) to work on /home/airflow/.local/lib/python3.12/site-packages/airflow/example_dags/example_bash_decorator.py
[2024-06-22T06:19:16.442+0000] {processor.py:830} INFO - Processing file /home/airflow/.local/lib/python3.12/site-packages/airflow/example_dags/example_bash_decorator.py for tasks to queue
[2024-06-22T06:19:16.557+0000] {logging_mixin.py:188} INFO - [2024-06-22T06:19:16.524+0000] {dagbag.py:540} INFO - Filling up the DagBag from /home/airflow/.local/lib/python3.12/site-packages/airflow/example_dags/example_bash_decorator.py
[2024-06-22T06:19:17.558+0000] {processor.py:840} INFO - DAG(s) 'example_bash_decorator' retrieved from /home/airflow/.local/lib/python3.12/site-packages/airflow/example_dags/example_bash_decorator.py
[2024-06-22T06:19:20.391+0000] {logging_mixin.py:188} INFO - [2024-06-22T06:19:20.367+0000] {dag.py:3096} INFO - Sync 1 DAGs
[2024-06-22T06:19:21.550+0000] {logging_mixin.py:188} INFO - [2024-06-22T06:19:21.539+0000] {dag.py:3954} INFO - Setting next_dagrun for example_bash_decorator to None, run_after=None
[2024-06-22T06:19:22.724+0000] {processor.py:183} INFO - Processing /home/airflow/.local/lib/python3.12/site-packages/airflow/example_dags/example_bash_decorator.py took 6.812 seconds
[2024-06-22T06:22:33.452+0000] {processor.py:161} INFO - Started process (PID=931) to work on /home/airflow/.local/lib/python3.12/site-packages/airflow/example_dags/example_bash_decorator.py
[2024-06-22T06:22:33.487+0000] {processor.py:830} INFO - Processing file /home/airflow/.local/lib/python3.12/site-packages/airflow/example_dags/example_bash_decorator.py for tasks to queue
[2024-06-22T06:22:33.520+0000] {logging_mixin.py:188} INFO - [2024-06-22T06:22:33.503+0000] {dagbag.py:540} INFO - Filling up the DagBag from /home/airflow/.local/lib/python3.12/site-packages/airflow/example_dags/example_bash_decorator.py
[2024-06-22T06:22:34.231+0000] {processor.py:840} INFO - DAG(s) 'example_bash_decorator' retrieved from /home/airflow/.local/lib/python3.12/site-packages/airflow/example_dags/example_bash_decorator.py
[2024-06-22T06:22:35.077+0000] {logging_mixin.py:188} INFO - [2024-06-22T06:22:35.031+0000] {dag.py:3096} INFO - Sync 1 DAGs
[2024-06-22T06:22:36.462+0000] {logging_mixin.py:188} INFO - [2024-06-22T06:22:36.448+0000] {dag.py:3954} INFO - Setting next_dagrun for example_bash_decorator to None, run_after=None
[2024-06-22T06:22:39.240+0000] {processor.py:183} INFO - Processing /home/airflow/.local/lib/python3.12/site-packages/airflow/example_dags/example_bash_decorator.py took 5.991 seconds
[2024-06-22T06:54:06.664+0000] {processor.py:161} INFO - Started process (PID=989) to work on /home/airflow/.local/lib/python3.12/site-packages/airflow/example_dags/example_bash_decorator.py
[2024-06-22T06:54:06.750+0000] {processor.py:830} INFO - Processing file /home/airflow/.local/lib/python3.12/site-packages/airflow/example_dags/example_bash_decorator.py for tasks to queue
[2024-06-22T06:54:06.821+0000] {logging_mixin.py:188} INFO - [2024-06-22T06:54:06.785+0000] {dagbag.py:540} INFO - Filling up the DagBag from /home/airflow/.local/lib/python3.12/site-packages/airflow/example_dags/example_bash_decorator.py
[2024-06-22T06:54:08.282+0000] {processor.py:840} INFO - DAG(s) 'example_bash_decorator' retrieved from /home/airflow/.local/lib/python3.12/site-packages/airflow/example_dags/example_bash_decorator.py
[2024-06-22T06:54:14.823+0000] {logging_mixin.py:188} INFO - [2024-06-22T06:54:14.796+0000] {dag.py:3096} INFO - Sync 1 DAGs
[2024-06-22T06:54:15.822+0000] {logging_mixin.py:188} INFO - [2024-06-22T06:54:15.815+0000] {dag.py:3954} INFO - Setting next_dagrun for example_bash_decorator to None, run_after=None
[2024-06-22T06:57:10.592+0000] {processor.py:161} INFO - Started process (PID=1061) to work on /home/airflow/.local/lib/python3.12/site-packages/airflow/example_dags/example_bash_decorator.py
[2024-06-22T06:57:10.618+0000] {processor.py:830} INFO - Processing file /home/airflow/.local/lib/python3.12/site-packages/airflow/example_dags/example_bash_decorator.py for tasks to queue
[2024-06-22T06:57:10.642+0000] {logging_mixin.py:188} INFO - [2024-06-22T06:57:10.630+0000] {dagbag.py:540} INFO - Filling up the DagBag from /home/airflow/.local/lib/python3.12/site-packages/airflow/example_dags/example_bash_decorator.py
[2024-06-22T06:57:15.690+0000] {processor.py:840} INFO - DAG(s) 'example_bash_decorator' retrieved from /home/airflow/.local/lib/python3.12/site-packages/airflow/example_dags/example_bash_decorator.py
[2024-06-22T06:57:21.618+0000] {logging_mixin.py:188} INFO - [2024-06-22T06:57:21.592+0000] {dag.py:3096} INFO - Sync 1 DAGs
[2024-06-22T06:57:22.430+0000] {logging_mixin.py:188} INFO - [2024-06-22T06:57:22.428+0000] {dag.py:3954} INFO - Setting next_dagrun for example_bash_decorator to None, run_after=None
[2024-06-22T06:57:22.956+0000] {processor.py:183} INFO - Processing /home/airflow/.local/lib/python3.12/site-packages/airflow/example_dags/example_bash_decorator.py took 12.702 seconds
[2024-06-22T06:58:18.103+0000] {processor.py:161} INFO - Started process (PID=1116) to work on /home/airflow/.local/lib/python3.12/site-packages/airflow/example_dags/example_bash_decorator.py
[2024-06-22T06:58:18.137+0000] {processor.py:830} INFO - Processing file /home/airflow/.local/lib/python3.12/site-packages/airflow/example_dags/example_bash_decorator.py for tasks to queue
[2024-06-22T06:58:18.187+0000] {logging_mixin.py:188} INFO - [2024-06-22T06:58:18.163+0000] {dagbag.py:540} INFO - Filling up the DagBag from /home/airflow/.local/lib/python3.12/site-packages/airflow/example_dags/example_bash_decorator.py
[2024-06-22T06:58:19.295+0000] {processor.py:840} INFO - DAG(s) 'example_bash_decorator' retrieved from /home/airflow/.local/lib/python3.12/site-packages/airflow/example_dags/example_bash_decorator.py
[2024-06-22T06:58:21.152+0000] {logging_mixin.py:188} INFO - [2024-06-22T06:58:21.150+0000] {dag.py:3096} INFO - Sync 1 DAGs
[2024-06-22T06:58:21.820+0000] {logging_mixin.py:188} INFO - [2024-06-22T06:58:21.815+0000] {dag.py:3954} INFO - Setting next_dagrun for example_bash_decorator to None, run_after=None
[2024-06-22T06:58:22.289+0000] {processor.py:183} INFO - Processing /home/airflow/.local/lib/python3.12/site-packages/airflow/example_dags/example_bash_decorator.py took 4.469 seconds
[2024-06-22T07:31:38.478+0000] {processor.py:161} INFO - Started process (PID=1163) to work on /home/airflow/.local/lib/python3.12/site-packages/airflow/example_dags/example_bash_decorator.py
[2024-06-22T07:31:38.491+0000] {processor.py:830} INFO - Processing file /home/airflow/.local/lib/python3.12/site-packages/airflow/example_dags/example_bash_decorator.py for tasks to queue
[2024-06-22T07:31:38.499+0000] {logging_mixin.py:188} INFO - [2024-06-22T07:31:38.497+0000] {dagbag.py:540} INFO - Filling up the DagBag from /home/airflow/.local/lib/python3.12/site-packages/airflow/example_dags/example_bash_decorator.py
[2024-06-22T07:31:38.582+0000] {processor.py:840} INFO - DAG(s) 'example_bash_decorator' retrieved from /home/airflow/.local/lib/python3.12/site-packages/airflow/example_dags/example_bash_decorator.py
[2024-06-22T07:31:38.751+0000] {logging_mixin.py:188} INFO - [2024-06-22T07:31:38.751+0000] {dag.py:3096} INFO - Sync 1 DAGs
[2024-06-22T07:31:38.828+0000] {logging_mixin.py:188} INFO - [2024-06-22T07:31:38.828+0000] {dag.py:3954} INFO - Setting next_dagrun for example_bash_decorator to None, run_after=None
[2024-06-22T07:31:39.002+0000] {processor.py:183} INFO - Processing /home/airflow/.local/lib/python3.12/site-packages/airflow/example_dags/example_bash_decorator.py took 0.553 seconds
[2024-06-22T07:32:28.274+0000] {processor.py:161} INFO - Started process (PID=1212) to work on /home/airflow/.local/lib/python3.12/site-packages/airflow/example_dags/example_bash_decorator.py
[2024-06-22T07:32:28.290+0000] {processor.py:830} INFO - Processing file /home/airflow/.local/lib/python3.12/site-packages/airflow/example_dags/example_bash_decorator.py for tasks to queue
[2024-06-22T07:32:28.296+0000] {logging_mixin.py:188} INFO - [2024-06-22T07:32:28.295+0000] {dagbag.py:540} INFO - Filling up the DagBag from /home/airflow/.local/lib/python3.12/site-packages/airflow/example_dags/example_bash_decorator.py
[2024-06-22T07:32:28.369+0000] {processor.py:840} INFO - DAG(s) 'example_bash_decorator' retrieved from /home/airflow/.local/lib/python3.12/site-packages/airflow/example_dags/example_bash_decorator.py
[2024-06-22T07:32:28.494+0000] {logging_mixin.py:188} INFO - [2024-06-22T07:32:28.494+0000] {dag.py:3096} INFO - Sync 1 DAGs
[2024-06-22T07:32:28.544+0000] {logging_mixin.py:188} INFO - [2024-06-22T07:32:28.544+0000] {dag.py:3954} INFO - Setting next_dagrun for example_bash_decorator to None, run_after=None
[2024-06-22T07:32:28.628+0000] {processor.py:183} INFO - Processing /home/airflow/.local/lib/python3.12/site-packages/airflow/example_dags/example_bash_decorator.py took 0.399 seconds
[2024-06-22T07:49:14.567+0000] {processor.py:161} INFO - Started process (PID=1264) to work on /home/airflow/.local/lib/python3.12/site-packages/airflow/example_dags/example_bash_decorator.py
[2024-06-22T07:49:14.588+0000] {processor.py:830} INFO - Processing file /home/airflow/.local/lib/python3.12/site-packages/airflow/example_dags/example_bash_decorator.py for tasks to queue
[2024-06-22T07:49:14.610+0000] {logging_mixin.py:188} INFO - [2024-06-22T07:49:14.598+0000] {dagbag.py:540} INFO - Filling up the DagBag from /home/airflow/.local/lib/python3.12/site-packages/airflow/example_dags/example_bash_decorator.py
[2024-06-22T07:49:15.278+0000] {processor.py:840} INFO - DAG(s) 'example_bash_decorator' retrieved from /home/airflow/.local/lib/python3.12/site-packages/airflow/example_dags/example_bash_decorator.py
[2024-06-22T07:49:16.967+0000] {logging_mixin.py:188} INFO - [2024-06-22T07:49:16.959+0000] {dag.py:3096} INFO - Sync 1 DAGs
[2024-06-22T07:49:17.869+0000] {logging_mixin.py:188} INFO - [2024-06-22T07:49:17.847+0000] {dag.py:3954} INFO - Setting next_dagrun for example_bash_decorator to None, run_after=None
[2024-06-22T07:49:18.560+0000] {processor.py:183} INFO - Processing /home/airflow/.local/lib/python3.12/site-packages/airflow/example_dags/example_bash_decorator.py took 4.278 seconds
[2024-06-22T07:50:49.112+0000] {processor.py:161} INFO - Started process (PID=1326) to work on /home/airflow/.local/lib/python3.12/site-packages/airflow/example_dags/example_bash_decorator.py
[2024-06-22T07:50:49.149+0000] {processor.py:830} INFO - Processing file /home/airflow/.local/lib/python3.12/site-packages/airflow/example_dags/example_bash_decorator.py for tasks to queue
[2024-06-22T07:50:49.169+0000] {logging_mixin.py:188} INFO - [2024-06-22T07:50:49.164+0000] {dagbag.py:540} INFO - Filling up the DagBag from /home/airflow/.local/lib/python3.12/site-packages/airflow/example_dags/example_bash_decorator.py
[2024-06-22T07:50:49.617+0000] {processor.py:840} INFO - DAG(s) 'example_bash_decorator' retrieved from /home/airflow/.local/lib/python3.12/site-packages/airflow/example_dags/example_bash_decorator.py
[2024-06-22T07:50:50.641+0000] {logging_mixin.py:188} INFO - [2024-06-22T07:50:50.639+0000] {dag.py:3096} INFO - Sync 1 DAGs
[2024-06-22T07:50:51.228+0000] {logging_mixin.py:188} INFO - [2024-06-22T07:50:51.170+0000] {dag.py:3954} INFO - Setting next_dagrun for example_bash_decorator to None, run_after=None
[2024-06-22T07:50:52.426+0000] {processor.py:183} INFO - Processing /home/airflow/.local/lib/python3.12/site-packages/airflow/example_dags/example_bash_decorator.py took 3.633 seconds
[2024-06-22T07:52:56.420+0000] {processor.py:161} INFO - Started process (PID=1419) to work on /home/airflow/.local/lib/python3.12/site-packages/airflow/example_dags/example_bash_decorator.py
[2024-06-22T07:52:56.461+0000] {processor.py:830} INFO - Processing file /home/airflow/.local/lib/python3.12/site-packages/airflow/example_dags/example_bash_decorator.py for tasks to queue
[2024-06-22T07:52:56.481+0000] {logging_mixin.py:188} INFO - [2024-06-22T07:52:56.479+0000] {dagbag.py:540} INFO - Filling up the DagBag from /home/airflow/.local/lib/python3.12/site-packages/airflow/example_dags/example_bash_decorator.py
[2024-06-22T07:52:56.869+0000] {processor.py:840} INFO - DAG(s) 'example_bash_decorator' retrieved from /home/airflow/.local/lib/python3.12/site-packages/airflow/example_dags/example_bash_decorator.py
[2024-06-22T07:52:57.374+0000] {logging_mixin.py:188} INFO - [2024-06-22T07:52:57.373+0000] {dag.py:3096} INFO - Sync 1 DAGs
[2024-06-22T07:52:57.838+0000] {logging_mixin.py:188} INFO - [2024-06-22T07:52:57.816+0000] {dag.py:3954} INFO - Setting next_dagrun for example_bash_decorator to None, run_after=None
[2024-06-22T07:52:58.176+0000] {processor.py:183} INFO - Processing /home/airflow/.local/lib/python3.12/site-packages/airflow/example_dags/example_bash_decorator.py took 1.976 seconds
[2024-06-22T07:55:21.106+0000] {processor.py:161} INFO - Started process (PID=1521) to work on /home/airflow/.local/lib/python3.12/site-packages/airflow/example_dags/example_bash_decorator.py
[2024-06-22T07:55:21.155+0000] {processor.py:830} INFO - Processing file /home/airflow/.local/lib/python3.12/site-packages/airflow/example_dags/example_bash_decorator.py for tasks to queue
[2024-06-22T07:55:21.221+0000] {logging_mixin.py:188} INFO - [2024-06-22T07:55:21.218+0000] {dagbag.py:540} INFO - Filling up the DagBag from /home/airflow/.local/lib/python3.12/site-packages/airflow/example_dags/example_bash_decorator.py
[2024-06-22T07:55:22.468+0000] {processor.py:840} INFO - DAG(s) 'example_bash_decorator' retrieved from /home/airflow/.local/lib/python3.12/site-packages/airflow/example_dags/example_bash_decorator.py
[2024-06-22T07:55:23.247+0000] {logging_mixin.py:188} INFO - [2024-06-22T07:55:23.245+0000] {dag.py:3096} INFO - Sync 1 DAGs
[2024-06-22T07:55:23.975+0000] {logging_mixin.py:188} INFO - [2024-06-22T07:55:23.973+0000] {dag.py:3954} INFO - Setting next_dagrun for example_bash_decorator to None, run_after=None
[2024-06-22T07:55:24.483+0000] {processor.py:183} INFO - Processing /home/airflow/.local/lib/python3.12/site-packages/airflow/example_dags/example_bash_decorator.py took 3.936 seconds
[2024-06-22T07:57:34.270+0000] {processor.py:161} INFO - Started process (PID=1620) to work on /home/airflow/.local/lib/python3.12/site-packages/airflow/example_dags/example_bash_decorator.py
[2024-06-22T07:57:34.283+0000] {processor.py:830} INFO - Processing file /home/airflow/.local/lib/python3.12/site-packages/airflow/example_dags/example_bash_decorator.py for tasks to queue
[2024-06-22T07:57:34.296+0000] {logging_mixin.py:188} INFO - [2024-06-22T07:57:34.292+0000] {dagbag.py:540} INFO - Filling up the DagBag from /home/airflow/.local/lib/python3.12/site-packages/airflow/example_dags/example_bash_decorator.py
[2024-06-22T07:57:34.398+0000] {processor.py:840} INFO - DAG(s) 'example_bash_decorator' retrieved from /home/airflow/.local/lib/python3.12/site-packages/airflow/example_dags/example_bash_decorator.py
[2024-06-22T07:57:34.501+0000] {logging_mixin.py:188} INFO - [2024-06-22T07:57:34.501+0000] {dag.py:3096} INFO - Sync 1 DAGs
[2024-06-22T07:57:34.593+0000] {logging_mixin.py:188} INFO - [2024-06-22T07:57:34.593+0000] {dag.py:3954} INFO - Setting next_dagrun for example_bash_decorator to None, run_after=None
[2024-06-22T07:57:34.665+0000] {processor.py:183} INFO - Processing /home/airflow/.local/lib/python3.12/site-packages/airflow/example_dags/example_bash_decorator.py took 0.425 seconds
[2024-06-22T08:28:23.598+0000] {processor.py:161} INFO - Started process (PID=1665) to work on /home/airflow/.local/lib/python3.12/site-packages/airflow/example_dags/example_bash_decorator.py
[2024-06-22T08:28:23.642+0000] {processor.py:830} INFO - Processing file /home/airflow/.local/lib/python3.12/site-packages/airflow/example_dags/example_bash_decorator.py for tasks to queue
[2024-06-22T08:28:23.670+0000] {logging_mixin.py:188} INFO - [2024-06-22T08:28:23.667+0000] {dagbag.py:540} INFO - Filling up the DagBag from /home/airflow/.local/lib/python3.12/site-packages/airflow/example_dags/example_bash_decorator.py
[2024-06-22T08:28:24.084+0000] {processor.py:840} INFO - DAG(s) 'example_bash_decorator' retrieved from /home/airflow/.local/lib/python3.12/site-packages/airflow/example_dags/example_bash_decorator.py
[2024-06-22T08:28:25.575+0000] {logging_mixin.py:188} INFO - [2024-06-22T08:28:25.574+0000] {dag.py:3096} INFO - Sync 1 DAGs
[2024-06-22T08:28:26.227+0000] {logging_mixin.py:188} INFO - [2024-06-22T08:28:26.225+0000] {dag.py:3954} INFO - Setting next_dagrun for example_bash_decorator to None, run_after=None
[2024-06-22T08:28:26.810+0000] {processor.py:183} INFO - Processing /home/airflow/.local/lib/python3.12/site-packages/airflow/example_dags/example_bash_decorator.py took 3.329 seconds
[2024-06-22T08:30:01.962+0000] {processor.py:161} INFO - Started process (PID=1733) to work on /home/airflow/.local/lib/python3.12/site-packages/airflow/example_dags/example_bash_decorator.py
[2024-06-22T08:30:02.002+0000] {processor.py:830} INFO - Processing file /home/airflow/.local/lib/python3.12/site-packages/airflow/example_dags/example_bash_decorator.py for tasks to queue
[2024-06-22T08:30:02.039+0000] {logging_mixin.py:188} INFO - [2024-06-22T08:30:02.036+0000] {dagbag.py:540} INFO - Filling up the DagBag from /home/airflow/.local/lib/python3.12/site-packages/airflow/example_dags/example_bash_decorator.py
[2024-06-22T08:30:02.709+0000] {processor.py:840} INFO - DAG(s) 'example_bash_decorator' retrieved from /home/airflow/.local/lib/python3.12/site-packages/airflow/example_dags/example_bash_decorator.py
[2024-06-22T08:30:03.351+0000] {logging_mixin.py:188} INFO - [2024-06-22T08:30:03.330+0000] {dag.py:3096} INFO - Sync 1 DAGs
[2024-06-22T08:30:04.072+0000] {logging_mixin.py:188} INFO - [2024-06-22T08:30:04.070+0000] {dag.py:3954} INFO - Setting next_dagrun for example_bash_decorator to None, run_after=None
[2024-06-22T08:30:05.000+0000] {processor.py:183} INFO - Processing /home/airflow/.local/lib/python3.12/site-packages/airflow/example_dags/example_bash_decorator.py took 3.418 seconds
[2024-06-22T08:32:29.982+0000] {processor.py:161} INFO - Started process (PID=1834) to work on /home/airflow/.local/lib/python3.12/site-packages/airflow/example_dags/example_bash_decorator.py
[2024-06-22T08:32:30.097+0000] {processor.py:830} INFO - Processing file /home/airflow/.local/lib/python3.12/site-packages/airflow/example_dags/example_bash_decorator.py for tasks to queue
[2024-06-22T08:32:30.124+0000] {logging_mixin.py:188} INFO - [2024-06-22T08:32:30.121+0000] {dagbag.py:540} INFO - Filling up the DagBag from /home/airflow/.local/lib/python3.12/site-packages/airflow/example_dags/example_bash_decorator.py
[2024-06-22T08:32:31.082+0000] {processor.py:840} INFO - DAG(s) 'example_bash_decorator' retrieved from /home/airflow/.local/lib/python3.12/site-packages/airflow/example_dags/example_bash_decorator.py
[2024-06-22T08:32:32.306+0000] {logging_mixin.py:188} INFO - [2024-06-22T08:32:32.304+0000] {dag.py:3096} INFO - Sync 1 DAGs
[2024-06-22T08:32:32.925+0000] {logging_mixin.py:188} INFO - [2024-06-22T08:32:32.924+0000] {dag.py:3954} INFO - Setting next_dagrun for example_bash_decorator to None, run_after=None
[2024-06-22T08:32:33.773+0000] {processor.py:183} INFO - Processing /home/airflow/.local/lib/python3.12/site-packages/airflow/example_dags/example_bash_decorator.py took 4.107 seconds
[2024-06-22T08:34:49.856+0000] {processor.py:161} INFO - Started process (PID=1927) to work on /home/airflow/.local/lib/python3.12/site-packages/airflow/example_dags/example_bash_decorator.py
[2024-06-22T08:34:49.956+0000] {processor.py:830} INFO - Processing file /home/airflow/.local/lib/python3.12/site-packages/airflow/example_dags/example_bash_decorator.py for tasks to queue
[2024-06-22T08:34:49.989+0000] {logging_mixin.py:188} INFO - [2024-06-22T08:34:49.986+0000] {dagbag.py:540} INFO - Filling up the DagBag from /home/airflow/.local/lib/python3.12/site-packages/airflow/example_dags/example_bash_decorator.py
[2024-06-22T08:34:50.905+0000] {processor.py:840} INFO - DAG(s) 'example_bash_decorator' retrieved from /home/airflow/.local/lib/python3.12/site-packages/airflow/example_dags/example_bash_decorator.py
[2024-06-22T08:34:51.949+0000] {logging_mixin.py:188} INFO - [2024-06-22T08:34:51.936+0000] {dag.py:3096} INFO - Sync 1 DAGs
[2024-06-22T08:34:52.380+0000] {logging_mixin.py:188} INFO - [2024-06-22T08:34:52.378+0000] {dag.py:3954} INFO - Setting next_dagrun for example_bash_decorator to None, run_after=None
[2024-06-22T08:34:52.880+0000] {processor.py:183} INFO - Processing /home/airflow/.local/lib/python3.12/site-packages/airflow/example_dags/example_bash_decorator.py took 3.184 seconds
[2024-06-22T09:12:13.771+0000] {processor.py:161} INFO - Started process (PID=1983) to work on /home/airflow/.local/lib/python3.12/site-packages/airflow/example_dags/example_bash_decorator.py
[2024-06-22T09:12:13.849+0000] {processor.py:830} INFO - Processing file /home/airflow/.local/lib/python3.12/site-packages/airflow/example_dags/example_bash_decorator.py for tasks to queue
[2024-06-22T09:12:13.998+0000] {logging_mixin.py:188} INFO - [2024-06-22T09:12:13.947+0000] {dagbag.py:540} INFO - Filling up the DagBag from /home/airflow/.local/lib/python3.12/site-packages/airflow/example_dags/example_bash_decorator.py
[2024-06-22T09:12:15.426+0000] {processor.py:840} INFO - DAG(s) 'example_bash_decorator' retrieved from /home/airflow/.local/lib/python3.12/site-packages/airflow/example_dags/example_bash_decorator.py
[2024-06-22T09:12:19.000+0000] {logging_mixin.py:188} INFO - [2024-06-22T09:12:18.921+0000] {dag.py:3096} INFO - Sync 1 DAGs
[2024-06-22T09:12:20.968+0000] {logging_mixin.py:188} INFO - [2024-06-22T09:12:20.929+0000] {dag.py:3954} INFO - Setting next_dagrun for example_bash_decorator to None, run_after=None
[2024-06-22T09:12:29.251+0000] {processor.py:183} INFO - Processing /home/airflow/.local/lib/python3.12/site-packages/airflow/example_dags/example_bash_decorator.py took 16.107 seconds
[2024-06-22T10:42:51.413+0000] {processor.py:161} INFO - Started process (PID=2049) to work on /home/airflow/.local/lib/python3.12/site-packages/airflow/example_dags/example_bash_decorator.py
[2024-06-22T10:42:51.441+0000] {processor.py:830} INFO - Processing file /home/airflow/.local/lib/python3.12/site-packages/airflow/example_dags/example_bash_decorator.py for tasks to queue
[2024-06-22T10:42:51.465+0000] {logging_mixin.py:188} INFO - [2024-06-22T10:42:51.451+0000] {dagbag.py:540} INFO - Filling up the DagBag from /home/airflow/.local/lib/python3.12/site-packages/airflow/example_dags/example_bash_decorator.py
[2024-06-22T10:42:52.142+0000] {processor.py:840} INFO - DAG(s) 'example_bash_decorator' retrieved from /home/airflow/.local/lib/python3.12/site-packages/airflow/example_dags/example_bash_decorator.py
[2024-06-22T10:42:53.233+0000] {logging_mixin.py:188} INFO - [2024-06-22T10:42:53.232+0000] {dag.py:3096} INFO - Sync 1 DAGs
[2024-06-22T10:42:53.726+0000] {logging_mixin.py:188} INFO - [2024-06-22T10:42:53.725+0000] {dag.py:3954} INFO - Setting next_dagrun for example_bash_decorator to None, run_after=None
[2024-06-22T10:42:54.471+0000] {processor.py:183} INFO - Processing /home/airflow/.local/lib/python3.12/site-packages/airflow/example_dags/example_bash_decorator.py took 3.378 seconds
[2024-06-22T11:02:30.791+0000] {processor.py:161} INFO - Started process (PID=2132) to work on /home/airflow/.local/lib/python3.12/site-packages/airflow/example_dags/example_bash_decorator.py
[2024-06-22T11:02:30.794+0000] {processor.py:830} INFO - Processing file /home/airflow/.local/lib/python3.12/site-packages/airflow/example_dags/example_bash_decorator.py for tasks to queue
[2024-06-22T11:02:30.796+0000] {logging_mixin.py:188} INFO - [2024-06-22T11:02:30.795+0000] {dagbag.py:540} INFO - Filling up the DagBag from /home/airflow/.local/lib/python3.12/site-packages/airflow/example_dags/example_bash_decorator.py
[2024-06-22T11:02:30.840+0000] {processor.py:840} INFO - DAG(s) 'example_bash_decorator' retrieved from /home/airflow/.local/lib/python3.12/site-packages/airflow/example_dags/example_bash_decorator.py
[2024-06-22T11:02:30.947+0000] {logging_mixin.py:188} INFO - [2024-06-22T11:02:30.945+0000] {dag.py:3096} INFO - Sync 1 DAGs
[2024-06-22T11:02:30.971+0000] {logging_mixin.py:188} INFO - [2024-06-22T11:02:30.970+0000] {dag.py:3954} INFO - Setting next_dagrun for example_bash_decorator to None, run_after=None
[2024-06-22T11:02:31.010+0000] {processor.py:183} INFO - Processing /home/airflow/.local/lib/python3.12/site-packages/airflow/example_dags/example_bash_decorator.py took 0.236 seconds
[2024-06-22T11:05:16.620+0000] {processor.py:161} INFO - Started process (PID=54) to work on /home/airflow/.local/lib/python3.12/site-packages/airflow/example_dags/example_bash_decorator.py
[2024-06-22T11:05:16.625+0000] {processor.py:830} INFO - Processing file /home/airflow/.local/lib/python3.12/site-packages/airflow/example_dags/example_bash_decorator.py for tasks to queue
[2024-06-22T11:05:16.640+0000] {logging_mixin.py:188} INFO - [2024-06-22T11:05:16.639+0000] {dagbag.py:540} INFO - Filling up the DagBag from /home/airflow/.local/lib/python3.12/site-packages/airflow/example_dags/example_bash_decorator.py
[2024-06-22T11:05:16.714+0000] {processor.py:840} INFO - DAG(s) 'example_bash_decorator' retrieved from /home/airflow/.local/lib/python3.12/site-packages/airflow/example_dags/example_bash_decorator.py
[2024-06-22T11:05:17.349+0000] {logging_mixin.py:188} INFO - [2024-06-22T11:05:17.346+0000] {dag.py:3096} INFO - Sync 1 DAGs
[2024-06-22T11:05:17.398+0000] {logging_mixin.py:188} INFO - [2024-06-22T11:05:17.398+0000] {dag.py:3954} INFO - Setting next_dagrun for example_bash_decorator to None, run_after=None
[2024-06-22T11:05:17.482+0000] {processor.py:183} INFO - Processing /home/airflow/.local/lib/python3.12/site-packages/airflow/example_dags/example_bash_decorator.py took 0.904 seconds
[2024-06-22T11:05:47.878+0000] {processor.py:161} INFO - Started process (PID=114) to work on /home/airflow/.local/lib/python3.12/site-packages/airflow/example_dags/example_bash_decorator.py
[2024-06-22T11:05:47.883+0000] {processor.py:830} INFO - Processing file /home/airflow/.local/lib/python3.12/site-packages/airflow/example_dags/example_bash_decorator.py for tasks to queue
[2024-06-22T11:05:47.888+0000] {logging_mixin.py:188} INFO - [2024-06-22T11:05:47.887+0000] {dagbag.py:540} INFO - Filling up the DagBag from /home/airflow/.local/lib/python3.12/site-packages/airflow/example_dags/example_bash_decorator.py
[2024-06-22T11:05:47.986+0000] {processor.py:840} INFO - DAG(s) 'example_bash_decorator' retrieved from /home/airflow/.local/lib/python3.12/site-packages/airflow/example_dags/example_bash_decorator.py
[2024-06-22T11:05:48.040+0000] {logging_mixin.py:188} INFO - [2024-06-22T11:05:48.040+0000] {dag.py:3096} INFO - Sync 1 DAGs
[2024-06-22T11:05:48.066+0000] {logging_mixin.py:188} INFO - [2024-06-22T11:05:48.066+0000] {dag.py:3954} INFO - Setting next_dagrun for example_bash_decorator to None, run_after=None
[2024-06-22T11:05:48.113+0000] {processor.py:183} INFO - Processing /home/airflow/.local/lib/python3.12/site-packages/airflow/example_dags/example_bash_decorator.py took 0.256 seconds
[2024-06-22T11:06:18.187+0000] {processor.py:161} INFO - Started process (PID=175) to work on /home/airflow/.local/lib/python3.12/site-packages/airflow/example_dags/example_bash_decorator.py
[2024-06-22T11:06:18.189+0000] {processor.py:830} INFO - Processing file /home/airflow/.local/lib/python3.12/site-packages/airflow/example_dags/example_bash_decorator.py for tasks to queue
[2024-06-22T11:06:18.193+0000] {logging_mixin.py:188} INFO - [2024-06-22T11:06:18.193+0000] {dagbag.py:540} INFO - Filling up the DagBag from /home/airflow/.local/lib/python3.12/site-packages/airflow/example_dags/example_bash_decorator.py
[2024-06-22T11:06:18.220+0000] {processor.py:840} INFO - DAG(s) 'example_bash_decorator' retrieved from /home/airflow/.local/lib/python3.12/site-packages/airflow/example_dags/example_bash_decorator.py
[2024-06-22T11:06:18.264+0000] {logging_mixin.py:188} INFO - [2024-06-22T11:06:18.264+0000] {dag.py:3096} INFO - Sync 1 DAGs
[2024-06-22T11:06:18.319+0000] {logging_mixin.py:188} INFO - [2024-06-22T11:06:18.319+0000] {dag.py:3954} INFO - Setting next_dagrun for example_bash_decorator to None, run_after=None
[2024-06-22T11:06:18.387+0000] {processor.py:183} INFO - Processing /home/airflow/.local/lib/python3.12/site-packages/airflow/example_dags/example_bash_decorator.py took 0.212 seconds
[2024-06-22T11:06:49.142+0000] {processor.py:161} INFO - Started process (PID=234) to work on /home/airflow/.local/lib/python3.12/site-packages/airflow/example_dags/example_bash_decorator.py
[2024-06-22T11:06:49.149+0000] {processor.py:830} INFO - Processing file /home/airflow/.local/lib/python3.12/site-packages/airflow/example_dags/example_bash_decorator.py for tasks to queue
[2024-06-22T11:06:49.166+0000] {logging_mixin.py:188} INFO - [2024-06-22T11:06:49.164+0000] {dagbag.py:540} INFO - Filling up the DagBag from /home/airflow/.local/lib/python3.12/site-packages/airflow/example_dags/example_bash_decorator.py
[2024-06-22T11:06:49.217+0000] {processor.py:840} INFO - DAG(s) 'example_bash_decorator' retrieved from /home/airflow/.local/lib/python3.12/site-packages/airflow/example_dags/example_bash_decorator.py
[2024-06-22T11:06:49.303+0000] {logging_mixin.py:188} INFO - [2024-06-22T11:06:49.302+0000] {dag.py:3096} INFO - Sync 1 DAGs
[2024-06-22T11:06:49.325+0000] {logging_mixin.py:188} INFO - [2024-06-22T11:06:49.325+0000] {dag.py:3954} INFO - Setting next_dagrun for example_bash_decorator to None, run_after=None
[2024-06-22T11:06:49.353+0000] {processor.py:183} INFO - Processing /home/airflow/.local/lib/python3.12/site-packages/airflow/example_dags/example_bash_decorator.py took 0.230 seconds
[2024-06-22T11:07:19.964+0000] {processor.py:161} INFO - Started process (PID=293) to work on /home/airflow/.local/lib/python3.12/site-packages/airflow/example_dags/example_bash_decorator.py
[2024-06-22T11:07:19.978+0000] {processor.py:830} INFO - Processing file /home/airflow/.local/lib/python3.12/site-packages/airflow/example_dags/example_bash_decorator.py for tasks to queue
[2024-06-22T11:07:19.994+0000] {logging_mixin.py:188} INFO - [2024-06-22T11:07:19.991+0000] {dagbag.py:540} INFO - Filling up the DagBag from /home/airflow/.local/lib/python3.12/site-packages/airflow/example_dags/example_bash_decorator.py
[2024-06-22T11:07:20.073+0000] {processor.py:840} INFO - DAG(s) 'example_bash_decorator' retrieved from /home/airflow/.local/lib/python3.12/site-packages/airflow/example_dags/example_bash_decorator.py
[2024-06-22T11:07:20.150+0000] {logging_mixin.py:188} INFO - [2024-06-22T11:07:20.150+0000] {dag.py:3096} INFO - Sync 1 DAGs
[2024-06-22T11:07:20.176+0000] {logging_mixin.py:188} INFO - [2024-06-22T11:07:20.176+0000] {dag.py:3954} INFO - Setting next_dagrun for example_bash_decorator to None, run_after=None
[2024-06-22T11:07:20.211+0000] {processor.py:183} INFO - Processing /home/airflow/.local/lib/python3.12/site-packages/airflow/example_dags/example_bash_decorator.py took 0.282 seconds
[2024-06-22T11:07:50.975+0000] {processor.py:161} INFO - Started process (PID=351) to work on /home/airflow/.local/lib/python3.12/site-packages/airflow/example_dags/example_bash_decorator.py
[2024-06-22T11:07:50.978+0000] {processor.py:830} INFO - Processing file /home/airflow/.local/lib/python3.12/site-packages/airflow/example_dags/example_bash_decorator.py for tasks to queue
[2024-06-22T11:07:50.982+0000] {logging_mixin.py:188} INFO - [2024-06-22T11:07:50.982+0000] {dagbag.py:540} INFO - Filling up the DagBag from /home/airflow/.local/lib/python3.12/site-packages/airflow/example_dags/example_bash_decorator.py
[2024-06-22T11:07:51.004+0000] {processor.py:840} INFO - DAG(s) 'example_bash_decorator' retrieved from /home/airflow/.local/lib/python3.12/site-packages/airflow/example_dags/example_bash_decorator.py
[2024-06-22T11:07:51.046+0000] {logging_mixin.py:188} INFO - [2024-06-22T11:07:51.046+0000] {dag.py:3096} INFO - Sync 1 DAGs
[2024-06-22T11:07:51.068+0000] {logging_mixin.py:188} INFO - [2024-06-22T11:07:51.067+0000] {dag.py:3954} INFO - Setting next_dagrun for example_bash_decorator to None, run_after=None
[2024-06-22T11:07:51.097+0000] {processor.py:183} INFO - Processing /home/airflow/.local/lib/python3.12/site-packages/airflow/example_dags/example_bash_decorator.py took 0.144 seconds
[2024-06-22T11:08:21.501+0000] {processor.py:161} INFO - Started process (PID=410) to work on /home/airflow/.local/lib/python3.12/site-packages/airflow/example_dags/example_bash_decorator.py
[2024-06-22T11:08:21.504+0000] {processor.py:830} INFO - Processing file /home/airflow/.local/lib/python3.12/site-packages/airflow/example_dags/example_bash_decorator.py for tasks to queue
[2024-06-22T11:08:21.508+0000] {logging_mixin.py:188} INFO - [2024-06-22T11:08:21.507+0000] {dagbag.py:540} INFO - Filling up the DagBag from /home/airflow/.local/lib/python3.12/site-packages/airflow/example_dags/example_bash_decorator.py
[2024-06-22T11:08:21.533+0000] {processor.py:840} INFO - DAG(s) 'example_bash_decorator' retrieved from /home/airflow/.local/lib/python3.12/site-packages/airflow/example_dags/example_bash_decorator.py
[2024-06-22T11:08:21.595+0000] {logging_mixin.py:188} INFO - [2024-06-22T11:08:21.595+0000] {dag.py:3096} INFO - Sync 1 DAGs
[2024-06-22T11:08:21.620+0000] {logging_mixin.py:188} INFO - [2024-06-22T11:08:21.620+0000] {dag.py:3954} INFO - Setting next_dagrun for example_bash_decorator to None, run_after=None
[2024-06-22T11:08:21.702+0000] {processor.py:183} INFO - Processing /home/airflow/.local/lib/python3.12/site-packages/airflow/example_dags/example_bash_decorator.py took 0.212 seconds
[2024-06-22T11:08:52.185+0000] {processor.py:161} INFO - Started process (PID=467) to work on /home/airflow/.local/lib/python3.12/site-packages/airflow/example_dags/example_bash_decorator.py
[2024-06-22T11:08:52.187+0000] {processor.py:830} INFO - Processing file /home/airflow/.local/lib/python3.12/site-packages/airflow/example_dags/example_bash_decorator.py for tasks to queue
[2024-06-22T11:08:52.191+0000] {logging_mixin.py:188} INFO - [2024-06-22T11:08:52.191+0000] {dagbag.py:540} INFO - Filling up the DagBag from /home/airflow/.local/lib/python3.12/site-packages/airflow/example_dags/example_bash_decorator.py
[2024-06-22T11:08:52.221+0000] {processor.py:840} INFO - DAG(s) 'example_bash_decorator' retrieved from /home/airflow/.local/lib/python3.12/site-packages/airflow/example_dags/example_bash_decorator.py
[2024-06-22T11:08:52.266+0000] {logging_mixin.py:188} INFO - [2024-06-22T11:08:52.266+0000] {dag.py:3096} INFO - Sync 1 DAGs
[2024-06-22T11:08:52.287+0000] {logging_mixin.py:188} INFO - [2024-06-22T11:08:52.287+0000] {dag.py:3954} INFO - Setting next_dagrun for example_bash_decorator to None, run_after=None
[2024-06-22T11:08:52.318+0000] {processor.py:183} INFO - Processing /home/airflow/.local/lib/python3.12/site-packages/airflow/example_dags/example_bash_decorator.py took 0.143 seconds
[2024-06-22T11:09:22.817+0000] {processor.py:161} INFO - Started process (PID=525) to work on /home/airflow/.local/lib/python3.12/site-packages/airflow/example_dags/example_bash_decorator.py
[2024-06-22T11:09:22.819+0000] {processor.py:830} INFO - Processing file /home/airflow/.local/lib/python3.12/site-packages/airflow/example_dags/example_bash_decorator.py for tasks to queue
[2024-06-22T11:09:22.824+0000] {logging_mixin.py:188} INFO - [2024-06-22T11:09:22.823+0000] {dagbag.py:540} INFO - Filling up the DagBag from /home/airflow/.local/lib/python3.12/site-packages/airflow/example_dags/example_bash_decorator.py
[2024-06-22T11:09:22.857+0000] {processor.py:840} INFO - DAG(s) 'example_bash_decorator' retrieved from /home/airflow/.local/lib/python3.12/site-packages/airflow/example_dags/example_bash_decorator.py
[2024-06-22T11:09:22.930+0000] {logging_mixin.py:188} INFO - [2024-06-22T11:09:22.929+0000] {dag.py:3096} INFO - Sync 1 DAGs
[2024-06-22T11:09:22.959+0000] {logging_mixin.py:188} INFO - [2024-06-22T11:09:22.959+0000] {dag.py:3954} INFO - Setting next_dagrun for example_bash_decorator to None, run_after=None
[2024-06-22T11:09:22.991+0000] {processor.py:183} INFO - Processing /home/airflow/.local/lib/python3.12/site-packages/airflow/example_dags/example_bash_decorator.py took 0.186 seconds
[2024-06-22T11:09:53.457+0000] {processor.py:161} INFO - Started process (PID=586) to work on /home/airflow/.local/lib/python3.12/site-packages/airflow/example_dags/example_bash_decorator.py
[2024-06-22T11:09:53.460+0000] {processor.py:830} INFO - Processing file /home/airflow/.local/lib/python3.12/site-packages/airflow/example_dags/example_bash_decorator.py for tasks to queue
[2024-06-22T11:09:53.464+0000] {logging_mixin.py:188} INFO - [2024-06-22T11:09:53.463+0000] {dagbag.py:540} INFO - Filling up the DagBag from /home/airflow/.local/lib/python3.12/site-packages/airflow/example_dags/example_bash_decorator.py
[2024-06-22T11:09:53.489+0000] {processor.py:840} INFO - DAG(s) 'example_bash_decorator' retrieved from /home/airflow/.local/lib/python3.12/site-packages/airflow/example_dags/example_bash_decorator.py
[2024-06-22T11:09:53.535+0000] {logging_mixin.py:188} INFO - [2024-06-22T11:09:53.534+0000] {dag.py:3096} INFO - Sync 1 DAGs
[2024-06-22T11:09:53.558+0000] {logging_mixin.py:188} INFO - [2024-06-22T11:09:53.557+0000] {dag.py:3954} INFO - Setting next_dagrun for example_bash_decorator to None, run_after=None
[2024-06-22T11:09:53.592+0000] {processor.py:183} INFO - Processing /home/airflow/.local/lib/python3.12/site-packages/airflow/example_dags/example_bash_decorator.py took 0.149 seconds
[2024-06-22T11:10:25.715+0000] {processor.py:161} INFO - Started process (PID=645) to work on /home/airflow/.local/lib/python3.12/site-packages/airflow/example_dags/example_bash_decorator.py
[2024-06-22T11:10:25.719+0000] {processor.py:830} INFO - Processing file /home/airflow/.local/lib/python3.12/site-packages/airflow/example_dags/example_bash_decorator.py for tasks to queue
[2024-06-22T11:10:25.733+0000] {logging_mixin.py:188} INFO - [2024-06-22T11:10:25.732+0000] {dagbag.py:540} INFO - Filling up the DagBag from /home/airflow/.local/lib/python3.12/site-packages/airflow/example_dags/example_bash_decorator.py
[2024-06-22T11:10:25.808+0000] {processor.py:840} INFO - DAG(s) 'example_bash_decorator' retrieved from /home/airflow/.local/lib/python3.12/site-packages/airflow/example_dags/example_bash_decorator.py
[2024-06-22T11:10:25.913+0000] {logging_mixin.py:188} INFO - [2024-06-22T11:10:25.912+0000] {dag.py:3096} INFO - Sync 1 DAGs
[2024-06-22T11:10:25.962+0000] {logging_mixin.py:188} INFO - [2024-06-22T11:10:25.961+0000] {dag.py:3954} INFO - Setting next_dagrun for example_bash_decorator to None, run_after=None
[2024-06-22T11:10:26.039+0000] {processor.py:183} INFO - Processing /home/airflow/.local/lib/python3.12/site-packages/airflow/example_dags/example_bash_decorator.py took 0.364 seconds
[2024-06-22T11:10:58.388+0000] {processor.py:161} INFO - Started process (PID=701) to work on /home/airflow/.local/lib/python3.12/site-packages/airflow/example_dags/example_bash_decorator.py
[2024-06-22T11:10:58.392+0000] {processor.py:830} INFO - Processing file /home/airflow/.local/lib/python3.12/site-packages/airflow/example_dags/example_bash_decorator.py for tasks to queue
[2024-06-22T11:10:58.440+0000] {logging_mixin.py:188} INFO - [2024-06-22T11:10:58.412+0000] {dagbag.py:540} INFO - Filling up the DagBag from /home/airflow/.local/lib/python3.12/site-packages/airflow/example_dags/example_bash_decorator.py
[2024-06-22T11:10:58.614+0000] {processor.py:840} INFO - DAG(s) 'example_bash_decorator' retrieved from /home/airflow/.local/lib/python3.12/site-packages/airflow/example_dags/example_bash_decorator.py
[2024-06-22T11:10:58.874+0000] {logging_mixin.py:188} INFO - [2024-06-22T11:10:58.873+0000] {dag.py:3096} INFO - Sync 1 DAGs
[2024-06-22T11:10:59.042+0000] {logging_mixin.py:188} INFO - [2024-06-22T11:10:59.033+0000] {dag.py:3954} INFO - Setting next_dagrun for example_bash_decorator to None, run_after=None
[2024-06-22T11:10:59.232+0000] {processor.py:183} INFO - Processing /home/airflow/.local/lib/python3.12/site-packages/airflow/example_dags/example_bash_decorator.py took 0.897 seconds
[2024-06-22T11:11:29.433+0000] {processor.py:161} INFO - Started process (PID=759) to work on /home/airflow/.local/lib/python3.12/site-packages/airflow/example_dags/example_bash_decorator.py
[2024-06-22T11:11:29.435+0000] {processor.py:830} INFO - Processing file /home/airflow/.local/lib/python3.12/site-packages/airflow/example_dags/example_bash_decorator.py for tasks to queue
[2024-06-22T11:11:29.439+0000] {logging_mixin.py:188} INFO - [2024-06-22T11:11:29.439+0000] {dagbag.py:540} INFO - Filling up the DagBag from /home/airflow/.local/lib/python3.12/site-packages/airflow/example_dags/example_bash_decorator.py
[2024-06-22T11:11:29.461+0000] {processor.py:840} INFO - DAG(s) 'example_bash_decorator' retrieved from /home/airflow/.local/lib/python3.12/site-packages/airflow/example_dags/example_bash_decorator.py
[2024-06-22T11:11:29.560+0000] {logging_mixin.py:188} INFO - [2024-06-22T11:11:29.560+0000] {dag.py:3096} INFO - Sync 1 DAGs
[2024-06-22T11:11:29.580+0000] {logging_mixin.py:188} INFO - [2024-06-22T11:11:29.580+0000] {dag.py:3954} INFO - Setting next_dagrun for example_bash_decorator to None, run_after=None
[2024-06-22T11:11:29.614+0000] {processor.py:183} INFO - Processing /home/airflow/.local/lib/python3.12/site-packages/airflow/example_dags/example_bash_decorator.py took 0.191 seconds
[2024-06-22T11:12:10.735+0000] {processor.py:161} INFO - Started process (PID=806) to work on /home/airflow/.local/lib/python3.12/site-packages/airflow/example_dags/example_bash_decorator.py
[2024-06-22T11:12:10.749+0000] {processor.py:830} INFO - Processing file /home/airflow/.local/lib/python3.12/site-packages/airflow/example_dags/example_bash_decorator.py for tasks to queue
[2024-06-22T11:12:10.775+0000] {logging_mixin.py:188} INFO - [2024-06-22T11:12:10.769+0000] {dagbag.py:540} INFO - Filling up the DagBag from /home/airflow/.local/lib/python3.12/site-packages/airflow/example_dags/example_bash_decorator.py
[2024-06-22T11:12:10.883+0000] {processor.py:840} INFO - DAG(s) 'example_bash_decorator' retrieved from /home/airflow/.local/lib/python3.12/site-packages/airflow/example_dags/example_bash_decorator.py
[2024-06-22T11:12:11.139+0000] {logging_mixin.py:188} INFO - [2024-06-22T11:12:11.138+0000] {dag.py:3096} INFO - Sync 1 DAGs
[2024-06-22T11:12:11.228+0000] {logging_mixin.py:188} INFO - [2024-06-22T11:12:11.228+0000] {dag.py:3954} INFO - Setting next_dagrun for example_bash_decorator to None, run_after=None
[2024-06-22T11:12:11.359+0000] {processor.py:183} INFO - Processing /home/airflow/.local/lib/python3.12/site-packages/airflow/example_dags/example_bash_decorator.py took 0.679 seconds
[2024-06-22T11:12:44.483+0000] {processor.py:161} INFO - Started process (PID=864) to work on /home/airflow/.local/lib/python3.12/site-packages/airflow/example_dags/example_bash_decorator.py
[2024-06-22T11:12:44.486+0000] {processor.py:830} INFO - Processing file /home/airflow/.local/lib/python3.12/site-packages/airflow/example_dags/example_bash_decorator.py for tasks to queue
[2024-06-22T11:12:44.502+0000] {logging_mixin.py:188} INFO - [2024-06-22T11:12:44.502+0000] {dagbag.py:540} INFO - Filling up the DagBag from /home/airflow/.local/lib/python3.12/site-packages/airflow/example_dags/example_bash_decorator.py
[2024-06-22T11:12:44.562+0000] {processor.py:840} INFO - DAG(s) 'example_bash_decorator' retrieved from /home/airflow/.local/lib/python3.12/site-packages/airflow/example_dags/example_bash_decorator.py
[2024-06-22T11:12:44.693+0000] {logging_mixin.py:188} INFO - [2024-06-22T11:12:44.692+0000] {dag.py:3096} INFO - Sync 1 DAGs
[2024-06-22T11:12:45.586+0000] {logging_mixin.py:188} INFO - [2024-06-22T11:12:45.586+0000] {dag.py:3954} INFO - Setting next_dagrun for example_bash_decorator to None, run_after=None
[2024-06-22T11:12:45.639+0000] {processor.py:183} INFO - Processing /home/airflow/.local/lib/python3.12/site-packages/airflow/example_dags/example_bash_decorator.py took 1.170 seconds
[2024-06-22T11:13:15.932+0000] {processor.py:161} INFO - Started process (PID=930) to work on /home/airflow/.local/lib/python3.12/site-packages/airflow/example_dags/example_bash_decorator.py
[2024-06-22T11:13:15.936+0000] {processor.py:830} INFO - Processing file /home/airflow/.local/lib/python3.12/site-packages/airflow/example_dags/example_bash_decorator.py for tasks to queue
[2024-06-22T11:13:15.951+0000] {logging_mixin.py:188} INFO - [2024-06-22T11:13:15.951+0000] {dagbag.py:540} INFO - Filling up the DagBag from /home/airflow/.local/lib/python3.12/site-packages/airflow/example_dags/example_bash_decorator.py
[2024-06-22T11:13:16.022+0000] {processor.py:840} INFO - DAG(s) 'example_bash_decorator' retrieved from /home/airflow/.local/lib/python3.12/site-packages/airflow/example_dags/example_bash_decorator.py
[2024-06-22T11:13:16.148+0000] {logging_mixin.py:188} INFO - [2024-06-22T11:13:16.148+0000] {dag.py:3096} INFO - Sync 1 DAGs
[2024-06-22T11:13:16.190+0000] {logging_mixin.py:188} INFO - [2024-06-22T11:13:16.189+0000] {dag.py:3954} INFO - Setting next_dagrun for example_bash_decorator to None, run_after=None
[2024-06-22T11:13:16.251+0000] {processor.py:183} INFO - Processing /home/airflow/.local/lib/python3.12/site-packages/airflow/example_dags/example_bash_decorator.py took 0.368 seconds
[2024-06-22T11:13:59.349+0000] {processor.py:161} INFO - Started process (PID=988) to work on /home/airflow/.local/lib/python3.12/site-packages/airflow/example_dags/example_bash_decorator.py
[2024-06-22T11:13:59.359+0000] {processor.py:830} INFO - Processing file /home/airflow/.local/lib/python3.12/site-packages/airflow/example_dags/example_bash_decorator.py for tasks to queue
[2024-06-22T11:13:59.363+0000] {logging_mixin.py:188} INFO - [2024-06-22T11:13:59.362+0000] {dagbag.py:540} INFO - Filling up the DagBag from /home/airflow/.local/lib/python3.12/site-packages/airflow/example_dags/example_bash_decorator.py
[2024-06-22T11:13:59.424+0000] {processor.py:840} INFO - DAG(s) 'example_bash_decorator' retrieved from /home/airflow/.local/lib/python3.12/site-packages/airflow/example_dags/example_bash_decorator.py
[2024-06-22T11:13:59.524+0000] {logging_mixin.py:188} INFO - [2024-06-22T11:13:59.524+0000] {dag.py:3096} INFO - Sync 1 DAGs
[2024-06-22T11:13:59.576+0000] {logging_mixin.py:188} INFO - [2024-06-22T11:13:59.575+0000] {dag.py:3954} INFO - Setting next_dagrun for example_bash_decorator to None, run_after=None
[2024-06-22T11:13:59.708+0000] {processor.py:183} INFO - Processing /home/airflow/.local/lib/python3.12/site-packages/airflow/example_dags/example_bash_decorator.py took 0.378 seconds
[2024-06-22T11:14:37.451+0000] {processor.py:161} INFO - Started process (PID=1043) to work on /home/airflow/.local/lib/python3.12/site-packages/airflow/example_dags/example_bash_decorator.py
[2024-06-22T11:14:37.462+0000] {processor.py:830} INFO - Processing file /home/airflow/.local/lib/python3.12/site-packages/airflow/example_dags/example_bash_decorator.py for tasks to queue
[2024-06-22T11:14:37.489+0000] {logging_mixin.py:188} INFO - [2024-06-22T11:14:37.486+0000] {dagbag.py:540} INFO - Filling up the DagBag from /home/airflow/.local/lib/python3.12/site-packages/airflow/example_dags/example_bash_decorator.py
[2024-06-22T11:14:37.670+0000] {processor.py:840} INFO - DAG(s) 'example_bash_decorator' retrieved from /home/airflow/.local/lib/python3.12/site-packages/airflow/example_dags/example_bash_decorator.py
[2024-06-22T11:14:37.850+0000] {logging_mixin.py:188} INFO - [2024-06-22T11:14:37.849+0000] {dag.py:3096} INFO - Sync 1 DAGs
[2024-06-22T11:14:37.983+0000] {logging_mixin.py:188} INFO - [2024-06-22T11:14:37.982+0000] {dag.py:3954} INFO - Setting next_dagrun for example_bash_decorator to None, run_after=None
[2024-06-22T11:14:38.106+0000] {processor.py:183} INFO - Processing /home/airflow/.local/lib/python3.12/site-packages/airflow/example_dags/example_bash_decorator.py took 0.741 seconds
[2024-06-22T11:15:09.800+0000] {processor.py:161} INFO - Started process (PID=1102) to work on /home/airflow/.local/lib/python3.12/site-packages/airflow/example_dags/example_bash_decorator.py
[2024-06-22T11:15:09.845+0000] {processor.py:830} INFO - Processing file /home/airflow/.local/lib/python3.12/site-packages/airflow/example_dags/example_bash_decorator.py for tasks to queue
[2024-06-22T11:15:09.906+0000] {logging_mixin.py:188} INFO - [2024-06-22T11:15:09.905+0000] {dagbag.py:540} INFO - Filling up the DagBag from /home/airflow/.local/lib/python3.12/site-packages/airflow/example_dags/example_bash_decorator.py
[2024-06-22T11:15:10.273+0000] {processor.py:840} INFO - DAG(s) 'example_bash_decorator' retrieved from /home/airflow/.local/lib/python3.12/site-packages/airflow/example_dags/example_bash_decorator.py
[2024-06-22T11:15:10.737+0000] {logging_mixin.py:188} INFO - [2024-06-22T11:15:10.736+0000] {dag.py:3096} INFO - Sync 1 DAGs
[2024-06-22T11:15:10.970+0000] {logging_mixin.py:188} INFO - [2024-06-22T11:15:10.969+0000] {dag.py:3954} INFO - Setting next_dagrun for example_bash_decorator to None, run_after=None
[2024-06-22T11:15:11.366+0000] {processor.py:183} INFO - Processing /home/airflow/.local/lib/python3.12/site-packages/airflow/example_dags/example_bash_decorator.py took 1.653 seconds
[2024-06-22T11:15:41.951+0000] {processor.py:161} INFO - Started process (PID=1160) to work on /home/airflow/.local/lib/python3.12/site-packages/airflow/example_dags/example_bash_decorator.py
[2024-06-22T11:15:41.958+0000] {processor.py:830} INFO - Processing file /home/airflow/.local/lib/python3.12/site-packages/airflow/example_dags/example_bash_decorator.py for tasks to queue
[2024-06-22T11:15:41.968+0000] {logging_mixin.py:188} INFO - [2024-06-22T11:15:41.967+0000] {dagbag.py:540} INFO - Filling up the DagBag from /home/airflow/.local/lib/python3.12/site-packages/airflow/example_dags/example_bash_decorator.py
[2024-06-22T11:15:42.078+0000] {processor.py:840} INFO - DAG(s) 'example_bash_decorator' retrieved from /home/airflow/.local/lib/python3.12/site-packages/airflow/example_dags/example_bash_decorator.py
[2024-06-22T11:15:42.250+0000] {logging_mixin.py:188} INFO - [2024-06-22T11:15:42.250+0000] {dag.py:3096} INFO - Sync 1 DAGs
[2024-06-22T11:15:42.347+0000] {logging_mixin.py:188} INFO - [2024-06-22T11:15:42.347+0000] {dag.py:3954} INFO - Setting next_dagrun for example_bash_decorator to None, run_after=None
[2024-06-22T11:15:43.247+0000] {processor.py:183} INFO - Processing /home/airflow/.local/lib/python3.12/site-packages/airflow/example_dags/example_bash_decorator.py took 1.353 seconds
[2024-06-22T11:16:13.913+0000] {processor.py:161} INFO - Started process (PID=1219) to work on /home/airflow/.local/lib/python3.12/site-packages/airflow/example_dags/example_bash_decorator.py
[2024-06-22T11:16:13.928+0000] {processor.py:830} INFO - Processing file /home/airflow/.local/lib/python3.12/site-packages/airflow/example_dags/example_bash_decorator.py for tasks to queue
[2024-06-22T11:16:13.951+0000] {logging_mixin.py:188} INFO - [2024-06-22T11:16:13.949+0000] {dagbag.py:540} INFO - Filling up the DagBag from /home/airflow/.local/lib/python3.12/site-packages/airflow/example_dags/example_bash_decorator.py
[2024-06-22T11:16:14.021+0000] {processor.py:840} INFO - DAG(s) 'example_bash_decorator' retrieved from /home/airflow/.local/lib/python3.12/site-packages/airflow/example_dags/example_bash_decorator.py
[2024-06-22T11:16:14.132+0000] {logging_mixin.py:188} INFO - [2024-06-22T11:16:14.123+0000] {dag.py:3096} INFO - Sync 1 DAGs
[2024-06-22T11:16:14.179+0000] {logging_mixin.py:188} INFO - [2024-06-22T11:16:14.178+0000] {dag.py:3954} INFO - Setting next_dagrun for example_bash_decorator to None, run_after=None
[2024-06-22T11:16:16.513+0000] {processor.py:183} INFO - Processing /home/airflow/.local/lib/python3.12/site-packages/airflow/example_dags/example_bash_decorator.py took 2.642 seconds
[2024-06-22T11:16:47.051+0000] {processor.py:161} INFO - Started process (PID=1277) to work on /home/airflow/.local/lib/python3.12/site-packages/airflow/example_dags/example_bash_decorator.py
[2024-06-22T11:16:47.058+0000] {processor.py:830} INFO - Processing file /home/airflow/.local/lib/python3.12/site-packages/airflow/example_dags/example_bash_decorator.py for tasks to queue
[2024-06-22T11:16:47.071+0000] {logging_mixin.py:188} INFO - [2024-06-22T11:16:47.069+0000] {dagbag.py:540} INFO - Filling up the DagBag from /home/airflow/.local/lib/python3.12/site-packages/airflow/example_dags/example_bash_decorator.py
[2024-06-22T11:16:47.143+0000] {processor.py:840} INFO - DAG(s) 'example_bash_decorator' retrieved from /home/airflow/.local/lib/python3.12/site-packages/airflow/example_dags/example_bash_decorator.py
[2024-06-22T11:16:49.053+0000] {logging_mixin.py:188} INFO - [2024-06-22T11:16:49.052+0000] {dag.py:3096} INFO - Sync 1 DAGs
[2024-06-22T11:16:49.105+0000] {logging_mixin.py:188} INFO - [2024-06-22T11:16:49.105+0000] {dag.py:3954} INFO - Setting next_dagrun for example_bash_decorator to None, run_after=None
[2024-06-22T11:16:49.192+0000] {processor.py:183} INFO - Processing /home/airflow/.local/lib/python3.12/site-packages/airflow/example_dags/example_bash_decorator.py took 2.152 seconds
[2024-06-22T11:17:20.204+0000] {processor.py:161} INFO - Started process (PID=1337) to work on /home/airflow/.local/lib/python3.12/site-packages/airflow/example_dags/example_bash_decorator.py
[2024-06-22T11:17:20.207+0000] {processor.py:830} INFO - Processing file /home/airflow/.local/lib/python3.12/site-packages/airflow/example_dags/example_bash_decorator.py for tasks to queue
[2024-06-22T11:17:20.220+0000] {logging_mixin.py:188} INFO - [2024-06-22T11:17:20.217+0000] {dagbag.py:540} INFO - Filling up the DagBag from /home/airflow/.local/lib/python3.12/site-packages/airflow/example_dags/example_bash_decorator.py
[2024-06-22T11:17:20.334+0000] {processor.py:840} INFO - DAG(s) 'example_bash_decorator' retrieved from /home/airflow/.local/lib/python3.12/site-packages/airflow/example_dags/example_bash_decorator.py
[2024-06-22T11:17:20.520+0000] {logging_mixin.py:188} INFO - [2024-06-22T11:17:20.520+0000] {dag.py:3096} INFO - Sync 1 DAGs
[2024-06-22T11:17:20.588+0000] {logging_mixin.py:188} INFO - [2024-06-22T11:17:20.588+0000] {dag.py:3954} INFO - Setting next_dagrun for example_bash_decorator to None, run_after=None
[2024-06-22T11:17:21.273+0000] {processor.py:183} INFO - Processing /home/airflow/.local/lib/python3.12/site-packages/airflow/example_dags/example_bash_decorator.py took 1.115 seconds
[2024-06-22T11:17:57.673+0000] {processor.py:161} INFO - Started process (PID=1399) to work on /home/airflow/.local/lib/python3.12/site-packages/airflow/example_dags/example_bash_decorator.py
[2024-06-22T11:17:57.689+0000] {processor.py:830} INFO - Processing file /home/airflow/.local/lib/python3.12/site-packages/airflow/example_dags/example_bash_decorator.py for tasks to queue
[2024-06-22T11:17:57.723+0000] {logging_mixin.py:188} INFO - [2024-06-22T11:17:57.722+0000] {dagbag.py:540} INFO - Filling up the DagBag from /home/airflow/.local/lib/python3.12/site-packages/airflow/example_dags/example_bash_decorator.py
[2024-06-22T11:17:57.925+0000] {processor.py:840} INFO - DAG(s) 'example_bash_decorator' retrieved from /home/airflow/.local/lib/python3.12/site-packages/airflow/example_dags/example_bash_decorator.py
[2024-06-22T11:17:58.140+0000] {logging_mixin.py:188} INFO - [2024-06-22T11:17:58.135+0000] {dag.py:3096} INFO - Sync 1 DAGs
[2024-06-22T11:17:58.269+0000] {logging_mixin.py:188} INFO - [2024-06-22T11:17:58.269+0000] {dag.py:3954} INFO - Setting next_dagrun for example_bash_decorator to None, run_after=None
[2024-06-22T11:17:58.417+0000] {processor.py:183} INFO - Processing /home/airflow/.local/lib/python3.12/site-packages/airflow/example_dags/example_bash_decorator.py took 0.831 seconds
[2024-06-22T11:18:29.265+0000] {processor.py:161} INFO - Started process (PID=1457) to work on /home/airflow/.local/lib/python3.12/site-packages/airflow/example_dags/example_bash_decorator.py
[2024-06-22T11:18:29.287+0000] {processor.py:830} INFO - Processing file /home/airflow/.local/lib/python3.12/site-packages/airflow/example_dags/example_bash_decorator.py for tasks to queue
[2024-06-22T11:18:29.315+0000] {logging_mixin.py:188} INFO - [2024-06-22T11:18:29.311+0000] {dagbag.py:540} INFO - Filling up the DagBag from /home/airflow/.local/lib/python3.12/site-packages/airflow/example_dags/example_bash_decorator.py
[2024-06-22T11:18:29.425+0000] {processor.py:840} INFO - DAG(s) 'example_bash_decorator' retrieved from /home/airflow/.local/lib/python3.12/site-packages/airflow/example_dags/example_bash_decorator.py
[2024-06-22T11:18:29.749+0000] {logging_mixin.py:188} INFO - [2024-06-22T11:18:29.748+0000] {dag.py:3096} INFO - Sync 1 DAGs
[2024-06-22T11:18:29.891+0000] {logging_mixin.py:188} INFO - [2024-06-22T11:18:29.891+0000] {dag.py:3954} INFO - Setting next_dagrun for example_bash_decorator to None, run_after=None
[2024-06-22T11:18:30.075+0000] {processor.py:183} INFO - Processing /home/airflow/.local/lib/python3.12/site-packages/airflow/example_dags/example_bash_decorator.py took 0.907 seconds
[2024-06-22T11:19:01.197+0000] {processor.py:161} INFO - Started process (PID=1515) to work on /home/airflow/.local/lib/python3.12/site-packages/airflow/example_dags/example_bash_decorator.py
[2024-06-22T11:19:01.204+0000] {processor.py:830} INFO - Processing file /home/airflow/.local/lib/python3.12/site-packages/airflow/example_dags/example_bash_decorator.py for tasks to queue
[2024-06-22T11:19:01.224+0000] {logging_mixin.py:188} INFO - [2024-06-22T11:19:01.219+0000] {dagbag.py:540} INFO - Filling up the DagBag from /home/airflow/.local/lib/python3.12/site-packages/airflow/example_dags/example_bash_decorator.py
[2024-06-22T11:19:01.373+0000] {processor.py:840} INFO - DAG(s) 'example_bash_decorator' retrieved from /home/airflow/.local/lib/python3.12/site-packages/airflow/example_dags/example_bash_decorator.py
[2024-06-22T11:19:01.676+0000] {logging_mixin.py:188} INFO - [2024-06-22T11:19:01.675+0000] {dag.py:3096} INFO - Sync 1 DAGs
[2024-06-22T11:19:01.823+0000] {logging_mixin.py:188} INFO - [2024-06-22T11:19:01.822+0000] {dag.py:3954} INFO - Setting next_dagrun for example_bash_decorator to None, run_after=None
[2024-06-22T11:19:02.070+0000] {processor.py:183} INFO - Processing /home/airflow/.local/lib/python3.12/site-packages/airflow/example_dags/example_bash_decorator.py took 0.890 seconds
[2024-06-22T11:19:39.046+0000] {processor.py:161} INFO - Started process (PID=1575) to work on /home/airflow/.local/lib/python3.12/site-packages/airflow/example_dags/example_bash_decorator.py
[2024-06-22T11:19:39.083+0000] {processor.py:830} INFO - Processing file /home/airflow/.local/lib/python3.12/site-packages/airflow/example_dags/example_bash_decorator.py for tasks to queue
[2024-06-22T11:19:39.120+0000] {logging_mixin.py:188} INFO - [2024-06-22T11:19:39.101+0000] {dagbag.py:540} INFO - Filling up the DagBag from /home/airflow/.local/lib/python3.12/site-packages/airflow/example_dags/example_bash_decorator.py
[2024-06-22T11:19:39.380+0000] {processor.py:840} INFO - DAG(s) 'example_bash_decorator' retrieved from /home/airflow/.local/lib/python3.12/site-packages/airflow/example_dags/example_bash_decorator.py
[2024-06-22T11:19:39.768+0000] {logging_mixin.py:188} INFO - [2024-06-22T11:19:39.767+0000] {dag.py:3096} INFO - Sync 1 DAGs
[2024-06-22T11:19:39.974+0000] {logging_mixin.py:188} INFO - [2024-06-22T11:19:39.963+0000] {dag.py:3954} INFO - Setting next_dagrun for example_bash_decorator to None, run_after=None
[2024-06-22T11:19:40.218+0000] {processor.py:183} INFO - Processing /home/airflow/.local/lib/python3.12/site-packages/airflow/example_dags/example_bash_decorator.py took 1.261 seconds
[2024-06-22T11:20:11.102+0000] {processor.py:161} INFO - Started process (PID=1632) to work on /home/airflow/.local/lib/python3.12/site-packages/airflow/example_dags/example_bash_decorator.py
[2024-06-22T11:20:11.111+0000] {processor.py:830} INFO - Processing file /home/airflow/.local/lib/python3.12/site-packages/airflow/example_dags/example_bash_decorator.py for tasks to queue
[2024-06-22T11:20:11.131+0000] {logging_mixin.py:188} INFO - [2024-06-22T11:20:11.130+0000] {dagbag.py:540} INFO - Filling up the DagBag from /home/airflow/.local/lib/python3.12/site-packages/airflow/example_dags/example_bash_decorator.py
[2024-06-22T11:20:11.160+0000] {processor.py:840} INFO - DAG(s) 'example_bash_decorator' retrieved from /home/airflow/.local/lib/python3.12/site-packages/airflow/example_dags/example_bash_decorator.py
[2024-06-22T11:20:11.228+0000] {logging_mixin.py:188} INFO - [2024-06-22T11:20:11.228+0000] {dag.py:3096} INFO - Sync 1 DAGs
[2024-06-22T11:20:11.269+0000] {logging_mixin.py:188} INFO - [2024-06-22T11:20:11.269+0000] {dag.py:3954} INFO - Setting next_dagrun for example_bash_decorator to None, run_after=None
[2024-06-22T11:20:11.331+0000] {processor.py:183} INFO - Processing /home/airflow/.local/lib/python3.12/site-packages/airflow/example_dags/example_bash_decorator.py took 0.250 seconds
[2024-06-22T11:20:42.168+0000] {processor.py:161} INFO - Started process (PID=1690) to work on /home/airflow/.local/lib/python3.12/site-packages/airflow/example_dags/example_bash_decorator.py
[2024-06-22T11:20:42.171+0000] {processor.py:830} INFO - Processing file /home/airflow/.local/lib/python3.12/site-packages/airflow/example_dags/example_bash_decorator.py for tasks to queue
[2024-06-22T11:20:42.182+0000] {logging_mixin.py:188} INFO - [2024-06-22T11:20:42.181+0000] {dagbag.py:540} INFO - Filling up the DagBag from /home/airflow/.local/lib/python3.12/site-packages/airflow/example_dags/example_bash_decorator.py
[2024-06-22T11:20:42.239+0000] {processor.py:840} INFO - DAG(s) 'example_bash_decorator' retrieved from /home/airflow/.local/lib/python3.12/site-packages/airflow/example_dags/example_bash_decorator.py
[2024-06-22T11:20:42.363+0000] {logging_mixin.py:188} INFO - [2024-06-22T11:20:42.362+0000] {dag.py:3096} INFO - Sync 1 DAGs
[2024-06-22T11:20:42.394+0000] {logging_mixin.py:188} INFO - [2024-06-22T11:20:42.394+0000] {dag.py:3954} INFO - Setting next_dagrun for example_bash_decorator to None, run_after=None
[2024-06-22T11:20:42.456+0000] {processor.py:183} INFO - Processing /home/airflow/.local/lib/python3.12/site-packages/airflow/example_dags/example_bash_decorator.py took 0.324 seconds
[2024-06-22T11:21:57.231+0000] {processor.py:161} INFO - Started process (PID=1748) to work on /home/airflow/.local/lib/python3.12/site-packages/airflow/example_dags/example_bash_decorator.py
[2024-06-22T11:21:57.234+0000] {processor.py:830} INFO - Processing file /home/airflow/.local/lib/python3.12/site-packages/airflow/example_dags/example_bash_decorator.py for tasks to queue
[2024-06-22T11:21:57.243+0000] {logging_mixin.py:188} INFO - [2024-06-22T11:21:57.240+0000] {dagbag.py:540} INFO - Filling up the DagBag from /home/airflow/.local/lib/python3.12/site-packages/airflow/example_dags/example_bash_decorator.py
[2024-06-22T11:21:57.290+0000] {processor.py:840} INFO - DAG(s) 'example_bash_decorator' retrieved from /home/airflow/.local/lib/python3.12/site-packages/airflow/example_dags/example_bash_decorator.py
[2024-06-22T11:21:57.440+0000] {logging_mixin.py:188} INFO - [2024-06-22T11:21:57.439+0000] {dag.py:3096} INFO - Sync 1 DAGs
[2024-06-22T11:21:57.496+0000] {logging_mixin.py:188} INFO - [2024-06-22T11:21:57.495+0000] {dag.py:3954} INFO - Setting next_dagrun for example_bash_decorator to None, run_after=None
[2024-06-22T11:21:57.572+0000] {processor.py:183} INFO - Processing /home/airflow/.local/lib/python3.12/site-packages/airflow/example_dags/example_bash_decorator.py took 0.353 seconds
[2024-06-22T11:22:30.703+0000] {processor.py:161} INFO - Started process (PID=1807) to work on /home/airflow/.local/lib/python3.12/site-packages/airflow/example_dags/example_bash_decorator.py
[2024-06-22T11:22:30.705+0000] {processor.py:830} INFO - Processing file /home/airflow/.local/lib/python3.12/site-packages/airflow/example_dags/example_bash_decorator.py for tasks to queue
[2024-06-22T11:22:30.709+0000] {logging_mixin.py:188} INFO - [2024-06-22T11:22:30.709+0000] {dagbag.py:540} INFO - Filling up the DagBag from /home/airflow/.local/lib/python3.12/site-packages/airflow/example_dags/example_bash_decorator.py
[2024-06-22T11:22:30.735+0000] {processor.py:840} INFO - DAG(s) 'example_bash_decorator' retrieved from /home/airflow/.local/lib/python3.12/site-packages/airflow/example_dags/example_bash_decorator.py
[2024-06-22T11:22:30.807+0000] {logging_mixin.py:188} INFO - [2024-06-22T11:22:30.806+0000] {dag.py:3096} INFO - Sync 1 DAGs
[2024-06-22T11:22:30.877+0000] {logging_mixin.py:188} INFO - [2024-06-22T11:22:30.877+0000] {dag.py:3954} INFO - Setting next_dagrun for example_bash_decorator to None, run_after=None
[2024-06-22T11:22:30.982+0000] {processor.py:183} INFO - Processing /home/airflow/.local/lib/python3.12/site-packages/airflow/example_dags/example_bash_decorator.py took 0.291 seconds
[2024-06-22T11:23:01.525+0000] {processor.py:161} INFO - Started process (PID=1866) to work on /home/airflow/.local/lib/python3.12/site-packages/airflow/example_dags/example_bash_decorator.py
[2024-06-22T11:23:01.543+0000] {processor.py:830} INFO - Processing file /home/airflow/.local/lib/python3.12/site-packages/airflow/example_dags/example_bash_decorator.py for tasks to queue
[2024-06-22T11:23:01.556+0000] {logging_mixin.py:188} INFO - [2024-06-22T11:23:01.556+0000] {dagbag.py:540} INFO - Filling up the DagBag from /home/airflow/.local/lib/python3.12/site-packages/airflow/example_dags/example_bash_decorator.py
[2024-06-22T11:23:01.674+0000] {processor.py:840} INFO - DAG(s) 'example_bash_decorator' retrieved from /home/airflow/.local/lib/python3.12/site-packages/airflow/example_dags/example_bash_decorator.py
[2024-06-22T11:23:01.879+0000] {logging_mixin.py:188} INFO - [2024-06-22T11:23:01.879+0000] {dag.py:3096} INFO - Sync 1 DAGs
[2024-06-22T11:23:01.953+0000] {logging_mixin.py:188} INFO - [2024-06-22T11:23:01.953+0000] {dag.py:3954} INFO - Setting next_dagrun for example_bash_decorator to None, run_after=None
[2024-06-22T11:23:02.064+0000] {processor.py:183} INFO - Processing /home/airflow/.local/lib/python3.12/site-packages/airflow/example_dags/example_bash_decorator.py took 0.583 seconds
[2024-06-22T11:23:32.849+0000] {processor.py:161} INFO - Started process (PID=1924) to work on /home/airflow/.local/lib/python3.12/site-packages/airflow/example_dags/example_bash_decorator.py
[2024-06-22T11:23:32.853+0000] {processor.py:830} INFO - Processing file /home/airflow/.local/lib/python3.12/site-packages/airflow/example_dags/example_bash_decorator.py for tasks to queue
[2024-06-22T11:23:32.865+0000] {logging_mixin.py:188} INFO - [2024-06-22T11:23:32.863+0000] {dagbag.py:540} INFO - Filling up the DagBag from /home/airflow/.local/lib/python3.12/site-packages/airflow/example_dags/example_bash_decorator.py
[2024-06-22T11:23:32.900+0000] {processor.py:840} INFO - DAG(s) 'example_bash_decorator' retrieved from /home/airflow/.local/lib/python3.12/site-packages/airflow/example_dags/example_bash_decorator.py
[2024-06-22T11:23:32.965+0000] {logging_mixin.py:188} INFO - [2024-06-22T11:23:32.965+0000] {dag.py:3096} INFO - Sync 1 DAGs
[2024-06-22T11:23:32.993+0000] {logging_mixin.py:188} INFO - [2024-06-22T11:23:32.992+0000] {dag.py:3954} INFO - Setting next_dagrun for example_bash_decorator to None, run_after=None
[2024-06-22T11:23:33.033+0000] {processor.py:183} INFO - Processing /home/airflow/.local/lib/python3.12/site-packages/airflow/example_dags/example_bash_decorator.py took 0.200 seconds
[2024-06-22T11:24:03.276+0000] {processor.py:161} INFO - Started process (PID=1982) to work on /home/airflow/.local/lib/python3.12/site-packages/airflow/example_dags/example_bash_decorator.py
[2024-06-22T11:24:03.279+0000] {processor.py:830} INFO - Processing file /home/airflow/.local/lib/python3.12/site-packages/airflow/example_dags/example_bash_decorator.py for tasks to queue
[2024-06-22T11:24:03.284+0000] {logging_mixin.py:188} INFO - [2024-06-22T11:24:03.283+0000] {dagbag.py:540} INFO - Filling up the DagBag from /home/airflow/.local/lib/python3.12/site-packages/airflow/example_dags/example_bash_decorator.py
[2024-06-22T11:24:03.314+0000] {processor.py:840} INFO - DAG(s) 'example_bash_decorator' retrieved from /home/airflow/.local/lib/python3.12/site-packages/airflow/example_dags/example_bash_decorator.py
[2024-06-22T11:24:03.370+0000] {logging_mixin.py:188} INFO - [2024-06-22T11:24:03.369+0000] {dag.py:3096} INFO - Sync 1 DAGs
[2024-06-22T11:24:03.394+0000] {logging_mixin.py:188} INFO - [2024-06-22T11:24:03.393+0000] {dag.py:3954} INFO - Setting next_dagrun for example_bash_decorator to None, run_after=None
[2024-06-22T11:24:03.426+0000] {processor.py:183} INFO - Processing /home/airflow/.local/lib/python3.12/site-packages/airflow/example_dags/example_bash_decorator.py took 0.162 seconds
