[2024-06-22T04:11:12.451+0000] {processor.py:161} INFO - Started process (PID=56) to work on /home/airflow/.local/lib/python3.12/site-packages/airflow/example_dags/example_setup_teardown.py
[2024-06-22T04:11:12.467+0000] {processor.py:830} INFO - Processing file /home/airflow/.local/lib/python3.12/site-packages/airflow/example_dags/example_setup_teardown.py for tasks to queue
[2024-06-22T04:11:12.473+0000] {logging_mixin.py:188} INFO - [2024-06-22T04:11:12.473+0000] {dagbag.py:540} INFO - Filling up the DagBag from /home/airflow/.local/lib/python3.12/site-packages/airflow/example_dags/example_setup_teardown.py
[2024-06-22T04:11:12.512+0000] {processor.py:840} INFO - DAG(s) 'example_setup_teardown' retrieved from /home/airflow/.local/lib/python3.12/site-packages/airflow/example_dags/example_setup_teardown.py
[2024-06-22T04:11:12.564+0000] {logging_mixin.py:188} INFO - [2024-06-22T04:11:12.563+0000] {dag.py:3096} INFO - Sync 1 DAGs
[2024-06-22T04:11:12.696+0000] {logging_mixin.py:188} INFO - [2024-06-22T04:11:12.696+0000] {dag.py:3954} INFO - Setting next_dagrun for example_setup_teardown to 2024-06-21 00:00:00+00:00, run_after=2024-06-22 00:00:00+00:00
[2024-06-22T04:11:12.807+0000] {processor.py:183} INFO - Processing /home/airflow/.local/lib/python3.12/site-packages/airflow/example_dags/example_setup_teardown.py took 0.387 seconds
[2024-06-22T04:11:43.298+0000] {processor.py:161} INFO - Started process (PID=115) to work on /home/airflow/.local/lib/python3.12/site-packages/airflow/example_dags/example_setup_teardown.py
[2024-06-22T04:11:43.300+0000] {processor.py:830} INFO - Processing file /home/airflow/.local/lib/python3.12/site-packages/airflow/example_dags/example_setup_teardown.py for tasks to queue
[2024-06-22T04:11:43.305+0000] {logging_mixin.py:188} INFO - [2024-06-22T04:11:43.304+0000] {dagbag.py:540} INFO - Filling up the DagBag from /home/airflow/.local/lib/python3.12/site-packages/airflow/example_dags/example_setup_teardown.py
[2024-06-22T04:11:43.318+0000] {processor.py:840} INFO - DAG(s) 'example_setup_teardown' retrieved from /home/airflow/.local/lib/python3.12/site-packages/airflow/example_dags/example_setup_teardown.py
[2024-06-22T04:11:43.499+0000] {logging_mixin.py:188} INFO - [2024-06-22T04:11:43.497+0000] {dag.py:3096} INFO - Sync 1 DAGs
[2024-06-22T04:11:43.540+0000] {logging_mixin.py:188} INFO - [2024-06-22T04:11:43.540+0000] {dag.py:3954} INFO - Setting next_dagrun for example_setup_teardown to 2024-06-21 00:00:00+00:00, run_after=2024-06-22 00:00:00+00:00
[2024-06-22T04:11:43.570+0000] {processor.py:183} INFO - Processing /home/airflow/.local/lib/python3.12/site-packages/airflow/example_dags/example_setup_teardown.py took 0.285 seconds
[2024-06-22T04:12:14.383+0000] {processor.py:161} INFO - Started process (PID=173) to work on /home/airflow/.local/lib/python3.12/site-packages/airflow/example_dags/example_setup_teardown.py
[2024-06-22T04:12:14.385+0000] {processor.py:830} INFO - Processing file /home/airflow/.local/lib/python3.12/site-packages/airflow/example_dags/example_setup_teardown.py for tasks to queue
[2024-06-22T04:12:14.389+0000] {logging_mixin.py:188} INFO - [2024-06-22T04:12:14.388+0000] {dagbag.py:540} INFO - Filling up the DagBag from /home/airflow/.local/lib/python3.12/site-packages/airflow/example_dags/example_setup_teardown.py
[2024-06-22T04:12:14.408+0000] {processor.py:840} INFO - DAG(s) 'example_setup_teardown' retrieved from /home/airflow/.local/lib/python3.12/site-packages/airflow/example_dags/example_setup_teardown.py
[2024-06-22T04:12:14.444+0000] {logging_mixin.py:188} INFO - [2024-06-22T04:12:14.444+0000] {dag.py:3096} INFO - Sync 1 DAGs
[2024-06-22T04:12:14.481+0000] {logging_mixin.py:188} INFO - [2024-06-22T04:12:14.481+0000] {dag.py:3954} INFO - Setting next_dagrun for example_setup_teardown to 2024-06-21 00:00:00+00:00, run_after=2024-06-22 00:00:00+00:00
[2024-06-22T04:12:14.540+0000] {processor.py:183} INFO - Processing /home/airflow/.local/lib/python3.12/site-packages/airflow/example_dags/example_setup_teardown.py took 0.171 seconds
[2024-06-22T04:12:45.734+0000] {processor.py:161} INFO - Started process (PID=232) to work on /home/airflow/.local/lib/python3.12/site-packages/airflow/example_dags/example_setup_teardown.py
[2024-06-22T04:12:45.740+0000] {processor.py:830} INFO - Processing file /home/airflow/.local/lib/python3.12/site-packages/airflow/example_dags/example_setup_teardown.py for tasks to queue
[2024-06-22T04:12:45.751+0000] {logging_mixin.py:188} INFO - [2024-06-22T04:12:45.749+0000] {dagbag.py:540} INFO - Filling up the DagBag from /home/airflow/.local/lib/python3.12/site-packages/airflow/example_dags/example_setup_teardown.py
[2024-06-22T04:12:45.790+0000] {processor.py:840} INFO - DAG(s) 'example_setup_teardown' retrieved from /home/airflow/.local/lib/python3.12/site-packages/airflow/example_dags/example_setup_teardown.py
[2024-06-22T04:12:45.873+0000] {logging_mixin.py:188} INFO - [2024-06-22T04:12:45.873+0000] {dag.py:3096} INFO - Sync 1 DAGs
[2024-06-22T04:12:46.028+0000] {logging_mixin.py:188} INFO - [2024-06-22T04:12:46.027+0000] {dag.py:3954} INFO - Setting next_dagrun for example_setup_teardown to 2024-06-21 00:00:00+00:00, run_after=2024-06-22 00:00:00+00:00
[2024-06-22T04:12:46.125+0000] {processor.py:183} INFO - Processing /home/airflow/.local/lib/python3.12/site-packages/airflow/example_dags/example_setup_teardown.py took 0.421 seconds
[2024-06-22T04:13:16.804+0000] {processor.py:161} INFO - Started process (PID=291) to work on /home/airflow/.local/lib/python3.12/site-packages/airflow/example_dags/example_setup_teardown.py
[2024-06-22T04:13:16.806+0000] {processor.py:830} INFO - Processing file /home/airflow/.local/lib/python3.12/site-packages/airflow/example_dags/example_setup_teardown.py for tasks to queue
[2024-06-22T04:13:16.810+0000] {logging_mixin.py:188} INFO - [2024-06-22T04:13:16.809+0000] {dagbag.py:540} INFO - Filling up the DagBag from /home/airflow/.local/lib/python3.12/site-packages/airflow/example_dags/example_setup_teardown.py
[2024-06-22T04:13:16.822+0000] {processor.py:840} INFO - DAG(s) 'example_setup_teardown' retrieved from /home/airflow/.local/lib/python3.12/site-packages/airflow/example_dags/example_setup_teardown.py
[2024-06-22T04:13:16.852+0000] {logging_mixin.py:188} INFO - [2024-06-22T04:13:16.852+0000] {dag.py:3096} INFO - Sync 1 DAGs
[2024-06-22T04:13:16.890+0000] {logging_mixin.py:188} INFO - [2024-06-22T04:13:16.890+0000] {dag.py:3954} INFO - Setting next_dagrun for example_setup_teardown to 2024-06-21 00:00:00+00:00, run_after=2024-06-22 00:00:00+00:00
[2024-06-22T04:13:16.916+0000] {processor.py:183} INFO - Processing /home/airflow/.local/lib/python3.12/site-packages/airflow/example_dags/example_setup_teardown.py took 0.121 seconds
[2024-06-22T04:13:47.299+0000] {processor.py:161} INFO - Started process (PID=350) to work on /home/airflow/.local/lib/python3.12/site-packages/airflow/example_dags/example_setup_teardown.py
[2024-06-22T04:13:47.300+0000] {processor.py:830} INFO - Processing file /home/airflow/.local/lib/python3.12/site-packages/airflow/example_dags/example_setup_teardown.py for tasks to queue
[2024-06-22T04:13:47.305+0000] {logging_mixin.py:188} INFO - [2024-06-22T04:13:47.304+0000] {dagbag.py:540} INFO - Filling up the DagBag from /home/airflow/.local/lib/python3.12/site-packages/airflow/example_dags/example_setup_teardown.py
[2024-06-22T04:13:47.327+0000] {processor.py:840} INFO - DAG(s) 'example_setup_teardown' retrieved from /home/airflow/.local/lib/python3.12/site-packages/airflow/example_dags/example_setup_teardown.py
[2024-06-22T04:13:47.360+0000] {logging_mixin.py:188} INFO - [2024-06-22T04:13:47.360+0000] {dag.py:3096} INFO - Sync 1 DAGs
[2024-06-22T04:13:47.407+0000] {logging_mixin.py:188} INFO - [2024-06-22T04:13:47.406+0000] {dag.py:3954} INFO - Setting next_dagrun for example_setup_teardown to 2024-06-21 00:00:00+00:00, run_after=2024-06-22 00:00:00+00:00
[2024-06-22T04:13:47.440+0000] {processor.py:183} INFO - Processing /home/airflow/.local/lib/python3.12/site-packages/airflow/example_dags/example_setup_teardown.py took 0.155 seconds
[2024-06-22T04:14:17.968+0000] {processor.py:161} INFO - Started process (PID=412) to work on /home/airflow/.local/lib/python3.12/site-packages/airflow/example_dags/example_setup_teardown.py
[2024-06-22T04:14:17.973+0000] {processor.py:830} INFO - Processing file /home/airflow/.local/lib/python3.12/site-packages/airflow/example_dags/example_setup_teardown.py for tasks to queue
[2024-06-22T04:14:17.976+0000] {logging_mixin.py:188} INFO - [2024-06-22T04:14:17.975+0000] {dagbag.py:540} INFO - Filling up the DagBag from /home/airflow/.local/lib/python3.12/site-packages/airflow/example_dags/example_setup_teardown.py
[2024-06-22T04:14:17.985+0000] {processor.py:840} INFO - DAG(s) 'example_setup_teardown' retrieved from /home/airflow/.local/lib/python3.12/site-packages/airflow/example_dags/example_setup_teardown.py
[2024-06-22T04:14:18.034+0000] {logging_mixin.py:188} INFO - [2024-06-22T04:14:18.034+0000] {dag.py:3096} INFO - Sync 1 DAGs
[2024-06-22T04:14:18.080+0000] {logging_mixin.py:188} INFO - [2024-06-22T04:14:18.080+0000] {dag.py:3954} INFO - Setting next_dagrun for example_setup_teardown to 2024-06-21 00:00:00+00:00, run_after=2024-06-22 00:00:00+00:00
[2024-06-22T04:14:18.119+0000] {processor.py:183} INFO - Processing /home/airflow/.local/lib/python3.12/site-packages/airflow/example_dags/example_setup_teardown.py took 0.160 seconds
[2024-06-22T04:14:48.517+0000] {processor.py:161} INFO - Started process (PID=471) to work on /home/airflow/.local/lib/python3.12/site-packages/airflow/example_dags/example_setup_teardown.py
[2024-06-22T04:14:48.519+0000] {processor.py:830} INFO - Processing file /home/airflow/.local/lib/python3.12/site-packages/airflow/example_dags/example_setup_teardown.py for tasks to queue
[2024-06-22T04:14:48.528+0000] {logging_mixin.py:188} INFO - [2024-06-22T04:14:48.527+0000] {dagbag.py:540} INFO - Filling up the DagBag from /home/airflow/.local/lib/python3.12/site-packages/airflow/example_dags/example_setup_teardown.py
[2024-06-22T04:14:48.541+0000] {processor.py:840} INFO - DAG(s) 'example_setup_teardown' retrieved from /home/airflow/.local/lib/python3.12/site-packages/airflow/example_dags/example_setup_teardown.py
[2024-06-22T04:14:48.591+0000] {logging_mixin.py:188} INFO - [2024-06-22T04:14:48.591+0000] {dag.py:3096} INFO - Sync 1 DAGs
[2024-06-22T04:14:48.624+0000] {logging_mixin.py:188} INFO - [2024-06-22T04:14:48.624+0000] {dag.py:3954} INFO - Setting next_dagrun for example_setup_teardown to 2024-06-21 00:00:00+00:00, run_after=2024-06-22 00:00:00+00:00
[2024-06-22T04:14:48.649+0000] {processor.py:183} INFO - Processing /home/airflow/.local/lib/python3.12/site-packages/airflow/example_dags/example_setup_teardown.py took 0.144 seconds
[2024-06-22T04:15:19.153+0000] {processor.py:161} INFO - Started process (PID=532) to work on /home/airflow/.local/lib/python3.12/site-packages/airflow/example_dags/example_setup_teardown.py
[2024-06-22T04:15:19.155+0000] {processor.py:830} INFO - Processing file /home/airflow/.local/lib/python3.12/site-packages/airflow/example_dags/example_setup_teardown.py for tasks to queue
[2024-06-22T04:15:19.159+0000] {logging_mixin.py:188} INFO - [2024-06-22T04:15:19.158+0000] {dagbag.py:540} INFO - Filling up the DagBag from /home/airflow/.local/lib/python3.12/site-packages/airflow/example_dags/example_setup_teardown.py
[2024-06-22T04:15:19.170+0000] {processor.py:840} INFO - DAG(s) 'example_setup_teardown' retrieved from /home/airflow/.local/lib/python3.12/site-packages/airflow/example_dags/example_setup_teardown.py
[2024-06-22T04:15:19.204+0000] {logging_mixin.py:188} INFO - [2024-06-22T04:15:19.204+0000] {dag.py:3096} INFO - Sync 1 DAGs
[2024-06-22T04:15:19.259+0000] {logging_mixin.py:188} INFO - [2024-06-22T04:15:19.259+0000] {dag.py:3954} INFO - Setting next_dagrun for example_setup_teardown to 2024-06-21 00:00:00+00:00, run_after=2024-06-22 00:00:00+00:00
[2024-06-22T04:15:19.282+0000] {processor.py:183} INFO - Processing /home/airflow/.local/lib/python3.12/site-packages/airflow/example_dags/example_setup_teardown.py took 0.139 seconds
[2024-06-22T04:15:49.657+0000] {processor.py:161} INFO - Started process (PID=590) to work on /home/airflow/.local/lib/python3.12/site-packages/airflow/example_dags/example_setup_teardown.py
[2024-06-22T04:15:49.659+0000] {processor.py:830} INFO - Processing file /home/airflow/.local/lib/python3.12/site-packages/airflow/example_dags/example_setup_teardown.py for tasks to queue
[2024-06-22T04:15:49.663+0000] {logging_mixin.py:188} INFO - [2024-06-22T04:15:49.662+0000] {dagbag.py:540} INFO - Filling up the DagBag from /home/airflow/.local/lib/python3.12/site-packages/airflow/example_dags/example_setup_teardown.py
[2024-06-22T04:15:49.673+0000] {processor.py:840} INFO - DAG(s) 'example_setup_teardown' retrieved from /home/airflow/.local/lib/python3.12/site-packages/airflow/example_dags/example_setup_teardown.py
[2024-06-22T04:15:49.703+0000] {logging_mixin.py:188} INFO - [2024-06-22T04:15:49.703+0000] {dag.py:3096} INFO - Sync 1 DAGs
[2024-06-22T04:15:49.748+0000] {logging_mixin.py:188} INFO - [2024-06-22T04:15:49.748+0000] {dag.py:3954} INFO - Setting next_dagrun for example_setup_teardown to 2024-06-21 00:00:00+00:00, run_after=2024-06-22 00:00:00+00:00
[2024-06-22T04:15:49.772+0000] {processor.py:183} INFO - Processing /home/airflow/.local/lib/python3.12/site-packages/airflow/example_dags/example_setup_teardown.py took 0.123 seconds
[2024-06-22T04:16:19.908+0000] {processor.py:161} INFO - Started process (PID=650) to work on /home/airflow/.local/lib/python3.12/site-packages/airflow/example_dags/example_setup_teardown.py
[2024-06-22T04:16:19.911+0000] {processor.py:830} INFO - Processing file /home/airflow/.local/lib/python3.12/site-packages/airflow/example_dags/example_setup_teardown.py for tasks to queue
[2024-06-22T04:16:19.915+0000] {logging_mixin.py:188} INFO - [2024-06-22T04:16:19.915+0000] {dagbag.py:540} INFO - Filling up the DagBag from /home/airflow/.local/lib/python3.12/site-packages/airflow/example_dags/example_setup_teardown.py
[2024-06-22T04:16:19.928+0000] {processor.py:840} INFO - DAG(s) 'example_setup_teardown' retrieved from /home/airflow/.local/lib/python3.12/site-packages/airflow/example_dags/example_setup_teardown.py
[2024-06-22T04:16:19.968+0000] {logging_mixin.py:188} INFO - [2024-06-22T04:16:19.967+0000] {dag.py:3096} INFO - Sync 1 DAGs
[2024-06-22T04:16:20.013+0000] {logging_mixin.py:188} INFO - [2024-06-22T04:16:20.012+0000] {dag.py:3954} INFO - Setting next_dagrun for example_setup_teardown to 2024-06-21 00:00:00+00:00, run_after=2024-06-22 00:00:00+00:00
[2024-06-22T04:16:20.039+0000] {processor.py:183} INFO - Processing /home/airflow/.local/lib/python3.12/site-packages/airflow/example_dags/example_setup_teardown.py took 0.142 seconds
[2024-06-22T04:16:51.411+0000] {processor.py:161} INFO - Started process (PID=709) to work on /home/airflow/.local/lib/python3.12/site-packages/airflow/example_dags/example_setup_teardown.py
[2024-06-22T04:16:51.414+0000] {processor.py:830} INFO - Processing file /home/airflow/.local/lib/python3.12/site-packages/airflow/example_dags/example_setup_teardown.py for tasks to queue
[2024-06-22T04:16:51.419+0000] {logging_mixin.py:188} INFO - [2024-06-22T04:16:51.419+0000] {dagbag.py:540} INFO - Filling up the DagBag from /home/airflow/.local/lib/python3.12/site-packages/airflow/example_dags/example_setup_teardown.py
[2024-06-22T04:16:51.434+0000] {processor.py:840} INFO - DAG(s) 'example_setup_teardown' retrieved from /home/airflow/.local/lib/python3.12/site-packages/airflow/example_dags/example_setup_teardown.py
[2024-06-22T04:16:51.469+0000] {logging_mixin.py:188} INFO - [2024-06-22T04:16:51.469+0000] {dag.py:3096} INFO - Sync 1 DAGs
[2024-06-22T04:16:51.504+0000] {logging_mixin.py:188} INFO - [2024-06-22T04:16:51.503+0000] {dag.py:3954} INFO - Setting next_dagrun for example_setup_teardown to 2024-06-21 00:00:00+00:00, run_after=2024-06-22 00:00:00+00:00
[2024-06-22T04:16:51.535+0000] {processor.py:183} INFO - Processing /home/airflow/.local/lib/python3.12/site-packages/airflow/example_dags/example_setup_teardown.py took 0.135 seconds
[2024-06-22T04:17:22.077+0000] {processor.py:161} INFO - Started process (PID=769) to work on /home/airflow/.local/lib/python3.12/site-packages/airflow/example_dags/example_setup_teardown.py
[2024-06-22T04:17:22.083+0000] {processor.py:830} INFO - Processing file /home/airflow/.local/lib/python3.12/site-packages/airflow/example_dags/example_setup_teardown.py for tasks to queue
[2024-06-22T04:17:22.091+0000] {logging_mixin.py:188} INFO - [2024-06-22T04:17:22.091+0000] {dagbag.py:540} INFO - Filling up the DagBag from /home/airflow/.local/lib/python3.12/site-packages/airflow/example_dags/example_setup_teardown.py
[2024-06-22T04:17:22.124+0000] {processor.py:840} INFO - DAG(s) 'example_setup_teardown' retrieved from /home/airflow/.local/lib/python3.12/site-packages/airflow/example_dags/example_setup_teardown.py
[2024-06-22T04:17:22.207+0000] {logging_mixin.py:188} INFO - [2024-06-22T04:17:22.206+0000] {dag.py:3096} INFO - Sync 1 DAGs
[2024-06-22T04:17:22.296+0000] {logging_mixin.py:188} INFO - [2024-06-22T04:17:22.293+0000] {dag.py:3954} INFO - Setting next_dagrun for example_setup_teardown to 2024-06-21 00:00:00+00:00, run_after=2024-06-22 00:00:00+00:00
[2024-06-22T04:17:22.364+0000] {processor.py:183} INFO - Processing /home/airflow/.local/lib/python3.12/site-packages/airflow/example_dags/example_setup_teardown.py took 0.309 seconds
[2024-06-22T06:19:47.666+0000] {processor.py:161} INFO - Started process (PID=854) to work on /home/airflow/.local/lib/python3.12/site-packages/airflow/example_dags/example_setup_teardown.py
[2024-06-22T06:19:47.717+0000] {processor.py:830} INFO - Processing file /home/airflow/.local/lib/python3.12/site-packages/airflow/example_dags/example_setup_teardown.py for tasks to queue
[2024-06-22T06:19:47.802+0000] {logging_mixin.py:188} INFO - [2024-06-22T06:19:47.760+0000] {dagbag.py:540} INFO - Filling up the DagBag from /home/airflow/.local/lib/python3.12/site-packages/airflow/example_dags/example_setup_teardown.py
[2024-06-22T06:19:48.708+0000] {processor.py:840} INFO - DAG(s) 'example_setup_teardown' retrieved from /home/airflow/.local/lib/python3.12/site-packages/airflow/example_dags/example_setup_teardown.py
[2024-06-22T06:19:49.813+0000] {logging_mixin.py:188} INFO - [2024-06-22T06:19:49.798+0000] {dag.py:3096} INFO - Sync 1 DAGs
[2024-06-22T06:19:51.778+0000] {logging_mixin.py:188} INFO - [2024-06-22T06:19:51.760+0000] {dag.py:3954} INFO - Setting next_dagrun for example_setup_teardown to 2024-06-21 00:00:00+00:00, run_after=2024-06-22 00:00:00+00:00
[2024-06-22T06:19:53.222+0000] {processor.py:183} INFO - Processing /home/airflow/.local/lib/python3.12/site-packages/airflow/example_dags/example_setup_teardown.py took 5.773 seconds
[2024-06-22T06:22:54.894+0000] {processor.py:161} INFO - Started process (PID=938) to work on /home/airflow/.local/lib/python3.12/site-packages/airflow/example_dags/example_setup_teardown.py
[2024-06-22T06:22:54.924+0000] {processor.py:830} INFO - Processing file /home/airflow/.local/lib/python3.12/site-packages/airflow/example_dags/example_setup_teardown.py for tasks to queue
[2024-06-22T06:22:54.958+0000] {logging_mixin.py:188} INFO - [2024-06-22T06:22:54.955+0000] {dagbag.py:540} INFO - Filling up the DagBag from /home/airflow/.local/lib/python3.12/site-packages/airflow/example_dags/example_setup_teardown.py
[2024-06-22T06:22:55.198+0000] {processor.py:840} INFO - DAG(s) 'example_setup_teardown' retrieved from /home/airflow/.local/lib/python3.12/site-packages/airflow/example_dags/example_setup_teardown.py
[2024-06-22T06:22:55.703+0000] {logging_mixin.py:188} INFO - [2024-06-22T06:22:55.702+0000] {dag.py:3096} INFO - Sync 1 DAGs
[2024-06-22T06:22:56.494+0000] {logging_mixin.py:188} INFO - [2024-06-22T06:22:56.484+0000] {dag.py:3954} INFO - Setting next_dagrun for example_setup_teardown to 2024-06-21 00:00:00+00:00, run_after=2024-06-22 00:00:00+00:00
[2024-06-22T06:22:56.894+0000] {processor.py:183} INFO - Processing /home/airflow/.local/lib/python3.12/site-packages/airflow/example_dags/example_setup_teardown.py took 2.199 seconds
[2024-06-22T06:54:48.002+0000] {processor.py:161} INFO - Started process (PID=1002) to work on /home/airflow/.local/lib/python3.12/site-packages/airflow/example_dags/example_setup_teardown.py
[2024-06-22T06:54:48.043+0000] {processor.py:830} INFO - Processing file /home/airflow/.local/lib/python3.12/site-packages/airflow/example_dags/example_setup_teardown.py for tasks to queue
[2024-06-22T06:54:48.099+0000] {logging_mixin.py:188} INFO - [2024-06-22T06:54:48.087+0000] {dagbag.py:540} INFO - Filling up the DagBag from /home/airflow/.local/lib/python3.12/site-packages/airflow/example_dags/example_setup_teardown.py
[2024-06-22T06:54:48.381+0000] {processor.py:840} INFO - DAG(s) 'example_setup_teardown' retrieved from /home/airflow/.local/lib/python3.12/site-packages/airflow/example_dags/example_setup_teardown.py
[2024-06-22T06:54:50.179+0000] {logging_mixin.py:188} INFO - [2024-06-22T06:54:50.158+0000] {dag.py:3096} INFO - Sync 1 DAGs
[2024-06-22T06:54:52.429+0000] {logging_mixin.py:188} INFO - [2024-06-22T06:54:52.404+0000] {dag.py:3954} INFO - Setting next_dagrun for example_setup_teardown to 2024-06-21 00:00:00+00:00, run_after=2024-06-22 00:00:00+00:00
[2024-06-22T06:54:54.131+0000] {processor.py:183} INFO - Processing /home/airflow/.local/lib/python3.12/site-packages/airflow/example_dags/example_setup_teardown.py took 6.512 seconds
[2024-06-22T06:57:43.173+0000] {processor.py:161} INFO - Started process (PID=1075) to work on /home/airflow/.local/lib/python3.12/site-packages/airflow/example_dags/example_setup_teardown.py
[2024-06-22T06:57:43.302+0000] {processor.py:830} INFO - Processing file /home/airflow/.local/lib/python3.12/site-packages/airflow/example_dags/example_setup_teardown.py for tasks to queue
[2024-06-22T06:57:43.344+0000] {logging_mixin.py:188} INFO - [2024-06-22T06:57:43.339+0000] {dagbag.py:540} INFO - Filling up the DagBag from /home/airflow/.local/lib/python3.12/site-packages/airflow/example_dags/example_setup_teardown.py
[2024-06-22T06:57:43.663+0000] {processor.py:840} INFO - DAG(s) 'example_setup_teardown' retrieved from /home/airflow/.local/lib/python3.12/site-packages/airflow/example_dags/example_setup_teardown.py
[2024-06-22T06:57:44.553+0000] {logging_mixin.py:188} INFO - [2024-06-22T06:57:44.551+0000] {dag.py:3096} INFO - Sync 1 DAGs
[2024-06-22T06:57:45.459+0000] {logging_mixin.py:188} INFO - [2024-06-22T06:57:45.448+0000] {dag.py:3954} INFO - Setting next_dagrun for example_setup_teardown to 2024-06-21 00:00:00+00:00, run_after=2024-06-22 00:00:00+00:00
[2024-06-22T06:57:46.005+0000] {processor.py:183} INFO - Processing /home/airflow/.local/lib/python3.12/site-packages/airflow/example_dags/example_setup_teardown.py took 3.481 seconds
[2024-06-22T07:31:40.532+0000] {processor.py:161} INFO - Started process (PID=1170) to work on /home/airflow/.local/lib/python3.12/site-packages/airflow/example_dags/example_setup_teardown.py
[2024-06-22T07:31:40.543+0000] {processor.py:830} INFO - Processing file /home/airflow/.local/lib/python3.12/site-packages/airflow/example_dags/example_setup_teardown.py for tasks to queue
[2024-06-22T07:31:40.557+0000] {logging_mixin.py:188} INFO - [2024-06-22T07:31:40.556+0000] {dagbag.py:540} INFO - Filling up the DagBag from /home/airflow/.local/lib/python3.12/site-packages/airflow/example_dags/example_setup_teardown.py
[2024-06-22T07:31:40.671+0000] {processor.py:840} INFO - DAG(s) 'example_setup_teardown' retrieved from /home/airflow/.local/lib/python3.12/site-packages/airflow/example_dags/example_setup_teardown.py
[2024-06-22T07:31:40.774+0000] {logging_mixin.py:188} INFO - [2024-06-22T07:31:40.773+0000] {dag.py:3096} INFO - Sync 1 DAGs
[2024-06-22T07:31:40.893+0000] {logging_mixin.py:188} INFO - [2024-06-22T07:31:40.892+0000] {dag.py:3954} INFO - Setting next_dagrun for example_setup_teardown to 2024-06-21 00:00:00+00:00, run_after=2024-06-22 00:00:00+00:00
[2024-06-22T07:31:41.123+0000] {processor.py:183} INFO - Processing /home/airflow/.local/lib/python3.12/site-packages/airflow/example_dags/example_setup_teardown.py took 0.620 seconds
[2024-06-22T07:32:30.398+0000] {processor.py:161} INFO - Started process (PID=1219) to work on /home/airflow/.local/lib/python3.12/site-packages/airflow/example_dags/example_setup_teardown.py
[2024-06-22T07:32:30.414+0000] {processor.py:830} INFO - Processing file /home/airflow/.local/lib/python3.12/site-packages/airflow/example_dags/example_setup_teardown.py for tasks to queue
[2024-06-22T07:32:30.418+0000] {logging_mixin.py:188} INFO - [2024-06-22T07:32:30.415+0000] {dagbag.py:540} INFO - Filling up the DagBag from /home/airflow/.local/lib/python3.12/site-packages/airflow/example_dags/example_setup_teardown.py
[2024-06-22T07:32:30.458+0000] {processor.py:840} INFO - DAG(s) 'example_setup_teardown' retrieved from /home/airflow/.local/lib/python3.12/site-packages/airflow/example_dags/example_setup_teardown.py
[2024-06-22T07:32:30.588+0000] {logging_mixin.py:188} INFO - [2024-06-22T07:32:30.588+0000] {dag.py:3096} INFO - Sync 1 DAGs
[2024-06-22T07:32:30.744+0000] {logging_mixin.py:188} INFO - [2024-06-22T07:32:30.744+0000] {dag.py:3954} INFO - Setting next_dagrun for example_setup_teardown to 2024-06-21 00:00:00+00:00, run_after=2024-06-22 00:00:00+00:00
[2024-06-22T07:32:30.895+0000] {processor.py:183} INFO - Processing /home/airflow/.local/lib/python3.12/site-packages/airflow/example_dags/example_setup_teardown.py took 0.529 seconds
[2024-06-22T07:49:30.378+0000] {processor.py:161} INFO - Started process (PID=1277) to work on /home/airflow/.local/lib/python3.12/site-packages/airflow/example_dags/example_setup_teardown.py
[2024-06-22T07:49:30.416+0000] {processor.py:830} INFO - Processing file /home/airflow/.local/lib/python3.12/site-packages/airflow/example_dags/example_setup_teardown.py for tasks to queue
[2024-06-22T07:49:30.453+0000] {logging_mixin.py:188} INFO - [2024-06-22T07:49:30.432+0000] {dagbag.py:540} INFO - Filling up the DagBag from /home/airflow/.local/lib/python3.12/site-packages/airflow/example_dags/example_setup_teardown.py
[2024-06-22T07:49:30.811+0000] {processor.py:840} INFO - DAG(s) 'example_setup_teardown' retrieved from /home/airflow/.local/lib/python3.12/site-packages/airflow/example_dags/example_setup_teardown.py
[2024-06-22T07:49:31.511+0000] {logging_mixin.py:188} INFO - [2024-06-22T07:49:31.486+0000] {dag.py:3096} INFO - Sync 1 DAGs
[2024-06-22T07:49:32.654+0000] {logging_mixin.py:188} INFO - [2024-06-22T07:49:32.612+0000] {dag.py:3954} INFO - Setting next_dagrun for example_setup_teardown to 2024-06-21 00:00:00+00:00, run_after=2024-06-22 00:00:00+00:00
[2024-06-22T07:49:33.409+0000] {processor.py:183} INFO - Processing /home/airflow/.local/lib/python3.12/site-packages/airflow/example_dags/example_setup_teardown.py took 3.410 seconds
[2024-06-22T07:51:00.408+0000] {processor.py:161} INFO - Started process (PID=1333) to work on /home/airflow/.local/lib/python3.12/site-packages/airflow/example_dags/example_setup_teardown.py
[2024-06-22T07:51:00.444+0000] {processor.py:830} INFO - Processing file /home/airflow/.local/lib/python3.12/site-packages/airflow/example_dags/example_setup_teardown.py for tasks to queue
[2024-06-22T07:51:00.485+0000] {logging_mixin.py:188} INFO - [2024-06-22T07:51:00.464+0000] {dagbag.py:540} INFO - Filling up the DagBag from /home/airflow/.local/lib/python3.12/site-packages/airflow/example_dags/example_setup_teardown.py
[2024-06-22T07:51:01.513+0000] {processor.py:840} INFO - DAG(s) 'example_setup_teardown' retrieved from /home/airflow/.local/lib/python3.12/site-packages/airflow/example_dags/example_setup_teardown.py
[2024-06-22T07:51:03.074+0000] {logging_mixin.py:188} INFO - [2024-06-22T07:51:03.042+0000] {dag.py:3096} INFO - Sync 1 DAGs
[2024-06-22T07:51:04.386+0000] {logging_mixin.py:188} INFO - [2024-06-22T07:51:04.384+0000] {dag.py:3954} INFO - Setting next_dagrun for example_setup_teardown to 2024-06-21 00:00:00+00:00, run_after=2024-06-22 00:00:00+00:00
[2024-06-22T07:51:04.804+0000] {processor.py:183} INFO - Processing /home/airflow/.local/lib/python3.12/site-packages/airflow/example_dags/example_setup_teardown.py took 4.714 seconds
[2024-06-22T07:53:09.038+0000] {processor.py:161} INFO - Started process (PID=1426) to work on /home/airflow/.local/lib/python3.12/site-packages/airflow/example_dags/example_setup_teardown.py
[2024-06-22T07:53:09.212+0000] {processor.py:830} INFO - Processing file /home/airflow/.local/lib/python3.12/site-packages/airflow/example_dags/example_setup_teardown.py for tasks to queue
[2024-06-22T07:53:09.288+0000] {logging_mixin.py:188} INFO - [2024-06-22T07:53:09.254+0000] {dagbag.py:540} INFO - Filling up the DagBag from /home/airflow/.local/lib/python3.12/site-packages/airflow/example_dags/example_setup_teardown.py
[2024-06-22T07:53:09.911+0000] {processor.py:840} INFO - DAG(s) 'example_setup_teardown' retrieved from /home/airflow/.local/lib/python3.12/site-packages/airflow/example_dags/example_setup_teardown.py
[2024-06-22T07:53:11.129+0000] {logging_mixin.py:188} INFO - [2024-06-22T07:53:11.127+0000] {dag.py:3096} INFO - Sync 1 DAGs
[2024-06-22T07:53:12.569+0000] {logging_mixin.py:188} INFO - [2024-06-22T07:53:12.567+0000] {dag.py:3954} INFO - Setting next_dagrun for example_setup_teardown to 2024-06-21 00:00:00+00:00, run_after=2024-06-22 00:00:00+00:00
[2024-06-22T07:53:13.535+0000] {processor.py:183} INFO - Processing /home/airflow/.local/lib/python3.12/site-packages/airflow/example_dags/example_setup_teardown.py took 5.002 seconds
[2024-06-22T07:55:34.636+0000] {processor.py:161} INFO - Started process (PID=1528) to work on /home/airflow/.local/lib/python3.12/site-packages/airflow/example_dags/example_setup_teardown.py
[2024-06-22T07:55:34.648+0000] {processor.py:830} INFO - Processing file /home/airflow/.local/lib/python3.12/site-packages/airflow/example_dags/example_setup_teardown.py for tasks to queue
[2024-06-22T07:55:34.675+0000] {logging_mixin.py:188} INFO - [2024-06-22T07:55:34.664+0000] {dagbag.py:540} INFO - Filling up the DagBag from /home/airflow/.local/lib/python3.12/site-packages/airflow/example_dags/example_setup_teardown.py
[2024-06-22T07:55:34.893+0000] {processor.py:840} INFO - DAG(s) 'example_setup_teardown' retrieved from /home/airflow/.local/lib/python3.12/site-packages/airflow/example_dags/example_setup_teardown.py
[2024-06-22T07:55:35.157+0000] {logging_mixin.py:188} INFO - [2024-06-22T07:55:35.155+0000] {dag.py:3096} INFO - Sync 1 DAGs
[2024-06-22T07:55:35.965+0000] {logging_mixin.py:188} INFO - [2024-06-22T07:55:35.964+0000] {dag.py:3954} INFO - Setting next_dagrun for example_setup_teardown to 2024-06-21 00:00:00+00:00, run_after=2024-06-22 00:00:00+00:00
[2024-06-22T07:55:36.446+0000] {processor.py:183} INFO - Processing /home/airflow/.local/lib/python3.12/site-packages/airflow/example_dags/example_setup_teardown.py took 1.956 seconds
[2024-06-22T07:57:36.392+0000] {processor.py:161} INFO - Started process (PID=1627) to work on /home/airflow/.local/lib/python3.12/site-packages/airflow/example_dags/example_setup_teardown.py
[2024-06-22T07:57:36.396+0000] {processor.py:830} INFO - Processing file /home/airflow/.local/lib/python3.12/site-packages/airflow/example_dags/example_setup_teardown.py for tasks to queue
[2024-06-22T07:57:36.404+0000] {logging_mixin.py:188} INFO - [2024-06-22T07:57:36.403+0000] {dagbag.py:540} INFO - Filling up the DagBag from /home/airflow/.local/lib/python3.12/site-packages/airflow/example_dags/example_setup_teardown.py
[2024-06-22T07:57:36.462+0000] {processor.py:840} INFO - DAG(s) 'example_setup_teardown' retrieved from /home/airflow/.local/lib/python3.12/site-packages/airflow/example_dags/example_setup_teardown.py
[2024-06-22T07:57:36.610+0000] {logging_mixin.py:188} INFO - [2024-06-22T07:57:36.610+0000] {dag.py:3096} INFO - Sync 1 DAGs
[2024-06-22T07:57:36.742+0000] {logging_mixin.py:188} INFO - [2024-06-22T07:57:36.742+0000] {dag.py:3954} INFO - Setting next_dagrun for example_setup_teardown to 2024-06-21 00:00:00+00:00, run_after=2024-06-22 00:00:00+00:00
[2024-06-22T07:57:36.877+0000] {processor.py:183} INFO - Processing /home/airflow/.local/lib/python3.12/site-packages/airflow/example_dags/example_setup_teardown.py took 0.525 seconds
[2024-06-22T08:28:38.983+0000] {processor.py:161} INFO - Started process (PID=1679) to work on /home/airflow/.local/lib/python3.12/site-packages/airflow/example_dags/example_setup_teardown.py
[2024-06-22T08:28:39.027+0000] {processor.py:830} INFO - Processing file /home/airflow/.local/lib/python3.12/site-packages/airflow/example_dags/example_setup_teardown.py for tasks to queue
[2024-06-22T08:28:39.041+0000] {logging_mixin.py:188} INFO - [2024-06-22T08:28:39.039+0000] {dagbag.py:540} INFO - Filling up the DagBag from /home/airflow/.local/lib/python3.12/site-packages/airflow/example_dags/example_setup_teardown.py
[2024-06-22T08:28:39.469+0000] {processor.py:840} INFO - DAG(s) 'example_setup_teardown' retrieved from /home/airflow/.local/lib/python3.12/site-packages/airflow/example_dags/example_setup_teardown.py
[2024-06-22T08:28:40.423+0000] {logging_mixin.py:188} INFO - [2024-06-22T08:28:40.408+0000] {dag.py:3096} INFO - Sync 1 DAGs
[2024-06-22T08:28:41.224+0000] {logging_mixin.py:188} INFO - [2024-06-22T08:28:41.189+0000] {dag.py:3954} INFO - Setting next_dagrun for example_setup_teardown to 2024-06-21 00:00:00+00:00, run_after=2024-06-22 00:00:00+00:00
[2024-06-22T08:28:42.402+0000] {processor.py:183} INFO - Processing /home/airflow/.local/lib/python3.12/site-packages/airflow/example_dags/example_setup_teardown.py took 3.734 seconds
[2024-06-22T08:30:15.052+0000] {processor.py:161} INFO - Started process (PID=1746) to work on /home/airflow/.local/lib/python3.12/site-packages/airflow/example_dags/example_setup_teardown.py
[2024-06-22T08:30:15.090+0000] {processor.py:830} INFO - Processing file /home/airflow/.local/lib/python3.12/site-packages/airflow/example_dags/example_setup_teardown.py for tasks to queue
[2024-06-22T08:30:15.151+0000] {logging_mixin.py:188} INFO - [2024-06-22T08:30:15.139+0000] {dagbag.py:540} INFO - Filling up the DagBag from /home/airflow/.local/lib/python3.12/site-packages/airflow/example_dags/example_setup_teardown.py
[2024-06-22T08:30:15.386+0000] {processor.py:840} INFO - DAG(s) 'example_setup_teardown' retrieved from /home/airflow/.local/lib/python3.12/site-packages/airflow/example_dags/example_setup_teardown.py
[2024-06-22T08:30:16.585+0000] {logging_mixin.py:188} INFO - [2024-06-22T08:30:16.562+0000] {dag.py:3096} INFO - Sync 1 DAGs
[2024-06-22T08:30:18.467+0000] {logging_mixin.py:188} INFO - [2024-06-22T08:30:18.442+0000] {dag.py:3954} INFO - Setting next_dagrun for example_setup_teardown to 2024-06-21 00:00:00+00:00, run_after=2024-06-22 00:00:00+00:00
[2024-06-22T08:30:19.555+0000] {processor.py:183} INFO - Processing /home/airflow/.local/lib/python3.12/site-packages/airflow/example_dags/example_setup_teardown.py took 4.660 seconds
[2024-06-22T08:32:44.732+0000] {processor.py:161} INFO - Started process (PID=1841) to work on /home/airflow/.local/lib/python3.12/site-packages/airflow/example_dags/example_setup_teardown.py
[2024-06-22T08:32:44.805+0000] {processor.py:830} INFO - Processing file /home/airflow/.local/lib/python3.12/site-packages/airflow/example_dags/example_setup_teardown.py for tasks to queue
[2024-06-22T08:32:44.838+0000] {logging_mixin.py:188} INFO - [2024-06-22T08:32:44.836+0000] {dagbag.py:540} INFO - Filling up the DagBag from /home/airflow/.local/lib/python3.12/site-packages/airflow/example_dags/example_setup_teardown.py
[2024-06-22T08:32:45.135+0000] {processor.py:840} INFO - DAG(s) 'example_setup_teardown' retrieved from /home/airflow/.local/lib/python3.12/site-packages/airflow/example_dags/example_setup_teardown.py
[2024-06-22T08:32:45.633+0000] {logging_mixin.py:188} INFO - [2024-06-22T08:32:45.631+0000] {dag.py:3096} INFO - Sync 1 DAGs
[2024-06-22T08:32:46.282+0000] {logging_mixin.py:188} INFO - [2024-06-22T08:32:46.280+0000] {dag.py:3954} INFO - Setting next_dagrun for example_setup_teardown to 2024-06-21 00:00:00+00:00, run_after=2024-06-22 00:00:00+00:00
[2024-06-22T08:32:46.841+0000] {processor.py:183} INFO - Processing /home/airflow/.local/lib/python3.12/site-packages/airflow/example_dags/example_setup_teardown.py took 2.352 seconds
[2024-06-22T08:35:25.039+0000] {processor.py:161} INFO - Started process (PID=1941) to work on /home/airflow/.local/lib/python3.12/site-packages/airflow/example_dags/example_setup_teardown.py
[2024-06-22T08:35:25.084+0000] {processor.py:830} INFO - Processing file /home/airflow/.local/lib/python3.12/site-packages/airflow/example_dags/example_setup_teardown.py for tasks to queue
[2024-06-22T08:35:25.119+0000] {logging_mixin.py:188} INFO - [2024-06-22T08:35:25.116+0000] {dagbag.py:540} INFO - Filling up the DagBag from /home/airflow/.local/lib/python3.12/site-packages/airflow/example_dags/example_setup_teardown.py
[2024-06-22T08:35:25.562+0000] {processor.py:840} INFO - DAG(s) 'example_setup_teardown' retrieved from /home/airflow/.local/lib/python3.12/site-packages/airflow/example_dags/example_setup_teardown.py
[2024-06-22T08:35:27.803+0000] {logging_mixin.py:188} INFO - [2024-06-22T08:35:27.526+0000] {dag.py:3096} INFO - Sync 1 DAGs
[2024-06-22T08:35:33.762+0000] {logging_mixin.py:188} INFO - [2024-06-22T08:35:33.744+0000] {dag.py:3954} INFO - Setting next_dagrun for example_setup_teardown to 2024-06-21 00:00:00+00:00, run_after=2024-06-22 00:00:00+00:00
[2024-06-22T08:35:34.831+0000] {processor.py:183} INFO - Processing /home/airflow/.local/lib/python3.12/site-packages/airflow/example_dags/example_setup_teardown.py took 10.127 seconds
[2024-06-22T09:12:53.978+0000] {processor.py:161} INFO - Started process (PID=1996) to work on /home/airflow/.local/lib/python3.12/site-packages/airflow/example_dags/example_setup_teardown.py
[2024-06-22T09:12:54.070+0000] {processor.py:830} INFO - Processing file /home/airflow/.local/lib/python3.12/site-packages/airflow/example_dags/example_setup_teardown.py for tasks to queue
[2024-06-22T09:12:54.268+0000] {logging_mixin.py:188} INFO - [2024-06-22T09:12:54.245+0000] {dagbag.py:540} INFO - Filling up the DagBag from /home/airflow/.local/lib/python3.12/site-packages/airflow/example_dags/example_setup_teardown.py
[2024-06-22T09:12:54.607+0000] {processor.py:840} INFO - DAG(s) 'example_setup_teardown' retrieved from /home/airflow/.local/lib/python3.12/site-packages/airflow/example_dags/example_setup_teardown.py
[2024-06-22T09:12:55.341+0000] {logging_mixin.py:188} INFO - [2024-06-22T09:12:55.337+0000] {dag.py:3096} INFO - Sync 1 DAGs
[2024-06-22T09:12:59.021+0000] {logging_mixin.py:188} INFO - [2024-06-22T09:12:58.998+0000] {dag.py:3954} INFO - Setting next_dagrun for example_setup_teardown to 2024-06-21 00:00:00+00:00, run_after=2024-06-22 00:00:00+00:00
[2024-06-22T09:12:59.330+0000] {processor.py:183} INFO - Processing /home/airflow/.local/lib/python3.12/site-packages/airflow/example_dags/example_setup_teardown.py took 6.108 seconds
[2024-06-22T10:43:06.801+0000] {processor.py:161} INFO - Started process (PID=2063) to work on /home/airflow/.local/lib/python3.12/site-packages/airflow/example_dags/example_setup_teardown.py
[2024-06-22T10:43:06.880+0000] {processor.py:830} INFO - Processing file /home/airflow/.local/lib/python3.12/site-packages/airflow/example_dags/example_setup_teardown.py for tasks to queue
[2024-06-22T10:43:06.919+0000] {logging_mixin.py:188} INFO - [2024-06-22T10:43:06.912+0000] {dagbag.py:540} INFO - Filling up the DagBag from /home/airflow/.local/lib/python3.12/site-packages/airflow/example_dags/example_setup_teardown.py
[2024-06-22T10:43:07.296+0000] {processor.py:840} INFO - DAG(s) 'example_setup_teardown' retrieved from /home/airflow/.local/lib/python3.12/site-packages/airflow/example_dags/example_setup_teardown.py
[2024-06-22T10:43:08.209+0000] {logging_mixin.py:188} INFO - [2024-06-22T10:43:08.202+0000] {dag.py:3096} INFO - Sync 1 DAGs
[2024-06-22T10:43:09.076+0000] {logging_mixin.py:188} INFO - [2024-06-22T10:43:09.074+0000] {dag.py:3954} INFO - Setting next_dagrun for example_setup_teardown to 2024-06-21 00:00:00+00:00, run_after=2024-06-22 00:00:00+00:00
[2024-06-22T10:43:10.182+0000] {processor.py:183} INFO - Processing /home/airflow/.local/lib/python3.12/site-packages/airflow/example_dags/example_setup_teardown.py took 3.733 seconds
[2024-06-22T11:02:38.010+0000] {processor.py:161} INFO - Started process (PID=2146) to work on /home/airflow/.local/lib/python3.12/site-packages/airflow/example_dags/example_setup_teardown.py
[2024-06-22T11:02:38.022+0000] {processor.py:830} INFO - Processing file /home/airflow/.local/lib/python3.12/site-packages/airflow/example_dags/example_setup_teardown.py for tasks to queue
[2024-06-22T11:02:38.028+0000] {logging_mixin.py:188} INFO - [2024-06-22T11:02:38.027+0000] {dagbag.py:540} INFO - Filling up the DagBag from /home/airflow/.local/lib/python3.12/site-packages/airflow/example_dags/example_setup_teardown.py
[2024-06-22T11:02:38.099+0000] {processor.py:840} INFO - DAG(s) 'example_setup_teardown' retrieved from /home/airflow/.local/lib/python3.12/site-packages/airflow/example_dags/example_setup_teardown.py
[2024-06-22T11:02:38.185+0000] {logging_mixin.py:188} INFO - [2024-06-22T11:02:38.184+0000] {dag.py:3096} INFO - Sync 1 DAGs
[2024-06-22T11:02:38.356+0000] {logging_mixin.py:188} INFO - [2024-06-22T11:02:38.356+0000] {dag.py:3954} INFO - Setting next_dagrun for example_setup_teardown to 2024-06-21 00:00:00+00:00, run_after=2024-06-22 00:00:00+00:00
[2024-06-22T11:02:38.433+0000] {processor.py:183} INFO - Processing /home/airflow/.local/lib/python3.12/site-packages/airflow/example_dags/example_setup_teardown.py took 0.462 seconds
[2024-06-22T11:05:21.201+0000] {processor.py:161} INFO - Started process (PID=61) to work on /home/airflow/.local/lib/python3.12/site-packages/airflow/example_dags/example_setup_teardown.py
[2024-06-22T11:05:21.222+0000] {processor.py:830} INFO - Processing file /home/airflow/.local/lib/python3.12/site-packages/airflow/example_dags/example_setup_teardown.py for tasks to queue
[2024-06-22T11:05:21.242+0000] {logging_mixin.py:188} INFO - [2024-06-22T11:05:21.237+0000] {dagbag.py:540} INFO - Filling up the DagBag from /home/airflow/.local/lib/python3.12/site-packages/airflow/example_dags/example_setup_teardown.py
[2024-06-22T11:05:21.288+0000] {processor.py:840} INFO - DAG(s) 'example_setup_teardown' retrieved from /home/airflow/.local/lib/python3.12/site-packages/airflow/example_dags/example_setup_teardown.py
[2024-06-22T11:05:22.144+0000] {logging_mixin.py:188} INFO - [2024-06-22T11:05:22.143+0000] {dag.py:3096} INFO - Sync 1 DAGs
[2024-06-22T11:05:22.319+0000] {logging_mixin.py:188} INFO - [2024-06-22T11:05:22.318+0000] {dag.py:3954} INFO - Setting next_dagrun for example_setup_teardown to 2024-06-21 00:00:00+00:00, run_after=2024-06-22 00:00:00+00:00
[2024-06-22T11:05:22.451+0000] {processor.py:183} INFO - Processing /home/airflow/.local/lib/python3.12/site-packages/airflow/example_dags/example_setup_teardown.py took 1.264 seconds
[2024-06-22T11:05:53.322+0000] {processor.py:161} INFO - Started process (PID=121) to work on /home/airflow/.local/lib/python3.12/site-packages/airflow/example_dags/example_setup_teardown.py
[2024-06-22T11:05:53.325+0000] {processor.py:830} INFO - Processing file /home/airflow/.local/lib/python3.12/site-packages/airflow/example_dags/example_setup_teardown.py for tasks to queue
[2024-06-22T11:05:53.330+0000] {logging_mixin.py:188} INFO - [2024-06-22T11:05:53.329+0000] {dagbag.py:540} INFO - Filling up the DagBag from /home/airflow/.local/lib/python3.12/site-packages/airflow/example_dags/example_setup_teardown.py
[2024-06-22T11:05:53.344+0000] {processor.py:840} INFO - DAG(s) 'example_setup_teardown' retrieved from /home/airflow/.local/lib/python3.12/site-packages/airflow/example_dags/example_setup_teardown.py
[2024-06-22T11:05:53.414+0000] {logging_mixin.py:188} INFO - [2024-06-22T11:05:53.414+0000] {dag.py:3096} INFO - Sync 1 DAGs
[2024-06-22T11:05:53.475+0000] {logging_mixin.py:188} INFO - [2024-06-22T11:05:53.475+0000] {dag.py:3954} INFO - Setting next_dagrun for example_setup_teardown to 2024-06-21 00:00:00+00:00, run_after=2024-06-22 00:00:00+00:00
[2024-06-22T11:05:53.505+0000] {processor.py:183} INFO - Processing /home/airflow/.local/lib/python3.12/site-packages/airflow/example_dags/example_setup_teardown.py took 0.201 seconds
[2024-06-22T11:06:23.896+0000] {processor.py:161} INFO - Started process (PID=182) to work on /home/airflow/.local/lib/python3.12/site-packages/airflow/example_dags/example_setup_teardown.py
[2024-06-22T11:06:23.901+0000] {processor.py:830} INFO - Processing file /home/airflow/.local/lib/python3.12/site-packages/airflow/example_dags/example_setup_teardown.py for tasks to queue
[2024-06-22T11:06:23.910+0000] {logging_mixin.py:188} INFO - [2024-06-22T11:06:23.909+0000] {dagbag.py:540} INFO - Filling up the DagBag from /home/airflow/.local/lib/python3.12/site-packages/airflow/example_dags/example_setup_teardown.py
[2024-06-22T11:06:23.935+0000] {processor.py:840} INFO - DAG(s) 'example_setup_teardown' retrieved from /home/airflow/.local/lib/python3.12/site-packages/airflow/example_dags/example_setup_teardown.py
[2024-06-22T11:06:23.978+0000] {logging_mixin.py:188} INFO - [2024-06-22T11:06:23.978+0000] {dag.py:3096} INFO - Sync 1 DAGs
[2024-06-22T11:06:24.044+0000] {logging_mixin.py:188} INFO - [2024-06-22T11:06:24.043+0000] {dag.py:3954} INFO - Setting next_dagrun for example_setup_teardown to 2024-06-21 00:00:00+00:00, run_after=2024-06-22 00:00:00+00:00
[2024-06-22T11:06:24.079+0000] {processor.py:183} INFO - Processing /home/airflow/.local/lib/python3.12/site-packages/airflow/example_dags/example_setup_teardown.py took 0.210 seconds
[2024-06-22T11:06:54.951+0000] {processor.py:161} INFO - Started process (PID=241) to work on /home/airflow/.local/lib/python3.12/site-packages/airflow/example_dags/example_setup_teardown.py
[2024-06-22T11:06:54.955+0000] {processor.py:830} INFO - Processing file /home/airflow/.local/lib/python3.12/site-packages/airflow/example_dags/example_setup_teardown.py for tasks to queue
[2024-06-22T11:06:54.962+0000] {logging_mixin.py:188} INFO - [2024-06-22T11:06:54.961+0000] {dagbag.py:540} INFO - Filling up the DagBag from /home/airflow/.local/lib/python3.12/site-packages/airflow/example_dags/example_setup_teardown.py
[2024-06-22T11:06:54.973+0000] {processor.py:840} INFO - DAG(s) 'example_setup_teardown' retrieved from /home/airflow/.local/lib/python3.12/site-packages/airflow/example_dags/example_setup_teardown.py
[2024-06-22T11:06:55.011+0000] {logging_mixin.py:188} INFO - [2024-06-22T11:06:55.010+0000] {dag.py:3096} INFO - Sync 1 DAGs
[2024-06-22T11:06:55.050+0000] {logging_mixin.py:188} INFO - [2024-06-22T11:06:55.049+0000] {dag.py:3954} INFO - Setting next_dagrun for example_setup_teardown to 2024-06-21 00:00:00+00:00, run_after=2024-06-22 00:00:00+00:00
[2024-06-22T11:06:55.079+0000] {processor.py:183} INFO - Processing /home/airflow/.local/lib/python3.12/site-packages/airflow/example_dags/example_setup_teardown.py took 0.156 seconds
[2024-06-22T11:07:25.960+0000] {processor.py:161} INFO - Started process (PID=300) to work on /home/airflow/.local/lib/python3.12/site-packages/airflow/example_dags/example_setup_teardown.py
[2024-06-22T11:07:25.963+0000] {processor.py:830} INFO - Processing file /home/airflow/.local/lib/python3.12/site-packages/airflow/example_dags/example_setup_teardown.py for tasks to queue
[2024-06-22T11:07:25.974+0000] {logging_mixin.py:188} INFO - [2024-06-22T11:07:25.973+0000] {dagbag.py:540} INFO - Filling up the DagBag from /home/airflow/.local/lib/python3.12/site-packages/airflow/example_dags/example_setup_teardown.py
[2024-06-22T11:07:26.005+0000] {processor.py:840} INFO - DAG(s) 'example_setup_teardown' retrieved from /home/airflow/.local/lib/python3.12/site-packages/airflow/example_dags/example_setup_teardown.py
[2024-06-22T11:07:26.059+0000] {logging_mixin.py:188} INFO - [2024-06-22T11:07:26.059+0000] {dag.py:3096} INFO - Sync 1 DAGs
[2024-06-22T11:07:26.100+0000] {logging_mixin.py:188} INFO - [2024-06-22T11:07:26.100+0000] {dag.py:3954} INFO - Setting next_dagrun for example_setup_teardown to 2024-06-21 00:00:00+00:00, run_after=2024-06-22 00:00:00+00:00
[2024-06-22T11:07:26.140+0000] {processor.py:183} INFO - Processing /home/airflow/.local/lib/python3.12/site-packages/airflow/example_dags/example_setup_teardown.py took 0.207 seconds
[2024-06-22T11:07:56.391+0000] {processor.py:161} INFO - Started process (PID=358) to work on /home/airflow/.local/lib/python3.12/site-packages/airflow/example_dags/example_setup_teardown.py
[2024-06-22T11:07:56.396+0000] {processor.py:830} INFO - Processing file /home/airflow/.local/lib/python3.12/site-packages/airflow/example_dags/example_setup_teardown.py for tasks to queue
[2024-06-22T11:07:56.414+0000] {logging_mixin.py:188} INFO - [2024-06-22T11:07:56.411+0000] {dagbag.py:540} INFO - Filling up the DagBag from /home/airflow/.local/lib/python3.12/site-packages/airflow/example_dags/example_setup_teardown.py
[2024-06-22T11:07:56.469+0000] {processor.py:840} INFO - DAG(s) 'example_setup_teardown' retrieved from /home/airflow/.local/lib/python3.12/site-packages/airflow/example_dags/example_setup_teardown.py
[2024-06-22T11:07:56.543+0000] {logging_mixin.py:188} INFO - [2024-06-22T11:07:56.542+0000] {dag.py:3096} INFO - Sync 1 DAGs
[2024-06-22T11:07:56.618+0000] {logging_mixin.py:188} INFO - [2024-06-22T11:07:56.618+0000] {dag.py:3954} INFO - Setting next_dagrun for example_setup_teardown to 2024-06-21 00:00:00+00:00, run_after=2024-06-22 00:00:00+00:00
[2024-06-22T11:07:56.686+0000] {processor.py:183} INFO - Processing /home/airflow/.local/lib/python3.12/site-packages/airflow/example_dags/example_setup_teardown.py took 0.330 seconds
[2024-06-22T11:08:27.601+0000] {processor.py:161} INFO - Started process (PID=417) to work on /home/airflow/.local/lib/python3.12/site-packages/airflow/example_dags/example_setup_teardown.py
[2024-06-22T11:08:27.607+0000] {processor.py:830} INFO - Processing file /home/airflow/.local/lib/python3.12/site-packages/airflow/example_dags/example_setup_teardown.py for tasks to queue
[2024-06-22T11:08:27.625+0000] {logging_mixin.py:188} INFO - [2024-06-22T11:08:27.620+0000] {dagbag.py:540} INFO - Filling up the DagBag from /home/airflow/.local/lib/python3.12/site-packages/airflow/example_dags/example_setup_teardown.py
[2024-06-22T11:08:27.694+0000] {processor.py:840} INFO - DAG(s) 'example_setup_teardown' retrieved from /home/airflow/.local/lib/python3.12/site-packages/airflow/example_dags/example_setup_teardown.py
[2024-06-22T11:08:27.907+0000] {logging_mixin.py:188} INFO - [2024-06-22T11:08:27.906+0000] {dag.py:3096} INFO - Sync 1 DAGs
[2024-06-22T11:08:28.079+0000] {logging_mixin.py:188} INFO - [2024-06-22T11:08:28.070+0000] {dag.py:3954} INFO - Setting next_dagrun for example_setup_teardown to 2024-06-21 00:00:00+00:00, run_after=2024-06-22 00:00:00+00:00
[2024-06-22T11:08:28.189+0000] {processor.py:183} INFO - Processing /home/airflow/.local/lib/python3.12/site-packages/airflow/example_dags/example_setup_teardown.py took 0.614 seconds
[2024-06-22T11:08:59.267+0000] {processor.py:161} INFO - Started process (PID=474) to work on /home/airflow/.local/lib/python3.12/site-packages/airflow/example_dags/example_setup_teardown.py
[2024-06-22T11:08:59.280+0000] {processor.py:830} INFO - Processing file /home/airflow/.local/lib/python3.12/site-packages/airflow/example_dags/example_setup_teardown.py for tasks to queue
[2024-06-22T11:08:59.286+0000] {logging_mixin.py:188} INFO - [2024-06-22T11:08:59.286+0000] {dagbag.py:540} INFO - Filling up the DagBag from /home/airflow/.local/lib/python3.12/site-packages/airflow/example_dags/example_setup_teardown.py
[2024-06-22T11:08:59.301+0000] {processor.py:840} INFO - DAG(s) 'example_setup_teardown' retrieved from /home/airflow/.local/lib/python3.12/site-packages/airflow/example_dags/example_setup_teardown.py
[2024-06-22T11:08:59.372+0000] {logging_mixin.py:188} INFO - [2024-06-22T11:08:59.371+0000] {dag.py:3096} INFO - Sync 1 DAGs
[2024-06-22T11:08:59.445+0000] {logging_mixin.py:188} INFO - [2024-06-22T11:08:59.439+0000] {dag.py:3954} INFO - Setting next_dagrun for example_setup_teardown to 2024-06-21 00:00:00+00:00, run_after=2024-06-22 00:00:00+00:00
[2024-06-22T11:08:59.498+0000] {processor.py:183} INFO - Processing /home/airflow/.local/lib/python3.12/site-packages/airflow/example_dags/example_setup_teardown.py took 0.280 seconds
[2024-06-22T11:09:29.575+0000] {processor.py:161} INFO - Started process (PID=532) to work on /home/airflow/.local/lib/python3.12/site-packages/airflow/example_dags/example_setup_teardown.py
[2024-06-22T11:09:29.578+0000] {processor.py:830} INFO - Processing file /home/airflow/.local/lib/python3.12/site-packages/airflow/example_dags/example_setup_teardown.py for tasks to queue
[2024-06-22T11:09:29.585+0000] {logging_mixin.py:188} INFO - [2024-06-22T11:09:29.584+0000] {dagbag.py:540} INFO - Filling up the DagBag from /home/airflow/.local/lib/python3.12/site-packages/airflow/example_dags/example_setup_teardown.py
[2024-06-22T11:09:29.596+0000] {processor.py:840} INFO - DAG(s) 'example_setup_teardown' retrieved from /home/airflow/.local/lib/python3.12/site-packages/airflow/example_dags/example_setup_teardown.py
[2024-06-22T11:09:29.631+0000] {logging_mixin.py:188} INFO - [2024-06-22T11:09:29.630+0000] {dag.py:3096} INFO - Sync 1 DAGs
[2024-06-22T11:09:29.664+0000] {logging_mixin.py:188} INFO - [2024-06-22T11:09:29.664+0000] {dag.py:3954} INFO - Setting next_dagrun for example_setup_teardown to 2024-06-21 00:00:00+00:00, run_after=2024-06-22 00:00:00+00:00
[2024-06-22T11:09:29.698+0000] {processor.py:183} INFO - Processing /home/airflow/.local/lib/python3.12/site-packages/airflow/example_dags/example_setup_teardown.py took 0.137 seconds
[2024-06-22T11:09:59.995+0000] {processor.py:161} INFO - Started process (PID=593) to work on /home/airflow/.local/lib/python3.12/site-packages/airflow/example_dags/example_setup_teardown.py
[2024-06-22T11:09:59.997+0000] {processor.py:830} INFO - Processing file /home/airflow/.local/lib/python3.12/site-packages/airflow/example_dags/example_setup_teardown.py for tasks to queue
[2024-06-22T11:10:00.002+0000] {logging_mixin.py:188} INFO - [2024-06-22T11:10:00.001+0000] {dagbag.py:540} INFO - Filling up the DagBag from /home/airflow/.local/lib/python3.12/site-packages/airflow/example_dags/example_setup_teardown.py
[2024-06-22T11:10:00.017+0000] {processor.py:840} INFO - DAG(s) 'example_setup_teardown' retrieved from /home/airflow/.local/lib/python3.12/site-packages/airflow/example_dags/example_setup_teardown.py
[2024-06-22T11:10:00.059+0000] {logging_mixin.py:188} INFO - [2024-06-22T11:10:00.058+0000] {dag.py:3096} INFO - Sync 1 DAGs
[2024-06-22T11:10:00.096+0000] {logging_mixin.py:188} INFO - [2024-06-22T11:10:00.095+0000] {dag.py:3954} INFO - Setting next_dagrun for example_setup_teardown to 2024-06-21 00:00:00+00:00, run_after=2024-06-22 00:00:00+00:00
[2024-06-22T11:10:00.134+0000] {processor.py:183} INFO - Processing /home/airflow/.local/lib/python3.12/site-packages/airflow/example_dags/example_setup_teardown.py took 0.151 seconds
[2024-06-22T11:10:30.999+0000] {processor.py:161} INFO - Started process (PID=652) to work on /home/airflow/.local/lib/python3.12/site-packages/airflow/example_dags/example_setup_teardown.py
[2024-06-22T11:10:31.010+0000] {processor.py:830} INFO - Processing file /home/airflow/.local/lib/python3.12/site-packages/airflow/example_dags/example_setup_teardown.py for tasks to queue
[2024-06-22T11:10:31.025+0000] {logging_mixin.py:188} INFO - [2024-06-22T11:10:31.024+0000] {dagbag.py:540} INFO - Filling up the DagBag from /home/airflow/.local/lib/python3.12/site-packages/airflow/example_dags/example_setup_teardown.py
[2024-06-22T11:10:31.059+0000] {processor.py:840} INFO - DAG(s) 'example_setup_teardown' retrieved from /home/airflow/.local/lib/python3.12/site-packages/airflow/example_dags/example_setup_teardown.py
[2024-06-22T11:10:31.126+0000] {logging_mixin.py:188} INFO - [2024-06-22T11:10:31.125+0000] {dag.py:3096} INFO - Sync 1 DAGs
[2024-06-22T11:10:31.204+0000] {logging_mixin.py:188} INFO - [2024-06-22T11:10:31.203+0000] {dag.py:3954} INFO - Setting next_dagrun for example_setup_teardown to 2024-06-21 00:00:00+00:00, run_after=2024-06-22 00:00:00+00:00
[2024-06-22T11:10:31.268+0000] {processor.py:183} INFO - Processing /home/airflow/.local/lib/python3.12/site-packages/airflow/example_dags/example_setup_teardown.py took 0.311 seconds
[2024-06-22T11:11:09.972+0000] {processor.py:161} INFO - Started process (PID=710) to work on /home/airflow/.local/lib/python3.12/site-packages/airflow/example_dags/example_setup_teardown.py
[2024-06-22T11:11:09.982+0000] {processor.py:830} INFO - Processing file /home/airflow/.local/lib/python3.12/site-packages/airflow/example_dags/example_setup_teardown.py for tasks to queue
[2024-06-22T11:11:10.047+0000] {logging_mixin.py:188} INFO - [2024-06-22T11:11:10.041+0000] {dagbag.py:540} INFO - Filling up the DagBag from /home/airflow/.local/lib/python3.12/site-packages/airflow/example_dags/example_setup_teardown.py
[2024-06-22T11:11:10.113+0000] {processor.py:840} INFO - DAG(s) 'example_setup_teardown' retrieved from /home/airflow/.local/lib/python3.12/site-packages/airflow/example_dags/example_setup_teardown.py
[2024-06-22T11:11:10.405+0000] {logging_mixin.py:188} INFO - [2024-06-22T11:11:10.404+0000] {dag.py:3096} INFO - Sync 1 DAGs
[2024-06-22T11:11:10.729+0000] {logging_mixin.py:188} INFO - [2024-06-22T11:11:10.721+0000] {dag.py:3954} INFO - Setting next_dagrun for example_setup_teardown to 2024-06-21 00:00:00+00:00, run_after=2024-06-22 00:00:00+00:00
[2024-06-22T11:11:12.983+0000] {processor.py:183} INFO - Processing /home/airflow/.local/lib/python3.12/site-packages/airflow/example_dags/example_setup_teardown.py took 3.055 seconds
[2024-06-22T11:11:44.131+0000] {processor.py:161} INFO - Started process (PID=774) to work on /home/airflow/.local/lib/python3.12/site-packages/airflow/example_dags/example_setup_teardown.py
[2024-06-22T11:11:44.136+0000] {processor.py:830} INFO - Processing file /home/airflow/.local/lib/python3.12/site-packages/airflow/example_dags/example_setup_teardown.py for tasks to queue
[2024-06-22T11:11:44.172+0000] {logging_mixin.py:188} INFO - [2024-06-22T11:11:44.165+0000] {dagbag.py:540} INFO - Filling up the DagBag from /home/airflow/.local/lib/python3.12/site-packages/airflow/example_dags/example_setup_teardown.py
[2024-06-22T11:11:44.228+0000] {processor.py:840} INFO - DAG(s) 'example_setup_teardown' retrieved from /home/airflow/.local/lib/python3.12/site-packages/airflow/example_dags/example_setup_teardown.py
[2024-06-22T11:11:44.469+0000] {logging_mixin.py:188} INFO - [2024-06-22T11:11:44.462+0000] {dag.py:3096} INFO - Sync 1 DAGs
[2024-06-22T11:11:44.731+0000] {logging_mixin.py:188} INFO - [2024-06-22T11:11:44.731+0000] {dag.py:3954} INFO - Setting next_dagrun for example_setup_teardown to 2024-06-21 00:00:00+00:00, run_after=2024-06-22 00:00:00+00:00
[2024-06-22T11:11:44.968+0000] {processor.py:183} INFO - Processing /home/airflow/.local/lib/python3.12/site-packages/airflow/example_dags/example_setup_teardown.py took 0.962 seconds
[2024-06-22T11:12:19.667+0000] {processor.py:161} INFO - Started process (PID=830) to work on /home/airflow/.local/lib/python3.12/site-packages/airflow/example_dags/example_setup_teardown.py
[2024-06-22T11:12:19.680+0000] {processor.py:830} INFO - Processing file /home/airflow/.local/lib/python3.12/site-packages/airflow/example_dags/example_setup_teardown.py for tasks to queue
[2024-06-22T11:12:19.702+0000] {logging_mixin.py:188} INFO - [2024-06-22T11:12:19.701+0000] {dagbag.py:540} INFO - Filling up the DagBag from /home/airflow/.local/lib/python3.12/site-packages/airflow/example_dags/example_setup_teardown.py
[2024-06-22T11:12:19.842+0000] {processor.py:840} INFO - DAG(s) 'example_setup_teardown' retrieved from /home/airflow/.local/lib/python3.12/site-packages/airflow/example_dags/example_setup_teardown.py
[2024-06-22T11:12:20.170+0000] {logging_mixin.py:188} INFO - [2024-06-22T11:12:20.169+0000] {dag.py:3096} INFO - Sync 1 DAGs
[2024-06-22T11:12:20.467+0000] {logging_mixin.py:188} INFO - [2024-06-22T11:12:20.465+0000] {dag.py:3954} INFO - Setting next_dagrun for example_setup_teardown to 2024-06-21 00:00:00+00:00, run_after=2024-06-22 00:00:00+00:00
[2024-06-22T11:12:20.783+0000] {processor.py:183} INFO - Processing /home/airflow/.local/lib/python3.12/site-packages/airflow/example_dags/example_setup_teardown.py took 1.216 seconds
[2024-06-22T11:12:53.432+0000] {processor.py:161} INFO - Started process (PID=888) to work on /home/airflow/.local/lib/python3.12/site-packages/airflow/example_dags/example_setup_teardown.py
[2024-06-22T11:12:53.444+0000] {processor.py:830} INFO - Processing file /home/airflow/.local/lib/python3.12/site-packages/airflow/example_dags/example_setup_teardown.py for tasks to queue
[2024-06-22T11:12:53.455+0000] {logging_mixin.py:188} INFO - [2024-06-22T11:12:53.454+0000] {dagbag.py:540} INFO - Filling up the DagBag from /home/airflow/.local/lib/python3.12/site-packages/airflow/example_dags/example_setup_teardown.py
[2024-06-22T11:12:53.514+0000] {processor.py:840} INFO - DAG(s) 'example_setup_teardown' retrieved from /home/airflow/.local/lib/python3.12/site-packages/airflow/example_dags/example_setup_teardown.py
[2024-06-22T11:12:53.647+0000] {logging_mixin.py:188} INFO - [2024-06-22T11:12:53.646+0000] {dag.py:3096} INFO - Sync 1 DAGs
[2024-06-22T11:12:53.767+0000] {logging_mixin.py:188} INFO - [2024-06-22T11:12:53.767+0000] {dag.py:3954} INFO - Setting next_dagrun for example_setup_teardown to 2024-06-21 00:00:00+00:00, run_after=2024-06-22 00:00:00+00:00
[2024-06-22T11:12:53.861+0000] {processor.py:183} INFO - Processing /home/airflow/.local/lib/python3.12/site-packages/airflow/example_dags/example_setup_teardown.py took 0.488 seconds
[2024-06-22T11:13:24.146+0000] {processor.py:161} INFO - Started process (PID=948) to work on /home/airflow/.local/lib/python3.12/site-packages/airflow/example_dags/example_setup_teardown.py
[2024-06-22T11:13:24.152+0000] {processor.py:830} INFO - Processing file /home/airflow/.local/lib/python3.12/site-packages/airflow/example_dags/example_setup_teardown.py for tasks to queue
[2024-06-22T11:13:24.161+0000] {logging_mixin.py:188} INFO - [2024-06-22T11:13:24.161+0000] {dagbag.py:540} INFO - Filling up the DagBag from /home/airflow/.local/lib/python3.12/site-packages/airflow/example_dags/example_setup_teardown.py
[2024-06-22T11:13:24.193+0000] {processor.py:840} INFO - DAG(s) 'example_setup_teardown' retrieved from /home/airflow/.local/lib/python3.12/site-packages/airflow/example_dags/example_setup_teardown.py
[2024-06-22T11:13:24.256+0000] {logging_mixin.py:188} INFO - [2024-06-22T11:13:24.255+0000] {dag.py:3096} INFO - Sync 1 DAGs
[2024-06-22T11:13:24.971+0000] {logging_mixin.py:188} INFO - [2024-06-22T11:13:24.971+0000] {dag.py:3954} INFO - Setting next_dagrun for example_setup_teardown to 2024-06-21 00:00:00+00:00, run_after=2024-06-22 00:00:00+00:00
[2024-06-22T11:13:25.679+0000] {processor.py:183} INFO - Processing /home/airflow/.local/lib/python3.12/site-packages/airflow/example_dags/example_setup_teardown.py took 1.569 seconds
[2024-06-22T11:14:00.873+0000] {processor.py:161} INFO - Started process (PID=995) to work on /home/airflow/.local/lib/python3.12/site-packages/airflow/example_dags/example_setup_teardown.py
[2024-06-22T11:14:00.875+0000] {processor.py:830} INFO - Processing file /home/airflow/.local/lib/python3.12/site-packages/airflow/example_dags/example_setup_teardown.py for tasks to queue
[2024-06-22T11:14:00.881+0000] {logging_mixin.py:188} INFO - [2024-06-22T11:14:00.880+0000] {dagbag.py:540} INFO - Filling up the DagBag from /home/airflow/.local/lib/python3.12/site-packages/airflow/example_dags/example_setup_teardown.py
[2024-06-22T11:14:00.905+0000] {processor.py:840} INFO - DAG(s) 'example_setup_teardown' retrieved from /home/airflow/.local/lib/python3.12/site-packages/airflow/example_dags/example_setup_teardown.py
[2024-06-22T11:14:00.998+0000] {logging_mixin.py:188} INFO - [2024-06-22T11:14:00.997+0000] {dag.py:3096} INFO - Sync 1 DAGs
[2024-06-22T11:14:01.070+0000] {logging_mixin.py:188} INFO - [2024-06-22T11:14:01.069+0000] {dag.py:3954} INFO - Setting next_dagrun for example_setup_teardown to 2024-06-21 00:00:00+00:00, run_after=2024-06-22 00:00:00+00:00
[2024-06-22T11:14:01.143+0000] {processor.py:183} INFO - Processing /home/airflow/.local/lib/python3.12/site-packages/airflow/example_dags/example_setup_teardown.py took 0.287 seconds
[2024-06-22T11:14:43.729+0000] {processor.py:161} INFO - Started process (PID=1055) to work on /home/airflow/.local/lib/python3.12/site-packages/airflow/example_dags/example_setup_teardown.py
[2024-06-22T11:14:43.740+0000] {processor.py:830} INFO - Processing file /home/airflow/.local/lib/python3.12/site-packages/airflow/example_dags/example_setup_teardown.py for tasks to queue
[2024-06-22T11:14:43.771+0000] {logging_mixin.py:188} INFO - [2024-06-22T11:14:43.757+0000] {dagbag.py:540} INFO - Filling up the DagBag from /home/airflow/.local/lib/python3.12/site-packages/airflow/example_dags/example_setup_teardown.py
[2024-06-22T11:14:43.848+0000] {processor.py:840} INFO - DAG(s) 'example_setup_teardown' retrieved from /home/airflow/.local/lib/python3.12/site-packages/airflow/example_dags/example_setup_teardown.py
[2024-06-22T11:14:44.068+0000] {logging_mixin.py:188} INFO - [2024-06-22T11:14:44.068+0000] {dag.py:3096} INFO - Sync 1 DAGs
[2024-06-22T11:14:44.171+0000] {logging_mixin.py:188} INFO - [2024-06-22T11:14:44.170+0000] {dag.py:3954} INFO - Setting next_dagrun for example_setup_teardown to 2024-06-21 00:00:00+00:00, run_after=2024-06-22 00:00:00+00:00
[2024-06-22T11:14:44.240+0000] {processor.py:183} INFO - Processing /home/airflow/.local/lib/python3.12/site-packages/airflow/example_dags/example_setup_teardown.py took 0.556 seconds
[2024-06-22T11:15:18.201+0000] {processor.py:161} INFO - Started process (PID=1113) to work on /home/airflow/.local/lib/python3.12/site-packages/airflow/example_dags/example_setup_teardown.py
[2024-06-22T11:15:18.208+0000] {processor.py:830} INFO - Processing file /home/airflow/.local/lib/python3.12/site-packages/airflow/example_dags/example_setup_teardown.py for tasks to queue
[2024-06-22T11:15:18.224+0000] {logging_mixin.py:188} INFO - [2024-06-22T11:15:18.223+0000] {dagbag.py:540} INFO - Filling up the DagBag from /home/airflow/.local/lib/python3.12/site-packages/airflow/example_dags/example_setup_teardown.py
[2024-06-22T11:15:18.368+0000] {processor.py:840} INFO - DAG(s) 'example_setup_teardown' retrieved from /home/airflow/.local/lib/python3.12/site-packages/airflow/example_dags/example_setup_teardown.py
[2024-06-22T11:15:18.717+0000] {logging_mixin.py:188} INFO - [2024-06-22T11:15:18.713+0000] {dag.py:3096} INFO - Sync 1 DAGs
[2024-06-22T11:15:19.166+0000] {logging_mixin.py:188} INFO - [2024-06-22T11:15:19.166+0000] {dag.py:3954} INFO - Setting next_dagrun for example_setup_teardown to 2024-06-21 00:00:00+00:00, run_after=2024-06-22 00:00:00+00:00
[2024-06-22T11:15:19.357+0000] {processor.py:183} INFO - Processing /home/airflow/.local/lib/python3.12/site-packages/airflow/example_dags/example_setup_teardown.py took 1.219 seconds
[2024-06-22T11:15:50.317+0000] {processor.py:161} INFO - Started process (PID=1178) to work on /home/airflow/.local/lib/python3.12/site-packages/airflow/example_dags/example_setup_teardown.py
[2024-06-22T11:15:50.322+0000] {processor.py:830} INFO - Processing file /home/airflow/.local/lib/python3.12/site-packages/airflow/example_dags/example_setup_teardown.py for tasks to queue
[2024-06-22T11:15:50.350+0000] {logging_mixin.py:188} INFO - [2024-06-22T11:15:50.348+0000] {dagbag.py:540} INFO - Filling up the DagBag from /home/airflow/.local/lib/python3.12/site-packages/airflow/example_dags/example_setup_teardown.py
[2024-06-22T11:15:50.435+0000] {processor.py:840} INFO - DAG(s) 'example_setup_teardown' retrieved from /home/airflow/.local/lib/python3.12/site-packages/airflow/example_dags/example_setup_teardown.py
[2024-06-22T11:15:50.579+0000] {logging_mixin.py:188} INFO - [2024-06-22T11:15:50.578+0000] {dag.py:3096} INFO - Sync 1 DAGs
[2024-06-22T11:15:50.684+0000] {logging_mixin.py:188} INFO - [2024-06-22T11:15:50.684+0000] {dag.py:3954} INFO - Setting next_dagrun for example_setup_teardown to 2024-06-21 00:00:00+00:00, run_after=2024-06-22 00:00:00+00:00
[2024-06-22T11:15:50.960+0000] {processor.py:183} INFO - Processing /home/airflow/.local/lib/python3.12/site-packages/airflow/example_dags/example_setup_teardown.py took 0.709 seconds
[2024-06-22T11:16:22.735+0000] {processor.py:161} INFO - Started process (PID=1236) to work on /home/airflow/.local/lib/python3.12/site-packages/airflow/example_dags/example_setup_teardown.py
[2024-06-22T11:16:22.739+0000] {processor.py:830} INFO - Processing file /home/airflow/.local/lib/python3.12/site-packages/airflow/example_dags/example_setup_teardown.py for tasks to queue
[2024-06-22T11:16:22.744+0000] {logging_mixin.py:188} INFO - [2024-06-22T11:16:22.743+0000] {dagbag.py:540} INFO - Filling up the DagBag from /home/airflow/.local/lib/python3.12/site-packages/airflow/example_dags/example_setup_teardown.py
[2024-06-22T11:16:22.757+0000] {processor.py:840} INFO - DAG(s) 'example_setup_teardown' retrieved from /home/airflow/.local/lib/python3.12/site-packages/airflow/example_dags/example_setup_teardown.py
[2024-06-22T11:16:22.805+0000] {logging_mixin.py:188} INFO - [2024-06-22T11:16:22.804+0000] {dag.py:3096} INFO - Sync 1 DAGs
[2024-06-22T11:16:22.853+0000] {logging_mixin.py:188} INFO - [2024-06-22T11:16:22.853+0000] {dag.py:3954} INFO - Setting next_dagrun for example_setup_teardown to 2024-06-21 00:00:00+00:00, run_after=2024-06-22 00:00:00+00:00
[2024-06-22T11:16:23.397+0000] {processor.py:183} INFO - Processing /home/airflow/.local/lib/python3.12/site-packages/airflow/example_dags/example_setup_teardown.py took 0.687 seconds
[2024-06-22T11:16:54.604+0000] {processor.py:161} INFO - Started process (PID=1296) to work on /home/airflow/.local/lib/python3.12/site-packages/airflow/example_dags/example_setup_teardown.py
[2024-06-22T11:16:54.609+0000] {processor.py:830} INFO - Processing file /home/airflow/.local/lib/python3.12/site-packages/airflow/example_dags/example_setup_teardown.py for tasks to queue
[2024-06-22T11:16:54.615+0000] {logging_mixin.py:188} INFO - [2024-06-22T11:16:54.614+0000] {dagbag.py:540} INFO - Filling up the DagBag from /home/airflow/.local/lib/python3.12/site-packages/airflow/example_dags/example_setup_teardown.py
[2024-06-22T11:16:54.639+0000] {processor.py:840} INFO - DAG(s) 'example_setup_teardown' retrieved from /home/airflow/.local/lib/python3.12/site-packages/airflow/example_dags/example_setup_teardown.py
[2024-06-22T11:16:54.704+0000] {logging_mixin.py:188} INFO - [2024-06-22T11:16:54.704+0000] {dag.py:3096} INFO - Sync 1 DAGs
[2024-06-22T11:16:54.742+0000] {logging_mixin.py:188} INFO - [2024-06-22T11:16:54.741+0000] {dag.py:3954} INFO - Setting next_dagrun for example_setup_teardown to 2024-06-21 00:00:00+00:00, run_after=2024-06-22 00:00:00+00:00
[2024-06-22T11:16:54.772+0000] {processor.py:183} INFO - Processing /home/airflow/.local/lib/python3.12/site-packages/airflow/example_dags/example_setup_teardown.py took 0.185 seconds
[2024-06-22T11:17:25.095+0000] {processor.py:161} INFO - Started process (PID=1356) to work on /home/airflow/.local/lib/python3.12/site-packages/airflow/example_dags/example_setup_teardown.py
[2024-06-22T11:17:25.098+0000] {processor.py:830} INFO - Processing file /home/airflow/.local/lib/python3.12/site-packages/airflow/example_dags/example_setup_teardown.py for tasks to queue
[2024-06-22T11:17:25.107+0000] {logging_mixin.py:188} INFO - [2024-06-22T11:17:25.105+0000] {dagbag.py:540} INFO - Filling up the DagBag from /home/airflow/.local/lib/python3.12/site-packages/airflow/example_dags/example_setup_teardown.py
[2024-06-22T11:17:25.125+0000] {processor.py:840} INFO - DAG(s) 'example_setup_teardown' retrieved from /home/airflow/.local/lib/python3.12/site-packages/airflow/example_dags/example_setup_teardown.py
[2024-06-22T11:17:25.186+0000] {logging_mixin.py:188} INFO - [2024-06-22T11:17:25.186+0000] {dag.py:3096} INFO - Sync 1 DAGs
[2024-06-22T11:17:25.243+0000] {logging_mixin.py:188} INFO - [2024-06-22T11:17:25.242+0000] {dag.py:3954} INFO - Setting next_dagrun for example_setup_teardown to 2024-06-21 00:00:00+00:00, run_after=2024-06-22 00:00:00+00:00
[2024-06-22T11:17:25.318+0000] {processor.py:183} INFO - Processing /home/airflow/.local/lib/python3.12/site-packages/airflow/example_dags/example_setup_teardown.py took 0.238 seconds
[2024-06-22T11:18:03.956+0000] {processor.py:161} INFO - Started process (PID=1412) to work on /home/airflow/.local/lib/python3.12/site-packages/airflow/example_dags/example_setup_teardown.py
[2024-06-22T11:18:03.970+0000] {processor.py:830} INFO - Processing file /home/airflow/.local/lib/python3.12/site-packages/airflow/example_dags/example_setup_teardown.py for tasks to queue
[2024-06-22T11:18:03.974+0000] {logging_mixin.py:188} INFO - [2024-06-22T11:18:03.974+0000] {dagbag.py:540} INFO - Filling up the DagBag from /home/airflow/.local/lib/python3.12/site-packages/airflow/example_dags/example_setup_teardown.py
[2024-06-22T11:18:04.009+0000] {processor.py:840} INFO - DAG(s) 'example_setup_teardown' retrieved from /home/airflow/.local/lib/python3.12/site-packages/airflow/example_dags/example_setup_teardown.py
[2024-06-22T11:18:04.099+0000] {logging_mixin.py:188} INFO - [2024-06-22T11:18:04.099+0000] {dag.py:3096} INFO - Sync 1 DAGs
[2024-06-22T11:18:04.236+0000] {logging_mixin.py:188} INFO - [2024-06-22T11:18:04.236+0000] {dag.py:3954} INFO - Setting next_dagrun for example_setup_teardown to 2024-06-21 00:00:00+00:00, run_after=2024-06-22 00:00:00+00:00
[2024-06-22T11:18:04.303+0000] {processor.py:183} INFO - Processing /home/airflow/.local/lib/python3.12/site-packages/airflow/example_dags/example_setup_teardown.py took 0.396 seconds
[2024-06-22T11:18:35.985+0000] {processor.py:161} INFO - Started process (PID=1470) to work on /home/airflow/.local/lib/python3.12/site-packages/airflow/example_dags/example_setup_teardown.py
[2024-06-22T11:18:35.998+0000] {processor.py:830} INFO - Processing file /home/airflow/.local/lib/python3.12/site-packages/airflow/example_dags/example_setup_teardown.py for tasks to queue
[2024-06-22T11:18:36.014+0000] {logging_mixin.py:188} INFO - [2024-06-22T11:18:36.013+0000] {dagbag.py:540} INFO - Filling up the DagBag from /home/airflow/.local/lib/python3.12/site-packages/airflow/example_dags/example_setup_teardown.py
[2024-06-22T11:18:36.058+0000] {processor.py:840} INFO - DAG(s) 'example_setup_teardown' retrieved from /home/airflow/.local/lib/python3.12/site-packages/airflow/example_dags/example_setup_teardown.py
[2024-06-22T11:18:36.181+0000] {logging_mixin.py:188} INFO - [2024-06-22T11:18:36.181+0000] {dag.py:3096} INFO - Sync 1 DAGs
[2024-06-22T11:18:36.347+0000] {logging_mixin.py:188} INFO - [2024-06-22T11:18:36.346+0000] {dag.py:3954} INFO - Setting next_dagrun for example_setup_teardown to 2024-06-21 00:00:00+00:00, run_after=2024-06-22 00:00:00+00:00
[2024-06-22T11:18:36.485+0000] {processor.py:183} INFO - Processing /home/airflow/.local/lib/python3.12/site-packages/airflow/example_dags/example_setup_teardown.py took 0.549 seconds
[2024-06-22T11:19:07.648+0000] {processor.py:161} INFO - Started process (PID=1526) to work on /home/airflow/.local/lib/python3.12/site-packages/airflow/example_dags/example_setup_teardown.py
[2024-06-22T11:19:07.660+0000] {processor.py:830} INFO - Processing file /home/airflow/.local/lib/python3.12/site-packages/airflow/example_dags/example_setup_teardown.py for tasks to queue
[2024-06-22T11:19:07.689+0000] {logging_mixin.py:188} INFO - [2024-06-22T11:19:07.688+0000] {dagbag.py:540} INFO - Filling up the DagBag from /home/airflow/.local/lib/python3.12/site-packages/airflow/example_dags/example_setup_teardown.py
[2024-06-22T11:19:07.746+0000] {processor.py:840} INFO - DAG(s) 'example_setup_teardown' retrieved from /home/airflow/.local/lib/python3.12/site-packages/airflow/example_dags/example_setup_teardown.py
[2024-06-22T11:19:08.006+0000] {logging_mixin.py:188} INFO - [2024-06-22T11:19:08.005+0000] {dag.py:3096} INFO - Sync 1 DAGs
[2024-06-22T11:19:08.206+0000] {logging_mixin.py:188} INFO - [2024-06-22T11:19:08.206+0000] {dag.py:3954} INFO - Setting next_dagrun for example_setup_teardown to 2024-06-21 00:00:00+00:00, run_after=2024-06-22 00:00:00+00:00
[2024-06-22T11:19:08.467+0000] {processor.py:183} INFO - Processing /home/airflow/.local/lib/python3.12/site-packages/airflow/example_dags/example_setup_teardown.py took 0.887 seconds
[2024-06-22T11:19:45.503+0000] {processor.py:161} INFO - Started process (PID=1584) to work on /home/airflow/.local/lib/python3.12/site-packages/airflow/example_dags/example_setup_teardown.py
[2024-06-22T11:19:45.522+0000] {processor.py:830} INFO - Processing file /home/airflow/.local/lib/python3.12/site-packages/airflow/example_dags/example_setup_teardown.py for tasks to queue
[2024-06-22T11:19:45.563+0000] {logging_mixin.py:188} INFO - [2024-06-22T11:19:45.562+0000] {dagbag.py:540} INFO - Filling up the DagBag from /home/airflow/.local/lib/python3.12/site-packages/airflow/example_dags/example_setup_teardown.py
[2024-06-22T11:19:45.710+0000] {processor.py:840} INFO - DAG(s) 'example_setup_teardown' retrieved from /home/airflow/.local/lib/python3.12/site-packages/airflow/example_dags/example_setup_teardown.py
[2024-06-22T11:19:46.057+0000] {logging_mixin.py:188} INFO - [2024-06-22T11:19:46.049+0000] {dag.py:3096} INFO - Sync 1 DAGs
[2024-06-22T11:19:46.502+0000] {logging_mixin.py:188} INFO - [2024-06-22T11:19:46.485+0000] {dag.py:3954} INFO - Setting next_dagrun for example_setup_teardown to 2024-06-21 00:00:00+00:00, run_after=2024-06-22 00:00:00+00:00
[2024-06-22T11:19:46.736+0000] {processor.py:183} INFO - Processing /home/airflow/.local/lib/python3.12/site-packages/airflow/example_dags/example_setup_teardown.py took 1.373 seconds
[2024-06-22T11:20:17.571+0000] {processor.py:161} INFO - Started process (PID=1641) to work on /home/airflow/.local/lib/python3.12/site-packages/airflow/example_dags/example_setup_teardown.py
[2024-06-22T11:20:17.574+0000] {processor.py:830} INFO - Processing file /home/airflow/.local/lib/python3.12/site-packages/airflow/example_dags/example_setup_teardown.py for tasks to queue
[2024-06-22T11:20:17.579+0000] {logging_mixin.py:188} INFO - [2024-06-22T11:20:17.578+0000] {dagbag.py:540} INFO - Filling up the DagBag from /home/airflow/.local/lib/python3.12/site-packages/airflow/example_dags/example_setup_teardown.py
[2024-06-22T11:20:17.593+0000] {processor.py:840} INFO - DAG(s) 'example_setup_teardown' retrieved from /home/airflow/.local/lib/python3.12/site-packages/airflow/example_dags/example_setup_teardown.py
[2024-06-22T11:20:17.653+0000] {logging_mixin.py:188} INFO - [2024-06-22T11:20:17.653+0000] {dag.py:3096} INFO - Sync 1 DAGs
[2024-06-22T11:20:17.724+0000] {logging_mixin.py:188} INFO - [2024-06-22T11:20:17.724+0000] {dag.py:3954} INFO - Setting next_dagrun for example_setup_teardown to 2024-06-21 00:00:00+00:00, run_after=2024-06-22 00:00:00+00:00
[2024-06-22T11:20:17.779+0000] {processor.py:183} INFO - Processing /home/airflow/.local/lib/python3.12/site-packages/airflow/example_dags/example_setup_teardown.py took 0.235 seconds
[2024-06-22T11:20:47.890+0000] {processor.py:161} INFO - Started process (PID=1699) to work on /home/airflow/.local/lib/python3.12/site-packages/airflow/example_dags/example_setup_teardown.py
[2024-06-22T11:20:47.893+0000] {processor.py:830} INFO - Processing file /home/airflow/.local/lib/python3.12/site-packages/airflow/example_dags/example_setup_teardown.py for tasks to queue
[2024-06-22T11:20:47.898+0000] {logging_mixin.py:188} INFO - [2024-06-22T11:20:47.897+0000] {dagbag.py:540} INFO - Filling up the DagBag from /home/airflow/.local/lib/python3.12/site-packages/airflow/example_dags/example_setup_teardown.py
[2024-06-22T11:20:47.911+0000] {processor.py:840} INFO - DAG(s) 'example_setup_teardown' retrieved from /home/airflow/.local/lib/python3.12/site-packages/airflow/example_dags/example_setup_teardown.py
[2024-06-22T11:20:47.954+0000] {logging_mixin.py:188} INFO - [2024-06-22T11:20:47.953+0000] {dag.py:3096} INFO - Sync 1 DAGs
[2024-06-22T11:20:47.998+0000] {logging_mixin.py:188} INFO - [2024-06-22T11:20:47.997+0000] {dag.py:3954} INFO - Setting next_dagrun for example_setup_teardown to 2024-06-21 00:00:00+00:00, run_after=2024-06-22 00:00:00+00:00
[2024-06-22T11:20:48.033+0000] {processor.py:183} INFO - Processing /home/airflow/.local/lib/python3.12/site-packages/airflow/example_dags/example_setup_teardown.py took 0.156 seconds
[2024-06-22T11:21:58.374+0000] {processor.py:161} INFO - Started process (PID=1755) to work on /home/airflow/.local/lib/python3.12/site-packages/airflow/example_dags/example_setup_teardown.py
[2024-06-22T11:21:58.376+0000] {processor.py:830} INFO - Processing file /home/airflow/.local/lib/python3.12/site-packages/airflow/example_dags/example_setup_teardown.py for tasks to queue
[2024-06-22T11:21:58.380+0000] {logging_mixin.py:188} INFO - [2024-06-22T11:21:58.380+0000] {dagbag.py:540} INFO - Filling up the DagBag from /home/airflow/.local/lib/python3.12/site-packages/airflow/example_dags/example_setup_teardown.py
[2024-06-22T11:21:58.399+0000] {processor.py:840} INFO - DAG(s) 'example_setup_teardown' retrieved from /home/airflow/.local/lib/python3.12/site-packages/airflow/example_dags/example_setup_teardown.py
[2024-06-22T11:21:58.463+0000] {logging_mixin.py:188} INFO - [2024-06-22T11:21:58.462+0000] {dag.py:3096} INFO - Sync 1 DAGs
[2024-06-22T11:21:58.548+0000] {logging_mixin.py:188} INFO - [2024-06-22T11:21:58.548+0000] {dag.py:3954} INFO - Setting next_dagrun for example_setup_teardown to 2024-06-21 00:00:00+00:00, run_after=2024-06-22 00:00:00+00:00
[2024-06-22T11:21:58.608+0000] {processor.py:183} INFO - Processing /home/airflow/.local/lib/python3.12/site-packages/airflow/example_dags/example_setup_teardown.py took 0.247 seconds
[2024-06-22T11:22:31.923+0000] {processor.py:161} INFO - Started process (PID=1814) to work on /home/airflow/.local/lib/python3.12/site-packages/airflow/example_dags/example_setup_teardown.py
[2024-06-22T11:22:31.929+0000] {processor.py:830} INFO - Processing file /home/airflow/.local/lib/python3.12/site-packages/airflow/example_dags/example_setup_teardown.py for tasks to queue
[2024-06-22T11:22:31.938+0000] {logging_mixin.py:188} INFO - [2024-06-22T11:22:31.936+0000] {dagbag.py:540} INFO - Filling up the DagBag from /home/airflow/.local/lib/python3.12/site-packages/airflow/example_dags/example_setup_teardown.py
[2024-06-22T11:22:31.988+0000] {processor.py:840} INFO - DAG(s) 'example_setup_teardown' retrieved from /home/airflow/.local/lib/python3.12/site-packages/airflow/example_dags/example_setup_teardown.py
[2024-06-22T11:22:32.089+0000] {logging_mixin.py:188} INFO - [2024-06-22T11:22:32.088+0000] {dag.py:3096} INFO - Sync 1 DAGs
[2024-06-22T11:22:32.139+0000] {logging_mixin.py:188} INFO - [2024-06-22T11:22:32.136+0000] {dag.py:3954} INFO - Setting next_dagrun for example_setup_teardown to 2024-06-21 00:00:00+00:00, run_after=2024-06-22 00:00:00+00:00
[2024-06-22T11:22:32.217+0000] {processor.py:183} INFO - Processing /home/airflow/.local/lib/python3.12/site-packages/airflow/example_dags/example_setup_teardown.py took 0.335 seconds
[2024-06-22T11:23:03.791+0000] {processor.py:161} INFO - Started process (PID=1873) to work on /home/airflow/.local/lib/python3.12/site-packages/airflow/example_dags/example_setup_teardown.py
[2024-06-22T11:23:03.797+0000] {processor.py:830} INFO - Processing file /home/airflow/.local/lib/python3.12/site-packages/airflow/example_dags/example_setup_teardown.py for tasks to queue
[2024-06-22T11:23:03.830+0000] {logging_mixin.py:188} INFO - [2024-06-22T11:23:03.825+0000] {dagbag.py:540} INFO - Filling up the DagBag from /home/airflow/.local/lib/python3.12/site-packages/airflow/example_dags/example_setup_teardown.py
[2024-06-22T11:23:03.884+0000] {processor.py:840} INFO - DAG(s) 'example_setup_teardown' retrieved from /home/airflow/.local/lib/python3.12/site-packages/airflow/example_dags/example_setup_teardown.py
[2024-06-22T11:23:04.038+0000] {logging_mixin.py:188} INFO - [2024-06-22T11:23:04.037+0000] {dag.py:3096} INFO - Sync 1 DAGs
[2024-06-22T11:23:04.223+0000] {logging_mixin.py:188} INFO - [2024-06-22T11:23:04.223+0000] {dag.py:3954} INFO - Setting next_dagrun for example_setup_teardown to 2024-06-21 00:00:00+00:00, run_after=2024-06-22 00:00:00+00:00
[2024-06-22T11:23:04.309+0000] {processor.py:183} INFO - Processing /home/airflow/.local/lib/python3.12/site-packages/airflow/example_dags/example_setup_teardown.py took 0.611 seconds
[2024-06-22T11:23:34.988+0000] {processor.py:161} INFO - Started process (PID=1931) to work on /home/airflow/.local/lib/python3.12/site-packages/airflow/example_dags/example_setup_teardown.py
[2024-06-22T11:23:35.019+0000] {processor.py:830} INFO - Processing file /home/airflow/.local/lib/python3.12/site-packages/airflow/example_dags/example_setup_teardown.py for tasks to queue
[2024-06-22T11:23:35.046+0000] {logging_mixin.py:188} INFO - [2024-06-22T11:23:35.030+0000] {dagbag.py:540} INFO - Filling up the DagBag from /home/airflow/.local/lib/python3.12/site-packages/airflow/example_dags/example_setup_teardown.py
[2024-06-22T11:23:35.088+0000] {processor.py:840} INFO - DAG(s) 'example_setup_teardown' retrieved from /home/airflow/.local/lib/python3.12/site-packages/airflow/example_dags/example_setup_teardown.py
[2024-06-22T11:23:35.190+0000] {logging_mixin.py:188} INFO - [2024-06-22T11:23:35.189+0000] {dag.py:3096} INFO - Sync 1 DAGs
[2024-06-22T11:23:35.266+0000] {logging_mixin.py:188} INFO - [2024-06-22T11:23:35.265+0000] {dag.py:3954} INFO - Setting next_dagrun for example_setup_teardown to 2024-06-21 00:00:00+00:00, run_after=2024-06-22 00:00:00+00:00
[2024-06-22T11:23:35.340+0000] {processor.py:183} INFO - Processing /home/airflow/.local/lib/python3.12/site-packages/airflow/example_dags/example_setup_teardown.py took 0.491 seconds
[2024-06-22T11:24:05.997+0000] {processor.py:161} INFO - Started process (PID=1989) to work on /home/airflow/.local/lib/python3.12/site-packages/airflow/example_dags/example_setup_teardown.py
[2024-06-22T11:24:06.001+0000] {processor.py:830} INFO - Processing file /home/airflow/.local/lib/python3.12/site-packages/airflow/example_dags/example_setup_teardown.py for tasks to queue
[2024-06-22T11:24:06.006+0000] {logging_mixin.py:188} INFO - [2024-06-22T11:24:06.005+0000] {dagbag.py:540} INFO - Filling up the DagBag from /home/airflow/.local/lib/python3.12/site-packages/airflow/example_dags/example_setup_teardown.py
[2024-06-22T11:24:06.024+0000] {processor.py:840} INFO - DAG(s) 'example_setup_teardown' retrieved from /home/airflow/.local/lib/python3.12/site-packages/airflow/example_dags/example_setup_teardown.py
[2024-06-22T11:24:06.090+0000] {logging_mixin.py:188} INFO - [2024-06-22T11:24:06.089+0000] {dag.py:3096} INFO - Sync 1 DAGs
[2024-06-22T11:24:06.135+0000] {logging_mixin.py:188} INFO - [2024-06-22T11:24:06.134+0000] {dag.py:3954} INFO - Setting next_dagrun for example_setup_teardown to 2024-06-21 00:00:00+00:00, run_after=2024-06-22 00:00:00+00:00
[2024-06-22T11:24:06.177+0000] {processor.py:183} INFO - Processing /home/airflow/.local/lib/python3.12/site-packages/airflow/example_dags/example_setup_teardown.py took 0.190 seconds
