[2024-06-22T04:11:06.251+0000] {processor.py:161} INFO - Started process (PID=35) to work on /home/airflow/.local/lib/python3.12/site-packages/airflow/example_dags/example_latest_only.py
[2024-06-22T04:11:06.259+0000] {processor.py:830} INFO - Processing file /home/airflow/.local/lib/python3.12/site-packages/airflow/example_dags/example_latest_only.py for tasks to queue
[2024-06-22T04:11:06.277+0000] {logging_mixin.py:188} INFO - [2024-06-22T04:11:06.272+0000] {dagbag.py:540} INFO - Filling up the DagBag from /home/airflow/.local/lib/python3.12/site-packages/airflow/example_dags/example_latest_only.py
[2024-06-22T04:11:06.332+0000] {processor.py:840} INFO - DAG(s) 'latest_only' retrieved from /home/airflow/.local/lib/python3.12/site-packages/airflow/example_dags/example_latest_only.py
[2024-06-22T04:11:06.386+0000] {logging_mixin.py:188} INFO - [2024-06-22T04:11:06.386+0000] {dag.py:3096} INFO - Sync 1 DAGs
[2024-06-22T04:11:06.534+0000] {logging_mixin.py:188} INFO - [2024-06-22T04:11:06.534+0000] {dag.py:3954} INFO - Setting next_dagrun for latest_only to 2024-06-22 00:00:00+00:00, run_after=2024-06-22 04:00:00+00:00
[2024-06-22T04:11:06.677+0000] {processor.py:183} INFO - Processing /home/airflow/.local/lib/python3.12/site-packages/airflow/example_dags/example_latest_only.py took 0.480 seconds
[2024-06-22T04:11:36.936+0000] {processor.py:161} INFO - Started process (PID=94) to work on /home/airflow/.local/lib/python3.12/site-packages/airflow/example_dags/example_latest_only.py
[2024-06-22T04:11:36.938+0000] {processor.py:830} INFO - Processing file /home/airflow/.local/lib/python3.12/site-packages/airflow/example_dags/example_latest_only.py for tasks to queue
[2024-06-22T04:11:36.941+0000] {logging_mixin.py:188} INFO - [2024-06-22T04:11:36.941+0000] {dagbag.py:540} INFO - Filling up the DagBag from /home/airflow/.local/lib/python3.12/site-packages/airflow/example_dags/example_latest_only.py
[2024-06-22T04:11:36.948+0000] {processor.py:840} INFO - DAG(s) 'latest_only' retrieved from /home/airflow/.local/lib/python3.12/site-packages/airflow/example_dags/example_latest_only.py
[2024-06-22T04:11:37.089+0000] {logging_mixin.py:188} INFO - [2024-06-22T04:11:37.088+0000] {dag.py:3096} INFO - Sync 1 DAGs
[2024-06-22T04:11:37.115+0000] {logging_mixin.py:188} INFO - [2024-06-22T04:11:37.115+0000] {dag.py:3954} INFO - Setting next_dagrun for latest_only to 2024-06-22 00:00:00+00:00, run_after=2024-06-22 04:00:00+00:00
[2024-06-22T04:11:37.146+0000] {processor.py:183} INFO - Processing /home/airflow/.local/lib/python3.12/site-packages/airflow/example_dags/example_latest_only.py took 0.221 seconds
[2024-06-22T04:12:07.862+0000] {processor.py:161} INFO - Started process (PID=152) to work on /home/airflow/.local/lib/python3.12/site-packages/airflow/example_dags/example_latest_only.py
[2024-06-22T04:12:07.864+0000] {processor.py:830} INFO - Processing file /home/airflow/.local/lib/python3.12/site-packages/airflow/example_dags/example_latest_only.py for tasks to queue
[2024-06-22T04:12:07.875+0000] {logging_mixin.py:188} INFO - [2024-06-22T04:12:07.872+0000] {dagbag.py:540} INFO - Filling up the DagBag from /home/airflow/.local/lib/python3.12/site-packages/airflow/example_dags/example_latest_only.py
[2024-06-22T04:12:07.905+0000] {processor.py:840} INFO - DAG(s) 'latest_only' retrieved from /home/airflow/.local/lib/python3.12/site-packages/airflow/example_dags/example_latest_only.py
[2024-06-22T04:12:07.995+0000] {logging_mixin.py:188} INFO - [2024-06-22T04:12:07.995+0000] {dag.py:3096} INFO - Sync 1 DAGs
[2024-06-22T04:12:08.120+0000] {logging_mixin.py:188} INFO - [2024-06-22T04:12:08.120+0000] {dag.py:3954} INFO - Setting next_dagrun for latest_only to 2024-06-22 00:00:00+00:00, run_after=2024-06-22 04:00:00+00:00
[2024-06-22T04:12:08.188+0000] {processor.py:183} INFO - Processing /home/airflow/.local/lib/python3.12/site-packages/airflow/example_dags/example_latest_only.py took 0.370 seconds
[2024-06-22T04:12:38.672+0000] {processor.py:161} INFO - Started process (PID=211) to work on /home/airflow/.local/lib/python3.12/site-packages/airflow/example_dags/example_latest_only.py
[2024-06-22T04:12:38.676+0000] {processor.py:830} INFO - Processing file /home/airflow/.local/lib/python3.12/site-packages/airflow/example_dags/example_latest_only.py for tasks to queue
[2024-06-22T04:12:38.688+0000] {logging_mixin.py:188} INFO - [2024-06-22T04:12:38.688+0000] {dagbag.py:540} INFO - Filling up the DagBag from /home/airflow/.local/lib/python3.12/site-packages/airflow/example_dags/example_latest_only.py
[2024-06-22T04:12:38.695+0000] {processor.py:840} INFO - DAG(s) 'latest_only' retrieved from /home/airflow/.local/lib/python3.12/site-packages/airflow/example_dags/example_latest_only.py
[2024-06-22T04:12:38.739+0000] {logging_mixin.py:188} INFO - [2024-06-22T04:12:38.739+0000] {dag.py:3096} INFO - Sync 1 DAGs
[2024-06-22T04:12:38.780+0000] {logging_mixin.py:188} INFO - [2024-06-22T04:12:38.779+0000] {dag.py:3954} INFO - Setting next_dagrun for latest_only to 2024-06-22 00:00:00+00:00, run_after=2024-06-22 04:00:00+00:00
[2024-06-22T04:12:38.807+0000] {processor.py:183} INFO - Processing /home/airflow/.local/lib/python3.12/site-packages/airflow/example_dags/example_latest_only.py took 0.147 seconds
[2024-06-22T04:13:08.926+0000] {processor.py:161} INFO - Started process (PID=270) to work on /home/airflow/.local/lib/python3.12/site-packages/airflow/example_dags/example_latest_only.py
[2024-06-22T04:13:08.928+0000] {processor.py:830} INFO - Processing file /home/airflow/.local/lib/python3.12/site-packages/airflow/example_dags/example_latest_only.py for tasks to queue
[2024-06-22T04:13:08.931+0000] {logging_mixin.py:188} INFO - [2024-06-22T04:13:08.930+0000] {dagbag.py:540} INFO - Filling up the DagBag from /home/airflow/.local/lib/python3.12/site-packages/airflow/example_dags/example_latest_only.py
[2024-06-22T04:13:08.937+0000] {processor.py:840} INFO - DAG(s) 'latest_only' retrieved from /home/airflow/.local/lib/python3.12/site-packages/airflow/example_dags/example_latest_only.py
[2024-06-22T04:13:08.970+0000] {logging_mixin.py:188} INFO - [2024-06-22T04:13:08.970+0000] {dag.py:3096} INFO - Sync 1 DAGs
[2024-06-22T04:13:09.027+0000] {logging_mixin.py:188} INFO - [2024-06-22T04:13:09.025+0000] {dag.py:3954} INFO - Setting next_dagrun for latest_only to 2024-06-22 00:00:00+00:00, run_after=2024-06-22 04:00:00+00:00
[2024-06-22T04:13:09.066+0000] {processor.py:183} INFO - Processing /home/airflow/.local/lib/python3.12/site-packages/airflow/example_dags/example_latest_only.py took 0.149 seconds
[2024-06-22T04:13:39.290+0000] {processor.py:161} INFO - Started process (PID=329) to work on /home/airflow/.local/lib/python3.12/site-packages/airflow/example_dags/example_latest_only.py
[2024-06-22T04:13:39.293+0000] {processor.py:830} INFO - Processing file /home/airflow/.local/lib/python3.12/site-packages/airflow/example_dags/example_latest_only.py for tasks to queue
[2024-06-22T04:13:39.300+0000] {logging_mixin.py:188} INFO - [2024-06-22T04:13:39.299+0000] {dagbag.py:540} INFO - Filling up the DagBag from /home/airflow/.local/lib/python3.12/site-packages/airflow/example_dags/example_latest_only.py
[2024-06-22T04:13:39.313+0000] {processor.py:840} INFO - DAG(s) 'latest_only' retrieved from /home/airflow/.local/lib/python3.12/site-packages/airflow/example_dags/example_latest_only.py
[2024-06-22T04:13:39.377+0000] {logging_mixin.py:188} INFO - [2024-06-22T04:13:39.377+0000] {dag.py:3096} INFO - Sync 1 DAGs
[2024-06-22T04:13:39.418+0000] {logging_mixin.py:188} INFO - [2024-06-22T04:13:39.418+0000] {dag.py:3954} INFO - Setting next_dagrun for latest_only to 2024-06-22 00:00:00+00:00, run_after=2024-06-22 04:00:00+00:00
[2024-06-22T04:13:39.451+0000] {processor.py:183} INFO - Processing /home/airflow/.local/lib/python3.12/site-packages/airflow/example_dags/example_latest_only.py took 0.176 seconds
[2024-06-22T04:14:10.051+0000] {processor.py:161} INFO - Started process (PID=391) to work on /home/airflow/.local/lib/python3.12/site-packages/airflow/example_dags/example_latest_only.py
[2024-06-22T04:14:10.053+0000] {processor.py:830} INFO - Processing file /home/airflow/.local/lib/python3.12/site-packages/airflow/example_dags/example_latest_only.py for tasks to queue
[2024-06-22T04:14:10.057+0000] {logging_mixin.py:188} INFO - [2024-06-22T04:14:10.056+0000] {dagbag.py:540} INFO - Filling up the DagBag from /home/airflow/.local/lib/python3.12/site-packages/airflow/example_dags/example_latest_only.py
[2024-06-22T04:14:10.064+0000] {processor.py:840} INFO - DAG(s) 'latest_only' retrieved from /home/airflow/.local/lib/python3.12/site-packages/airflow/example_dags/example_latest_only.py
[2024-06-22T04:14:10.093+0000] {logging_mixin.py:188} INFO - [2024-06-22T04:14:10.093+0000] {dag.py:3096} INFO - Sync 1 DAGs
[2024-06-22T04:14:10.126+0000] {logging_mixin.py:188} INFO - [2024-06-22T04:14:10.126+0000] {dag.py:3954} INFO - Setting next_dagrun for latest_only to 2024-06-22 00:00:00+00:00, run_after=2024-06-22 04:00:00+00:00
[2024-06-22T04:14:10.157+0000] {processor.py:183} INFO - Processing /home/airflow/.local/lib/python3.12/site-packages/airflow/example_dags/example_latest_only.py took 0.116 seconds
[2024-06-22T04:14:40.634+0000] {processor.py:161} INFO - Started process (PID=450) to work on /home/airflow/.local/lib/python3.12/site-packages/airflow/example_dags/example_latest_only.py
[2024-06-22T04:14:40.637+0000] {processor.py:830} INFO - Processing file /home/airflow/.local/lib/python3.12/site-packages/airflow/example_dags/example_latest_only.py for tasks to queue
[2024-06-22T04:14:40.643+0000] {logging_mixin.py:188} INFO - [2024-06-22T04:14:40.643+0000] {dagbag.py:540} INFO - Filling up the DagBag from /home/airflow/.local/lib/python3.12/site-packages/airflow/example_dags/example_latest_only.py
[2024-06-22T04:14:40.654+0000] {processor.py:840} INFO - DAG(s) 'latest_only' retrieved from /home/airflow/.local/lib/python3.12/site-packages/airflow/example_dags/example_latest_only.py
[2024-06-22T04:14:40.695+0000] {logging_mixin.py:188} INFO - [2024-06-22T04:14:40.695+0000] {dag.py:3096} INFO - Sync 1 DAGs
[2024-06-22T04:14:40.740+0000] {logging_mixin.py:188} INFO - [2024-06-22T04:14:40.740+0000] {dag.py:3954} INFO - Setting next_dagrun for latest_only to 2024-06-22 00:00:00+00:00, run_after=2024-06-22 04:00:00+00:00
[2024-06-22T04:14:40.774+0000] {processor.py:183} INFO - Processing /home/airflow/.local/lib/python3.12/site-packages/airflow/example_dags/example_latest_only.py took 0.150 seconds
[2024-06-22T04:15:11.005+0000] {processor.py:161} INFO - Started process (PID=511) to work on /home/airflow/.local/lib/python3.12/site-packages/airflow/example_dags/example_latest_only.py
[2024-06-22T04:15:11.007+0000] {processor.py:830} INFO - Processing file /home/airflow/.local/lib/python3.12/site-packages/airflow/example_dags/example_latest_only.py for tasks to queue
[2024-06-22T04:15:11.011+0000] {logging_mixin.py:188} INFO - [2024-06-22T04:15:11.011+0000] {dagbag.py:540} INFO - Filling up the DagBag from /home/airflow/.local/lib/python3.12/site-packages/airflow/example_dags/example_latest_only.py
[2024-06-22T04:15:11.022+0000] {processor.py:840} INFO - DAG(s) 'latest_only' retrieved from /home/airflow/.local/lib/python3.12/site-packages/airflow/example_dags/example_latest_only.py
[2024-06-22T04:15:11.058+0000] {logging_mixin.py:188} INFO - [2024-06-22T04:15:11.058+0000] {dag.py:3096} INFO - Sync 1 DAGs
[2024-06-22T04:15:11.093+0000] {logging_mixin.py:188} INFO - [2024-06-22T04:15:11.093+0000] {dag.py:3954} INFO - Setting next_dagrun for latest_only to 2024-06-22 00:00:00+00:00, run_after=2024-06-22 04:00:00+00:00
[2024-06-22T04:15:11.124+0000] {processor.py:183} INFO - Processing /home/airflow/.local/lib/python3.12/site-packages/airflow/example_dags/example_latest_only.py took 0.130 seconds
[2024-06-22T04:15:41.627+0000] {processor.py:161} INFO - Started process (PID=569) to work on /home/airflow/.local/lib/python3.12/site-packages/airflow/example_dags/example_latest_only.py
[2024-06-22T04:15:41.629+0000] {processor.py:830} INFO - Processing file /home/airflow/.local/lib/python3.12/site-packages/airflow/example_dags/example_latest_only.py for tasks to queue
[2024-06-22T04:15:41.639+0000] {logging_mixin.py:188} INFO - [2024-06-22T04:15:41.638+0000] {dagbag.py:540} INFO - Filling up the DagBag from /home/airflow/.local/lib/python3.12/site-packages/airflow/example_dags/example_latest_only.py
[2024-06-22T04:15:41.648+0000] {processor.py:840} INFO - DAG(s) 'latest_only' retrieved from /home/airflow/.local/lib/python3.12/site-packages/airflow/example_dags/example_latest_only.py
[2024-06-22T04:15:41.708+0000] {logging_mixin.py:188} INFO - [2024-06-22T04:15:41.708+0000] {dag.py:3096} INFO - Sync 1 DAGs
[2024-06-22T04:15:41.791+0000] {logging_mixin.py:188} INFO - [2024-06-22T04:15:41.790+0000] {dag.py:3954} INFO - Setting next_dagrun for latest_only to 2024-06-22 00:00:00+00:00, run_after=2024-06-22 04:00:00+00:00
[2024-06-22T04:15:41.814+0000] {processor.py:183} INFO - Processing /home/airflow/.local/lib/python3.12/site-packages/airflow/example_dags/example_latest_only.py took 0.212 seconds
[2024-06-22T04:16:13.023+0000] {processor.py:161} INFO - Started process (PID=629) to work on /home/airflow/.local/lib/python3.12/site-packages/airflow/example_dags/example_latest_only.py
[2024-06-22T04:16:13.027+0000] {processor.py:830} INFO - Processing file /home/airflow/.local/lib/python3.12/site-packages/airflow/example_dags/example_latest_only.py for tasks to queue
[2024-06-22T04:16:13.038+0000] {logging_mixin.py:188} INFO - [2024-06-22T04:16:13.037+0000] {dagbag.py:540} INFO - Filling up the DagBag from /home/airflow/.local/lib/python3.12/site-packages/airflow/example_dags/example_latest_only.py
[2024-06-22T04:16:13.061+0000] {processor.py:840} INFO - DAG(s) 'latest_only' retrieved from /home/airflow/.local/lib/python3.12/site-packages/airflow/example_dags/example_latest_only.py
[2024-06-22T04:16:13.168+0000] {logging_mixin.py:188} INFO - [2024-06-22T04:16:13.166+0000] {dag.py:3096} INFO - Sync 1 DAGs
[2024-06-22T04:16:13.269+0000] {logging_mixin.py:188} INFO - [2024-06-22T04:16:13.269+0000] {dag.py:3954} INFO - Setting next_dagrun for latest_only to 2024-06-22 00:00:00+00:00, run_after=2024-06-22 04:00:00+00:00
[2024-06-22T04:16:13.359+0000] {processor.py:183} INFO - Processing /home/airflow/.local/lib/python3.12/site-packages/airflow/example_dags/example_latest_only.py took 0.359 seconds
[2024-06-22T04:16:44.023+0000] {processor.py:161} INFO - Started process (PID=688) to work on /home/airflow/.local/lib/python3.12/site-packages/airflow/example_dags/example_latest_only.py
[2024-06-22T04:16:44.025+0000] {processor.py:830} INFO - Processing file /home/airflow/.local/lib/python3.12/site-packages/airflow/example_dags/example_latest_only.py for tasks to queue
[2024-06-22T04:16:44.028+0000] {logging_mixin.py:188} INFO - [2024-06-22T04:16:44.027+0000] {dagbag.py:540} INFO - Filling up the DagBag from /home/airflow/.local/lib/python3.12/site-packages/airflow/example_dags/example_latest_only.py
[2024-06-22T04:16:44.035+0000] {processor.py:840} INFO - DAG(s) 'latest_only' retrieved from /home/airflow/.local/lib/python3.12/site-packages/airflow/example_dags/example_latest_only.py
[2024-06-22T04:16:44.073+0000] {logging_mixin.py:188} INFO - [2024-06-22T04:16:44.073+0000] {dag.py:3096} INFO - Sync 1 DAGs
[2024-06-22T04:16:44.104+0000] {logging_mixin.py:188} INFO - [2024-06-22T04:16:44.103+0000] {dag.py:3954} INFO - Setting next_dagrun for latest_only to 2024-06-22 00:00:00+00:00, run_after=2024-06-22 04:00:00+00:00
[2024-06-22T04:16:44.128+0000] {processor.py:183} INFO - Processing /home/airflow/.local/lib/python3.12/site-packages/airflow/example_dags/example_latest_only.py took 0.114 seconds
[2024-06-22T04:17:14.713+0000] {processor.py:161} INFO - Started process (PID=748) to work on /home/airflow/.local/lib/python3.12/site-packages/airflow/example_dags/example_latest_only.py
[2024-06-22T04:17:14.715+0000] {processor.py:830} INFO - Processing file /home/airflow/.local/lib/python3.12/site-packages/airflow/example_dags/example_latest_only.py for tasks to queue
[2024-06-22T04:17:14.718+0000] {logging_mixin.py:188} INFO - [2024-06-22T04:17:14.717+0000] {dagbag.py:540} INFO - Filling up the DagBag from /home/airflow/.local/lib/python3.12/site-packages/airflow/example_dags/example_latest_only.py
[2024-06-22T04:17:14.731+0000] {processor.py:840} INFO - DAG(s) 'latest_only' retrieved from /home/airflow/.local/lib/python3.12/site-packages/airflow/example_dags/example_latest_only.py
[2024-06-22T04:17:14.765+0000] {logging_mixin.py:188} INFO - [2024-06-22T04:17:14.764+0000] {dag.py:3096} INFO - Sync 1 DAGs
[2024-06-22T04:17:14.795+0000] {logging_mixin.py:188} INFO - [2024-06-22T04:17:14.795+0000] {dag.py:3954} INFO - Setting next_dagrun for latest_only to 2024-06-22 00:00:00+00:00, run_after=2024-06-22 04:00:00+00:00
[2024-06-22T04:17:14.819+0000] {processor.py:183} INFO - Processing /home/airflow/.local/lib/python3.12/site-packages/airflow/example_dags/example_latest_only.py took 0.114 seconds
[2024-06-22T06:17:56.950+0000] {processor.py:161} INFO - Started process (PID=813) to work on /home/airflow/.local/lib/python3.12/site-packages/airflow/example_dags/example_latest_only.py
[2024-06-22T06:17:57.069+0000] {processor.py:830} INFO - Processing file /home/airflow/.local/lib/python3.12/site-packages/airflow/example_dags/example_latest_only.py for tasks to queue
[2024-06-22T06:17:57.268+0000] {logging_mixin.py:188} INFO - [2024-06-22T06:17:57.194+0000] {dagbag.py:540} INFO - Filling up the DagBag from /home/airflow/.local/lib/python3.12/site-packages/airflow/example_dags/example_latest_only.py
[2024-06-22T06:17:58.101+0000] {processor.py:840} INFO - DAG(s) 'latest_only' retrieved from /home/airflow/.local/lib/python3.12/site-packages/airflow/example_dags/example_latest_only.py
[2024-06-22T06:18:00.734+0000] {logging_mixin.py:188} INFO - [2024-06-22T06:18:00.679+0000] {dag.py:3096} INFO - Sync 1 DAGs
[2024-06-22T06:18:03.988+0000] {logging_mixin.py:188} INFO - [2024-06-22T06:18:03.932+0000] {dag.py:3954} INFO - Setting next_dagrun for latest_only to 2024-06-22 00:00:00+00:00, run_after=2024-06-22 04:00:00+00:00
[2024-06-22T06:18:06.230+0000] {processor.py:183} INFO - Processing /home/airflow/.local/lib/python3.12/site-packages/airflow/example_dags/example_latest_only.py took 10.524 seconds
[2024-06-22T06:21:46.282+0000] {processor.py:161} INFO - Started process (PID=904) to work on /home/airflow/.local/lib/python3.12/site-packages/airflow/example_dags/example_latest_only.py
[2024-06-22T06:21:46.385+0000] {processor.py:830} INFO - Processing file /home/airflow/.local/lib/python3.12/site-packages/airflow/example_dags/example_latest_only.py for tasks to queue
[2024-06-22T06:21:46.464+0000] {logging_mixin.py:188} INFO - [2024-06-22T06:21:46.445+0000] {dagbag.py:540} INFO - Filling up the DagBag from /home/airflow/.local/lib/python3.12/site-packages/airflow/example_dags/example_latest_only.py
[2024-06-22T06:21:46.785+0000] {processor.py:840} INFO - DAG(s) 'latest_only' retrieved from /home/airflow/.local/lib/python3.12/site-packages/airflow/example_dags/example_latest_only.py
[2024-06-22T06:21:48.100+0000] {logging_mixin.py:188} INFO - [2024-06-22T06:21:48.089+0000] {dag.py:3096} INFO - Sync 1 DAGs
[2024-06-22T06:21:48.646+0000] {logging_mixin.py:188} INFO - [2024-06-22T06:21:48.639+0000] {dag.py:3954} INFO - Setting next_dagrun for latest_only to 2024-06-22 00:00:00+00:00, run_after=2024-06-22 04:00:00+00:00
[2024-06-22T06:21:49.771+0000] {processor.py:183} INFO - Processing /home/airflow/.local/lib/python3.12/site-packages/airflow/example_dags/example_latest_only.py took 4.039 seconds
[2024-06-22T06:23:53.439+0000] {processor.py:161} INFO - Started process (PID=969) to work on /home/airflow/.local/lib/python3.12/site-packages/airflow/example_dags/example_latest_only.py
[2024-06-22T06:23:53.490+0000] {processor.py:830} INFO - Processing file /home/airflow/.local/lib/python3.12/site-packages/airflow/example_dags/example_latest_only.py for tasks to queue
[2024-06-22T06:23:53.545+0000] {logging_mixin.py:188} INFO - [2024-06-22T06:23:53.528+0000] {dagbag.py:540} INFO - Filling up the DagBag from /home/airflow/.local/lib/python3.12/site-packages/airflow/example_dags/example_latest_only.py
[2024-06-22T06:23:53.956+0000] {processor.py:840} INFO - DAG(s) 'latest_only' retrieved from /home/airflow/.local/lib/python3.12/site-packages/airflow/example_dags/example_latest_only.py
[2024-06-22T06:23:55.000+0000] {logging_mixin.py:188} INFO - [2024-06-22T06:23:54.983+0000] {dag.py:3096} INFO - Sync 1 DAGs
[2024-06-22T06:24:00.537+0000] {logging_mixin.py:188} INFO - [2024-06-22T06:24:00.536+0000] {dag.py:3954} INFO - Setting next_dagrun for latest_only to 2024-06-22 00:00:00+00:00, run_after=2024-06-22 04:00:00+00:00
[2024-06-22T06:24:00.768+0000] {processor.py:183} INFO - Processing /home/airflow/.local/lib/python3.12/site-packages/airflow/example_dags/example_latest_only.py took 7.534 seconds
[2024-06-22T06:56:08.614+0000] {processor.py:161} INFO - Started process (PID=1035) to work on /home/airflow/.local/lib/python3.12/site-packages/airflow/example_dags/example_latest_only.py
[2024-06-22T06:56:08.647+0000] {processor.py:830} INFO - Processing file /home/airflow/.local/lib/python3.12/site-packages/airflow/example_dags/example_latest_only.py for tasks to queue
[2024-06-22T06:56:08.675+0000] {logging_mixin.py:188} INFO - [2024-06-22T06:56:08.672+0000] {dagbag.py:540} INFO - Filling up the DagBag from /home/airflow/.local/lib/python3.12/site-packages/airflow/example_dags/example_latest_only.py
[2024-06-22T06:56:08.919+0000] {processor.py:840} INFO - DAG(s) 'latest_only' retrieved from /home/airflow/.local/lib/python3.12/site-packages/airflow/example_dags/example_latest_only.py
[2024-06-22T06:56:09.853+0000] {logging_mixin.py:188} INFO - [2024-06-22T06:56:09.846+0000] {dag.py:3096} INFO - Sync 1 DAGs
[2024-06-22T06:56:10.560+0000] {logging_mixin.py:188} INFO - [2024-06-22T06:56:10.558+0000] {dag.py:3954} INFO - Setting next_dagrun for latest_only to 2024-06-22 00:00:00+00:00, run_after=2024-06-22 04:00:00+00:00
[2024-06-22T06:56:11.740+0000] {processor.py:183} INFO - Processing /home/airflow/.local/lib/python3.12/site-packages/airflow/example_dags/example_latest_only.py took 3.297 seconds
[2024-06-22T06:58:13.366+0000] {processor.py:161} INFO - Started process (PID=1102) to work on /home/airflow/.local/lib/python3.12/site-packages/airflow/example_dags/example_latest_only.py
[2024-06-22T06:58:13.374+0000] {processor.py:830} INFO - Processing file /home/airflow/.local/lib/python3.12/site-packages/airflow/example_dags/example_latest_only.py for tasks to queue
[2024-06-22T06:58:13.382+0000] {logging_mixin.py:188} INFO - [2024-06-22T06:58:13.378+0000] {dagbag.py:540} INFO - Filling up the DagBag from /home/airflow/.local/lib/python3.12/site-packages/airflow/example_dags/example_latest_only.py
[2024-06-22T06:58:13.427+0000] {processor.py:840} INFO - DAG(s) 'latest_only' retrieved from /home/airflow/.local/lib/python3.12/site-packages/airflow/example_dags/example_latest_only.py
[2024-06-22T06:58:13.558+0000] {logging_mixin.py:188} INFO - [2024-06-22T06:58:13.555+0000] {dag.py:3096} INFO - Sync 1 DAGs
[2024-06-22T06:58:13.690+0000] {logging_mixin.py:188} INFO - [2024-06-22T06:58:13.689+0000] {dag.py:3954} INFO - Setting next_dagrun for latest_only to 2024-06-22 00:00:00+00:00, run_after=2024-06-22 04:00:00+00:00
[2024-06-22T06:58:13.804+0000] {processor.py:183} INFO - Processing /home/airflow/.local/lib/python3.12/site-packages/airflow/example_dags/example_latest_only.py took 0.485 seconds
[2024-06-22T07:14:17.215+0000] {processor.py:161} INFO - Started process (PID=1149) to work on /home/airflow/.local/lib/python3.12/site-packages/airflow/example_dags/example_latest_only.py
[2024-06-22T07:14:17.228+0000] {processor.py:830} INFO - Processing file /home/airflow/.local/lib/python3.12/site-packages/airflow/example_dags/example_latest_only.py for tasks to queue
[2024-06-22T07:14:17.230+0000] {logging_mixin.py:188} INFO - [2024-06-22T07:14:17.230+0000] {dagbag.py:540} INFO - Filling up the DagBag from /home/airflow/.local/lib/python3.12/site-packages/airflow/example_dags/example_latest_only.py
[2024-06-22T07:14:17.263+0000] {processor.py:840} INFO - DAG(s) 'latest_only' retrieved from /home/airflow/.local/lib/python3.12/site-packages/airflow/example_dags/example_latest_only.py
[2024-06-22T07:14:17.371+0000] {logging_mixin.py:188} INFO - [2024-06-22T07:14:17.371+0000] {dag.py:3096} INFO - Sync 1 DAGs
[2024-06-22T07:14:17.503+0000] {logging_mixin.py:188} INFO - [2024-06-22T07:14:17.502+0000] {dag.py:3954} INFO - Setting next_dagrun for latest_only to 2024-06-22 00:00:00+00:00, run_after=2024-06-22 04:00:00+00:00
[2024-06-22T07:14:17.602+0000] {processor.py:183} INFO - Processing /home/airflow/.local/lib/python3.12/site-packages/airflow/example_dags/example_latest_only.py took 0.417 seconds
[2024-06-22T07:32:23.790+0000] {processor.py:161} INFO - Started process (PID=1198) to work on /home/airflow/.local/lib/python3.12/site-packages/airflow/example_dags/example_latest_only.py
[2024-06-22T07:32:23.807+0000] {processor.py:830} INFO - Processing file /home/airflow/.local/lib/python3.12/site-packages/airflow/example_dags/example_latest_only.py for tasks to queue
[2024-06-22T07:32:23.827+0000] {logging_mixin.py:188} INFO - [2024-06-22T07:32:23.822+0000] {dagbag.py:540} INFO - Filling up the DagBag from /home/airflow/.local/lib/python3.12/site-packages/airflow/example_dags/example_latest_only.py
[2024-06-22T07:32:23.867+0000] {processor.py:840} INFO - DAG(s) 'latest_only' retrieved from /home/airflow/.local/lib/python3.12/site-packages/airflow/example_dags/example_latest_only.py
[2024-06-22T07:32:23.969+0000] {logging_mixin.py:188} INFO - [2024-06-22T07:32:23.967+0000] {dag.py:3096} INFO - Sync 1 DAGs
[2024-06-22T07:32:24.054+0000] {logging_mixin.py:188} INFO - [2024-06-22T07:32:24.052+0000] {dag.py:3954} INFO - Setting next_dagrun for latest_only to 2024-06-22 00:00:00+00:00, run_after=2024-06-22 04:00:00+00:00
[2024-06-22T07:32:24.131+0000] {processor.py:183} INFO - Processing /home/airflow/.local/lib/python3.12/site-packages/airflow/example_dags/example_latest_only.py took 0.386 seconds
[2024-06-22T07:48:41.523+0000] {processor.py:161} INFO - Started process (PID=1243) to work on /home/airflow/.local/lib/python3.12/site-packages/airflow/example_dags/example_latest_only.py
[2024-06-22T07:48:41.548+0000] {processor.py:830} INFO - Processing file /home/airflow/.local/lib/python3.12/site-packages/airflow/example_dags/example_latest_only.py for tasks to queue
[2024-06-22T07:48:41.570+0000] {logging_mixin.py:188} INFO - [2024-06-22T07:48:41.562+0000] {dagbag.py:540} INFO - Filling up the DagBag from /home/airflow/.local/lib/python3.12/site-packages/airflow/example_dags/example_latest_only.py
[2024-06-22T07:48:41.743+0000] {processor.py:840} INFO - DAG(s) 'latest_only' retrieved from /home/airflow/.local/lib/python3.12/site-packages/airflow/example_dags/example_latest_only.py
[2024-06-22T07:48:42.244+0000] {logging_mixin.py:188} INFO - [2024-06-22T07:48:42.243+0000] {dag.py:3096} INFO - Sync 1 DAGs
[2024-06-22T07:48:43.248+0000] {logging_mixin.py:188} INFO - [2024-06-22T07:48:43.246+0000] {dag.py:3954} INFO - Setting next_dagrun for latest_only to 2024-06-22 00:00:00+00:00, run_after=2024-06-22 04:00:00+00:00
[2024-06-22T07:48:43.778+0000] {processor.py:183} INFO - Processing /home/airflow/.local/lib/python3.12/site-packages/airflow/example_dags/example_latest_only.py took 2.472 seconds
[2024-06-22T07:50:18.576+0000] {processor.py:161} INFO - Started process (PID=1305) to work on /home/airflow/.local/lib/python3.12/site-packages/airflow/example_dags/example_latest_only.py
[2024-06-22T07:50:18.645+0000] {processor.py:830} INFO - Processing file /home/airflow/.local/lib/python3.12/site-packages/airflow/example_dags/example_latest_only.py for tasks to queue
[2024-06-22T07:50:18.697+0000] {logging_mixin.py:188} INFO - [2024-06-22T07:50:18.675+0000] {dagbag.py:540} INFO - Filling up the DagBag from /home/airflow/.local/lib/python3.12/site-packages/airflow/example_dags/example_latest_only.py
[2024-06-22T07:50:18.966+0000] {processor.py:840} INFO - DAG(s) 'latest_only' retrieved from /home/airflow/.local/lib/python3.12/site-packages/airflow/example_dags/example_latest_only.py
[2024-06-22T07:50:19.803+0000] {logging_mixin.py:188} INFO - [2024-06-22T07:50:19.798+0000] {dag.py:3096} INFO - Sync 1 DAGs
[2024-06-22T07:50:20.606+0000] {logging_mixin.py:188} INFO - [2024-06-22T07:50:20.604+0000] {dag.py:3954} INFO - Setting next_dagrun for latest_only to 2024-06-22 00:00:00+00:00, run_after=2024-06-22 04:00:00+00:00
[2024-06-22T07:50:21.066+0000] {processor.py:183} INFO - Processing /home/airflow/.local/lib/python3.12/site-packages/airflow/example_dags/example_latest_only.py took 3.015 seconds
[2024-06-22T07:51:36.482+0000] {processor.py:161} INFO - Started process (PID=1362) to work on /home/airflow/.local/lib/python3.12/site-packages/airflow/example_dags/example_latest_only.py
[2024-06-22T07:51:36.533+0000] {processor.py:830} INFO - Processing file /home/airflow/.local/lib/python3.12/site-packages/airflow/example_dags/example_latest_only.py for tasks to queue
[2024-06-22T07:51:36.571+0000] {logging_mixin.py:188} INFO - [2024-06-22T07:51:36.558+0000] {dagbag.py:540} INFO - Filling up the DagBag from /home/airflow/.local/lib/python3.12/site-packages/airflow/example_dags/example_latest_only.py
[2024-06-22T07:51:36.956+0000] {processor.py:840} INFO - DAG(s) 'latest_only' retrieved from /home/airflow/.local/lib/python3.12/site-packages/airflow/example_dags/example_latest_only.py
[2024-06-22T07:51:37.616+0000] {logging_mixin.py:188} INFO - [2024-06-22T07:51:37.615+0000] {dag.py:3096} INFO - Sync 1 DAGs
[2024-06-22T07:51:38.155+0000] {logging_mixin.py:188} INFO - [2024-06-22T07:51:38.153+0000] {dag.py:3954} INFO - Setting next_dagrun for latest_only to 2024-06-22 00:00:00+00:00, run_after=2024-06-22 04:00:00+00:00
[2024-06-22T07:51:38.675+0000] {processor.py:183} INFO - Processing /home/airflow/.local/lib/python3.12/site-packages/airflow/example_dags/example_latest_only.py took 2.441 seconds
[2024-06-22T07:52:39.449+0000] {processor.py:161} INFO - Started process (PID=1408) to work on /home/airflow/.local/lib/python3.12/site-packages/airflow/example_dags/example_latest_only.py
[2024-06-22T07:52:39.487+0000] {processor.py:830} INFO - Processing file /home/airflow/.local/lib/python3.12/site-packages/airflow/example_dags/example_latest_only.py for tasks to queue
[2024-06-22T07:52:39.530+0000] {logging_mixin.py:188} INFO - [2024-06-22T07:52:39.506+0000] {dagbag.py:540} INFO - Filling up the DagBag from /home/airflow/.local/lib/python3.12/site-packages/airflow/example_dags/example_latest_only.py
[2024-06-22T07:52:39.792+0000] {processor.py:840} INFO - DAG(s) 'latest_only' retrieved from /home/airflow/.local/lib/python3.12/site-packages/airflow/example_dags/example_latest_only.py
[2024-06-22T07:52:40.035+0000] {logging_mixin.py:188} INFO - [2024-06-22T07:52:40.034+0000] {dag.py:3096} INFO - Sync 1 DAGs
[2024-06-22T07:52:40.557+0000] {logging_mixin.py:188} INFO - [2024-06-22T07:52:40.549+0000] {dag.py:3954} INFO - Setting next_dagrun for latest_only to 2024-06-22 00:00:00+00:00, run_after=2024-06-22 04:00:00+00:00
[2024-06-22T07:52:40.929+0000] {processor.py:183} INFO - Processing /home/airflow/.local/lib/python3.12/site-packages/airflow/example_dags/example_latest_only.py took 1.867 seconds
[2024-06-22T07:53:41.375+0000] {processor.py:161} INFO - Started process (PID=1449) to work on /home/airflow/.local/lib/python3.12/site-packages/airflow/example_dags/example_latest_only.py
[2024-06-22T07:53:41.426+0000] {processor.py:830} INFO - Processing file /home/airflow/.local/lib/python3.12/site-packages/airflow/example_dags/example_latest_only.py for tasks to queue
[2024-06-22T07:53:41.448+0000] {logging_mixin.py:188} INFO - [2024-06-22T07:53:41.445+0000] {dagbag.py:540} INFO - Filling up the DagBag from /home/airflow/.local/lib/python3.12/site-packages/airflow/example_dags/example_latest_only.py
[2024-06-22T07:53:41.656+0000] {processor.py:840} INFO - DAG(s) 'latest_only' retrieved from /home/airflow/.local/lib/python3.12/site-packages/airflow/example_dags/example_latest_only.py
[2024-06-22T07:53:42.820+0000] {logging_mixin.py:188} INFO - [2024-06-22T07:53:42.818+0000] {dag.py:3096} INFO - Sync 1 DAGs
[2024-06-22T07:53:44.486+0000] {logging_mixin.py:188} INFO - [2024-06-22T07:53:44.484+0000] {dag.py:3954} INFO - Setting next_dagrun for latest_only to 2024-06-22 00:00:00+00:00, run_after=2024-06-22 04:00:00+00:00
[2024-06-22T07:53:44.956+0000] {processor.py:183} INFO - Processing /home/airflow/.local/lib/python3.12/site-packages/airflow/example_dags/example_latest_only.py took 4.289 seconds
[2024-06-22T07:54:55.270+0000] {processor.py:161} INFO - Started process (PID=1502) to work on /home/airflow/.local/lib/python3.12/site-packages/airflow/example_dags/example_latest_only.py
[2024-06-22T07:54:55.306+0000] {processor.py:830} INFO - Processing file /home/airflow/.local/lib/python3.12/site-packages/airflow/example_dags/example_latest_only.py for tasks to queue
[2024-06-22T07:54:55.328+0000] {logging_mixin.py:188} INFO - [2024-06-22T07:54:55.326+0000] {dagbag.py:540} INFO - Filling up the DagBag from /home/airflow/.local/lib/python3.12/site-packages/airflow/example_dags/example_latest_only.py
[2024-06-22T07:54:55.442+0000] {processor.py:840} INFO - DAG(s) 'latest_only' retrieved from /home/airflow/.local/lib/python3.12/site-packages/airflow/example_dags/example_latest_only.py
[2024-06-22T07:54:56.079+0000] {logging_mixin.py:188} INFO - [2024-06-22T07:54:56.078+0000] {dag.py:3096} INFO - Sync 1 DAGs
[2024-06-22T07:54:57.569+0000] {logging_mixin.py:188} INFO - [2024-06-22T07:54:57.568+0000] {dag.py:3954} INFO - Setting next_dagrun for latest_only to 2024-06-22 00:00:00+00:00, run_after=2024-06-22 04:00:00+00:00
[2024-06-22T07:54:58.367+0000] {processor.py:183} INFO - Processing /home/airflow/.local/lib/python3.12/site-packages/airflow/example_dags/example_latest_only.py took 3.296 seconds
[2024-06-22T07:56:05.197+0000] {processor.py:161} INFO - Started process (PID=1550) to work on /home/airflow/.local/lib/python3.12/site-packages/airflow/example_dags/example_latest_only.py
[2024-06-22T07:56:05.241+0000] {processor.py:830} INFO - Processing file /home/airflow/.local/lib/python3.12/site-packages/airflow/example_dags/example_latest_only.py for tasks to queue
[2024-06-22T07:56:05.270+0000] {logging_mixin.py:188} INFO - [2024-06-22T07:56:05.268+0000] {dagbag.py:540} INFO - Filling up the DagBag from /home/airflow/.local/lib/python3.12/site-packages/airflow/example_dags/example_latest_only.py
[2024-06-22T07:56:05.630+0000] {processor.py:840} INFO - DAG(s) 'latest_only' retrieved from /home/airflow/.local/lib/python3.12/site-packages/airflow/example_dags/example_latest_only.py
[2024-06-22T07:56:06.183+0000] {logging_mixin.py:188} INFO - [2024-06-22T07:56:06.170+0000] {dag.py:3096} INFO - Sync 1 DAGs
[2024-06-22T07:56:07.020+0000] {logging_mixin.py:188} INFO - [2024-06-22T07:56:07.014+0000] {dag.py:3954} INFO - Setting next_dagrun for latest_only to 2024-06-22 00:00:00+00:00, run_after=2024-06-22 04:00:00+00:00
[2024-06-22T07:56:07.438+0000] {processor.py:183} INFO - Processing /home/airflow/.local/lib/python3.12/site-packages/airflow/example_dags/example_latest_only.py took 2.523 seconds
[2024-06-22T07:57:19.728+0000] {processor.py:161} INFO - Started process (PID=1595) to work on /home/airflow/.local/lib/python3.12/site-packages/airflow/example_dags/example_latest_only.py
[2024-06-22T07:57:19.800+0000] {processor.py:830} INFO - Processing file /home/airflow/.local/lib/python3.12/site-packages/airflow/example_dags/example_latest_only.py for tasks to queue
[2024-06-22T07:57:19.847+0000] {logging_mixin.py:188} INFO - [2024-06-22T07:57:19.827+0000] {dagbag.py:540} INFO - Filling up the DagBag from /home/airflow/.local/lib/python3.12/site-packages/airflow/example_dags/example_latest_only.py
[2024-06-22T07:57:20.098+0000] {processor.py:840} INFO - DAG(s) 'latest_only' retrieved from /home/airflow/.local/lib/python3.12/site-packages/airflow/example_dags/example_latest_only.py
[2024-06-22T07:57:21.110+0000] {logging_mixin.py:188} INFO - [2024-06-22T07:57:21.108+0000] {dag.py:3096} INFO - Sync 1 DAGs
[2024-06-22T07:57:23.091+0000] {logging_mixin.py:188} INFO - [2024-06-22T07:57:23.074+0000] {dag.py:3954} INFO - Setting next_dagrun for latest_only to 2024-06-22 00:00:00+00:00, run_after=2024-06-22 04:00:00+00:00
[2024-06-22T07:57:24.236+0000] {processor.py:183} INFO - Processing /home/airflow/.local/lib/python3.12/site-packages/airflow/example_dags/example_latest_only.py took 5.001 seconds
[2024-06-22T08:27:53.998+0000] {processor.py:161} INFO - Started process (PID=1644) to work on /home/airflow/.local/lib/python3.12/site-packages/airflow/example_dags/example_latest_only.py
[2024-06-22T08:27:54.041+0000] {processor.py:830} INFO - Processing file /home/airflow/.local/lib/python3.12/site-packages/airflow/example_dags/example_latest_only.py for tasks to queue
[2024-06-22T08:27:54.052+0000] {logging_mixin.py:188} INFO - [2024-06-22T08:27:54.049+0000] {dagbag.py:540} INFO - Filling up the DagBag from /home/airflow/.local/lib/python3.12/site-packages/airflow/example_dags/example_latest_only.py
[2024-06-22T08:27:54.290+0000] {processor.py:840} INFO - DAG(s) 'latest_only' retrieved from /home/airflow/.local/lib/python3.12/site-packages/airflow/example_dags/example_latest_only.py
[2024-06-22T08:27:54.966+0000] {logging_mixin.py:188} INFO - [2024-06-22T08:27:54.964+0000] {dag.py:3096} INFO - Sync 1 DAGs
[2024-06-22T08:27:55.635+0000] {logging_mixin.py:188} INFO - [2024-06-22T08:27:55.633+0000] {dag.py:3954} INFO - Setting next_dagrun for latest_only to 2024-06-22 04:00:00+00:00, run_after=2024-06-22 08:00:00+00:00
[2024-06-22T08:27:56.409+0000] {processor.py:183} INFO - Processing /home/airflow/.local/lib/python3.12/site-packages/airflow/example_dags/example_latest_only.py took 2.833 seconds
[2024-06-22T08:29:30.518+0000] {processor.py:161} INFO - Started process (PID=1713) to work on /home/airflow/.local/lib/python3.12/site-packages/airflow/example_dags/example_latest_only.py
[2024-06-22T08:29:30.568+0000] {processor.py:830} INFO - Processing file /home/airflow/.local/lib/python3.12/site-packages/airflow/example_dags/example_latest_only.py for tasks to queue
[2024-06-22T08:29:30.597+0000] {logging_mixin.py:188} INFO - [2024-06-22T08:29:30.595+0000] {dagbag.py:540} INFO - Filling up the DagBag from /home/airflow/.local/lib/python3.12/site-packages/airflow/example_dags/example_latest_only.py
[2024-06-22T08:29:30.840+0000] {processor.py:840} INFO - DAG(s) 'latest_only' retrieved from /home/airflow/.local/lib/python3.12/site-packages/airflow/example_dags/example_latest_only.py
[2024-06-22T08:29:32.060+0000] {logging_mixin.py:188} INFO - [2024-06-22T08:29:32.058+0000] {dag.py:3096} INFO - Sync 1 DAGs
[2024-06-22T08:29:33.976+0000] {logging_mixin.py:188} INFO - [2024-06-22T08:29:33.927+0000] {dag.py:3954} INFO - Setting next_dagrun for latest_only to 2024-06-22 04:00:00+00:00, run_after=2024-06-22 08:00:00+00:00
[2024-06-22T08:29:34.902+0000] {processor.py:183} INFO - Processing /home/airflow/.local/lib/python3.12/site-packages/airflow/example_dags/example_latest_only.py took 4.568 seconds
[2024-06-22T08:30:49.044+0000] {processor.py:161} INFO - Started process (PID=1766) to work on /home/airflow/.local/lib/python3.12/site-packages/airflow/example_dags/example_latest_only.py
[2024-06-22T08:30:49.097+0000] {processor.py:830} INFO - Processing file /home/airflow/.local/lib/python3.12/site-packages/airflow/example_dags/example_latest_only.py for tasks to queue
[2024-06-22T08:30:49.114+0000] {logging_mixin.py:188} INFO - [2024-06-22T08:30:49.110+0000] {dagbag.py:540} INFO - Filling up the DagBag from /home/airflow/.local/lib/python3.12/site-packages/airflow/example_dags/example_latest_only.py
[2024-06-22T08:30:49.432+0000] {processor.py:840} INFO - DAG(s) 'latest_only' retrieved from /home/airflow/.local/lib/python3.12/site-packages/airflow/example_dags/example_latest_only.py
[2024-06-22T08:30:49.879+0000] {logging_mixin.py:188} INFO - [2024-06-22T08:30:49.877+0000] {dag.py:3096} INFO - Sync 1 DAGs
[2024-06-22T08:30:50.872+0000] {logging_mixin.py:188} INFO - [2024-06-22T08:30:50.870+0000] {dag.py:3954} INFO - Setting next_dagrun for latest_only to 2024-06-22 04:00:00+00:00, run_after=2024-06-22 08:00:00+00:00
[2024-06-22T08:30:51.880+0000] {processor.py:183} INFO - Processing /home/airflow/.local/lib/python3.12/site-packages/airflow/example_dags/example_latest_only.py took 3.185 seconds
[2024-06-22T08:32:00.308+0000] {processor.py:161} INFO - Started process (PID=1814) to work on /home/airflow/.local/lib/python3.12/site-packages/airflow/example_dags/example_latest_only.py
[2024-06-22T08:32:00.335+0000] {processor.py:830} INFO - Processing file /home/airflow/.local/lib/python3.12/site-packages/airflow/example_dags/example_latest_only.py for tasks to queue
[2024-06-22T08:32:00.399+0000] {logging_mixin.py:188} INFO - [2024-06-22T08:32:00.377+0000] {dagbag.py:540} INFO - Filling up the DagBag from /home/airflow/.local/lib/python3.12/site-packages/airflow/example_dags/example_latest_only.py
[2024-06-22T08:32:00.615+0000] {processor.py:840} INFO - DAG(s) 'latest_only' retrieved from /home/airflow/.local/lib/python3.12/site-packages/airflow/example_dags/example_latest_only.py
[2024-06-22T08:32:01.383+0000] {logging_mixin.py:188} INFO - [2024-06-22T08:32:01.380+0000] {dag.py:3096} INFO - Sync 1 DAGs
[2024-06-22T08:32:02.825+0000] {logging_mixin.py:188} INFO - [2024-06-22T08:32:02.816+0000] {dag.py:3954} INFO - Setting next_dagrun for latest_only to 2024-06-22 04:00:00+00:00, run_after=2024-06-22 08:00:00+00:00
[2024-06-22T08:32:03.404+0000] {processor.py:183} INFO - Processing /home/airflow/.local/lib/python3.12/site-packages/airflow/example_dags/example_latest_only.py took 3.307 seconds
[2024-06-22T08:33:13.679+0000] {processor.py:161} INFO - Started process (PID=1862) to work on /home/airflow/.local/lib/python3.12/site-packages/airflow/example_dags/example_latest_only.py
[2024-06-22T08:33:13.708+0000] {processor.py:830} INFO - Processing file /home/airflow/.local/lib/python3.12/site-packages/airflow/example_dags/example_latest_only.py for tasks to queue
[2024-06-22T08:33:13.722+0000] {logging_mixin.py:188} INFO - [2024-06-22T08:33:13.719+0000] {dagbag.py:540} INFO - Filling up the DagBag from /home/airflow/.local/lib/python3.12/site-packages/airflow/example_dags/example_latest_only.py
[2024-06-22T08:33:13.999+0000] {processor.py:840} INFO - DAG(s) 'latest_only' retrieved from /home/airflow/.local/lib/python3.12/site-packages/airflow/example_dags/example_latest_only.py
[2024-06-22T08:33:14.542+0000] {logging_mixin.py:188} INFO - [2024-06-22T08:33:14.541+0000] {dag.py:3096} INFO - Sync 1 DAGs
[2024-06-22T08:33:15.282+0000] {logging_mixin.py:188} INFO - [2024-06-22T08:33:15.280+0000] {dag.py:3954} INFO - Setting next_dagrun for latest_only to 2024-06-22 04:00:00+00:00, run_after=2024-06-22 08:00:00+00:00
[2024-06-22T08:33:15.621+0000] {processor.py:183} INFO - Processing /home/airflow/.local/lib/python3.12/site-packages/airflow/example_dags/example_latest_only.py took 2.165 seconds
[2024-06-22T08:34:19.643+0000] {processor.py:161} INFO - Started process (PID=1908) to work on /home/airflow/.local/lib/python3.12/site-packages/airflow/example_dags/example_latest_only.py
[2024-06-22T08:34:19.707+0000] {processor.py:830} INFO - Processing file /home/airflow/.local/lib/python3.12/site-packages/airflow/example_dags/example_latest_only.py for tasks to queue
[2024-06-22T08:34:19.752+0000] {logging_mixin.py:188} INFO - [2024-06-22T08:34:19.750+0000] {dagbag.py:540} INFO - Filling up the DagBag from /home/airflow/.local/lib/python3.12/site-packages/airflow/example_dags/example_latest_only.py
[2024-06-22T08:34:20.081+0000] {processor.py:840} INFO - DAG(s) 'latest_only' retrieved from /home/airflow/.local/lib/python3.12/site-packages/airflow/example_dags/example_latest_only.py
[2024-06-22T08:34:20.547+0000] {logging_mixin.py:188} INFO - [2024-06-22T08:34:20.542+0000] {dag.py:3096} INFO - Sync 1 DAGs
[2024-06-22T08:34:21.045+0000] {logging_mixin.py:188} INFO - [2024-06-22T08:34:21.043+0000] {dag.py:3954} INFO - Setting next_dagrun for latest_only to 2024-06-22 04:00:00+00:00, run_after=2024-06-22 08:00:00+00:00
[2024-06-22T08:34:21.610+0000] {processor.py:183} INFO - Processing /home/airflow/.local/lib/python3.12/site-packages/airflow/example_dags/example_latest_only.py took 2.090 seconds
[2024-06-22T09:06:50.101+0000] {processor.py:161} INFO - Started process (PID=1962) to work on /home/airflow/.local/lib/python3.12/site-packages/airflow/example_dags/example_latest_only.py
[2024-06-22T09:06:50.141+0000] {processor.py:830} INFO - Processing file /home/airflow/.local/lib/python3.12/site-packages/airflow/example_dags/example_latest_only.py for tasks to queue
[2024-06-22T09:06:50.171+0000] {logging_mixin.py:188} INFO - [2024-06-22T09:06:50.169+0000] {dagbag.py:540} INFO - Filling up the DagBag from /home/airflow/.local/lib/python3.12/site-packages/airflow/example_dags/example_latest_only.py
[2024-06-22T09:06:50.270+0000] {processor.py:840} INFO - DAG(s) 'latest_only' retrieved from /home/airflow/.local/lib/python3.12/site-packages/airflow/example_dags/example_latest_only.py
[2024-06-22T09:06:50.628+0000] {logging_mixin.py:188} INFO - [2024-06-22T09:06:50.626+0000] {dag.py:3096} INFO - Sync 1 DAGs
[2024-06-22T09:06:51.634+0000] {logging_mixin.py:188} INFO - [2024-06-22T09:06:51.627+0000] {dag.py:3954} INFO - Setting next_dagrun for latest_only to 2024-06-22 04:00:00+00:00, run_after=2024-06-22 08:00:00+00:00
[2024-06-22T09:06:52.071+0000] {processor.py:183} INFO - Processing /home/airflow/.local/lib/python3.12/site-packages/airflow/example_dags/example_latest_only.py took 2.102 seconds
[2024-06-22T10:42:16.249+0000] {processor.py:161} INFO - Started process (PID=2028) to work on /home/airflow/.local/lib/python3.12/site-packages/airflow/example_dags/example_latest_only.py
[2024-06-22T10:42:16.287+0000] {processor.py:830} INFO - Processing file /home/airflow/.local/lib/python3.12/site-packages/airflow/example_dags/example_latest_only.py for tasks to queue
[2024-06-22T10:42:16.329+0000] {logging_mixin.py:188} INFO - [2024-06-22T10:42:16.307+0000] {dagbag.py:540} INFO - Filling up the DagBag from /home/airflow/.local/lib/python3.12/site-packages/airflow/example_dags/example_latest_only.py
[2024-06-22T10:42:16.721+0000] {processor.py:840} INFO - DAG(s) 'latest_only' retrieved from /home/airflow/.local/lib/python3.12/site-packages/airflow/example_dags/example_latest_only.py
[2024-06-22T10:42:17.351+0000] {logging_mixin.py:188} INFO - [2024-06-22T10:42:17.320+0000] {dag.py:3096} INFO - Sync 1 DAGs
[2024-06-22T10:42:18.293+0000] {logging_mixin.py:188} INFO - [2024-06-22T10:42:18.292+0000] {dag.py:3954} INFO - Setting next_dagrun for latest_only to 2024-06-22 04:00:00+00:00, run_after=2024-06-22 08:00:00+00:00
[2024-06-22T10:42:18.739+0000] {processor.py:183} INFO - Processing /home/airflow/.local/lib/python3.12/site-packages/airflow/example_dags/example_latest_only.py took 2.834 seconds
[2024-06-22T11:01:36.097+0000] {processor.py:161} INFO - Started process (PID=2112) to work on /home/airflow/.local/lib/python3.12/site-packages/airflow/example_dags/example_latest_only.py
[2024-06-22T11:01:36.173+0000] {processor.py:830} INFO - Processing file /home/airflow/.local/lib/python3.12/site-packages/airflow/example_dags/example_latest_only.py for tasks to queue
[2024-06-22T11:01:36.316+0000] {logging_mixin.py:188} INFO - [2024-06-22T11:01:36.219+0000] {dagbag.py:540} INFO - Filling up the DagBag from /home/airflow/.local/lib/python3.12/site-packages/airflow/example_dags/example_latest_only.py
[2024-06-22T11:01:36.989+0000] {processor.py:840} INFO - DAG(s) 'latest_only' retrieved from /home/airflow/.local/lib/python3.12/site-packages/airflow/example_dags/example_latest_only.py
[2024-06-22T11:01:38.206+0000] {logging_mixin.py:188} INFO - [2024-06-22T11:01:38.152+0000] {dag.py:3096} INFO - Sync 1 DAGs
[2024-06-22T11:01:38.928+0000] {logging_mixin.py:188} INFO - [2024-06-22T11:01:38.917+0000] {dag.py:3954} INFO - Setting next_dagrun for latest_only to 2024-06-22 04:00:00+00:00, run_after=2024-06-22 08:00:00+00:00
[2024-06-22T11:05:07.701+0000] {processor.py:161} INFO - Started process (PID=35) to work on /home/airflow/.local/lib/python3.12/site-packages/airflow/example_dags/example_latest_only.py
[2024-06-22T11:05:07.718+0000] {processor.py:830} INFO - Processing file /home/airflow/.local/lib/python3.12/site-packages/airflow/example_dags/example_latest_only.py for tasks to queue
[2024-06-22T11:05:07.724+0000] {logging_mixin.py:188} INFO - [2024-06-22T11:05:07.724+0000] {dagbag.py:540} INFO - Filling up the DagBag from /home/airflow/.local/lib/python3.12/site-packages/airflow/example_dags/example_latest_only.py
[2024-06-22T11:05:07.780+0000] {processor.py:840} INFO - DAG(s) 'latest_only' retrieved from /home/airflow/.local/lib/python3.12/site-packages/airflow/example_dags/example_latest_only.py
[2024-06-22T11:05:08.409+0000] {logging_mixin.py:188} INFO - [2024-06-22T11:05:08.409+0000] {dag.py:3096} INFO - Sync 1 DAGs
[2024-06-22T11:05:08.547+0000] {logging_mixin.py:188} INFO - [2024-06-22T11:05:08.542+0000] {dag.py:3954} INFO - Setting next_dagrun for latest_only to 2024-06-22 04:00:00+00:00, run_after=2024-06-22 08:00:00+00:00
[2024-06-22T11:05:08.644+0000] {processor.py:183} INFO - Processing /home/airflow/.local/lib/python3.12/site-packages/airflow/example_dags/example_latest_only.py took 0.988 seconds
[2024-06-22T11:05:38.861+0000] {processor.py:161} INFO - Started process (PID=92) to work on /home/airflow/.local/lib/python3.12/site-packages/airflow/example_dags/example_latest_only.py
[2024-06-22T11:05:38.865+0000] {processor.py:830} INFO - Processing file /home/airflow/.local/lib/python3.12/site-packages/airflow/example_dags/example_latest_only.py for tasks to queue
[2024-06-22T11:05:38.872+0000] {logging_mixin.py:188} INFO - [2024-06-22T11:05:38.871+0000] {dagbag.py:540} INFO - Filling up the DagBag from /home/airflow/.local/lib/python3.12/site-packages/airflow/example_dags/example_latest_only.py
[2024-06-22T11:05:38.886+0000] {processor.py:840} INFO - DAG(s) 'latest_only' retrieved from /home/airflow/.local/lib/python3.12/site-packages/airflow/example_dags/example_latest_only.py
[2024-06-22T11:05:38.923+0000] {logging_mixin.py:188} INFO - [2024-06-22T11:05:38.923+0000] {dag.py:3096} INFO - Sync 1 DAGs
[2024-06-22T11:05:38.967+0000] {logging_mixin.py:188} INFO - [2024-06-22T11:05:38.966+0000] {dag.py:3954} INFO - Setting next_dagrun for latest_only to 2024-06-22 04:00:00+00:00, run_after=2024-06-22 08:00:00+00:00
[2024-06-22T11:05:39.020+0000] {processor.py:183} INFO - Processing /home/airflow/.local/lib/python3.12/site-packages/airflow/example_dags/example_latest_only.py took 0.177 seconds
[2024-06-22T11:06:09.165+0000] {processor.py:161} INFO - Started process (PID=150) to work on /home/airflow/.local/lib/python3.12/site-packages/airflow/example_dags/example_latest_only.py
[2024-06-22T11:06:09.172+0000] {processor.py:830} INFO - Processing file /home/airflow/.local/lib/python3.12/site-packages/airflow/example_dags/example_latest_only.py for tasks to queue
[2024-06-22T11:06:09.183+0000] {logging_mixin.py:188} INFO - [2024-06-22T11:06:09.182+0000] {dagbag.py:540} INFO - Filling up the DagBag from /home/airflow/.local/lib/python3.12/site-packages/airflow/example_dags/example_latest_only.py
[2024-06-22T11:06:09.205+0000] {processor.py:840} INFO - DAG(s) 'latest_only' retrieved from /home/airflow/.local/lib/python3.12/site-packages/airflow/example_dags/example_latest_only.py
[2024-06-22T11:06:09.276+0000] {logging_mixin.py:188} INFO - [2024-06-22T11:06:09.276+0000] {dag.py:3096} INFO - Sync 1 DAGs
[2024-06-22T11:06:09.332+0000] {logging_mixin.py:188} INFO - [2024-06-22T11:06:09.331+0000] {dag.py:3954} INFO - Setting next_dagrun for latest_only to 2024-06-22 04:00:00+00:00, run_after=2024-06-22 08:00:00+00:00
[2024-06-22T11:06:09.437+0000] {processor.py:183} INFO - Processing /home/airflow/.local/lib/python3.12/site-packages/airflow/example_dags/example_latest_only.py took 0.304 seconds
[2024-06-22T11:06:39.911+0000] {processor.py:161} INFO - Started process (PID=211) to work on /home/airflow/.local/lib/python3.12/site-packages/airflow/example_dags/example_latest_only.py
[2024-06-22T11:06:39.915+0000] {processor.py:830} INFO - Processing file /home/airflow/.local/lib/python3.12/site-packages/airflow/example_dags/example_latest_only.py for tasks to queue
[2024-06-22T11:06:39.924+0000] {logging_mixin.py:188} INFO - [2024-06-22T11:06:39.923+0000] {dagbag.py:540} INFO - Filling up the DagBag from /home/airflow/.local/lib/python3.12/site-packages/airflow/example_dags/example_latest_only.py
[2024-06-22T11:06:39.939+0000] {processor.py:840} INFO - DAG(s) 'latest_only' retrieved from /home/airflow/.local/lib/python3.12/site-packages/airflow/example_dags/example_latest_only.py
[2024-06-22T11:06:39.980+0000] {logging_mixin.py:188} INFO - [2024-06-22T11:06:39.980+0000] {dag.py:3096} INFO - Sync 1 DAGs
[2024-06-22T11:06:40.022+0000] {logging_mixin.py:188} INFO - [2024-06-22T11:06:40.022+0000] {dag.py:3954} INFO - Setting next_dagrun for latest_only to 2024-06-22 04:00:00+00:00, run_after=2024-06-22 08:00:00+00:00
[2024-06-22T11:06:40.053+0000] {processor.py:183} INFO - Processing /home/airflow/.local/lib/python3.12/site-packages/airflow/example_dags/example_latest_only.py took 0.156 seconds
[2024-06-22T11:07:10.487+0000] {processor.py:161} INFO - Started process (PID=270) to work on /home/airflow/.local/lib/python3.12/site-packages/airflow/example_dags/example_latest_only.py
[2024-06-22T11:07:10.489+0000] {processor.py:830} INFO - Processing file /home/airflow/.local/lib/python3.12/site-packages/airflow/example_dags/example_latest_only.py for tasks to queue
[2024-06-22T11:07:10.492+0000] {logging_mixin.py:188} INFO - [2024-06-22T11:07:10.492+0000] {dagbag.py:540} INFO - Filling up the DagBag from /home/airflow/.local/lib/python3.12/site-packages/airflow/example_dags/example_latest_only.py
[2024-06-22T11:07:10.502+0000] {processor.py:840} INFO - DAG(s) 'latest_only' retrieved from /home/airflow/.local/lib/python3.12/site-packages/airflow/example_dags/example_latest_only.py
[2024-06-22T11:07:10.578+0000] {logging_mixin.py:188} INFO - [2024-06-22T11:07:10.578+0000] {dag.py:3096} INFO - Sync 1 DAGs
[2024-06-22T11:07:10.658+0000] {logging_mixin.py:188} INFO - [2024-06-22T11:07:10.657+0000] {dag.py:3954} INFO - Setting next_dagrun for latest_only to 2024-06-22 04:00:00+00:00, run_after=2024-06-22 08:00:00+00:00
[2024-06-22T11:07:10.714+0000] {processor.py:183} INFO - Processing /home/airflow/.local/lib/python3.12/site-packages/airflow/example_dags/example_latest_only.py took 0.240 seconds
[2024-06-22T11:07:41.603+0000] {processor.py:161} INFO - Started process (PID=335) to work on /home/airflow/.local/lib/python3.12/site-packages/airflow/example_dags/example_latest_only.py
[2024-06-22T11:07:41.606+0000] {processor.py:830} INFO - Processing file /home/airflow/.local/lib/python3.12/site-packages/airflow/example_dags/example_latest_only.py for tasks to queue
[2024-06-22T11:07:41.611+0000] {logging_mixin.py:188} INFO - [2024-06-22T11:07:41.610+0000] {dagbag.py:540} INFO - Filling up the DagBag from /home/airflow/.local/lib/python3.12/site-packages/airflow/example_dags/example_latest_only.py
[2024-06-22T11:07:41.620+0000] {processor.py:840} INFO - DAG(s) 'latest_only' retrieved from /home/airflow/.local/lib/python3.12/site-packages/airflow/example_dags/example_latest_only.py
[2024-06-22T11:07:41.666+0000] {logging_mixin.py:188} INFO - [2024-06-22T11:07:41.666+0000] {dag.py:3096} INFO - Sync 1 DAGs
[2024-06-22T11:07:41.699+0000] {logging_mixin.py:188} INFO - [2024-06-22T11:07:41.699+0000] {dag.py:3954} INFO - Setting next_dagrun for latest_only to 2024-06-22 04:00:00+00:00, run_after=2024-06-22 08:00:00+00:00
[2024-06-22T11:07:41.738+0000] {processor.py:183} INFO - Processing /home/airflow/.local/lib/python3.12/site-packages/airflow/example_dags/example_latest_only.py took 0.150 seconds
[2024-06-22T11:08:11.807+0000] {processor.py:161} INFO - Started process (PID=394) to work on /home/airflow/.local/lib/python3.12/site-packages/airflow/example_dags/example_latest_only.py
[2024-06-22T11:08:11.810+0000] {processor.py:830} INFO - Processing file /home/airflow/.local/lib/python3.12/site-packages/airflow/example_dags/example_latest_only.py for tasks to queue
[2024-06-22T11:08:11.813+0000] {logging_mixin.py:188} INFO - [2024-06-22T11:08:11.813+0000] {dagbag.py:540} INFO - Filling up the DagBag from /home/airflow/.local/lib/python3.12/site-packages/airflow/example_dags/example_latest_only.py
[2024-06-22T11:08:11.823+0000] {processor.py:840} INFO - DAG(s) 'latest_only' retrieved from /home/airflow/.local/lib/python3.12/site-packages/airflow/example_dags/example_latest_only.py
[2024-06-22T11:08:11.868+0000] {logging_mixin.py:188} INFO - [2024-06-22T11:08:11.868+0000] {dag.py:3096} INFO - Sync 1 DAGs
[2024-06-22T11:08:11.923+0000] {logging_mixin.py:188} INFO - [2024-06-22T11:08:11.923+0000] {dag.py:3954} INFO - Setting next_dagrun for latest_only to 2024-06-22 04:00:00+00:00, run_after=2024-06-22 08:00:00+00:00
[2024-06-22T11:08:11.959+0000] {processor.py:183} INFO - Processing /home/airflow/.local/lib/python3.12/site-packages/airflow/example_dags/example_latest_only.py took 0.163 seconds
[2024-06-22T11:08:42.631+0000] {processor.py:161} INFO - Started process (PID=451) to work on /home/airflow/.local/lib/python3.12/site-packages/airflow/example_dags/example_latest_only.py
[2024-06-22T11:08:42.634+0000] {processor.py:830} INFO - Processing file /home/airflow/.local/lib/python3.12/site-packages/airflow/example_dags/example_latest_only.py for tasks to queue
[2024-06-22T11:08:42.642+0000] {logging_mixin.py:188} INFO - [2024-06-22T11:08:42.641+0000] {dagbag.py:540} INFO - Filling up the DagBag from /home/airflow/.local/lib/python3.12/site-packages/airflow/example_dags/example_latest_only.py
[2024-06-22T11:08:42.654+0000] {processor.py:840} INFO - DAG(s) 'latest_only' retrieved from /home/airflow/.local/lib/python3.12/site-packages/airflow/example_dags/example_latest_only.py
[2024-06-22T11:08:42.708+0000] {logging_mixin.py:188} INFO - [2024-06-22T11:08:42.707+0000] {dag.py:3096} INFO - Sync 1 DAGs
[2024-06-22T11:08:42.780+0000] {logging_mixin.py:188} INFO - [2024-06-22T11:08:42.780+0000] {dag.py:3954} INFO - Setting next_dagrun for latest_only to 2024-06-22 04:00:00+00:00, run_after=2024-06-22 08:00:00+00:00
[2024-06-22T11:08:42.827+0000] {processor.py:183} INFO - Processing /home/airflow/.local/lib/python3.12/site-packages/airflow/example_dags/example_latest_only.py took 0.212 seconds
[2024-06-22T11:09:13.110+0000] {processor.py:161} INFO - Started process (PID=509) to work on /home/airflow/.local/lib/python3.12/site-packages/airflow/example_dags/example_latest_only.py
[2024-06-22T11:09:13.114+0000] {processor.py:830} INFO - Processing file /home/airflow/.local/lib/python3.12/site-packages/airflow/example_dags/example_latest_only.py for tasks to queue
[2024-06-22T11:09:13.124+0000] {logging_mixin.py:188} INFO - [2024-06-22T11:09:13.124+0000] {dagbag.py:540} INFO - Filling up the DagBag from /home/airflow/.local/lib/python3.12/site-packages/airflow/example_dags/example_latest_only.py
[2024-06-22T11:09:13.139+0000] {processor.py:840} INFO - DAG(s) 'latest_only' retrieved from /home/airflow/.local/lib/python3.12/site-packages/airflow/example_dags/example_latest_only.py
[2024-06-22T11:09:13.187+0000] {logging_mixin.py:188} INFO - [2024-06-22T11:09:13.187+0000] {dag.py:3096} INFO - Sync 1 DAGs
[2024-06-22T11:09:13.222+0000] {logging_mixin.py:188} INFO - [2024-06-22T11:09:13.222+0000] {dag.py:3954} INFO - Setting next_dagrun for latest_only to 2024-06-22 04:00:00+00:00, run_after=2024-06-22 08:00:00+00:00
[2024-06-22T11:09:13.253+0000] {processor.py:183} INFO - Processing /home/airflow/.local/lib/python3.12/site-packages/airflow/example_dags/example_latest_only.py took 0.194 seconds
[2024-06-22T11:09:43.790+0000] {processor.py:161} INFO - Started process (PID=570) to work on /home/airflow/.local/lib/python3.12/site-packages/airflow/example_dags/example_latest_only.py
[2024-06-22T11:09:43.794+0000] {processor.py:830} INFO - Processing file /home/airflow/.local/lib/python3.12/site-packages/airflow/example_dags/example_latest_only.py for tasks to queue
[2024-06-22T11:09:43.818+0000] {logging_mixin.py:188} INFO - [2024-06-22T11:09:43.817+0000] {dagbag.py:540} INFO - Filling up the DagBag from /home/airflow/.local/lib/python3.12/site-packages/airflow/example_dags/example_latest_only.py
[2024-06-22T11:09:43.859+0000] {processor.py:840} INFO - DAG(s) 'latest_only' retrieved from /home/airflow/.local/lib/python3.12/site-packages/airflow/example_dags/example_latest_only.py
[2024-06-22T11:09:43.926+0000] {logging_mixin.py:188} INFO - [2024-06-22T11:09:43.925+0000] {dag.py:3096} INFO - Sync 1 DAGs
[2024-06-22T11:09:43.988+0000] {logging_mixin.py:188} INFO - [2024-06-22T11:09:43.987+0000] {dag.py:3954} INFO - Setting next_dagrun for latest_only to 2024-06-22 04:00:00+00:00, run_after=2024-06-22 08:00:00+00:00
[2024-06-22T11:09:44.045+0000] {processor.py:183} INFO - Processing /home/airflow/.local/lib/python3.12/site-packages/airflow/example_dags/example_latest_only.py took 0.284 seconds
[2024-06-22T11:10:14.706+0000] {processor.py:161} INFO - Started process (PID=629) to work on /home/airflow/.local/lib/python3.12/site-packages/airflow/example_dags/example_latest_only.py
[2024-06-22T11:10:14.709+0000] {processor.py:830} INFO - Processing file /home/airflow/.local/lib/python3.12/site-packages/airflow/example_dags/example_latest_only.py for tasks to queue
[2024-06-22T11:10:14.719+0000] {logging_mixin.py:188} INFO - [2024-06-22T11:10:14.717+0000] {dagbag.py:540} INFO - Filling up the DagBag from /home/airflow/.local/lib/python3.12/site-packages/airflow/example_dags/example_latest_only.py
[2024-06-22T11:10:14.734+0000] {processor.py:840} INFO - DAG(s) 'latest_only' retrieved from /home/airflow/.local/lib/python3.12/site-packages/airflow/example_dags/example_latest_only.py
[2024-06-22T11:10:14.777+0000] {logging_mixin.py:188} INFO - [2024-06-22T11:10:14.776+0000] {dag.py:3096} INFO - Sync 1 DAGs
[2024-06-22T11:10:14.817+0000] {logging_mixin.py:188} INFO - [2024-06-22T11:10:14.817+0000] {dag.py:3954} INFO - Setting next_dagrun for latest_only to 2024-06-22 04:00:00+00:00, run_after=2024-06-22 08:00:00+00:00
[2024-06-22T11:10:15.069+0000] {processor.py:183} INFO - Processing /home/airflow/.local/lib/python3.12/site-packages/airflow/example_dags/example_latest_only.py took 0.379 seconds
[2024-06-22T11:10:46.938+0000] {processor.py:161} INFO - Started process (PID=687) to work on /home/airflow/.local/lib/python3.12/site-packages/airflow/example_dags/example_latest_only.py
[2024-06-22T11:10:46.942+0000] {processor.py:830} INFO - Processing file /home/airflow/.local/lib/python3.12/site-packages/airflow/example_dags/example_latest_only.py for tasks to queue
[2024-06-22T11:10:46.951+0000] {logging_mixin.py:188} INFO - [2024-06-22T11:10:46.950+0000] {dagbag.py:540} INFO - Filling up the DagBag from /home/airflow/.local/lib/python3.12/site-packages/airflow/example_dags/example_latest_only.py
[2024-06-22T11:10:46.962+0000] {processor.py:840} INFO - DAG(s) 'latest_only' retrieved from /home/airflow/.local/lib/python3.12/site-packages/airflow/example_dags/example_latest_only.py
[2024-06-22T11:10:47.062+0000] {logging_mixin.py:188} INFO - [2024-06-22T11:10:47.061+0000] {dag.py:3096} INFO - Sync 1 DAGs
[2024-06-22T11:10:47.241+0000] {logging_mixin.py:188} INFO - [2024-06-22T11:10:47.240+0000] {dag.py:3954} INFO - Setting next_dagrun for latest_only to 2024-06-22 04:00:00+00:00, run_after=2024-06-22 08:00:00+00:00
[2024-06-22T11:10:47.310+0000] {processor.py:183} INFO - Processing /home/airflow/.local/lib/python3.12/site-packages/airflow/example_dags/example_latest_only.py took 0.396 seconds
[2024-06-22T11:11:20.963+0000] {processor.py:161} INFO - Started process (PID=733) to work on /home/airflow/.local/lib/python3.12/site-packages/airflow/example_dags/example_latest_only.py
[2024-06-22T11:11:20.968+0000] {processor.py:830} INFO - Processing file /home/airflow/.local/lib/python3.12/site-packages/airflow/example_dags/example_latest_only.py for tasks to queue
[2024-06-22T11:11:20.984+0000] {logging_mixin.py:188} INFO - [2024-06-22T11:11:20.983+0000] {dagbag.py:540} INFO - Filling up the DagBag from /home/airflow/.local/lib/python3.12/site-packages/airflow/example_dags/example_latest_only.py
[2024-06-22T11:11:21.010+0000] {processor.py:840} INFO - DAG(s) 'latest_only' retrieved from /home/airflow/.local/lib/python3.12/site-packages/airflow/example_dags/example_latest_only.py
[2024-06-22T11:11:21.110+0000] {logging_mixin.py:188} INFO - [2024-06-22T11:11:21.110+0000] {dag.py:3096} INFO - Sync 1 DAGs
[2024-06-22T11:11:21.194+0000] {logging_mixin.py:188} INFO - [2024-06-22T11:11:21.192+0000] {dag.py:3954} INFO - Setting next_dagrun for latest_only to 2024-06-22 04:00:00+00:00, run_after=2024-06-22 08:00:00+00:00
[2024-06-22T11:11:21.263+0000] {processor.py:183} INFO - Processing /home/airflow/.local/lib/python3.12/site-packages/airflow/example_dags/example_latest_only.py took 0.323 seconds
[2024-06-22T11:11:57.172+0000] {processor.py:161} INFO - Started process (PID=789) to work on /home/airflow/.local/lib/python3.12/site-packages/airflow/example_dags/example_latest_only.py
[2024-06-22T11:11:57.181+0000] {processor.py:830} INFO - Processing file /home/airflow/.local/lib/python3.12/site-packages/airflow/example_dags/example_latest_only.py for tasks to queue
[2024-06-22T11:11:57.206+0000] {logging_mixin.py:188} INFO - [2024-06-22T11:11:57.203+0000] {dagbag.py:540} INFO - Filling up the DagBag from /home/airflow/.local/lib/python3.12/site-packages/airflow/example_dags/example_latest_only.py
[2024-06-22T11:11:57.244+0000] {processor.py:840} INFO - DAG(s) 'latest_only' retrieved from /home/airflow/.local/lib/python3.12/site-packages/airflow/example_dags/example_latest_only.py
[2024-06-22T11:11:57.421+0000] {logging_mixin.py:188} INFO - [2024-06-22T11:11:57.418+0000] {dag.py:3096} INFO - Sync 1 DAGs
[2024-06-22T11:11:57.621+0000] {logging_mixin.py:188} INFO - [2024-06-22T11:11:57.621+0000] {dag.py:3954} INFO - Setting next_dagrun for latest_only to 2024-06-22 04:00:00+00:00, run_after=2024-06-22 08:00:00+00:00
[2024-06-22T11:11:58.605+0000] {processor.py:183} INFO - Processing /home/airflow/.local/lib/python3.12/site-packages/airflow/example_dags/example_latest_only.py took 1.465 seconds
[2024-06-22T11:12:35.633+0000] {processor.py:161} INFO - Started process (PID=847) to work on /home/airflow/.local/lib/python3.12/site-packages/airflow/example_dags/example_latest_only.py
[2024-06-22T11:12:35.641+0000] {processor.py:830} INFO - Processing file /home/airflow/.local/lib/python3.12/site-packages/airflow/example_dags/example_latest_only.py for tasks to queue
[2024-06-22T11:12:35.661+0000] {logging_mixin.py:188} INFO - [2024-06-22T11:12:35.656+0000] {dagbag.py:540} INFO - Filling up the DagBag from /home/airflow/.local/lib/python3.12/site-packages/airflow/example_dags/example_latest_only.py
[2024-06-22T11:12:35.721+0000] {processor.py:840} INFO - DAG(s) 'latest_only' retrieved from /home/airflow/.local/lib/python3.12/site-packages/airflow/example_dags/example_latest_only.py
[2024-06-22T11:12:35.942+0000] {logging_mixin.py:188} INFO - [2024-06-22T11:12:35.930+0000] {dag.py:3096} INFO - Sync 1 DAGs
[2024-06-22T11:12:36.201+0000] {logging_mixin.py:188} INFO - [2024-06-22T11:12:36.201+0000] {dag.py:3954} INFO - Setting next_dagrun for latest_only to 2024-06-22 04:00:00+00:00, run_after=2024-06-22 08:00:00+00:00
[2024-06-22T11:12:36.393+0000] {processor.py:183} INFO - Processing /home/airflow/.local/lib/python3.12/site-packages/airflow/example_dags/example_latest_only.py took 0.813 seconds
[2024-06-22T11:13:07.161+0000] {processor.py:161} INFO - Started process (PID=903) to work on /home/airflow/.local/lib/python3.12/site-packages/airflow/example_dags/example_latest_only.py
[2024-06-22T11:13:07.166+0000] {processor.py:830} INFO - Processing file /home/airflow/.local/lib/python3.12/site-packages/airflow/example_dags/example_latest_only.py for tasks to queue
[2024-06-22T11:13:07.200+0000] {logging_mixin.py:188} INFO - [2024-06-22T11:13:07.189+0000] {dagbag.py:540} INFO - Filling up the DagBag from /home/airflow/.local/lib/python3.12/site-packages/airflow/example_dags/example_latest_only.py
[2024-06-22T11:13:07.259+0000] {processor.py:840} INFO - DAG(s) 'latest_only' retrieved from /home/airflow/.local/lib/python3.12/site-packages/airflow/example_dags/example_latest_only.py
[2024-06-22T11:13:07.366+0000] {logging_mixin.py:188} INFO - [2024-06-22T11:13:07.366+0000] {dag.py:3096} INFO - Sync 1 DAGs
[2024-06-22T11:13:07.509+0000] {logging_mixin.py:188} INFO - [2024-06-22T11:13:07.509+0000] {dag.py:3954} INFO - Setting next_dagrun for latest_only to 2024-06-22 04:00:00+00:00, run_after=2024-06-22 08:00:00+00:00
[2024-06-22T11:13:07.626+0000] {processor.py:183} INFO - Processing /home/airflow/.local/lib/python3.12/site-packages/airflow/example_dags/example_latest_only.py took 0.492 seconds
[2024-06-22T11:13:45.248+0000] {processor.py:161} INFO - Started process (PID=961) to work on /home/airflow/.local/lib/python3.12/site-packages/airflow/example_dags/example_latest_only.py
[2024-06-22T11:13:45.256+0000] {processor.py:830} INFO - Processing file /home/airflow/.local/lib/python3.12/site-packages/airflow/example_dags/example_latest_only.py for tasks to queue
[2024-06-22T11:13:45.277+0000] {logging_mixin.py:188} INFO - [2024-06-22T11:13:45.273+0000] {dagbag.py:540} INFO - Filling up the DagBag from /home/airflow/.local/lib/python3.12/site-packages/airflow/example_dags/example_latest_only.py
[2024-06-22T11:13:45.314+0000] {processor.py:840} INFO - DAG(s) 'latest_only' retrieved from /home/airflow/.local/lib/python3.12/site-packages/airflow/example_dags/example_latest_only.py
[2024-06-22T11:13:47.312+0000] {logging_mixin.py:188} INFO - [2024-06-22T11:13:47.311+0000] {dag.py:3096} INFO - Sync 1 DAGs
[2024-06-22T11:13:47.596+0000] {logging_mixin.py:188} INFO - [2024-06-22T11:13:47.596+0000] {dag.py:3954} INFO - Setting next_dagrun for latest_only to 2024-06-22 04:00:00+00:00, run_after=2024-06-22 08:00:00+00:00
[2024-06-22T11:13:47.780+0000] {processor.py:183} INFO - Processing /home/airflow/.local/lib/python3.12/site-packages/airflow/example_dags/example_latest_only.py took 2.570 seconds
[2024-06-22T11:14:19.035+0000] {processor.py:161} INFO - Started process (PID=1025) to work on /home/airflow/.local/lib/python3.12/site-packages/airflow/example_dags/example_latest_only.py
[2024-06-22T11:14:19.079+0000] {processor.py:830} INFO - Processing file /home/airflow/.local/lib/python3.12/site-packages/airflow/example_dags/example_latest_only.py for tasks to queue
[2024-06-22T11:14:19.110+0000] {logging_mixin.py:188} INFO - [2024-06-22T11:14:19.109+0000] {dagbag.py:540} INFO - Filling up the DagBag from /home/airflow/.local/lib/python3.12/site-packages/airflow/example_dags/example_latest_only.py
[2024-06-22T11:14:19.197+0000] {processor.py:840} INFO - DAG(s) 'latest_only' retrieved from /home/airflow/.local/lib/python3.12/site-packages/airflow/example_dags/example_latest_only.py
[2024-06-22T11:14:19.498+0000] {logging_mixin.py:188} INFO - [2024-06-22T11:14:19.498+0000] {dag.py:3096} INFO - Sync 1 DAGs
[2024-06-22T11:14:19.795+0000] {logging_mixin.py:188} INFO - [2024-06-22T11:14:19.773+0000] {dag.py:3954} INFO - Setting next_dagrun for latest_only to 2024-06-22 04:00:00+00:00, run_after=2024-06-22 08:00:00+00:00
[2024-06-22T11:14:20.130+0000] {processor.py:183} INFO - Processing /home/airflow/.local/lib/python3.12/site-packages/airflow/example_dags/example_latest_only.py took 1.310 seconds
[2024-06-22T11:14:53.007+0000] {processor.py:161} INFO - Started process (PID=1083) to work on /home/airflow/.local/lib/python3.12/site-packages/airflow/example_dags/example_latest_only.py
[2024-06-22T11:14:53.022+0000] {processor.py:830} INFO - Processing file /home/airflow/.local/lib/python3.12/site-packages/airflow/example_dags/example_latest_only.py for tasks to queue
[2024-06-22T11:14:53.054+0000] {logging_mixin.py:188} INFO - [2024-06-22T11:14:53.053+0000] {dagbag.py:540} INFO - Filling up the DagBag from /home/airflow/.local/lib/python3.12/site-packages/airflow/example_dags/example_latest_only.py
[2024-06-22T11:14:53.085+0000] {processor.py:840} INFO - DAG(s) 'latest_only' retrieved from /home/airflow/.local/lib/python3.12/site-packages/airflow/example_dags/example_latest_only.py
[2024-06-22T11:14:53.263+0000] {logging_mixin.py:188} INFO - [2024-06-22T11:14:53.262+0000] {dag.py:3096} INFO - Sync 1 DAGs
[2024-06-22T11:14:53.394+0000] {logging_mixin.py:188} INFO - [2024-06-22T11:14:53.394+0000] {dag.py:3954} INFO - Setting next_dagrun for latest_only to 2024-06-22 04:00:00+00:00, run_after=2024-06-22 08:00:00+00:00
[2024-06-22T11:14:53.487+0000] {processor.py:183} INFO - Processing /home/airflow/.local/lib/python3.12/site-packages/airflow/example_dags/example_latest_only.py took 0.515 seconds
[2024-06-22T11:15:26.800+0000] {processor.py:161} INFO - Started process (PID=1140) to work on /home/airflow/.local/lib/python3.12/site-packages/airflow/example_dags/example_latest_only.py
[2024-06-22T11:15:26.812+0000] {processor.py:830} INFO - Processing file /home/airflow/.local/lib/python3.12/site-packages/airflow/example_dags/example_latest_only.py for tasks to queue
[2024-06-22T11:15:26.844+0000] {logging_mixin.py:188} INFO - [2024-06-22T11:15:26.835+0000] {dagbag.py:540} INFO - Filling up the DagBag from /home/airflow/.local/lib/python3.12/site-packages/airflow/example_dags/example_latest_only.py
[2024-06-22T11:15:26.875+0000] {processor.py:840} INFO - DAG(s) 'latest_only' retrieved from /home/airflow/.local/lib/python3.12/site-packages/airflow/example_dags/example_latest_only.py
[2024-06-22T11:15:27.000+0000] {logging_mixin.py:188} INFO - [2024-06-22T11:15:26.999+0000] {dag.py:3096} INFO - Sync 1 DAGs
[2024-06-22T11:15:27.155+0000] {logging_mixin.py:188} INFO - [2024-06-22T11:15:27.149+0000] {dag.py:3954} INFO - Setting next_dagrun for latest_only to 2024-06-22 04:00:00+00:00, run_after=2024-06-22 08:00:00+00:00
[2024-06-22T11:15:27.254+0000] {processor.py:183} INFO - Processing /home/airflow/.local/lib/python3.12/site-packages/airflow/example_dags/example_latest_only.py took 0.488 seconds
[2024-06-22T11:15:57.835+0000] {processor.py:161} INFO - Started process (PID=1199) to work on /home/airflow/.local/lib/python3.12/site-packages/airflow/example_dags/example_latest_only.py
[2024-06-22T11:15:57.837+0000] {processor.py:830} INFO - Processing file /home/airflow/.local/lib/python3.12/site-packages/airflow/example_dags/example_latest_only.py for tasks to queue
[2024-06-22T11:15:57.841+0000] {logging_mixin.py:188} INFO - [2024-06-22T11:15:57.840+0000] {dagbag.py:540} INFO - Filling up the DagBag from /home/airflow/.local/lib/python3.12/site-packages/airflow/example_dags/example_latest_only.py
[2024-06-22T11:15:57.849+0000] {processor.py:840} INFO - DAG(s) 'latest_only' retrieved from /home/airflow/.local/lib/python3.12/site-packages/airflow/example_dags/example_latest_only.py
[2024-06-22T11:15:57.888+0000] {logging_mixin.py:188} INFO - [2024-06-22T11:15:57.888+0000] {dag.py:3096} INFO - Sync 1 DAGs
[2024-06-22T11:15:57.925+0000] {logging_mixin.py:188} INFO - [2024-06-22T11:15:57.925+0000] {dag.py:3954} INFO - Setting next_dagrun for latest_only to 2024-06-22 04:00:00+00:00, run_after=2024-06-22 08:00:00+00:00
[2024-06-22T11:15:57.952+0000] {processor.py:183} INFO - Processing /home/airflow/.local/lib/python3.12/site-packages/airflow/example_dags/example_latest_only.py took 0.127 seconds
[2024-06-22T11:16:31.159+0000] {processor.py:161} INFO - Started process (PID=1247) to work on /home/airflow/.local/lib/python3.12/site-packages/airflow/example_dags/example_latest_only.py
[2024-06-22T11:16:31.179+0000] {processor.py:830} INFO - Processing file /home/airflow/.local/lib/python3.12/site-packages/airflow/example_dags/example_latest_only.py for tasks to queue
[2024-06-22T11:16:31.201+0000] {logging_mixin.py:188} INFO - [2024-06-22T11:16:31.195+0000] {dagbag.py:540} INFO - Filling up the DagBag from /home/airflow/.local/lib/python3.12/site-packages/airflow/example_dags/example_latest_only.py
[2024-06-22T11:16:31.257+0000] {processor.py:840} INFO - DAG(s) 'latest_only' retrieved from /home/airflow/.local/lib/python3.12/site-packages/airflow/example_dags/example_latest_only.py
[2024-06-22T11:16:31.477+0000] {logging_mixin.py:188} INFO - [2024-06-22T11:16:31.477+0000] {dag.py:3096} INFO - Sync 1 DAGs
[2024-06-22T11:16:31.747+0000] {logging_mixin.py:188} INFO - [2024-06-22T11:16:31.747+0000] {dag.py:3954} INFO - Setting next_dagrun for latest_only to 2024-06-22 04:00:00+00:00, run_after=2024-06-22 08:00:00+00:00
[2024-06-22T11:16:32.042+0000] {processor.py:183} INFO - Processing /home/airflow/.local/lib/python3.12/site-packages/airflow/example_dags/example_latest_only.py took 0.936 seconds
[2024-06-22T11:17:03.120+0000] {processor.py:161} INFO - Started process (PID=1307) to work on /home/airflow/.local/lib/python3.12/site-packages/airflow/example_dags/example_latest_only.py
[2024-06-22T11:17:03.126+0000] {processor.py:830} INFO - Processing file /home/airflow/.local/lib/python3.12/site-packages/airflow/example_dags/example_latest_only.py for tasks to queue
[2024-06-22T11:17:03.147+0000] {logging_mixin.py:188} INFO - [2024-06-22T11:17:03.142+0000] {dagbag.py:540} INFO - Filling up the DagBag from /home/airflow/.local/lib/python3.12/site-packages/airflow/example_dags/example_latest_only.py
[2024-06-22T11:17:03.178+0000] {processor.py:840} INFO - DAG(s) 'latest_only' retrieved from /home/airflow/.local/lib/python3.12/site-packages/airflow/example_dags/example_latest_only.py
[2024-06-22T11:17:03.289+0000] {logging_mixin.py:188} INFO - [2024-06-22T11:17:03.289+0000] {dag.py:3096} INFO - Sync 1 DAGs
[2024-06-22T11:17:03.381+0000] {logging_mixin.py:188} INFO - [2024-06-22T11:17:03.381+0000] {dag.py:3954} INFO - Setting next_dagrun for latest_only to 2024-06-22 04:00:00+00:00, run_after=2024-06-22 08:00:00+00:00
[2024-06-22T11:17:03.683+0000] {processor.py:183} INFO - Processing /home/airflow/.local/lib/python3.12/site-packages/airflow/example_dags/example_latest_only.py took 0.609 seconds
[2024-06-22T11:17:34.241+0000] {processor.py:161} INFO - Started process (PID=1367) to work on /home/airflow/.local/lib/python3.12/site-packages/airflow/example_dags/example_latest_only.py
[2024-06-22T11:17:34.247+0000] {processor.py:830} INFO - Processing file /home/airflow/.local/lib/python3.12/site-packages/airflow/example_dags/example_latest_only.py for tasks to queue
[2024-06-22T11:17:34.257+0000] {logging_mixin.py:188} INFO - [2024-06-22T11:17:34.255+0000] {dagbag.py:540} INFO - Filling up the DagBag from /home/airflow/.local/lib/python3.12/site-packages/airflow/example_dags/example_latest_only.py
[2024-06-22T11:17:34.279+0000] {processor.py:840} INFO - DAG(s) 'latest_only' retrieved from /home/airflow/.local/lib/python3.12/site-packages/airflow/example_dags/example_latest_only.py
[2024-06-22T11:17:34.318+0000] {logging_mixin.py:188} INFO - [2024-06-22T11:17:34.318+0000] {dag.py:3096} INFO - Sync 1 DAGs
[2024-06-22T11:17:34.368+0000] {logging_mixin.py:188} INFO - [2024-06-22T11:17:34.368+0000] {dag.py:3954} INFO - Setting next_dagrun for latest_only to 2024-06-22 04:00:00+00:00, run_after=2024-06-22 08:00:00+00:00
[2024-06-22T11:17:34.477+0000] {processor.py:183} INFO - Processing /home/airflow/.local/lib/python3.12/site-packages/airflow/example_dags/example_latest_only.py took 0.252 seconds
[2024-06-22T11:18:06.820+0000] {processor.py:161} INFO - Started process (PID=1422) to work on /home/airflow/.local/lib/python3.12/site-packages/airflow/example_dags/example_latest_only.py
[2024-06-22T11:18:06.835+0000] {processor.py:830} INFO - Processing file /home/airflow/.local/lib/python3.12/site-packages/airflow/example_dags/example_latest_only.py for tasks to queue
[2024-06-22T11:18:06.862+0000] {logging_mixin.py:188} INFO - [2024-06-22T11:18:06.861+0000] {dagbag.py:540} INFO - Filling up the DagBag from /home/airflow/.local/lib/python3.12/site-packages/airflow/example_dags/example_latest_only.py
[2024-06-22T11:18:06.909+0000] {processor.py:840} INFO - DAG(s) 'latest_only' retrieved from /home/airflow/.local/lib/python3.12/site-packages/airflow/example_dags/example_latest_only.py
[2024-06-22T11:18:07.057+0000] {logging_mixin.py:188} INFO - [2024-06-22T11:18:07.056+0000] {dag.py:3096} INFO - Sync 1 DAGs
[2024-06-22T11:18:07.204+0000] {logging_mixin.py:188} INFO - [2024-06-22T11:18:07.203+0000] {dag.py:3954} INFO - Setting next_dagrun for latest_only to 2024-06-22 04:00:00+00:00, run_after=2024-06-22 08:00:00+00:00
[2024-06-22T11:18:07.352+0000] {processor.py:183} INFO - Processing /home/airflow/.local/lib/python3.12/site-packages/airflow/example_dags/example_latest_only.py took 0.552 seconds
[2024-06-22T11:18:40.881+0000] {processor.py:161} INFO - Started process (PID=1480) to work on /home/airflow/.local/lib/python3.12/site-packages/airflow/example_dags/example_latest_only.py
[2024-06-22T11:18:40.901+0000] {processor.py:830} INFO - Processing file /home/airflow/.local/lib/python3.12/site-packages/airflow/example_dags/example_latest_only.py for tasks to queue
[2024-06-22T11:18:40.930+0000] {logging_mixin.py:188} INFO - [2024-06-22T11:18:40.921+0000] {dagbag.py:540} INFO - Filling up the DagBag from /home/airflow/.local/lib/python3.12/site-packages/airflow/example_dags/example_latest_only.py
[2024-06-22T11:18:40.960+0000] {processor.py:840} INFO - DAG(s) 'latest_only' retrieved from /home/airflow/.local/lib/python3.12/site-packages/airflow/example_dags/example_latest_only.py
[2024-06-22T11:18:41.134+0000] {logging_mixin.py:188} INFO - [2024-06-22T11:18:41.134+0000] {dag.py:3096} INFO - Sync 1 DAGs
[2024-06-22T11:18:41.420+0000] {logging_mixin.py:188} INFO - [2024-06-22T11:18:41.420+0000] {dag.py:3954} INFO - Setting next_dagrun for latest_only to 2024-06-22 04:00:00+00:00, run_after=2024-06-22 08:00:00+00:00
[2024-06-22T11:18:41.637+0000] {processor.py:183} INFO - Processing /home/airflow/.local/lib/python3.12/site-packages/airflow/example_dags/example_latest_only.py took 0.806 seconds
[2024-06-22T11:19:17.709+0000] {processor.py:161} INFO - Started process (PID=1537) to work on /home/airflow/.local/lib/python3.12/site-packages/airflow/example_dags/example_latest_only.py
[2024-06-22T11:19:17.722+0000] {processor.py:830} INFO - Processing file /home/airflow/.local/lib/python3.12/site-packages/airflow/example_dags/example_latest_only.py for tasks to queue
[2024-06-22T11:19:17.744+0000] {logging_mixin.py:188} INFO - [2024-06-22T11:19:17.743+0000] {dagbag.py:540} INFO - Filling up the DagBag from /home/airflow/.local/lib/python3.12/site-packages/airflow/example_dags/example_latest_only.py
[2024-06-22T11:19:17.807+0000] {processor.py:840} INFO - DAG(s) 'latest_only' retrieved from /home/airflow/.local/lib/python3.12/site-packages/airflow/example_dags/example_latest_only.py
[2024-06-22T11:19:18.024+0000] {logging_mixin.py:188} INFO - [2024-06-22T11:19:18.023+0000] {dag.py:3096} INFO - Sync 1 DAGs
[2024-06-22T11:19:18.336+0000] {logging_mixin.py:188} INFO - [2024-06-22T11:19:18.336+0000] {dag.py:3954} INFO - Setting next_dagrun for latest_only to 2024-06-22 04:00:00+00:00, run_after=2024-06-22 08:00:00+00:00
[2024-06-22T11:19:18.610+0000] {processor.py:183} INFO - Processing /home/airflow/.local/lib/python3.12/site-packages/airflow/example_dags/example_latest_only.py took 1.001 seconds
[2024-06-22T11:19:55.002+0000] {processor.py:161} INFO - Started process (PID=1595) to work on /home/airflow/.local/lib/python3.12/site-packages/airflow/example_dags/example_latest_only.py
[2024-06-22T11:19:55.016+0000] {processor.py:830} INFO - Processing file /home/airflow/.local/lib/python3.12/site-packages/airflow/example_dags/example_latest_only.py for tasks to queue
[2024-06-22T11:19:55.062+0000] {logging_mixin.py:188} INFO - [2024-06-22T11:19:55.054+0000] {dagbag.py:540} INFO - Filling up the DagBag from /home/airflow/.local/lib/python3.12/site-packages/airflow/example_dags/example_latest_only.py
[2024-06-22T11:19:55.142+0000] {processor.py:840} INFO - DAG(s) 'latest_only' retrieved from /home/airflow/.local/lib/python3.12/site-packages/airflow/example_dags/example_latest_only.py
[2024-06-22T11:19:55.624+0000] {logging_mixin.py:188} INFO - [2024-06-22T11:19:55.624+0000] {dag.py:3096} INFO - Sync 1 DAGs
[2024-06-22T11:19:56.062+0000] {logging_mixin.py:188} INFO - [2024-06-22T11:19:56.059+0000] {dag.py:3954} INFO - Setting next_dagrun for latest_only to 2024-06-22 04:00:00+00:00, run_after=2024-06-22 08:00:00+00:00
[2024-06-22T11:19:56.275+0000] {processor.py:183} INFO - Processing /home/airflow/.local/lib/python3.12/site-packages/airflow/example_dags/example_latest_only.py took 1.336 seconds
[2024-06-22T11:20:27.406+0000] {processor.py:161} INFO - Started process (PID=1656) to work on /home/airflow/.local/lib/python3.12/site-packages/airflow/example_dags/example_latest_only.py
[2024-06-22T11:20:27.417+0000] {processor.py:830} INFO - Processing file /home/airflow/.local/lib/python3.12/site-packages/airflow/example_dags/example_latest_only.py for tasks to queue
[2024-06-22T11:20:27.422+0000] {logging_mixin.py:188} INFO - [2024-06-22T11:20:27.421+0000] {dagbag.py:540} INFO - Filling up the DagBag from /home/airflow/.local/lib/python3.12/site-packages/airflow/example_dags/example_latest_only.py
[2024-06-22T11:20:27.442+0000] {processor.py:840} INFO - DAG(s) 'latest_only' retrieved from /home/airflow/.local/lib/python3.12/site-packages/airflow/example_dags/example_latest_only.py
[2024-06-22T11:20:27.542+0000] {logging_mixin.py:188} INFO - [2024-06-22T11:20:27.541+0000] {dag.py:3096} INFO - Sync 1 DAGs
[2024-06-22T11:20:27.587+0000] {logging_mixin.py:188} INFO - [2024-06-22T11:20:27.587+0000] {dag.py:3954} INFO - Setting next_dagrun for latest_only to 2024-06-22 04:00:00+00:00, run_after=2024-06-22 08:00:00+00:00
[2024-06-22T11:20:27.632+0000] {processor.py:183} INFO - Processing /home/airflow/.local/lib/python3.12/site-packages/airflow/example_dags/example_latest_only.py took 0.269 seconds
[2024-06-22T11:20:57.967+0000] {processor.py:161} INFO - Started process (PID=1716) to work on /home/airflow/.local/lib/python3.12/site-packages/airflow/example_dags/example_latest_only.py
[2024-06-22T11:20:57.971+0000] {processor.py:830} INFO - Processing file /home/airflow/.local/lib/python3.12/site-packages/airflow/example_dags/example_latest_only.py for tasks to queue
[2024-06-22T11:20:57.976+0000] {logging_mixin.py:188} INFO - [2024-06-22T11:20:57.975+0000] {dagbag.py:540} INFO - Filling up the DagBag from /home/airflow/.local/lib/python3.12/site-packages/airflow/example_dags/example_latest_only.py
[2024-06-22T11:20:57.988+0000] {processor.py:840} INFO - DAG(s) 'latest_only' retrieved from /home/airflow/.local/lib/python3.12/site-packages/airflow/example_dags/example_latest_only.py
[2024-06-22T11:20:58.058+0000] {logging_mixin.py:188} INFO - [2024-06-22T11:20:58.057+0000] {dag.py:3096} INFO - Sync 1 DAGs
[2024-06-22T11:20:58.100+0000] {logging_mixin.py:188} INFO - [2024-06-22T11:20:58.100+0000] {dag.py:3954} INFO - Setting next_dagrun for latest_only to 2024-06-22 04:00:00+00:00, run_after=2024-06-22 08:00:00+00:00
[2024-06-22T11:20:58.182+0000] {processor.py:183} INFO - Processing /home/airflow/.local/lib/python3.12/site-packages/airflow/example_dags/example_latest_only.py took 0.235 seconds
[2024-06-22T11:21:53.785+0000] {processor.py:161} INFO - Started process (PID=1734) to work on /home/airflow/.local/lib/python3.12/site-packages/airflow/example_dags/example_latest_only.py
[2024-06-22T11:21:53.788+0000] {processor.py:830} INFO - Processing file /home/airflow/.local/lib/python3.12/site-packages/airflow/example_dags/example_latest_only.py for tasks to queue
[2024-06-22T11:21:53.799+0000] {logging_mixin.py:188} INFO - [2024-06-22T11:21:53.796+0000] {dagbag.py:540} INFO - Filling up the DagBag from /home/airflow/.local/lib/python3.12/site-packages/airflow/example_dags/example_latest_only.py
[2024-06-22T11:21:53.821+0000] {processor.py:840} INFO - DAG(s) 'latest_only' retrieved from /home/airflow/.local/lib/python3.12/site-packages/airflow/example_dags/example_latest_only.py
[2024-06-22T11:21:53.887+0000] {logging_mixin.py:188} INFO - [2024-06-22T11:21:53.886+0000] {dag.py:3096} INFO - Sync 1 DAGs
[2024-06-22T11:21:53.999+0000] {logging_mixin.py:188} INFO - [2024-06-22T11:21:53.999+0000] {dag.py:3954} INFO - Setting next_dagrun for latest_only to 2024-06-22 04:00:00+00:00, run_after=2024-06-22 08:00:00+00:00
[2024-06-22T11:21:54.073+0000] {processor.py:183} INFO - Processing /home/airflow/.local/lib/python3.12/site-packages/airflow/example_dags/example_latest_only.py took 0.304 seconds
[2024-06-22T11:22:26.008+0000] {processor.py:161} INFO - Started process (PID=1793) to work on /home/airflow/.local/lib/python3.12/site-packages/airflow/example_dags/example_latest_only.py
[2024-06-22T11:22:26.023+0000] {processor.py:830} INFO - Processing file /home/airflow/.local/lib/python3.12/site-packages/airflow/example_dags/example_latest_only.py for tasks to queue
[2024-06-22T11:22:26.045+0000] {logging_mixin.py:188} INFO - [2024-06-22T11:22:26.042+0000] {dagbag.py:540} INFO - Filling up the DagBag from /home/airflow/.local/lib/python3.12/site-packages/airflow/example_dags/example_latest_only.py
[2024-06-22T11:22:26.090+0000] {processor.py:840} INFO - DAG(s) 'latest_only' retrieved from /home/airflow/.local/lib/python3.12/site-packages/airflow/example_dags/example_latest_only.py
[2024-06-22T11:22:26.211+0000] {logging_mixin.py:188} INFO - [2024-06-22T11:22:26.211+0000] {dag.py:3096} INFO - Sync 1 DAGs
[2024-06-22T11:22:26.358+0000] {logging_mixin.py:188} INFO - [2024-06-22T11:22:26.358+0000] {dag.py:3954} INFO - Setting next_dagrun for latest_only to 2024-06-22 04:00:00+00:00, run_after=2024-06-22 08:00:00+00:00
[2024-06-22T11:22:26.432+0000] {processor.py:183} INFO - Processing /home/airflow/.local/lib/python3.12/site-packages/airflow/example_dags/example_latest_only.py took 0.477 seconds
[2024-06-22T11:22:56.798+0000] {processor.py:161} INFO - Started process (PID=1852) to work on /home/airflow/.local/lib/python3.12/site-packages/airflow/example_dags/example_latest_only.py
[2024-06-22T11:22:56.801+0000] {processor.py:830} INFO - Processing file /home/airflow/.local/lib/python3.12/site-packages/airflow/example_dags/example_latest_only.py for tasks to queue
[2024-06-22T11:22:56.817+0000] {logging_mixin.py:188} INFO - [2024-06-22T11:22:56.815+0000] {dagbag.py:540} INFO - Filling up the DagBag from /home/airflow/.local/lib/python3.12/site-packages/airflow/example_dags/example_latest_only.py
[2024-06-22T11:22:56.833+0000] {processor.py:840} INFO - DAG(s) 'latest_only' retrieved from /home/airflow/.local/lib/python3.12/site-packages/airflow/example_dags/example_latest_only.py
[2024-06-22T11:22:56.896+0000] {logging_mixin.py:188} INFO - [2024-06-22T11:22:56.895+0000] {dag.py:3096} INFO - Sync 1 DAGs
[2024-06-22T11:22:56.951+0000] {logging_mixin.py:188} INFO - [2024-06-22T11:22:56.951+0000] {dag.py:3954} INFO - Setting next_dagrun for latest_only to 2024-06-22 04:00:00+00:00, run_after=2024-06-22 08:00:00+00:00
[2024-06-22T11:22:56.981+0000] {processor.py:183} INFO - Processing /home/airflow/.local/lib/python3.12/site-packages/airflow/example_dags/example_latest_only.py took 0.200 seconds
[2024-06-22T11:23:27.344+0000] {processor.py:161} INFO - Started process (PID=1908) to work on /home/airflow/.local/lib/python3.12/site-packages/airflow/example_dags/example_latest_only.py
[2024-06-22T11:23:27.348+0000] {processor.py:830} INFO - Processing file /home/airflow/.local/lib/python3.12/site-packages/airflow/example_dags/example_latest_only.py for tasks to queue
[2024-06-22T11:23:27.359+0000] {logging_mixin.py:188} INFO - [2024-06-22T11:23:27.357+0000] {dagbag.py:540} INFO - Filling up the DagBag from /home/airflow/.local/lib/python3.12/site-packages/airflow/example_dags/example_latest_only.py
[2024-06-22T11:23:27.379+0000] {processor.py:840} INFO - DAG(s) 'latest_only' retrieved from /home/airflow/.local/lib/python3.12/site-packages/airflow/example_dags/example_latest_only.py
[2024-06-22T11:23:27.412+0000] {logging_mixin.py:188} INFO - [2024-06-22T11:23:27.411+0000] {dag.py:3096} INFO - Sync 1 DAGs
[2024-06-22T11:23:27.449+0000] {logging_mixin.py:188} INFO - [2024-06-22T11:23:27.448+0000] {dag.py:3954} INFO - Setting next_dagrun for latest_only to 2024-06-22 04:00:00+00:00, run_after=2024-06-22 08:00:00+00:00
[2024-06-22T11:23:27.479+0000] {processor.py:183} INFO - Processing /home/airflow/.local/lib/python3.12/site-packages/airflow/example_dags/example_latest_only.py took 0.154 seconds
[2024-06-22T11:23:57.592+0000] {processor.py:161} INFO - Started process (PID=1966) to work on /home/airflow/.local/lib/python3.12/site-packages/airflow/example_dags/example_latest_only.py
[2024-06-22T11:23:57.595+0000] {processor.py:830} INFO - Processing file /home/airflow/.local/lib/python3.12/site-packages/airflow/example_dags/example_latest_only.py for tasks to queue
[2024-06-22T11:23:57.609+0000] {logging_mixin.py:188} INFO - [2024-06-22T11:23:57.607+0000] {dagbag.py:540} INFO - Filling up the DagBag from /home/airflow/.local/lib/python3.12/site-packages/airflow/example_dags/example_latest_only.py
[2024-06-22T11:23:57.643+0000] {processor.py:840} INFO - DAG(s) 'latest_only' retrieved from /home/airflow/.local/lib/python3.12/site-packages/airflow/example_dags/example_latest_only.py
[2024-06-22T11:23:57.753+0000] {logging_mixin.py:188} INFO - [2024-06-22T11:23:57.752+0000] {dag.py:3096} INFO - Sync 1 DAGs
[2024-06-22T11:23:57.869+0000] {logging_mixin.py:188} INFO - [2024-06-22T11:23:57.869+0000] {dag.py:3954} INFO - Setting next_dagrun for latest_only to 2024-06-22 04:00:00+00:00, run_after=2024-06-22 08:00:00+00:00
[2024-06-22T11:23:57.998+0000] {processor.py:183} INFO - Processing /home/airflow/.local/lib/python3.12/site-packages/airflow/example_dags/example_latest_only.py took 0.427 seconds
[2024-06-22T11:24:29.751+0000] {processor.py:161} INFO - Started process (PID=2024) to work on /home/airflow/.local/lib/python3.12/site-packages/airflow/example_dags/example_latest_only.py
[2024-06-22T11:24:29.757+0000] {processor.py:830} INFO - Processing file /home/airflow/.local/lib/python3.12/site-packages/airflow/example_dags/example_latest_only.py for tasks to queue
[2024-06-22T11:24:29.761+0000] {logging_mixin.py:188} INFO - [2024-06-22T11:24:29.760+0000] {dagbag.py:540} INFO - Filling up the DagBag from /home/airflow/.local/lib/python3.12/site-packages/airflow/example_dags/example_latest_only.py
[2024-06-22T11:24:29.773+0000] {processor.py:840} INFO - DAG(s) 'latest_only' retrieved from /home/airflow/.local/lib/python3.12/site-packages/airflow/example_dags/example_latest_only.py
[2024-06-22T11:24:29.845+0000] {logging_mixin.py:188} INFO - [2024-06-22T11:24:29.842+0000] {dag.py:3096} INFO - Sync 1 DAGs
[2024-06-22T11:24:29.958+0000] {logging_mixin.py:188} INFO - [2024-06-22T11:24:29.954+0000] {dag.py:3954} INFO - Setting next_dagrun for latest_only to 2024-06-22 04:00:00+00:00, run_after=2024-06-22 08:00:00+00:00
[2024-06-22T11:24:30.252+0000] {processor.py:183} INFO - Processing /home/airflow/.local/lib/python3.12/site-packages/airflow/example_dags/example_latest_only.py took 0.516 seconds
