[2024-06-22T04:11:07.331+0000] {processor.py:161} INFO - Started process (PID=38) to work on /home/airflow/.local/lib/python3.12/site-packages/airflow/example_dags/example_sla_dag.py
[2024-06-22T04:11:07.336+0000] {processor.py:830} INFO - Processing file /home/airflow/.local/lib/python3.12/site-packages/airflow/example_dags/example_sla_dag.py for tasks to queue
[2024-06-22T04:11:07.345+0000] {logging_mixin.py:188} INFO - [2024-06-22T04:11:07.344+0000] {dagbag.py:540} INFO - Filling up the DagBag from /home/airflow/.local/lib/python3.12/site-packages/airflow/example_dags/example_sla_dag.py
[2024-06-22T04:11:07.379+0000] {processor.py:840} INFO - DAG(s) 'example_sla_dag' retrieved from /home/airflow/.local/lib/python3.12/site-packages/airflow/example_dags/example_sla_dag.py
[2024-06-22T04:11:07.417+0000] {logging_mixin.py:188} INFO - [2024-06-22T04:11:07.415+0000] {dag.py:3096} INFO - Sync 1 DAGs
[2024-06-22T04:11:07.479+0000] {logging_mixin.py:188} INFO - [2024-06-22T04:11:07.478+0000] {dag.py:3954} INFO - Setting next_dagrun for example_sla_dag to 2024-06-22 04:08:00+00:00, run_after=2024-06-22 04:10:00+00:00
[2024-06-22T04:11:07.569+0000] {processor.py:183} INFO - Processing /home/airflow/.local/lib/python3.12/site-packages/airflow/example_dags/example_sla_dag.py took 0.254 seconds
[2024-06-22T04:11:38.260+0000] {processor.py:161} INFO - Started process (PID=97) to work on /home/airflow/.local/lib/python3.12/site-packages/airflow/example_dags/example_sla_dag.py
[2024-06-22T04:11:38.264+0000] {processor.py:830} INFO - Processing file /home/airflow/.local/lib/python3.12/site-packages/airflow/example_dags/example_sla_dag.py for tasks to queue
[2024-06-22T04:11:38.267+0000] {logging_mixin.py:188} INFO - [2024-06-22T04:11:38.267+0000] {dagbag.py:540} INFO - Filling up the DagBag from /home/airflow/.local/lib/python3.12/site-packages/airflow/example_dags/example_sla_dag.py
[2024-06-22T04:11:38.280+0000] {processor.py:840} INFO - DAG(s) 'example_sla_dag' retrieved from /home/airflow/.local/lib/python3.12/site-packages/airflow/example_dags/example_sla_dag.py
[2024-06-22T04:11:38.428+0000] {logging_mixin.py:188} INFO - [2024-06-22T04:11:38.428+0000] {dag.py:3096} INFO - Sync 1 DAGs
[2024-06-22T04:11:38.460+0000] {logging_mixin.py:188} INFO - [2024-06-22T04:11:38.459+0000] {dag.py:3954} INFO - Setting next_dagrun for example_sla_dag to 2024-06-22 04:08:00+00:00, run_after=2024-06-22 04:10:00+00:00
[2024-06-22T04:11:38.485+0000] {processor.py:183} INFO - Processing /home/airflow/.local/lib/python3.12/site-packages/airflow/example_dags/example_sla_dag.py took 0.233 seconds
[2024-06-22T04:12:09.775+0000] {processor.py:161} INFO - Started process (PID=155) to work on /home/airflow/.local/lib/python3.12/site-packages/airflow/example_dags/example_sla_dag.py
[2024-06-22T04:12:09.779+0000] {processor.py:830} INFO - Processing file /home/airflow/.local/lib/python3.12/site-packages/airflow/example_dags/example_sla_dag.py for tasks to queue
[2024-06-22T04:12:09.787+0000] {logging_mixin.py:188} INFO - [2024-06-22T04:12:09.787+0000] {dagbag.py:540} INFO - Filling up the DagBag from /home/airflow/.local/lib/python3.12/site-packages/airflow/example_dags/example_sla_dag.py
[2024-06-22T04:12:09.854+0000] {processor.py:840} INFO - DAG(s) 'example_sla_dag' retrieved from /home/airflow/.local/lib/python3.12/site-packages/airflow/example_dags/example_sla_dag.py
[2024-06-22T04:12:09.954+0000] {logging_mixin.py:188} INFO - [2024-06-22T04:12:09.953+0000] {dag.py:3096} INFO - Sync 1 DAGs
[2024-06-22T04:12:10.083+0000] {logging_mixin.py:188} INFO - [2024-06-22T04:12:10.082+0000] {dag.py:3954} INFO - Setting next_dagrun for example_sla_dag to 2024-06-22 04:10:00+00:00, run_after=2024-06-22 04:12:00+00:00
[2024-06-22T04:12:10.156+0000] {processor.py:183} INFO - Processing /home/airflow/.local/lib/python3.12/site-packages/airflow/example_dags/example_sla_dag.py took 0.417 seconds
[2024-06-22T04:12:40.958+0000] {processor.py:161} INFO - Started process (PID=214) to work on /home/airflow/.local/lib/python3.12/site-packages/airflow/example_dags/example_sla_dag.py
[2024-06-22T04:12:40.961+0000] {processor.py:830} INFO - Processing file /home/airflow/.local/lib/python3.12/site-packages/airflow/example_dags/example_sla_dag.py for tasks to queue
[2024-06-22T04:12:40.966+0000] {logging_mixin.py:188} INFO - [2024-06-22T04:12:40.966+0000] {dagbag.py:540} INFO - Filling up the DagBag from /home/airflow/.local/lib/python3.12/site-packages/airflow/example_dags/example_sla_dag.py
[2024-06-22T04:12:40.985+0000] {processor.py:840} INFO - DAG(s) 'example_sla_dag' retrieved from /home/airflow/.local/lib/python3.12/site-packages/airflow/example_dags/example_sla_dag.py
[2024-06-22T04:12:41.012+0000] {logging_mixin.py:188} INFO - [2024-06-22T04:12:41.011+0000] {dag.py:3096} INFO - Sync 1 DAGs
[2024-06-22T04:12:41.056+0000] {logging_mixin.py:188} INFO - [2024-06-22T04:12:41.055+0000] {dag.py:3954} INFO - Setting next_dagrun for example_sla_dag to 2024-06-22 04:10:00+00:00, run_after=2024-06-22 04:12:00+00:00
[2024-06-22T04:12:41.083+0000] {processor.py:183} INFO - Processing /home/airflow/.local/lib/python3.12/site-packages/airflow/example_dags/example_sla_dag.py took 0.139 seconds
[2024-06-22T04:13:11.279+0000] {processor.py:161} INFO - Started process (PID=273) to work on /home/airflow/.local/lib/python3.12/site-packages/airflow/example_dags/example_sla_dag.py
[2024-06-22T04:13:11.282+0000] {processor.py:830} INFO - Processing file /home/airflow/.local/lib/python3.12/site-packages/airflow/example_dags/example_sla_dag.py for tasks to queue
[2024-06-22T04:13:11.286+0000] {logging_mixin.py:188} INFO - [2024-06-22T04:13:11.286+0000] {dagbag.py:540} INFO - Filling up the DagBag from /home/airflow/.local/lib/python3.12/site-packages/airflow/example_dags/example_sla_dag.py
[2024-06-22T04:13:11.300+0000] {processor.py:840} INFO - DAG(s) 'example_sla_dag' retrieved from /home/airflow/.local/lib/python3.12/site-packages/airflow/example_dags/example_sla_dag.py
[2024-06-22T04:13:11.333+0000] {logging_mixin.py:188} INFO - [2024-06-22T04:13:11.332+0000] {dag.py:3096} INFO - Sync 1 DAGs
[2024-06-22T04:13:11.377+0000] {logging_mixin.py:188} INFO - [2024-06-22T04:13:11.377+0000] {dag.py:3954} INFO - Setting next_dagrun for example_sla_dag to 2024-06-22 04:10:00+00:00, run_after=2024-06-22 04:12:00+00:00
[2024-06-22T04:13:11.412+0000] {processor.py:183} INFO - Processing /home/airflow/.local/lib/python3.12/site-packages/airflow/example_dags/example_sla_dag.py took 0.144 seconds
[2024-06-22T04:13:41.638+0000] {processor.py:161} INFO - Started process (PID=332) to work on /home/airflow/.local/lib/python3.12/site-packages/airflow/example_dags/example_sla_dag.py
[2024-06-22T04:13:41.641+0000] {processor.py:830} INFO - Processing file /home/airflow/.local/lib/python3.12/site-packages/airflow/example_dags/example_sla_dag.py for tasks to queue
[2024-06-22T04:13:41.645+0000] {logging_mixin.py:188} INFO - [2024-06-22T04:13:41.645+0000] {dagbag.py:540} INFO - Filling up the DagBag from /home/airflow/.local/lib/python3.12/site-packages/airflow/example_dags/example_sla_dag.py
[2024-06-22T04:13:41.658+0000] {processor.py:840} INFO - DAG(s) 'example_sla_dag' retrieved from /home/airflow/.local/lib/python3.12/site-packages/airflow/example_dags/example_sla_dag.py
[2024-06-22T04:13:41.692+0000] {logging_mixin.py:188} INFO - [2024-06-22T04:13:41.692+0000] {dag.py:3096} INFO - Sync 1 DAGs
[2024-06-22T04:13:41.728+0000] {logging_mixin.py:188} INFO - [2024-06-22T04:13:41.728+0000] {dag.py:3954} INFO - Setting next_dagrun for example_sla_dag to 2024-06-22 04:10:00+00:00, run_after=2024-06-22 04:12:00+00:00
[2024-06-22T04:13:41.751+0000] {processor.py:183} INFO - Processing /home/airflow/.local/lib/python3.12/site-packages/airflow/example_dags/example_sla_dag.py took 0.121 seconds
[2024-06-22T04:14:12.348+0000] {processor.py:161} INFO - Started process (PID=394) to work on /home/airflow/.local/lib/python3.12/site-packages/airflow/example_dags/example_sla_dag.py
[2024-06-22T04:14:12.351+0000] {processor.py:830} INFO - Processing file /home/airflow/.local/lib/python3.12/site-packages/airflow/example_dags/example_sla_dag.py for tasks to queue
[2024-06-22T04:14:12.355+0000] {logging_mixin.py:188} INFO - [2024-06-22T04:14:12.355+0000] {dagbag.py:540} INFO - Filling up the DagBag from /home/airflow/.local/lib/python3.12/site-packages/airflow/example_dags/example_sla_dag.py
[2024-06-22T04:14:12.372+0000] {processor.py:840} INFO - DAG(s) 'example_sla_dag' retrieved from /home/airflow/.local/lib/python3.12/site-packages/airflow/example_dags/example_sla_dag.py
[2024-06-22T04:14:12.404+0000] {logging_mixin.py:188} INFO - [2024-06-22T04:14:12.404+0000] {dag.py:3096} INFO - Sync 1 DAGs
[2024-06-22T04:14:12.441+0000] {logging_mixin.py:188} INFO - [2024-06-22T04:14:12.441+0000] {dag.py:3954} INFO - Setting next_dagrun for example_sla_dag to 2024-06-22 04:12:00+00:00, run_after=2024-06-22 04:14:00+00:00
[2024-06-22T04:14:12.464+0000] {processor.py:183} INFO - Processing /home/airflow/.local/lib/python3.12/site-packages/airflow/example_dags/example_sla_dag.py took 0.126 seconds
[2024-06-22T04:14:42.942+0000] {processor.py:161} INFO - Started process (PID=453) to work on /home/airflow/.local/lib/python3.12/site-packages/airflow/example_dags/example_sla_dag.py
[2024-06-22T04:14:42.944+0000] {processor.py:830} INFO - Processing file /home/airflow/.local/lib/python3.12/site-packages/airflow/example_dags/example_sla_dag.py for tasks to queue
[2024-06-22T04:14:42.948+0000] {logging_mixin.py:188} INFO - [2024-06-22T04:14:42.947+0000] {dagbag.py:540} INFO - Filling up the DagBag from /home/airflow/.local/lib/python3.12/site-packages/airflow/example_dags/example_sla_dag.py
[2024-06-22T04:14:42.962+0000] {processor.py:840} INFO - DAG(s) 'example_sla_dag' retrieved from /home/airflow/.local/lib/python3.12/site-packages/airflow/example_dags/example_sla_dag.py
[2024-06-22T04:14:42.990+0000] {logging_mixin.py:188} INFO - [2024-06-22T04:14:42.990+0000] {dag.py:3096} INFO - Sync 1 DAGs
[2024-06-22T04:14:43.032+0000] {logging_mixin.py:188} INFO - [2024-06-22T04:14:43.032+0000] {dag.py:3954} INFO - Setting next_dagrun for example_sla_dag to 2024-06-22 04:12:00+00:00, run_after=2024-06-22 04:14:00+00:00
[2024-06-22T04:14:43.064+0000] {processor.py:183} INFO - Processing /home/airflow/.local/lib/python3.12/site-packages/airflow/example_dags/example_sla_dag.py took 0.130 seconds
[2024-06-22T04:15:13.246+0000] {processor.py:161} INFO - Started process (PID=514) to work on /home/airflow/.local/lib/python3.12/site-packages/airflow/example_dags/example_sla_dag.py
[2024-06-22T04:15:13.251+0000] {processor.py:830} INFO - Processing file /home/airflow/.local/lib/python3.12/site-packages/airflow/example_dags/example_sla_dag.py for tasks to queue
[2024-06-22T04:15:13.256+0000] {logging_mixin.py:188} INFO - [2024-06-22T04:15:13.255+0000] {dagbag.py:540} INFO - Filling up the DagBag from /home/airflow/.local/lib/python3.12/site-packages/airflow/example_dags/example_sla_dag.py
[2024-06-22T04:15:13.275+0000] {processor.py:840} INFO - DAG(s) 'example_sla_dag' retrieved from /home/airflow/.local/lib/python3.12/site-packages/airflow/example_dags/example_sla_dag.py
[2024-06-22T04:15:13.306+0000] {logging_mixin.py:188} INFO - [2024-06-22T04:15:13.306+0000] {dag.py:3096} INFO - Sync 1 DAGs
[2024-06-22T04:15:13.361+0000] {logging_mixin.py:188} INFO - [2024-06-22T04:15:13.360+0000] {dag.py:3954} INFO - Setting next_dagrun for example_sla_dag to 2024-06-22 04:12:00+00:00, run_after=2024-06-22 04:14:00+00:00
[2024-06-22T04:15:13.390+0000] {processor.py:183} INFO - Processing /home/airflow/.local/lib/python3.12/site-packages/airflow/example_dags/example_sla_dag.py took 0.160 seconds
[2024-06-22T04:15:43.997+0000] {processor.py:161} INFO - Started process (PID=572) to work on /home/airflow/.local/lib/python3.12/site-packages/airflow/example_dags/example_sla_dag.py
[2024-06-22T04:15:43.999+0000] {processor.py:830} INFO - Processing file /home/airflow/.local/lib/python3.12/site-packages/airflow/example_dags/example_sla_dag.py for tasks to queue
[2024-06-22T04:15:44.002+0000] {logging_mixin.py:188} INFO - [2024-06-22T04:15:44.002+0000] {dagbag.py:540} INFO - Filling up the DagBag from /home/airflow/.local/lib/python3.12/site-packages/airflow/example_dags/example_sla_dag.py
[2024-06-22T04:15:44.018+0000] {processor.py:840} INFO - DAG(s) 'example_sla_dag' retrieved from /home/airflow/.local/lib/python3.12/site-packages/airflow/example_dags/example_sla_dag.py
[2024-06-22T04:15:44.048+0000] {logging_mixin.py:188} INFO - [2024-06-22T04:15:44.048+0000] {dag.py:3096} INFO - Sync 1 DAGs
[2024-06-22T04:15:44.085+0000] {logging_mixin.py:188} INFO - [2024-06-22T04:15:44.084+0000] {dag.py:3954} INFO - Setting next_dagrun for example_sla_dag to 2024-06-22 04:12:00+00:00, run_after=2024-06-22 04:14:00+00:00
[2024-06-22T04:15:44.112+0000] {processor.py:183} INFO - Processing /home/airflow/.local/lib/python3.12/site-packages/airflow/example_dags/example_sla_dag.py took 0.123 seconds
[2024-06-22T04:16:14.872+0000] {processor.py:161} INFO - Started process (PID=632) to work on /home/airflow/.local/lib/python3.12/site-packages/airflow/example_dags/example_sla_dag.py
[2024-06-22T04:16:14.880+0000] {processor.py:830} INFO - Processing file /home/airflow/.local/lib/python3.12/site-packages/airflow/example_dags/example_sla_dag.py for tasks to queue
[2024-06-22T04:16:14.894+0000] {logging_mixin.py:188} INFO - [2024-06-22T04:16:14.891+0000] {dagbag.py:540} INFO - Filling up the DagBag from /home/airflow/.local/lib/python3.12/site-packages/airflow/example_dags/example_sla_dag.py
[2024-06-22T04:16:14.955+0000] {processor.py:840} INFO - DAG(s) 'example_sla_dag' retrieved from /home/airflow/.local/lib/python3.12/site-packages/airflow/example_dags/example_sla_dag.py
[2024-06-22T04:16:15.045+0000] {logging_mixin.py:188} INFO - [2024-06-22T04:16:15.045+0000] {dag.py:3096} INFO - Sync 1 DAGs
[2024-06-22T04:16:15.115+0000] {logging_mixin.py:188} INFO - [2024-06-22T04:16:15.111+0000] {dag.py:3954} INFO - Setting next_dagrun for example_sla_dag to 2024-06-22 04:14:00+00:00, run_after=2024-06-22 04:16:00+00:00
[2024-06-22T04:16:15.168+0000] {processor.py:183} INFO - Processing /home/airflow/.local/lib/python3.12/site-packages/airflow/example_dags/example_sla_dag.py took 0.338 seconds
[2024-06-22T04:16:45.404+0000] {processor.py:161} INFO - Started process (PID=691) to work on /home/airflow/.local/lib/python3.12/site-packages/airflow/example_dags/example_sla_dag.py
[2024-06-22T04:16:45.411+0000] {processor.py:830} INFO - Processing file /home/airflow/.local/lib/python3.12/site-packages/airflow/example_dags/example_sla_dag.py for tasks to queue
[2024-06-22T04:16:45.416+0000] {logging_mixin.py:188} INFO - [2024-06-22T04:16:45.416+0000] {dagbag.py:540} INFO - Filling up the DagBag from /home/airflow/.local/lib/python3.12/site-packages/airflow/example_dags/example_sla_dag.py
[2024-06-22T04:16:45.448+0000] {processor.py:840} INFO - DAG(s) 'example_sla_dag' retrieved from /home/airflow/.local/lib/python3.12/site-packages/airflow/example_dags/example_sla_dag.py
[2024-06-22T04:16:45.517+0000] {logging_mixin.py:188} INFO - [2024-06-22T04:16:45.516+0000] {dag.py:3096} INFO - Sync 1 DAGs
[2024-06-22T04:16:45.589+0000] {logging_mixin.py:188} INFO - [2024-06-22T04:16:45.588+0000] {dag.py:3954} INFO - Setting next_dagrun for example_sla_dag to 2024-06-22 04:14:00+00:00, run_after=2024-06-22 04:16:00+00:00
[2024-06-22T04:16:45.644+0000] {processor.py:183} INFO - Processing /home/airflow/.local/lib/python3.12/site-packages/airflow/example_dags/example_sla_dag.py took 0.262 seconds
[2024-06-22T04:17:15.907+0000] {processor.py:161} INFO - Started process (PID=751) to work on /home/airflow/.local/lib/python3.12/site-packages/airflow/example_dags/example_sla_dag.py
[2024-06-22T04:17:15.911+0000] {processor.py:830} INFO - Processing file /home/airflow/.local/lib/python3.12/site-packages/airflow/example_dags/example_sla_dag.py for tasks to queue
[2024-06-22T04:17:15.917+0000] {logging_mixin.py:188} INFO - [2024-06-22T04:17:15.916+0000] {dagbag.py:540} INFO - Filling up the DagBag from /home/airflow/.local/lib/python3.12/site-packages/airflow/example_dags/example_sla_dag.py
[2024-06-22T04:17:15.938+0000] {processor.py:840} INFO - DAG(s) 'example_sla_dag' retrieved from /home/airflow/.local/lib/python3.12/site-packages/airflow/example_dags/example_sla_dag.py
[2024-06-22T04:17:15.981+0000] {logging_mixin.py:188} INFO - [2024-06-22T04:17:15.980+0000] {dag.py:3096} INFO - Sync 1 DAGs
[2024-06-22T04:17:16.019+0000] {logging_mixin.py:188} INFO - [2024-06-22T04:17:16.019+0000] {dag.py:3954} INFO - Setting next_dagrun for example_sla_dag to 2024-06-22 04:14:00+00:00, run_after=2024-06-22 04:16:00+00:00
[2024-06-22T04:17:16.048+0000] {processor.py:183} INFO - Processing /home/airflow/.local/lib/python3.12/site-packages/airflow/example_dags/example_sla_dag.py took 0.154 seconds
[2024-06-22T06:18:31.279+0000] {processor.py:161} INFO - Started process (PID=824) to work on /home/airflow/.local/lib/python3.12/site-packages/airflow/example_dags/example_sla_dag.py
[2024-06-22T06:18:31.348+0000] {processor.py:830} INFO - Processing file /home/airflow/.local/lib/python3.12/site-packages/airflow/example_dags/example_sla_dag.py for tasks to queue
[2024-06-22T06:18:31.696+0000] {logging_mixin.py:188} INFO - [2024-06-22T06:18:31.559+0000] {dagbag.py:540} INFO - Filling up the DagBag from /home/airflow/.local/lib/python3.12/site-packages/airflow/example_dags/example_sla_dag.py
[2024-06-22T06:18:32.503+0000] {processor.py:840} INFO - DAG(s) 'example_sla_dag' retrieved from /home/airflow/.local/lib/python3.12/site-packages/airflow/example_dags/example_sla_dag.py
[2024-06-22T06:18:33.595+0000] {logging_mixin.py:188} INFO - [2024-06-22T06:18:33.582+0000] {dag.py:3096} INFO - Sync 1 DAGs
[2024-06-22T06:18:35.192+0000] {logging_mixin.py:188} INFO - [2024-06-22T06:18:35.159+0000] {dag.py:3954} INFO - Setting next_dagrun for example_sla_dag to 2024-06-22 06:16:00+00:00, run_after=2024-06-22 06:18:00+00:00
[2024-06-22T06:18:36.218+0000] {processor.py:183} INFO - Processing /home/airflow/.local/lib/python3.12/site-packages/airflow/example_dags/example_sla_dag.py took 5.959 seconds
[2024-06-22T06:21:54.835+0000] {processor.py:161} INFO - Started process (PID=914) to work on /home/airflow/.local/lib/python3.12/site-packages/airflow/example_dags/example_sla_dag.py
[2024-06-22T06:21:54.922+0000] {processor.py:830} INFO - Processing file /home/airflow/.local/lib/python3.12/site-packages/airflow/example_dags/example_sla_dag.py for tasks to queue
[2024-06-22T06:21:54.985+0000] {logging_mixin.py:188} INFO - [2024-06-22T06:21:54.960+0000] {dagbag.py:540} INFO - Filling up the DagBag from /home/airflow/.local/lib/python3.12/site-packages/airflow/example_dags/example_sla_dag.py
[2024-06-22T06:21:55.501+0000] {processor.py:840} INFO - DAG(s) 'example_sla_dag' retrieved from /home/airflow/.local/lib/python3.12/site-packages/airflow/example_dags/example_sla_dag.py
[2024-06-22T06:21:56.055+0000] {logging_mixin.py:188} INFO - [2024-06-22T06:21:56.054+0000] {dag.py:3096} INFO - Sync 1 DAGs
[2024-06-22T06:21:57.150+0000] {logging_mixin.py:188} INFO - [2024-06-22T06:21:57.142+0000] {dag.py:3954} INFO - Setting next_dagrun for example_sla_dag to 2024-06-22 06:18:00+00:00, run_after=2024-06-22 06:20:00+00:00
[2024-06-22T06:21:57.626+0000] {processor.py:183} INFO - Processing /home/airflow/.local/lib/python3.12/site-packages/airflow/example_dags/example_sla_dag.py took 3.176 seconds
[2024-06-22T06:24:01.547+0000] {processor.py:161} INFO - Started process (PID=972) to work on /home/airflow/.local/lib/python3.12/site-packages/airflow/example_dags/example_sla_dag.py
[2024-06-22T06:24:01.552+0000] {processor.py:830} INFO - Processing file /home/airflow/.local/lib/python3.12/site-packages/airflow/example_dags/example_sla_dag.py for tasks to queue
[2024-06-22T06:24:01.562+0000] {logging_mixin.py:188} INFO - [2024-06-22T06:24:01.556+0000] {dagbag.py:540} INFO - Filling up the DagBag from /home/airflow/.local/lib/python3.12/site-packages/airflow/example_dags/example_sla_dag.py
[2024-06-22T06:24:01.629+0000] {processor.py:840} INFO - DAG(s) 'example_sla_dag' retrieved from /home/airflow/.local/lib/python3.12/site-packages/airflow/example_dags/example_sla_dag.py
[2024-06-22T06:24:01.802+0000] {logging_mixin.py:188} INFO - [2024-06-22T06:24:01.802+0000] {dag.py:3096} INFO - Sync 1 DAGs
[2024-06-22T06:24:01.993+0000] {logging_mixin.py:188} INFO - [2024-06-22T06:24:01.989+0000] {dag.py:3954} INFO - Setting next_dagrun for example_sla_dag to 2024-06-22 06:22:00+00:00, run_after=2024-06-22 06:24:00+00:00
[2024-06-22T06:24:02.099+0000] {processor.py:183} INFO - Processing /home/airflow/.local/lib/python3.12/site-packages/airflow/example_dags/example_sla_dag.py took 0.596 seconds
[2024-06-22T06:56:16.802+0000] {processor.py:161} INFO - Started process (PID=1038) to work on /home/airflow/.local/lib/python3.12/site-packages/airflow/example_dags/example_sla_dag.py
[2024-06-22T06:56:16.818+0000] {processor.py:830} INFO - Processing file /home/airflow/.local/lib/python3.12/site-packages/airflow/example_dags/example_sla_dag.py for tasks to queue
[2024-06-22T06:56:16.840+0000] {logging_mixin.py:188} INFO - [2024-06-22T06:56:16.826+0000] {dagbag.py:540} INFO - Filling up the DagBag from /home/airflow/.local/lib/python3.12/site-packages/airflow/example_dags/example_sla_dag.py
[2024-06-22T06:56:17.196+0000] {processor.py:840} INFO - DAG(s) 'example_sla_dag' retrieved from /home/airflow/.local/lib/python3.12/site-packages/airflow/example_dags/example_sla_dag.py
[2024-06-22T06:56:17.933+0000] {logging_mixin.py:188} INFO - [2024-06-22T06:56:17.931+0000] {dag.py:3096} INFO - Sync 1 DAGs
[2024-06-22T06:56:19.869+0000] {logging_mixin.py:188} INFO - [2024-06-22T06:56:19.833+0000] {dag.py:3954} INFO - Setting next_dagrun for example_sla_dag to 2024-06-22 06:54:00+00:00, run_after=2024-06-22 06:56:00+00:00
[2024-06-22T06:56:28.093+0000] {processor.py:183} INFO - Processing /home/airflow/.local/lib/python3.12/site-packages/airflow/example_dags/example_sla_dag.py took 11.538 seconds
[2024-06-22T06:58:14.280+0000] {processor.py:161} INFO - Started process (PID=1105) to work on /home/airflow/.local/lib/python3.12/site-packages/airflow/example_dags/example_sla_dag.py
[2024-06-22T06:58:14.285+0000] {processor.py:830} INFO - Processing file /home/airflow/.local/lib/python3.12/site-packages/airflow/example_dags/example_sla_dag.py for tasks to queue
[2024-06-22T06:58:14.297+0000] {logging_mixin.py:188} INFO - [2024-06-22T06:58:14.293+0000] {dagbag.py:540} INFO - Filling up the DagBag from /home/airflow/.local/lib/python3.12/site-packages/airflow/example_dags/example_sla_dag.py
[2024-06-22T06:58:14.355+0000] {processor.py:840} INFO - DAG(s) 'example_sla_dag' retrieved from /home/airflow/.local/lib/python3.12/site-packages/airflow/example_dags/example_sla_dag.py
[2024-06-22T06:58:14.485+0000] {logging_mixin.py:188} INFO - [2024-06-22T06:58:14.485+0000] {dag.py:3096} INFO - Sync 1 DAGs
[2024-06-22T06:58:14.643+0000] {logging_mixin.py:188} INFO - [2024-06-22T06:58:14.643+0000] {dag.py:3954} INFO - Setting next_dagrun for example_sla_dag to 2024-06-22 06:56:00+00:00, run_after=2024-06-22 06:58:00+00:00
[2024-06-22T06:58:14.731+0000] {processor.py:183} INFO - Processing /home/airflow/.local/lib/python3.12/site-packages/airflow/example_dags/example_sla_dag.py took 0.489 seconds
[2024-06-22T07:14:18.339+0000] {processor.py:161} INFO - Started process (PID=1152) to work on /home/airflow/.local/lib/python3.12/site-packages/airflow/example_dags/example_sla_dag.py
[2024-06-22T07:14:18.342+0000] {processor.py:830} INFO - Processing file /home/airflow/.local/lib/python3.12/site-packages/airflow/example_dags/example_sla_dag.py for tasks to queue
[2024-06-22T07:14:18.346+0000] {logging_mixin.py:188} INFO - [2024-06-22T07:14:18.345+0000] {dagbag.py:540} INFO - Filling up the DagBag from /home/airflow/.local/lib/python3.12/site-packages/airflow/example_dags/example_sla_dag.py
[2024-06-22T07:14:18.375+0000] {processor.py:840} INFO - DAG(s) 'example_sla_dag' retrieved from /home/airflow/.local/lib/python3.12/site-packages/airflow/example_dags/example_sla_dag.py
[2024-06-22T07:14:18.444+0000] {logging_mixin.py:188} INFO - [2024-06-22T07:14:18.443+0000] {dag.py:3096} INFO - Sync 1 DAGs
[2024-06-22T07:31:34.195+0000] {logging_mixin.py:188} INFO - [2024-06-22T07:31:34.195+0000] {dag.py:3954} INFO - Setting next_dagrun for example_sla_dag to 2024-06-22 07:28:00+00:00, run_after=2024-06-22 07:30:00+00:00
[2024-06-22T07:31:34.271+0000] {processor.py:183} INFO - Processing /home/airflow/.local/lib/python3.12/site-packages/airflow/example_dags/example_sla_dag.py took 0.361 seconds
[2024-06-22T07:32:24.719+0000] {processor.py:161} INFO - Started process (PID=1201) to work on /home/airflow/.local/lib/python3.12/site-packages/airflow/example_dags/example_sla_dag.py
[2024-06-22T07:32:24.733+0000] {processor.py:830} INFO - Processing file /home/airflow/.local/lib/python3.12/site-packages/airflow/example_dags/example_sla_dag.py for tasks to queue
[2024-06-22T07:32:24.737+0000] {logging_mixin.py:188} INFO - [2024-06-22T07:32:24.736+0000] {dagbag.py:540} INFO - Filling up the DagBag from /home/airflow/.local/lib/python3.12/site-packages/airflow/example_dags/example_sla_dag.py
[2024-06-22T07:32:24.812+0000] {processor.py:840} INFO - DAG(s) 'example_sla_dag' retrieved from /home/airflow/.local/lib/python3.12/site-packages/airflow/example_dags/example_sla_dag.py
[2024-06-22T07:32:25.037+0000] {logging_mixin.py:188} INFO - [2024-06-22T07:32:25.037+0000] {dag.py:3096} INFO - Sync 1 DAGs
[2024-06-22T07:32:25.244+0000] {logging_mixin.py:188} INFO - [2024-06-22T07:32:25.243+0000] {dag.py:3954} INFO - Setting next_dagrun for example_sla_dag to 2024-06-22 07:30:00+00:00, run_after=2024-06-22 07:32:00+00:00
[2024-06-22T07:32:25.367+0000] {processor.py:183} INFO - Processing /home/airflow/.local/lib/python3.12/site-packages/airflow/example_dags/example_sla_dag.py took 0.679 seconds
[2024-06-22T07:48:47.153+0000] {processor.py:161} INFO - Started process (PID=1246) to work on /home/airflow/.local/lib/python3.12/site-packages/airflow/example_dags/example_sla_dag.py
[2024-06-22T07:48:47.184+0000] {processor.py:830} INFO - Processing file /home/airflow/.local/lib/python3.12/site-packages/airflow/example_dags/example_sla_dag.py for tasks to queue
[2024-06-22T07:48:47.208+0000] {logging_mixin.py:188} INFO - [2024-06-22T07:48:47.205+0000] {dagbag.py:540} INFO - Filling up the DagBag from /home/airflow/.local/lib/python3.12/site-packages/airflow/example_dags/example_sla_dag.py
[2024-06-22T07:48:47.516+0000] {processor.py:840} INFO - DAG(s) 'example_sla_dag' retrieved from /home/airflow/.local/lib/python3.12/site-packages/airflow/example_dags/example_sla_dag.py
[2024-06-22T07:48:48.759+0000] {logging_mixin.py:188} INFO - [2024-06-22T07:48:48.741+0000] {dag.py:3096} INFO - Sync 1 DAGs
[2024-06-22T07:48:50.264+0000] {logging_mixin.py:188} INFO - [2024-06-22T07:48:50.229+0000] {dag.py:3954} INFO - Setting next_dagrun for example_sla_dag to 2024-06-22 07:46:00+00:00, run_after=2024-06-22 07:48:00+00:00
[2024-06-22T07:48:51.472+0000] {processor.py:183} INFO - Processing /home/airflow/.local/lib/python3.12/site-packages/airflow/example_dags/example_sla_dag.py took 4.391 seconds
[2024-06-22T07:50:23.769+0000] {processor.py:161} INFO - Started process (PID=1308) to work on /home/airflow/.local/lib/python3.12/site-packages/airflow/example_dags/example_sla_dag.py
[2024-06-22T07:50:23.798+0000] {processor.py:830} INFO - Processing file /home/airflow/.local/lib/python3.12/site-packages/airflow/example_dags/example_sla_dag.py for tasks to queue
[2024-06-22T07:50:23.828+0000] {logging_mixin.py:188} INFO - [2024-06-22T07:50:23.820+0000] {dagbag.py:540} INFO - Filling up the DagBag from /home/airflow/.local/lib/python3.12/site-packages/airflow/example_dags/example_sla_dag.py
[2024-06-22T07:50:24.151+0000] {processor.py:840} INFO - DAG(s) 'example_sla_dag' retrieved from /home/airflow/.local/lib/python3.12/site-packages/airflow/example_dags/example_sla_dag.py
[2024-06-22T07:50:24.763+0000] {logging_mixin.py:188} INFO - [2024-06-22T07:50:24.762+0000] {dag.py:3096} INFO - Sync 1 DAGs
[2024-06-22T07:50:25.832+0000] {logging_mixin.py:188} INFO - [2024-06-22T07:50:25.829+0000] {dag.py:3954} INFO - Setting next_dagrun for example_sla_dag to 2024-06-22 07:48:00+00:00, run_after=2024-06-22 07:50:00+00:00
[2024-06-22T07:50:26.252+0000] {processor.py:183} INFO - Processing /home/airflow/.local/lib/python3.12/site-packages/airflow/example_dags/example_sla_dag.py took 2.657 seconds
[2024-06-22T07:51:42.281+0000] {processor.py:161} INFO - Started process (PID=1365) to work on /home/airflow/.local/lib/python3.12/site-packages/airflow/example_dags/example_sla_dag.py
[2024-06-22T07:51:42.310+0000] {processor.py:830} INFO - Processing file /home/airflow/.local/lib/python3.12/site-packages/airflow/example_dags/example_sla_dag.py for tasks to queue
[2024-06-22T07:51:42.323+0000] {logging_mixin.py:188} INFO - [2024-06-22T07:51:42.321+0000] {dagbag.py:540} INFO - Filling up the DagBag from /home/airflow/.local/lib/python3.12/site-packages/airflow/example_dags/example_sla_dag.py
[2024-06-22T07:51:42.532+0000] {processor.py:840} INFO - DAG(s) 'example_sla_dag' retrieved from /home/airflow/.local/lib/python3.12/site-packages/airflow/example_dags/example_sla_dag.py
[2024-06-22T07:51:42.999+0000] {logging_mixin.py:188} INFO - [2024-06-22T07:51:42.949+0000] {dag.py:3096} INFO - Sync 1 DAGs
[2024-06-22T07:51:44.468+0000] {logging_mixin.py:188} INFO - [2024-06-22T07:51:44.467+0000] {dag.py:3954} INFO - Setting next_dagrun for example_sla_dag to 2024-06-22 07:48:00+00:00, run_after=2024-06-22 07:50:00+00:00
[2024-06-22T07:51:45.101+0000] {processor.py:183} INFO - Processing /home/airflow/.local/lib/python3.12/site-packages/airflow/example_dags/example_sla_dag.py took 2.932 seconds
[2024-06-22T07:52:44.471+0000] {processor.py:161} INFO - Started process (PID=1411) to work on /home/airflow/.local/lib/python3.12/site-packages/airflow/example_dags/example_sla_dag.py
[2024-06-22T07:52:44.481+0000] {processor.py:830} INFO - Processing file /home/airflow/.local/lib/python3.12/site-packages/airflow/example_dags/example_sla_dag.py for tasks to queue
[2024-06-22T07:52:44.489+0000] {logging_mixin.py:188} INFO - [2024-06-22T07:52:44.487+0000] {dagbag.py:540} INFO - Filling up the DagBag from /home/airflow/.local/lib/python3.12/site-packages/airflow/example_dags/example_sla_dag.py
[2024-06-22T07:52:44.728+0000] {processor.py:840} INFO - DAG(s) 'example_sla_dag' retrieved from /home/airflow/.local/lib/python3.12/site-packages/airflow/example_dags/example_sla_dag.py
[2024-06-22T07:52:45.143+0000] {logging_mixin.py:188} INFO - [2024-06-22T07:52:45.136+0000] {dag.py:3096} INFO - Sync 1 DAGs
[2024-06-22T07:52:45.895+0000] {logging_mixin.py:188} INFO - [2024-06-22T07:52:45.893+0000] {dag.py:3954} INFO - Setting next_dagrun for example_sla_dag to 2024-06-22 07:50:00+00:00, run_after=2024-06-22 07:52:00+00:00
[2024-06-22T07:52:46.410+0000] {processor.py:183} INFO - Processing /home/airflow/.local/lib/python3.12/site-packages/airflow/example_dags/example_sla_dag.py took 2.096 seconds
[2024-06-22T07:53:48.970+0000] {processor.py:161} INFO - Started process (PID=1459) to work on /home/airflow/.local/lib/python3.12/site-packages/airflow/example_dags/example_sla_dag.py
[2024-06-22T07:53:49.012+0000] {processor.py:830} INFO - Processing file /home/airflow/.local/lib/python3.12/site-packages/airflow/example_dags/example_sla_dag.py for tasks to queue
[2024-06-22T07:53:49.057+0000] {logging_mixin.py:188} INFO - [2024-06-22T07:53:49.040+0000] {dagbag.py:540} INFO - Filling up the DagBag from /home/airflow/.local/lib/python3.12/site-packages/airflow/example_dags/example_sla_dag.py
[2024-06-22T07:53:49.543+0000] {processor.py:840} INFO - DAG(s) 'example_sla_dag' retrieved from /home/airflow/.local/lib/python3.12/site-packages/airflow/example_dags/example_sla_dag.py
[2024-06-22T07:53:50.413+0000] {logging_mixin.py:188} INFO - [2024-06-22T07:53:50.412+0000] {dag.py:3096} INFO - Sync 1 DAGs
[2024-06-22T07:53:51.669+0000] {logging_mixin.py:188} INFO - [2024-06-22T07:53:51.657+0000] {dag.py:3954} INFO - Setting next_dagrun for example_sla_dag to 2024-06-22 07:50:00+00:00, run_after=2024-06-22 07:52:00+00:00
[2024-06-22T07:53:52.065+0000] {processor.py:183} INFO - Processing /home/airflow/.local/lib/python3.12/site-packages/airflow/example_dags/example_sla_dag.py took 3.272 seconds
[2024-06-22T07:55:00.265+0000] {processor.py:161} INFO - Started process (PID=1505) to work on /home/airflow/.local/lib/python3.12/site-packages/airflow/example_dags/example_sla_dag.py
[2024-06-22T07:55:00.312+0000] {processor.py:830} INFO - Processing file /home/airflow/.local/lib/python3.12/site-packages/airflow/example_dags/example_sla_dag.py for tasks to queue
[2024-06-22T07:55:00.357+0000] {logging_mixin.py:188} INFO - [2024-06-22T07:55:00.344+0000] {dagbag.py:540} INFO - Filling up the DagBag from /home/airflow/.local/lib/python3.12/site-packages/airflow/example_dags/example_sla_dag.py
[2024-06-22T07:55:00.773+0000] {processor.py:840} INFO - DAG(s) 'example_sla_dag' retrieved from /home/airflow/.local/lib/python3.12/site-packages/airflow/example_dags/example_sla_dag.py
[2024-06-22T07:55:01.354+0000] {logging_mixin.py:188} INFO - [2024-06-22T07:55:01.352+0000] {dag.py:3096} INFO - Sync 1 DAGs
[2024-06-22T07:55:02.524+0000] {logging_mixin.py:188} INFO - [2024-06-22T07:55:02.519+0000] {dag.py:3954} INFO - Setting next_dagrun for example_sla_dag to 2024-06-22 07:52:00+00:00, run_after=2024-06-22 07:54:00+00:00
[2024-06-22T07:55:02.950+0000] {processor.py:183} INFO - Processing /home/airflow/.local/lib/python3.12/site-packages/airflow/example_dags/example_sla_dag.py took 2.904 seconds
[2024-06-22T07:56:10.822+0000] {processor.py:161} INFO - Started process (PID=1553) to work on /home/airflow/.local/lib/python3.12/site-packages/airflow/example_dags/example_sla_dag.py
[2024-06-22T07:56:10.869+0000] {processor.py:830} INFO - Processing file /home/airflow/.local/lib/python3.12/site-packages/airflow/example_dags/example_sla_dag.py for tasks to queue
[2024-06-22T07:56:10.895+0000] {logging_mixin.py:188} INFO - [2024-06-22T07:56:10.888+0000] {dagbag.py:540} INFO - Filling up the DagBag from /home/airflow/.local/lib/python3.12/site-packages/airflow/example_dags/example_sla_dag.py
[2024-06-22T07:56:11.225+0000] {processor.py:840} INFO - DAG(s) 'example_sla_dag' retrieved from /home/airflow/.local/lib/python3.12/site-packages/airflow/example_dags/example_sla_dag.py
[2024-06-22T07:56:11.732+0000] {logging_mixin.py:188} INFO - [2024-06-22T07:56:11.730+0000] {dag.py:3096} INFO - Sync 1 DAGs
[2024-06-22T07:56:12.689+0000] {logging_mixin.py:188} INFO - [2024-06-22T07:56:12.688+0000] {dag.py:3954} INFO - Setting next_dagrun for example_sla_dag to 2024-06-22 07:54:00+00:00, run_after=2024-06-22 07:56:00+00:00
[2024-06-22T07:56:13.090+0000] {processor.py:183} INFO - Processing /home/airflow/.local/lib/python3.12/site-packages/airflow/example_dags/example_sla_dag.py took 2.476 seconds
[2024-06-22T07:57:30.851+0000] {processor.py:161} INFO - Started process (PID=1598) to work on /home/airflow/.local/lib/python3.12/site-packages/airflow/example_dags/example_sla_dag.py
[2024-06-22T07:57:30.869+0000] {processor.py:830} INFO - Processing file /home/airflow/.local/lib/python3.12/site-packages/airflow/example_dags/example_sla_dag.py for tasks to queue
[2024-06-22T07:57:30.882+0000] {logging_mixin.py:188} INFO - [2024-06-22T07:57:30.875+0000] {dagbag.py:540} INFO - Filling up the DagBag from /home/airflow/.local/lib/python3.12/site-packages/airflow/example_dags/example_sla_dag.py
[2024-06-22T07:57:31.003+0000] {processor.py:840} INFO - DAG(s) 'example_sla_dag' retrieved from /home/airflow/.local/lib/python3.12/site-packages/airflow/example_dags/example_sla_dag.py
[2024-06-22T07:57:31.146+0000] {logging_mixin.py:188} INFO - [2024-06-22T07:57:31.145+0000] {dag.py:3096} INFO - Sync 1 DAGs
[2024-06-22T07:57:31.327+0000] {logging_mixin.py:188} INFO - [2024-06-22T07:57:31.324+0000] {dag.py:3954} INFO - Setting next_dagrun for example_sla_dag to 2024-06-22 07:54:00+00:00, run_after=2024-06-22 07:56:00+00:00
[2024-06-22T07:57:31.434+0000] {processor.py:183} INFO - Processing /home/airflow/.local/lib/python3.12/site-packages/airflow/example_dags/example_sla_dag.py took 0.655 seconds
[2024-06-22T08:28:00.554+0000] {processor.py:161} INFO - Started process (PID=1654) to work on /home/airflow/.local/lib/python3.12/site-packages/airflow/example_dags/example_sla_dag.py
[2024-06-22T08:28:00.585+0000] {processor.py:830} INFO - Processing file /home/airflow/.local/lib/python3.12/site-packages/airflow/example_dags/example_sla_dag.py for tasks to queue
[2024-06-22T08:28:00.620+0000] {logging_mixin.py:188} INFO - [2024-06-22T08:28:00.617+0000] {dagbag.py:540} INFO - Filling up the DagBag from /home/airflow/.local/lib/python3.12/site-packages/airflow/example_dags/example_sla_dag.py
[2024-06-22T08:28:00.883+0000] {processor.py:840} INFO - DAG(s) 'example_sla_dag' retrieved from /home/airflow/.local/lib/python3.12/site-packages/airflow/example_dags/example_sla_dag.py
[2024-06-22T08:28:02.050+0000] {logging_mixin.py:188} INFO - [2024-06-22T08:28:02.049+0000] {dag.py:3096} INFO - Sync 1 DAGs
[2024-06-22T08:28:03.512+0000] {logging_mixin.py:188} INFO - [2024-06-22T08:28:03.507+0000] {dag.py:3954} INFO - Setting next_dagrun for example_sla_dag to 2024-06-22 08:26:00+00:00, run_after=2024-06-22 08:28:00+00:00
[2024-06-22T08:28:03.930+0000] {processor.py:183} INFO - Processing /home/airflow/.local/lib/python3.12/site-packages/airflow/example_dags/example_sla_dag.py took 3.548 seconds
[2024-06-22T08:29:39.115+0000] {processor.py:161} INFO - Started process (PID=1722) to work on /home/airflow/.local/lib/python3.12/site-packages/airflow/example_dags/example_sla_dag.py
[2024-06-22T08:29:39.144+0000] {processor.py:830} INFO - Processing file /home/airflow/.local/lib/python3.12/site-packages/airflow/example_dags/example_sla_dag.py for tasks to queue
[2024-06-22T08:29:39.157+0000] {logging_mixin.py:188} INFO - [2024-06-22T08:29:39.155+0000] {dagbag.py:540} INFO - Filling up the DagBag from /home/airflow/.local/lib/python3.12/site-packages/airflow/example_dags/example_sla_dag.py
[2024-06-22T08:29:39.777+0000] {processor.py:840} INFO - DAG(s) 'example_sla_dag' retrieved from /home/airflow/.local/lib/python3.12/site-packages/airflow/example_dags/example_sla_dag.py
[2024-06-22T08:29:40.732+0000] {logging_mixin.py:188} INFO - [2024-06-22T08:29:40.730+0000] {dag.py:3096} INFO - Sync 1 DAGs
[2024-06-22T08:29:42.184+0000] {logging_mixin.py:188} INFO - [2024-06-22T08:29:42.183+0000] {dag.py:3954} INFO - Setting next_dagrun for example_sla_dag to 2024-06-22 08:26:00+00:00, run_after=2024-06-22 08:28:00+00:00
[2024-06-22T08:29:42.698+0000] {processor.py:183} INFO - Processing /home/airflow/.local/lib/python3.12/site-packages/airflow/example_dags/example_sla_dag.py took 3.882 seconds
[2024-06-22T08:30:54.665+0000] {processor.py:161} INFO - Started process (PID=1769) to work on /home/airflow/.local/lib/python3.12/site-packages/airflow/example_dags/example_sla_dag.py
[2024-06-22T08:30:54.702+0000] {processor.py:830} INFO - Processing file /home/airflow/.local/lib/python3.12/site-packages/airflow/example_dags/example_sla_dag.py for tasks to queue
[2024-06-22T08:30:54.725+0000] {logging_mixin.py:188} INFO - [2024-06-22T08:30:54.723+0000] {dagbag.py:540} INFO - Filling up the DagBag from /home/airflow/.local/lib/python3.12/site-packages/airflow/example_dags/example_sla_dag.py
[2024-06-22T08:30:55.110+0000] {processor.py:840} INFO - DAG(s) 'example_sla_dag' retrieved from /home/airflow/.local/lib/python3.12/site-packages/airflow/example_dags/example_sla_dag.py
[2024-06-22T08:30:55.762+0000] {logging_mixin.py:188} INFO - [2024-06-22T08:30:55.761+0000] {dag.py:3096} INFO - Sync 1 DAGs
[2024-06-22T08:30:56.815+0000] {logging_mixin.py:188} INFO - [2024-06-22T08:30:56.813+0000] {dag.py:3954} INFO - Setting next_dagrun for example_sla_dag to 2024-06-22 08:28:00+00:00, run_after=2024-06-22 08:30:00+00:00
[2024-06-22T08:30:57.218+0000] {processor.py:183} INFO - Processing /home/airflow/.local/lib/python3.12/site-packages/airflow/example_dags/example_sla_dag.py took 3.031 seconds
[2024-06-22T08:32:05.865+0000] {processor.py:161} INFO - Started process (PID=1817) to work on /home/airflow/.local/lib/python3.12/site-packages/airflow/example_dags/example_sla_dag.py
[2024-06-22T08:32:05.931+0000] {processor.py:830} INFO - Processing file /home/airflow/.local/lib/python3.12/site-packages/airflow/example_dags/example_sla_dag.py for tasks to queue
[2024-06-22T08:32:06.012+0000] {logging_mixin.py:188} INFO - [2024-06-22T08:32:05.968+0000] {dagbag.py:540} INFO - Filling up the DagBag from /home/airflow/.local/lib/python3.12/site-packages/airflow/example_dags/example_sla_dag.py
[2024-06-22T08:32:06.466+0000] {processor.py:840} INFO - DAG(s) 'example_sla_dag' retrieved from /home/airflow/.local/lib/python3.12/site-packages/airflow/example_dags/example_sla_dag.py
[2024-06-22T08:32:07.337+0000] {logging_mixin.py:188} INFO - [2024-06-22T08:32:07.323+0000] {dag.py:3096} INFO - Sync 1 DAGs
[2024-06-22T08:32:08.178+0000] {logging_mixin.py:188} INFO - [2024-06-22T08:32:08.176+0000] {dag.py:3954} INFO - Setting next_dagrun for example_sla_dag to 2024-06-22 08:30:00+00:00, run_after=2024-06-22 08:32:00+00:00
[2024-06-22T08:32:09.260+0000] {processor.py:183} INFO - Processing /home/airflow/.local/lib/python3.12/site-packages/airflow/example_dags/example_sla_dag.py took 3.874 seconds
[2024-06-22T08:33:20.913+0000] {processor.py:161} INFO - Started process (PID=1865) to work on /home/airflow/.local/lib/python3.12/site-packages/airflow/example_dags/example_sla_dag.py
[2024-06-22T08:33:20.954+0000] {processor.py:830} INFO - Processing file /home/airflow/.local/lib/python3.12/site-packages/airflow/example_dags/example_sla_dag.py for tasks to queue
[2024-06-22T08:33:20.970+0000] {logging_mixin.py:188} INFO - [2024-06-22T08:33:20.967+0000] {dagbag.py:540} INFO - Filling up the DagBag from /home/airflow/.local/lib/python3.12/site-packages/airflow/example_dags/example_sla_dag.py
[2024-06-22T08:33:21.489+0000] {processor.py:840} INFO - DAG(s) 'example_sla_dag' retrieved from /home/airflow/.local/lib/python3.12/site-packages/airflow/example_dags/example_sla_dag.py
[2024-06-22T08:33:22.442+0000] {logging_mixin.py:188} INFO - [2024-06-22T08:33:22.441+0000] {dag.py:3096} INFO - Sync 1 DAGs
[2024-06-22T08:33:24.028+0000] {logging_mixin.py:188} INFO - [2024-06-22T08:33:23.980+0000] {dag.py:3954} INFO - Setting next_dagrun for example_sla_dag to 2024-06-22 08:30:00+00:00, run_after=2024-06-22 08:32:00+00:00
[2024-06-22T08:33:24.742+0000] {processor.py:183} INFO - Processing /home/airflow/.local/lib/python3.12/site-packages/airflow/example_dags/example_sla_dag.py took 4.044 seconds
[2024-06-22T08:34:25.622+0000] {processor.py:161} INFO - Started process (PID=1911) to work on /home/airflow/.local/lib/python3.12/site-packages/airflow/example_dags/example_sla_dag.py
[2024-06-22T08:34:25.641+0000] {processor.py:830} INFO - Processing file /home/airflow/.local/lib/python3.12/site-packages/airflow/example_dags/example_sla_dag.py for tasks to queue
[2024-06-22T08:34:25.654+0000] {logging_mixin.py:188} INFO - [2024-06-22T08:34:25.651+0000] {dagbag.py:540} INFO - Filling up the DagBag from /home/airflow/.local/lib/python3.12/site-packages/airflow/example_dags/example_sla_dag.py
[2024-06-22T08:34:25.826+0000] {processor.py:840} INFO - DAG(s) 'example_sla_dag' retrieved from /home/airflow/.local/lib/python3.12/site-packages/airflow/example_dags/example_sla_dag.py
[2024-06-22T08:34:26.637+0000] {logging_mixin.py:188} INFO - [2024-06-22T08:34:26.636+0000] {dag.py:3096} INFO - Sync 1 DAGs
[2024-06-22T08:34:28.648+0000] {logging_mixin.py:188} INFO - [2024-06-22T08:34:28.605+0000] {dag.py:3954} INFO - Setting next_dagrun for example_sla_dag to 2024-06-22 08:32:00+00:00, run_after=2024-06-22 08:34:00+00:00
[2024-06-22T08:34:30.438+0000] {processor.py:183} INFO - Processing /home/airflow/.local/lib/python3.12/site-packages/airflow/example_dags/example_sla_dag.py took 5.034 seconds
[2024-06-22T09:06:56.763+0000] {processor.py:161} INFO - Started process (PID=1965) to work on /home/airflow/.local/lib/python3.12/site-packages/airflow/example_dags/example_sla_dag.py
[2024-06-22T09:06:56.790+0000] {processor.py:830} INFO - Processing file /home/airflow/.local/lib/python3.12/site-packages/airflow/example_dags/example_sla_dag.py for tasks to queue
[2024-06-22T09:06:56.809+0000] {logging_mixin.py:188} INFO - [2024-06-22T09:06:56.804+0000] {dagbag.py:540} INFO - Filling up the DagBag from /home/airflow/.local/lib/python3.12/site-packages/airflow/example_dags/example_sla_dag.py
[2024-06-22T09:06:57.179+0000] {processor.py:840} INFO - DAG(s) 'example_sla_dag' retrieved from /home/airflow/.local/lib/python3.12/site-packages/airflow/example_dags/example_sla_dag.py
[2024-06-22T09:06:57.807+0000] {logging_mixin.py:188} INFO - [2024-06-22T09:06:57.805+0000] {dag.py:3096} INFO - Sync 1 DAGs
[2024-06-22T09:06:58.143+0000] {logging_mixin.py:188} INFO - [2024-06-22T09:06:58.142+0000] {dag.py:3954} INFO - Setting next_dagrun for example_sla_dag to 2024-06-22 09:04:00+00:00, run_after=2024-06-22 09:06:00+00:00
[2024-06-22T09:06:58.518+0000] {processor.py:183} INFO - Processing /home/airflow/.local/lib/python3.12/site-packages/airflow/example_dags/example_sla_dag.py took 1.945 seconds
[2024-06-22T10:42:22.000+0000] {processor.py:161} INFO - Started process (PID=2031) to work on /home/airflow/.local/lib/python3.12/site-packages/airflow/example_dags/example_sla_dag.py
[2024-06-22T10:42:22.020+0000] {processor.py:830} INFO - Processing file /home/airflow/.local/lib/python3.12/site-packages/airflow/example_dags/example_sla_dag.py for tasks to queue
[2024-06-22T10:42:22.066+0000] {logging_mixin.py:188} INFO - [2024-06-22T10:42:22.053+0000] {dagbag.py:540} INFO - Filling up the DagBag from /home/airflow/.local/lib/python3.12/site-packages/airflow/example_dags/example_sla_dag.py
[2024-06-22T10:42:22.339+0000] {processor.py:840} INFO - DAG(s) 'example_sla_dag' retrieved from /home/airflow/.local/lib/python3.12/site-packages/airflow/example_dags/example_sla_dag.py
[2024-06-22T10:42:23.080+0000] {logging_mixin.py:188} INFO - [2024-06-22T10:42:23.078+0000] {dag.py:3096} INFO - Sync 1 DAGs
[2024-06-22T10:42:23.883+0000] {logging_mixin.py:188} INFO - [2024-06-22T10:42:23.882+0000] {dag.py:3954} INFO - Setting next_dagrun for example_sla_dag to 2024-06-22 10:40:00+00:00, run_after=2024-06-22 10:42:00+00:00
[2024-06-22T10:42:24.211+0000] {processor.py:183} INFO - Processing /home/airflow/.local/lib/python3.12/site-packages/airflow/example_dags/example_sla_dag.py took 2.439 seconds
[2024-06-22T11:01:49.593+0000] {processor.py:161} INFO - Started process (PID=2115) to work on /home/airflow/.local/lib/python3.12/site-packages/airflow/example_dags/example_sla_dag.py
[2024-06-22T11:01:49.608+0000] {processor.py:830} INFO - Processing file /home/airflow/.local/lib/python3.12/site-packages/airflow/example_dags/example_sla_dag.py for tasks to queue
[2024-06-22T11:01:49.618+0000] {logging_mixin.py:188} INFO - [2024-06-22T11:01:49.611+0000] {dagbag.py:540} INFO - Filling up the DagBag from /home/airflow/.local/lib/python3.12/site-packages/airflow/example_dags/example_sla_dag.py
[2024-06-22T11:01:49.902+0000] {processor.py:840} INFO - DAG(s) 'example_sla_dag' retrieved from /home/airflow/.local/lib/python3.12/site-packages/airflow/example_dags/example_sla_dag.py
[2024-06-22T11:01:53.158+0000] {logging_mixin.py:188} INFO - [2024-06-22T11:01:53.134+0000] {dag.py:3096} INFO - Sync 1 DAGs
[2024-06-22T11:02:04.048+0000] {logging_mixin.py:188} INFO - [2024-06-22T11:02:03.968+0000] {dag.py:3954} INFO - Setting next_dagrun for example_sla_dag to 2024-06-22 11:00:00+00:00, run_after=2024-06-22 11:02:00+00:00
[2024-06-22T11:02:04.388+0000] {processor.py:183} INFO - Processing /home/airflow/.local/lib/python3.12/site-packages/airflow/example_dags/example_sla_dag.py took 14.870 seconds
[2024-06-22T11:05:09.911+0000] {processor.py:161} INFO - Started process (PID=43) to work on /home/airflow/.local/lib/python3.12/site-packages/airflow/example_dags/example_sla_dag.py
[2024-06-22T11:05:09.922+0000] {processor.py:830} INFO - Processing file /home/airflow/.local/lib/python3.12/site-packages/airflow/example_dags/example_sla_dag.py for tasks to queue
[2024-06-22T11:05:09.967+0000] {logging_mixin.py:188} INFO - [2024-06-22T11:05:09.937+0000] {dagbag.py:540} INFO - Filling up the DagBag from /home/airflow/.local/lib/python3.12/site-packages/airflow/example_dags/example_sla_dag.py
[2024-06-22T11:05:10.149+0000] {processor.py:840} INFO - DAG(s) 'example_sla_dag' retrieved from /home/airflow/.local/lib/python3.12/site-packages/airflow/example_dags/example_sla_dag.py
[2024-06-22T11:05:10.875+0000] {logging_mixin.py:188} INFO - [2024-06-22T11:05:10.874+0000] {dag.py:3096} INFO - Sync 1 DAGs
[2024-06-22T11:05:10.973+0000] {logging_mixin.py:188} INFO - [2024-06-22T11:05:10.973+0000] {dag.py:3954} INFO - Setting next_dagrun for example_sla_dag to 2024-06-22 11:02:00+00:00, run_after=2024-06-22 11:04:00+00:00
[2024-06-22T11:05:11.058+0000] {processor.py:183} INFO - Processing /home/airflow/.local/lib/python3.12/site-packages/airflow/example_dags/example_sla_dag.py took 1.203 seconds
[2024-06-22T11:05:42.137+0000] {processor.py:161} INFO - Started process (PID=103) to work on /home/airflow/.local/lib/python3.12/site-packages/airflow/example_dags/example_sla_dag.py
[2024-06-22T11:05:42.158+0000] {processor.py:830} INFO - Processing file /home/airflow/.local/lib/python3.12/site-packages/airflow/example_dags/example_sla_dag.py for tasks to queue
[2024-06-22T11:05:42.164+0000] {logging_mixin.py:188} INFO - [2024-06-22T11:05:42.163+0000] {dagbag.py:540} INFO - Filling up the DagBag from /home/airflow/.local/lib/python3.12/site-packages/airflow/example_dags/example_sla_dag.py
[2024-06-22T11:05:42.245+0000] {processor.py:840} INFO - DAG(s) 'example_sla_dag' retrieved from /home/airflow/.local/lib/python3.12/site-packages/airflow/example_dags/example_sla_dag.py
[2024-06-22T11:05:42.333+0000] {logging_mixin.py:188} INFO - [2024-06-22T11:05:42.332+0000] {dag.py:3096} INFO - Sync 1 DAGs
[2024-06-22T11:05:42.480+0000] {logging_mixin.py:188} INFO - [2024-06-22T11:05:42.473+0000] {dag.py:3954} INFO - Setting next_dagrun for example_sla_dag to 2024-06-22 11:02:00+00:00, run_after=2024-06-22 11:04:00+00:00
[2024-06-22T11:05:42.622+0000] {processor.py:183} INFO - Processing /home/airflow/.local/lib/python3.12/site-packages/airflow/example_dags/example_sla_dag.py took 0.542 seconds
[2024-06-22T11:06:12.831+0000] {processor.py:161} INFO - Started process (PID=164) to work on /home/airflow/.local/lib/python3.12/site-packages/airflow/example_dags/example_sla_dag.py
[2024-06-22T11:06:12.837+0000] {processor.py:830} INFO - Processing file /home/airflow/.local/lib/python3.12/site-packages/airflow/example_dags/example_sla_dag.py for tasks to queue
[2024-06-22T11:06:12.858+0000] {logging_mixin.py:188} INFO - [2024-06-22T11:06:12.850+0000] {dagbag.py:540} INFO - Filling up the DagBag from /home/airflow/.local/lib/python3.12/site-packages/airflow/example_dags/example_sla_dag.py
[2024-06-22T11:06:12.903+0000] {processor.py:840} INFO - DAG(s) 'example_sla_dag' retrieved from /home/airflow/.local/lib/python3.12/site-packages/airflow/example_dags/example_sla_dag.py
[2024-06-22T11:06:12.952+0000] {logging_mixin.py:188} INFO - [2024-06-22T11:06:12.952+0000] {dag.py:3096} INFO - Sync 1 DAGs
[2024-06-22T11:06:13.009+0000] {logging_mixin.py:188} INFO - [2024-06-22T11:06:13.009+0000] {dag.py:3954} INFO - Setting next_dagrun for example_sla_dag to 2024-06-22 11:04:00+00:00, run_after=2024-06-22 11:06:00+00:00
[2024-06-22T11:06:13.055+0000] {processor.py:183} INFO - Processing /home/airflow/.local/lib/python3.12/site-packages/airflow/example_dags/example_sla_dag.py took 0.283 seconds
[2024-06-22T11:06:43.475+0000] {processor.py:161} INFO - Started process (PID=223) to work on /home/airflow/.local/lib/python3.12/site-packages/airflow/example_dags/example_sla_dag.py
[2024-06-22T11:06:43.484+0000] {processor.py:830} INFO - Processing file /home/airflow/.local/lib/python3.12/site-packages/airflow/example_dags/example_sla_dag.py for tasks to queue
[2024-06-22T11:06:43.510+0000] {logging_mixin.py:188} INFO - [2024-06-22T11:06:43.503+0000] {dagbag.py:540} INFO - Filling up the DagBag from /home/airflow/.local/lib/python3.12/site-packages/airflow/example_dags/example_sla_dag.py
[2024-06-22T11:06:43.532+0000] {processor.py:840} INFO - DAG(s) 'example_sla_dag' retrieved from /home/airflow/.local/lib/python3.12/site-packages/airflow/example_dags/example_sla_dag.py
[2024-06-22T11:06:43.574+0000] {logging_mixin.py:188} INFO - [2024-06-22T11:06:43.574+0000] {dag.py:3096} INFO - Sync 1 DAGs
[2024-06-22T11:06:43.621+0000] {logging_mixin.py:188} INFO - [2024-06-22T11:06:43.621+0000] {dag.py:3954} INFO - Setting next_dagrun for example_sla_dag to 2024-06-22 11:04:00+00:00, run_after=2024-06-22 11:06:00+00:00
[2024-06-22T11:06:43.710+0000] {processor.py:183} INFO - Processing /home/airflow/.local/lib/python3.12/site-packages/airflow/example_dags/example_sla_dag.py took 0.275 seconds
[2024-06-22T11:07:13.899+0000] {processor.py:161} INFO - Started process (PID=280) to work on /home/airflow/.local/lib/python3.12/site-packages/airflow/example_dags/example_sla_dag.py
[2024-06-22T11:07:13.901+0000] {processor.py:830} INFO - Processing file /home/airflow/.local/lib/python3.12/site-packages/airflow/example_dags/example_sla_dag.py for tasks to queue
[2024-06-22T11:07:13.905+0000] {logging_mixin.py:188} INFO - [2024-06-22T11:07:13.905+0000] {dagbag.py:540} INFO - Filling up the DagBag from /home/airflow/.local/lib/python3.12/site-packages/airflow/example_dags/example_sla_dag.py
[2024-06-22T11:07:13.919+0000] {processor.py:840} INFO - DAG(s) 'example_sla_dag' retrieved from /home/airflow/.local/lib/python3.12/site-packages/airflow/example_dags/example_sla_dag.py
[2024-06-22T11:07:13.955+0000] {logging_mixin.py:188} INFO - [2024-06-22T11:07:13.954+0000] {dag.py:3096} INFO - Sync 1 DAGs
[2024-06-22T11:07:14.007+0000] {logging_mixin.py:188} INFO - [2024-06-22T11:07:14.007+0000] {dag.py:3954} INFO - Setting next_dagrun for example_sla_dag to 2024-06-22 11:04:00+00:00, run_after=2024-06-22 11:06:00+00:00
[2024-06-22T11:07:14.047+0000] {processor.py:183} INFO - Processing /home/airflow/.local/lib/python3.12/site-packages/airflow/example_dags/example_sla_dag.py took 0.162 seconds
[2024-06-22T11:07:44.858+0000] {processor.py:161} INFO - Started process (PID=338) to work on /home/airflow/.local/lib/python3.12/site-packages/airflow/example_dags/example_sla_dag.py
[2024-06-22T11:07:44.863+0000] {processor.py:830} INFO - Processing file /home/airflow/.local/lib/python3.12/site-packages/airflow/example_dags/example_sla_dag.py for tasks to queue
[2024-06-22T11:07:44.871+0000] {logging_mixin.py:188} INFO - [2024-06-22T11:07:44.870+0000] {dagbag.py:540} INFO - Filling up the DagBag from /home/airflow/.local/lib/python3.12/site-packages/airflow/example_dags/example_sla_dag.py
[2024-06-22T11:07:44.889+0000] {processor.py:840} INFO - DAG(s) 'example_sla_dag' retrieved from /home/airflow/.local/lib/python3.12/site-packages/airflow/example_dags/example_sla_dag.py
[2024-06-22T11:07:44.931+0000] {logging_mixin.py:188} INFO - [2024-06-22T11:07:44.931+0000] {dag.py:3096} INFO - Sync 1 DAGs
[2024-06-22T11:07:44.978+0000] {logging_mixin.py:188} INFO - [2024-06-22T11:07:44.978+0000] {dag.py:3954} INFO - Setting next_dagrun for example_sla_dag to 2024-06-22 11:04:00+00:00, run_after=2024-06-22 11:06:00+00:00
[2024-06-22T11:07:45.016+0000] {processor.py:183} INFO - Processing /home/airflow/.local/lib/python3.12/site-packages/airflow/example_dags/example_sla_dag.py took 0.181 seconds
[2024-06-22T11:08:15.226+0000] {processor.py:161} INFO - Started process (PID=397) to work on /home/airflow/.local/lib/python3.12/site-packages/airflow/example_dags/example_sla_dag.py
[2024-06-22T11:08:15.229+0000] {processor.py:830} INFO - Processing file /home/airflow/.local/lib/python3.12/site-packages/airflow/example_dags/example_sla_dag.py for tasks to queue
[2024-06-22T11:08:15.233+0000] {logging_mixin.py:188} INFO - [2024-06-22T11:08:15.232+0000] {dagbag.py:540} INFO - Filling up the DagBag from /home/airflow/.local/lib/python3.12/site-packages/airflow/example_dags/example_sla_dag.py
[2024-06-22T11:08:15.247+0000] {processor.py:840} INFO - DAG(s) 'example_sla_dag' retrieved from /home/airflow/.local/lib/python3.12/site-packages/airflow/example_dags/example_sla_dag.py
[2024-06-22T11:08:15.291+0000] {logging_mixin.py:188} INFO - [2024-06-22T11:08:15.291+0000] {dag.py:3096} INFO - Sync 1 DAGs
[2024-06-22T11:08:15.338+0000] {logging_mixin.py:188} INFO - [2024-06-22T11:08:15.338+0000] {dag.py:3954} INFO - Setting next_dagrun for example_sla_dag to 2024-06-22 11:06:00+00:00, run_after=2024-06-22 11:08:00+00:00
[2024-06-22T11:08:15.371+0000] {processor.py:183} INFO - Processing /home/airflow/.local/lib/python3.12/site-packages/airflow/example_dags/example_sla_dag.py took 0.155 seconds
[2024-06-22T11:08:45.708+0000] {processor.py:161} INFO - Started process (PID=454) to work on /home/airflow/.local/lib/python3.12/site-packages/airflow/example_dags/example_sla_dag.py
[2024-06-22T11:08:45.724+0000] {processor.py:830} INFO - Processing file /home/airflow/.local/lib/python3.12/site-packages/airflow/example_dags/example_sla_dag.py for tasks to queue
[2024-06-22T11:08:45.732+0000] {logging_mixin.py:188} INFO - [2024-06-22T11:08:45.729+0000] {dagbag.py:540} INFO - Filling up the DagBag from /home/airflow/.local/lib/python3.12/site-packages/airflow/example_dags/example_sla_dag.py
[2024-06-22T11:08:45.771+0000] {processor.py:840} INFO - DAG(s) 'example_sla_dag' retrieved from /home/airflow/.local/lib/python3.12/site-packages/airflow/example_dags/example_sla_dag.py
[2024-06-22T11:08:45.871+0000] {logging_mixin.py:188} INFO - [2024-06-22T11:08:45.870+0000] {dag.py:3096} INFO - Sync 1 DAGs
[2024-06-22T11:08:45.964+0000] {logging_mixin.py:188} INFO - [2024-06-22T11:08:45.964+0000] {dag.py:3954} INFO - Setting next_dagrun for example_sla_dag to 2024-06-22 11:06:00+00:00, run_after=2024-06-22 11:08:00+00:00
[2024-06-22T11:08:46.003+0000] {processor.py:183} INFO - Processing /home/airflow/.local/lib/python3.12/site-packages/airflow/example_dags/example_sla_dag.py took 0.340 seconds
[2024-06-22T11:09:16.406+0000] {processor.py:161} INFO - Started process (PID=512) to work on /home/airflow/.local/lib/python3.12/site-packages/airflow/example_dags/example_sla_dag.py
[2024-06-22T11:09:16.410+0000] {processor.py:830} INFO - Processing file /home/airflow/.local/lib/python3.12/site-packages/airflow/example_dags/example_sla_dag.py for tasks to queue
[2024-06-22T11:09:16.419+0000] {logging_mixin.py:188} INFO - [2024-06-22T11:09:16.419+0000] {dagbag.py:540} INFO - Filling up the DagBag from /home/airflow/.local/lib/python3.12/site-packages/airflow/example_dags/example_sla_dag.py
[2024-06-22T11:09:16.457+0000] {processor.py:840} INFO - DAG(s) 'example_sla_dag' retrieved from /home/airflow/.local/lib/python3.12/site-packages/airflow/example_dags/example_sla_dag.py
[2024-06-22T11:09:16.544+0000] {logging_mixin.py:188} INFO - [2024-06-22T11:09:16.543+0000] {dag.py:3096} INFO - Sync 1 DAGs
[2024-06-22T11:09:16.643+0000] {logging_mixin.py:188} INFO - [2024-06-22T11:09:16.640+0000] {dag.py:3954} INFO - Setting next_dagrun for example_sla_dag to 2024-06-22 11:06:00+00:00, run_after=2024-06-22 11:08:00+00:00
[2024-06-22T11:09:16.724+0000] {processor.py:183} INFO - Processing /home/airflow/.local/lib/python3.12/site-packages/airflow/example_dags/example_sla_dag.py took 0.337 seconds
[2024-06-22T11:09:47.208+0000] {processor.py:161} INFO - Started process (PID=573) to work on /home/airflow/.local/lib/python3.12/site-packages/airflow/example_dags/example_sla_dag.py
[2024-06-22T11:09:47.211+0000] {processor.py:830} INFO - Processing file /home/airflow/.local/lib/python3.12/site-packages/airflow/example_dags/example_sla_dag.py for tasks to queue
[2024-06-22T11:09:47.223+0000] {logging_mixin.py:188} INFO - [2024-06-22T11:09:47.219+0000] {dagbag.py:540} INFO - Filling up the DagBag from /home/airflow/.local/lib/python3.12/site-packages/airflow/example_dags/example_sla_dag.py
[2024-06-22T11:09:47.255+0000] {processor.py:840} INFO - DAG(s) 'example_sla_dag' retrieved from /home/airflow/.local/lib/python3.12/site-packages/airflow/example_dags/example_sla_dag.py
[2024-06-22T11:09:47.347+0000] {logging_mixin.py:188} INFO - [2024-06-22T11:09:47.346+0000] {dag.py:3096} INFO - Sync 1 DAGs
[2024-06-22T11:09:47.452+0000] {logging_mixin.py:188} INFO - [2024-06-22T11:09:47.439+0000] {dag.py:3954} INFO - Setting next_dagrun for example_sla_dag to 2024-06-22 11:06:00+00:00, run_after=2024-06-22 11:08:00+00:00
[2024-06-22T11:09:47.495+0000] {processor.py:183} INFO - Processing /home/airflow/.local/lib/python3.12/site-packages/airflow/example_dags/example_sla_dag.py took 0.309 seconds
[2024-06-22T11:10:18.136+0000] {processor.py:161} INFO - Started process (PID=632) to work on /home/airflow/.local/lib/python3.12/site-packages/airflow/example_dags/example_sla_dag.py
[2024-06-22T11:10:18.140+0000] {processor.py:830} INFO - Processing file /home/airflow/.local/lib/python3.12/site-packages/airflow/example_dags/example_sla_dag.py for tasks to queue
[2024-06-22T11:10:18.155+0000] {logging_mixin.py:188} INFO - [2024-06-22T11:10:18.151+0000] {dagbag.py:540} INFO - Filling up the DagBag from /home/airflow/.local/lib/python3.12/site-packages/airflow/example_dags/example_sla_dag.py
[2024-06-22T11:10:18.204+0000] {processor.py:840} INFO - DAG(s) 'example_sla_dag' retrieved from /home/airflow/.local/lib/python3.12/site-packages/airflow/example_dags/example_sla_dag.py
[2024-06-22T11:10:18.384+0000] {logging_mixin.py:188} INFO - [2024-06-22T11:10:18.384+0000] {dag.py:3096} INFO - Sync 1 DAGs
[2024-06-22T11:10:18.569+0000] {logging_mixin.py:188} INFO - [2024-06-22T11:10:18.564+0000] {dag.py:3954} INFO - Setting next_dagrun for example_sla_dag to 2024-06-22 11:08:00+00:00, run_after=2024-06-22 11:10:00+00:00
[2024-06-22T11:10:19.910+0000] {processor.py:183} INFO - Processing /home/airflow/.local/lib/python3.12/site-packages/airflow/example_dags/example_sla_dag.py took 1.788 seconds
[2024-06-22T11:10:50.742+0000] {processor.py:161} INFO - Started process (PID=690) to work on /home/airflow/.local/lib/python3.12/site-packages/airflow/example_dags/example_sla_dag.py
[2024-06-22T11:10:50.753+0000] {processor.py:830} INFO - Processing file /home/airflow/.local/lib/python3.12/site-packages/airflow/example_dags/example_sla_dag.py for tasks to queue
[2024-06-22T11:10:50.771+0000] {logging_mixin.py:188} INFO - [2024-06-22T11:10:50.770+0000] {dagbag.py:540} INFO - Filling up the DagBag from /home/airflow/.local/lib/python3.12/site-packages/airflow/example_dags/example_sla_dag.py
[2024-06-22T11:10:50.910+0000] {processor.py:840} INFO - DAG(s) 'example_sla_dag' retrieved from /home/airflow/.local/lib/python3.12/site-packages/airflow/example_dags/example_sla_dag.py
[2024-06-22T11:10:51.079+0000] {logging_mixin.py:188} INFO - [2024-06-22T11:10:51.075+0000] {dag.py:3096} INFO - Sync 1 DAGs
[2024-06-22T11:10:51.166+0000] {logging_mixin.py:188} INFO - [2024-06-22T11:10:51.166+0000] {dag.py:3954} INFO - Setting next_dagrun for example_sla_dag to 2024-06-22 11:08:00+00:00, run_after=2024-06-22 11:10:00+00:00
[2024-06-22T11:10:51.277+0000] {processor.py:183} INFO - Processing /home/airflow/.local/lib/python3.12/site-packages/airflow/example_dags/example_sla_dag.py took 0.610 seconds
[2024-06-22T11:11:24.421+0000] {processor.py:161} INFO - Started process (PID=748) to work on /home/airflow/.local/lib/python3.12/site-packages/airflow/example_dags/example_sla_dag.py
[2024-06-22T11:11:24.429+0000] {processor.py:830} INFO - Processing file /home/airflow/.local/lib/python3.12/site-packages/airflow/example_dags/example_sla_dag.py for tasks to queue
[2024-06-22T11:11:24.443+0000] {logging_mixin.py:188} INFO - [2024-06-22T11:11:24.442+0000] {dagbag.py:540} INFO - Filling up the DagBag from /home/airflow/.local/lib/python3.12/site-packages/airflow/example_dags/example_sla_dag.py
[2024-06-22T11:11:24.510+0000] {processor.py:840} INFO - DAG(s) 'example_sla_dag' retrieved from /home/airflow/.local/lib/python3.12/site-packages/airflow/example_dags/example_sla_dag.py
[2024-06-22T11:11:24.622+0000] {logging_mixin.py:188} INFO - [2024-06-22T11:11:24.619+0000] {dag.py:3096} INFO - Sync 1 DAGs
[2024-06-22T11:11:24.722+0000] {logging_mixin.py:188} INFO - [2024-06-22T11:11:24.721+0000] {dag.py:3954} INFO - Setting next_dagrun for example_sla_dag to 2024-06-22 11:08:00+00:00, run_after=2024-06-22 11:10:00+00:00
[2024-06-22T11:11:24.806+0000] {processor.py:183} INFO - Processing /home/airflow/.local/lib/python3.12/site-packages/airflow/example_dags/example_sla_dag.py took 0.431 seconds
[2024-06-22T11:12:03.265+0000] {processor.py:161} INFO - Started process (PID=795) to work on /home/airflow/.local/lib/python3.12/site-packages/airflow/example_dags/example_sla_dag.py
[2024-06-22T11:12:03.272+0000] {processor.py:830} INFO - Processing file /home/airflow/.local/lib/python3.12/site-packages/airflow/example_dags/example_sla_dag.py for tasks to queue
[2024-06-22T11:12:03.297+0000] {logging_mixin.py:188} INFO - [2024-06-22T11:12:03.295+0000] {dagbag.py:540} INFO - Filling up the DagBag from /home/airflow/.local/lib/python3.12/site-packages/airflow/example_dags/example_sla_dag.py
[2024-06-22T11:12:03.355+0000] {processor.py:840} INFO - DAG(s) 'example_sla_dag' retrieved from /home/airflow/.local/lib/python3.12/site-packages/airflow/example_dags/example_sla_dag.py
[2024-06-22T11:12:03.511+0000] {logging_mixin.py:188} INFO - [2024-06-22T11:12:03.510+0000] {dag.py:3096} INFO - Sync 1 DAGs
[2024-06-22T11:12:04.315+0000] {logging_mixin.py:188} INFO - [2024-06-22T11:12:04.310+0000] {dag.py:3954} INFO - Setting next_dagrun for example_sla_dag to 2024-06-22 11:10:00+00:00, run_after=2024-06-22 11:12:00+00:00
[2024-06-22T11:12:04.407+0000] {processor.py:183} INFO - Processing /home/airflow/.local/lib/python3.12/site-packages/airflow/example_dags/example_sla_dag.py took 1.178 seconds
[2024-06-22T11:12:37.277+0000] {processor.py:161} INFO - Started process (PID=850) to work on /home/airflow/.local/lib/python3.12/site-packages/airflow/example_dags/example_sla_dag.py
[2024-06-22T11:12:37.296+0000] {processor.py:830} INFO - Processing file /home/airflow/.local/lib/python3.12/site-packages/airflow/example_dags/example_sla_dag.py for tasks to queue
[2024-06-22T11:12:37.311+0000] {logging_mixin.py:188} INFO - [2024-06-22T11:12:37.310+0000] {dagbag.py:540} INFO - Filling up the DagBag from /home/airflow/.local/lib/python3.12/site-packages/airflow/example_dags/example_sla_dag.py
[2024-06-22T11:12:37.404+0000] {processor.py:840} INFO - DAG(s) 'example_sla_dag' retrieved from /home/airflow/.local/lib/python3.12/site-packages/airflow/example_dags/example_sla_dag.py
[2024-06-22T11:12:37.552+0000] {logging_mixin.py:188} INFO - [2024-06-22T11:12:37.552+0000] {dag.py:3096} INFO - Sync 1 DAGs
[2024-06-22T11:12:37.728+0000] {logging_mixin.py:188} INFO - [2024-06-22T11:12:37.727+0000] {dag.py:3954} INFO - Setting next_dagrun for example_sla_dag to 2024-06-22 11:10:00+00:00, run_after=2024-06-22 11:12:00+00:00
[2024-06-22T11:12:37.880+0000] {processor.py:183} INFO - Processing /home/airflow/.local/lib/python3.12/site-packages/airflow/example_dags/example_sla_dag.py took 0.639 seconds
[2024-06-22T11:13:09.157+0000] {processor.py:161} INFO - Started process (PID=908) to work on /home/airflow/.local/lib/python3.12/site-packages/airflow/example_dags/example_sla_dag.py
[2024-06-22T11:13:09.161+0000] {processor.py:830} INFO - Processing file /home/airflow/.local/lib/python3.12/site-packages/airflow/example_dags/example_sla_dag.py for tasks to queue
[2024-06-22T11:13:09.169+0000] {logging_mixin.py:188} INFO - [2024-06-22T11:13:09.169+0000] {dagbag.py:540} INFO - Filling up the DagBag from /home/airflow/.local/lib/python3.12/site-packages/airflow/example_dags/example_sla_dag.py
[2024-06-22T11:13:09.207+0000] {processor.py:840} INFO - DAG(s) 'example_sla_dag' retrieved from /home/airflow/.local/lib/python3.12/site-packages/airflow/example_dags/example_sla_dag.py
[2024-06-22T11:13:09.294+0000] {logging_mixin.py:188} INFO - [2024-06-22T11:13:09.293+0000] {dag.py:3096} INFO - Sync 1 DAGs
[2024-06-22T11:13:09.467+0000] {logging_mixin.py:188} INFO - [2024-06-22T11:13:09.467+0000] {dag.py:3954} INFO - Setting next_dagrun for example_sla_dag to 2024-06-22 11:10:00+00:00, run_after=2024-06-22 11:12:00+00:00
[2024-06-22T11:13:09.595+0000] {processor.py:183} INFO - Processing /home/airflow/.local/lib/python3.12/site-packages/airflow/example_dags/example_sla_dag.py took 0.476 seconds
[2024-06-22T11:13:49.026+0000] {processor.py:161} INFO - Started process (PID=970) to work on /home/airflow/.local/lib/python3.12/site-packages/airflow/example_dags/example_sla_dag.py
[2024-06-22T11:13:49.063+0000] {processor.py:830} INFO - Processing file /home/airflow/.local/lib/python3.12/site-packages/airflow/example_dags/example_sla_dag.py for tasks to queue
[2024-06-22T11:13:49.074+0000] {logging_mixin.py:188} INFO - [2024-06-22T11:13:49.073+0000] {dagbag.py:540} INFO - Filling up the DagBag from /home/airflow/.local/lib/python3.12/site-packages/airflow/example_dags/example_sla_dag.py
[2024-06-22T11:13:49.164+0000] {processor.py:840} INFO - DAG(s) 'example_sla_dag' retrieved from /home/airflow/.local/lib/python3.12/site-packages/airflow/example_dags/example_sla_dag.py
[2024-06-22T11:13:50.754+0000] {logging_mixin.py:188} INFO - [2024-06-22T11:13:50.753+0000] {dag.py:3096} INFO - Sync 1 DAGs
[2024-06-22T11:13:50.911+0000] {logging_mixin.py:188} INFO - [2024-06-22T11:13:50.911+0000] {dag.py:3954} INFO - Setting next_dagrun for example_sla_dag to 2024-06-22 11:10:00+00:00, run_after=2024-06-22 11:12:00+00:00
[2024-06-22T11:13:51.105+0000] {processor.py:183} INFO - Processing /home/airflow/.local/lib/python3.12/site-packages/airflow/example_dags/example_sla_dag.py took 2.147 seconds
[2024-06-22T11:14:21.629+0000] {processor.py:161} INFO - Started process (PID=1028) to work on /home/airflow/.local/lib/python3.12/site-packages/airflow/example_dags/example_sla_dag.py
[2024-06-22T11:14:21.637+0000] {processor.py:830} INFO - Processing file /home/airflow/.local/lib/python3.12/site-packages/airflow/example_dags/example_sla_dag.py for tasks to queue
[2024-06-22T11:14:21.655+0000] {logging_mixin.py:188} INFO - [2024-06-22T11:14:21.651+0000] {dagbag.py:540} INFO - Filling up the DagBag from /home/airflow/.local/lib/python3.12/site-packages/airflow/example_dags/example_sla_dag.py
[2024-06-22T11:14:21.726+0000] {processor.py:840} INFO - DAG(s) 'example_sla_dag' retrieved from /home/airflow/.local/lib/python3.12/site-packages/airflow/example_dags/example_sla_dag.py
[2024-06-22T11:14:21.874+0000] {logging_mixin.py:188} INFO - [2024-06-22T11:14:21.873+0000] {dag.py:3096} INFO - Sync 1 DAGs
[2024-06-22T11:14:22.146+0000] {logging_mixin.py:188} INFO - [2024-06-22T11:14:22.145+0000] {dag.py:3954} INFO - Setting next_dagrun for example_sla_dag to 2024-06-22 11:12:00+00:00, run_after=2024-06-22 11:14:00+00:00
[2024-06-22T11:14:22.309+0000] {processor.py:183} INFO - Processing /home/airflow/.local/lib/python3.12/site-packages/airflow/example_dags/example_sla_dag.py took 0.724 seconds
[2024-06-22T11:14:55.124+0000] {processor.py:161} INFO - Started process (PID=1087) to work on /home/airflow/.local/lib/python3.12/site-packages/airflow/example_dags/example_sla_dag.py
[2024-06-22T11:14:55.135+0000] {processor.py:830} INFO - Processing file /home/airflow/.local/lib/python3.12/site-packages/airflow/example_dags/example_sla_dag.py for tasks to queue
[2024-06-22T11:14:55.144+0000] {logging_mixin.py:188} INFO - [2024-06-22T11:14:55.143+0000] {dagbag.py:540} INFO - Filling up the DagBag from /home/airflow/.local/lib/python3.12/site-packages/airflow/example_dags/example_sla_dag.py
[2024-06-22T11:14:55.188+0000] {processor.py:840} INFO - DAG(s) 'example_sla_dag' retrieved from /home/airflow/.local/lib/python3.12/site-packages/airflow/example_dags/example_sla_dag.py
[2024-06-22T11:14:55.315+0000] {logging_mixin.py:188} INFO - [2024-06-22T11:14:55.315+0000] {dag.py:3096} INFO - Sync 1 DAGs
[2024-06-22T11:14:55.435+0000] {logging_mixin.py:188} INFO - [2024-06-22T11:14:55.434+0000] {dag.py:3954} INFO - Setting next_dagrun for example_sla_dag to 2024-06-22 11:12:00+00:00, run_after=2024-06-22 11:14:00+00:00
[2024-06-22T11:14:55.544+0000] {processor.py:183} INFO - Processing /home/airflow/.local/lib/python3.12/site-packages/airflow/example_dags/example_sla_dag.py took 0.455 seconds
[2024-06-22T11:15:28.497+0000] {processor.py:161} INFO - Started process (PID=1145) to work on /home/airflow/.local/lib/python3.12/site-packages/airflow/example_dags/example_sla_dag.py
[2024-06-22T11:15:28.503+0000] {processor.py:830} INFO - Processing file /home/airflow/.local/lib/python3.12/site-packages/airflow/example_dags/example_sla_dag.py for tasks to queue
[2024-06-22T11:15:28.528+0000] {logging_mixin.py:188} INFO - [2024-06-22T11:15:28.527+0000] {dagbag.py:540} INFO - Filling up the DagBag from /home/airflow/.local/lib/python3.12/site-packages/airflow/example_dags/example_sla_dag.py
[2024-06-22T11:15:28.579+0000] {processor.py:840} INFO - DAG(s) 'example_sla_dag' retrieved from /home/airflow/.local/lib/python3.12/site-packages/airflow/example_dags/example_sla_dag.py
[2024-06-22T11:15:28.647+0000] {logging_mixin.py:188} INFO - [2024-06-22T11:15:28.646+0000] {dag.py:3096} INFO - Sync 1 DAGs
[2024-06-22T11:15:28.736+0000] {logging_mixin.py:188} INFO - [2024-06-22T11:15:28.735+0000] {dag.py:3954} INFO - Setting next_dagrun for example_sla_dag to 2024-06-22 11:12:00+00:00, run_after=2024-06-22 11:14:00+00:00
[2024-06-22T11:15:28.838+0000] {processor.py:183} INFO - Processing /home/airflow/.local/lib/python3.12/site-packages/airflow/example_dags/example_sla_dag.py took 0.380 seconds
[2024-06-22T11:15:59.424+0000] {processor.py:161} INFO - Started process (PID=1202) to work on /home/airflow/.local/lib/python3.12/site-packages/airflow/example_dags/example_sla_dag.py
[2024-06-22T11:15:59.436+0000] {processor.py:830} INFO - Processing file /home/airflow/.local/lib/python3.12/site-packages/airflow/example_dags/example_sla_dag.py for tasks to queue
[2024-06-22T11:15:59.440+0000] {logging_mixin.py:188} INFO - [2024-06-22T11:15:59.439+0000] {dagbag.py:540} INFO - Filling up the DagBag from /home/airflow/.local/lib/python3.12/site-packages/airflow/example_dags/example_sla_dag.py
[2024-06-22T11:15:59.456+0000] {processor.py:840} INFO - DAG(s) 'example_sla_dag' retrieved from /home/airflow/.local/lib/python3.12/site-packages/airflow/example_dags/example_sla_dag.py
[2024-06-22T11:15:59.504+0000] {logging_mixin.py:188} INFO - [2024-06-22T11:15:59.503+0000] {dag.py:3096} INFO - Sync 1 DAGs
[2024-06-22T11:15:59.586+0000] {logging_mixin.py:188} INFO - [2024-06-22T11:15:59.585+0000] {dag.py:3954} INFO - Setting next_dagrun for example_sla_dag to 2024-06-22 11:12:00+00:00, run_after=2024-06-22 11:14:00+00:00
[2024-06-22T11:16:00.353+0000] {processor.py:183} INFO - Processing /home/airflow/.local/lib/python3.12/site-packages/airflow/example_dags/example_sla_dag.py took 0.959 seconds
[2024-06-22T11:16:39.071+0000] {processor.py:161} INFO - Started process (PID=1260) to work on /home/airflow/.local/lib/python3.12/site-packages/airflow/example_dags/example_sla_dag.py
[2024-06-22T11:16:39.083+0000] {processor.py:830} INFO - Processing file /home/airflow/.local/lib/python3.12/site-packages/airflow/example_dags/example_sla_dag.py for tasks to queue
[2024-06-22T11:16:39.103+0000] {logging_mixin.py:188} INFO - [2024-06-22T11:16:39.099+0000] {dagbag.py:540} INFO - Filling up the DagBag from /home/airflow/.local/lib/python3.12/site-packages/airflow/example_dags/example_sla_dag.py
[2024-06-22T11:16:39.198+0000] {processor.py:840} INFO - DAG(s) 'example_sla_dag' retrieved from /home/airflow/.local/lib/python3.12/site-packages/airflow/example_dags/example_sla_dag.py
[2024-06-22T11:16:39.331+0000] {logging_mixin.py:188} INFO - [2024-06-22T11:16:39.330+0000] {dag.py:3096} INFO - Sync 1 DAGs
[2024-06-22T11:16:39.438+0000] {logging_mixin.py:188} INFO - [2024-06-22T11:16:39.437+0000] {dag.py:3954} INFO - Setting next_dagrun for example_sla_dag to 2024-06-22 11:14:00+00:00, run_after=2024-06-22 11:16:00+00:00
[2024-06-22T11:16:39.485+0000] {processor.py:183} INFO - Processing /home/airflow/.local/lib/python3.12/site-packages/airflow/example_dags/example_sla_dag.py took 0.474 seconds
[2024-06-22T11:17:11.446+0000] {processor.py:161} INFO - Started process (PID=1320) to work on /home/airflow/.local/lib/python3.12/site-packages/airflow/example_dags/example_sla_dag.py
[2024-06-22T11:17:11.476+0000] {processor.py:830} INFO - Processing file /home/airflow/.local/lib/python3.12/site-packages/airflow/example_dags/example_sla_dag.py for tasks to queue
[2024-06-22T11:17:11.546+0000] {logging_mixin.py:188} INFO - [2024-06-22T11:17:11.536+0000] {dagbag.py:540} INFO - Filling up the DagBag from /home/airflow/.local/lib/python3.12/site-packages/airflow/example_dags/example_sla_dag.py
[2024-06-22T11:17:11.753+0000] {processor.py:840} INFO - DAG(s) 'example_sla_dag' retrieved from /home/airflow/.local/lib/python3.12/site-packages/airflow/example_dags/example_sla_dag.py
[2024-06-22T11:17:12.049+0000] {logging_mixin.py:188} INFO - [2024-06-22T11:17:12.048+0000] {dag.py:3096} INFO - Sync 1 DAGs
[2024-06-22T11:17:12.225+0000] {logging_mixin.py:188} INFO - [2024-06-22T11:17:12.225+0000] {dag.py:3954} INFO - Setting next_dagrun for example_sla_dag to 2024-06-22 11:14:00+00:00, run_after=2024-06-22 11:16:00+00:00
[2024-06-22T11:17:12.834+0000] {processor.py:183} INFO - Processing /home/airflow/.local/lib/python3.12/site-packages/airflow/example_dags/example_sla_dag.py took 1.478 seconds
[2024-06-22T11:17:44.854+0000] {processor.py:161} INFO - Started process (PID=1379) to work on /home/airflow/.local/lib/python3.12/site-packages/airflow/example_dags/example_sla_dag.py
[2024-06-22T11:17:44.863+0000] {processor.py:830} INFO - Processing file /home/airflow/.local/lib/python3.12/site-packages/airflow/example_dags/example_sla_dag.py for tasks to queue
[2024-06-22T11:17:44.885+0000] {logging_mixin.py:188} INFO - [2024-06-22T11:17:44.884+0000] {dagbag.py:540} INFO - Filling up the DagBag from /home/airflow/.local/lib/python3.12/site-packages/airflow/example_dags/example_sla_dag.py
[2024-06-22T11:17:44.902+0000] {processor.py:840} INFO - DAG(s) 'example_sla_dag' retrieved from /home/airflow/.local/lib/python3.12/site-packages/airflow/example_dags/example_sla_dag.py
[2024-06-22T11:17:44.959+0000] {logging_mixin.py:188} INFO - [2024-06-22T11:17:44.958+0000] {dag.py:3096} INFO - Sync 1 DAGs
[2024-06-22T11:17:45.017+0000] {logging_mixin.py:188} INFO - [2024-06-22T11:17:45.016+0000] {dag.py:3954} INFO - Setting next_dagrun for example_sla_dag to 2024-06-22 11:14:00+00:00, run_after=2024-06-22 11:16:00+00:00
[2024-06-22T11:17:45.451+0000] {processor.py:183} INFO - Processing /home/airflow/.local/lib/python3.12/site-packages/airflow/example_dags/example_sla_dag.py took 0.611 seconds
[2024-06-22T11:18:16.288+0000] {processor.py:161} INFO - Started process (PID=1436) to work on /home/airflow/.local/lib/python3.12/site-packages/airflow/example_dags/example_sla_dag.py
[2024-06-22T11:18:16.307+0000] {processor.py:830} INFO - Processing file /home/airflow/.local/lib/python3.12/site-packages/airflow/example_dags/example_sla_dag.py for tasks to queue
[2024-06-22T11:18:16.342+0000] {logging_mixin.py:188} INFO - [2024-06-22T11:18:16.331+0000] {dagbag.py:540} INFO - Filling up the DagBag from /home/airflow/.local/lib/python3.12/site-packages/airflow/example_dags/example_sla_dag.py
[2024-06-22T11:18:16.455+0000] {processor.py:840} INFO - DAG(s) 'example_sla_dag' retrieved from /home/airflow/.local/lib/python3.12/site-packages/airflow/example_dags/example_sla_dag.py
[2024-06-22T11:18:16.631+0000] {logging_mixin.py:188} INFO - [2024-06-22T11:18:16.631+0000] {dag.py:3096} INFO - Sync 1 DAGs
[2024-06-22T11:18:16.926+0000] {logging_mixin.py:188} INFO - [2024-06-22T11:18:16.925+0000] {dag.py:3954} INFO - Setting next_dagrun for example_sla_dag to 2024-06-22 11:16:00+00:00, run_after=2024-06-22 11:18:00+00:00
[2024-06-22T11:18:17.112+0000] {processor.py:183} INFO - Processing /home/airflow/.local/lib/python3.12/site-packages/airflow/example_dags/example_sla_dag.py took 0.921 seconds
[2024-06-22T11:18:48.419+0000] {processor.py:161} INFO - Started process (PID=1494) to work on /home/airflow/.local/lib/python3.12/site-packages/airflow/example_dags/example_sla_dag.py
[2024-06-22T11:18:48.446+0000] {processor.py:830} INFO - Processing file /home/airflow/.local/lib/python3.12/site-packages/airflow/example_dags/example_sla_dag.py for tasks to queue
[2024-06-22T11:18:48.480+0000] {logging_mixin.py:188} INFO - [2024-06-22T11:18:48.480+0000] {dagbag.py:540} INFO - Filling up the DagBag from /home/airflow/.local/lib/python3.12/site-packages/airflow/example_dags/example_sla_dag.py
[2024-06-22T11:18:48.568+0000] {processor.py:840} INFO - DAG(s) 'example_sla_dag' retrieved from /home/airflow/.local/lib/python3.12/site-packages/airflow/example_dags/example_sla_dag.py
[2024-06-22T11:18:48.752+0000] {logging_mixin.py:188} INFO - [2024-06-22T11:18:48.742+0000] {dag.py:3096} INFO - Sync 1 DAGs
[2024-06-22T11:18:48.983+0000] {logging_mixin.py:188} INFO - [2024-06-22T11:18:48.973+0000] {dag.py:3954} INFO - Setting next_dagrun for example_sla_dag to 2024-06-22 11:16:00+00:00, run_after=2024-06-22 11:18:00+00:00
[2024-06-22T11:18:49.135+0000] {processor.py:183} INFO - Processing /home/airflow/.local/lib/python3.12/site-packages/airflow/example_dags/example_sla_dag.py took 0.810 seconds
[2024-06-22T11:19:22.104+0000] {processor.py:161} INFO - Started process (PID=1543) to work on /home/airflow/.local/lib/python3.12/site-packages/airflow/example_dags/example_sla_dag.py
[2024-06-22T11:19:22.119+0000] {processor.py:830} INFO - Processing file /home/airflow/.local/lib/python3.12/site-packages/airflow/example_dags/example_sla_dag.py for tasks to queue
[2024-06-22T11:19:22.171+0000] {logging_mixin.py:188} INFO - [2024-06-22T11:19:22.169+0000] {dagbag.py:540} INFO - Filling up the DagBag from /home/airflow/.local/lib/python3.12/site-packages/airflow/example_dags/example_sla_dag.py
[2024-06-22T11:19:22.423+0000] {processor.py:840} INFO - DAG(s) 'example_sla_dag' retrieved from /home/airflow/.local/lib/python3.12/site-packages/airflow/example_dags/example_sla_dag.py
[2024-06-22T11:19:22.566+0000] {logging_mixin.py:188} INFO - [2024-06-22T11:19:22.565+0000] {dag.py:3096} INFO - Sync 1 DAGs
[2024-06-22T11:19:22.909+0000] {logging_mixin.py:188} INFO - [2024-06-22T11:19:22.908+0000] {dag.py:3954} INFO - Setting next_dagrun for example_sla_dag to 2024-06-22 11:16:00+00:00, run_after=2024-06-22 11:18:00+00:00
[2024-06-22T11:19:23.218+0000] {processor.py:183} INFO - Processing /home/airflow/.local/lib/python3.12/site-packages/airflow/example_dags/example_sla_dag.py took 1.215 seconds
[2024-06-22T11:19:58.828+0000] {processor.py:161} INFO - Started process (PID=1604) to work on /home/airflow/.local/lib/python3.12/site-packages/airflow/example_dags/example_sla_dag.py
[2024-06-22T11:19:58.839+0000] {processor.py:830} INFO - Processing file /home/airflow/.local/lib/python3.12/site-packages/airflow/example_dags/example_sla_dag.py for tasks to queue
[2024-06-22T11:19:58.856+0000] {logging_mixin.py:188} INFO - [2024-06-22T11:19:58.855+0000] {dagbag.py:540} INFO - Filling up the DagBag from /home/airflow/.local/lib/python3.12/site-packages/airflow/example_dags/example_sla_dag.py
[2024-06-22T11:19:58.954+0000] {processor.py:840} INFO - DAG(s) 'example_sla_dag' retrieved from /home/airflow/.local/lib/python3.12/site-packages/airflow/example_dags/example_sla_dag.py
[2024-06-22T11:19:59.036+0000] {logging_mixin.py:188} INFO - [2024-06-22T11:19:59.035+0000] {dag.py:3096} INFO - Sync 1 DAGs
[2024-06-22T11:19:59.226+0000] {logging_mixin.py:188} INFO - [2024-06-22T11:19:59.225+0000] {dag.py:3954} INFO - Setting next_dagrun for example_sla_dag to 2024-06-22 11:16:00+00:00, run_after=2024-06-22 11:18:00+00:00
[2024-06-22T11:19:59.376+0000] {processor.py:183} INFO - Processing /home/airflow/.local/lib/python3.12/site-packages/airflow/example_dags/example_sla_dag.py took 0.580 seconds
[2024-06-22T11:20:29.547+0000] {processor.py:161} INFO - Started process (PID=1661) to work on /home/airflow/.local/lib/python3.12/site-packages/airflow/example_dags/example_sla_dag.py
[2024-06-22T11:20:29.555+0000] {processor.py:830} INFO - Processing file /home/airflow/.local/lib/python3.12/site-packages/airflow/example_dags/example_sla_dag.py for tasks to queue
[2024-06-22T11:20:29.567+0000] {logging_mixin.py:188} INFO - [2024-06-22T11:20:29.567+0000] {dagbag.py:540} INFO - Filling up the DagBag from /home/airflow/.local/lib/python3.12/site-packages/airflow/example_dags/example_sla_dag.py
[2024-06-22T11:20:29.628+0000] {processor.py:840} INFO - DAG(s) 'example_sla_dag' retrieved from /home/airflow/.local/lib/python3.12/site-packages/airflow/example_dags/example_sla_dag.py
[2024-06-22T11:20:29.685+0000] {logging_mixin.py:188} INFO - [2024-06-22T11:20:29.685+0000] {dag.py:3096} INFO - Sync 1 DAGs
[2024-06-22T11:20:29.773+0000] {logging_mixin.py:188} INFO - [2024-06-22T11:20:29.773+0000] {dag.py:3954} INFO - Setting next_dagrun for example_sla_dag to 2024-06-22 11:18:00+00:00, run_after=2024-06-22 11:20:00+00:00
[2024-06-22T11:20:29.846+0000] {processor.py:183} INFO - Processing /home/airflow/.local/lib/python3.12/site-packages/airflow/example_dags/example_sla_dag.py took 0.334 seconds
[2024-06-22T11:21:00.308+0000] {processor.py:161} INFO - Started process (PID=1719) to work on /home/airflow/.local/lib/python3.12/site-packages/airflow/example_dags/example_sla_dag.py
[2024-06-22T11:21:00.311+0000] {processor.py:830} INFO - Processing file /home/airflow/.local/lib/python3.12/site-packages/airflow/example_dags/example_sla_dag.py for tasks to queue
[2024-06-22T11:21:00.330+0000] {logging_mixin.py:188} INFO - [2024-06-22T11:21:00.330+0000] {dagbag.py:540} INFO - Filling up the DagBag from /home/airflow/.local/lib/python3.12/site-packages/airflow/example_dags/example_sla_dag.py
[2024-06-22T11:21:00.460+0000] {processor.py:840} INFO - DAG(s) 'example_sla_dag' retrieved from /home/airflow/.local/lib/python3.12/site-packages/airflow/example_dags/example_sla_dag.py
[2024-06-22T11:21:00.591+0000] {logging_mixin.py:188} INFO - [2024-06-22T11:21:00.590+0000] {dag.py:3096} INFO - Sync 1 DAGs
[2024-06-22T11:21:00.755+0000] {logging_mixin.py:188} INFO - [2024-06-22T11:21:00.750+0000] {dag.py:3954} INFO - Setting next_dagrun for example_sla_dag to 2024-06-22 11:18:00+00:00, run_after=2024-06-22 11:20:00+00:00
[2024-06-22T11:21:00.880+0000] {processor.py:183} INFO - Processing /home/airflow/.local/lib/python3.12/site-packages/airflow/example_dags/example_sla_dag.py took 0.598 seconds
[2024-06-22T11:21:54.490+0000] {processor.py:161} INFO - Started process (PID=1737) to work on /home/airflow/.local/lib/python3.12/site-packages/airflow/example_dags/example_sla_dag.py
[2024-06-22T11:21:54.495+0000] {processor.py:830} INFO - Processing file /home/airflow/.local/lib/python3.12/site-packages/airflow/example_dags/example_sla_dag.py for tasks to queue
[2024-06-22T11:21:54.500+0000] {logging_mixin.py:188} INFO - [2024-06-22T11:21:54.500+0000] {dagbag.py:540} INFO - Filling up the DagBag from /home/airflow/.local/lib/python3.12/site-packages/airflow/example_dags/example_sla_dag.py
[2024-06-22T11:21:54.537+0000] {processor.py:840} INFO - DAG(s) 'example_sla_dag' retrieved from /home/airflow/.local/lib/python3.12/site-packages/airflow/example_dags/example_sla_dag.py
[2024-06-22T11:21:54.626+0000] {logging_mixin.py:188} INFO - [2024-06-22T11:21:54.623+0000] {dag.py:3096} INFO - Sync 1 DAGs
[2024-06-22T11:21:54.690+0000] {logging_mixin.py:188} INFO - [2024-06-22T11:21:54.689+0000] {dag.py:3954} INFO - Setting next_dagrun for example_sla_dag to 2024-06-22 11:18:00+00:00, run_after=2024-06-22 11:20:00+00:00
[2024-06-22T11:21:54.790+0000] {processor.py:183} INFO - Processing /home/airflow/.local/lib/python3.12/site-packages/airflow/example_dags/example_sla_dag.py took 0.338 seconds
[2024-06-22T11:22:27.060+0000] {processor.py:161} INFO - Started process (PID=1796) to work on /home/airflow/.local/lib/python3.12/site-packages/airflow/example_dags/example_sla_dag.py
[2024-06-22T11:22:27.065+0000] {processor.py:830} INFO - Processing file /home/airflow/.local/lib/python3.12/site-packages/airflow/example_dags/example_sla_dag.py for tasks to queue
[2024-06-22T11:22:27.081+0000] {logging_mixin.py:188} INFO - [2024-06-22T11:22:27.078+0000] {dagbag.py:540} INFO - Filling up the DagBag from /home/airflow/.local/lib/python3.12/site-packages/airflow/example_dags/example_sla_dag.py
[2024-06-22T11:22:27.140+0000] {processor.py:840} INFO - DAG(s) 'example_sla_dag' retrieved from /home/airflow/.local/lib/python3.12/site-packages/airflow/example_dags/example_sla_dag.py
[2024-06-22T11:22:27.234+0000] {logging_mixin.py:188} INFO - [2024-06-22T11:22:27.234+0000] {dag.py:3096} INFO - Sync 1 DAGs
[2024-06-22T11:22:27.347+0000] {logging_mixin.py:188} INFO - [2024-06-22T11:22:27.347+0000] {dag.py:3954} INFO - Setting next_dagrun for example_sla_dag to 2024-06-22 11:20:00+00:00, run_after=2024-06-22 11:22:00+00:00
[2024-06-22T11:22:27.449+0000] {processor.py:183} INFO - Processing /home/airflow/.local/lib/python3.12/site-packages/airflow/example_dags/example_sla_dag.py took 0.420 seconds
[2024-06-22T11:22:58.263+0000] {processor.py:161} INFO - Started process (PID=1855) to work on /home/airflow/.local/lib/python3.12/site-packages/airflow/example_dags/example_sla_dag.py
[2024-06-22T11:22:58.265+0000] {processor.py:830} INFO - Processing file /home/airflow/.local/lib/python3.12/site-packages/airflow/example_dags/example_sla_dag.py for tasks to queue
[2024-06-22T11:22:58.270+0000] {logging_mixin.py:188} INFO - [2024-06-22T11:22:58.269+0000] {dagbag.py:540} INFO - Filling up the DagBag from /home/airflow/.local/lib/python3.12/site-packages/airflow/example_dags/example_sla_dag.py
[2024-06-22T11:22:58.292+0000] {processor.py:840} INFO - DAG(s) 'example_sla_dag' retrieved from /home/airflow/.local/lib/python3.12/site-packages/airflow/example_dags/example_sla_dag.py
[2024-06-22T11:22:58.341+0000] {logging_mixin.py:188} INFO - [2024-06-22T11:22:58.340+0000] {dag.py:3096} INFO - Sync 1 DAGs
[2024-06-22T11:22:58.395+0000] {logging_mixin.py:188} INFO - [2024-06-22T11:22:58.394+0000] {dag.py:3954} INFO - Setting next_dagrun for example_sla_dag to 2024-06-22 11:20:00+00:00, run_after=2024-06-22 11:22:00+00:00
[2024-06-22T11:22:58.439+0000] {processor.py:183} INFO - Processing /home/airflow/.local/lib/python3.12/site-packages/airflow/example_dags/example_sla_dag.py took 0.187 seconds
[2024-06-22T11:23:29.093+0000] {processor.py:161} INFO - Started process (PID=1913) to work on /home/airflow/.local/lib/python3.12/site-packages/airflow/example_dags/example_sla_dag.py
[2024-06-22T11:23:29.096+0000] {processor.py:830} INFO - Processing file /home/airflow/.local/lib/python3.12/site-packages/airflow/example_dags/example_sla_dag.py for tasks to queue
[2024-06-22T11:23:29.105+0000] {logging_mixin.py:188} INFO - [2024-06-22T11:23:29.104+0000] {dagbag.py:540} INFO - Filling up the DagBag from /home/airflow/.local/lib/python3.12/site-packages/airflow/example_dags/example_sla_dag.py
[2024-06-22T11:23:29.147+0000] {processor.py:840} INFO - DAG(s) 'example_sla_dag' retrieved from /home/airflow/.local/lib/python3.12/site-packages/airflow/example_dags/example_sla_dag.py
[2024-06-22T11:23:29.202+0000] {logging_mixin.py:188} INFO - [2024-06-22T11:23:29.201+0000] {dag.py:3096} INFO - Sync 1 DAGs
[2024-06-22T11:23:29.260+0000] {logging_mixin.py:188} INFO - [2024-06-22T11:23:29.260+0000] {dag.py:3954} INFO - Setting next_dagrun for example_sla_dag to 2024-06-22 11:20:00+00:00, run_after=2024-06-22 11:22:00+00:00
[2024-06-22T11:23:29.316+0000] {processor.py:183} INFO - Processing /home/airflow/.local/lib/python3.12/site-packages/airflow/example_dags/example_sla_dag.py took 0.249 seconds
[2024-06-22T11:23:59.471+0000] {processor.py:161} INFO - Started process (PID=1971) to work on /home/airflow/.local/lib/python3.12/site-packages/airflow/example_dags/example_sla_dag.py
[2024-06-22T11:23:59.485+0000] {processor.py:830} INFO - Processing file /home/airflow/.local/lib/python3.12/site-packages/airflow/example_dags/example_sla_dag.py for tasks to queue
[2024-06-22T11:23:59.498+0000] {logging_mixin.py:188} INFO - [2024-06-22T11:23:59.496+0000] {dagbag.py:540} INFO - Filling up the DagBag from /home/airflow/.local/lib/python3.12/site-packages/airflow/example_dags/example_sla_dag.py
[2024-06-22T11:23:59.517+0000] {processor.py:840} INFO - DAG(s) 'example_sla_dag' retrieved from /home/airflow/.local/lib/python3.12/site-packages/airflow/example_dags/example_sla_dag.py
[2024-06-22T11:23:59.563+0000] {logging_mixin.py:188} INFO - [2024-06-22T11:23:59.563+0000] {dag.py:3096} INFO - Sync 1 DAGs
[2024-06-22T11:23:59.611+0000] {logging_mixin.py:188} INFO - [2024-06-22T11:23:59.611+0000] {dag.py:3954} INFO - Setting next_dagrun for example_sla_dag to 2024-06-22 11:20:00+00:00, run_after=2024-06-22 11:22:00+00:00
[2024-06-22T11:23:59.655+0000] {processor.py:183} INFO - Processing /home/airflow/.local/lib/python3.12/site-packages/airflow/example_dags/example_sla_dag.py took 0.218 seconds
[2024-06-22T11:24:30.741+0000] {processor.py:161} INFO - Started process (PID=2027) to work on /home/airflow/.local/lib/python3.12/site-packages/airflow/example_dags/example_sla_dag.py
[2024-06-22T11:24:30.746+0000] {processor.py:830} INFO - Processing file /home/airflow/.local/lib/python3.12/site-packages/airflow/example_dags/example_sla_dag.py for tasks to queue
[2024-06-22T11:24:30.755+0000] {logging_mixin.py:188} INFO - [2024-06-22T11:24:30.755+0000] {dagbag.py:540} INFO - Filling up the DagBag from /home/airflow/.local/lib/python3.12/site-packages/airflow/example_dags/example_sla_dag.py
[2024-06-22T11:24:30.789+0000] {processor.py:840} INFO - DAG(s) 'example_sla_dag' retrieved from /home/airflow/.local/lib/python3.12/site-packages/airflow/example_dags/example_sla_dag.py
[2024-06-22T11:24:30.906+0000] {logging_mixin.py:188} INFO - [2024-06-22T11:24:30.906+0000] {dag.py:3096} INFO - Sync 1 DAGs
[2024-06-22T11:24:30.997+0000] {logging_mixin.py:188} INFO - [2024-06-22T11:24:30.997+0000] {dag.py:3954} INFO - Setting next_dagrun for example_sla_dag to 2024-06-22 11:22:00+00:00, run_after=2024-06-22 11:24:00+00:00
[2024-06-22T11:24:31.110+0000] {processor.py:183} INFO - Processing /home/airflow/.local/lib/python3.12/site-packages/airflow/example_dags/example_sla_dag.py took 0.397 seconds
