[2024-06-22T04:11:16.069+0000] {processor.py:161} INFO - Started process (PID=70) to work on /home/airflow/.local/lib/python3.12/site-packages/airflow/example_dags/example_complex.py
[2024-06-22T04:11:16.076+0000] {processor.py:830} INFO - Processing file /home/airflow/.local/lib/python3.12/site-packages/airflow/example_dags/example_complex.py for tasks to queue
[2024-06-22T04:11:16.089+0000] {logging_mixin.py:188} INFO - [2024-06-22T04:11:16.088+0000] {dagbag.py:540} INFO - Filling up the DagBag from /home/airflow/.local/lib/python3.12/site-packages/airflow/example_dags/example_complex.py
[2024-06-22T04:11:16.132+0000] {processor.py:840} INFO - DAG(s) 'example_complex' retrieved from /home/airflow/.local/lib/python3.12/site-packages/airflow/example_dags/example_complex.py
[2024-06-22T04:11:16.179+0000] {logging_mixin.py:188} INFO - [2024-06-22T04:11:16.178+0000] {dag.py:3096} INFO - Sync 1 DAGs
[2024-06-22T04:11:16.253+0000] {logging_mixin.py:188} INFO - [2024-06-22T04:11:16.252+0000] {dag.py:3954} INFO - Setting next_dagrun for example_complex to None, run_after=None
[2024-06-22T04:11:16.374+0000] {processor.py:183} INFO - Processing /home/airflow/.local/lib/python3.12/site-packages/airflow/example_dags/example_complex.py took 0.346 seconds
[2024-06-22T04:11:46.769+0000] {processor.py:161} INFO - Started process (PID=129) to work on /home/airflow/.local/lib/python3.12/site-packages/airflow/example_dags/example_complex.py
[2024-06-22T04:11:46.771+0000] {processor.py:830} INFO - Processing file /home/airflow/.local/lib/python3.12/site-packages/airflow/example_dags/example_complex.py for tasks to queue
[2024-06-22T04:11:46.777+0000] {logging_mixin.py:188} INFO - [2024-06-22T04:11:46.776+0000] {dagbag.py:540} INFO - Filling up the DagBag from /home/airflow/.local/lib/python3.12/site-packages/airflow/example_dags/example_complex.py
[2024-06-22T04:11:46.795+0000] {processor.py:840} INFO - DAG(s) 'example_complex' retrieved from /home/airflow/.local/lib/python3.12/site-packages/airflow/example_dags/example_complex.py
[2024-06-22T04:11:46.999+0000] {logging_mixin.py:188} INFO - [2024-06-22T04:11:46.999+0000] {dag.py:3096} INFO - Sync 1 DAGs
[2024-06-22T04:11:47.025+0000] {logging_mixin.py:188} INFO - [2024-06-22T04:11:47.025+0000] {dag.py:3954} INFO - Setting next_dagrun for example_complex to None, run_after=None
[2024-06-22T04:11:47.061+0000] {processor.py:183} INFO - Processing /home/airflow/.local/lib/python3.12/site-packages/airflow/example_dags/example_complex.py took 0.303 seconds
[2024-06-22T04:12:17.170+0000] {processor.py:161} INFO - Started process (PID=187) to work on /home/airflow/.local/lib/python3.12/site-packages/airflow/example_dags/example_complex.py
[2024-06-22T04:12:17.173+0000] {processor.py:830} INFO - Processing file /home/airflow/.local/lib/python3.12/site-packages/airflow/example_dags/example_complex.py for tasks to queue
[2024-06-22T04:12:17.178+0000] {logging_mixin.py:188} INFO - [2024-06-22T04:12:17.177+0000] {dagbag.py:540} INFO - Filling up the DagBag from /home/airflow/.local/lib/python3.12/site-packages/airflow/example_dags/example_complex.py
[2024-06-22T04:12:17.197+0000] {processor.py:840} INFO - DAG(s) 'example_complex' retrieved from /home/airflow/.local/lib/python3.12/site-packages/airflow/example_dags/example_complex.py
[2024-06-22T04:12:17.257+0000] {logging_mixin.py:188} INFO - [2024-06-22T04:12:17.257+0000] {dag.py:3096} INFO - Sync 1 DAGs
[2024-06-22T04:12:17.281+0000] {logging_mixin.py:188} INFO - [2024-06-22T04:12:17.280+0000] {dag.py:3954} INFO - Setting next_dagrun for example_complex to None, run_after=None
[2024-06-22T04:12:17.308+0000] {processor.py:183} INFO - Processing /home/airflow/.local/lib/python3.12/site-packages/airflow/example_dags/example_complex.py took 0.149 seconds
[2024-06-22T04:12:48.797+0000] {processor.py:161} INFO - Started process (PID=246) to work on /home/airflow/.local/lib/python3.12/site-packages/airflow/example_dags/example_complex.py
[2024-06-22T04:12:48.805+0000] {processor.py:830} INFO - Processing file /home/airflow/.local/lib/python3.12/site-packages/airflow/example_dags/example_complex.py for tasks to queue
[2024-06-22T04:12:48.818+0000] {logging_mixin.py:188} INFO - [2024-06-22T04:12:48.817+0000] {dagbag.py:540} INFO - Filling up the DagBag from /home/airflow/.local/lib/python3.12/site-packages/airflow/example_dags/example_complex.py
[2024-06-22T04:12:48.881+0000] {processor.py:840} INFO - DAG(s) 'example_complex' retrieved from /home/airflow/.local/lib/python3.12/site-packages/airflow/example_dags/example_complex.py
[2024-06-22T04:12:48.929+0000] {logging_mixin.py:188} INFO - [2024-06-22T04:12:48.929+0000] {dag.py:3096} INFO - Sync 1 DAGs
[2024-06-22T04:12:48.952+0000] {logging_mixin.py:188} INFO - [2024-06-22T04:12:48.952+0000] {dag.py:3954} INFO - Setting next_dagrun for example_complex to None, run_after=None
[2024-06-22T04:12:48.978+0000] {processor.py:183} INFO - Processing /home/airflow/.local/lib/python3.12/site-packages/airflow/example_dags/example_complex.py took 0.203 seconds
[2024-06-22T04:13:20.143+0000] {processor.py:161} INFO - Started process (PID=305) to work on /home/airflow/.local/lib/python3.12/site-packages/airflow/example_dags/example_complex.py
[2024-06-22T04:13:20.149+0000] {processor.py:830} INFO - Processing file /home/airflow/.local/lib/python3.12/site-packages/airflow/example_dags/example_complex.py for tasks to queue
[2024-06-22T04:13:20.162+0000] {logging_mixin.py:188} INFO - [2024-06-22T04:13:20.159+0000] {dagbag.py:540} INFO - Filling up the DagBag from /home/airflow/.local/lib/python3.12/site-packages/airflow/example_dags/example_complex.py
[2024-06-22T04:13:20.246+0000] {processor.py:840} INFO - DAG(s) 'example_complex' retrieved from /home/airflow/.local/lib/python3.12/site-packages/airflow/example_dags/example_complex.py
[2024-06-22T04:13:20.411+0000] {logging_mixin.py:188} INFO - [2024-06-22T04:13:20.411+0000] {dag.py:3096} INFO - Sync 1 DAGs
[2024-06-22T04:13:20.474+0000] {logging_mixin.py:188} INFO - [2024-06-22T04:13:20.474+0000] {dag.py:3954} INFO - Setting next_dagrun for example_complex to None, run_after=None
[2024-06-22T04:13:20.546+0000] {processor.py:183} INFO - Processing /home/airflow/.local/lib/python3.12/site-packages/airflow/example_dags/example_complex.py took 0.429 seconds
[2024-06-22T04:13:50.826+0000] {processor.py:161} INFO - Started process (PID=364) to work on /home/airflow/.local/lib/python3.12/site-packages/airflow/example_dags/example_complex.py
[2024-06-22T04:13:50.828+0000] {processor.py:830} INFO - Processing file /home/airflow/.local/lib/python3.12/site-packages/airflow/example_dags/example_complex.py for tasks to queue
[2024-06-22T04:13:50.834+0000] {logging_mixin.py:188} INFO - [2024-06-22T04:13:50.833+0000] {dagbag.py:540} INFO - Filling up the DagBag from /home/airflow/.local/lib/python3.12/site-packages/airflow/example_dags/example_complex.py
[2024-06-22T04:13:50.853+0000] {processor.py:840} INFO - DAG(s) 'example_complex' retrieved from /home/airflow/.local/lib/python3.12/site-packages/airflow/example_dags/example_complex.py
[2024-06-22T04:13:50.901+0000] {logging_mixin.py:188} INFO - [2024-06-22T04:13:50.901+0000] {dag.py:3096} INFO - Sync 1 DAGs
[2024-06-22T04:13:50.926+0000] {logging_mixin.py:188} INFO - [2024-06-22T04:13:50.926+0000] {dag.py:3954} INFO - Setting next_dagrun for example_complex to None, run_after=None
[2024-06-22T04:13:50.960+0000] {processor.py:183} INFO - Processing /home/airflow/.local/lib/python3.12/site-packages/airflow/example_dags/example_complex.py took 0.145 seconds
[2024-06-22T04:14:21.838+0000] {processor.py:161} INFO - Started process (PID=426) to work on /home/airflow/.local/lib/python3.12/site-packages/airflow/example_dags/example_complex.py
[2024-06-22T04:14:21.850+0000] {processor.py:830} INFO - Processing file /home/airflow/.local/lib/python3.12/site-packages/airflow/example_dags/example_complex.py for tasks to queue
[2024-06-22T04:14:21.863+0000] {logging_mixin.py:188} INFO - [2024-06-22T04:14:21.862+0000] {dagbag.py:540} INFO - Filling up the DagBag from /home/airflow/.local/lib/python3.12/site-packages/airflow/example_dags/example_complex.py
[2024-06-22T04:14:21.921+0000] {processor.py:840} INFO - DAG(s) 'example_complex' retrieved from /home/airflow/.local/lib/python3.12/site-packages/airflow/example_dags/example_complex.py
[2024-06-22T04:14:22.113+0000] {logging_mixin.py:188} INFO - [2024-06-22T04:14:22.113+0000] {dag.py:3096} INFO - Sync 1 DAGs
[2024-06-22T04:14:22.168+0000] {logging_mixin.py:188} INFO - [2024-06-22T04:14:22.167+0000] {dag.py:3954} INFO - Setting next_dagrun for example_complex to None, run_after=None
[2024-06-22T04:14:22.215+0000] {processor.py:183} INFO - Processing /home/airflow/.local/lib/python3.12/site-packages/airflow/example_dags/example_complex.py took 0.419 seconds
[2024-06-22T04:14:53.037+0000] {processor.py:161} INFO - Started process (PID=485) to work on /home/airflow/.local/lib/python3.12/site-packages/airflow/example_dags/example_complex.py
[2024-06-22T04:14:53.040+0000] {processor.py:830} INFO - Processing file /home/airflow/.local/lib/python3.12/site-packages/airflow/example_dags/example_complex.py for tasks to queue
[2024-06-22T04:14:53.044+0000] {logging_mixin.py:188} INFO - [2024-06-22T04:14:53.043+0000] {dagbag.py:540} INFO - Filling up the DagBag from /home/airflow/.local/lib/python3.12/site-packages/airflow/example_dags/example_complex.py
[2024-06-22T04:14:53.064+0000] {processor.py:840} INFO - DAG(s) 'example_complex' retrieved from /home/airflow/.local/lib/python3.12/site-packages/airflow/example_dags/example_complex.py
[2024-06-22T04:14:53.161+0000] {logging_mixin.py:188} INFO - [2024-06-22T04:14:53.160+0000] {dag.py:3096} INFO - Sync 1 DAGs
[2024-06-22T04:14:53.190+0000] {logging_mixin.py:188} INFO - [2024-06-22T04:14:53.189+0000] {dag.py:3954} INFO - Setting next_dagrun for example_complex to None, run_after=None
[2024-06-22T04:14:53.230+0000] {processor.py:183} INFO - Processing /home/airflow/.local/lib/python3.12/site-packages/airflow/example_dags/example_complex.py took 0.207 seconds
[2024-06-22T04:15:23.694+0000] {processor.py:161} INFO - Started process (PID=546) to work on /home/airflow/.local/lib/python3.12/site-packages/airflow/example_dags/example_complex.py
[2024-06-22T04:15:23.696+0000] {processor.py:830} INFO - Processing file /home/airflow/.local/lib/python3.12/site-packages/airflow/example_dags/example_complex.py for tasks to queue
[2024-06-22T04:15:23.702+0000] {logging_mixin.py:188} INFO - [2024-06-22T04:15:23.701+0000] {dagbag.py:540} INFO - Filling up the DagBag from /home/airflow/.local/lib/python3.12/site-packages/airflow/example_dags/example_complex.py
[2024-06-22T04:15:23.723+0000] {processor.py:840} INFO - DAG(s) 'example_complex' retrieved from /home/airflow/.local/lib/python3.12/site-packages/airflow/example_dags/example_complex.py
[2024-06-22T04:15:23.777+0000] {logging_mixin.py:188} INFO - [2024-06-22T04:15:23.777+0000] {dag.py:3096} INFO - Sync 1 DAGs
[2024-06-22T04:15:23.808+0000] {logging_mixin.py:188} INFO - [2024-06-22T04:15:23.807+0000] {dag.py:3954} INFO - Setting next_dagrun for example_complex to None, run_after=None
[2024-06-22T04:15:23.863+0000] {processor.py:183} INFO - Processing /home/airflow/.local/lib/python3.12/site-packages/airflow/example_dags/example_complex.py took 0.179 seconds
[2024-06-22T04:15:53.968+0000] {processor.py:161} INFO - Started process (PID=603) to work on /home/airflow/.local/lib/python3.12/site-packages/airflow/example_dags/example_complex.py
[2024-06-22T04:15:53.970+0000] {processor.py:830} INFO - Processing file /home/airflow/.local/lib/python3.12/site-packages/airflow/example_dags/example_complex.py for tasks to queue
[2024-06-22T04:15:53.984+0000] {logging_mixin.py:188} INFO - [2024-06-22T04:15:53.982+0000] {dagbag.py:540} INFO - Filling up the DagBag from /home/airflow/.local/lib/python3.12/site-packages/airflow/example_dags/example_complex.py
[2024-06-22T04:15:54.017+0000] {processor.py:840} INFO - DAG(s) 'example_complex' retrieved from /home/airflow/.local/lib/python3.12/site-packages/airflow/example_dags/example_complex.py
[2024-06-22T04:15:54.111+0000] {logging_mixin.py:188} INFO - [2024-06-22T04:15:54.109+0000] {dag.py:3096} INFO - Sync 1 DAGs
[2024-06-22T04:15:54.134+0000] {logging_mixin.py:188} INFO - [2024-06-22T04:15:54.134+0000] {dag.py:3954} INFO - Setting next_dagrun for example_complex to None, run_after=None
[2024-06-22T04:15:54.197+0000] {processor.py:183} INFO - Processing /home/airflow/.local/lib/python3.12/site-packages/airflow/example_dags/example_complex.py took 0.243 seconds
[2024-06-22T04:16:24.422+0000] {processor.py:161} INFO - Started process (PID=670) to work on /home/airflow/.local/lib/python3.12/site-packages/airflow/example_dags/example_complex.py
[2024-06-22T04:16:24.425+0000] {processor.py:830} INFO - Processing file /home/airflow/.local/lib/python3.12/site-packages/airflow/example_dags/example_complex.py for tasks to queue
[2024-06-22T04:16:24.429+0000] {logging_mixin.py:188} INFO - [2024-06-22T04:16:24.428+0000] {dagbag.py:540} INFO - Filling up the DagBag from /home/airflow/.local/lib/python3.12/site-packages/airflow/example_dags/example_complex.py
[2024-06-22T04:16:24.445+0000] {processor.py:840} INFO - DAG(s) 'example_complex' retrieved from /home/airflow/.local/lib/python3.12/site-packages/airflow/example_dags/example_complex.py
[2024-06-22T04:16:24.496+0000] {logging_mixin.py:188} INFO - [2024-06-22T04:16:24.496+0000] {dag.py:3096} INFO - Sync 1 DAGs
[2024-06-22T04:16:24.528+0000] {logging_mixin.py:188} INFO - [2024-06-22T04:16:24.528+0000] {dag.py:3954} INFO - Setting next_dagrun for example_complex to None, run_after=None
[2024-06-22T04:16:24.558+0000] {processor.py:183} INFO - Processing /home/airflow/.local/lib/python3.12/site-packages/airflow/example_dags/example_complex.py took 0.157 seconds
[2024-06-22T04:16:54.846+0000] {processor.py:161} INFO - Started process (PID=730) to work on /home/airflow/.local/lib/python3.12/site-packages/airflow/example_dags/example_complex.py
[2024-06-22T04:16:54.848+0000] {processor.py:830} INFO - Processing file /home/airflow/.local/lib/python3.12/site-packages/airflow/example_dags/example_complex.py for tasks to queue
[2024-06-22T04:16:54.855+0000] {logging_mixin.py:188} INFO - [2024-06-22T04:16:54.853+0000] {dagbag.py:540} INFO - Filling up the DagBag from /home/airflow/.local/lib/python3.12/site-packages/airflow/example_dags/example_complex.py
[2024-06-22T04:16:54.883+0000] {processor.py:840} INFO - DAG(s) 'example_complex' retrieved from /home/airflow/.local/lib/python3.12/site-packages/airflow/example_dags/example_complex.py
[2024-06-22T04:16:54.951+0000] {logging_mixin.py:188} INFO - [2024-06-22T04:16:54.951+0000] {dag.py:3096} INFO - Sync 1 DAGs
[2024-06-22T04:16:54.971+0000] {logging_mixin.py:188} INFO - [2024-06-22T04:16:54.971+0000] {dag.py:3954} INFO - Setting next_dagrun for example_complex to None, run_after=None
[2024-06-22T04:16:54.997+0000] {processor.py:183} INFO - Processing /home/airflow/.local/lib/python3.12/site-packages/airflow/example_dags/example_complex.py took 0.161 seconds
[2024-06-22T04:17:25.703+0000] {processor.py:161} INFO - Started process (PID=788) to work on /home/airflow/.local/lib/python3.12/site-packages/airflow/example_dags/example_complex.py
[2024-06-22T04:17:25.706+0000] {processor.py:830} INFO - Processing file /home/airflow/.local/lib/python3.12/site-packages/airflow/example_dags/example_complex.py for tasks to queue
[2024-06-22T04:17:25.710+0000] {logging_mixin.py:188} INFO - [2024-06-22T04:17:25.709+0000] {dagbag.py:540} INFO - Filling up the DagBag from /home/airflow/.local/lib/python3.12/site-packages/airflow/example_dags/example_complex.py
[2024-06-22T04:17:25.728+0000] {processor.py:840} INFO - DAG(s) 'example_complex' retrieved from /home/airflow/.local/lib/python3.12/site-packages/airflow/example_dags/example_complex.py
[2024-06-22T04:17:25.776+0000] {logging_mixin.py:188} INFO - [2024-06-22T04:17:25.776+0000] {dag.py:3096} INFO - Sync 1 DAGs
[2024-06-22T04:17:25.798+0000] {logging_mixin.py:188} INFO - [2024-06-22T04:17:25.798+0000] {dag.py:3954} INFO - Setting next_dagrun for example_complex to None, run_after=None
[2024-06-22T04:17:25.824+0000] {processor.py:183} INFO - Processing /home/airflow/.local/lib/python3.12/site-packages/airflow/example_dags/example_complex.py took 0.132 seconds
[2024-06-22T06:20:42.139+0000] {processor.py:161} INFO - Started process (PID=875) to work on /home/airflow/.local/lib/python3.12/site-packages/airflow/example_dags/example_complex.py
[2024-06-22T06:20:42.180+0000] {processor.py:830} INFO - Processing file /home/airflow/.local/lib/python3.12/site-packages/airflow/example_dags/example_complex.py for tasks to queue
[2024-06-22T06:20:42.232+0000] {logging_mixin.py:188} INFO - [2024-06-22T06:20:42.215+0000] {dagbag.py:540} INFO - Filling up the DagBag from /home/airflow/.local/lib/python3.12/site-packages/airflow/example_dags/example_complex.py
[2024-06-22T06:20:42.678+0000] {processor.py:840} INFO - DAG(s) 'example_complex' retrieved from /home/airflow/.local/lib/python3.12/site-packages/airflow/example_dags/example_complex.py
[2024-06-22T06:20:45.383+0000] {logging_mixin.py:188} INFO - [2024-06-22T06:20:45.372+0000] {dag.py:3096} INFO - Sync 1 DAGs
[2024-06-22T06:20:46.117+0000] {logging_mixin.py:188} INFO - [2024-06-22T06:20:46.114+0000] {dag.py:3954} INFO - Setting next_dagrun for example_complex to None, run_after=None
[2024-06-22T06:20:48.334+0000] {processor.py:183} INFO - Processing /home/airflow/.local/lib/python3.12/site-packages/airflow/example_dags/example_complex.py took 6.606 seconds
[2024-06-22T06:55:00.926+0000] {processor.py:161} INFO - Started process (PID=1006) to work on /home/airflow/.local/lib/python3.12/site-packages/airflow/example_dags/example_complex.py
[2024-06-22T06:55:00.957+0000] {processor.py:830} INFO - Processing file /home/airflow/.local/lib/python3.12/site-packages/airflow/example_dags/example_complex.py for tasks to queue
[2024-06-22T06:55:00.986+0000] {logging_mixin.py:188} INFO - [2024-06-22T06:55:00.973+0000] {dagbag.py:540} INFO - Filling up the DagBag from /home/airflow/.local/lib/python3.12/site-packages/airflow/example_dags/example_complex.py
[2024-06-22T06:55:02.815+0000] {processor.py:840} INFO - DAG(s) 'example_complex' retrieved from /home/airflow/.local/lib/python3.12/site-packages/airflow/example_dags/example_complex.py
[2024-06-22T06:55:04.575+0000] {logging_mixin.py:188} INFO - [2024-06-22T06:55:04.572+0000] {dag.py:3096} INFO - Sync 1 DAGs
[2024-06-22T06:55:05.788+0000] {logging_mixin.py:188} INFO - [2024-06-22T06:55:05.773+0000] {dag.py:3954} INFO - Setting next_dagrun for example_complex to None, run_after=None
[2024-06-22T06:55:06.928+0000] {processor.py:183} INFO - Processing /home/airflow/.local/lib/python3.12/site-packages/airflow/example_dags/example_complex.py took 6.240 seconds
[2024-06-22T06:58:10.689+0000] {processor.py:161} INFO - Started process (PID=1095) to work on /home/airflow/.local/lib/python3.12/site-packages/airflow/example_dags/example_complex.py
[2024-06-22T06:58:10.701+0000] {processor.py:830} INFO - Processing file /home/airflow/.local/lib/python3.12/site-packages/airflow/example_dags/example_complex.py for tasks to queue
[2024-06-22T06:58:10.712+0000] {logging_mixin.py:188} INFO - [2024-06-22T06:58:10.707+0000] {dagbag.py:540} INFO - Filling up the DagBag from /home/airflow/.local/lib/python3.12/site-packages/airflow/example_dags/example_complex.py
[2024-06-22T06:58:10.788+0000] {processor.py:840} INFO - DAG(s) 'example_complex' retrieved from /home/airflow/.local/lib/python3.12/site-packages/airflow/example_dags/example_complex.py
[2024-06-22T06:58:10.977+0000] {logging_mixin.py:188} INFO - [2024-06-22T06:58:10.977+0000] {dag.py:3096} INFO - Sync 1 DAGs
[2024-06-22T06:58:11.096+0000] {logging_mixin.py:188} INFO - [2024-06-22T06:58:11.096+0000] {dag.py:3954} INFO - Setting next_dagrun for example_complex to None, run_after=None
[2024-06-22T06:58:11.243+0000] {processor.py:183} INFO - Processing /home/airflow/.local/lib/python3.12/site-packages/airflow/example_dags/example_complex.py took 0.589 seconds
[2024-06-22T07:32:09.761+0000] {processor.py:161} INFO - Started process (PID=1190) to work on /home/airflow/.local/lib/python3.12/site-packages/airflow/example_dags/example_complex.py
[2024-06-22T07:32:09.787+0000] {processor.py:830} INFO - Processing file /home/airflow/.local/lib/python3.12/site-packages/airflow/example_dags/example_complex.py for tasks to queue
[2024-06-22T07:32:09.803+0000] {logging_mixin.py:188} INFO - [2024-06-22T07:32:09.801+0000] {dagbag.py:540} INFO - Filling up the DagBag from /home/airflow/.local/lib/python3.12/site-packages/airflow/example_dags/example_complex.py
[2024-06-22T07:32:10.287+0000] {processor.py:840} INFO - DAG(s) 'example_complex' retrieved from /home/airflow/.local/lib/python3.12/site-packages/airflow/example_dags/example_complex.py
[2024-06-22T07:32:13.134+0000] {logging_mixin.py:188} INFO - [2024-06-22T07:32:13.131+0000] {dag.py:3096} INFO - Sync 1 DAGs
[2024-06-22T07:32:13.770+0000] {logging_mixin.py:188} INFO - [2024-06-22T07:32:13.751+0000] {dag.py:3954} INFO - Setting next_dagrun for example_complex to None, run_after=None
[2024-06-22T07:32:14.809+0000] {processor.py:183} INFO - Processing /home/airflow/.local/lib/python3.12/site-packages/airflow/example_dags/example_complex.py took 5.310 seconds
[2024-06-22T07:50:01.925+0000] {processor.py:161} INFO - Started process (PID=1297) to work on /home/airflow/.local/lib/python3.12/site-packages/airflow/example_dags/example_complex.py
[2024-06-22T07:50:01.957+0000] {processor.py:830} INFO - Processing file /home/airflow/.local/lib/python3.12/site-packages/airflow/example_dags/example_complex.py for tasks to queue
[2024-06-22T07:50:01.970+0000] {logging_mixin.py:188} INFO - [2024-06-22T07:50:01.968+0000] {dagbag.py:540} INFO - Filling up the DagBag from /home/airflow/.local/lib/python3.12/site-packages/airflow/example_dags/example_complex.py
[2024-06-22T07:50:02.377+0000] {processor.py:840} INFO - DAG(s) 'example_complex' retrieved from /home/airflow/.local/lib/python3.12/site-packages/airflow/example_dags/example_complex.py
[2024-06-22T07:50:03.665+0000] {logging_mixin.py:188} INFO - [2024-06-22T07:50:03.664+0000] {dag.py:3096} INFO - Sync 1 DAGs
[2024-06-22T07:50:04.128+0000] {logging_mixin.py:188} INFO - [2024-06-22T07:50:04.127+0000] {dag.py:3954} INFO - Setting next_dagrun for example_complex to None, run_after=None
[2024-06-22T07:50:04.734+0000] {processor.py:183} INFO - Processing /home/airflow/.local/lib/python3.12/site-packages/airflow/example_dags/example_complex.py took 3.007 seconds
[2024-06-22T07:52:28.001+0000] {processor.py:161} INFO - Started process (PID=1394) to work on /home/airflow/.local/lib/python3.12/site-packages/airflow/example_dags/example_complex.py
[2024-06-22T07:52:28.057+0000] {processor.py:830} INFO - Processing file /home/airflow/.local/lib/python3.12/site-packages/airflow/example_dags/example_complex.py for tasks to queue
[2024-06-22T07:52:28.078+0000] {logging_mixin.py:188} INFO - [2024-06-22T07:52:28.075+0000] {dagbag.py:540} INFO - Filling up the DagBag from /home/airflow/.local/lib/python3.12/site-packages/airflow/example_dags/example_complex.py
[2024-06-22T07:52:28.319+0000] {processor.py:840} INFO - DAG(s) 'example_complex' retrieved from /home/airflow/.local/lib/python3.12/site-packages/airflow/example_dags/example_complex.py
[2024-06-22T07:52:29.198+0000] {logging_mixin.py:188} INFO - [2024-06-22T07:52:29.197+0000] {dag.py:3096} INFO - Sync 1 DAGs
[2024-06-22T07:52:29.607+0000] {logging_mixin.py:188} INFO - [2024-06-22T07:52:29.606+0000] {dag.py:3954} INFO - Setting next_dagrun for example_complex to None, run_after=None
[2024-06-22T07:52:30.321+0000] {processor.py:183} INFO - Processing /home/airflow/.local/lib/python3.12/site-packages/airflow/example_dags/example_complex.py took 2.430 seconds
[2024-06-22T07:54:38.253+0000] {processor.py:161} INFO - Started process (PID=1488) to work on /home/airflow/.local/lib/python3.12/site-packages/airflow/example_dags/example_complex.py
[2024-06-22T07:54:38.290+0000] {processor.py:830} INFO - Processing file /home/airflow/.local/lib/python3.12/site-packages/airflow/example_dags/example_complex.py for tasks to queue
[2024-06-22T07:54:38.324+0000] {logging_mixin.py:188} INFO - [2024-06-22T07:54:38.318+0000] {dagbag.py:540} INFO - Filling up the DagBag from /home/airflow/.local/lib/python3.12/site-packages/airflow/example_dags/example_complex.py
[2024-06-22T07:54:38.653+0000] {processor.py:840} INFO - DAG(s) 'example_complex' retrieved from /home/airflow/.local/lib/python3.12/site-packages/airflow/example_dags/example_complex.py
[2024-06-22T07:54:39.897+0000] {logging_mixin.py:188} INFO - [2024-06-22T07:54:39.895+0000] {dag.py:3096} INFO - Sync 1 DAGs
[2024-06-22T07:54:40.272+0000] {logging_mixin.py:188} INFO - [2024-06-22T07:54:40.271+0000] {dag.py:3954} INFO - Setting next_dagrun for example_complex to None, run_after=None
[2024-06-22T07:54:40.779+0000] {processor.py:183} INFO - Processing /home/airflow/.local/lib/python3.12/site-packages/airflow/example_dags/example_complex.py took 2.651 seconds
[2024-06-22T07:57:02.951+0000] {processor.py:161} INFO - Started process (PID=1587) to work on /home/airflow/.local/lib/python3.12/site-packages/airflow/example_dags/example_complex.py
[2024-06-22T07:57:02.989+0000] {processor.py:830} INFO - Processing file /home/airflow/.local/lib/python3.12/site-packages/airflow/example_dags/example_complex.py for tasks to queue
[2024-06-22T07:57:03.021+0000] {logging_mixin.py:188} INFO - [2024-06-22T07:57:03.002+0000] {dagbag.py:540} INFO - Filling up the DagBag from /home/airflow/.local/lib/python3.12/site-packages/airflow/example_dags/example_complex.py
[2024-06-22T07:57:03.424+0000] {processor.py:840} INFO - DAG(s) 'example_complex' retrieved from /home/airflow/.local/lib/python3.12/site-packages/airflow/example_dags/example_complex.py
[2024-06-22T07:57:04.653+0000] {logging_mixin.py:188} INFO - [2024-06-22T07:57:04.651+0000] {dag.py:3096} INFO - Sync 1 DAGs
[2024-06-22T07:57:05.118+0000] {logging_mixin.py:188} INFO - [2024-06-22T07:57:05.089+0000] {dag.py:3954} INFO - Setting next_dagrun for example_complex to None, run_after=None
[2024-06-22T07:57:05.873+0000] {processor.py:183} INFO - Processing /home/airflow/.local/lib/python3.12/site-packages/airflow/example_dags/example_complex.py took 3.100 seconds
[2024-06-22T08:29:07.593+0000] {processor.py:161} INFO - Started process (PID=1699) to work on /home/airflow/.local/lib/python3.12/site-packages/airflow/example_dags/example_complex.py
[2024-06-22T08:29:07.677+0000] {processor.py:830} INFO - Processing file /home/airflow/.local/lib/python3.12/site-packages/airflow/example_dags/example_complex.py for tasks to queue
[2024-06-22T08:29:07.700+0000] {logging_mixin.py:188} INFO - [2024-06-22T08:29:07.698+0000] {dagbag.py:540} INFO - Filling up the DagBag from /home/airflow/.local/lib/python3.12/site-packages/airflow/example_dags/example_complex.py
[2024-06-22T08:29:08.001+0000] {processor.py:840} INFO - DAG(s) 'example_complex' retrieved from /home/airflow/.local/lib/python3.12/site-packages/airflow/example_dags/example_complex.py
[2024-06-22T08:29:09.470+0000] {logging_mixin.py:188} INFO - [2024-06-22T08:29:09.373+0000] {dag.py:3096} INFO - Sync 1 DAGs
[2024-06-22T08:29:09.962+0000] {logging_mixin.py:188} INFO - [2024-06-22T08:29:09.937+0000] {dag.py:3954} INFO - Setting next_dagrun for example_complex to None, run_after=None
[2024-06-22T08:29:10.435+0000] {processor.py:183} INFO - Processing /home/airflow/.local/lib/python3.12/site-packages/airflow/example_dags/example_complex.py took 3.112 seconds
[2024-06-22T08:31:36.396+0000] {processor.py:161} INFO - Started process (PID=1794) to work on /home/airflow/.local/lib/python3.12/site-packages/airflow/example_dags/example_complex.py
[2024-06-22T08:31:36.451+0000] {processor.py:830} INFO - Processing file /home/airflow/.local/lib/python3.12/site-packages/airflow/example_dags/example_complex.py for tasks to queue
[2024-06-22T08:31:36.464+0000] {logging_mixin.py:188} INFO - [2024-06-22T08:31:36.462+0000] {dagbag.py:540} INFO - Filling up the DagBag from /home/airflow/.local/lib/python3.12/site-packages/airflow/example_dags/example_complex.py
[2024-06-22T08:31:37.010+0000] {processor.py:840} INFO - DAG(s) 'example_complex' retrieved from /home/airflow/.local/lib/python3.12/site-packages/airflow/example_dags/example_complex.py
[2024-06-22T08:31:37.908+0000] {logging_mixin.py:188} INFO - [2024-06-22T08:31:37.906+0000] {dag.py:3096} INFO - Sync 1 DAGs
[2024-06-22T08:31:38.588+0000] {logging_mixin.py:188} INFO - [2024-06-22T08:31:38.587+0000] {dag.py:3954} INFO - Setting next_dagrun for example_complex to None, run_after=None
[2024-06-22T08:31:39.016+0000] {processor.py:183} INFO - Processing /home/airflow/.local/lib/python3.12/site-packages/airflow/example_dags/example_complex.py took 3.098 seconds
[2024-06-22T08:33:58.033+0000] {processor.py:161} INFO - Started process (PID=1894) to work on /home/airflow/.local/lib/python3.12/site-packages/airflow/example_dags/example_complex.py
[2024-06-22T08:33:58.058+0000] {processor.py:830} INFO - Processing file /home/airflow/.local/lib/python3.12/site-packages/airflow/example_dags/example_complex.py for tasks to queue
[2024-06-22T08:33:58.071+0000] {logging_mixin.py:188} INFO - [2024-06-22T08:33:58.068+0000] {dagbag.py:540} INFO - Filling up the DagBag from /home/airflow/.local/lib/python3.12/site-packages/airflow/example_dags/example_complex.py
[2024-06-22T08:33:58.630+0000] {processor.py:840} INFO - DAG(s) 'example_complex' retrieved from /home/airflow/.local/lib/python3.12/site-packages/airflow/example_dags/example_complex.py
[2024-06-22T08:33:59.326+0000] {logging_mixin.py:188} INFO - [2024-06-22T08:33:59.325+0000] {dag.py:3096} INFO - Sync 1 DAGs
[2024-06-22T08:33:59.564+0000] {logging_mixin.py:188} INFO - [2024-06-22T08:33:59.560+0000] {dag.py:3954} INFO - Setting next_dagrun for example_complex to None, run_after=None
[2024-06-22T08:33:59.825+0000] {processor.py:183} INFO - Processing /home/airflow/.local/lib/python3.12/site-packages/airflow/example_dags/example_complex.py took 2.016 seconds
[2024-06-22T09:13:05.602+0000] {processor.py:161} INFO - Started process (PID=2014) to work on /home/airflow/.local/lib/python3.12/site-packages/airflow/example_dags/example_complex.py
[2024-06-22T09:13:05.611+0000] {processor.py:830} INFO - Processing file /home/airflow/.local/lib/python3.12/site-packages/airflow/example_dags/example_complex.py for tasks to queue
[2024-06-22T09:13:05.619+0000] {logging_mixin.py:188} INFO - [2024-06-22T09:13:05.613+0000] {dagbag.py:540} INFO - Filling up the DagBag from /home/airflow/.local/lib/python3.12/site-packages/airflow/example_dags/example_complex.py
[2024-06-22T09:13:05.695+0000] {processor.py:840} INFO - DAG(s) 'example_complex' retrieved from /home/airflow/.local/lib/python3.12/site-packages/airflow/example_dags/example_complex.py
[2024-06-22T09:13:06.073+0000] {logging_mixin.py:188} INFO - [2024-06-22T09:13:06.073+0000] {dag.py:3096} INFO - Sync 1 DAGs
[2024-06-22T09:13:06.154+0000] {logging_mixin.py:188} INFO - [2024-06-22T09:13:06.150+0000] {dag.py:3954} INFO - Setting next_dagrun for example_complex to None, run_after=None
[2024-06-22T09:13:06.295+0000] {processor.py:183} INFO - Processing /home/airflow/.local/lib/python3.12/site-packages/airflow/example_dags/example_complex.py took 0.770 seconds
[2024-06-22T10:44:02.427+0000] {processor.py:161} INFO - Started process (PID=2083) to work on /home/airflow/.local/lib/python3.12/site-packages/airflow/example_dags/example_complex.py
[2024-06-22T10:44:02.825+0000] {processor.py:830} INFO - Processing file /home/airflow/.local/lib/python3.12/site-packages/airflow/example_dags/example_complex.py for tasks to queue
[2024-06-22T10:44:02.945+0000] {logging_mixin.py:188} INFO - [2024-06-22T10:44:02.909+0000] {dagbag.py:540} INFO - Filling up the DagBag from /home/airflow/.local/lib/python3.12/site-packages/airflow/example_dags/example_complex.py
[2024-06-22T10:44:04.695+0000] {processor.py:840} INFO - DAG(s) 'example_complex' retrieved from /home/airflow/.local/lib/python3.12/site-packages/airflow/example_dags/example_complex.py
[2024-06-22T10:45:55.739+0000] {logging_mixin.py:188} INFO - [2024-06-22T10:45:49.889+0000] {dag.py:3096} INFO - Sync 1 DAGs
[2024-06-22T10:48:10.156+0000] {logging_mixin.py:188} INFO - [2024-06-22T10:48:10.151+0000] {dag.py:3954} INFO - Setting next_dagrun for example_complex to None, run_after=None
[2024-06-22T11:05:32.825+0000] {processor.py:161} INFO - Started process (PID=75) to work on /home/airflow/.local/lib/python3.12/site-packages/airflow/example_dags/example_complex.py
[2024-06-22T11:05:32.837+0000] {processor.py:830} INFO - Processing file /home/airflow/.local/lib/python3.12/site-packages/airflow/example_dags/example_complex.py for tasks to queue
[2024-06-22T11:05:32.864+0000] {logging_mixin.py:188} INFO - [2024-06-22T11:05:32.860+0000] {dagbag.py:540} INFO - Filling up the DagBag from /home/airflow/.local/lib/python3.12/site-packages/airflow/example_dags/example_complex.py
[2024-06-22T11:05:32.938+0000] {processor.py:840} INFO - DAG(s) 'example_complex' retrieved from /home/airflow/.local/lib/python3.12/site-packages/airflow/example_dags/example_complex.py
[2024-06-22T11:05:33.653+0000] {logging_mixin.py:188} INFO - [2024-06-22T11:05:33.653+0000] {dag.py:3096} INFO - Sync 1 DAGs
[2024-06-22T11:05:33.732+0000] {logging_mixin.py:188} INFO - [2024-06-22T11:05:33.728+0000] {dag.py:3954} INFO - Setting next_dagrun for example_complex to None, run_after=None
[2024-06-22T11:05:33.885+0000] {processor.py:183} INFO - Processing /home/airflow/.local/lib/python3.12/site-packages/airflow/example_dags/example_complex.py took 1.090 seconds
[2024-06-22T11:06:04.319+0000] {processor.py:161} INFO - Started process (PID=135) to work on /home/airflow/.local/lib/python3.12/site-packages/airflow/example_dags/example_complex.py
[2024-06-22T11:06:04.323+0000] {processor.py:830} INFO - Processing file /home/airflow/.local/lib/python3.12/site-packages/airflow/example_dags/example_complex.py for tasks to queue
[2024-06-22T11:06:04.338+0000] {logging_mixin.py:188} INFO - [2024-06-22T11:06:04.337+0000] {dagbag.py:540} INFO - Filling up the DagBag from /home/airflow/.local/lib/python3.12/site-packages/airflow/example_dags/example_complex.py
[2024-06-22T11:06:04.400+0000] {processor.py:840} INFO - DAG(s) 'example_complex' retrieved from /home/airflow/.local/lib/python3.12/site-packages/airflow/example_dags/example_complex.py
[2024-06-22T11:06:04.559+0000] {logging_mixin.py:188} INFO - [2024-06-22T11:06:04.559+0000] {dag.py:3096} INFO - Sync 1 DAGs
[2024-06-22T11:06:04.608+0000] {logging_mixin.py:188} INFO - [2024-06-22T11:06:04.608+0000] {dag.py:3954} INFO - Setting next_dagrun for example_complex to None, run_after=None
[2024-06-22T11:06:04.671+0000] {processor.py:183} INFO - Processing /home/airflow/.local/lib/python3.12/site-packages/airflow/example_dags/example_complex.py took 0.374 seconds
[2024-06-22T11:06:35.550+0000] {processor.py:161} INFO - Started process (PID=196) to work on /home/airflow/.local/lib/python3.12/site-packages/airflow/example_dags/example_complex.py
[2024-06-22T11:06:35.562+0000] {processor.py:830} INFO - Processing file /home/airflow/.local/lib/python3.12/site-packages/airflow/example_dags/example_complex.py for tasks to queue
[2024-06-22T11:06:35.566+0000] {logging_mixin.py:188} INFO - [2024-06-22T11:06:35.566+0000] {dagbag.py:540} INFO - Filling up the DagBag from /home/airflow/.local/lib/python3.12/site-packages/airflow/example_dags/example_complex.py
[2024-06-22T11:06:35.596+0000] {processor.py:840} INFO - DAG(s) 'example_complex' retrieved from /home/airflow/.local/lib/python3.12/site-packages/airflow/example_dags/example_complex.py
[2024-06-22T11:06:35.685+0000] {logging_mixin.py:188} INFO - [2024-06-22T11:06:35.685+0000] {dag.py:3096} INFO - Sync 1 DAGs
[2024-06-22T11:06:35.718+0000] {logging_mixin.py:188} INFO - [2024-06-22T11:06:35.717+0000] {dag.py:3954} INFO - Setting next_dagrun for example_complex to None, run_after=None
[2024-06-22T11:06:35.760+0000] {processor.py:183} INFO - Processing /home/airflow/.local/lib/python3.12/site-packages/airflow/example_dags/example_complex.py took 0.232 seconds
[2024-06-22T11:07:06.012+0000] {processor.py:161} INFO - Started process (PID=255) to work on /home/airflow/.local/lib/python3.12/site-packages/airflow/example_dags/example_complex.py
[2024-06-22T11:07:06.016+0000] {processor.py:830} INFO - Processing file /home/airflow/.local/lib/python3.12/site-packages/airflow/example_dags/example_complex.py for tasks to queue
[2024-06-22T11:07:06.030+0000] {logging_mixin.py:188} INFO - [2024-06-22T11:07:06.029+0000] {dagbag.py:540} INFO - Filling up the DagBag from /home/airflow/.local/lib/python3.12/site-packages/airflow/example_dags/example_complex.py
[2024-06-22T11:07:06.075+0000] {processor.py:840} INFO - DAG(s) 'example_complex' retrieved from /home/airflow/.local/lib/python3.12/site-packages/airflow/example_dags/example_complex.py
[2024-06-22T11:07:06.154+0000] {logging_mixin.py:188} INFO - [2024-06-22T11:07:06.153+0000] {dag.py:3096} INFO - Sync 1 DAGs
[2024-06-22T11:07:06.181+0000] {logging_mixin.py:188} INFO - [2024-06-22T11:07:06.180+0000] {dag.py:3954} INFO - Setting next_dagrun for example_complex to None, run_after=None
[2024-06-22T11:07:06.258+0000] {processor.py:183} INFO - Processing /home/airflow/.local/lib/python3.12/site-packages/airflow/example_dags/example_complex.py took 0.262 seconds
[2024-06-22T11:07:36.640+0000] {processor.py:161} INFO - Started process (PID=314) to work on /home/airflow/.local/lib/python3.12/site-packages/airflow/example_dags/example_complex.py
[2024-06-22T11:07:36.643+0000] {processor.py:830} INFO - Processing file /home/airflow/.local/lib/python3.12/site-packages/airflow/example_dags/example_complex.py for tasks to queue
[2024-06-22T11:07:36.647+0000] {logging_mixin.py:188} INFO - [2024-06-22T11:07:36.646+0000] {dagbag.py:540} INFO - Filling up the DagBag from /home/airflow/.local/lib/python3.12/site-packages/airflow/example_dags/example_complex.py
[2024-06-22T11:07:36.664+0000] {processor.py:840} INFO - DAG(s) 'example_complex' retrieved from /home/airflow/.local/lib/python3.12/site-packages/airflow/example_dags/example_complex.py
[2024-06-22T11:07:36.723+0000] {logging_mixin.py:188} INFO - [2024-06-22T11:07:36.722+0000] {dag.py:3096} INFO - Sync 1 DAGs
[2024-06-22T11:07:36.745+0000] {logging_mixin.py:188} INFO - [2024-06-22T11:07:36.745+0000] {dag.py:3954} INFO - Setting next_dagrun for example_complex to None, run_after=None
[2024-06-22T11:07:36.774+0000] {processor.py:183} INFO - Processing /home/airflow/.local/lib/python3.12/site-packages/airflow/example_dags/example_complex.py took 0.143 seconds
[2024-06-22T11:08:07.179+0000] {processor.py:161} INFO - Started process (PID=372) to work on /home/airflow/.local/lib/python3.12/site-packages/airflow/example_dags/example_complex.py
[2024-06-22T11:08:07.181+0000] {processor.py:830} INFO - Processing file /home/airflow/.local/lib/python3.12/site-packages/airflow/example_dags/example_complex.py for tasks to queue
[2024-06-22T11:08:07.195+0000] {logging_mixin.py:188} INFO - [2024-06-22T11:08:07.195+0000] {dagbag.py:540} INFO - Filling up the DagBag from /home/airflow/.local/lib/python3.12/site-packages/airflow/example_dags/example_complex.py
[2024-06-22T11:08:07.214+0000] {processor.py:840} INFO - DAG(s) 'example_complex' retrieved from /home/airflow/.local/lib/python3.12/site-packages/airflow/example_dags/example_complex.py
[2024-06-22T11:08:07.286+0000] {logging_mixin.py:188} INFO - [2024-06-22T11:08:07.285+0000] {dag.py:3096} INFO - Sync 1 DAGs
[2024-06-22T11:08:07.307+0000] {logging_mixin.py:188} INFO - [2024-06-22T11:08:07.306+0000] {dag.py:3954} INFO - Setting next_dagrun for example_complex to None, run_after=None
[2024-06-22T11:08:07.346+0000] {processor.py:183} INFO - Processing /home/airflow/.local/lib/python3.12/site-packages/airflow/example_dags/example_complex.py took 0.208 seconds
[2024-06-22T11:08:37.933+0000] {processor.py:161} INFO - Started process (PID=431) to work on /home/airflow/.local/lib/python3.12/site-packages/airflow/example_dags/example_complex.py
[2024-06-22T11:08:37.948+0000] {processor.py:830} INFO - Processing file /home/airflow/.local/lib/python3.12/site-packages/airflow/example_dags/example_complex.py for tasks to queue
[2024-06-22T11:08:37.958+0000] {logging_mixin.py:188} INFO - [2024-06-22T11:08:37.958+0000] {dagbag.py:540} INFO - Filling up the DagBag from /home/airflow/.local/lib/python3.12/site-packages/airflow/example_dags/example_complex.py
[2024-06-22T11:08:38.029+0000] {processor.py:840} INFO - DAG(s) 'example_complex' retrieved from /home/airflow/.local/lib/python3.12/site-packages/airflow/example_dags/example_complex.py
[2024-06-22T11:08:38.209+0000] {logging_mixin.py:188} INFO - [2024-06-22T11:08:38.208+0000] {dag.py:3096} INFO - Sync 1 DAGs
[2024-06-22T11:08:38.248+0000] {logging_mixin.py:188} INFO - [2024-06-22T11:08:38.248+0000] {dag.py:3954} INFO - Setting next_dagrun for example_complex to None, run_after=None
[2024-06-22T11:08:38.340+0000] {processor.py:183} INFO - Processing /home/airflow/.local/lib/python3.12/site-packages/airflow/example_dags/example_complex.py took 0.439 seconds
[2024-06-22T11:09:08.767+0000] {processor.py:161} INFO - Started process (PID=488) to work on /home/airflow/.local/lib/python3.12/site-packages/airflow/example_dags/example_complex.py
[2024-06-22T11:09:08.772+0000] {processor.py:830} INFO - Processing file /home/airflow/.local/lib/python3.12/site-packages/airflow/example_dags/example_complex.py for tasks to queue
[2024-06-22T11:09:08.787+0000] {logging_mixin.py:188} INFO - [2024-06-22T11:09:08.784+0000] {dagbag.py:540} INFO - Filling up the DagBag from /home/airflow/.local/lib/python3.12/site-packages/airflow/example_dags/example_complex.py
[2024-06-22T11:09:08.848+0000] {processor.py:840} INFO - DAG(s) 'example_complex' retrieved from /home/airflow/.local/lib/python3.12/site-packages/airflow/example_dags/example_complex.py
[2024-06-22T11:09:09.049+0000] {logging_mixin.py:188} INFO - [2024-06-22T11:09:09.048+0000] {dag.py:3096} INFO - Sync 1 DAGs
[2024-06-22T11:09:09.135+0000] {logging_mixin.py:188} INFO - [2024-06-22T11:09:09.135+0000] {dag.py:3954} INFO - Setting next_dagrun for example_complex to None, run_after=None
[2024-06-22T11:09:09.276+0000] {processor.py:183} INFO - Processing /home/airflow/.local/lib/python3.12/site-packages/airflow/example_dags/example_complex.py took 0.536 seconds
[2024-06-22T11:09:39.458+0000] {processor.py:161} INFO - Started process (PID=545) to work on /home/airflow/.local/lib/python3.12/site-packages/airflow/example_dags/example_complex.py
[2024-06-22T11:09:39.460+0000] {processor.py:830} INFO - Processing file /home/airflow/.local/lib/python3.12/site-packages/airflow/example_dags/example_complex.py for tasks to queue
[2024-06-22T11:09:39.465+0000] {logging_mixin.py:188} INFO - [2024-06-22T11:09:39.464+0000] {dagbag.py:540} INFO - Filling up the DagBag from /home/airflow/.local/lib/python3.12/site-packages/airflow/example_dags/example_complex.py
[2024-06-22T11:09:39.481+0000] {processor.py:840} INFO - DAG(s) 'example_complex' retrieved from /home/airflow/.local/lib/python3.12/site-packages/airflow/example_dags/example_complex.py
[2024-06-22T11:09:39.540+0000] {logging_mixin.py:188} INFO - [2024-06-22T11:09:39.540+0000] {dag.py:3096} INFO - Sync 1 DAGs
[2024-06-22T11:09:39.561+0000] {logging_mixin.py:188} INFO - [2024-06-22T11:09:39.561+0000] {dag.py:3954} INFO - Setting next_dagrun for example_complex to None, run_after=None
[2024-06-22T11:09:39.602+0000] {processor.py:183} INFO - Processing /home/airflow/.local/lib/python3.12/site-packages/airflow/example_dags/example_complex.py took 0.155 seconds
[2024-06-22T11:10:09.758+0000] {processor.py:161} INFO - Started process (PID=606) to work on /home/airflow/.local/lib/python3.12/site-packages/airflow/example_dags/example_complex.py
[2024-06-22T11:10:09.767+0000] {processor.py:830} INFO - Processing file /home/airflow/.local/lib/python3.12/site-packages/airflow/example_dags/example_complex.py for tasks to queue
[2024-06-22T11:10:09.771+0000] {logging_mixin.py:188} INFO - [2024-06-22T11:10:09.770+0000] {dagbag.py:540} INFO - Filling up the DagBag from /home/airflow/.local/lib/python3.12/site-packages/airflow/example_dags/example_complex.py
[2024-06-22T11:10:09.793+0000] {processor.py:840} INFO - DAG(s) 'example_complex' retrieved from /home/airflow/.local/lib/python3.12/site-packages/airflow/example_dags/example_complex.py
[2024-06-22T11:10:09.849+0000] {logging_mixin.py:188} INFO - [2024-06-22T11:10:09.849+0000] {dag.py:3096} INFO - Sync 1 DAGs
[2024-06-22T11:10:09.871+0000] {logging_mixin.py:188} INFO - [2024-06-22T11:10:09.870+0000] {dag.py:3954} INFO - Setting next_dagrun for example_complex to None, run_after=None
[2024-06-22T11:10:09.908+0000] {processor.py:183} INFO - Processing /home/airflow/.local/lib/python3.12/site-packages/airflow/example_dags/example_complex.py took 0.162 seconds
[2024-06-22T11:10:40.629+0000] {processor.py:161} INFO - Started process (PID=665) to work on /home/airflow/.local/lib/python3.12/site-packages/airflow/example_dags/example_complex.py
[2024-06-22T11:10:40.632+0000] {processor.py:830} INFO - Processing file /home/airflow/.local/lib/python3.12/site-packages/airflow/example_dags/example_complex.py for tasks to queue
[2024-06-22T11:10:40.636+0000] {logging_mixin.py:188} INFO - [2024-06-22T11:10:40.635+0000] {dagbag.py:540} INFO - Filling up the DagBag from /home/airflow/.local/lib/python3.12/site-packages/airflow/example_dags/example_complex.py
[2024-06-22T11:10:40.667+0000] {processor.py:840} INFO - DAG(s) 'example_complex' retrieved from /home/airflow/.local/lib/python3.12/site-packages/airflow/example_dags/example_complex.py
[2024-06-22T11:10:40.744+0000] {logging_mixin.py:188} INFO - [2024-06-22T11:10:40.744+0000] {dag.py:3096} INFO - Sync 1 DAGs
[2024-06-22T11:10:40.775+0000] {logging_mixin.py:188} INFO - [2024-06-22T11:10:40.774+0000] {dag.py:3954} INFO - Setting next_dagrun for example_complex to None, run_after=None
[2024-06-22T11:10:41.328+0000] {processor.py:183} INFO - Processing /home/airflow/.local/lib/python3.12/site-packages/airflow/example_dags/example_complex.py took 0.713 seconds
[2024-06-22T11:11:22.430+0000] {processor.py:161} INFO - Started process (PID=738) to work on /home/airflow/.local/lib/python3.12/site-packages/airflow/example_dags/example_complex.py
[2024-06-22T11:11:22.433+0000] {processor.py:830} INFO - Processing file /home/airflow/.local/lib/python3.12/site-packages/airflow/example_dags/example_complex.py for tasks to queue
[2024-06-22T11:11:22.441+0000] {logging_mixin.py:188} INFO - [2024-06-22T11:11:22.441+0000] {dagbag.py:540} INFO - Filling up the DagBag from /home/airflow/.local/lib/python3.12/site-packages/airflow/example_dags/example_complex.py
[2024-06-22T11:11:22.480+0000] {processor.py:840} INFO - DAG(s) 'example_complex' retrieved from /home/airflow/.local/lib/python3.12/site-packages/airflow/example_dags/example_complex.py
[2024-06-22T11:11:22.590+0000] {logging_mixin.py:188} INFO - [2024-06-22T11:11:22.590+0000] {dag.py:3096} INFO - Sync 1 DAGs
[2024-06-22T11:11:22.645+0000] {logging_mixin.py:188} INFO - [2024-06-22T11:11:22.644+0000] {dag.py:3954} INFO - Setting next_dagrun for example_complex to None, run_after=None
[2024-06-22T11:11:22.722+0000] {processor.py:183} INFO - Processing /home/airflow/.local/lib/python3.12/site-packages/airflow/example_dags/example_complex.py took 0.321 seconds
[2024-06-22T11:12:11.673+0000] {processor.py:161} INFO - Started process (PID=809) to work on /home/airflow/.local/lib/python3.12/site-packages/airflow/example_dags/example_complex.py
[2024-06-22T11:12:11.679+0000] {processor.py:830} INFO - Processing file /home/airflow/.local/lib/python3.12/site-packages/airflow/example_dags/example_complex.py for tasks to queue
[2024-06-22T11:12:11.687+0000] {logging_mixin.py:188} INFO - [2024-06-22T11:12:11.686+0000] {dagbag.py:540} INFO - Filling up the DagBag from /home/airflow/.local/lib/python3.12/site-packages/airflow/example_dags/example_complex.py
[2024-06-22T11:12:11.738+0000] {processor.py:840} INFO - DAG(s) 'example_complex' retrieved from /home/airflow/.local/lib/python3.12/site-packages/airflow/example_dags/example_complex.py
[2024-06-22T11:12:11.896+0000] {logging_mixin.py:188} INFO - [2024-06-22T11:12:11.895+0000] {dag.py:3096} INFO - Sync 1 DAGs
[2024-06-22T11:12:11.959+0000] {logging_mixin.py:188} INFO - [2024-06-22T11:12:11.958+0000] {dag.py:3954} INFO - Setting next_dagrun for example_complex to None, run_after=None
[2024-06-22T11:12:12.084+0000] {processor.py:183} INFO - Processing /home/airflow/.local/lib/python3.12/site-packages/airflow/example_dags/example_complex.py took 0.445 seconds
[2024-06-22T11:12:45.830+0000] {processor.py:161} INFO - Started process (PID=872) to work on /home/airflow/.local/lib/python3.12/site-packages/airflow/example_dags/example_complex.py
[2024-06-22T11:12:45.841+0000] {processor.py:830} INFO - Processing file /home/airflow/.local/lib/python3.12/site-packages/airflow/example_dags/example_complex.py for tasks to queue
[2024-06-22T11:12:45.849+0000] {logging_mixin.py:188} INFO - [2024-06-22T11:12:45.849+0000] {dagbag.py:540} INFO - Filling up the DagBag from /home/airflow/.local/lib/python3.12/site-packages/airflow/example_dags/example_complex.py
[2024-06-22T11:12:45.885+0000] {processor.py:840} INFO - DAG(s) 'example_complex' retrieved from /home/airflow/.local/lib/python3.12/site-packages/airflow/example_dags/example_complex.py
[2024-06-22T11:12:45.994+0000] {logging_mixin.py:188} INFO - [2024-06-22T11:12:45.993+0000] {dag.py:3096} INFO - Sync 1 DAGs
[2024-06-22T11:12:46.514+0000] {logging_mixin.py:188} INFO - [2024-06-22T11:12:46.514+0000] {dag.py:3954} INFO - Setting next_dagrun for example_complex to None, run_after=None
[2024-06-22T11:12:46.577+0000] {processor.py:183} INFO - Processing /home/airflow/.local/lib/python3.12/site-packages/airflow/example_dags/example_complex.py took 0.782 seconds
[2024-06-22T11:13:17.373+0000] {processor.py:161} INFO - Started process (PID=932) to work on /home/airflow/.local/lib/python3.12/site-packages/airflow/example_dags/example_complex.py
[2024-06-22T11:13:17.378+0000] {processor.py:830} INFO - Processing file /home/airflow/.local/lib/python3.12/site-packages/airflow/example_dags/example_complex.py for tasks to queue
[2024-06-22T11:13:17.386+0000] {logging_mixin.py:188} INFO - [2024-06-22T11:13:17.385+0000] {dagbag.py:540} INFO - Filling up the DagBag from /home/airflow/.local/lib/python3.12/site-packages/airflow/example_dags/example_complex.py
[2024-06-22T11:13:17.411+0000] {processor.py:840} INFO - DAG(s) 'example_complex' retrieved from /home/airflow/.local/lib/python3.12/site-packages/airflow/example_dags/example_complex.py
[2024-06-22T11:13:17.472+0000] {logging_mixin.py:188} INFO - [2024-06-22T11:13:17.471+0000] {dag.py:3096} INFO - Sync 1 DAGs
[2024-06-22T11:13:17.494+0000] {logging_mixin.py:188} INFO - [2024-06-22T11:13:17.493+0000] {dag.py:3954} INFO - Setting next_dagrun for example_complex to None, run_after=None
[2024-06-22T11:13:17.697+0000] {processor.py:183} INFO - Processing /home/airflow/.local/lib/python3.12/site-packages/airflow/example_dags/example_complex.py took 0.339 seconds
[2024-06-22T11:14:01.821+0000] {processor.py:161} INFO - Started process (PID=999) to work on /home/airflow/.local/lib/python3.12/site-packages/airflow/example_dags/example_complex.py
[2024-06-22T11:14:01.823+0000] {processor.py:830} INFO - Processing file /home/airflow/.local/lib/python3.12/site-packages/airflow/example_dags/example_complex.py for tasks to queue
[2024-06-22T11:14:01.831+0000] {logging_mixin.py:188} INFO - [2024-06-22T11:14:01.830+0000] {dagbag.py:540} INFO - Filling up the DagBag from /home/airflow/.local/lib/python3.12/site-packages/airflow/example_dags/example_complex.py
[2024-06-22T11:14:01.866+0000] {processor.py:840} INFO - DAG(s) 'example_complex' retrieved from /home/airflow/.local/lib/python3.12/site-packages/airflow/example_dags/example_complex.py
[2024-06-22T11:14:01.964+0000] {logging_mixin.py:188} INFO - [2024-06-22T11:14:01.963+0000] {dag.py:3096} INFO - Sync 1 DAGs
[2024-06-22T11:14:02.004+0000] {logging_mixin.py:188} INFO - [2024-06-22T11:14:02.004+0000] {dag.py:3954} INFO - Setting next_dagrun for example_complex to None, run_after=None
[2024-06-22T11:14:02.059+0000] {processor.py:183} INFO - Processing /home/airflow/.local/lib/python3.12/site-packages/airflow/example_dags/example_complex.py took 0.262 seconds
[2024-06-22T11:14:45.908+0000] {processor.py:161} INFO - Started process (PID=1062) to work on /home/airflow/.local/lib/python3.12/site-packages/airflow/example_dags/example_complex.py
[2024-06-22T11:14:45.916+0000] {processor.py:830} INFO - Processing file /home/airflow/.local/lib/python3.12/site-packages/airflow/example_dags/example_complex.py for tasks to queue
[2024-06-22T11:14:45.929+0000] {logging_mixin.py:188} INFO - [2024-06-22T11:14:45.928+0000] {dagbag.py:540} INFO - Filling up the DagBag from /home/airflow/.local/lib/python3.12/site-packages/airflow/example_dags/example_complex.py
[2024-06-22T11:14:45.978+0000] {processor.py:840} INFO - DAG(s) 'example_complex' retrieved from /home/airflow/.local/lib/python3.12/site-packages/airflow/example_dags/example_complex.py
[2024-06-22T11:14:46.172+0000] {logging_mixin.py:188} INFO - [2024-06-22T11:14:46.172+0000] {dag.py:3096} INFO - Sync 1 DAGs
[2024-06-22T11:14:46.228+0000] {logging_mixin.py:188} INFO - [2024-06-22T11:14:46.227+0000] {dag.py:3954} INFO - Setting next_dagrun for example_complex to None, run_after=None
[2024-06-22T11:14:46.360+0000] {processor.py:183} INFO - Processing /home/airflow/.local/lib/python3.12/site-packages/airflow/example_dags/example_complex.py took 0.480 seconds
[2024-06-22T11:15:22.413+0000] {processor.py:161} INFO - Started process (PID=1127) to work on /home/airflow/.local/lib/python3.12/site-packages/airflow/example_dags/example_complex.py
[2024-06-22T11:15:22.429+0000] {processor.py:830} INFO - Processing file /home/airflow/.local/lib/python3.12/site-packages/airflow/example_dags/example_complex.py for tasks to queue
[2024-06-22T11:15:22.433+0000] {logging_mixin.py:188} INFO - [2024-06-22T11:15:22.432+0000] {dagbag.py:540} INFO - Filling up the DagBag from /home/airflow/.local/lib/python3.12/site-packages/airflow/example_dags/example_complex.py
[2024-06-22T11:15:22.485+0000] {processor.py:840} INFO - DAG(s) 'example_complex' retrieved from /home/airflow/.local/lib/python3.12/site-packages/airflow/example_dags/example_complex.py
[2024-06-22T11:15:22.626+0000] {logging_mixin.py:188} INFO - [2024-06-22T11:15:22.626+0000] {dag.py:3096} INFO - Sync 1 DAGs
[2024-06-22T11:15:22.682+0000] {logging_mixin.py:188} INFO - [2024-06-22T11:15:22.681+0000] {dag.py:3954} INFO - Setting next_dagrun for example_complex to None, run_after=None
[2024-06-22T11:15:22.761+0000] {processor.py:183} INFO - Processing /home/airflow/.local/lib/python3.12/site-packages/airflow/example_dags/example_complex.py took 0.379 seconds
[2024-06-22T11:15:53.076+0000] {processor.py:161} INFO - Started process (PID=1185) to work on /home/airflow/.local/lib/python3.12/site-packages/airflow/example_dags/example_complex.py
[2024-06-22T11:15:53.092+0000] {processor.py:830} INFO - Processing file /home/airflow/.local/lib/python3.12/site-packages/airflow/example_dags/example_complex.py for tasks to queue
[2024-06-22T11:15:53.110+0000] {logging_mixin.py:188} INFO - [2024-06-22T11:15:53.109+0000] {dagbag.py:540} INFO - Filling up the DagBag from /home/airflow/.local/lib/python3.12/site-packages/airflow/example_dags/example_complex.py
[2024-06-22T11:15:53.164+0000] {processor.py:840} INFO - DAG(s) 'example_complex' retrieved from /home/airflow/.local/lib/python3.12/site-packages/airflow/example_dags/example_complex.py
[2024-06-22T11:15:53.420+0000] {logging_mixin.py:188} INFO - [2024-06-22T11:15:53.420+0000] {dag.py:3096} INFO - Sync 1 DAGs
[2024-06-22T11:15:53.540+0000] {logging_mixin.py:188} INFO - [2024-06-22T11:15:53.540+0000] {dag.py:3954} INFO - Setting next_dagrun for example_complex to None, run_after=None
[2024-06-22T11:15:53.939+0000] {processor.py:183} INFO - Processing /home/airflow/.local/lib/python3.12/site-packages/airflow/example_dags/example_complex.py took 0.898 seconds
[2024-06-22T11:16:28.550+0000] {processor.py:161} INFO - Started process (PID=1243) to work on /home/airflow/.local/lib/python3.12/site-packages/airflow/example_dags/example_complex.py
[2024-06-22T11:16:28.567+0000] {processor.py:830} INFO - Processing file /home/airflow/.local/lib/python3.12/site-packages/airflow/example_dags/example_complex.py for tasks to queue
[2024-06-22T11:16:28.571+0000] {logging_mixin.py:188} INFO - [2024-06-22T11:16:28.570+0000] {dagbag.py:540} INFO - Filling up the DagBag from /home/airflow/.local/lib/python3.12/site-packages/airflow/example_dags/example_complex.py
[2024-06-22T11:16:28.650+0000] {processor.py:840} INFO - DAG(s) 'example_complex' retrieved from /home/airflow/.local/lib/python3.12/site-packages/airflow/example_dags/example_complex.py
[2024-06-22T11:16:28.854+0000] {logging_mixin.py:188} INFO - [2024-06-22T11:16:28.853+0000] {dag.py:3096} INFO - Sync 1 DAGs
[2024-06-22T11:16:28.936+0000] {logging_mixin.py:188} INFO - [2024-06-22T11:16:28.936+0000] {dag.py:3954} INFO - Setting next_dagrun for example_complex to None, run_after=None
[2024-06-22T11:16:29.060+0000] {processor.py:183} INFO - Processing /home/airflow/.local/lib/python3.12/site-packages/airflow/example_dags/example_complex.py took 0.550 seconds
[2024-06-22T11:17:00.712+0000] {processor.py:161} INFO - Started process (PID=1303) to work on /home/airflow/.local/lib/python3.12/site-packages/airflow/example_dags/example_complex.py
[2024-06-22T11:17:00.721+0000] {processor.py:830} INFO - Processing file /home/airflow/.local/lib/python3.12/site-packages/airflow/example_dags/example_complex.py for tasks to queue
[2024-06-22T11:17:00.741+0000] {logging_mixin.py:188} INFO - [2024-06-22T11:17:00.736+0000] {dagbag.py:540} INFO - Filling up the DagBag from /home/airflow/.local/lib/python3.12/site-packages/airflow/example_dags/example_complex.py
[2024-06-22T11:17:00.777+0000] {processor.py:840} INFO - DAG(s) 'example_complex' retrieved from /home/airflow/.local/lib/python3.12/site-packages/airflow/example_dags/example_complex.py
[2024-06-22T11:17:01.059+0000] {logging_mixin.py:188} INFO - [2024-06-22T11:17:01.058+0000] {dag.py:3096} INFO - Sync 1 DAGs
[2024-06-22T11:17:01.102+0000] {logging_mixin.py:188} INFO - [2024-06-22T11:17:01.101+0000] {dag.py:3954} INFO - Setting next_dagrun for example_complex to None, run_after=None
[2024-06-22T11:17:01.261+0000] {processor.py:183} INFO - Processing /home/airflow/.local/lib/python3.12/site-packages/airflow/example_dags/example_complex.py took 0.610 seconds
[2024-06-22T11:17:31.694+0000] {processor.py:161} INFO - Started process (PID=1363) to work on /home/airflow/.local/lib/python3.12/site-packages/airflow/example_dags/example_complex.py
[2024-06-22T11:17:31.697+0000] {processor.py:830} INFO - Processing file /home/airflow/.local/lib/python3.12/site-packages/airflow/example_dags/example_complex.py for tasks to queue
[2024-06-22T11:17:31.708+0000] {logging_mixin.py:188} INFO - [2024-06-22T11:17:31.704+0000] {dagbag.py:540} INFO - Filling up the DagBag from /home/airflow/.local/lib/python3.12/site-packages/airflow/example_dags/example_complex.py
[2024-06-22T11:17:31.783+0000] {processor.py:840} INFO - DAG(s) 'example_complex' retrieved from /home/airflow/.local/lib/python3.12/site-packages/airflow/example_dags/example_complex.py
[2024-06-22T11:17:31.868+0000] {logging_mixin.py:188} INFO - [2024-06-22T11:17:31.868+0000] {dag.py:3096} INFO - Sync 1 DAGs
[2024-06-22T11:17:31.892+0000] {logging_mixin.py:188} INFO - [2024-06-22T11:17:31.891+0000] {dag.py:3954} INFO - Setting next_dagrun for example_complex to None, run_after=None
[2024-06-22T11:17:31.923+0000] {processor.py:183} INFO - Processing /home/airflow/.local/lib/python3.12/site-packages/airflow/example_dags/example_complex.py took 0.279 seconds
[2024-06-22T11:18:08.779+0000] {processor.py:161} INFO - Started process (PID=1427) to work on /home/airflow/.local/lib/python3.12/site-packages/airflow/example_dags/example_complex.py
[2024-06-22T11:18:08.781+0000] {processor.py:830} INFO - Processing file /home/airflow/.local/lib/python3.12/site-packages/airflow/example_dags/example_complex.py for tasks to queue
[2024-06-22T11:18:08.793+0000] {logging_mixin.py:188} INFO - [2024-06-22T11:18:08.793+0000] {dagbag.py:540} INFO - Filling up the DagBag from /home/airflow/.local/lib/python3.12/site-packages/airflow/example_dags/example_complex.py
[2024-06-22T11:18:08.860+0000] {processor.py:840} INFO - DAG(s) 'example_complex' retrieved from /home/airflow/.local/lib/python3.12/site-packages/airflow/example_dags/example_complex.py
[2024-06-22T11:18:08.963+0000] {logging_mixin.py:188} INFO - [2024-06-22T11:18:08.962+0000] {dag.py:3096} INFO - Sync 1 DAGs
[2024-06-22T11:18:08.989+0000] {logging_mixin.py:188} INFO - [2024-06-22T11:18:08.988+0000] {dag.py:3954} INFO - Setting next_dagrun for example_complex to None, run_after=None
[2024-06-22T11:18:09.029+0000] {processor.py:183} INFO - Processing /home/airflow/.local/lib/python3.12/site-packages/airflow/example_dags/example_complex.py took 0.285 seconds
[2024-06-22T11:18:43.855+0000] {processor.py:161} INFO - Started process (PID=1485) to work on /home/airflow/.local/lib/python3.12/site-packages/airflow/example_dags/example_complex.py
[2024-06-22T11:18:43.862+0000] {processor.py:830} INFO - Processing file /home/airflow/.local/lib/python3.12/site-packages/airflow/example_dags/example_complex.py for tasks to queue
[2024-06-22T11:18:43.888+0000] {logging_mixin.py:188} INFO - [2024-06-22T11:18:43.888+0000] {dagbag.py:540} INFO - Filling up the DagBag from /home/airflow/.local/lib/python3.12/site-packages/airflow/example_dags/example_complex.py
[2024-06-22T11:18:44.087+0000] {processor.py:840} INFO - DAG(s) 'example_complex' retrieved from /home/airflow/.local/lib/python3.12/site-packages/airflow/example_dags/example_complex.py
[2024-06-22T11:18:44.465+0000] {logging_mixin.py:188} INFO - [2024-06-22T11:18:44.462+0000] {dag.py:3096} INFO - Sync 1 DAGs
[2024-06-22T11:18:44.514+0000] {logging_mixin.py:188} INFO - [2024-06-22T11:18:44.513+0000] {dag.py:3954} INFO - Setting next_dagrun for example_complex to None, run_after=None
[2024-06-22T11:18:44.687+0000] {processor.py:183} INFO - Processing /home/airflow/.local/lib/python3.12/site-packages/airflow/example_dags/example_complex.py took 0.936 seconds
[2024-06-22T11:19:25.399+0000] {processor.py:161} INFO - Started process (PID=1554) to work on /home/airflow/.local/lib/python3.12/site-packages/airflow/example_dags/example_complex.py
[2024-06-22T11:19:25.422+0000] {processor.py:830} INFO - Processing file /home/airflow/.local/lib/python3.12/site-packages/airflow/example_dags/example_complex.py for tasks to queue
[2024-06-22T11:19:25.444+0000] {logging_mixin.py:188} INFO - [2024-06-22T11:19:25.433+0000] {dagbag.py:540} INFO - Filling up the DagBag from /home/airflow/.local/lib/python3.12/site-packages/airflow/example_dags/example_complex.py
[2024-06-22T11:19:25.591+0000] {processor.py:840} INFO - DAG(s) 'example_complex' retrieved from /home/airflow/.local/lib/python3.12/site-packages/airflow/example_dags/example_complex.py
[2024-06-22T11:19:26.013+0000] {logging_mixin.py:188} INFO - [2024-06-22T11:19:26.012+0000] {dag.py:3096} INFO - Sync 1 DAGs
[2024-06-22T11:19:26.194+0000] {logging_mixin.py:188} INFO - [2024-06-22T11:19:26.194+0000] {dag.py:3954} INFO - Setting next_dagrun for example_complex to None, run_after=None
[2024-06-22T11:19:26.393+0000] {processor.py:183} INFO - Processing /home/airflow/.local/lib/python3.12/site-packages/airflow/example_dags/example_complex.py took 1.141 seconds
[2024-06-22T11:20:01.915+0000] {processor.py:161} INFO - Started process (PID=1611) to work on /home/airflow/.local/lib/python3.12/site-packages/airflow/example_dags/example_complex.py
[2024-06-22T11:20:01.921+0000] {processor.py:830} INFO - Processing file /home/airflow/.local/lib/python3.12/site-packages/airflow/example_dags/example_complex.py for tasks to queue
[2024-06-22T11:20:01.946+0000] {logging_mixin.py:188} INFO - [2024-06-22T11:20:01.945+0000] {dagbag.py:540} INFO - Filling up the DagBag from /home/airflow/.local/lib/python3.12/site-packages/airflow/example_dags/example_complex.py
[2024-06-22T11:20:02.046+0000] {processor.py:840} INFO - DAG(s) 'example_complex' retrieved from /home/airflow/.local/lib/python3.12/site-packages/airflow/example_dags/example_complex.py
[2024-06-22T11:20:02.264+0000] {logging_mixin.py:188} INFO - [2024-06-22T11:20:02.264+0000] {dag.py:3096} INFO - Sync 1 DAGs
[2024-06-22T11:20:02.311+0000] {logging_mixin.py:188} INFO - [2024-06-22T11:20:02.310+0000] {dag.py:3954} INFO - Setting next_dagrun for example_complex to None, run_after=None
[2024-06-22T11:20:02.395+0000] {processor.py:183} INFO - Processing /home/airflow/.local/lib/python3.12/site-packages/airflow/example_dags/example_complex.py took 0.515 seconds
[2024-06-22T11:20:32.799+0000] {processor.py:161} INFO - Started process (PID=1669) to work on /home/airflow/.local/lib/python3.12/site-packages/airflow/example_dags/example_complex.py
[2024-06-22T11:20:32.811+0000] {processor.py:830} INFO - Processing file /home/airflow/.local/lib/python3.12/site-packages/airflow/example_dags/example_complex.py for tasks to queue
[2024-06-22T11:20:32.818+0000] {logging_mixin.py:188} INFO - [2024-06-22T11:20:32.817+0000] {dagbag.py:540} INFO - Filling up the DagBag from /home/airflow/.local/lib/python3.12/site-packages/airflow/example_dags/example_complex.py
[2024-06-22T11:20:32.876+0000] {processor.py:840} INFO - DAG(s) 'example_complex' retrieved from /home/airflow/.local/lib/python3.12/site-packages/airflow/example_dags/example_complex.py
[2024-06-22T11:20:33.025+0000] {logging_mixin.py:188} INFO - [2024-06-22T11:20:33.025+0000] {dag.py:3096} INFO - Sync 1 DAGs
[2024-06-22T11:20:33.099+0000] {logging_mixin.py:188} INFO - [2024-06-22T11:20:33.096+0000] {dag.py:3954} INFO - Setting next_dagrun for example_complex to None, run_after=None
[2024-06-22T11:20:33.173+0000] {processor.py:183} INFO - Processing /home/airflow/.local/lib/python3.12/site-packages/airflow/example_dags/example_complex.py took 0.425 seconds
[2024-06-22T11:21:51.603+0000] {processor.py:161} INFO - Started process (PID=1728) to work on /home/airflow/.local/lib/python3.12/site-packages/airflow/example_dags/example_complex.py
[2024-06-22T11:21:51.607+0000] {processor.py:830} INFO - Processing file /home/airflow/.local/lib/python3.12/site-packages/airflow/example_dags/example_complex.py for tasks to queue
[2024-06-22T11:21:51.625+0000] {logging_mixin.py:188} INFO - [2024-06-22T11:21:51.624+0000] {dagbag.py:540} INFO - Filling up the DagBag from /home/airflow/.local/lib/python3.12/site-packages/airflow/example_dags/example_complex.py
[2024-06-22T11:21:51.705+0000] {processor.py:840} INFO - DAG(s) 'example_complex' retrieved from /home/airflow/.local/lib/python3.12/site-packages/airflow/example_dags/example_complex.py
[2024-06-22T11:21:52.194+0000] {logging_mixin.py:188} INFO - [2024-06-22T11:21:52.194+0000] {dag.py:3096} INFO - Sync 1 DAGs
[2024-06-22T11:21:52.258+0000] {logging_mixin.py:188} INFO - [2024-06-22T11:21:52.256+0000] {dag.py:3954} INFO - Setting next_dagrun for example_complex to None, run_after=None
[2024-06-22T11:21:52.357+0000] {processor.py:183} INFO - Processing /home/airflow/.local/lib/python3.12/site-packages/airflow/example_dags/example_complex.py took 0.950 seconds
[2024-06-22T11:22:24.045+0000] {processor.py:161} INFO - Started process (PID=1788) to work on /home/airflow/.local/lib/python3.12/site-packages/airflow/example_dags/example_complex.py
[2024-06-22T11:22:24.051+0000] {processor.py:830} INFO - Processing file /home/airflow/.local/lib/python3.12/site-packages/airflow/example_dags/example_complex.py for tasks to queue
[2024-06-22T11:22:24.068+0000] {logging_mixin.py:188} INFO - [2024-06-22T11:22:24.063+0000] {dagbag.py:540} INFO - Filling up the DagBag from /home/airflow/.local/lib/python3.12/site-packages/airflow/example_dags/example_complex.py
[2024-06-22T11:22:24.120+0000] {processor.py:840} INFO - DAG(s) 'example_complex' retrieved from /home/airflow/.local/lib/python3.12/site-packages/airflow/example_dags/example_complex.py
[2024-06-22T11:22:24.269+0000] {logging_mixin.py:188} INFO - [2024-06-22T11:22:24.267+0000] {dag.py:3096} INFO - Sync 1 DAGs
[2024-06-22T11:22:24.370+0000] {logging_mixin.py:188} INFO - [2024-06-22T11:22:24.370+0000] {dag.py:3954} INFO - Setting next_dagrun for example_complex to None, run_after=None
[2024-06-22T11:22:24.463+0000] {processor.py:183} INFO - Processing /home/airflow/.local/lib/python3.12/site-packages/airflow/example_dags/example_complex.py took 0.449 seconds
[2024-06-22T11:22:54.696+0000] {processor.py:161} INFO - Started process (PID=1845) to work on /home/airflow/.local/lib/python3.12/site-packages/airflow/example_dags/example_complex.py
[2024-06-22T11:22:54.698+0000] {processor.py:830} INFO - Processing file /home/airflow/.local/lib/python3.12/site-packages/airflow/example_dags/example_complex.py for tasks to queue
[2024-06-22T11:22:54.704+0000] {logging_mixin.py:188} INFO - [2024-06-22T11:22:54.703+0000] {dagbag.py:540} INFO - Filling up the DagBag from /home/airflow/.local/lib/python3.12/site-packages/airflow/example_dags/example_complex.py
[2024-06-22T11:22:54.727+0000] {processor.py:840} INFO - DAG(s) 'example_complex' retrieved from /home/airflow/.local/lib/python3.12/site-packages/airflow/example_dags/example_complex.py
[2024-06-22T11:22:54.821+0000] {logging_mixin.py:188} INFO - [2024-06-22T11:22:54.821+0000] {dag.py:3096} INFO - Sync 1 DAGs
[2024-06-22T11:22:54.862+0000] {logging_mixin.py:188} INFO - [2024-06-22T11:22:54.862+0000] {dag.py:3954} INFO - Setting next_dagrun for example_complex to None, run_after=None
[2024-06-22T11:22:54.894+0000] {processor.py:183} INFO - Processing /home/airflow/.local/lib/python3.12/site-packages/airflow/example_dags/example_complex.py took 0.214 seconds
[2024-06-22T11:23:25.471+0000] {processor.py:161} INFO - Started process (PID=1903) to work on /home/airflow/.local/lib/python3.12/site-packages/airflow/example_dags/example_complex.py
[2024-06-22T11:23:25.473+0000] {processor.py:830} INFO - Processing file /home/airflow/.local/lib/python3.12/site-packages/airflow/example_dags/example_complex.py for tasks to queue
[2024-06-22T11:23:25.479+0000] {logging_mixin.py:188} INFO - [2024-06-22T11:23:25.479+0000] {dagbag.py:540} INFO - Filling up the DagBag from /home/airflow/.local/lib/python3.12/site-packages/airflow/example_dags/example_complex.py
[2024-06-22T11:23:25.501+0000] {processor.py:840} INFO - DAG(s) 'example_complex' retrieved from /home/airflow/.local/lib/python3.12/site-packages/airflow/example_dags/example_complex.py
[2024-06-22T11:23:25.573+0000] {logging_mixin.py:188} INFO - [2024-06-22T11:23:25.572+0000] {dag.py:3096} INFO - Sync 1 DAGs
[2024-06-22T11:23:25.602+0000] {logging_mixin.py:188} INFO - [2024-06-22T11:23:25.602+0000] {dag.py:3954} INFO - Setting next_dagrun for example_complex to None, run_after=None
[2024-06-22T11:23:25.666+0000] {processor.py:183} INFO - Processing /home/airflow/.local/lib/python3.12/site-packages/airflow/example_dags/example_complex.py took 0.207 seconds
[2024-06-22T11:23:55.791+0000] {processor.py:161} INFO - Started process (PID=1961) to work on /home/airflow/.local/lib/python3.12/site-packages/airflow/example_dags/example_complex.py
[2024-06-22T11:23:55.794+0000] {processor.py:830} INFO - Processing file /home/airflow/.local/lib/python3.12/site-packages/airflow/example_dags/example_complex.py for tasks to queue
[2024-06-22T11:23:55.799+0000] {logging_mixin.py:188} INFO - [2024-06-22T11:23:55.798+0000] {dagbag.py:540} INFO - Filling up the DagBag from /home/airflow/.local/lib/python3.12/site-packages/airflow/example_dags/example_complex.py
[2024-06-22T11:23:55.819+0000] {processor.py:840} INFO - DAG(s) 'example_complex' retrieved from /home/airflow/.local/lib/python3.12/site-packages/airflow/example_dags/example_complex.py
[2024-06-22T11:23:55.892+0000] {logging_mixin.py:188} INFO - [2024-06-22T11:23:55.891+0000] {dag.py:3096} INFO - Sync 1 DAGs
[2024-06-22T11:23:55.923+0000] {logging_mixin.py:188} INFO - [2024-06-22T11:23:55.923+0000] {dag.py:3954} INFO - Setting next_dagrun for example_complex to None, run_after=None
[2024-06-22T11:23:55.966+0000] {processor.py:183} INFO - Processing /home/airflow/.local/lib/python3.12/site-packages/airflow/example_dags/example_complex.py took 0.185 seconds
[2024-06-22T11:24:26.440+0000] {processor.py:161} INFO - Started process (PID=2019) to work on /home/airflow/.local/lib/python3.12/site-packages/airflow/example_dags/example_complex.py
[2024-06-22T11:24:26.451+0000] {processor.py:830} INFO - Processing file /home/airflow/.local/lib/python3.12/site-packages/airflow/example_dags/example_complex.py for tasks to queue
[2024-06-22T11:24:26.466+0000] {logging_mixin.py:188} INFO - [2024-06-22T11:24:26.465+0000] {dagbag.py:540} INFO - Filling up the DagBag from /home/airflow/.local/lib/python3.12/site-packages/airflow/example_dags/example_complex.py
[2024-06-22T11:24:26.568+0000] {processor.py:840} INFO - DAG(s) 'example_complex' retrieved from /home/airflow/.local/lib/python3.12/site-packages/airflow/example_dags/example_complex.py
[2024-06-22T11:24:26.767+0000] {logging_mixin.py:188} INFO - [2024-06-22T11:24:26.767+0000] {dag.py:3096} INFO - Sync 1 DAGs
[2024-06-22T11:24:26.844+0000] {logging_mixin.py:188} INFO - [2024-06-22T11:24:26.844+0000] {dag.py:3954} INFO - Setting next_dagrun for example_complex to None, run_after=None
[2024-06-22T11:24:26.971+0000] {processor.py:183} INFO - Processing /home/airflow/.local/lib/python3.12/site-packages/airflow/example_dags/example_complex.py took 0.598 seconds
