[2024-06-22T04:11:13.626+0000] {processor.py:161} INFO - Started process (PID=60) to work on /home/airflow/.local/lib/python3.12/site-packages/airflow/example_dags/example_latest_only_with_trigger.py
[2024-06-22T04:11:13.632+0000] {processor.py:830} INFO - Processing file /home/airflow/.local/lib/python3.12/site-packages/airflow/example_dags/example_latest_only_with_trigger.py for tasks to queue
[2024-06-22T04:11:13.639+0000] {logging_mixin.py:188} INFO - [2024-06-22T04:11:13.639+0000] {dagbag.py:540} INFO - Filling up the DagBag from /home/airflow/.local/lib/python3.12/site-packages/airflow/example_dags/example_latest_only_with_trigger.py
[2024-06-22T04:11:13.663+0000] {processor.py:840} INFO - DAG(s) 'latest_only_with_trigger' retrieved from /home/airflow/.local/lib/python3.12/site-packages/airflow/example_dags/example_latest_only_with_trigger.py
[2024-06-22T04:11:13.725+0000] {logging_mixin.py:188} INFO - [2024-06-22T04:11:13.725+0000] {dag.py:3096} INFO - Sync 1 DAGs
[2024-06-22T04:11:13.914+0000] {logging_mixin.py:188} INFO - [2024-06-22T04:11:13.914+0000] {dag.py:3954} INFO - Setting next_dagrun for latest_only_with_trigger to 2024-06-22 00:00:00+00:00, run_after=2024-06-22 04:00:00+00:00
[2024-06-22T04:11:14.003+0000] {processor.py:183} INFO - Processing /home/airflow/.local/lib/python3.12/site-packages/airflow/example_dags/example_latest_only_with_trigger.py took 0.427 seconds
[2024-06-22T04:11:44.179+0000] {processor.py:161} INFO - Started process (PID=119) to work on /home/airflow/.local/lib/python3.12/site-packages/airflow/example_dags/example_latest_only_with_trigger.py
[2024-06-22T04:11:44.181+0000] {processor.py:830} INFO - Processing file /home/airflow/.local/lib/python3.12/site-packages/airflow/example_dags/example_latest_only_with_trigger.py for tasks to queue
[2024-06-22T04:11:44.184+0000] {logging_mixin.py:188} INFO - [2024-06-22T04:11:44.183+0000] {dagbag.py:540} INFO - Filling up the DagBag from /home/airflow/.local/lib/python3.12/site-packages/airflow/example_dags/example_latest_only_with_trigger.py
[2024-06-22T04:11:44.192+0000] {processor.py:840} INFO - DAG(s) 'latest_only_with_trigger' retrieved from /home/airflow/.local/lib/python3.12/site-packages/airflow/example_dags/example_latest_only_with_trigger.py
[2024-06-22T04:11:44.395+0000] {logging_mixin.py:188} INFO - [2024-06-22T04:11:44.395+0000] {dag.py:3096} INFO - Sync 1 DAGs
[2024-06-22T04:11:44.448+0000] {logging_mixin.py:188} INFO - [2024-06-22T04:11:44.448+0000] {dag.py:3954} INFO - Setting next_dagrun for latest_only_with_trigger to 2024-06-22 00:00:00+00:00, run_after=2024-06-22 04:00:00+00:00
[2024-06-22T04:11:44.492+0000] {processor.py:183} INFO - Processing /home/airflow/.local/lib/python3.12/site-packages/airflow/example_dags/example_latest_only_with_trigger.py took 0.329 seconds
[2024-06-22T04:12:14.793+0000] {processor.py:161} INFO - Started process (PID=177) to work on /home/airflow/.local/lib/python3.12/site-packages/airflow/example_dags/example_latest_only_with_trigger.py
[2024-06-22T04:12:14.796+0000] {processor.py:830} INFO - Processing file /home/airflow/.local/lib/python3.12/site-packages/airflow/example_dags/example_latest_only_with_trigger.py for tasks to queue
[2024-06-22T04:12:14.799+0000] {logging_mixin.py:188} INFO - [2024-06-22T04:12:14.799+0000] {dagbag.py:540} INFO - Filling up the DagBag from /home/airflow/.local/lib/python3.12/site-packages/airflow/example_dags/example_latest_only_with_trigger.py
[2024-06-22T04:12:14.809+0000] {processor.py:840} INFO - DAG(s) 'latest_only_with_trigger' retrieved from /home/airflow/.local/lib/python3.12/site-packages/airflow/example_dags/example_latest_only_with_trigger.py
[2024-06-22T04:12:14.854+0000] {logging_mixin.py:188} INFO - [2024-06-22T04:12:14.853+0000] {dag.py:3096} INFO - Sync 1 DAGs
[2024-06-22T04:12:14.897+0000] {logging_mixin.py:188} INFO - [2024-06-22T04:12:14.897+0000] {dag.py:3954} INFO - Setting next_dagrun for latest_only_with_trigger to 2024-06-22 00:00:00+00:00, run_after=2024-06-22 04:00:00+00:00
[2024-06-22T04:12:14.930+0000] {processor.py:183} INFO - Processing /home/airflow/.local/lib/python3.12/site-packages/airflow/example_dags/example_latest_only_with_trigger.py took 0.146 seconds
[2024-06-22T04:12:46.702+0000] {processor.py:161} INFO - Started process (PID=236) to work on /home/airflow/.local/lib/python3.12/site-packages/airflow/example_dags/example_latest_only_with_trigger.py
[2024-06-22T04:12:46.708+0000] {processor.py:830} INFO - Processing file /home/airflow/.local/lib/python3.12/site-packages/airflow/example_dags/example_latest_only_with_trigger.py for tasks to queue
[2024-06-22T04:12:46.726+0000] {logging_mixin.py:188} INFO - [2024-06-22T04:12:46.722+0000] {dagbag.py:540} INFO - Filling up the DagBag from /home/airflow/.local/lib/python3.12/site-packages/airflow/example_dags/example_latest_only_with_trigger.py
[2024-06-22T04:12:46.768+0000] {processor.py:840} INFO - DAG(s) 'latest_only_with_trigger' retrieved from /home/airflow/.local/lib/python3.12/site-packages/airflow/example_dags/example_latest_only_with_trigger.py
[2024-06-22T04:12:46.852+0000] {logging_mixin.py:188} INFO - [2024-06-22T04:12:46.849+0000] {dag.py:3096} INFO - Sync 1 DAGs
[2024-06-22T04:12:46.952+0000] {logging_mixin.py:188} INFO - [2024-06-22T04:12:46.952+0000] {dag.py:3954} INFO - Setting next_dagrun for latest_only_with_trigger to 2024-06-22 00:00:00+00:00, run_after=2024-06-22 04:00:00+00:00
[2024-06-22T04:12:47.047+0000] {processor.py:183} INFO - Processing /home/airflow/.local/lib/python3.12/site-packages/airflow/example_dags/example_latest_only_with_trigger.py took 0.368 seconds
[2024-06-22T04:13:17.267+0000] {processor.py:161} INFO - Started process (PID=295) to work on /home/airflow/.local/lib/python3.12/site-packages/airflow/example_dags/example_latest_only_with_trigger.py
[2024-06-22T04:13:17.268+0000] {processor.py:830} INFO - Processing file /home/airflow/.local/lib/python3.12/site-packages/airflow/example_dags/example_latest_only_with_trigger.py for tasks to queue
[2024-06-22T04:13:17.271+0000] {logging_mixin.py:188} INFO - [2024-06-22T04:13:17.271+0000] {dagbag.py:540} INFO - Filling up the DagBag from /home/airflow/.local/lib/python3.12/site-packages/airflow/example_dags/example_latest_only_with_trigger.py
[2024-06-22T04:13:17.280+0000] {processor.py:840} INFO - DAG(s) 'latest_only_with_trigger' retrieved from /home/airflow/.local/lib/python3.12/site-packages/airflow/example_dags/example_latest_only_with_trigger.py
[2024-06-22T04:13:17.309+0000] {logging_mixin.py:188} INFO - [2024-06-22T04:13:17.309+0000] {dag.py:3096} INFO - Sync 1 DAGs
[2024-06-22T04:13:17.358+0000] {logging_mixin.py:188} INFO - [2024-06-22T04:13:17.357+0000] {dag.py:3954} INFO - Setting next_dagrun for latest_only_with_trigger to 2024-06-22 00:00:00+00:00, run_after=2024-06-22 04:00:00+00:00
[2024-06-22T04:13:17.392+0000] {processor.py:183} INFO - Processing /home/airflow/.local/lib/python3.12/site-packages/airflow/example_dags/example_latest_only_with_trigger.py took 0.134 seconds
[2024-06-22T04:13:47.688+0000] {processor.py:161} INFO - Started process (PID=354) to work on /home/airflow/.local/lib/python3.12/site-packages/airflow/example_dags/example_latest_only_with_trigger.py
[2024-06-22T04:13:47.690+0000] {processor.py:830} INFO - Processing file /home/airflow/.local/lib/python3.12/site-packages/airflow/example_dags/example_latest_only_with_trigger.py for tasks to queue
[2024-06-22T04:13:47.697+0000] {logging_mixin.py:188} INFO - [2024-06-22T04:13:47.696+0000] {dagbag.py:540} INFO - Filling up the DagBag from /home/airflow/.local/lib/python3.12/site-packages/airflow/example_dags/example_latest_only_with_trigger.py
[2024-06-22T04:13:47.712+0000] {processor.py:840} INFO - DAG(s) 'latest_only_with_trigger' retrieved from /home/airflow/.local/lib/python3.12/site-packages/airflow/example_dags/example_latest_only_with_trigger.py
[2024-06-22T04:13:47.751+0000] {logging_mixin.py:188} INFO - [2024-06-22T04:13:47.751+0000] {dag.py:3096} INFO - Sync 1 DAGs
[2024-06-22T04:13:47.796+0000] {logging_mixin.py:188} INFO - [2024-06-22T04:13:47.795+0000] {dag.py:3954} INFO - Setting next_dagrun for latest_only_with_trigger to 2024-06-22 00:00:00+00:00, run_after=2024-06-22 04:00:00+00:00
[2024-06-22T04:13:47.838+0000] {processor.py:183} INFO - Processing /home/airflow/.local/lib/python3.12/site-packages/airflow/example_dags/example_latest_only_with_trigger.py took 0.164 seconds
[2024-06-22T04:14:18.368+0000] {processor.py:161} INFO - Started process (PID=416) to work on /home/airflow/.local/lib/python3.12/site-packages/airflow/example_dags/example_latest_only_with_trigger.py
[2024-06-22T04:14:18.371+0000] {processor.py:830} INFO - Processing file /home/airflow/.local/lib/python3.12/site-packages/airflow/example_dags/example_latest_only_with_trigger.py for tasks to queue
[2024-06-22T04:14:18.379+0000] {logging_mixin.py:188} INFO - [2024-06-22T04:14:18.378+0000] {dagbag.py:540} INFO - Filling up the DagBag from /home/airflow/.local/lib/python3.12/site-packages/airflow/example_dags/example_latest_only_with_trigger.py
[2024-06-22T04:14:18.390+0000] {processor.py:840} INFO - DAG(s) 'latest_only_with_trigger' retrieved from /home/airflow/.local/lib/python3.12/site-packages/airflow/example_dags/example_latest_only_with_trigger.py
[2024-06-22T04:14:18.431+0000] {logging_mixin.py:188} INFO - [2024-06-22T04:14:18.430+0000] {dag.py:3096} INFO - Sync 1 DAGs
[2024-06-22T04:14:18.470+0000] {logging_mixin.py:188} INFO - [2024-06-22T04:14:18.469+0000] {dag.py:3954} INFO - Setting next_dagrun for latest_only_with_trigger to 2024-06-22 00:00:00+00:00, run_after=2024-06-22 04:00:00+00:00
[2024-06-22T04:14:18.518+0000] {processor.py:183} INFO - Processing /home/airflow/.local/lib/python3.12/site-packages/airflow/example_dags/example_latest_only_with_trigger.py took 0.158 seconds
[2024-06-22T04:14:48.989+0000] {processor.py:161} INFO - Started process (PID=475) to work on /home/airflow/.local/lib/python3.12/site-packages/airflow/example_dags/example_latest_only_with_trigger.py
[2024-06-22T04:14:48.992+0000] {processor.py:830} INFO - Processing file /home/airflow/.local/lib/python3.12/site-packages/airflow/example_dags/example_latest_only_with_trigger.py for tasks to queue
[2024-06-22T04:14:48.998+0000] {logging_mixin.py:188} INFO - [2024-06-22T04:14:48.997+0000] {dagbag.py:540} INFO - Filling up the DagBag from /home/airflow/.local/lib/python3.12/site-packages/airflow/example_dags/example_latest_only_with_trigger.py
[2024-06-22T04:14:49.012+0000] {processor.py:840} INFO - DAG(s) 'latest_only_with_trigger' retrieved from /home/airflow/.local/lib/python3.12/site-packages/airflow/example_dags/example_latest_only_with_trigger.py
[2024-06-22T04:14:49.057+0000] {logging_mixin.py:188} INFO - [2024-06-22T04:14:49.056+0000] {dag.py:3096} INFO - Sync 1 DAGs
[2024-06-22T04:14:49.096+0000] {logging_mixin.py:188} INFO - [2024-06-22T04:14:49.096+0000] {dag.py:3954} INFO - Setting next_dagrun for latest_only_with_trigger to 2024-06-22 00:00:00+00:00, run_after=2024-06-22 04:00:00+00:00
[2024-06-22T04:14:49.130+0000] {processor.py:183} INFO - Processing /home/airflow/.local/lib/python3.12/site-packages/airflow/example_dags/example_latest_only_with_trigger.py took 0.154 seconds
[2024-06-22T04:15:19.672+0000] {processor.py:161} INFO - Started process (PID=537) to work on /home/airflow/.local/lib/python3.12/site-packages/airflow/example_dags/example_latest_only_with_trigger.py
[2024-06-22T04:15:19.674+0000] {processor.py:830} INFO - Processing file /home/airflow/.local/lib/python3.12/site-packages/airflow/example_dags/example_latest_only_with_trigger.py for tasks to queue
[2024-06-22T04:15:19.679+0000] {logging_mixin.py:188} INFO - [2024-06-22T04:15:19.678+0000] {dagbag.py:540} INFO - Filling up the DagBag from /home/airflow/.local/lib/python3.12/site-packages/airflow/example_dags/example_latest_only_with_trigger.py
[2024-06-22T04:15:19.688+0000] {processor.py:840} INFO - DAG(s) 'latest_only_with_trigger' retrieved from /home/airflow/.local/lib/python3.12/site-packages/airflow/example_dags/example_latest_only_with_trigger.py
[2024-06-22T04:15:19.734+0000] {logging_mixin.py:188} INFO - [2024-06-22T04:15:19.727+0000] {dag.py:3096} INFO - Sync 1 DAGs
[2024-06-22T04:15:19.789+0000] {logging_mixin.py:188} INFO - [2024-06-22T04:15:19.789+0000] {dag.py:3954} INFO - Setting next_dagrun for latest_only_with_trigger to 2024-06-22 00:00:00+00:00, run_after=2024-06-22 04:00:00+00:00
[2024-06-22T04:15:19.830+0000] {processor.py:183} INFO - Processing /home/airflow/.local/lib/python3.12/site-packages/airflow/example_dags/example_latest_only_with_trigger.py took 0.168 seconds
[2024-06-22T04:15:50.149+0000] {processor.py:161} INFO - Started process (PID=594) to work on /home/airflow/.local/lib/python3.12/site-packages/airflow/example_dags/example_latest_only_with_trigger.py
[2024-06-22T04:15:50.150+0000] {processor.py:830} INFO - Processing file /home/airflow/.local/lib/python3.12/site-packages/airflow/example_dags/example_latest_only_with_trigger.py for tasks to queue
[2024-06-22T04:15:50.157+0000] {logging_mixin.py:188} INFO - [2024-06-22T04:15:50.156+0000] {dagbag.py:540} INFO - Filling up the DagBag from /home/airflow/.local/lib/python3.12/site-packages/airflow/example_dags/example_latest_only_with_trigger.py
[2024-06-22T04:15:50.171+0000] {processor.py:840} INFO - DAG(s) 'latest_only_with_trigger' retrieved from /home/airflow/.local/lib/python3.12/site-packages/airflow/example_dags/example_latest_only_with_trigger.py
[2024-06-22T04:15:50.207+0000] {logging_mixin.py:188} INFO - [2024-06-22T04:15:50.206+0000] {dag.py:3096} INFO - Sync 1 DAGs
[2024-06-22T04:15:50.246+0000] {logging_mixin.py:188} INFO - [2024-06-22T04:15:50.246+0000] {dag.py:3954} INFO - Setting next_dagrun for latest_only_with_trigger to 2024-06-22 00:00:00+00:00, run_after=2024-06-22 04:00:00+00:00
[2024-06-22T04:15:50.271+0000] {processor.py:183} INFO - Processing /home/airflow/.local/lib/python3.12/site-packages/airflow/example_dags/example_latest_only_with_trigger.py took 0.139 seconds
[2024-06-22T04:16:20.348+0000] {processor.py:161} INFO - Started process (PID=654) to work on /home/airflow/.local/lib/python3.12/site-packages/airflow/example_dags/example_latest_only_with_trigger.py
[2024-06-22T04:16:20.350+0000] {processor.py:830} INFO - Processing file /home/airflow/.local/lib/python3.12/site-packages/airflow/example_dags/example_latest_only_with_trigger.py for tasks to queue
[2024-06-22T04:16:20.353+0000] {logging_mixin.py:188} INFO - [2024-06-22T04:16:20.353+0000] {dagbag.py:540} INFO - Filling up the DagBag from /home/airflow/.local/lib/python3.12/site-packages/airflow/example_dags/example_latest_only_with_trigger.py
[2024-06-22T04:16:20.362+0000] {processor.py:840} INFO - DAG(s) 'latest_only_with_trigger' retrieved from /home/airflow/.local/lib/python3.12/site-packages/airflow/example_dags/example_latest_only_with_trigger.py
[2024-06-22T04:16:20.399+0000] {logging_mixin.py:188} INFO - [2024-06-22T04:16:20.398+0000] {dag.py:3096} INFO - Sync 1 DAGs
[2024-06-22T04:16:20.430+0000] {logging_mixin.py:188} INFO - [2024-06-22T04:16:20.430+0000] {dag.py:3954} INFO - Setting next_dagrun for latest_only_with_trigger to 2024-06-22 00:00:00+00:00, run_after=2024-06-22 04:00:00+00:00
[2024-06-22T04:16:20.454+0000] {processor.py:183} INFO - Processing /home/airflow/.local/lib/python3.12/site-packages/airflow/example_dags/example_latest_only_with_trigger.py took 0.115 seconds
[2024-06-22T04:16:51.940+0000] {processor.py:161} INFO - Started process (PID=713) to work on /home/airflow/.local/lib/python3.12/site-packages/airflow/example_dags/example_latest_only_with_trigger.py
[2024-06-22T04:16:51.952+0000] {processor.py:830} INFO - Processing file /home/airflow/.local/lib/python3.12/site-packages/airflow/example_dags/example_latest_only_with_trigger.py for tasks to queue
[2024-06-22T04:16:51.959+0000] {logging_mixin.py:188} INFO - [2024-06-22T04:16:51.958+0000] {dagbag.py:540} INFO - Filling up the DagBag from /home/airflow/.local/lib/python3.12/site-packages/airflow/example_dags/example_latest_only_with_trigger.py
[2024-06-22T04:16:51.969+0000] {processor.py:840} INFO - DAG(s) 'latest_only_with_trigger' retrieved from /home/airflow/.local/lib/python3.12/site-packages/airflow/example_dags/example_latest_only_with_trigger.py
[2024-06-22T04:16:52.010+0000] {logging_mixin.py:188} INFO - [2024-06-22T04:16:52.010+0000] {dag.py:3096} INFO - Sync 1 DAGs
[2024-06-22T04:16:52.049+0000] {logging_mixin.py:188} INFO - [2024-06-22T04:16:52.049+0000] {dag.py:3954} INFO - Setting next_dagrun for latest_only_with_trigger to 2024-06-22 00:00:00+00:00, run_after=2024-06-22 04:00:00+00:00
[2024-06-22T04:16:52.074+0000] {processor.py:183} INFO - Processing /home/airflow/.local/lib/python3.12/site-packages/airflow/example_dags/example_latest_only_with_trigger.py took 0.161 seconds
[2024-06-22T04:17:22.919+0000] {processor.py:161} INFO - Started process (PID=773) to work on /home/airflow/.local/lib/python3.12/site-packages/airflow/example_dags/example_latest_only_with_trigger.py
[2024-06-22T04:17:22.922+0000] {processor.py:830} INFO - Processing file /home/airflow/.local/lib/python3.12/site-packages/airflow/example_dags/example_latest_only_with_trigger.py for tasks to queue
[2024-06-22T04:17:22.955+0000] {logging_mixin.py:188} INFO - [2024-06-22T04:17:22.955+0000] {dagbag.py:540} INFO - Filling up the DagBag from /home/airflow/.local/lib/python3.12/site-packages/airflow/example_dags/example_latest_only_with_trigger.py
[2024-06-22T04:17:22.982+0000] {processor.py:840} INFO - DAG(s) 'latest_only_with_trigger' retrieved from /home/airflow/.local/lib/python3.12/site-packages/airflow/example_dags/example_latest_only_with_trigger.py
[2024-06-22T04:17:23.051+0000] {logging_mixin.py:188} INFO - [2024-06-22T04:17:23.050+0000] {dag.py:3096} INFO - Sync 1 DAGs
[2024-06-22T04:17:23.155+0000] {logging_mixin.py:188} INFO - [2024-06-22T04:17:23.155+0000] {dag.py:3954} INFO - Setting next_dagrun for latest_only_with_trigger to 2024-06-22 00:00:00+00:00, run_after=2024-06-22 04:00:00+00:00
[2024-06-22T04:17:23.215+0000] {processor.py:183} INFO - Processing /home/airflow/.local/lib/python3.12/site-packages/airflow/example_dags/example_latest_only_with_trigger.py took 0.324 seconds
[2024-06-22T06:20:00.327+0000] {processor.py:161} INFO - Started process (PID=858) to work on /home/airflow/.local/lib/python3.12/site-packages/airflow/example_dags/example_latest_only_with_trigger.py
[2024-06-22T06:20:00.388+0000] {processor.py:830} INFO - Processing file /home/airflow/.local/lib/python3.12/site-packages/airflow/example_dags/example_latest_only_with_trigger.py for tasks to queue
[2024-06-22T06:20:00.426+0000] {logging_mixin.py:188} INFO - [2024-06-22T06:20:00.403+0000] {dagbag.py:540} INFO - Filling up the DagBag from /home/airflow/.local/lib/python3.12/site-packages/airflow/example_dags/example_latest_only_with_trigger.py
[2024-06-22T06:20:00.640+0000] {processor.py:840} INFO - DAG(s) 'latest_only_with_trigger' retrieved from /home/airflow/.local/lib/python3.12/site-packages/airflow/example_dags/example_latest_only_with_trigger.py
[2024-06-22T06:20:02.002+0000] {logging_mixin.py:188} INFO - [2024-06-22T06:20:02.000+0000] {dag.py:3096} INFO - Sync 1 DAGs
[2024-06-22T06:20:03.312+0000] {logging_mixin.py:188} INFO - [2024-06-22T06:20:03.310+0000] {dag.py:3954} INFO - Setting next_dagrun for latest_only_with_trigger to 2024-06-22 00:00:00+00:00, run_after=2024-06-22 04:00:00+00:00
[2024-06-22T06:20:04.135+0000] {processor.py:183} INFO - Processing /home/airflow/.local/lib/python3.12/site-packages/airflow/example_dags/example_latest_only_with_trigger.py took 4.180 seconds
[2024-06-22T06:23:04.652+0000] {processor.py:161} INFO - Started process (PID=949) to work on /home/airflow/.local/lib/python3.12/site-packages/airflow/example_dags/example_latest_only_with_trigger.py
[2024-06-22T06:23:04.758+0000] {processor.py:830} INFO - Processing file /home/airflow/.local/lib/python3.12/site-packages/airflow/example_dags/example_latest_only_with_trigger.py for tasks to queue
[2024-06-22T06:23:04.802+0000] {logging_mixin.py:188} INFO - [2024-06-22T06:23:04.790+0000] {dagbag.py:540} INFO - Filling up the DagBag from /home/airflow/.local/lib/python3.12/site-packages/airflow/example_dags/example_latest_only_with_trigger.py
[2024-06-22T06:23:05.394+0000] {processor.py:840} INFO - DAG(s) 'latest_only_with_trigger' retrieved from /home/airflow/.local/lib/python3.12/site-packages/airflow/example_dags/example_latest_only_with_trigger.py
[2024-06-22T06:23:06.688+0000] {logging_mixin.py:188} INFO - [2024-06-22T06:23:06.684+0000] {dag.py:3096} INFO - Sync 1 DAGs
[2024-06-22T06:23:08.135+0000] {logging_mixin.py:188} INFO - [2024-06-22T06:23:08.133+0000] {dag.py:3954} INFO - Setting next_dagrun for latest_only_with_trigger to 2024-06-22 00:00:00+00:00, run_after=2024-06-22 04:00:00+00:00
[2024-06-22T06:23:09.310+0000] {processor.py:183} INFO - Processing /home/airflow/.local/lib/python3.12/site-packages/airflow/example_dags/example_latest_only_with_trigger.py took 5.116 seconds
[2024-06-22T06:57:51.017+0000] {processor.py:161} INFO - Started process (PID=1079) to work on /home/airflow/.local/lib/python3.12/site-packages/airflow/example_dags/example_latest_only_with_trigger.py
[2024-06-22T06:57:51.078+0000] {processor.py:830} INFO - Processing file /home/airflow/.local/lib/python3.12/site-packages/airflow/example_dags/example_latest_only_with_trigger.py for tasks to queue
[2024-06-22T06:57:51.124+0000] {logging_mixin.py:188} INFO - [2024-06-22T06:57:51.110+0000] {dagbag.py:540} INFO - Filling up the DagBag from /home/airflow/.local/lib/python3.12/site-packages/airflow/example_dags/example_latest_only_with_trigger.py
[2024-06-22T06:57:51.335+0000] {processor.py:840} INFO - DAG(s) 'latest_only_with_trigger' retrieved from /home/airflow/.local/lib/python3.12/site-packages/airflow/example_dags/example_latest_only_with_trigger.py
[2024-06-22T06:57:52.320+0000] {logging_mixin.py:188} INFO - [2024-06-22T06:57:52.307+0000] {dag.py:3096} INFO - Sync 1 DAGs
[2024-06-22T06:57:53.548+0000] {logging_mixin.py:188} INFO - [2024-06-22T06:57:53.526+0000] {dag.py:3954} INFO - Setting next_dagrun for latest_only_with_trigger to 2024-06-22 00:00:00+00:00, run_after=2024-06-22 04:00:00+00:00
[2024-06-22T06:57:54.422+0000] {processor.py:183} INFO - Processing /home/airflow/.local/lib/python3.12/site-packages/airflow/example_dags/example_latest_only_with_trigger.py took 3.569 seconds
[2024-06-22T07:31:46.203+0000] {processor.py:161} INFO - Started process (PID=1174) to work on /home/airflow/.local/lib/python3.12/site-packages/airflow/example_dags/example_latest_only_with_trigger.py
[2024-06-22T07:31:46.233+0000] {processor.py:830} INFO - Processing file /home/airflow/.local/lib/python3.12/site-packages/airflow/example_dags/example_latest_only_with_trigger.py for tasks to queue
[2024-06-22T07:31:46.278+0000] {logging_mixin.py:188} INFO - [2024-06-22T07:31:46.259+0000] {dagbag.py:540} INFO - Filling up the DagBag from /home/airflow/.local/lib/python3.12/site-packages/airflow/example_dags/example_latest_only_with_trigger.py
[2024-06-22T07:31:46.781+0000] {processor.py:840} INFO - DAG(s) 'latest_only_with_trigger' retrieved from /home/airflow/.local/lib/python3.12/site-packages/airflow/example_dags/example_latest_only_with_trigger.py
[2024-06-22T07:31:47.539+0000] {logging_mixin.py:188} INFO - [2024-06-22T07:31:47.523+0000] {dag.py:3096} INFO - Sync 1 DAGs
[2024-06-22T07:31:48.701+0000] {logging_mixin.py:188} INFO - [2024-06-22T07:31:48.700+0000] {dag.py:3954} INFO - Setting next_dagrun for latest_only_with_trigger to 2024-06-22 00:00:00+00:00, run_after=2024-06-22 04:00:00+00:00
[2024-06-22T07:31:49.476+0000] {processor.py:183} INFO - Processing /home/airflow/.local/lib/python3.12/site-packages/airflow/example_dags/example_latest_only_with_trigger.py took 3.570 seconds
[2024-06-22T07:49:37.106+0000] {processor.py:161} INFO - Started process (PID=1281) to work on /home/airflow/.local/lib/python3.12/site-packages/airflow/example_dags/example_latest_only_with_trigger.py
[2024-06-22T07:49:37.152+0000] {processor.py:830} INFO - Processing file /home/airflow/.local/lib/python3.12/site-packages/airflow/example_dags/example_latest_only_with_trigger.py for tasks to queue
[2024-06-22T07:49:37.203+0000] {logging_mixin.py:188} INFO - [2024-06-22T07:49:37.190+0000] {dagbag.py:540} INFO - Filling up the DagBag from /home/airflow/.local/lib/python3.12/site-packages/airflow/example_dags/example_latest_only_with_trigger.py
[2024-06-22T07:49:37.353+0000] {processor.py:840} INFO - DAG(s) 'latest_only_with_trigger' retrieved from /home/airflow/.local/lib/python3.12/site-packages/airflow/example_dags/example_latest_only_with_trigger.py
[2024-06-22T07:49:37.913+0000] {logging_mixin.py:188} INFO - [2024-06-22T07:49:37.898+0000] {dag.py:3096} INFO - Sync 1 DAGs
[2024-06-22T07:49:38.706+0000] {logging_mixin.py:188} INFO - [2024-06-22T07:49:38.704+0000] {dag.py:3954} INFO - Setting next_dagrun for latest_only_with_trigger to 2024-06-22 00:00:00+00:00, run_after=2024-06-22 04:00:00+00:00
[2024-06-22T07:49:39.154+0000] {processor.py:183} INFO - Processing /home/airflow/.local/lib/python3.12/site-packages/airflow/example_dags/example_latest_only_with_trigger.py took 2.251 seconds
[2024-06-22T07:52:09.785+0000] {processor.py:161} INFO - Started process (PID=1384) to work on /home/airflow/.local/lib/python3.12/site-packages/airflow/example_dags/example_latest_only_with_trigger.py
[2024-06-22T07:52:09.801+0000] {processor.py:830} INFO - Processing file /home/airflow/.local/lib/python3.12/site-packages/airflow/example_dags/example_latest_only_with_trigger.py for tasks to queue
[2024-06-22T07:52:09.855+0000] {logging_mixin.py:188} INFO - [2024-06-22T07:52:09.827+0000] {dagbag.py:540} INFO - Filling up the DagBag from /home/airflow/.local/lib/python3.12/site-packages/airflow/example_dags/example_latest_only_with_trigger.py
[2024-06-22T07:52:10.096+0000] {processor.py:840} INFO - DAG(s) 'latest_only_with_trigger' retrieved from /home/airflow/.local/lib/python3.12/site-packages/airflow/example_dags/example_latest_only_with_trigger.py
[2024-06-22T07:52:10.919+0000] {logging_mixin.py:188} INFO - [2024-06-22T07:52:10.917+0000] {dag.py:3096} INFO - Sync 1 DAGs
[2024-06-22T07:52:11.733+0000] {logging_mixin.py:188} INFO - [2024-06-22T07:52:11.722+0000] {dag.py:3954} INFO - Setting next_dagrun for latest_only_with_trigger to 2024-06-22 00:00:00+00:00, run_after=2024-06-22 04:00:00+00:00
[2024-06-22T07:52:12.285+0000] {processor.py:183} INFO - Processing /home/airflow/.local/lib/python3.12/site-packages/airflow/example_dags/example_latest_only_with_trigger.py took 2.697 seconds
[2024-06-22T07:54:17.340+0000] {processor.py:161} INFO - Started process (PID=1478) to work on /home/airflow/.local/lib/python3.12/site-packages/airflow/example_dags/example_latest_only_with_trigger.py
[2024-06-22T07:54:17.353+0000] {processor.py:830} INFO - Processing file /home/airflow/.local/lib/python3.12/site-packages/airflow/example_dags/example_latest_only_with_trigger.py for tasks to queue
[2024-06-22T07:54:17.362+0000] {logging_mixin.py:188} INFO - [2024-06-22T07:54:17.360+0000] {dagbag.py:540} INFO - Filling up the DagBag from /home/airflow/.local/lib/python3.12/site-packages/airflow/example_dags/example_latest_only_with_trigger.py
[2024-06-22T07:54:17.568+0000] {processor.py:840} INFO - DAG(s) 'latest_only_with_trigger' retrieved from /home/airflow/.local/lib/python3.12/site-packages/airflow/example_dags/example_latest_only_with_trigger.py
[2024-06-22T07:54:18.106+0000] {logging_mixin.py:188} INFO - [2024-06-22T07:54:18.104+0000] {dag.py:3096} INFO - Sync 1 DAGs
[2024-06-22T07:54:19.152+0000] {logging_mixin.py:188} INFO - [2024-06-22T07:54:19.097+0000] {dag.py:3954} INFO - Setting next_dagrun for latest_only_with_trigger to 2024-06-22 00:00:00+00:00, run_after=2024-06-22 04:00:00+00:00
[2024-06-22T07:54:19.900+0000] {processor.py:183} INFO - Processing /home/airflow/.local/lib/python3.12/site-packages/airflow/example_dags/example_latest_only_with_trigger.py took 2.821 seconds
[2024-06-22T07:56:36.134+0000] {processor.py:161} INFO - Started process (PID=1571) to work on /home/airflow/.local/lib/python3.12/site-packages/airflow/example_dags/example_latest_only_with_trigger.py
[2024-06-22T07:56:36.184+0000] {processor.py:830} INFO - Processing file /home/airflow/.local/lib/python3.12/site-packages/airflow/example_dags/example_latest_only_with_trigger.py for tasks to queue
[2024-06-22T07:56:36.223+0000] {logging_mixin.py:188} INFO - [2024-06-22T07:56:36.209+0000] {dagbag.py:540} INFO - Filling up the DagBag from /home/airflow/.local/lib/python3.12/site-packages/airflow/example_dags/example_latest_only_with_trigger.py
[2024-06-22T07:56:36.644+0000] {processor.py:840} INFO - DAG(s) 'latest_only_with_trigger' retrieved from /home/airflow/.local/lib/python3.12/site-packages/airflow/example_dags/example_latest_only_with_trigger.py
[2024-06-22T07:56:37.599+0000] {logging_mixin.py:188} INFO - [2024-06-22T07:56:37.597+0000] {dag.py:3096} INFO - Sync 1 DAGs
[2024-06-22T07:56:38.363+0000] {logging_mixin.py:188} INFO - [2024-06-22T07:56:38.353+0000] {dag.py:3954} INFO - Setting next_dagrun for latest_only_with_trigger to 2024-06-22 00:00:00+00:00, run_after=2024-06-22 04:00:00+00:00
[2024-06-22T07:56:38.972+0000] {processor.py:183} INFO - Processing /home/airflow/.local/lib/python3.12/site-packages/airflow/example_dags/example_latest_only_with_trigger.py took 3.178 seconds
[2024-06-22T08:28:46.501+0000] {processor.py:161} INFO - Started process (PID=1683) to work on /home/airflow/.local/lib/python3.12/site-packages/airflow/example_dags/example_latest_only_with_trigger.py
[2024-06-22T08:28:46.530+0000] {processor.py:830} INFO - Processing file /home/airflow/.local/lib/python3.12/site-packages/airflow/example_dags/example_latest_only_with_trigger.py for tasks to queue
[2024-06-22T08:28:46.557+0000] {logging_mixin.py:188} INFO - [2024-06-22T08:28:46.554+0000] {dagbag.py:540} INFO - Filling up the DagBag from /home/airflow/.local/lib/python3.12/site-packages/airflow/example_dags/example_latest_only_with_trigger.py
[2024-06-22T08:28:47.128+0000] {processor.py:840} INFO - DAG(s) 'latest_only_with_trigger' retrieved from /home/airflow/.local/lib/python3.12/site-packages/airflow/example_dags/example_latest_only_with_trigger.py
[2024-06-22T08:28:48.149+0000] {logging_mixin.py:188} INFO - [2024-06-22T08:28:48.133+0000] {dag.py:3096} INFO - Sync 1 DAGs
[2024-06-22T08:28:49.092+0000] {logging_mixin.py:188} INFO - [2024-06-22T08:28:49.081+0000] {dag.py:3954} INFO - Setting next_dagrun for latest_only_with_trigger to 2024-06-22 04:00:00+00:00, run_after=2024-06-22 08:00:00+00:00
[2024-06-22T08:28:49.556+0000] {processor.py:183} INFO - Processing /home/airflow/.local/lib/python3.12/site-packages/airflow/example_dags/example_latest_only_with_trigger.py took 3.278 seconds
[2024-06-22T08:30:23.881+0000] {processor.py:161} INFO - Started process (PID=1750) to work on /home/airflow/.local/lib/python3.12/site-packages/airflow/example_dags/example_latest_only_with_trigger.py
[2024-06-22T08:30:23.899+0000] {processor.py:830} INFO - Processing file /home/airflow/.local/lib/python3.12/site-packages/airflow/example_dags/example_latest_only_with_trigger.py for tasks to queue
[2024-06-22T08:30:23.911+0000] {logging_mixin.py:188} INFO - [2024-06-22T08:30:23.909+0000] {dagbag.py:540} INFO - Filling up the DagBag from /home/airflow/.local/lib/python3.12/site-packages/airflow/example_dags/example_latest_only_with_trigger.py
[2024-06-22T08:30:24.172+0000] {processor.py:840} INFO - DAG(s) 'latest_only_with_trigger' retrieved from /home/airflow/.local/lib/python3.12/site-packages/airflow/example_dags/example_latest_only_with_trigger.py
[2024-06-22T08:30:24.789+0000] {logging_mixin.py:188} INFO - [2024-06-22T08:30:24.788+0000] {dag.py:3096} INFO - Sync 1 DAGs
[2024-06-22T08:30:25.652+0000] {logging_mixin.py:188} INFO - [2024-06-22T08:30:25.641+0000] {dag.py:3954} INFO - Setting next_dagrun for latest_only_with_trigger to 2024-06-22 04:00:00+00:00, run_after=2024-06-22 08:00:00+00:00
[2024-06-22T08:30:26.511+0000] {processor.py:183} INFO - Processing /home/airflow/.local/lib/python3.12/site-packages/airflow/example_dags/example_latest_only_with_trigger.py took 2.946 seconds
[2024-06-22T08:32:50.869+0000] {processor.py:161} INFO - Started process (PID=1851) to work on /home/airflow/.local/lib/python3.12/site-packages/airflow/example_dags/example_latest_only_with_trigger.py
[2024-06-22T08:32:50.904+0000] {processor.py:830} INFO - Processing file /home/airflow/.local/lib/python3.12/site-packages/airflow/example_dags/example_latest_only_with_trigger.py for tasks to queue
[2024-06-22T08:32:50.934+0000] {logging_mixin.py:188} INFO - [2024-06-22T08:32:50.921+0000] {dagbag.py:540} INFO - Filling up the DagBag from /home/airflow/.local/lib/python3.12/site-packages/airflow/example_dags/example_latest_only_with_trigger.py
[2024-06-22T08:32:51.384+0000] {processor.py:840} INFO - DAG(s) 'latest_only_with_trigger' retrieved from /home/airflow/.local/lib/python3.12/site-packages/airflow/example_dags/example_latest_only_with_trigger.py
[2024-06-22T08:32:52.324+0000] {logging_mixin.py:188} INFO - [2024-06-22T08:32:52.303+0000] {dag.py:3096} INFO - Sync 1 DAGs
[2024-06-22T08:32:53.148+0000] {logging_mixin.py:188} INFO - [2024-06-22T08:32:53.139+0000] {dag.py:3954} INFO - Setting next_dagrun for latest_only_with_trigger to 2024-06-22 04:00:00+00:00, run_after=2024-06-22 08:00:00+00:00
[2024-06-22T08:32:54.258+0000] {processor.py:183} INFO - Processing /home/airflow/.local/lib/python3.12/site-packages/airflow/example_dags/example_latest_only_with_trigger.py took 3.593 seconds
[2024-06-22T08:35:36.989+0000] {processor.py:161} INFO - Started process (PID=1945) to work on /home/airflow/.local/lib/python3.12/site-packages/airflow/example_dags/example_latest_only_with_trigger.py
[2024-06-22T08:35:37.001+0000] {processor.py:830} INFO - Processing file /home/airflow/.local/lib/python3.12/site-packages/airflow/example_dags/example_latest_only_with_trigger.py for tasks to queue
[2024-06-22T08:35:37.007+0000] {logging_mixin.py:188} INFO - [2024-06-22T08:35:37.004+0000] {dagbag.py:540} INFO - Filling up the DagBag from /home/airflow/.local/lib/python3.12/site-packages/airflow/example_dags/example_latest_only_with_trigger.py
[2024-06-22T08:35:37.035+0000] {processor.py:840} INFO - DAG(s) 'latest_only_with_trigger' retrieved from /home/airflow/.local/lib/python3.12/site-packages/airflow/example_dags/example_latest_only_with_trigger.py
[2024-06-22T08:35:37.649+0000] {logging_mixin.py:188} INFO - [2024-06-22T08:35:37.636+0000] {dag.py:3096} INFO - Sync 1 DAGs
[2024-06-22T08:35:38.001+0000] {logging_mixin.py:188} INFO - [2024-06-22T08:35:37.999+0000] {dag.py:3954} INFO - Setting next_dagrun for latest_only_with_trigger to 2024-06-22 04:00:00+00:00, run_after=2024-06-22 08:00:00+00:00
[2024-06-22T08:35:38.516+0000] {processor.py:183} INFO - Processing /home/airflow/.local/lib/python3.12/site-packages/airflow/example_dags/example_latest_only_with_trigger.py took 1.574 seconds
[2024-06-22T09:13:00.626+0000] {processor.py:161} INFO - Started process (PID=2006) to work on /home/airflow/.local/lib/python3.12/site-packages/airflow/example_dags/example_latest_only_with_trigger.py
[2024-06-22T09:13:00.630+0000] {processor.py:830} INFO - Processing file /home/airflow/.local/lib/python3.12/site-packages/airflow/example_dags/example_latest_only_with_trigger.py for tasks to queue
[2024-06-22T09:13:00.632+0000] {logging_mixin.py:188} INFO - [2024-06-22T09:13:00.632+0000] {dagbag.py:540} INFO - Filling up the DagBag from /home/airflow/.local/lib/python3.12/site-packages/airflow/example_dags/example_latest_only_with_trigger.py
[2024-06-22T09:13:00.681+0000] {processor.py:840} INFO - DAG(s) 'latest_only_with_trigger' retrieved from /home/airflow/.local/lib/python3.12/site-packages/airflow/example_dags/example_latest_only_with_trigger.py
[2024-06-22T09:13:00.804+0000] {logging_mixin.py:188} INFO - [2024-06-22T09:13:00.804+0000] {dag.py:3096} INFO - Sync 1 DAGs
[2024-06-22T09:13:00.946+0000] {logging_mixin.py:188} INFO - [2024-06-22T09:13:00.945+0000] {dag.py:3954} INFO - Setting next_dagrun for latest_only_with_trigger to 2024-06-22 04:00:00+00:00, run_after=2024-06-22 08:00:00+00:00
[2024-06-22T09:13:01.081+0000] {processor.py:183} INFO - Processing /home/airflow/.local/lib/python3.12/site-packages/airflow/example_dags/example_latest_only_with_trigger.py took 0.484 seconds
[2024-06-22T10:43:15.187+0000] {processor.py:161} INFO - Started process (PID=2067) to work on /home/airflow/.local/lib/python3.12/site-packages/airflow/example_dags/example_latest_only_with_trigger.py
[2024-06-22T10:43:15.235+0000] {processor.py:830} INFO - Processing file /home/airflow/.local/lib/python3.12/site-packages/airflow/example_dags/example_latest_only_with_trigger.py for tasks to queue
[2024-06-22T10:43:15.274+0000] {logging_mixin.py:188} INFO - [2024-06-22T10:43:15.256+0000] {dagbag.py:540} INFO - Filling up the DagBag from /home/airflow/.local/lib/python3.12/site-packages/airflow/example_dags/example_latest_only_with_trigger.py
[2024-06-22T10:43:15.622+0000] {processor.py:840} INFO - DAG(s) 'latest_only_with_trigger' retrieved from /home/airflow/.local/lib/python3.12/site-packages/airflow/example_dags/example_latest_only_with_trigger.py
[2024-06-22T10:43:16.078+0000] {logging_mixin.py:188} INFO - [2024-06-22T10:43:16.077+0000] {dag.py:3096} INFO - Sync 1 DAGs
[2024-06-22T10:43:16.953+0000] {logging_mixin.py:188} INFO - [2024-06-22T10:43:16.947+0000] {dag.py:3954} INFO - Setting next_dagrun for latest_only_with_trigger to 2024-06-22 04:00:00+00:00, run_after=2024-06-22 08:00:00+00:00
[2024-06-22T10:43:17.970+0000] {processor.py:183} INFO - Processing /home/airflow/.local/lib/python3.12/site-packages/airflow/example_dags/example_latest_only_with_trigger.py took 2.933 seconds
[2024-06-22T11:02:40.982+0000] {processor.py:161} INFO - Started process (PID=2150) to work on /home/airflow/.local/lib/python3.12/site-packages/airflow/example_dags/example_latest_only_with_trigger.py
[2024-06-22T11:02:40.990+0000] {processor.py:830} INFO - Processing file /home/airflow/.local/lib/python3.12/site-packages/airflow/example_dags/example_latest_only_with_trigger.py for tasks to queue
[2024-06-22T11:02:41.009+0000] {logging_mixin.py:188} INFO - [2024-06-22T11:02:41.000+0000] {dagbag.py:540} INFO - Filling up the DagBag from /home/airflow/.local/lib/python3.12/site-packages/airflow/example_dags/example_latest_only_with_trigger.py
[2024-06-22T11:02:41.220+0000] {processor.py:840} INFO - DAG(s) 'latest_only_with_trigger' retrieved from /home/airflow/.local/lib/python3.12/site-packages/airflow/example_dags/example_latest_only_with_trigger.py
[2024-06-22T11:02:41.444+0000] {logging_mixin.py:188} INFO - [2024-06-22T11:02:41.444+0000] {dag.py:3096} INFO - Sync 1 DAGs
[2024-06-22T11:02:41.506+0000] {logging_mixin.py:188} INFO - [2024-06-22T11:02:41.506+0000] {dag.py:3954} INFO - Setting next_dagrun for latest_only_with_trigger to 2024-06-22 04:00:00+00:00, run_after=2024-06-22 08:00:00+00:00
[2024-06-22T11:02:41.566+0000] {processor.py:183} INFO - Processing /home/airflow/.local/lib/python3.12/site-packages/airflow/example_dags/example_latest_only_with_trigger.py took 0.664 seconds
[2024-06-22T11:05:24.179+0000] {processor.py:161} INFO - Started process (PID=65) to work on /home/airflow/.local/lib/python3.12/site-packages/airflow/example_dags/example_latest_only_with_trigger.py
[2024-06-22T11:05:24.185+0000] {processor.py:830} INFO - Processing file /home/airflow/.local/lib/python3.12/site-packages/airflow/example_dags/example_latest_only_with_trigger.py for tasks to queue
[2024-06-22T11:05:24.206+0000] {logging_mixin.py:188} INFO - [2024-06-22T11:05:24.201+0000] {dagbag.py:540} INFO - Filling up the DagBag from /home/airflow/.local/lib/python3.12/site-packages/airflow/example_dags/example_latest_only_with_trigger.py
[2024-06-22T11:05:24.245+0000] {processor.py:840} INFO - DAG(s) 'latest_only_with_trigger' retrieved from /home/airflow/.local/lib/python3.12/site-packages/airflow/example_dags/example_latest_only_with_trigger.py
[2024-06-22T11:05:25.334+0000] {logging_mixin.py:188} INFO - [2024-06-22T11:05:25.311+0000] {dag.py:3096} INFO - Sync 1 DAGs
[2024-06-22T11:05:25.528+0000] {logging_mixin.py:188} INFO - [2024-06-22T11:05:25.524+0000] {dag.py:3954} INFO - Setting next_dagrun for latest_only_with_trigger to 2024-06-22 04:00:00+00:00, run_after=2024-06-22 08:00:00+00:00
[2024-06-22T11:05:25.668+0000] {processor.py:183} INFO - Processing /home/airflow/.local/lib/python3.12/site-packages/airflow/example_dags/example_latest_only_with_trigger.py took 1.548 seconds
[2024-06-22T11:05:55.839+0000] {processor.py:161} INFO - Started process (PID=125) to work on /home/airflow/.local/lib/python3.12/site-packages/airflow/example_dags/example_latest_only_with_trigger.py
[2024-06-22T11:05:55.852+0000] {processor.py:830} INFO - Processing file /home/airflow/.local/lib/python3.12/site-packages/airflow/example_dags/example_latest_only_with_trigger.py for tasks to queue
[2024-06-22T11:05:55.861+0000] {logging_mixin.py:188} INFO - [2024-06-22T11:05:55.860+0000] {dagbag.py:540} INFO - Filling up the DagBag from /home/airflow/.local/lib/python3.12/site-packages/airflow/example_dags/example_latest_only_with_trigger.py
[2024-06-22T11:05:55.894+0000] {processor.py:840} INFO - DAG(s) 'latest_only_with_trigger' retrieved from /home/airflow/.local/lib/python3.12/site-packages/airflow/example_dags/example_latest_only_with_trigger.py
[2024-06-22T11:05:55.991+0000] {logging_mixin.py:188} INFO - [2024-06-22T11:05:55.990+0000] {dag.py:3096} INFO - Sync 1 DAGs
[2024-06-22T11:05:56.074+0000] {logging_mixin.py:188} INFO - [2024-06-22T11:05:56.074+0000] {dag.py:3954} INFO - Setting next_dagrun for latest_only_with_trigger to 2024-06-22 04:00:00+00:00, run_after=2024-06-22 08:00:00+00:00
[2024-06-22T11:05:56.128+0000] {processor.py:183} INFO - Processing /home/airflow/.local/lib/python3.12/site-packages/airflow/example_dags/example_latest_only_with_trigger.py took 0.332 seconds
[2024-06-22T11:06:26.382+0000] {processor.py:161} INFO - Started process (PID=186) to work on /home/airflow/.local/lib/python3.12/site-packages/airflow/example_dags/example_latest_only_with_trigger.py
[2024-06-22T11:06:26.386+0000] {processor.py:830} INFO - Processing file /home/airflow/.local/lib/python3.12/site-packages/airflow/example_dags/example_latest_only_with_trigger.py for tasks to queue
[2024-06-22T11:06:26.414+0000] {logging_mixin.py:188} INFO - [2024-06-22T11:06:26.398+0000] {dagbag.py:540} INFO - Filling up the DagBag from /home/airflow/.local/lib/python3.12/site-packages/airflow/example_dags/example_latest_only_with_trigger.py
[2024-06-22T11:06:26.450+0000] {processor.py:840} INFO - DAG(s) 'latest_only_with_trigger' retrieved from /home/airflow/.local/lib/python3.12/site-packages/airflow/example_dags/example_latest_only_with_trigger.py
[2024-06-22T11:06:26.535+0000] {logging_mixin.py:188} INFO - [2024-06-22T11:06:26.535+0000] {dag.py:3096} INFO - Sync 1 DAGs
[2024-06-22T11:06:26.587+0000] {logging_mixin.py:188} INFO - [2024-06-22T11:06:26.587+0000] {dag.py:3954} INFO - Setting next_dagrun for latest_only_with_trigger to 2024-06-22 04:00:00+00:00, run_after=2024-06-22 08:00:00+00:00
[2024-06-22T11:06:26.635+0000] {processor.py:183} INFO - Processing /home/airflow/.local/lib/python3.12/site-packages/airflow/example_dags/example_latest_only_with_trigger.py took 0.322 seconds
[2024-06-22T11:06:57.334+0000] {processor.py:161} INFO - Started process (PID=245) to work on /home/airflow/.local/lib/python3.12/site-packages/airflow/example_dags/example_latest_only_with_trigger.py
[2024-06-22T11:06:57.338+0000] {processor.py:830} INFO - Processing file /home/airflow/.local/lib/python3.12/site-packages/airflow/example_dags/example_latest_only_with_trigger.py for tasks to queue
[2024-06-22T11:06:57.347+0000] {logging_mixin.py:188} INFO - [2024-06-22T11:06:57.345+0000] {dagbag.py:540} INFO - Filling up the DagBag from /home/airflow/.local/lib/python3.12/site-packages/airflow/example_dags/example_latest_only_with_trigger.py
[2024-06-22T11:06:57.375+0000] {processor.py:840} INFO - DAG(s) 'latest_only_with_trigger' retrieved from /home/airflow/.local/lib/python3.12/site-packages/airflow/example_dags/example_latest_only_with_trigger.py
[2024-06-22T11:06:57.437+0000] {logging_mixin.py:188} INFO - [2024-06-22T11:06:57.436+0000] {dag.py:3096} INFO - Sync 1 DAGs
[2024-06-22T11:06:57.490+0000] {logging_mixin.py:188} INFO - [2024-06-22T11:06:57.489+0000] {dag.py:3954} INFO - Setting next_dagrun for latest_only_with_trigger to 2024-06-22 04:00:00+00:00, run_after=2024-06-22 08:00:00+00:00
[2024-06-22T11:06:57.525+0000] {processor.py:183} INFO - Processing /home/airflow/.local/lib/python3.12/site-packages/airflow/example_dags/example_latest_only_with_trigger.py took 0.218 seconds
[2024-06-22T11:07:28.221+0000] {processor.py:161} INFO - Started process (PID=304) to work on /home/airflow/.local/lib/python3.12/site-packages/airflow/example_dags/example_latest_only_with_trigger.py
[2024-06-22T11:07:28.224+0000] {processor.py:830} INFO - Processing file /home/airflow/.local/lib/python3.12/site-packages/airflow/example_dags/example_latest_only_with_trigger.py for tasks to queue
[2024-06-22T11:07:28.228+0000] {logging_mixin.py:188} INFO - [2024-06-22T11:07:28.227+0000] {dagbag.py:540} INFO - Filling up the DagBag from /home/airflow/.local/lib/python3.12/site-packages/airflow/example_dags/example_latest_only_with_trigger.py
[2024-06-22T11:07:28.243+0000] {processor.py:840} INFO - DAG(s) 'latest_only_with_trigger' retrieved from /home/airflow/.local/lib/python3.12/site-packages/airflow/example_dags/example_latest_only_with_trigger.py
[2024-06-22T11:07:28.303+0000] {logging_mixin.py:188} INFO - [2024-06-22T11:07:28.302+0000] {dag.py:3096} INFO - Sync 1 DAGs
[2024-06-22T11:07:28.361+0000] {logging_mixin.py:188} INFO - [2024-06-22T11:07:28.361+0000] {dag.py:3954} INFO - Setting next_dagrun for latest_only_with_trigger to 2024-06-22 04:00:00+00:00, run_after=2024-06-22 08:00:00+00:00
[2024-06-22T11:07:28.409+0000] {processor.py:183} INFO - Processing /home/airflow/.local/lib/python3.12/site-packages/airflow/example_dags/example_latest_only_with_trigger.py took 0.199 seconds
[2024-06-22T11:07:59.008+0000] {processor.py:161} INFO - Started process (PID=362) to work on /home/airflow/.local/lib/python3.12/site-packages/airflow/example_dags/example_latest_only_with_trigger.py
[2024-06-22T11:07:59.012+0000] {processor.py:830} INFO - Processing file /home/airflow/.local/lib/python3.12/site-packages/airflow/example_dags/example_latest_only_with_trigger.py for tasks to queue
[2024-06-22T11:07:59.018+0000] {logging_mixin.py:188} INFO - [2024-06-22T11:07:59.017+0000] {dagbag.py:540} INFO - Filling up the DagBag from /home/airflow/.local/lib/python3.12/site-packages/airflow/example_dags/example_latest_only_with_trigger.py
[2024-06-22T11:07:59.027+0000] {processor.py:840} INFO - DAG(s) 'latest_only_with_trigger' retrieved from /home/airflow/.local/lib/python3.12/site-packages/airflow/example_dags/example_latest_only_with_trigger.py
[2024-06-22T11:07:59.095+0000] {logging_mixin.py:188} INFO - [2024-06-22T11:07:59.095+0000] {dag.py:3096} INFO - Sync 1 DAGs
[2024-06-22T11:07:59.145+0000] {logging_mixin.py:188} INFO - [2024-06-22T11:07:59.145+0000] {dag.py:3954} INFO - Setting next_dagrun for latest_only_with_trigger to 2024-06-22 04:00:00+00:00, run_after=2024-06-22 08:00:00+00:00
[2024-06-22T11:07:59.178+0000] {processor.py:183} INFO - Processing /home/airflow/.local/lib/python3.12/site-packages/airflow/example_dags/example_latest_only_with_trigger.py took 0.190 seconds
[2024-06-22T11:08:29.600+0000] {processor.py:161} INFO - Started process (PID=421) to work on /home/airflow/.local/lib/python3.12/site-packages/airflow/example_dags/example_latest_only_with_trigger.py
[2024-06-22T11:08:29.603+0000] {processor.py:830} INFO - Processing file /home/airflow/.local/lib/python3.12/site-packages/airflow/example_dags/example_latest_only_with_trigger.py for tasks to queue
[2024-06-22T11:08:29.623+0000] {logging_mixin.py:188} INFO - [2024-06-22T11:08:29.618+0000] {dagbag.py:540} INFO - Filling up the DagBag from /home/airflow/.local/lib/python3.12/site-packages/airflow/example_dags/example_latest_only_with_trigger.py
[2024-06-22T11:08:29.674+0000] {processor.py:840} INFO - DAG(s) 'latest_only_with_trigger' retrieved from /home/airflow/.local/lib/python3.12/site-packages/airflow/example_dags/example_latest_only_with_trigger.py
[2024-06-22T11:08:29.799+0000] {logging_mixin.py:188} INFO - [2024-06-22T11:08:29.790+0000] {dag.py:3096} INFO - Sync 1 DAGs
[2024-06-22T11:08:29.914+0000] {logging_mixin.py:188} INFO - [2024-06-22T11:08:29.911+0000] {dag.py:3954} INFO - Setting next_dagrun for latest_only_with_trigger to 2024-06-22 04:00:00+00:00, run_after=2024-06-22 08:00:00+00:00
[2024-06-22T11:08:30.009+0000] {processor.py:183} INFO - Processing /home/airflow/.local/lib/python3.12/site-packages/airflow/example_dags/example_latest_only_with_trigger.py took 0.466 seconds
[2024-06-22T11:09:00.301+0000] {processor.py:161} INFO - Started process (PID=479) to work on /home/airflow/.local/lib/python3.12/site-packages/airflow/example_dags/example_latest_only_with_trigger.py
[2024-06-22T11:09:00.304+0000] {processor.py:830} INFO - Processing file /home/airflow/.local/lib/python3.12/site-packages/airflow/example_dags/example_latest_only_with_trigger.py for tasks to queue
[2024-06-22T11:09:00.312+0000] {logging_mixin.py:188} INFO - [2024-06-22T11:09:00.311+0000] {dagbag.py:540} INFO - Filling up the DagBag from /home/airflow/.local/lib/python3.12/site-packages/airflow/example_dags/example_latest_only_with_trigger.py
[2024-06-22T11:09:00.330+0000] {processor.py:840} INFO - DAG(s) 'latest_only_with_trigger' retrieved from /home/airflow/.local/lib/python3.12/site-packages/airflow/example_dags/example_latest_only_with_trigger.py
[2024-06-22T11:09:00.389+0000] {logging_mixin.py:188} INFO - [2024-06-22T11:09:00.388+0000] {dag.py:3096} INFO - Sync 1 DAGs
[2024-06-22T11:09:00.424+0000] {logging_mixin.py:188} INFO - [2024-06-22T11:09:00.423+0000] {dag.py:3954} INFO - Setting next_dagrun for latest_only_with_trigger to 2024-06-22 04:00:00+00:00, run_after=2024-06-22 08:00:00+00:00
[2024-06-22T11:09:00.460+0000] {processor.py:183} INFO - Processing /home/airflow/.local/lib/python3.12/site-packages/airflow/example_dags/example_latest_only_with_trigger.py took 0.178 seconds
[2024-06-22T11:09:30.558+0000] {processor.py:161} INFO - Started process (PID=537) to work on /home/airflow/.local/lib/python3.12/site-packages/airflow/example_dags/example_latest_only_with_trigger.py
[2024-06-22T11:09:30.560+0000] {processor.py:830} INFO - Processing file /home/airflow/.local/lib/python3.12/site-packages/airflow/example_dags/example_latest_only_with_trigger.py for tasks to queue
[2024-06-22T11:09:30.566+0000] {logging_mixin.py:188} INFO - [2024-06-22T11:09:30.565+0000] {dagbag.py:540} INFO - Filling up the DagBag from /home/airflow/.local/lib/python3.12/site-packages/airflow/example_dags/example_latest_only_with_trigger.py
[2024-06-22T11:09:30.576+0000] {processor.py:840} INFO - DAG(s) 'latest_only_with_trigger' retrieved from /home/airflow/.local/lib/python3.12/site-packages/airflow/example_dags/example_latest_only_with_trigger.py
[2024-06-22T11:09:30.616+0000] {logging_mixin.py:188} INFO - [2024-06-22T11:09:30.616+0000] {dag.py:3096} INFO - Sync 1 DAGs
[2024-06-22T11:09:30.660+0000] {logging_mixin.py:188} INFO - [2024-06-22T11:09:30.660+0000] {dag.py:3954} INFO - Setting next_dagrun for latest_only_with_trigger to 2024-06-22 04:00:00+00:00, run_after=2024-06-22 08:00:00+00:00
[2024-06-22T11:09:30.694+0000] {processor.py:183} INFO - Processing /home/airflow/.local/lib/python3.12/site-packages/airflow/example_dags/example_latest_only_with_trigger.py took 0.147 seconds
[2024-06-22T11:10:00.793+0000] {processor.py:161} INFO - Started process (PID=598) to work on /home/airflow/.local/lib/python3.12/site-packages/airflow/example_dags/example_latest_only_with_trigger.py
[2024-06-22T11:10:00.795+0000] {processor.py:830} INFO - Processing file /home/airflow/.local/lib/python3.12/site-packages/airflow/example_dags/example_latest_only_with_trigger.py for tasks to queue
[2024-06-22T11:10:00.800+0000] {logging_mixin.py:188} INFO - [2024-06-22T11:10:00.799+0000] {dagbag.py:540} INFO - Filling up the DagBag from /home/airflow/.local/lib/python3.12/site-packages/airflow/example_dags/example_latest_only_with_trigger.py
[2024-06-22T11:10:00.809+0000] {processor.py:840} INFO - DAG(s) 'latest_only_with_trigger' retrieved from /home/airflow/.local/lib/python3.12/site-packages/airflow/example_dags/example_latest_only_with_trigger.py
[2024-06-22T11:10:00.854+0000] {logging_mixin.py:188} INFO - [2024-06-22T11:10:00.854+0000] {dag.py:3096} INFO - Sync 1 DAGs
[2024-06-22T11:10:00.897+0000] {logging_mixin.py:188} INFO - [2024-06-22T11:10:00.896+0000] {dag.py:3954} INFO - Setting next_dagrun for latest_only_with_trigger to 2024-06-22 04:00:00+00:00, run_after=2024-06-22 08:00:00+00:00
[2024-06-22T11:10:00.938+0000] {processor.py:183} INFO - Processing /home/airflow/.local/lib/python3.12/site-packages/airflow/example_dags/example_latest_only_with_trigger.py took 0.154 seconds
[2024-06-22T11:10:31.862+0000] {processor.py:161} INFO - Started process (PID=657) to work on /home/airflow/.local/lib/python3.12/site-packages/airflow/example_dags/example_latest_only_with_trigger.py
[2024-06-22T11:10:31.870+0000] {processor.py:830} INFO - Processing file /home/airflow/.local/lib/python3.12/site-packages/airflow/example_dags/example_latest_only_with_trigger.py for tasks to queue
[2024-06-22T11:10:31.900+0000] {logging_mixin.py:188} INFO - [2024-06-22T11:10:31.894+0000] {dagbag.py:540} INFO - Filling up the DagBag from /home/airflow/.local/lib/python3.12/site-packages/airflow/example_dags/example_latest_only_with_trigger.py
[2024-06-22T11:10:31.925+0000] {processor.py:840} INFO - DAG(s) 'latest_only_with_trigger' retrieved from /home/airflow/.local/lib/python3.12/site-packages/airflow/example_dags/example_latest_only_with_trigger.py
[2024-06-22T11:10:32.051+0000] {logging_mixin.py:188} INFO - [2024-06-22T11:10:32.051+0000] {dag.py:3096} INFO - Sync 1 DAGs
[2024-06-22T11:10:32.167+0000] {logging_mixin.py:188} INFO - [2024-06-22T11:10:32.167+0000] {dag.py:3954} INFO - Setting next_dagrun for latest_only_with_trigger to 2024-06-22 04:00:00+00:00, run_after=2024-06-22 08:00:00+00:00
[2024-06-22T11:10:32.222+0000] {processor.py:183} INFO - Processing /home/airflow/.local/lib/python3.12/site-packages/airflow/example_dags/example_latest_only_with_trigger.py took 0.404 seconds
[2024-06-22T11:11:15.604+0000] {processor.py:161} INFO - Started process (PID=720) to work on /home/airflow/.local/lib/python3.12/site-packages/airflow/example_dags/example_latest_only_with_trigger.py
[2024-06-22T11:11:15.607+0000] {processor.py:830} INFO - Processing file /home/airflow/.local/lib/python3.12/site-packages/airflow/example_dags/example_latest_only_with_trigger.py for tasks to queue
[2024-06-22T11:11:15.618+0000] {logging_mixin.py:188} INFO - [2024-06-22T11:11:15.618+0000] {dagbag.py:540} INFO - Filling up the DagBag from /home/airflow/.local/lib/python3.12/site-packages/airflow/example_dags/example_latest_only_with_trigger.py
[2024-06-22T11:11:15.662+0000] {processor.py:840} INFO - DAG(s) 'latest_only_with_trigger' retrieved from /home/airflow/.local/lib/python3.12/site-packages/airflow/example_dags/example_latest_only_with_trigger.py
[2024-06-22T11:11:15.768+0000] {logging_mixin.py:188} INFO - [2024-06-22T11:11:15.765+0000] {dag.py:3096} INFO - Sync 1 DAGs
[2024-06-22T11:11:16.982+0000] {logging_mixin.py:188} INFO - [2024-06-22T11:11:16.982+0000] {dag.py:3954} INFO - Setting next_dagrun for latest_only_with_trigger to 2024-06-22 04:00:00+00:00, run_after=2024-06-22 08:00:00+00:00
[2024-06-22T11:11:17.150+0000] {processor.py:183} INFO - Processing /home/airflow/.local/lib/python3.12/site-packages/airflow/example_dags/example_latest_only_with_trigger.py took 1.599 seconds
[2024-06-22T11:11:47.450+0000] {processor.py:161} INFO - Started process (PID=778) to work on /home/airflow/.local/lib/python3.12/site-packages/airflow/example_dags/example_latest_only_with_trigger.py
[2024-06-22T11:11:47.456+0000] {processor.py:830} INFO - Processing file /home/airflow/.local/lib/python3.12/site-packages/airflow/example_dags/example_latest_only_with_trigger.py for tasks to queue
[2024-06-22T11:11:47.469+0000] {logging_mixin.py:188} INFO - [2024-06-22T11:11:47.469+0000] {dagbag.py:540} INFO - Filling up the DagBag from /home/airflow/.local/lib/python3.12/site-packages/airflow/example_dags/example_latest_only_with_trigger.py
[2024-06-22T11:11:47.499+0000] {processor.py:840} INFO - DAG(s) 'latest_only_with_trigger' retrieved from /home/airflow/.local/lib/python3.12/site-packages/airflow/example_dags/example_latest_only_with_trigger.py
[2024-06-22T11:11:47.589+0000] {logging_mixin.py:188} INFO - [2024-06-22T11:11:47.589+0000] {dag.py:3096} INFO - Sync 1 DAGs
[2024-06-22T11:11:47.703+0000] {logging_mixin.py:188} INFO - [2024-06-22T11:11:47.703+0000] {dag.py:3954} INFO - Setting next_dagrun for latest_only_with_trigger to 2024-06-22 04:00:00+00:00, run_after=2024-06-22 08:00:00+00:00
[2024-06-22T11:11:47.779+0000] {processor.py:183} INFO - Processing /home/airflow/.local/lib/python3.12/site-packages/airflow/example_dags/example_latest_only_with_trigger.py took 0.364 seconds
[2024-06-22T11:12:26.296+0000] {processor.py:161} INFO - Started process (PID=836) to work on /home/airflow/.local/lib/python3.12/site-packages/airflow/example_dags/example_latest_only_with_trigger.py
[2024-06-22T11:12:26.311+0000] {processor.py:830} INFO - Processing file /home/airflow/.local/lib/python3.12/site-packages/airflow/example_dags/example_latest_only_with_trigger.py for tasks to queue
[2024-06-22T11:12:26.334+0000] {logging_mixin.py:188} INFO - [2024-06-22T11:12:26.333+0000] {dagbag.py:540} INFO - Filling up the DagBag from /home/airflow/.local/lib/python3.12/site-packages/airflow/example_dags/example_latest_only_with_trigger.py
[2024-06-22T11:12:26.390+0000] {processor.py:840} INFO - DAG(s) 'latest_only_with_trigger' retrieved from /home/airflow/.local/lib/python3.12/site-packages/airflow/example_dags/example_latest_only_with_trigger.py
[2024-06-22T11:12:26.695+0000] {logging_mixin.py:188} INFO - [2024-06-22T11:12:26.687+0000] {dag.py:3096} INFO - Sync 1 DAGs
[2024-06-22T11:12:27.053+0000] {logging_mixin.py:188} INFO - [2024-06-22T11:12:27.052+0000] {dag.py:3954} INFO - Setting next_dagrun for latest_only_with_trigger to 2024-06-22 04:00:00+00:00, run_after=2024-06-22 08:00:00+00:00
[2024-06-22T11:12:27.279+0000] {processor.py:183} INFO - Processing /home/airflow/.local/lib/python3.12/site-packages/airflow/example_dags/example_latest_only_with_trigger.py took 1.070 seconds
[2024-06-22T11:12:57.795+0000] {processor.py:161} INFO - Started process (PID=892) to work on /home/airflow/.local/lib/python3.12/site-packages/airflow/example_dags/example_latest_only_with_trigger.py
[2024-06-22T11:12:57.804+0000] {processor.py:830} INFO - Processing file /home/airflow/.local/lib/python3.12/site-packages/airflow/example_dags/example_latest_only_with_trigger.py for tasks to queue
[2024-06-22T11:12:57.811+0000] {logging_mixin.py:188} INFO - [2024-06-22T11:12:57.810+0000] {dagbag.py:540} INFO - Filling up the DagBag from /home/airflow/.local/lib/python3.12/site-packages/airflow/example_dags/example_latest_only_with_trigger.py
[2024-06-22T11:12:57.846+0000] {processor.py:840} INFO - DAG(s) 'latest_only_with_trigger' retrieved from /home/airflow/.local/lib/python3.12/site-packages/airflow/example_dags/example_latest_only_with_trigger.py
[2024-06-22T11:12:57.948+0000] {logging_mixin.py:188} INFO - [2024-06-22T11:12:57.948+0000] {dag.py:3096} INFO - Sync 1 DAGs
[2024-06-22T11:12:58.039+0000] {logging_mixin.py:188} INFO - [2024-06-22T11:12:58.039+0000] {dag.py:3954} INFO - Setting next_dagrun for latest_only_with_trigger to 2024-06-22 04:00:00+00:00, run_after=2024-06-22 08:00:00+00:00
[2024-06-22T11:12:58.127+0000] {processor.py:183} INFO - Processing /home/airflow/.local/lib/python3.12/site-packages/airflow/example_dags/example_latest_only_with_trigger.py took 0.353 seconds
[2024-06-22T11:13:28.906+0000] {processor.py:161} INFO - Started process (PID=952) to work on /home/airflow/.local/lib/python3.12/site-packages/airflow/example_dags/example_latest_only_with_trigger.py
[2024-06-22T11:13:28.911+0000] {processor.py:830} INFO - Processing file /home/airflow/.local/lib/python3.12/site-packages/airflow/example_dags/example_latest_only_with_trigger.py for tasks to queue
[2024-06-22T11:13:28.925+0000] {logging_mixin.py:188} INFO - [2024-06-22T11:13:28.923+0000] {dagbag.py:540} INFO - Filling up the DagBag from /home/airflow/.local/lib/python3.12/site-packages/airflow/example_dags/example_latest_only_with_trigger.py
[2024-06-22T11:13:28.935+0000] {processor.py:840} INFO - DAG(s) 'latest_only_with_trigger' retrieved from /home/airflow/.local/lib/python3.12/site-packages/airflow/example_dags/example_latest_only_with_trigger.py
[2024-06-22T11:13:28.979+0000] {logging_mixin.py:188} INFO - [2024-06-22T11:13:28.979+0000] {dag.py:3096} INFO - Sync 1 DAGs
[2024-06-22T11:13:29.231+0000] {logging_mixin.py:188} INFO - [2024-06-22T11:13:29.230+0000] {dag.py:3954} INFO - Setting next_dagrun for latest_only_with_trigger to 2024-06-22 04:00:00+00:00, run_after=2024-06-22 08:00:00+00:00
[2024-06-22T11:13:29.265+0000] {processor.py:183} INFO - Processing /home/airflow/.local/lib/python3.12/site-packages/airflow/example_dags/example_latest_only_with_trigger.py took 0.378 seconds
[2024-06-22T11:14:03.844+0000] {processor.py:161} INFO - Started process (PID=1010) to work on /home/airflow/.local/lib/python3.12/site-packages/airflow/example_dags/example_latest_only_with_trigger.py
[2024-06-22T11:14:03.847+0000] {processor.py:830} INFO - Processing file /home/airflow/.local/lib/python3.12/site-packages/airflow/example_dags/example_latest_only_with_trigger.py for tasks to queue
[2024-06-22T11:14:03.852+0000] {logging_mixin.py:188} INFO - [2024-06-22T11:14:03.851+0000] {dagbag.py:540} INFO - Filling up the DagBag from /home/airflow/.local/lib/python3.12/site-packages/airflow/example_dags/example_latest_only_with_trigger.py
[2024-06-22T11:14:03.867+0000] {processor.py:840} INFO - DAG(s) 'latest_only_with_trigger' retrieved from /home/airflow/.local/lib/python3.12/site-packages/airflow/example_dags/example_latest_only_with_trigger.py
[2024-06-22T11:14:03.930+0000] {logging_mixin.py:188} INFO - [2024-06-22T11:14:03.929+0000] {dag.py:3096} INFO - Sync 1 DAGs
[2024-06-22T11:14:03.982+0000] {logging_mixin.py:188} INFO - [2024-06-22T11:14:03.982+0000] {dag.py:3954} INFO - Setting next_dagrun for latest_only_with_trigger to 2024-06-22 04:00:00+00:00, run_after=2024-06-22 08:00:00+00:00
[2024-06-22T11:14:04.018+0000] {processor.py:183} INFO - Processing /home/airflow/.local/lib/python3.12/site-packages/airflow/example_dags/example_latest_only_with_trigger.py took 0.188 seconds
[2024-06-22T11:14:45.165+0000] {processor.py:161} INFO - Started process (PID=1059) to work on /home/airflow/.local/lib/python3.12/site-packages/airflow/example_dags/example_latest_only_with_trigger.py
[2024-06-22T11:14:45.169+0000] {processor.py:830} INFO - Processing file /home/airflow/.local/lib/python3.12/site-packages/airflow/example_dags/example_latest_only_with_trigger.py for tasks to queue
[2024-06-22T11:14:45.192+0000] {logging_mixin.py:188} INFO - [2024-06-22T11:14:45.187+0000] {dagbag.py:540} INFO - Filling up the DagBag from /home/airflow/.local/lib/python3.12/site-packages/airflow/example_dags/example_latest_only_with_trigger.py
[2024-06-22T11:14:45.223+0000] {processor.py:840} INFO - DAG(s) 'latest_only_with_trigger' retrieved from /home/airflow/.local/lib/python3.12/site-packages/airflow/example_dags/example_latest_only_with_trigger.py
[2024-06-22T11:14:45.377+0000] {logging_mixin.py:188} INFO - [2024-06-22T11:14:45.376+0000] {dag.py:3096} INFO - Sync 1 DAGs
[2024-06-22T11:14:45.545+0000] {logging_mixin.py:188} INFO - [2024-06-22T11:14:45.544+0000] {dag.py:3954} INFO - Setting next_dagrun for latest_only_with_trigger to 2024-06-22 04:00:00+00:00, run_after=2024-06-22 08:00:00+00:00
[2024-06-22T11:14:45.657+0000] {processor.py:183} INFO - Processing /home/airflow/.local/lib/python3.12/site-packages/airflow/example_dags/example_latest_only_with_trigger.py took 0.540 seconds
[2024-06-22T11:15:20.609+0000] {processor.py:161} INFO - Started process (PID=1123) to work on /home/airflow/.local/lib/python3.12/site-packages/airflow/example_dags/example_latest_only_with_trigger.py
[2024-06-22T11:15:20.628+0000] {processor.py:830} INFO - Processing file /home/airflow/.local/lib/python3.12/site-packages/airflow/example_dags/example_latest_only_with_trigger.py for tasks to queue
[2024-06-22T11:15:20.691+0000] {logging_mixin.py:188} INFO - [2024-06-22T11:15:20.690+0000] {dagbag.py:540} INFO - Filling up the DagBag from /home/airflow/.local/lib/python3.12/site-packages/airflow/example_dags/example_latest_only_with_trigger.py
[2024-06-22T11:15:20.738+0000] {processor.py:840} INFO - DAG(s) 'latest_only_with_trigger' retrieved from /home/airflow/.local/lib/python3.12/site-packages/airflow/example_dags/example_latest_only_with_trigger.py
[2024-06-22T11:15:20.976+0000] {logging_mixin.py:188} INFO - [2024-06-22T11:15:20.976+0000] {dag.py:3096} INFO - Sync 1 DAGs
[2024-06-22T11:15:21.238+0000] {logging_mixin.py:188} INFO - [2024-06-22T11:15:21.237+0000] {dag.py:3954} INFO - Setting next_dagrun for latest_only_with_trigger to 2024-06-22 04:00:00+00:00, run_after=2024-06-22 08:00:00+00:00
[2024-06-22T11:15:21.426+0000] {processor.py:183} INFO - Processing /home/airflow/.local/lib/python3.12/site-packages/airflow/example_dags/example_latest_only_with_trigger.py took 0.898 seconds
[2024-06-22T11:15:51.943+0000] {processor.py:161} INFO - Started process (PID=1182) to work on /home/airflow/.local/lib/python3.12/site-packages/airflow/example_dags/example_latest_only_with_trigger.py
[2024-06-22T11:15:51.951+0000] {processor.py:830} INFO - Processing file /home/airflow/.local/lib/python3.12/site-packages/airflow/example_dags/example_latest_only_with_trigger.py for tasks to queue
[2024-06-22T11:15:51.968+0000] {logging_mixin.py:188} INFO - [2024-06-22T11:15:51.963+0000] {dagbag.py:540} INFO - Filling up the DagBag from /home/airflow/.local/lib/python3.12/site-packages/airflow/example_dags/example_latest_only_with_trigger.py
[2024-06-22T11:15:52.002+0000] {processor.py:840} INFO - DAG(s) 'latest_only_with_trigger' retrieved from /home/airflow/.local/lib/python3.12/site-packages/airflow/example_dags/example_latest_only_with_trigger.py
[2024-06-22T11:15:52.189+0000] {logging_mixin.py:188} INFO - [2024-06-22T11:15:52.189+0000] {dag.py:3096} INFO - Sync 1 DAGs
[2024-06-22T11:15:52.315+0000] {logging_mixin.py:188} INFO - [2024-06-22T11:15:52.315+0000] {dag.py:3954} INFO - Setting next_dagrun for latest_only_with_trigger to 2024-06-22 04:00:00+00:00, run_after=2024-06-22 08:00:00+00:00
[2024-06-22T11:15:52.472+0000] {processor.py:183} INFO - Processing /home/airflow/.local/lib/python3.12/site-packages/airflow/example_dags/example_latest_only_with_trigger.py took 0.581 seconds
[2024-06-22T11:16:25.278+0000] {processor.py:161} INFO - Started process (PID=1240) to work on /home/airflow/.local/lib/python3.12/site-packages/airflow/example_dags/example_latest_only_with_trigger.py
[2024-06-22T11:16:25.291+0000] {processor.py:830} INFO - Processing file /home/airflow/.local/lib/python3.12/site-packages/airflow/example_dags/example_latest_only_with_trigger.py for tasks to queue
[2024-06-22T11:16:25.309+0000] {logging_mixin.py:188} INFO - [2024-06-22T11:16:25.304+0000] {dagbag.py:540} INFO - Filling up the DagBag from /home/airflow/.local/lib/python3.12/site-packages/airflow/example_dags/example_latest_only_with_trigger.py
[2024-06-22T11:16:25.353+0000] {processor.py:840} INFO - DAG(s) 'latest_only_with_trigger' retrieved from /home/airflow/.local/lib/python3.12/site-packages/airflow/example_dags/example_latest_only_with_trigger.py
[2024-06-22T11:16:25.461+0000] {logging_mixin.py:188} INFO - [2024-06-22T11:16:25.461+0000] {dag.py:3096} INFO - Sync 1 DAGs
[2024-06-22T11:16:25.594+0000] {logging_mixin.py:188} INFO - [2024-06-22T11:16:25.593+0000] {dag.py:3954} INFO - Setting next_dagrun for latest_only_with_trigger to 2024-06-22 04:00:00+00:00, run_after=2024-06-22 08:00:00+00:00
[2024-06-22T11:16:25.722+0000] {processor.py:183} INFO - Processing /home/airflow/.local/lib/python3.12/site-packages/airflow/example_dags/example_latest_only_with_trigger.py took 0.485 seconds
[2024-06-22T11:16:56.747+0000] {processor.py:161} INFO - Started process (PID=1300) to work on /home/airflow/.local/lib/python3.12/site-packages/airflow/example_dags/example_latest_only_with_trigger.py
[2024-06-22T11:16:56.750+0000] {processor.py:830} INFO - Processing file /home/airflow/.local/lib/python3.12/site-packages/airflow/example_dags/example_latest_only_with_trigger.py for tasks to queue
[2024-06-22T11:16:56.766+0000] {logging_mixin.py:188} INFO - [2024-06-22T11:16:56.762+0000] {dagbag.py:540} INFO - Filling up the DagBag from /home/airflow/.local/lib/python3.12/site-packages/airflow/example_dags/example_latest_only_with_trigger.py
[2024-06-22T11:16:56.806+0000] {processor.py:840} INFO - DAG(s) 'latest_only_with_trigger' retrieved from /home/airflow/.local/lib/python3.12/site-packages/airflow/example_dags/example_latest_only_with_trigger.py
[2024-06-22T11:16:56.882+0000] {logging_mixin.py:188} INFO - [2024-06-22T11:16:56.881+0000] {dag.py:3096} INFO - Sync 1 DAGs
[2024-06-22T11:16:56.961+0000] {logging_mixin.py:188} INFO - [2024-06-22T11:16:56.960+0000] {dag.py:3954} INFO - Setting next_dagrun for latest_only_with_trigger to 2024-06-22 04:00:00+00:00, run_after=2024-06-22 08:00:00+00:00
[2024-06-22T11:16:57.030+0000] {processor.py:183} INFO - Processing /home/airflow/.local/lib/python3.12/site-packages/airflow/example_dags/example_latest_only_with_trigger.py took 0.318 seconds
[2024-06-22T11:17:27.168+0000] {processor.py:161} INFO - Started process (PID=1360) to work on /home/airflow/.local/lib/python3.12/site-packages/airflow/example_dags/example_latest_only_with_trigger.py
[2024-06-22T11:17:27.172+0000] {processor.py:830} INFO - Processing file /home/airflow/.local/lib/python3.12/site-packages/airflow/example_dags/example_latest_only_with_trigger.py for tasks to queue
[2024-06-22T11:17:27.180+0000] {logging_mixin.py:188} INFO - [2024-06-22T11:17:27.179+0000] {dagbag.py:540} INFO - Filling up the DagBag from /home/airflow/.local/lib/python3.12/site-packages/airflow/example_dags/example_latest_only_with_trigger.py
[2024-06-22T11:17:27.198+0000] {processor.py:840} INFO - DAG(s) 'latest_only_with_trigger' retrieved from /home/airflow/.local/lib/python3.12/site-packages/airflow/example_dags/example_latest_only_with_trigger.py
[2024-06-22T11:17:27.244+0000] {logging_mixin.py:188} INFO - [2024-06-22T11:17:27.244+0000] {dag.py:3096} INFO - Sync 1 DAGs
[2024-06-22T11:17:27.293+0000] {logging_mixin.py:188} INFO - [2024-06-22T11:17:27.293+0000] {dag.py:3954} INFO - Setting next_dagrun for latest_only_with_trigger to 2024-06-22 04:00:00+00:00, run_after=2024-06-22 08:00:00+00:00
[2024-06-22T11:17:27.326+0000] {processor.py:183} INFO - Processing /home/airflow/.local/lib/python3.12/site-packages/airflow/example_dags/example_latest_only_with_trigger.py took 0.180 seconds
[2024-06-22T11:18:04.969+0000] {processor.py:161} INFO - Started process (PID=1416) to work on /home/airflow/.local/lib/python3.12/site-packages/airflow/example_dags/example_latest_only_with_trigger.py
[2024-06-22T11:18:04.992+0000] {processor.py:830} INFO - Processing file /home/airflow/.local/lib/python3.12/site-packages/airflow/example_dags/example_latest_only_with_trigger.py for tasks to queue
[2024-06-22T11:18:04.997+0000] {logging_mixin.py:188} INFO - [2024-06-22T11:18:04.997+0000] {dagbag.py:540} INFO - Filling up the DagBag from /home/airflow/.local/lib/python3.12/site-packages/airflow/example_dags/example_latest_only_with_trigger.py
[2024-06-22T11:18:05.025+0000] {processor.py:840} INFO - DAG(s) 'latest_only_with_trigger' retrieved from /home/airflow/.local/lib/python3.12/site-packages/airflow/example_dags/example_latest_only_with_trigger.py
[2024-06-22T11:18:05.165+0000] {logging_mixin.py:188} INFO - [2024-06-22T11:18:05.164+0000] {dag.py:3096} INFO - Sync 1 DAGs
[2024-06-22T11:18:05.294+0000] {logging_mixin.py:188} INFO - [2024-06-22T11:18:05.294+0000] {dag.py:3954} INFO - Setting next_dagrun for latest_only_with_trigger to 2024-06-22 04:00:00+00:00, run_after=2024-06-22 08:00:00+00:00
[2024-06-22T11:18:05.406+0000] {processor.py:183} INFO - Processing /home/airflow/.local/lib/python3.12/site-packages/airflow/example_dags/example_latest_only_with_trigger.py took 0.474 seconds
[2024-06-22T11:18:37.522+0000] {processor.py:161} INFO - Started process (PID=1474) to work on /home/airflow/.local/lib/python3.12/site-packages/airflow/example_dags/example_latest_only_with_trigger.py
[2024-06-22T11:18:37.527+0000] {processor.py:830} INFO - Processing file /home/airflow/.local/lib/python3.12/site-packages/airflow/example_dags/example_latest_only_with_trigger.py for tasks to queue
[2024-06-22T11:18:37.548+0000] {logging_mixin.py:188} INFO - [2024-06-22T11:18:37.544+0000] {dagbag.py:540} INFO - Filling up the DagBag from /home/airflow/.local/lib/python3.12/site-packages/airflow/example_dags/example_latest_only_with_trigger.py
[2024-06-22T11:18:37.616+0000] {processor.py:840} INFO - DAG(s) 'latest_only_with_trigger' retrieved from /home/airflow/.local/lib/python3.12/site-packages/airflow/example_dags/example_latest_only_with_trigger.py
[2024-06-22T11:18:37.741+0000] {logging_mixin.py:188} INFO - [2024-06-22T11:18:37.741+0000] {dag.py:3096} INFO - Sync 1 DAGs
[2024-06-22T11:18:37.965+0000] {logging_mixin.py:188} INFO - [2024-06-22T11:18:37.957+0000] {dag.py:3954} INFO - Setting next_dagrun for latest_only_with_trigger to 2024-06-22 04:00:00+00:00, run_after=2024-06-22 08:00:00+00:00
[2024-06-22T11:18:38.100+0000] {processor.py:183} INFO - Processing /home/airflow/.local/lib/python3.12/site-packages/airflow/example_dags/example_latest_only_with_trigger.py took 0.609 seconds
[2024-06-22T11:19:12.609+0000] {processor.py:161} INFO - Started process (PID=1532) to work on /home/airflow/.local/lib/python3.12/site-packages/airflow/example_dags/example_latest_only_with_trigger.py
[2024-06-22T11:19:12.621+0000] {processor.py:830} INFO - Processing file /home/airflow/.local/lib/python3.12/site-packages/airflow/example_dags/example_latest_only_with_trigger.py for tasks to queue
[2024-06-22T11:19:12.654+0000] {logging_mixin.py:188} INFO - [2024-06-22T11:19:12.653+0000] {dagbag.py:540} INFO - Filling up the DagBag from /home/airflow/.local/lib/python3.12/site-packages/airflow/example_dags/example_latest_only_with_trigger.py
[2024-06-22T11:19:12.736+0000] {processor.py:840} INFO - DAG(s) 'latest_only_with_trigger' retrieved from /home/airflow/.local/lib/python3.12/site-packages/airflow/example_dags/example_latest_only_with_trigger.py
[2024-06-22T11:19:13.081+0000] {logging_mixin.py:188} INFO - [2024-06-22T11:19:13.080+0000] {dag.py:3096} INFO - Sync 1 DAGs
[2024-06-22T11:19:13.454+0000] {logging_mixin.py:188} INFO - [2024-06-22T11:19:13.445+0000] {dag.py:3954} INFO - Setting next_dagrun for latest_only_with_trigger to 2024-06-22 04:00:00+00:00, run_after=2024-06-22 08:00:00+00:00
[2024-06-22T11:19:13.715+0000] {processor.py:183} INFO - Processing /home/airflow/.local/lib/python3.12/site-packages/airflow/example_dags/example_latest_only_with_trigger.py took 1.196 seconds
[2024-06-22T11:19:50.393+0000] {processor.py:161} INFO - Started process (PID=1590) to work on /home/airflow/.local/lib/python3.12/site-packages/airflow/example_dags/example_latest_only_with_trigger.py
[2024-06-22T11:19:50.404+0000] {processor.py:830} INFO - Processing file /home/airflow/.local/lib/python3.12/site-packages/airflow/example_dags/example_latest_only_with_trigger.py for tasks to queue
[2024-06-22T11:19:50.430+0000] {logging_mixin.py:188} INFO - [2024-06-22T11:19:50.429+0000] {dagbag.py:540} INFO - Filling up the DagBag from /home/airflow/.local/lib/python3.12/site-packages/airflow/example_dags/example_latest_only_with_trigger.py
[2024-06-22T11:19:50.520+0000] {processor.py:840} INFO - DAG(s) 'latest_only_with_trigger' retrieved from /home/airflow/.local/lib/python3.12/site-packages/airflow/example_dags/example_latest_only_with_trigger.py
[2024-06-22T11:19:50.665+0000] {logging_mixin.py:188} INFO - [2024-06-22T11:19:50.664+0000] {dag.py:3096} INFO - Sync 1 DAGs
[2024-06-22T11:19:50.825+0000] {logging_mixin.py:188} INFO - [2024-06-22T11:19:50.825+0000] {dag.py:3954} INFO - Setting next_dagrun for latest_only_with_trigger to 2024-06-22 04:00:00+00:00, run_after=2024-06-22 08:00:00+00:00
[2024-06-22T11:19:51.016+0000] {processor.py:183} INFO - Processing /home/airflow/.local/lib/python3.12/site-packages/airflow/example_dags/example_latest_only_with_trigger.py took 0.715 seconds
[2024-06-22T11:20:21.442+0000] {processor.py:161} INFO - Started process (PID=1647) to work on /home/airflow/.local/lib/python3.12/site-packages/airflow/example_dags/example_latest_only_with_trigger.py
[2024-06-22T11:20:21.453+0000] {processor.py:830} INFO - Processing file /home/airflow/.local/lib/python3.12/site-packages/airflow/example_dags/example_latest_only_with_trigger.py for tasks to queue
[2024-06-22T11:20:21.479+0000] {logging_mixin.py:188} INFO - [2024-06-22T11:20:21.476+0000] {dagbag.py:540} INFO - Filling up the DagBag from /home/airflow/.local/lib/python3.12/site-packages/airflow/example_dags/example_latest_only_with_trigger.py
[2024-06-22T11:20:21.527+0000] {processor.py:840} INFO - DAG(s) 'latest_only_with_trigger' retrieved from /home/airflow/.local/lib/python3.12/site-packages/airflow/example_dags/example_latest_only_with_trigger.py
[2024-06-22T11:20:21.701+0000] {logging_mixin.py:188} INFO - [2024-06-22T11:20:21.701+0000] {dag.py:3096} INFO - Sync 1 DAGs
[2024-06-22T11:20:21.781+0000] {logging_mixin.py:188} INFO - [2024-06-22T11:20:21.780+0000] {dag.py:3954} INFO - Setting next_dagrun for latest_only_with_trigger to 2024-06-22 04:00:00+00:00, run_after=2024-06-22 08:00:00+00:00
[2024-06-22T11:20:21.816+0000] {processor.py:183} INFO - Processing /home/airflow/.local/lib/python3.12/site-packages/airflow/example_dags/example_latest_only_with_trigger.py took 0.431 seconds
[2024-06-22T11:20:52.425+0000] {processor.py:161} INFO - Started process (PID=1705) to work on /home/airflow/.local/lib/python3.12/site-packages/airflow/example_dags/example_latest_only_with_trigger.py
[2024-06-22T11:20:52.429+0000] {processor.py:830} INFO - Processing file /home/airflow/.local/lib/python3.12/site-packages/airflow/example_dags/example_latest_only_with_trigger.py for tasks to queue
[2024-06-22T11:20:52.434+0000] {logging_mixin.py:188} INFO - [2024-06-22T11:20:52.433+0000] {dagbag.py:540} INFO - Filling up the DagBag from /home/airflow/.local/lib/python3.12/site-packages/airflow/example_dags/example_latest_only_with_trigger.py
[2024-06-22T11:20:52.445+0000] {processor.py:840} INFO - DAG(s) 'latest_only_with_trigger' retrieved from /home/airflow/.local/lib/python3.12/site-packages/airflow/example_dags/example_latest_only_with_trigger.py
[2024-06-22T11:20:52.497+0000] {logging_mixin.py:188} INFO - [2024-06-22T11:20:52.496+0000] {dag.py:3096} INFO - Sync 1 DAGs
[2024-06-22T11:20:52.542+0000] {logging_mixin.py:188} INFO - [2024-06-22T11:20:52.541+0000] {dag.py:3954} INFO - Setting next_dagrun for latest_only_with_trigger to 2024-06-22 04:00:00+00:00, run_after=2024-06-22 08:00:00+00:00
[2024-06-22T11:20:52.583+0000] {processor.py:183} INFO - Processing /home/airflow/.local/lib/python3.12/site-packages/airflow/example_dags/example_latest_only_with_trigger.py took 0.170 seconds
[2024-06-22T11:21:59.089+0000] {processor.py:161} INFO - Started process (PID=1759) to work on /home/airflow/.local/lib/python3.12/site-packages/airflow/example_dags/example_latest_only_with_trigger.py
[2024-06-22T11:21:59.093+0000] {processor.py:830} INFO - Processing file /home/airflow/.local/lib/python3.12/site-packages/airflow/example_dags/example_latest_only_with_trigger.py for tasks to queue
[2024-06-22T11:21:59.104+0000] {logging_mixin.py:188} INFO - [2024-06-22T11:21:59.103+0000] {dagbag.py:540} INFO - Filling up the DagBag from /home/airflow/.local/lib/python3.12/site-packages/airflow/example_dags/example_latest_only_with_trigger.py
[2024-06-22T11:21:59.123+0000] {processor.py:840} INFO - DAG(s) 'latest_only_with_trigger' retrieved from /home/airflow/.local/lib/python3.12/site-packages/airflow/example_dags/example_latest_only_with_trigger.py
[2024-06-22T11:21:59.243+0000] {logging_mixin.py:188} INFO - [2024-06-22T11:21:59.242+0000] {dag.py:3096} INFO - Sync 1 DAGs
[2024-06-22T11:21:59.322+0000] {logging_mixin.py:188} INFO - [2024-06-22T11:21:59.322+0000] {dag.py:3954} INFO - Setting next_dagrun for latest_only_with_trigger to 2024-06-22 04:00:00+00:00, run_after=2024-06-22 08:00:00+00:00
[2024-06-22T11:21:59.371+0000] {processor.py:183} INFO - Processing /home/airflow/.local/lib/python3.12/site-packages/airflow/example_dags/example_latest_only_with_trigger.py took 0.304 seconds
[2024-06-22T11:22:32.552+0000] {processor.py:161} INFO - Started process (PID=1818) to work on /home/airflow/.local/lib/python3.12/site-packages/airflow/example_dags/example_latest_only_with_trigger.py
[2024-06-22T11:22:32.555+0000] {processor.py:830} INFO - Processing file /home/airflow/.local/lib/python3.12/site-packages/airflow/example_dags/example_latest_only_with_trigger.py for tasks to queue
[2024-06-22T11:22:32.585+0000] {logging_mixin.py:188} INFO - [2024-06-22T11:22:32.580+0000] {dagbag.py:540} INFO - Filling up the DagBag from /home/airflow/.local/lib/python3.12/site-packages/airflow/example_dags/example_latest_only_with_trigger.py
[2024-06-22T11:22:32.617+0000] {processor.py:840} INFO - DAG(s) 'latest_only_with_trigger' retrieved from /home/airflow/.local/lib/python3.12/site-packages/airflow/example_dags/example_latest_only_with_trigger.py
[2024-06-22T11:22:32.688+0000] {logging_mixin.py:188} INFO - [2024-06-22T11:22:32.687+0000] {dag.py:3096} INFO - Sync 1 DAGs
[2024-06-22T11:22:32.790+0000] {logging_mixin.py:188} INFO - [2024-06-22T11:22:32.789+0000] {dag.py:3954} INFO - Setting next_dagrun for latest_only_with_trigger to 2024-06-22 04:00:00+00:00, run_after=2024-06-22 08:00:00+00:00
[2024-06-22T11:22:32.850+0000] {processor.py:183} INFO - Processing /home/airflow/.local/lib/python3.12/site-packages/airflow/example_dags/example_latest_only_with_trigger.py took 0.311 seconds
[2024-06-22T11:23:05.117+0000] {processor.py:161} INFO - Started process (PID=1877) to work on /home/airflow/.local/lib/python3.12/site-packages/airflow/example_dags/example_latest_only_with_trigger.py
[2024-06-22T11:23:05.129+0000] {processor.py:830} INFO - Processing file /home/airflow/.local/lib/python3.12/site-packages/airflow/example_dags/example_latest_only_with_trigger.py for tasks to queue
[2024-06-22T11:23:05.149+0000] {logging_mixin.py:188} INFO - [2024-06-22T11:23:05.148+0000] {dagbag.py:540} INFO - Filling up the DagBag from /home/airflow/.local/lib/python3.12/site-packages/airflow/example_dags/example_latest_only_with_trigger.py
[2024-06-22T11:23:05.176+0000] {processor.py:840} INFO - DAG(s) 'latest_only_with_trigger' retrieved from /home/airflow/.local/lib/python3.12/site-packages/airflow/example_dags/example_latest_only_with_trigger.py
[2024-06-22T11:23:05.290+0000] {logging_mixin.py:188} INFO - [2024-06-22T11:23:05.290+0000] {dag.py:3096} INFO - Sync 1 DAGs
[2024-06-22T11:23:05.432+0000] {logging_mixin.py:188} INFO - [2024-06-22T11:23:05.431+0000] {dag.py:3954} INFO - Setting next_dagrun for latest_only_with_trigger to 2024-06-22 04:00:00+00:00, run_after=2024-06-22 08:00:00+00:00
[2024-06-22T11:23:05.590+0000] {processor.py:183} INFO - Processing /home/airflow/.local/lib/python3.12/site-packages/airflow/example_dags/example_latest_only_with_trigger.py took 0.501 seconds
[2024-06-22T11:23:35.726+0000] {processor.py:161} INFO - Started process (PID=1935) to work on /home/airflow/.local/lib/python3.12/site-packages/airflow/example_dags/example_latest_only_with_trigger.py
[2024-06-22T11:23:35.730+0000] {processor.py:830} INFO - Processing file /home/airflow/.local/lib/python3.12/site-packages/airflow/example_dags/example_latest_only_with_trigger.py for tasks to queue
[2024-06-22T11:23:35.742+0000] {logging_mixin.py:188} INFO - [2024-06-22T11:23:35.741+0000] {dagbag.py:540} INFO - Filling up the DagBag from /home/airflow/.local/lib/python3.12/site-packages/airflow/example_dags/example_latest_only_with_trigger.py
[2024-06-22T11:23:35.760+0000] {processor.py:840} INFO - DAG(s) 'latest_only_with_trigger' retrieved from /home/airflow/.local/lib/python3.12/site-packages/airflow/example_dags/example_latest_only_with_trigger.py
[2024-06-22T11:23:35.819+0000] {logging_mixin.py:188} INFO - [2024-06-22T11:23:35.818+0000] {dag.py:3096} INFO - Sync 1 DAGs
[2024-06-22T11:23:35.870+0000] {logging_mixin.py:188} INFO - [2024-06-22T11:23:35.870+0000] {dag.py:3954} INFO - Setting next_dagrun for latest_only_with_trigger to 2024-06-22 04:00:00+00:00, run_after=2024-06-22 08:00:00+00:00
[2024-06-22T11:23:35.909+0000] {processor.py:183} INFO - Processing /home/airflow/.local/lib/python3.12/site-packages/airflow/example_dags/example_latest_only_with_trigger.py took 0.203 seconds
[2024-06-22T11:24:06.646+0000] {processor.py:161} INFO - Started process (PID=1993) to work on /home/airflow/.local/lib/python3.12/site-packages/airflow/example_dags/example_latest_only_with_trigger.py
[2024-06-22T11:24:06.650+0000] {processor.py:830} INFO - Processing file /home/airflow/.local/lib/python3.12/site-packages/airflow/example_dags/example_latest_only_with_trigger.py for tasks to queue
[2024-06-22T11:24:06.656+0000] {logging_mixin.py:188} INFO - [2024-06-22T11:24:06.655+0000] {dagbag.py:540} INFO - Filling up the DagBag from /home/airflow/.local/lib/python3.12/site-packages/airflow/example_dags/example_latest_only_with_trigger.py
[2024-06-22T11:24:06.667+0000] {processor.py:840} INFO - DAG(s) 'latest_only_with_trigger' retrieved from /home/airflow/.local/lib/python3.12/site-packages/airflow/example_dags/example_latest_only_with_trigger.py
[2024-06-22T11:24:06.716+0000] {logging_mixin.py:188} INFO - [2024-06-22T11:24:06.715+0000] {dag.py:3096} INFO - Sync 1 DAGs
[2024-06-22T11:24:06.768+0000] {logging_mixin.py:188} INFO - [2024-06-22T11:24:06.767+0000] {dag.py:3954} INFO - Setting next_dagrun for latest_only_with_trigger to 2024-06-22 04:00:00+00:00, run_after=2024-06-22 08:00:00+00:00
[2024-06-22T11:24:06.835+0000] {processor.py:183} INFO - Processing /home/airflow/.local/lib/python3.12/site-packages/airflow/example_dags/example_latest_only_with_trigger.py took 0.203 seconds
