[2024-06-22T04:11:07.721+0000] {processor.py:161} INFO - Started process (PID=40) to work on /home/airflow/.local/lib/python3.12/site-packages/airflow/example_dags/example_bash_operator.py
[2024-06-22T04:11:07.742+0000] {processor.py:830} INFO - Processing file /home/airflow/.local/lib/python3.12/site-packages/airflow/example_dags/example_bash_operator.py for tasks to queue
[2024-06-22T04:11:07.766+0000] {logging_mixin.py:188} INFO - [2024-06-22T04:11:07.765+0000] {dagbag.py:540} INFO - Filling up the DagBag from /home/airflow/.local/lib/python3.12/site-packages/airflow/example_dags/example_bash_operator.py
[2024-06-22T04:11:07.838+0000] {processor.py:840} INFO - DAG(s) 'example_bash_operator' retrieved from /home/airflow/.local/lib/python3.12/site-packages/airflow/example_dags/example_bash_operator.py
[2024-06-22T04:11:07.894+0000] {logging_mixin.py:188} INFO - [2024-06-22T04:11:07.894+0000] {dag.py:3096} INFO - Sync 1 DAGs
[2024-06-22T04:11:08.026+0000] {logging_mixin.py:188} INFO - [2024-06-22T04:11:08.024+0000] {dag.py:3954} INFO - Setting next_dagrun for example_bash_operator to 2024-06-21 00:00:00+00:00, run_after=2024-06-22 00:00:00+00:00
[2024-06-22T04:11:08.129+0000] {processor.py:183} INFO - Processing /home/airflow/.local/lib/python3.12/site-packages/airflow/example_dags/example_bash_operator.py took 0.439 seconds
[2024-06-22T04:11:38.533+0000] {processor.py:161} INFO - Started process (PID=99) to work on /home/airflow/.local/lib/python3.12/site-packages/airflow/example_dags/example_bash_operator.py
[2024-06-22T04:11:38.535+0000] {processor.py:830} INFO - Processing file /home/airflow/.local/lib/python3.12/site-packages/airflow/example_dags/example_bash_operator.py for tasks to queue
[2024-06-22T04:11:38.538+0000] {logging_mixin.py:188} INFO - [2024-06-22T04:11:38.538+0000] {dagbag.py:540} INFO - Filling up the DagBag from /home/airflow/.local/lib/python3.12/site-packages/airflow/example_dags/example_bash_operator.py
[2024-06-22T04:11:38.554+0000] {processor.py:840} INFO - DAG(s) 'example_bash_operator' retrieved from /home/airflow/.local/lib/python3.12/site-packages/airflow/example_dags/example_bash_operator.py
[2024-06-22T04:11:38.709+0000] {logging_mixin.py:188} INFO - [2024-06-22T04:11:38.709+0000] {dag.py:3096} INFO - Sync 1 DAGs
[2024-06-22T04:11:38.736+0000] {logging_mixin.py:188} INFO - [2024-06-22T04:11:38.736+0000] {dag.py:3954} INFO - Setting next_dagrun for example_bash_operator to 2024-06-21 00:00:00+00:00, run_after=2024-06-22 00:00:00+00:00
[2024-06-22T04:11:38.760+0000] {processor.py:183} INFO - Processing /home/airflow/.local/lib/python3.12/site-packages/airflow/example_dags/example_bash_operator.py took 0.235 seconds
[2024-06-22T04:12:10.320+0000] {processor.py:161} INFO - Started process (PID=157) to work on /home/airflow/.local/lib/python3.12/site-packages/airflow/example_dags/example_bash_operator.py
[2024-06-22T04:12:10.328+0000] {processor.py:830} INFO - Processing file /home/airflow/.local/lib/python3.12/site-packages/airflow/example_dags/example_bash_operator.py for tasks to queue
[2024-06-22T04:12:10.344+0000] {logging_mixin.py:188} INFO - [2024-06-22T04:12:10.343+0000] {dagbag.py:540} INFO - Filling up the DagBag from /home/airflow/.local/lib/python3.12/site-packages/airflow/example_dags/example_bash_operator.py
[2024-06-22T04:12:10.410+0000] {processor.py:840} INFO - DAG(s) 'example_bash_operator' retrieved from /home/airflow/.local/lib/python3.12/site-packages/airflow/example_dags/example_bash_operator.py
[2024-06-22T04:12:10.576+0000] {logging_mixin.py:188} INFO - [2024-06-22T04:12:10.575+0000] {dag.py:3096} INFO - Sync 1 DAGs
[2024-06-22T04:12:10.705+0000] {logging_mixin.py:188} INFO - [2024-06-22T04:12:10.704+0000] {dag.py:3954} INFO - Setting next_dagrun for example_bash_operator to 2024-06-21 00:00:00+00:00, run_after=2024-06-22 00:00:00+00:00
[2024-06-22T04:12:10.811+0000] {processor.py:183} INFO - Processing /home/airflow/.local/lib/python3.12/site-packages/airflow/example_dags/example_bash_operator.py took 0.542 seconds
[2024-06-22T04:12:41.121+0000] {processor.py:161} INFO - Started process (PID=216) to work on /home/airflow/.local/lib/python3.12/site-packages/airflow/example_dags/example_bash_operator.py
[2024-06-22T04:12:41.124+0000] {processor.py:830} INFO - Processing file /home/airflow/.local/lib/python3.12/site-packages/airflow/example_dags/example_bash_operator.py for tasks to queue
[2024-06-22T04:12:41.130+0000] {logging_mixin.py:188} INFO - [2024-06-22T04:12:41.129+0000] {dagbag.py:540} INFO - Filling up the DagBag from /home/airflow/.local/lib/python3.12/site-packages/airflow/example_dags/example_bash_operator.py
[2024-06-22T04:12:41.150+0000] {processor.py:840} INFO - DAG(s) 'example_bash_operator' retrieved from /home/airflow/.local/lib/python3.12/site-packages/airflow/example_dags/example_bash_operator.py
[2024-06-22T04:12:41.196+0000] {logging_mixin.py:188} INFO - [2024-06-22T04:12:41.195+0000] {dag.py:3096} INFO - Sync 1 DAGs
[2024-06-22T04:12:41.234+0000] {logging_mixin.py:188} INFO - [2024-06-22T04:12:41.233+0000] {dag.py:3954} INFO - Setting next_dagrun for example_bash_operator to 2024-06-21 00:00:00+00:00, run_after=2024-06-22 00:00:00+00:00
[2024-06-22T04:12:41.264+0000] {processor.py:183} INFO - Processing /home/airflow/.local/lib/python3.12/site-packages/airflow/example_dags/example_bash_operator.py took 0.154 seconds
[2024-06-22T04:13:11.455+0000] {processor.py:161} INFO - Started process (PID=275) to work on /home/airflow/.local/lib/python3.12/site-packages/airflow/example_dags/example_bash_operator.py
[2024-06-22T04:13:11.457+0000] {processor.py:830} INFO - Processing file /home/airflow/.local/lib/python3.12/site-packages/airflow/example_dags/example_bash_operator.py for tasks to queue
[2024-06-22T04:13:11.460+0000] {logging_mixin.py:188} INFO - [2024-06-22T04:13:11.459+0000] {dagbag.py:540} INFO - Filling up the DagBag from /home/airflow/.local/lib/python3.12/site-packages/airflow/example_dags/example_bash_operator.py
[2024-06-22T04:13:11.478+0000] {processor.py:840} INFO - DAG(s) 'example_bash_operator' retrieved from /home/airflow/.local/lib/python3.12/site-packages/airflow/example_dags/example_bash_operator.py
[2024-06-22T04:13:11.534+0000] {logging_mixin.py:188} INFO - [2024-06-22T04:13:11.533+0000] {dag.py:3096} INFO - Sync 1 DAGs
[2024-06-22T04:13:11.575+0000] {logging_mixin.py:188} INFO - [2024-06-22T04:13:11.575+0000] {dag.py:3954} INFO - Setting next_dagrun for example_bash_operator to 2024-06-21 00:00:00+00:00, run_after=2024-06-22 00:00:00+00:00
[2024-06-22T04:13:11.611+0000] {processor.py:183} INFO - Processing /home/airflow/.local/lib/python3.12/site-packages/airflow/example_dags/example_bash_operator.py took 0.165 seconds
[2024-06-22T04:13:41.800+0000] {processor.py:161} INFO - Started process (PID=334) to work on /home/airflow/.local/lib/python3.12/site-packages/airflow/example_dags/example_bash_operator.py
[2024-06-22T04:13:41.802+0000] {processor.py:830} INFO - Processing file /home/airflow/.local/lib/python3.12/site-packages/airflow/example_dags/example_bash_operator.py for tasks to queue
[2024-06-22T04:13:41.807+0000] {logging_mixin.py:188} INFO - [2024-06-22T04:13:41.806+0000] {dagbag.py:540} INFO - Filling up the DagBag from /home/airflow/.local/lib/python3.12/site-packages/airflow/example_dags/example_bash_operator.py
[2024-06-22T04:13:41.830+0000] {processor.py:840} INFO - DAG(s) 'example_bash_operator' retrieved from /home/airflow/.local/lib/python3.12/site-packages/airflow/example_dags/example_bash_operator.py
[2024-06-22T04:13:41.874+0000] {logging_mixin.py:188} INFO - [2024-06-22T04:13:41.873+0000] {dag.py:3096} INFO - Sync 1 DAGs
[2024-06-22T04:13:41.912+0000] {logging_mixin.py:188} INFO - [2024-06-22T04:13:41.912+0000] {dag.py:3954} INFO - Setting next_dagrun for example_bash_operator to 2024-06-21 00:00:00+00:00, run_after=2024-06-22 00:00:00+00:00
[2024-06-22T04:13:41.937+0000] {processor.py:183} INFO - Processing /home/airflow/.local/lib/python3.12/site-packages/airflow/example_dags/example_bash_operator.py took 0.150 seconds
[2024-06-22T04:14:12.528+0000] {processor.py:161} INFO - Started process (PID=396) to work on /home/airflow/.local/lib/python3.12/site-packages/airflow/example_dags/example_bash_operator.py
[2024-06-22T04:14:12.531+0000] {processor.py:830} INFO - Processing file /home/airflow/.local/lib/python3.12/site-packages/airflow/example_dags/example_bash_operator.py for tasks to queue
[2024-06-22T04:14:12.535+0000] {logging_mixin.py:188} INFO - [2024-06-22T04:14:12.535+0000] {dagbag.py:540} INFO - Filling up the DagBag from /home/airflow/.local/lib/python3.12/site-packages/airflow/example_dags/example_bash_operator.py
[2024-06-22T04:14:12.553+0000] {processor.py:840} INFO - DAG(s) 'example_bash_operator' retrieved from /home/airflow/.local/lib/python3.12/site-packages/airflow/example_dags/example_bash_operator.py
[2024-06-22T04:14:12.596+0000] {logging_mixin.py:188} INFO - [2024-06-22T04:14:12.595+0000] {dag.py:3096} INFO - Sync 1 DAGs
[2024-06-22T04:14:12.638+0000] {logging_mixin.py:188} INFO - [2024-06-22T04:14:12.637+0000] {dag.py:3954} INFO - Setting next_dagrun for example_bash_operator to 2024-06-21 00:00:00+00:00, run_after=2024-06-22 00:00:00+00:00
[2024-06-22T04:14:12.667+0000] {processor.py:183} INFO - Processing /home/airflow/.local/lib/python3.12/site-packages/airflow/example_dags/example_bash_operator.py took 0.160 seconds
[2024-06-22T04:14:43.118+0000] {processor.py:161} INFO - Started process (PID=455) to work on /home/airflow/.local/lib/python3.12/site-packages/airflow/example_dags/example_bash_operator.py
[2024-06-22T04:14:43.121+0000] {processor.py:830} INFO - Processing file /home/airflow/.local/lib/python3.12/site-packages/airflow/example_dags/example_bash_operator.py for tasks to queue
[2024-06-22T04:14:43.128+0000] {logging_mixin.py:188} INFO - [2024-06-22T04:14:43.126+0000] {dagbag.py:540} INFO - Filling up the DagBag from /home/airflow/.local/lib/python3.12/site-packages/airflow/example_dags/example_bash_operator.py
[2024-06-22T04:14:43.151+0000] {processor.py:840} INFO - DAG(s) 'example_bash_operator' retrieved from /home/airflow/.local/lib/python3.12/site-packages/airflow/example_dags/example_bash_operator.py
[2024-06-22T04:14:43.192+0000] {logging_mixin.py:188} INFO - [2024-06-22T04:14:43.192+0000] {dag.py:3096} INFO - Sync 1 DAGs
[2024-06-22T04:14:43.232+0000] {logging_mixin.py:188} INFO - [2024-06-22T04:14:43.232+0000] {dag.py:3954} INFO - Setting next_dagrun for example_bash_operator to 2024-06-21 00:00:00+00:00, run_after=2024-06-22 00:00:00+00:00
[2024-06-22T04:14:43.257+0000] {processor.py:183} INFO - Processing /home/airflow/.local/lib/python3.12/site-packages/airflow/example_dags/example_bash_operator.py took 0.152 seconds
[2024-06-22T04:15:13.432+0000] {processor.py:161} INFO - Started process (PID=516) to work on /home/airflow/.local/lib/python3.12/site-packages/airflow/example_dags/example_bash_operator.py
[2024-06-22T04:15:13.435+0000] {processor.py:830} INFO - Processing file /home/airflow/.local/lib/python3.12/site-packages/airflow/example_dags/example_bash_operator.py for tasks to queue
[2024-06-22T04:15:13.439+0000] {logging_mixin.py:188} INFO - [2024-06-22T04:15:13.438+0000] {dagbag.py:540} INFO - Filling up the DagBag from /home/airflow/.local/lib/python3.12/site-packages/airflow/example_dags/example_bash_operator.py
[2024-06-22T04:15:13.456+0000] {processor.py:840} INFO - DAG(s) 'example_bash_operator' retrieved from /home/airflow/.local/lib/python3.12/site-packages/airflow/example_dags/example_bash_operator.py
[2024-06-22T04:15:13.497+0000] {logging_mixin.py:188} INFO - [2024-06-22T04:15:13.497+0000] {dag.py:3096} INFO - Sync 1 DAGs
[2024-06-22T04:15:13.532+0000] {logging_mixin.py:188} INFO - [2024-06-22T04:15:13.532+0000] {dag.py:3954} INFO - Setting next_dagrun for example_bash_operator to 2024-06-21 00:00:00+00:00, run_after=2024-06-22 00:00:00+00:00
[2024-06-22T04:15:13.563+0000] {processor.py:183} INFO - Processing /home/airflow/.local/lib/python3.12/site-packages/airflow/example_dags/example_bash_operator.py took 0.140 seconds
[2024-06-22T04:15:44.171+0000] {processor.py:161} INFO - Started process (PID=574) to work on /home/airflow/.local/lib/python3.12/site-packages/airflow/example_dags/example_bash_operator.py
[2024-06-22T04:15:44.175+0000] {processor.py:830} INFO - Processing file /home/airflow/.local/lib/python3.12/site-packages/airflow/example_dags/example_bash_operator.py for tasks to queue
[2024-06-22T04:15:44.179+0000] {logging_mixin.py:188} INFO - [2024-06-22T04:15:44.178+0000] {dagbag.py:540} INFO - Filling up the DagBag from /home/airflow/.local/lib/python3.12/site-packages/airflow/example_dags/example_bash_operator.py
[2024-06-22T04:15:44.207+0000] {processor.py:840} INFO - DAG(s) 'example_bash_operator' retrieved from /home/airflow/.local/lib/python3.12/site-packages/airflow/example_dags/example_bash_operator.py
[2024-06-22T04:15:44.254+0000] {logging_mixin.py:188} INFO - [2024-06-22T04:15:44.254+0000] {dag.py:3096} INFO - Sync 1 DAGs
[2024-06-22T04:15:44.292+0000] {logging_mixin.py:188} INFO - [2024-06-22T04:15:44.292+0000] {dag.py:3954} INFO - Setting next_dagrun for example_bash_operator to 2024-06-21 00:00:00+00:00, run_after=2024-06-22 00:00:00+00:00
[2024-06-22T04:15:44.329+0000] {processor.py:183} INFO - Processing /home/airflow/.local/lib/python3.12/site-packages/airflow/example_dags/example_bash_operator.py took 0.180 seconds
[2024-06-22T04:16:15.060+0000] {processor.py:161} INFO - Started process (PID=634) to work on /home/airflow/.local/lib/python3.12/site-packages/airflow/example_dags/example_bash_operator.py
[2024-06-22T04:16:15.062+0000] {processor.py:830} INFO - Processing file /home/airflow/.local/lib/python3.12/site-packages/airflow/example_dags/example_bash_operator.py for tasks to queue
[2024-06-22T04:16:15.067+0000] {logging_mixin.py:188} INFO - [2024-06-22T04:16:15.066+0000] {dagbag.py:540} INFO - Filling up the DagBag from /home/airflow/.local/lib/python3.12/site-packages/airflow/example_dags/example_bash_operator.py
[2024-06-22T04:16:15.103+0000] {processor.py:840} INFO - DAG(s) 'example_bash_operator' retrieved from /home/airflow/.local/lib/python3.12/site-packages/airflow/example_dags/example_bash_operator.py
[2024-06-22T04:16:15.187+0000] {logging_mixin.py:188} INFO - [2024-06-22T04:16:15.187+0000] {dag.py:3096} INFO - Sync 1 DAGs
[2024-06-22T04:16:15.258+0000] {logging_mixin.py:188} INFO - [2024-06-22T04:16:15.258+0000] {dag.py:3954} INFO - Setting next_dagrun for example_bash_operator to 2024-06-21 00:00:00+00:00, run_after=2024-06-22 00:00:00+00:00
[2024-06-22T04:16:15.311+0000] {processor.py:183} INFO - Processing /home/airflow/.local/lib/python3.12/site-packages/airflow/example_dags/example_bash_operator.py took 0.270 seconds
[2024-06-22T04:16:45.723+0000] {processor.py:161} INFO - Started process (PID=693) to work on /home/airflow/.local/lib/python3.12/site-packages/airflow/example_dags/example_bash_operator.py
[2024-06-22T04:16:45.736+0000] {processor.py:830} INFO - Processing file /home/airflow/.local/lib/python3.12/site-packages/airflow/example_dags/example_bash_operator.py for tasks to queue
[2024-06-22T04:16:45.744+0000] {logging_mixin.py:188} INFO - [2024-06-22T04:16:45.741+0000] {dagbag.py:540} INFO - Filling up the DagBag from /home/airflow/.local/lib/python3.12/site-packages/airflow/example_dags/example_bash_operator.py
[2024-06-22T04:16:45.793+0000] {processor.py:840} INFO - DAG(s) 'example_bash_operator' retrieved from /home/airflow/.local/lib/python3.12/site-packages/airflow/example_dags/example_bash_operator.py
[2024-06-22T04:16:45.848+0000] {logging_mixin.py:188} INFO - [2024-06-22T04:16:45.848+0000] {dag.py:3096} INFO - Sync 1 DAGs
[2024-06-22T04:16:45.922+0000] {logging_mixin.py:188} INFO - [2024-06-22T04:16:45.922+0000] {dag.py:3954} INFO - Setting next_dagrun for example_bash_operator to 2024-06-21 00:00:00+00:00, run_after=2024-06-22 00:00:00+00:00
[2024-06-22T04:16:45.982+0000] {processor.py:183} INFO - Processing /home/airflow/.local/lib/python3.12/site-packages/airflow/example_dags/example_bash_operator.py took 0.294 seconds
[2024-06-22T04:17:16.137+0000] {processor.py:161} INFO - Started process (PID=754) to work on /home/airflow/.local/lib/python3.12/site-packages/airflow/example_dags/example_bash_operator.py
[2024-06-22T04:17:16.139+0000] {processor.py:830} INFO - Processing file /home/airflow/.local/lib/python3.12/site-packages/airflow/example_dags/example_bash_operator.py for tasks to queue
[2024-06-22T04:17:16.147+0000] {logging_mixin.py:188} INFO - [2024-06-22T04:17:16.146+0000] {dagbag.py:540} INFO - Filling up the DagBag from /home/airflow/.local/lib/python3.12/site-packages/airflow/example_dags/example_bash_operator.py
[2024-06-22T04:17:16.174+0000] {processor.py:840} INFO - DAG(s) 'example_bash_operator' retrieved from /home/airflow/.local/lib/python3.12/site-packages/airflow/example_dags/example_bash_operator.py
[2024-06-22T04:17:16.232+0000] {logging_mixin.py:188} INFO - [2024-06-22T04:17:16.231+0000] {dag.py:3096} INFO - Sync 1 DAGs
[2024-06-22T04:17:16.269+0000] {logging_mixin.py:188} INFO - [2024-06-22T04:17:16.269+0000] {dag.py:3954} INFO - Setting next_dagrun for example_bash_operator to 2024-06-21 00:00:00+00:00, run_after=2024-06-22 00:00:00+00:00
[2024-06-22T04:17:16.299+0000] {processor.py:183} INFO - Processing /home/airflow/.local/lib/python3.12/site-packages/airflow/example_dags/example_bash_operator.py took 0.173 seconds
[2024-06-22T06:18:37.559+0000] {processor.py:161} INFO - Started process (PID=826) to work on /home/airflow/.local/lib/python3.12/site-packages/airflow/example_dags/example_bash_operator.py
[2024-06-22T06:18:37.577+0000] {processor.py:830} INFO - Processing file /home/airflow/.local/lib/python3.12/site-packages/airflow/example_dags/example_bash_operator.py for tasks to queue
[2024-06-22T06:18:37.666+0000] {logging_mixin.py:188} INFO - [2024-06-22T06:18:37.652+0000] {dagbag.py:540} INFO - Filling up the DagBag from /home/airflow/.local/lib/python3.12/site-packages/airflow/example_dags/example_bash_operator.py
[2024-06-22T06:18:38.476+0000] {processor.py:840} INFO - DAG(s) 'example_bash_operator' retrieved from /home/airflow/.local/lib/python3.12/site-packages/airflow/example_dags/example_bash_operator.py
[2024-06-22T06:18:41.461+0000] {logging_mixin.py:188} INFO - [2024-06-22T06:18:41.436+0000] {dag.py:3096} INFO - Sync 1 DAGs
[2024-06-22T06:18:43.624+0000] {logging_mixin.py:188} INFO - [2024-06-22T06:18:43.608+0000] {dag.py:3954} INFO - Setting next_dagrun for example_bash_operator to 2024-06-21 00:00:00+00:00, run_after=2024-06-22 00:00:00+00:00
[2024-06-22T06:18:44.960+0000] {processor.py:183} INFO - Processing /home/airflow/.local/lib/python3.12/site-packages/airflow/example_dags/example_bash_operator.py took 7.735 seconds
[2024-06-22T06:21:58.951+0000] {processor.py:161} INFO - Started process (PID=916) to work on /home/airflow/.local/lib/python3.12/site-packages/airflow/example_dags/example_bash_operator.py
[2024-06-22T06:21:59.054+0000] {processor.py:830} INFO - Processing file /home/airflow/.local/lib/python3.12/site-packages/airflow/example_dags/example_bash_operator.py for tasks to queue
[2024-06-22T06:21:59.118+0000] {logging_mixin.py:188} INFO - [2024-06-22T06:21:59.097+0000] {dagbag.py:540} INFO - Filling up the DagBag from /home/airflow/.local/lib/python3.12/site-packages/airflow/example_dags/example_bash_operator.py
[2024-06-22T06:21:59.952+0000] {processor.py:840} INFO - DAG(s) 'example_bash_operator' retrieved from /home/airflow/.local/lib/python3.12/site-packages/airflow/example_dags/example_bash_operator.py
[2024-06-22T06:22:02.084+0000] {logging_mixin.py:188} INFO - [2024-06-22T06:22:02.075+0000] {dag.py:3096} INFO - Sync 1 DAGs
[2024-06-22T06:22:03.350+0000] {logging_mixin.py:188} INFO - [2024-06-22T06:22:03.338+0000] {dag.py:3954} INFO - Setting next_dagrun for example_bash_operator to 2024-06-21 00:00:00+00:00, run_after=2024-06-22 00:00:00+00:00
[2024-06-22T06:22:04.011+0000] {processor.py:183} INFO - Processing /home/airflow/.local/lib/python3.12/site-packages/airflow/example_dags/example_bash_operator.py took 5.551 seconds
[2024-06-22T06:24:02.238+0000] {processor.py:161} INFO - Started process (PID=974) to work on /home/airflow/.local/lib/python3.12/site-packages/airflow/example_dags/example_bash_operator.py
[2024-06-22T06:24:02.241+0000] {processor.py:830} INFO - Processing file /home/airflow/.local/lib/python3.12/site-packages/airflow/example_dags/example_bash_operator.py for tasks to queue
[2024-06-22T06:24:02.248+0000] {logging_mixin.py:188} INFO - [2024-06-22T06:24:02.247+0000] {dagbag.py:540} INFO - Filling up the DagBag from /home/airflow/.local/lib/python3.12/site-packages/airflow/example_dags/example_bash_operator.py
[2024-06-22T06:24:02.334+0000] {processor.py:840} INFO - DAG(s) 'example_bash_operator' retrieved from /home/airflow/.local/lib/python3.12/site-packages/airflow/example_dags/example_bash_operator.py
[2024-06-22T06:24:02.475+0000] {logging_mixin.py:188} INFO - [2024-06-22T06:24:02.475+0000] {dag.py:3096} INFO - Sync 1 DAGs
[2024-06-22T06:24:02.583+0000] {logging_mixin.py:188} INFO - [2024-06-22T06:24:02.583+0000] {dag.py:3954} INFO - Setting next_dagrun for example_bash_operator to 2024-06-21 00:00:00+00:00, run_after=2024-06-22 00:00:00+00:00
[2024-06-22T06:24:02.675+0000] {processor.py:183} INFO - Processing /home/airflow/.local/lib/python3.12/site-packages/airflow/example_dags/example_bash_operator.py took 0.479 seconds
[2024-06-22T06:56:29.174+0000] {processor.py:161} INFO - Started process (PID=1045) to work on /home/airflow/.local/lib/python3.12/site-packages/airflow/example_dags/example_bash_operator.py
[2024-06-22T06:56:29.187+0000] {processor.py:830} INFO - Processing file /home/airflow/.local/lib/python3.12/site-packages/airflow/example_dags/example_bash_operator.py for tasks to queue
[2024-06-22T06:56:29.216+0000] {logging_mixin.py:188} INFO - [2024-06-22T06:56:29.212+0000] {dagbag.py:540} INFO - Filling up the DagBag from /home/airflow/.local/lib/python3.12/site-packages/airflow/example_dags/example_bash_operator.py
[2024-06-22T06:56:29.937+0000] {processor.py:840} INFO - DAG(s) 'example_bash_operator' retrieved from /home/airflow/.local/lib/python3.12/site-packages/airflow/example_dags/example_bash_operator.py
[2024-06-22T06:56:31.595+0000] {logging_mixin.py:188} INFO - [2024-06-22T06:56:31.580+0000] {dag.py:3096} INFO - Sync 1 DAGs
[2024-06-22T06:56:32.939+0000] {logging_mixin.py:188} INFO - [2024-06-22T06:56:32.921+0000] {dag.py:3954} INFO - Setting next_dagrun for example_bash_operator to 2024-06-21 00:00:00+00:00, run_after=2024-06-22 00:00:00+00:00
[2024-06-22T06:56:38.424+0000] {processor.py:183} INFO - Processing /home/airflow/.local/lib/python3.12/site-packages/airflow/example_dags/example_bash_operator.py took 9.562 seconds
[2024-06-22T06:58:14.888+0000] {processor.py:161} INFO - Started process (PID=1107) to work on /home/airflow/.local/lib/python3.12/site-packages/airflow/example_dags/example_bash_operator.py
[2024-06-22T06:58:14.892+0000] {processor.py:830} INFO - Processing file /home/airflow/.local/lib/python3.12/site-packages/airflow/example_dags/example_bash_operator.py for tasks to queue
[2024-06-22T06:58:14.900+0000] {logging_mixin.py:188} INFO - [2024-06-22T06:58:14.897+0000] {dagbag.py:540} INFO - Filling up the DagBag from /home/airflow/.local/lib/python3.12/site-packages/airflow/example_dags/example_bash_operator.py
[2024-06-22T06:58:15.014+0000] {processor.py:840} INFO - DAG(s) 'example_bash_operator' retrieved from /home/airflow/.local/lib/python3.12/site-packages/airflow/example_dags/example_bash_operator.py
[2024-06-22T06:58:15.241+0000] {logging_mixin.py:188} INFO - [2024-06-22T06:58:15.241+0000] {dag.py:3096} INFO - Sync 1 DAGs
[2024-06-22T06:58:15.419+0000] {logging_mixin.py:188} INFO - [2024-06-22T06:58:15.419+0000] {dag.py:3954} INFO - Setting next_dagrun for example_bash_operator to 2024-06-21 00:00:00+00:00, run_after=2024-06-22 00:00:00+00:00
[2024-06-22T06:58:15.526+0000] {processor.py:183} INFO - Processing /home/airflow/.local/lib/python3.12/site-packages/airflow/example_dags/example_bash_operator.py took 0.684 seconds
[2024-06-22T07:31:34.608+0000] {processor.py:161} INFO - Started process (PID=1154) to work on /home/airflow/.local/lib/python3.12/site-packages/airflow/example_dags/example_bash_operator.py
[2024-06-22T07:31:34.616+0000] {processor.py:830} INFO - Processing file /home/airflow/.local/lib/python3.12/site-packages/airflow/example_dags/example_bash_operator.py for tasks to queue
[2024-06-22T07:31:34.631+0000] {logging_mixin.py:188} INFO - [2024-06-22T07:31:34.626+0000] {dagbag.py:540} INFO - Filling up the DagBag from /home/airflow/.local/lib/python3.12/site-packages/airflow/example_dags/example_bash_operator.py
[2024-06-22T07:31:34.702+0000] {processor.py:840} INFO - DAG(s) 'example_bash_operator' retrieved from /home/airflow/.local/lib/python3.12/site-packages/airflow/example_dags/example_bash_operator.py
[2024-06-22T07:31:34.970+0000] {logging_mixin.py:188} INFO - [2024-06-22T07:31:34.969+0000] {dag.py:3096} INFO - Sync 1 DAGs
[2024-06-22T07:31:35.170+0000] {logging_mixin.py:188} INFO - [2024-06-22T07:31:35.170+0000] {dag.py:3954} INFO - Setting next_dagrun for example_bash_operator to 2024-06-21 00:00:00+00:00, run_after=2024-06-22 00:00:00+00:00
[2024-06-22T07:31:35.554+0000] {processor.py:183} INFO - Processing /home/airflow/.local/lib/python3.12/site-packages/airflow/example_dags/example_bash_operator.py took 1.004 seconds
[2024-06-22T07:32:25.529+0000] {processor.py:161} INFO - Started process (PID=1203) to work on /home/airflow/.local/lib/python3.12/site-packages/airflow/example_dags/example_bash_operator.py
[2024-06-22T07:32:25.538+0000] {processor.py:830} INFO - Processing file /home/airflow/.local/lib/python3.12/site-packages/airflow/example_dags/example_bash_operator.py for tasks to queue
[2024-06-22T07:32:25.554+0000] {logging_mixin.py:188} INFO - [2024-06-22T07:32:25.553+0000] {dagbag.py:540} INFO - Filling up the DagBag from /home/airflow/.local/lib/python3.12/site-packages/airflow/example_dags/example_bash_operator.py
[2024-06-22T07:32:25.649+0000] {processor.py:840} INFO - DAG(s) 'example_bash_operator' retrieved from /home/airflow/.local/lib/python3.12/site-packages/airflow/example_dags/example_bash_operator.py
[2024-06-22T07:32:25.833+0000] {logging_mixin.py:188} INFO - [2024-06-22T07:32:25.833+0000] {dag.py:3096} INFO - Sync 1 DAGs
[2024-06-22T07:32:25.952+0000] {logging_mixin.py:188} INFO - [2024-06-22T07:32:25.946+0000] {dag.py:3954} INFO - Setting next_dagrun for example_bash_operator to 2024-06-21 00:00:00+00:00, run_after=2024-06-22 00:00:00+00:00
[2024-06-22T07:32:26.049+0000] {processor.py:183} INFO - Processing /home/airflow/.local/lib/python3.12/site-packages/airflow/example_dags/example_bash_operator.py took 0.550 seconds
[2024-06-22T07:48:52.952+0000] {processor.py:161} INFO - Started process (PID=1255) to work on /home/airflow/.local/lib/python3.12/site-packages/airflow/example_dags/example_bash_operator.py
[2024-06-22T07:48:52.982+0000] {processor.py:830} INFO - Processing file /home/airflow/.local/lib/python3.12/site-packages/airflow/example_dags/example_bash_operator.py for tasks to queue
[2024-06-22T07:48:53.013+0000] {logging_mixin.py:188} INFO - [2024-06-22T07:48:53.010+0000] {dagbag.py:540} INFO - Filling up the DagBag from /home/airflow/.local/lib/python3.12/site-packages/airflow/example_dags/example_bash_operator.py
[2024-06-22T07:48:53.489+0000] {processor.py:840} INFO - DAG(s) 'example_bash_operator' retrieved from /home/airflow/.local/lib/python3.12/site-packages/airflow/example_dags/example_bash_operator.py
[2024-06-22T07:48:54.786+0000] {logging_mixin.py:188} INFO - [2024-06-22T07:48:54.775+0000] {dag.py:3096} INFO - Sync 1 DAGs
[2024-06-22T07:48:55.333+0000] {logging_mixin.py:188} INFO - [2024-06-22T07:48:55.323+0000] {dag.py:3954} INFO - Setting next_dagrun for example_bash_operator to 2024-06-21 00:00:00+00:00, run_after=2024-06-22 00:00:00+00:00
[2024-06-22T07:48:56.331+0000] {processor.py:183} INFO - Processing /home/airflow/.local/lib/python3.12/site-packages/airflow/example_dags/example_bash_operator.py took 3.901 seconds
[2024-06-22T07:50:27.048+0000] {processor.py:161} INFO - Started process (PID=1310) to work on /home/airflow/.local/lib/python3.12/site-packages/airflow/example_dags/example_bash_operator.py
[2024-06-22T07:50:27.110+0000] {processor.py:830} INFO - Processing file /home/airflow/.local/lib/python3.12/site-packages/airflow/example_dags/example_bash_operator.py for tasks to queue
[2024-06-22T07:50:27.237+0000] {logging_mixin.py:188} INFO - [2024-06-22T07:50:27.234+0000] {dagbag.py:540} INFO - Filling up the DagBag from /home/airflow/.local/lib/python3.12/site-packages/airflow/example_dags/example_bash_operator.py
[2024-06-22T07:50:28.164+0000] {processor.py:840} INFO - DAG(s) 'example_bash_operator' retrieved from /home/airflow/.local/lib/python3.12/site-packages/airflow/example_dags/example_bash_operator.py
[2024-06-22T07:50:31.183+0000] {logging_mixin.py:188} INFO - [2024-06-22T07:50:31.181+0000] {dag.py:3096} INFO - Sync 1 DAGs
[2024-06-22T07:50:32.997+0000] {logging_mixin.py:188} INFO - [2024-06-22T07:50:32.977+0000] {dag.py:3954} INFO - Setting next_dagrun for example_bash_operator to 2024-06-21 00:00:00+00:00, run_after=2024-06-22 00:00:00+00:00
[2024-06-22T07:50:33.780+0000] {processor.py:183} INFO - Processing /home/airflow/.local/lib/python3.12/site-packages/airflow/example_dags/example_bash_operator.py took 6.951 seconds
[2024-06-22T07:51:45.980+0000] {processor.py:161} INFO - Started process (PID=1367) to work on /home/airflow/.local/lib/python3.12/site-packages/airflow/example_dags/example_bash_operator.py
[2024-06-22T07:51:46.036+0000] {processor.py:830} INFO - Processing file /home/airflow/.local/lib/python3.12/site-packages/airflow/example_dags/example_bash_operator.py for tasks to queue
[2024-06-22T07:51:46.088+0000] {logging_mixin.py:188} INFO - [2024-06-22T07:51:46.047+0000] {dagbag.py:540} INFO - Filling up the DagBag from /home/airflow/.local/lib/python3.12/site-packages/airflow/example_dags/example_bash_operator.py
[2024-06-22T07:51:46.438+0000] {processor.py:840} INFO - DAG(s) 'example_bash_operator' retrieved from /home/airflow/.local/lib/python3.12/site-packages/airflow/example_dags/example_bash_operator.py
[2024-06-22T07:51:47.431+0000] {logging_mixin.py:188} INFO - [2024-06-22T07:51:47.429+0000] {dag.py:3096} INFO - Sync 1 DAGs
[2024-06-22T07:51:49.159+0000] {logging_mixin.py:188} INFO - [2024-06-22T07:51:49.156+0000] {dag.py:3954} INFO - Setting next_dagrun for example_bash_operator to 2024-06-21 00:00:00+00:00, run_after=2024-06-22 00:00:00+00:00
[2024-06-22T07:51:49.645+0000] {processor.py:183} INFO - Processing /home/airflow/.local/lib/python3.12/site-packages/airflow/example_dags/example_bash_operator.py took 3.945 seconds
[2024-06-22T07:52:47.057+0000] {processor.py:161} INFO - Started process (PID=1413) to work on /home/airflow/.local/lib/python3.12/site-packages/airflow/example_dags/example_bash_operator.py
[2024-06-22T07:52:47.093+0000] {processor.py:830} INFO - Processing file /home/airflow/.local/lib/python3.12/site-packages/airflow/example_dags/example_bash_operator.py for tasks to queue
[2024-06-22T07:52:47.124+0000] {logging_mixin.py:188} INFO - [2024-06-22T07:52:47.121+0000] {dagbag.py:540} INFO - Filling up the DagBag from /home/airflow/.local/lib/python3.12/site-packages/airflow/example_dags/example_bash_operator.py
[2024-06-22T07:52:47.462+0000] {processor.py:840} INFO - DAG(s) 'example_bash_operator' retrieved from /home/airflow/.local/lib/python3.12/site-packages/airflow/example_dags/example_bash_operator.py
[2024-06-22T07:52:48.362+0000] {logging_mixin.py:188} INFO - [2024-06-22T07:52:48.361+0000] {dag.py:3096} INFO - Sync 1 DAGs
[2024-06-22T07:52:48.783+0000] {logging_mixin.py:188} INFO - [2024-06-22T07:52:48.782+0000] {dag.py:3954} INFO - Setting next_dagrun for example_bash_operator to 2024-06-21 00:00:00+00:00, run_after=2024-06-22 00:00:00+00:00
[2024-06-22T07:52:49.087+0000] {processor.py:183} INFO - Processing /home/airflow/.local/lib/python3.12/site-packages/airflow/example_dags/example_bash_operator.py took 2.150 seconds
[2024-06-22T07:53:52.790+0000] {processor.py:161} INFO - Started process (PID=1461) to work on /home/airflow/.local/lib/python3.12/site-packages/airflow/example_dags/example_bash_operator.py
[2024-06-22T07:53:52.838+0000] {processor.py:830} INFO - Processing file /home/airflow/.local/lib/python3.12/site-packages/airflow/example_dags/example_bash_operator.py for tasks to queue
[2024-06-22T07:53:52.894+0000] {logging_mixin.py:188} INFO - [2024-06-22T07:53:52.877+0000] {dagbag.py:540} INFO - Filling up the DagBag from /home/airflow/.local/lib/python3.12/site-packages/airflow/example_dags/example_bash_operator.py
[2024-06-22T07:53:53.484+0000] {processor.py:840} INFO - DAG(s) 'example_bash_operator' retrieved from /home/airflow/.local/lib/python3.12/site-packages/airflow/example_dags/example_bash_operator.py
[2024-06-22T07:53:55.010+0000] {logging_mixin.py:188} INFO - [2024-06-22T07:53:55.008+0000] {dag.py:3096} INFO - Sync 1 DAGs
[2024-06-22T07:53:56.285+0000] {logging_mixin.py:188} INFO - [2024-06-22T07:53:56.283+0000] {dag.py:3954} INFO - Setting next_dagrun for example_bash_operator to 2024-06-21 00:00:00+00:00, run_after=2024-06-22 00:00:00+00:00
[2024-06-22T07:53:57.449+0000] {processor.py:183} INFO - Processing /home/airflow/.local/lib/python3.12/site-packages/airflow/example_dags/example_bash_operator.py took 4.895 seconds
[2024-06-22T07:55:03.835+0000] {processor.py:161} INFO - Started process (PID=1507) to work on /home/airflow/.local/lib/python3.12/site-packages/airflow/example_dags/example_bash_operator.py
[2024-06-22T07:55:03.877+0000] {processor.py:830} INFO - Processing file /home/airflow/.local/lib/python3.12/site-packages/airflow/example_dags/example_bash_operator.py for tasks to queue
[2024-06-22T07:55:03.914+0000] {logging_mixin.py:188} INFO - [2024-06-22T07:55:03.901+0000] {dagbag.py:540} INFO - Filling up the DagBag from /home/airflow/.local/lib/python3.12/site-packages/airflow/example_dags/example_bash_operator.py
[2024-06-22T07:55:04.253+0000] {processor.py:840} INFO - DAG(s) 'example_bash_operator' retrieved from /home/airflow/.local/lib/python3.12/site-packages/airflow/example_dags/example_bash_operator.py
[2024-06-22T07:55:05.239+0000] {logging_mixin.py:188} INFO - [2024-06-22T07:55:05.237+0000] {dag.py:3096} INFO - Sync 1 DAGs
[2024-06-22T07:55:05.916+0000] {logging_mixin.py:188} INFO - [2024-06-22T07:55:05.914+0000] {dag.py:3954} INFO - Setting next_dagrun for example_bash_operator to 2024-06-21 00:00:00+00:00, run_after=2024-06-22 00:00:00+00:00
[2024-06-22T07:55:06.550+0000] {processor.py:183} INFO - Processing /home/airflow/.local/lib/python3.12/site-packages/airflow/example_dags/example_bash_operator.py took 2.931 seconds
[2024-06-22T07:56:14.974+0000] {processor.py:161} INFO - Started process (PID=1555) to work on /home/airflow/.local/lib/python3.12/site-packages/airflow/example_dags/example_bash_operator.py
[2024-06-22T07:56:15.075+0000] {processor.py:830} INFO - Processing file /home/airflow/.local/lib/python3.12/site-packages/airflow/example_dags/example_bash_operator.py for tasks to queue
[2024-06-22T07:56:15.113+0000] {logging_mixin.py:188} INFO - [2024-06-22T07:56:15.098+0000] {dagbag.py:540} INFO - Filling up the DagBag from /home/airflow/.local/lib/python3.12/site-packages/airflow/example_dags/example_bash_operator.py
[2024-06-22T07:56:16.130+0000] {processor.py:840} INFO - DAG(s) 'example_bash_operator' retrieved from /home/airflow/.local/lib/python3.12/site-packages/airflow/example_dags/example_bash_operator.py
[2024-06-22T07:56:17.079+0000] {logging_mixin.py:188} INFO - [2024-06-22T07:56:17.071+0000] {dag.py:3096} INFO - Sync 1 DAGs
[2024-06-22T07:56:17.633+0000] {logging_mixin.py:188} INFO - [2024-06-22T07:56:17.626+0000] {dag.py:3954} INFO - Setting next_dagrun for example_bash_operator to 2024-06-21 00:00:00+00:00, run_after=2024-06-22 00:00:00+00:00
[2024-06-22T07:56:18.892+0000] {processor.py:183} INFO - Processing /home/airflow/.local/lib/python3.12/site-packages/airflow/example_dags/example_bash_operator.py took 4.518 seconds
[2024-06-22T07:57:31.581+0000] {processor.py:161} INFO - Started process (PID=1611) to work on /home/airflow/.local/lib/python3.12/site-packages/airflow/example_dags/example_bash_operator.py
[2024-06-22T07:57:31.596+0000] {processor.py:830} INFO - Processing file /home/airflow/.local/lib/python3.12/site-packages/airflow/example_dags/example_bash_operator.py for tasks to queue
[2024-06-22T07:57:31.601+0000] {logging_mixin.py:188} INFO - [2024-06-22T07:57:31.600+0000] {dagbag.py:540} INFO - Filling up the DagBag from /home/airflow/.local/lib/python3.12/site-packages/airflow/example_dags/example_bash_operator.py
[2024-06-22T07:57:31.647+0000] {processor.py:840} INFO - DAG(s) 'example_bash_operator' retrieved from /home/airflow/.local/lib/python3.12/site-packages/airflow/example_dags/example_bash_operator.py
[2024-06-22T07:57:31.766+0000] {logging_mixin.py:188} INFO - [2024-06-22T07:57:31.765+0000] {dag.py:3096} INFO - Sync 1 DAGs
[2024-06-22T07:57:31.864+0000] {logging_mixin.py:188} INFO - [2024-06-22T07:57:31.864+0000] {dag.py:3954} INFO - Setting next_dagrun for example_bash_operator to 2024-06-21 00:00:00+00:00, run_after=2024-06-22 00:00:00+00:00
[2024-06-22T07:57:31.941+0000] {processor.py:183} INFO - Processing /home/airflow/.local/lib/python3.12/site-packages/airflow/example_dags/example_bash_operator.py took 0.377 seconds
[2024-06-22T08:28:04.849+0000] {processor.py:161} INFO - Started process (PID=1656) to work on /home/airflow/.local/lib/python3.12/site-packages/airflow/example_dags/example_bash_operator.py
[2024-06-22T08:28:04.916+0000] {processor.py:830} INFO - Processing file /home/airflow/.local/lib/python3.12/site-packages/airflow/example_dags/example_bash_operator.py for tasks to queue
[2024-06-22T08:28:04.972+0000] {logging_mixin.py:188} INFO - [2024-06-22T08:28:04.960+0000] {dagbag.py:540} INFO - Filling up the DagBag from /home/airflow/.local/lib/python3.12/site-packages/airflow/example_dags/example_bash_operator.py
[2024-06-22T08:28:05.602+0000] {processor.py:840} INFO - DAG(s) 'example_bash_operator' retrieved from /home/airflow/.local/lib/python3.12/site-packages/airflow/example_dags/example_bash_operator.py
[2024-06-22T08:28:07.198+0000] {logging_mixin.py:188} INFO - [2024-06-22T08:28:07.196+0000] {dag.py:3096} INFO - Sync 1 DAGs
[2024-06-22T08:28:07.839+0000] {logging_mixin.py:188} INFO - [2024-06-22T08:28:07.835+0000] {dag.py:3954} INFO - Setting next_dagrun for example_bash_operator to 2024-06-21 00:00:00+00:00, run_after=2024-06-22 00:00:00+00:00
[2024-06-22T08:28:08.904+0000] {processor.py:183} INFO - Processing /home/airflow/.local/lib/python3.12/site-packages/airflow/example_dags/example_bash_operator.py took 4.455 seconds
[2024-06-22T08:29:43.845+0000] {processor.py:161} INFO - Started process (PID=1724) to work on /home/airflow/.local/lib/python3.12/site-packages/airflow/example_dags/example_bash_operator.py
[2024-06-22T08:29:43.879+0000] {processor.py:830} INFO - Processing file /home/airflow/.local/lib/python3.12/site-packages/airflow/example_dags/example_bash_operator.py for tasks to queue
[2024-06-22T08:29:43.912+0000] {logging_mixin.py:188} INFO - [2024-06-22T08:29:43.909+0000] {dagbag.py:540} INFO - Filling up the DagBag from /home/airflow/.local/lib/python3.12/site-packages/airflow/example_dags/example_bash_operator.py
[2024-06-22T08:29:44.349+0000] {processor.py:840} INFO - DAG(s) 'example_bash_operator' retrieved from /home/airflow/.local/lib/python3.12/site-packages/airflow/example_dags/example_bash_operator.py
[2024-06-22T08:29:45.120+0000] {logging_mixin.py:188} INFO - [2024-06-22T08:29:45.118+0000] {dag.py:3096} INFO - Sync 1 DAGs
[2024-06-22T08:29:46.065+0000] {logging_mixin.py:188} INFO - [2024-06-22T08:29:46.034+0000] {dag.py:3954} INFO - Setting next_dagrun for example_bash_operator to 2024-06-21 00:00:00+00:00, run_after=2024-06-22 00:00:00+00:00
[2024-06-22T08:29:46.487+0000] {processor.py:183} INFO - Processing /home/airflow/.local/lib/python3.12/site-packages/airflow/example_dags/example_bash_operator.py took 3.167 seconds
[2024-06-22T08:30:58.052+0000] {processor.py:161} INFO - Started process (PID=1771) to work on /home/airflow/.local/lib/python3.12/site-packages/airflow/example_dags/example_bash_operator.py
[2024-06-22T08:30:58.077+0000] {processor.py:830} INFO - Processing file /home/airflow/.local/lib/python3.12/site-packages/airflow/example_dags/example_bash_operator.py for tasks to queue
[2024-06-22T08:30:58.102+0000] {logging_mixin.py:188} INFO - [2024-06-22T08:30:58.100+0000] {dagbag.py:540} INFO - Filling up the DagBag from /home/airflow/.local/lib/python3.12/site-packages/airflow/example_dags/example_bash_operator.py
[2024-06-22T08:30:58.525+0000] {processor.py:840} INFO - DAG(s) 'example_bash_operator' retrieved from /home/airflow/.local/lib/python3.12/site-packages/airflow/example_dags/example_bash_operator.py
[2024-06-22T08:31:00.358+0000] {logging_mixin.py:188} INFO - [2024-06-22T08:31:00.356+0000] {dag.py:3096} INFO - Sync 1 DAGs
[2024-06-22T08:31:01.241+0000] {logging_mixin.py:188} INFO - [2024-06-22T08:31:01.227+0000] {dag.py:3954} INFO - Setting next_dagrun for example_bash_operator to 2024-06-21 00:00:00+00:00, run_after=2024-06-22 00:00:00+00:00
[2024-06-22T08:31:01.956+0000] {processor.py:183} INFO - Processing /home/airflow/.local/lib/python3.12/site-packages/airflow/example_dags/example_bash_operator.py took 4.113 seconds
[2024-06-22T08:32:09.980+0000] {processor.py:161} INFO - Started process (PID=1819) to work on /home/airflow/.local/lib/python3.12/site-packages/airflow/example_dags/example_bash_operator.py
[2024-06-22T08:32:10.031+0000] {processor.py:830} INFO - Processing file /home/airflow/.local/lib/python3.12/site-packages/airflow/example_dags/example_bash_operator.py for tasks to queue
[2024-06-22T08:32:10.087+0000] {logging_mixin.py:188} INFO - [2024-06-22T08:32:10.074+0000] {dagbag.py:540} INFO - Filling up the DagBag from /home/airflow/.local/lib/python3.12/site-packages/airflow/example_dags/example_bash_operator.py
[2024-06-22T08:32:10.591+0000] {processor.py:840} INFO - DAG(s) 'example_bash_operator' retrieved from /home/airflow/.local/lib/python3.12/site-packages/airflow/example_dags/example_bash_operator.py
[2024-06-22T08:32:11.632+0000] {logging_mixin.py:188} INFO - [2024-06-22T08:32:11.602+0000] {dag.py:3096} INFO - Sync 1 DAGs
[2024-06-22T08:32:12.564+0000] {logging_mixin.py:188} INFO - [2024-06-22T08:32:12.562+0000] {dag.py:3954} INFO - Setting next_dagrun for example_bash_operator to 2024-06-21 00:00:00+00:00, run_after=2024-06-22 00:00:00+00:00
[2024-06-22T08:32:12.944+0000] {processor.py:183} INFO - Processing /home/airflow/.local/lib/python3.12/site-packages/airflow/example_dags/example_bash_operator.py took 3.129 seconds
[2024-06-22T08:33:25.379+0000] {processor.py:161} INFO - Started process (PID=1873) to work on /home/airflow/.local/lib/python3.12/site-packages/airflow/example_dags/example_bash_operator.py
[2024-06-22T08:33:25.429+0000] {processor.py:830} INFO - Processing file /home/airflow/.local/lib/python3.12/site-packages/airflow/example_dags/example_bash_operator.py for tasks to queue
[2024-06-22T08:33:25.441+0000] {logging_mixin.py:188} INFO - [2024-06-22T08:33:25.438+0000] {dagbag.py:540} INFO - Filling up the DagBag from /home/airflow/.local/lib/python3.12/site-packages/airflow/example_dags/example_bash_operator.py
[2024-06-22T08:33:26.011+0000] {processor.py:840} INFO - DAG(s) 'example_bash_operator' retrieved from /home/airflow/.local/lib/python3.12/site-packages/airflow/example_dags/example_bash_operator.py
[2024-06-22T08:33:26.756+0000] {logging_mixin.py:188} INFO - [2024-06-22T08:33:26.754+0000] {dag.py:3096} INFO - Sync 1 DAGs
[2024-06-22T08:33:27.594+0000] {logging_mixin.py:188} INFO - [2024-06-22T08:33:27.579+0000] {dag.py:3954} INFO - Setting next_dagrun for example_bash_operator to 2024-06-21 00:00:00+00:00, run_after=2024-06-22 00:00:00+00:00
[2024-06-22T08:33:28.287+0000] {processor.py:183} INFO - Processing /home/airflow/.local/lib/python3.12/site-packages/airflow/example_dags/example_bash_operator.py took 3.096 seconds
[2024-06-22T08:34:32.684+0000] {processor.py:161} INFO - Started process (PID=1919) to work on /home/airflow/.local/lib/python3.12/site-packages/airflow/example_dags/example_bash_operator.py
[2024-06-22T08:34:32.711+0000] {processor.py:830} INFO - Processing file /home/airflow/.local/lib/python3.12/site-packages/airflow/example_dags/example_bash_operator.py for tasks to queue
[2024-06-22T08:34:32.729+0000] {logging_mixin.py:188} INFO - [2024-06-22T08:34:32.726+0000] {dagbag.py:540} INFO - Filling up the DagBag from /home/airflow/.local/lib/python3.12/site-packages/airflow/example_dags/example_bash_operator.py
[2024-06-22T08:34:33.191+0000] {processor.py:840} INFO - DAG(s) 'example_bash_operator' retrieved from /home/airflow/.local/lib/python3.12/site-packages/airflow/example_dags/example_bash_operator.py
[2024-06-22T08:34:34.330+0000] {logging_mixin.py:188} INFO - [2024-06-22T08:34:34.328+0000] {dag.py:3096} INFO - Sync 1 DAGs
[2024-06-22T08:34:34.987+0000] {logging_mixin.py:188} INFO - [2024-06-22T08:34:34.962+0000] {dag.py:3954} INFO - Setting next_dagrun for example_bash_operator to 2024-06-21 00:00:00+00:00, run_after=2024-06-22 00:00:00+00:00
[2024-06-22T08:34:35.882+0000] {processor.py:183} INFO - Processing /home/airflow/.local/lib/python3.12/site-packages/airflow/example_dags/example_bash_operator.py took 3.897 seconds
[2024-06-22T09:06:59.048+0000] {processor.py:161} INFO - Started process (PID=1967) to work on /home/airflow/.local/lib/python3.12/site-packages/airflow/example_dags/example_bash_operator.py
[2024-06-22T09:06:59.075+0000] {processor.py:830} INFO - Processing file /home/airflow/.local/lib/python3.12/site-packages/airflow/example_dags/example_bash_operator.py for tasks to queue
[2024-06-22T09:06:59.104+0000] {logging_mixin.py:188} INFO - [2024-06-22T09:06:59.101+0000] {dagbag.py:540} INFO - Filling up the DagBag from /home/airflow/.local/lib/python3.12/site-packages/airflow/example_dags/example_bash_operator.py
[2024-06-22T09:06:59.416+0000] {processor.py:840} INFO - DAG(s) 'example_bash_operator' retrieved from /home/airflow/.local/lib/python3.12/site-packages/airflow/example_dags/example_bash_operator.py
[2024-06-22T09:07:00.244+0000] {logging_mixin.py:188} INFO - [2024-06-22T09:07:00.237+0000] {dag.py:3096} INFO - Sync 1 DAGs
[2024-06-22T09:07:00.643+0000] {logging_mixin.py:188} INFO - [2024-06-22T09:07:00.641+0000] {dag.py:3954} INFO - Setting next_dagrun for example_bash_operator to 2024-06-21 00:00:00+00:00, run_after=2024-06-22 00:00:00+00:00
[2024-06-22T09:07:01.086+0000] {processor.py:183} INFO - Processing /home/airflow/.local/lib/python3.12/site-packages/airflow/example_dags/example_bash_operator.py took 2.090 seconds
[2024-06-22T10:42:24.947+0000] {processor.py:161} INFO - Started process (PID=2033) to work on /home/airflow/.local/lib/python3.12/site-packages/airflow/example_dags/example_bash_operator.py
[2024-06-22T10:42:25.098+0000] {processor.py:830} INFO - Processing file /home/airflow/.local/lib/python3.12/site-packages/airflow/example_dags/example_bash_operator.py for tasks to queue
[2024-06-22T10:42:25.142+0000] {logging_mixin.py:188} INFO - [2024-06-22T10:42:25.124+0000] {dagbag.py:540} INFO - Filling up the DagBag from /home/airflow/.local/lib/python3.12/site-packages/airflow/example_dags/example_bash_operator.py
[2024-06-22T10:42:26.030+0000] {processor.py:840} INFO - DAG(s) 'example_bash_operator' retrieved from /home/airflow/.local/lib/python3.12/site-packages/airflow/example_dags/example_bash_operator.py
[2024-06-22T10:42:27.759+0000] {logging_mixin.py:188} INFO - [2024-06-22T10:42:27.758+0000] {dag.py:3096} INFO - Sync 1 DAGs
[2024-06-22T10:42:28.719+0000] {logging_mixin.py:188} INFO - [2024-06-22T10:42:28.712+0000] {dag.py:3954} INFO - Setting next_dagrun for example_bash_operator to 2024-06-21 00:00:00+00:00, run_after=2024-06-22 00:00:00+00:00
[2024-06-22T10:42:29.332+0000] {processor.py:183} INFO - Processing /home/airflow/.local/lib/python3.12/site-packages/airflow/example_dags/example_bash_operator.py took 4.597 seconds
[2024-06-22T11:02:05.053+0000] {processor.py:161} INFO - Started process (PID=2123) to work on /home/airflow/.local/lib/python3.12/site-packages/airflow/example_dags/example_bash_operator.py
[2024-06-22T11:02:05.104+0000] {processor.py:830} INFO - Processing file /home/airflow/.local/lib/python3.12/site-packages/airflow/example_dags/example_bash_operator.py for tasks to queue
[2024-06-22T11:02:05.163+0000] {logging_mixin.py:188} INFO - [2024-06-22T11:02:05.148+0000] {dagbag.py:540} INFO - Filling up the DagBag from /home/airflow/.local/lib/python3.12/site-packages/airflow/example_dags/example_bash_operator.py
[2024-06-22T11:02:05.319+0000] {processor.py:840} INFO - DAG(s) 'example_bash_operator' retrieved from /home/airflow/.local/lib/python3.12/site-packages/airflow/example_dags/example_bash_operator.py
[2024-06-22T11:02:05.756+0000] {logging_mixin.py:188} INFO - [2024-06-22T11:02:05.745+0000] {dag.py:3096} INFO - Sync 1 DAGs
[2024-06-22T11:02:06.051+0000] {logging_mixin.py:188} INFO - [2024-06-22T11:02:06.050+0000] {dag.py:3954} INFO - Setting next_dagrun for example_bash_operator to 2024-06-21 00:00:00+00:00, run_after=2024-06-22 00:00:00+00:00
[2024-06-22T11:02:10.756+0000] {processor.py:183} INFO - Processing /home/airflow/.local/lib/python3.12/site-packages/airflow/example_dags/example_bash_operator.py took 5.795 seconds
[2024-06-22T11:05:11.203+0000] {processor.py:161} INFO - Started process (PID=45) to work on /home/airflow/.local/lib/python3.12/site-packages/airflow/example_dags/example_bash_operator.py
[2024-06-22T11:05:11.207+0000] {processor.py:830} INFO - Processing file /home/airflow/.local/lib/python3.12/site-packages/airflow/example_dags/example_bash_operator.py for tasks to queue
[2024-06-22T11:05:11.226+0000] {logging_mixin.py:188} INFO - [2024-06-22T11:05:11.221+0000] {dagbag.py:540} INFO - Filling up the DagBag from /home/airflow/.local/lib/python3.12/site-packages/airflow/example_dags/example_bash_operator.py
[2024-06-22T11:05:11.282+0000] {processor.py:840} INFO - DAG(s) 'example_bash_operator' retrieved from /home/airflow/.local/lib/python3.12/site-packages/airflow/example_dags/example_bash_operator.py
[2024-06-22T11:05:11.876+0000] {logging_mixin.py:188} INFO - [2024-06-22T11:05:11.875+0000] {dag.py:3096} INFO - Sync 1 DAGs
[2024-06-22T11:05:11.969+0000] {logging_mixin.py:188} INFO - [2024-06-22T11:05:11.969+0000] {dag.py:3954} INFO - Setting next_dagrun for example_bash_operator to 2024-06-21 00:00:00+00:00, run_after=2024-06-22 00:00:00+00:00
[2024-06-22T11:05:12.061+0000] {processor.py:183} INFO - Processing /home/airflow/.local/lib/python3.12/site-packages/airflow/example_dags/example_bash_operator.py took 0.897 seconds
[2024-06-22T11:05:42.841+0000] {processor.py:161} INFO - Started process (PID=105) to work on /home/airflow/.local/lib/python3.12/site-packages/airflow/example_dags/example_bash_operator.py
[2024-06-22T11:05:42.847+0000] {processor.py:830} INFO - Processing file /home/airflow/.local/lib/python3.12/site-packages/airflow/example_dags/example_bash_operator.py for tasks to queue
[2024-06-22T11:05:42.858+0000] {logging_mixin.py:188} INFO - [2024-06-22T11:05:42.856+0000] {dagbag.py:540} INFO - Filling up the DagBag from /home/airflow/.local/lib/python3.12/site-packages/airflow/example_dags/example_bash_operator.py
[2024-06-22T11:05:42.886+0000] {processor.py:840} INFO - DAG(s) 'example_bash_operator' retrieved from /home/airflow/.local/lib/python3.12/site-packages/airflow/example_dags/example_bash_operator.py
[2024-06-22T11:05:42.957+0000] {logging_mixin.py:188} INFO - [2024-06-22T11:05:42.956+0000] {dag.py:3096} INFO - Sync 1 DAGs
[2024-06-22T11:05:43.004+0000] {logging_mixin.py:188} INFO - [2024-06-22T11:05:43.003+0000] {dag.py:3954} INFO - Setting next_dagrun for example_bash_operator to 2024-06-21 00:00:00+00:00, run_after=2024-06-22 00:00:00+00:00
[2024-06-22T11:05:43.088+0000] {processor.py:183} INFO - Processing /home/airflow/.local/lib/python3.12/site-packages/airflow/example_dags/example_bash_operator.py took 0.307 seconds
[2024-06-22T11:06:14.122+0000] {processor.py:161} INFO - Started process (PID=166) to work on /home/airflow/.local/lib/python3.12/site-packages/airflow/example_dags/example_bash_operator.py
[2024-06-22T11:06:14.126+0000] {processor.py:830} INFO - Processing file /home/airflow/.local/lib/python3.12/site-packages/airflow/example_dags/example_bash_operator.py for tasks to queue
[2024-06-22T11:06:14.133+0000] {logging_mixin.py:188} INFO - [2024-06-22T11:06:14.132+0000] {dagbag.py:540} INFO - Filling up the DagBag from /home/airflow/.local/lib/python3.12/site-packages/airflow/example_dags/example_bash_operator.py
[2024-06-22T11:06:14.166+0000] {processor.py:840} INFO - DAG(s) 'example_bash_operator' retrieved from /home/airflow/.local/lib/python3.12/site-packages/airflow/example_dags/example_bash_operator.py
[2024-06-22T11:06:14.245+0000] {logging_mixin.py:188} INFO - [2024-06-22T11:06:14.245+0000] {dag.py:3096} INFO - Sync 1 DAGs
[2024-06-22T11:06:14.291+0000] {logging_mixin.py:188} INFO - [2024-06-22T11:06:14.291+0000] {dag.py:3954} INFO - Setting next_dagrun for example_bash_operator to 2024-06-21 00:00:00+00:00, run_after=2024-06-22 00:00:00+00:00
[2024-06-22T11:06:14.331+0000] {processor.py:183} INFO - Processing /home/airflow/.local/lib/python3.12/site-packages/airflow/example_dags/example_bash_operator.py took 0.236 seconds
[2024-06-22T11:06:44.973+0000] {processor.py:161} INFO - Started process (PID=225) to work on /home/airflow/.local/lib/python3.12/site-packages/airflow/example_dags/example_bash_operator.py
[2024-06-22T11:06:44.977+0000] {processor.py:830} INFO - Processing file /home/airflow/.local/lib/python3.12/site-packages/airflow/example_dags/example_bash_operator.py for tasks to queue
[2024-06-22T11:06:44.986+0000] {logging_mixin.py:188} INFO - [2024-06-22T11:06:44.985+0000] {dagbag.py:540} INFO - Filling up the DagBag from /home/airflow/.local/lib/python3.12/site-packages/airflow/example_dags/example_bash_operator.py
[2024-06-22T11:06:45.022+0000] {processor.py:840} INFO - DAG(s) 'example_bash_operator' retrieved from /home/airflow/.local/lib/python3.12/site-packages/airflow/example_dags/example_bash_operator.py
[2024-06-22T11:06:45.122+0000] {logging_mixin.py:188} INFO - [2024-06-22T11:06:45.121+0000] {dag.py:3096} INFO - Sync 1 DAGs
[2024-06-22T11:06:45.207+0000] {logging_mixin.py:188} INFO - [2024-06-22T11:06:45.207+0000] {dag.py:3954} INFO - Setting next_dagrun for example_bash_operator to 2024-06-21 00:00:00+00:00, run_after=2024-06-22 00:00:00+00:00
[2024-06-22T11:06:45.263+0000] {processor.py:183} INFO - Processing /home/airflow/.local/lib/python3.12/site-packages/airflow/example_dags/example_bash_operator.py took 0.321 seconds
[2024-06-22T11:07:15.867+0000] {processor.py:161} INFO - Started process (PID=284) to work on /home/airflow/.local/lib/python3.12/site-packages/airflow/example_dags/example_bash_operator.py
[2024-06-22T11:07:15.880+0000] {processor.py:830} INFO - Processing file /home/airflow/.local/lib/python3.12/site-packages/airflow/example_dags/example_bash_operator.py for tasks to queue
[2024-06-22T11:07:15.897+0000] {logging_mixin.py:188} INFO - [2024-06-22T11:07:15.896+0000] {dagbag.py:540} INFO - Filling up the DagBag from /home/airflow/.local/lib/python3.12/site-packages/airflow/example_dags/example_bash_operator.py
[2024-06-22T11:07:15.970+0000] {processor.py:840} INFO - DAG(s) 'example_bash_operator' retrieved from /home/airflow/.local/lib/python3.12/site-packages/airflow/example_dags/example_bash_operator.py
[2024-06-22T11:07:16.118+0000] {logging_mixin.py:188} INFO - [2024-06-22T11:07:16.117+0000] {dag.py:3096} INFO - Sync 1 DAGs
[2024-06-22T11:07:16.224+0000] {logging_mixin.py:188} INFO - [2024-06-22T11:07:16.224+0000] {dag.py:3954} INFO - Setting next_dagrun for example_bash_operator to 2024-06-21 00:00:00+00:00, run_after=2024-06-22 00:00:00+00:00
[2024-06-22T11:07:16.302+0000] {processor.py:183} INFO - Processing /home/airflow/.local/lib/python3.12/site-packages/airflow/example_dags/example_bash_operator.py took 0.464 seconds
[2024-06-22T11:07:46.717+0000] {processor.py:161} INFO - Started process (PID=342) to work on /home/airflow/.local/lib/python3.12/site-packages/airflow/example_dags/example_bash_operator.py
[2024-06-22T11:07:46.720+0000] {processor.py:830} INFO - Processing file /home/airflow/.local/lib/python3.12/site-packages/airflow/example_dags/example_bash_operator.py for tasks to queue
[2024-06-22T11:07:46.736+0000] {logging_mixin.py:188} INFO - [2024-06-22T11:07:46.735+0000] {dagbag.py:540} INFO - Filling up the DagBag from /home/airflow/.local/lib/python3.12/site-packages/airflow/example_dags/example_bash_operator.py
[2024-06-22T11:07:46.769+0000] {processor.py:840} INFO - DAG(s) 'example_bash_operator' retrieved from /home/airflow/.local/lib/python3.12/site-packages/airflow/example_dags/example_bash_operator.py
[2024-06-22T11:07:46.861+0000] {logging_mixin.py:188} INFO - [2024-06-22T11:07:46.860+0000] {dag.py:3096} INFO - Sync 1 DAGs
[2024-06-22T11:07:46.927+0000] {logging_mixin.py:188} INFO - [2024-06-22T11:07:46.926+0000] {dag.py:3954} INFO - Setting next_dagrun for example_bash_operator to 2024-06-21 00:00:00+00:00, run_after=2024-06-22 00:00:00+00:00
[2024-06-22T11:07:46.974+0000] {processor.py:183} INFO - Processing /home/airflow/.local/lib/python3.12/site-packages/airflow/example_dags/example_bash_operator.py took 0.280 seconds
[2024-06-22T11:08:17.274+0000] {processor.py:161} INFO - Started process (PID=401) to work on /home/airflow/.local/lib/python3.12/site-packages/airflow/example_dags/example_bash_operator.py
[2024-06-22T11:08:17.276+0000] {processor.py:830} INFO - Processing file /home/airflow/.local/lib/python3.12/site-packages/airflow/example_dags/example_bash_operator.py for tasks to queue
[2024-06-22T11:08:17.284+0000] {logging_mixin.py:188} INFO - [2024-06-22T11:08:17.282+0000] {dagbag.py:540} INFO - Filling up the DagBag from /home/airflow/.local/lib/python3.12/site-packages/airflow/example_dags/example_bash_operator.py
[2024-06-22T11:08:17.310+0000] {processor.py:840} INFO - DAG(s) 'example_bash_operator' retrieved from /home/airflow/.local/lib/python3.12/site-packages/airflow/example_dags/example_bash_operator.py
[2024-06-22T11:08:17.401+0000] {logging_mixin.py:188} INFO - [2024-06-22T11:08:17.401+0000] {dag.py:3096} INFO - Sync 1 DAGs
[2024-06-22T11:08:17.448+0000] {logging_mixin.py:188} INFO - [2024-06-22T11:08:17.447+0000] {dag.py:3954} INFO - Setting next_dagrun for example_bash_operator to 2024-06-21 00:00:00+00:00, run_after=2024-06-22 00:00:00+00:00
[2024-06-22T11:08:17.488+0000] {processor.py:183} INFO - Processing /home/airflow/.local/lib/python3.12/site-packages/airflow/example_dags/example_bash_operator.py took 0.227 seconds
[2024-06-22T11:08:47.990+0000] {processor.py:161} INFO - Started process (PID=456) to work on /home/airflow/.local/lib/python3.12/site-packages/airflow/example_dags/example_bash_operator.py
[2024-06-22T11:08:47.995+0000] {processor.py:830} INFO - Processing file /home/airflow/.local/lib/python3.12/site-packages/airflow/example_dags/example_bash_operator.py for tasks to queue
[2024-06-22T11:08:48.005+0000] {logging_mixin.py:188} INFO - [2024-06-22T11:08:48.004+0000] {dagbag.py:540} INFO - Filling up the DagBag from /home/airflow/.local/lib/python3.12/site-packages/airflow/example_dags/example_bash_operator.py
[2024-06-22T11:08:48.039+0000] {processor.py:840} INFO - DAG(s) 'example_bash_operator' retrieved from /home/airflow/.local/lib/python3.12/site-packages/airflow/example_dags/example_bash_operator.py
[2024-06-22T11:08:48.141+0000] {logging_mixin.py:188} INFO - [2024-06-22T11:08:48.140+0000] {dag.py:3096} INFO - Sync 1 DAGs
[2024-06-22T11:08:48.198+0000] {logging_mixin.py:188} INFO - [2024-06-22T11:08:48.198+0000] {dag.py:3954} INFO - Setting next_dagrun for example_bash_operator to 2024-06-21 00:00:00+00:00, run_after=2024-06-22 00:00:00+00:00
[2024-06-22T11:08:48.402+0000] {processor.py:183} INFO - Processing /home/airflow/.local/lib/python3.12/site-packages/airflow/example_dags/example_bash_operator.py took 0.437 seconds
[2024-06-22T11:09:18.866+0000] {processor.py:161} INFO - Started process (PID=514) to work on /home/airflow/.local/lib/python3.12/site-packages/airflow/example_dags/example_bash_operator.py
[2024-06-22T11:09:18.874+0000] {processor.py:830} INFO - Processing file /home/airflow/.local/lib/python3.12/site-packages/airflow/example_dags/example_bash_operator.py for tasks to queue
[2024-06-22T11:09:18.898+0000] {logging_mixin.py:188} INFO - [2024-06-22T11:09:18.896+0000] {dagbag.py:540} INFO - Filling up the DagBag from /home/airflow/.local/lib/python3.12/site-packages/airflow/example_dags/example_bash_operator.py
[2024-06-22T11:09:18.961+0000] {processor.py:840} INFO - DAG(s) 'example_bash_operator' retrieved from /home/airflow/.local/lib/python3.12/site-packages/airflow/example_dags/example_bash_operator.py
[2024-06-22T11:09:19.045+0000] {logging_mixin.py:188} INFO - [2024-06-22T11:09:19.045+0000] {dag.py:3096} INFO - Sync 1 DAGs
[2024-06-22T11:09:19.111+0000] {logging_mixin.py:188} INFO - [2024-06-22T11:09:19.110+0000] {dag.py:3954} INFO - Setting next_dagrun for example_bash_operator to 2024-06-21 00:00:00+00:00, run_after=2024-06-22 00:00:00+00:00
[2024-06-22T11:09:19.154+0000] {processor.py:183} INFO - Processing /home/airflow/.local/lib/python3.12/site-packages/airflow/example_dags/example_bash_operator.py took 0.341 seconds
[2024-06-22T11:09:49.525+0000] {processor.py:161} INFO - Started process (PID=575) to work on /home/airflow/.local/lib/python3.12/site-packages/airflow/example_dags/example_bash_operator.py
[2024-06-22T11:09:49.528+0000] {processor.py:830} INFO - Processing file /home/airflow/.local/lib/python3.12/site-packages/airflow/example_dags/example_bash_operator.py for tasks to queue
[2024-06-22T11:09:49.531+0000] {logging_mixin.py:188} INFO - [2024-06-22T11:09:49.531+0000] {dagbag.py:540} INFO - Filling up the DagBag from /home/airflow/.local/lib/python3.12/site-packages/airflow/example_dags/example_bash_operator.py
[2024-06-22T11:09:49.554+0000] {processor.py:840} INFO - DAG(s) 'example_bash_operator' retrieved from /home/airflow/.local/lib/python3.12/site-packages/airflow/example_dags/example_bash_operator.py
[2024-06-22T11:09:49.606+0000] {logging_mixin.py:188} INFO - [2024-06-22T11:09:49.606+0000] {dag.py:3096} INFO - Sync 1 DAGs
[2024-06-22T11:09:49.658+0000] {logging_mixin.py:188} INFO - [2024-06-22T11:09:49.657+0000] {dag.py:3954} INFO - Setting next_dagrun for example_bash_operator to 2024-06-21 00:00:00+00:00, run_after=2024-06-22 00:00:00+00:00
[2024-06-22T11:09:49.689+0000] {processor.py:183} INFO - Processing /home/airflow/.local/lib/python3.12/site-packages/airflow/example_dags/example_bash_operator.py took 0.173 seconds
[2024-06-22T11:10:20.093+0000] {processor.py:161} INFO - Started process (PID=634) to work on /home/airflow/.local/lib/python3.12/site-packages/airflow/example_dags/example_bash_operator.py
[2024-06-22T11:10:20.109+0000] {processor.py:830} INFO - Processing file /home/airflow/.local/lib/python3.12/site-packages/airflow/example_dags/example_bash_operator.py for tasks to queue
[2024-06-22T11:10:20.130+0000] {logging_mixin.py:188} INFO - [2024-06-22T11:10:20.129+0000] {dagbag.py:540} INFO - Filling up the DagBag from /home/airflow/.local/lib/python3.12/site-packages/airflow/example_dags/example_bash_operator.py
[2024-06-22T11:10:20.196+0000] {processor.py:840} INFO - DAG(s) 'example_bash_operator' retrieved from /home/airflow/.local/lib/python3.12/site-packages/airflow/example_dags/example_bash_operator.py
[2024-06-22T11:10:20.364+0000] {logging_mixin.py:188} INFO - [2024-06-22T11:10:20.361+0000] {dag.py:3096} INFO - Sync 1 DAGs
[2024-06-22T11:10:20.480+0000] {logging_mixin.py:188} INFO - [2024-06-22T11:10:20.480+0000] {dag.py:3954} INFO - Setting next_dagrun for example_bash_operator to 2024-06-21 00:00:00+00:00, run_after=2024-06-22 00:00:00+00:00
[2024-06-22T11:10:21.278+0000] {processor.py:183} INFO - Processing /home/airflow/.local/lib/python3.12/site-packages/airflow/example_dags/example_bash_operator.py took 1.217 seconds
[2024-06-22T11:10:51.657+0000] {processor.py:161} INFO - Started process (PID=693) to work on /home/airflow/.local/lib/python3.12/site-packages/airflow/example_dags/example_bash_operator.py
[2024-06-22T11:10:51.665+0000] {processor.py:830} INFO - Processing file /home/airflow/.local/lib/python3.12/site-packages/airflow/example_dags/example_bash_operator.py for tasks to queue
[2024-06-22T11:10:51.680+0000] {logging_mixin.py:188} INFO - [2024-06-22T11:10:51.677+0000] {dagbag.py:540} INFO - Filling up the DagBag from /home/airflow/.local/lib/python3.12/site-packages/airflow/example_dags/example_bash_operator.py
[2024-06-22T11:10:51.738+0000] {processor.py:840} INFO - DAG(s) 'example_bash_operator' retrieved from /home/airflow/.local/lib/python3.12/site-packages/airflow/example_dags/example_bash_operator.py
[2024-06-22T11:10:51.960+0000] {logging_mixin.py:188} INFO - [2024-06-22T11:10:51.960+0000] {dag.py:3096} INFO - Sync 1 DAGs
[2024-06-22T11:10:52.142+0000] {logging_mixin.py:188} INFO - [2024-06-22T11:10:52.139+0000] {dag.py:3954} INFO - Setting next_dagrun for example_bash_operator to 2024-06-21 00:00:00+00:00, run_after=2024-06-22 00:00:00+00:00
[2024-06-22T11:10:52.260+0000] {processor.py:183} INFO - Processing /home/airflow/.local/lib/python3.12/site-packages/airflow/example_dags/example_bash_operator.py took 0.644 seconds
[2024-06-22T11:11:24.892+0000] {processor.py:161} INFO - Started process (PID=750) to work on /home/airflow/.local/lib/python3.12/site-packages/airflow/example_dags/example_bash_operator.py
[2024-06-22T11:11:24.896+0000] {processor.py:830} INFO - Processing file /home/airflow/.local/lib/python3.12/site-packages/airflow/example_dags/example_bash_operator.py for tasks to queue
[2024-06-22T11:11:24.909+0000] {logging_mixin.py:188} INFO - [2024-06-22T11:11:24.907+0000] {dagbag.py:540} INFO - Filling up the DagBag from /home/airflow/.local/lib/python3.12/site-packages/airflow/example_dags/example_bash_operator.py
[2024-06-22T11:11:24.937+0000] {processor.py:840} INFO - DAG(s) 'example_bash_operator' retrieved from /home/airflow/.local/lib/python3.12/site-packages/airflow/example_dags/example_bash_operator.py
[2024-06-22T11:11:25.014+0000] {logging_mixin.py:188} INFO - [2024-06-22T11:11:25.013+0000] {dag.py:3096} INFO - Sync 1 DAGs
[2024-06-22T11:11:25.071+0000] {logging_mixin.py:188} INFO - [2024-06-22T11:11:25.071+0000] {dag.py:3954} INFO - Setting next_dagrun for example_bash_operator to 2024-06-21 00:00:00+00:00, run_after=2024-06-22 00:00:00+00:00
[2024-06-22T11:11:25.111+0000] {processor.py:183} INFO - Processing /home/airflow/.local/lib/python3.12/site-packages/airflow/example_dags/example_bash_operator.py took 0.235 seconds
[2024-06-22T11:12:04.582+0000] {processor.py:161} INFO - Started process (PID=797) to work on /home/airflow/.local/lib/python3.12/site-packages/airflow/example_dags/example_bash_operator.py
[2024-06-22T11:12:04.594+0000] {processor.py:830} INFO - Processing file /home/airflow/.local/lib/python3.12/site-packages/airflow/example_dags/example_bash_operator.py for tasks to queue
[2024-06-22T11:12:04.621+0000] {logging_mixin.py:188} INFO - [2024-06-22T11:12:04.615+0000] {dagbag.py:540} INFO - Filling up the DagBag from /home/airflow/.local/lib/python3.12/site-packages/airflow/example_dags/example_bash_operator.py
[2024-06-22T11:12:04.706+0000] {processor.py:840} INFO - DAG(s) 'example_bash_operator' retrieved from /home/airflow/.local/lib/python3.12/site-packages/airflow/example_dags/example_bash_operator.py
[2024-06-22T11:12:04.947+0000] {logging_mixin.py:188} INFO - [2024-06-22T11:12:04.946+0000] {dag.py:3096} INFO - Sync 1 DAGs
[2024-06-22T11:12:05.744+0000] {logging_mixin.py:188} INFO - [2024-06-22T11:12:05.743+0000] {dag.py:3954} INFO - Setting next_dagrun for example_bash_operator to 2024-06-21 00:00:00+00:00, run_after=2024-06-22 00:00:00+00:00
[2024-06-22T11:12:05.813+0000] {processor.py:183} INFO - Processing /home/airflow/.local/lib/python3.12/site-packages/airflow/example_dags/example_bash_operator.py took 1.310 seconds
[2024-06-22T11:12:40.235+0000] {processor.py:161} INFO - Started process (PID=855) to work on /home/airflow/.local/lib/python3.12/site-packages/airflow/example_dags/example_bash_operator.py
[2024-06-22T11:12:40.243+0000] {processor.py:830} INFO - Processing file /home/airflow/.local/lib/python3.12/site-packages/airflow/example_dags/example_bash_operator.py for tasks to queue
[2024-06-22T11:12:40.258+0000] {logging_mixin.py:188} INFO - [2024-06-22T11:12:40.254+0000] {dagbag.py:540} INFO - Filling up the DagBag from /home/airflow/.local/lib/python3.12/site-packages/airflow/example_dags/example_bash_operator.py
[2024-06-22T11:12:40.309+0000] {processor.py:840} INFO - DAG(s) 'example_bash_operator' retrieved from /home/airflow/.local/lib/python3.12/site-packages/airflow/example_dags/example_bash_operator.py
[2024-06-22T11:12:40.448+0000] {logging_mixin.py:188} INFO - [2024-06-22T11:12:40.448+0000] {dag.py:3096} INFO - Sync 1 DAGs
[2024-06-22T11:12:40.575+0000] {logging_mixin.py:188} INFO - [2024-06-22T11:12:40.573+0000] {dag.py:3954} INFO - Setting next_dagrun for example_bash_operator to 2024-06-21 00:00:00+00:00, run_after=2024-06-22 00:00:00+00:00
[2024-06-22T11:12:41.171+0000] {processor.py:183} INFO - Processing /home/airflow/.local/lib/python3.12/site-packages/airflow/example_dags/example_bash_operator.py took 0.962 seconds
[2024-06-22T11:13:11.385+0000] {processor.py:161} INFO - Started process (PID=914) to work on /home/airflow/.local/lib/python3.12/site-packages/airflow/example_dags/example_bash_operator.py
[2024-06-22T11:13:11.389+0000] {processor.py:830} INFO - Processing file /home/airflow/.local/lib/python3.12/site-packages/airflow/example_dags/example_bash_operator.py for tasks to queue
[2024-06-22T11:13:11.398+0000] {logging_mixin.py:188} INFO - [2024-06-22T11:13:11.397+0000] {dagbag.py:540} INFO - Filling up the DagBag from /home/airflow/.local/lib/python3.12/site-packages/airflow/example_dags/example_bash_operator.py
[2024-06-22T11:13:11.422+0000] {processor.py:840} INFO - DAG(s) 'example_bash_operator' retrieved from /home/airflow/.local/lib/python3.12/site-packages/airflow/example_dags/example_bash_operator.py
[2024-06-22T11:13:11.490+0000] {logging_mixin.py:188} INFO - [2024-06-22T11:13:11.489+0000] {dag.py:3096} INFO - Sync 1 DAGs
[2024-06-22T11:13:11.562+0000] {logging_mixin.py:188} INFO - [2024-06-22T11:13:11.561+0000] {dag.py:3954} INFO - Setting next_dagrun for example_bash_operator to 2024-06-21 00:00:00+00:00, run_after=2024-06-22 00:00:00+00:00
[2024-06-22T11:13:11.672+0000] {processor.py:183} INFO - Processing /home/airflow/.local/lib/python3.12/site-packages/airflow/example_dags/example_bash_operator.py took 0.315 seconds
[2024-06-22T11:13:51.436+0000] {processor.py:161} INFO - Started process (PID=972) to work on /home/airflow/.local/lib/python3.12/site-packages/airflow/example_dags/example_bash_operator.py
[2024-06-22T11:13:51.449+0000] {processor.py:830} INFO - Processing file /home/airflow/.local/lib/python3.12/site-packages/airflow/example_dags/example_bash_operator.py for tasks to queue
[2024-06-22T11:13:51.483+0000] {logging_mixin.py:188} INFO - [2024-06-22T11:13:51.468+0000] {dagbag.py:540} INFO - Filling up the DagBag from /home/airflow/.local/lib/python3.12/site-packages/airflow/example_dags/example_bash_operator.py
[2024-06-22T11:13:51.618+0000] {processor.py:840} INFO - DAG(s) 'example_bash_operator' retrieved from /home/airflow/.local/lib/python3.12/site-packages/airflow/example_dags/example_bash_operator.py
[2024-06-22T11:13:52.820+0000] {logging_mixin.py:188} INFO - [2024-06-22T11:13:52.819+0000] {dag.py:3096} INFO - Sync 1 DAGs
[2024-06-22T11:13:52.959+0000] {logging_mixin.py:188} INFO - [2024-06-22T11:13:52.959+0000] {dag.py:3954} INFO - Setting next_dagrun for example_bash_operator to 2024-06-21 00:00:00+00:00, run_after=2024-06-22 00:00:00+00:00
[2024-06-22T11:13:53.071+0000] {processor.py:183} INFO - Processing /home/airflow/.local/lib/python3.12/site-packages/airflow/example_dags/example_bash_operator.py took 1.679 seconds
[2024-06-22T11:14:23.587+0000] {processor.py:161} INFO - Started process (PID=1030) to work on /home/airflow/.local/lib/python3.12/site-packages/airflow/example_dags/example_bash_operator.py
[2024-06-22T11:14:23.597+0000] {processor.py:830} INFO - Processing file /home/airflow/.local/lib/python3.12/site-packages/airflow/example_dags/example_bash_operator.py for tasks to queue
[2024-06-22T11:14:23.611+0000] {logging_mixin.py:188} INFO - [2024-06-22T11:14:23.611+0000] {dagbag.py:540} INFO - Filling up the DagBag from /home/airflow/.local/lib/python3.12/site-packages/airflow/example_dags/example_bash_operator.py
[2024-06-22T11:14:23.724+0000] {processor.py:840} INFO - DAG(s) 'example_bash_operator' retrieved from /home/airflow/.local/lib/python3.12/site-packages/airflow/example_dags/example_bash_operator.py
[2024-06-22T11:14:24.189+0000] {logging_mixin.py:188} INFO - [2024-06-22T11:14:24.189+0000] {dag.py:3096} INFO - Sync 1 DAGs
[2024-06-22T11:14:24.555+0000] {logging_mixin.py:188} INFO - [2024-06-22T11:14:24.555+0000] {dag.py:3954} INFO - Setting next_dagrun for example_bash_operator to 2024-06-21 00:00:00+00:00, run_after=2024-06-22 00:00:00+00:00
[2024-06-22T11:14:24.886+0000] {processor.py:183} INFO - Processing /home/airflow/.local/lib/python3.12/site-packages/airflow/example_dags/example_bash_operator.py took 1.343 seconds
[2024-06-22T11:14:55.704+0000] {processor.py:161} INFO - Started process (PID=1089) to work on /home/airflow/.local/lib/python3.12/site-packages/airflow/example_dags/example_bash_operator.py
[2024-06-22T11:14:55.720+0000] {processor.py:830} INFO - Processing file /home/airflow/.local/lib/python3.12/site-packages/airflow/example_dags/example_bash_operator.py for tasks to queue
[2024-06-22T11:14:55.735+0000] {logging_mixin.py:188} INFO - [2024-06-22T11:14:55.735+0000] {dagbag.py:540} INFO - Filling up the DagBag from /home/airflow/.local/lib/python3.12/site-packages/airflow/example_dags/example_bash_operator.py
[2024-06-22T11:14:55.839+0000] {processor.py:840} INFO - DAG(s) 'example_bash_operator' retrieved from /home/airflow/.local/lib/python3.12/site-packages/airflow/example_dags/example_bash_operator.py
[2024-06-22T11:14:56.356+0000] {logging_mixin.py:188} INFO - [2024-06-22T11:14:56.356+0000] {dag.py:3096} INFO - Sync 1 DAGs
[2024-06-22T11:14:56.695+0000] {logging_mixin.py:188} INFO - [2024-06-22T11:14:56.694+0000] {dag.py:3954} INFO - Setting next_dagrun for example_bash_operator to 2024-06-21 00:00:00+00:00, run_after=2024-06-22 00:00:00+00:00
[2024-06-22T11:14:56.912+0000] {processor.py:183} INFO - Processing /home/airflow/.local/lib/python3.12/site-packages/airflow/example_dags/example_bash_operator.py took 1.247 seconds
[2024-06-22T11:15:29.332+0000] {processor.py:161} INFO - Started process (PID=1147) to work on /home/airflow/.local/lib/python3.12/site-packages/airflow/example_dags/example_bash_operator.py
[2024-06-22T11:15:29.341+0000] {processor.py:830} INFO - Processing file /home/airflow/.local/lib/python3.12/site-packages/airflow/example_dags/example_bash_operator.py for tasks to queue
[2024-06-22T11:15:29.361+0000] {logging_mixin.py:188} INFO - [2024-06-22T11:15:29.359+0000] {dagbag.py:540} INFO - Filling up the DagBag from /home/airflow/.local/lib/python3.12/site-packages/airflow/example_dags/example_bash_operator.py
[2024-06-22T11:15:29.396+0000] {processor.py:840} INFO - DAG(s) 'example_bash_operator' retrieved from /home/airflow/.local/lib/python3.12/site-packages/airflow/example_dags/example_bash_operator.py
[2024-06-22T11:15:29.485+0000] {logging_mixin.py:188} INFO - [2024-06-22T11:15:29.483+0000] {dag.py:3096} INFO - Sync 1 DAGs
[2024-06-22T11:15:29.618+0000] {logging_mixin.py:188} INFO - [2024-06-22T11:15:29.617+0000] {dag.py:3954} INFO - Setting next_dagrun for example_bash_operator to 2024-06-21 00:00:00+00:00, run_after=2024-06-22 00:00:00+00:00
[2024-06-22T11:15:29.702+0000] {processor.py:183} INFO - Processing /home/airflow/.local/lib/python3.12/site-packages/airflow/example_dags/example_bash_operator.py took 0.393 seconds
[2024-06-22T11:16:00.641+0000] {processor.py:161} INFO - Started process (PID=1206) to work on /home/airflow/.local/lib/python3.12/site-packages/airflow/example_dags/example_bash_operator.py
[2024-06-22T11:16:00.646+0000] {processor.py:830} INFO - Processing file /home/airflow/.local/lib/python3.12/site-packages/airflow/example_dags/example_bash_operator.py for tasks to queue
[2024-06-22T11:16:00.654+0000] {logging_mixin.py:188} INFO - [2024-06-22T11:16:00.654+0000] {dagbag.py:540} INFO - Filling up the DagBag from /home/airflow/.local/lib/python3.12/site-packages/airflow/example_dags/example_bash_operator.py
[2024-06-22T11:16:00.689+0000] {processor.py:840} INFO - DAG(s) 'example_bash_operator' retrieved from /home/airflow/.local/lib/python3.12/site-packages/airflow/example_dags/example_bash_operator.py
[2024-06-22T11:16:00.797+0000] {logging_mixin.py:188} INFO - [2024-06-22T11:16:00.796+0000] {dag.py:3096} INFO - Sync 1 DAGs
[2024-06-22T11:16:00.890+0000] {logging_mixin.py:188} INFO - [2024-06-22T11:16:00.878+0000] {dag.py:3954} INFO - Setting next_dagrun for example_bash_operator to 2024-06-21 00:00:00+00:00, run_after=2024-06-22 00:00:00+00:00
[2024-06-22T11:16:00.946+0000] {processor.py:183} INFO - Processing /home/airflow/.local/lib/python3.12/site-packages/airflow/example_dags/example_bash_operator.py took 0.334 seconds
[2024-06-22T11:16:39.592+0000] {processor.py:161} INFO - Started process (PID=1262) to work on /home/airflow/.local/lib/python3.12/site-packages/airflow/example_dags/example_bash_operator.py
[2024-06-22T11:16:39.598+0000] {processor.py:830} INFO - Processing file /home/airflow/.local/lib/python3.12/site-packages/airflow/example_dags/example_bash_operator.py for tasks to queue
[2024-06-22T11:16:39.614+0000] {logging_mixin.py:188} INFO - [2024-06-22T11:16:39.611+0000] {dagbag.py:540} INFO - Filling up the DagBag from /home/airflow/.local/lib/python3.12/site-packages/airflow/example_dags/example_bash_operator.py
[2024-06-22T11:16:39.666+0000] {processor.py:840} INFO - DAG(s) 'example_bash_operator' retrieved from /home/airflow/.local/lib/python3.12/site-packages/airflow/example_dags/example_bash_operator.py
[2024-06-22T11:16:39.745+0000] {logging_mixin.py:188} INFO - [2024-06-22T11:16:39.744+0000] {dag.py:3096} INFO - Sync 1 DAGs
[2024-06-22T11:16:39.889+0000] {logging_mixin.py:188} INFO - [2024-06-22T11:16:39.889+0000] {dag.py:3954} INFO - Setting next_dagrun for example_bash_operator to 2024-06-21 00:00:00+00:00, run_after=2024-06-22 00:00:00+00:00
[2024-06-22T11:16:39.950+0000] {processor.py:183} INFO - Processing /home/airflow/.local/lib/python3.12/site-packages/airflow/example_dags/example_bash_operator.py took 0.376 seconds
[2024-06-22T11:17:13.086+0000] {processor.py:161} INFO - Started process (PID=1322) to work on /home/airflow/.local/lib/python3.12/site-packages/airflow/example_dags/example_bash_operator.py
[2024-06-22T11:17:13.107+0000] {processor.py:830} INFO - Processing file /home/airflow/.local/lib/python3.12/site-packages/airflow/example_dags/example_bash_operator.py for tasks to queue
[2024-06-22T11:17:13.137+0000] {logging_mixin.py:188} INFO - [2024-06-22T11:17:13.132+0000] {dagbag.py:540} INFO - Filling up the DagBag from /home/airflow/.local/lib/python3.12/site-packages/airflow/example_dags/example_bash_operator.py
[2024-06-22T11:17:13.206+0000] {processor.py:840} INFO - DAG(s) 'example_bash_operator' retrieved from /home/airflow/.local/lib/python3.12/site-packages/airflow/example_dags/example_bash_operator.py
[2024-06-22T11:17:13.422+0000] {logging_mixin.py:188} INFO - [2024-06-22T11:17:13.421+0000] {dag.py:3096} INFO - Sync 1 DAGs
[2024-06-22T11:17:13.558+0000] {logging_mixin.py:188} INFO - [2024-06-22T11:17:13.558+0000] {dag.py:3954} INFO - Setting next_dagrun for example_bash_operator to 2024-06-21 00:00:00+00:00, run_after=2024-06-22 00:00:00+00:00
[2024-06-22T11:17:13.679+0000] {processor.py:183} INFO - Processing /home/airflow/.local/lib/python3.12/site-packages/airflow/example_dags/example_bash_operator.py took 0.680 seconds
[2024-06-22T11:17:46.096+0000] {processor.py:161} INFO - Started process (PID=1381) to work on /home/airflow/.local/lib/python3.12/site-packages/airflow/example_dags/example_bash_operator.py
[2024-06-22T11:17:46.101+0000] {processor.py:830} INFO - Processing file /home/airflow/.local/lib/python3.12/site-packages/airflow/example_dags/example_bash_operator.py for tasks to queue
[2024-06-22T11:17:46.123+0000] {logging_mixin.py:188} INFO - [2024-06-22T11:17:46.113+0000] {dagbag.py:540} INFO - Filling up the DagBag from /home/airflow/.local/lib/python3.12/site-packages/airflow/example_dags/example_bash_operator.py
[2024-06-22T11:17:46.523+0000] {processor.py:840} INFO - DAG(s) 'example_bash_operator' retrieved from /home/airflow/.local/lib/python3.12/site-packages/airflow/example_dags/example_bash_operator.py
[2024-06-22T11:17:47.338+0000] {logging_mixin.py:188} INFO - [2024-06-22T11:17:47.337+0000] {dag.py:3096} INFO - Sync 1 DAGs
[2024-06-22T11:17:47.753+0000] {logging_mixin.py:188} INFO - [2024-06-22T11:17:47.753+0000] {dag.py:3954} INFO - Setting next_dagrun for example_bash_operator to 2024-06-21 00:00:00+00:00, run_after=2024-06-22 00:00:00+00:00
[2024-06-22T11:17:48.096+0000] {processor.py:183} INFO - Processing /home/airflow/.local/lib/python3.12/site-packages/airflow/example_dags/example_bash_operator.py took 2.051 seconds
[2024-06-22T11:18:19.016+0000] {processor.py:161} INFO - Started process (PID=1439) to work on /home/airflow/.local/lib/python3.12/site-packages/airflow/example_dags/example_bash_operator.py
[2024-06-22T11:18:19.038+0000] {processor.py:830} INFO - Processing file /home/airflow/.local/lib/python3.12/site-packages/airflow/example_dags/example_bash_operator.py for tasks to queue
[2024-06-22T11:18:19.072+0000] {logging_mixin.py:188} INFO - [2024-06-22T11:18:19.071+0000] {dagbag.py:540} INFO - Filling up the DagBag from /home/airflow/.local/lib/python3.12/site-packages/airflow/example_dags/example_bash_operator.py
[2024-06-22T11:18:19.198+0000] {processor.py:840} INFO - DAG(s) 'example_bash_operator' retrieved from /home/airflow/.local/lib/python3.12/site-packages/airflow/example_dags/example_bash_operator.py
[2024-06-22T11:18:19.513+0000] {logging_mixin.py:188} INFO - [2024-06-22T11:18:19.512+0000] {dag.py:3096} INFO - Sync 1 DAGs
[2024-06-22T11:18:19.808+0000] {logging_mixin.py:188} INFO - [2024-06-22T11:18:19.808+0000] {dag.py:3954} INFO - Setting next_dagrun for example_bash_operator to 2024-06-21 00:00:00+00:00, run_after=2024-06-22 00:00:00+00:00
[2024-06-22T11:18:20.084+0000] {processor.py:183} INFO - Processing /home/airflow/.local/lib/python3.12/site-packages/airflow/example_dags/example_bash_operator.py took 1.127 seconds
[2024-06-22T11:18:50.530+0000] {processor.py:161} INFO - Started process (PID=1497) to work on /home/airflow/.local/lib/python3.12/site-packages/airflow/example_dags/example_bash_operator.py
[2024-06-22T11:18:50.535+0000] {processor.py:830} INFO - Processing file /home/airflow/.local/lib/python3.12/site-packages/airflow/example_dags/example_bash_operator.py for tasks to queue
[2024-06-22T11:18:50.565+0000] {logging_mixin.py:188} INFO - [2024-06-22T11:18:50.560+0000] {dagbag.py:540} INFO - Filling up the DagBag from /home/airflow/.local/lib/python3.12/site-packages/airflow/example_dags/example_bash_operator.py
[2024-06-22T11:18:50.842+0000] {processor.py:840} INFO - DAG(s) 'example_bash_operator' retrieved from /home/airflow/.local/lib/python3.12/site-packages/airflow/example_dags/example_bash_operator.py
[2024-06-22T11:18:51.177+0000] {logging_mixin.py:188} INFO - [2024-06-22T11:18:51.176+0000] {dag.py:3096} INFO - Sync 1 DAGs
[2024-06-22T11:18:51.503+0000] {logging_mixin.py:188} INFO - [2024-06-22T11:18:51.503+0000] {dag.py:3954} INFO - Setting next_dagrun for example_bash_operator to 2024-06-21 00:00:00+00:00, run_after=2024-06-22 00:00:00+00:00
[2024-06-22T11:18:51.693+0000] {processor.py:183} INFO - Processing /home/airflow/.local/lib/python3.12/site-packages/airflow/example_dags/example_bash_operator.py took 1.209 seconds
[2024-06-22T11:19:23.554+0000] {processor.py:161} INFO - Started process (PID=1545) to work on /home/airflow/.local/lib/python3.12/site-packages/airflow/example_dags/example_bash_operator.py
[2024-06-22T11:19:23.577+0000] {processor.py:830} INFO - Processing file /home/airflow/.local/lib/python3.12/site-packages/airflow/example_dags/example_bash_operator.py for tasks to queue
[2024-06-22T11:19:23.602+0000] {logging_mixin.py:188} INFO - [2024-06-22T11:19:23.593+0000] {dagbag.py:540} INFO - Filling up the DagBag from /home/airflow/.local/lib/python3.12/site-packages/airflow/example_dags/example_bash_operator.py
[2024-06-22T11:19:23.725+0000] {processor.py:840} INFO - DAG(s) 'example_bash_operator' retrieved from /home/airflow/.local/lib/python3.12/site-packages/airflow/example_dags/example_bash_operator.py
[2024-06-22T11:19:24.045+0000] {logging_mixin.py:188} INFO - [2024-06-22T11:19:24.045+0000] {dag.py:3096} INFO - Sync 1 DAGs
[2024-06-22T11:19:24.395+0000] {logging_mixin.py:188} INFO - [2024-06-22T11:19:24.391+0000] {dag.py:3954} INFO - Setting next_dagrun for example_bash_operator to 2024-06-21 00:00:00+00:00, run_after=2024-06-22 00:00:00+00:00
[2024-06-22T11:19:24.730+0000] {processor.py:183} INFO - Processing /home/airflow/.local/lib/python3.12/site-packages/airflow/example_dags/example_bash_operator.py took 1.261 seconds
[2024-06-22T11:19:59.618+0000] {processor.py:161} INFO - Started process (PID=1606) to work on /home/airflow/.local/lib/python3.12/site-packages/airflow/example_dags/example_bash_operator.py
[2024-06-22T11:19:59.628+0000] {processor.py:830} INFO - Processing file /home/airflow/.local/lib/python3.12/site-packages/airflow/example_dags/example_bash_operator.py for tasks to queue
[2024-06-22T11:19:59.649+0000] {logging_mixin.py:188} INFO - [2024-06-22T11:19:59.645+0000] {dagbag.py:540} INFO - Filling up the DagBag from /home/airflow/.local/lib/python3.12/site-packages/airflow/example_dags/example_bash_operator.py
[2024-06-22T11:19:59.779+0000] {processor.py:840} INFO - DAG(s) 'example_bash_operator' retrieved from /home/airflow/.local/lib/python3.12/site-packages/airflow/example_dags/example_bash_operator.py
[2024-06-22T11:19:59.941+0000] {logging_mixin.py:188} INFO - [2024-06-22T11:19:59.940+0000] {dag.py:3096} INFO - Sync 1 DAGs
[2024-06-22T11:20:00.164+0000] {logging_mixin.py:188} INFO - [2024-06-22T11:20:00.164+0000] {dag.py:3954} INFO - Setting next_dagrun for example_bash_operator to 2024-06-21 00:00:00+00:00, run_after=2024-06-22 00:00:00+00:00
[2024-06-22T11:20:00.259+0000] {processor.py:183} INFO - Processing /home/airflow/.local/lib/python3.12/site-packages/airflow/example_dags/example_bash_operator.py took 0.701 seconds
[2024-06-22T11:20:30.528+0000] {processor.py:161} INFO - Started process (PID=1664) to work on /home/airflow/.local/lib/python3.12/site-packages/airflow/example_dags/example_bash_operator.py
[2024-06-22T11:20:30.532+0000] {processor.py:830} INFO - Processing file /home/airflow/.local/lib/python3.12/site-packages/airflow/example_dags/example_bash_operator.py for tasks to queue
[2024-06-22T11:20:30.543+0000] {logging_mixin.py:188} INFO - [2024-06-22T11:20:30.541+0000] {dagbag.py:540} INFO - Filling up the DagBag from /home/airflow/.local/lib/python3.12/site-packages/airflow/example_dags/example_bash_operator.py
[2024-06-22T11:20:30.575+0000] {processor.py:840} INFO - DAG(s) 'example_bash_operator' retrieved from /home/airflow/.local/lib/python3.12/site-packages/airflow/example_dags/example_bash_operator.py
[2024-06-22T11:20:30.648+0000] {logging_mixin.py:188} INFO - [2024-06-22T11:20:30.647+0000] {dag.py:3096} INFO - Sync 1 DAGs
[2024-06-22T11:20:30.708+0000] {logging_mixin.py:188} INFO - [2024-06-22T11:20:30.706+0000] {dag.py:3954} INFO - Setting next_dagrun for example_bash_operator to 2024-06-21 00:00:00+00:00, run_after=2024-06-22 00:00:00+00:00
[2024-06-22T11:20:30.779+0000] {processor.py:183} INFO - Processing /home/airflow/.local/lib/python3.12/site-packages/airflow/example_dags/example_bash_operator.py took 0.270 seconds
[2024-06-22T11:21:01.568+0000] {processor.py:161} INFO - Started process (PID=1722) to work on /home/airflow/.local/lib/python3.12/site-packages/airflow/example_dags/example_bash_operator.py
[2024-06-22T11:21:01.573+0000] {processor.py:830} INFO - Processing file /home/airflow/.local/lib/python3.12/site-packages/airflow/example_dags/example_bash_operator.py for tasks to queue
[2024-06-22T11:21:01.587+0000] {logging_mixin.py:188} INFO - [2024-06-22T11:21:01.586+0000] {dagbag.py:540} INFO - Filling up the DagBag from /home/airflow/.local/lib/python3.12/site-packages/airflow/example_dags/example_bash_operator.py
[2024-06-22T11:21:01.629+0000] {processor.py:840} INFO - DAG(s) 'example_bash_operator' retrieved from /home/airflow/.local/lib/python3.12/site-packages/airflow/example_dags/example_bash_operator.py
[2024-06-22T11:21:01.880+0000] {logging_mixin.py:188} INFO - [2024-06-22T11:21:01.878+0000] {dag.py:3096} INFO - Sync 1 DAGs
[2024-06-22T11:21:02.108+0000] {logging_mixin.py:188} INFO - [2024-06-22T11:21:02.107+0000] {dag.py:3954} INFO - Setting next_dagrun for example_bash_operator to 2024-06-21 00:00:00+00:00, run_after=2024-06-22 00:00:00+00:00
[2024-06-22T11:21:02.240+0000] {processor.py:183} INFO - Processing /home/airflow/.local/lib/python3.12/site-packages/airflow/example_dags/example_bash_operator.py took 0.763 seconds
[2024-06-22T11:21:54.984+0000] {processor.py:161} INFO - Started process (PID=1739) to work on /home/airflow/.local/lib/python3.12/site-packages/airflow/example_dags/example_bash_operator.py
[2024-06-22T11:21:54.991+0000] {processor.py:830} INFO - Processing file /home/airflow/.local/lib/python3.12/site-packages/airflow/example_dags/example_bash_operator.py for tasks to queue
[2024-06-22T11:21:55.010+0000] {logging_mixin.py:188} INFO - [2024-06-22T11:21:55.008+0000] {dagbag.py:540} INFO - Filling up the DagBag from /home/airflow/.local/lib/python3.12/site-packages/airflow/example_dags/example_bash_operator.py
[2024-06-22T11:21:55.100+0000] {processor.py:840} INFO - DAG(s) 'example_bash_operator' retrieved from /home/airflow/.local/lib/python3.12/site-packages/airflow/example_dags/example_bash_operator.py
[2024-06-22T11:21:55.246+0000] {logging_mixin.py:188} INFO - [2024-06-22T11:21:55.245+0000] {dag.py:3096} INFO - Sync 1 DAGs
[2024-06-22T11:21:55.307+0000] {logging_mixin.py:188} INFO - [2024-06-22T11:21:55.306+0000] {dag.py:3954} INFO - Setting next_dagrun for example_bash_operator to 2024-06-21 00:00:00+00:00, run_after=2024-06-22 00:00:00+00:00
[2024-06-22T11:21:55.409+0000] {processor.py:183} INFO - Processing /home/airflow/.local/lib/python3.12/site-packages/airflow/example_dags/example_bash_operator.py took 0.470 seconds
[2024-06-22T11:22:27.622+0000] {processor.py:161} INFO - Started process (PID=1798) to work on /home/airflow/.local/lib/python3.12/site-packages/airflow/example_dags/example_bash_operator.py
[2024-06-22T11:22:27.636+0000] {processor.py:830} INFO - Processing file /home/airflow/.local/lib/python3.12/site-packages/airflow/example_dags/example_bash_operator.py for tasks to queue
[2024-06-22T11:22:27.646+0000] {logging_mixin.py:188} INFO - [2024-06-22T11:22:27.645+0000] {dagbag.py:540} INFO - Filling up the DagBag from /home/airflow/.local/lib/python3.12/site-packages/airflow/example_dags/example_bash_operator.py
[2024-06-22T11:22:27.742+0000] {processor.py:840} INFO - DAG(s) 'example_bash_operator' retrieved from /home/airflow/.local/lib/python3.12/site-packages/airflow/example_dags/example_bash_operator.py
[2024-06-22T11:22:27.944+0000] {logging_mixin.py:188} INFO - [2024-06-22T11:22:27.937+0000] {dag.py:3096} INFO - Sync 1 DAGs
[2024-06-22T11:22:28.143+0000] {logging_mixin.py:188} INFO - [2024-06-22T11:22:28.142+0000] {dag.py:3954} INFO - Setting next_dagrun for example_bash_operator to 2024-06-21 00:00:00+00:00, run_after=2024-06-22 00:00:00+00:00
[2024-06-22T11:22:28.225+0000] {processor.py:183} INFO - Processing /home/airflow/.local/lib/python3.12/site-packages/airflow/example_dags/example_bash_operator.py took 0.656 seconds
[2024-06-22T11:22:58.625+0000] {processor.py:161} INFO - Started process (PID=1858) to work on /home/airflow/.local/lib/python3.12/site-packages/airflow/example_dags/example_bash_operator.py
[2024-06-22T11:22:58.628+0000] {processor.py:830} INFO - Processing file /home/airflow/.local/lib/python3.12/site-packages/airflow/example_dags/example_bash_operator.py for tasks to queue
[2024-06-22T11:22:58.633+0000] {logging_mixin.py:188} INFO - [2024-06-22T11:22:58.632+0000] {dagbag.py:540} INFO - Filling up the DagBag from /home/airflow/.local/lib/python3.12/site-packages/airflow/example_dags/example_bash_operator.py
[2024-06-22T11:22:58.657+0000] {processor.py:840} INFO - DAG(s) 'example_bash_operator' retrieved from /home/airflow/.local/lib/python3.12/site-packages/airflow/example_dags/example_bash_operator.py
[2024-06-22T11:22:58.727+0000] {logging_mixin.py:188} INFO - [2024-06-22T11:22:58.724+0000] {dag.py:3096} INFO - Sync 1 DAGs
[2024-06-22T11:22:58.809+0000] {logging_mixin.py:188} INFO - [2024-06-22T11:22:58.809+0000] {dag.py:3954} INFO - Setting next_dagrun for example_bash_operator to 2024-06-21 00:00:00+00:00, run_after=2024-06-22 00:00:00+00:00
[2024-06-22T11:22:58.866+0000] {processor.py:183} INFO - Processing /home/airflow/.local/lib/python3.12/site-packages/airflow/example_dags/example_bash_operator.py took 0.253 seconds
[2024-06-22T11:23:29.339+0000] {processor.py:161} INFO - Started process (PID=1915) to work on /home/airflow/.local/lib/python3.12/site-packages/airflow/example_dags/example_bash_operator.py
[2024-06-22T11:23:29.344+0000] {processor.py:830} INFO - Processing file /home/airflow/.local/lib/python3.12/site-packages/airflow/example_dags/example_bash_operator.py for tasks to queue
[2024-06-22T11:23:29.350+0000] {logging_mixin.py:188} INFO - [2024-06-22T11:23:29.349+0000] {dagbag.py:540} INFO - Filling up the DagBag from /home/airflow/.local/lib/python3.12/site-packages/airflow/example_dags/example_bash_operator.py
[2024-06-22T11:23:29.387+0000] {processor.py:840} INFO - DAG(s) 'example_bash_operator' retrieved from /home/airflow/.local/lib/python3.12/site-packages/airflow/example_dags/example_bash_operator.py
[2024-06-22T11:23:29.454+0000] {logging_mixin.py:188} INFO - [2024-06-22T11:23:29.453+0000] {dag.py:3096} INFO - Sync 1 DAGs
[2024-06-22T11:23:29.520+0000] {logging_mixin.py:188} INFO - [2024-06-22T11:23:29.520+0000] {dag.py:3954} INFO - Setting next_dagrun for example_bash_operator to 2024-06-21 00:00:00+00:00, run_after=2024-06-22 00:00:00+00:00
[2024-06-22T11:23:29.563+0000] {processor.py:183} INFO - Processing /home/airflow/.local/lib/python3.12/site-packages/airflow/example_dags/example_bash_operator.py took 0.243 seconds
[2024-06-22T11:23:59.687+0000] {processor.py:161} INFO - Started process (PID=1973) to work on /home/airflow/.local/lib/python3.12/site-packages/airflow/example_dags/example_bash_operator.py
[2024-06-22T11:23:59.696+0000] {processor.py:830} INFO - Processing file /home/airflow/.local/lib/python3.12/site-packages/airflow/example_dags/example_bash_operator.py for tasks to queue
[2024-06-22T11:23:59.705+0000] {logging_mixin.py:188} INFO - [2024-06-22T11:23:59.704+0000] {dagbag.py:540} INFO - Filling up the DagBag from /home/airflow/.local/lib/python3.12/site-packages/airflow/example_dags/example_bash_operator.py
[2024-06-22T11:23:59.764+0000] {processor.py:840} INFO - DAG(s) 'example_bash_operator' retrieved from /home/airflow/.local/lib/python3.12/site-packages/airflow/example_dags/example_bash_operator.py
[2024-06-22T11:23:59.847+0000] {logging_mixin.py:188} INFO - [2024-06-22T11:23:59.847+0000] {dag.py:3096} INFO - Sync 1 DAGs
[2024-06-22T11:23:59.963+0000] {logging_mixin.py:188} INFO - [2024-06-22T11:23:59.963+0000] {dag.py:3954} INFO - Setting next_dagrun for example_bash_operator to 2024-06-21 00:00:00+00:00, run_after=2024-06-22 00:00:00+00:00
[2024-06-22T11:24:00.011+0000] {processor.py:183} INFO - Processing /home/airflow/.local/lib/python3.12/site-packages/airflow/example_dags/example_bash_operator.py took 0.339 seconds
[2024-06-22T11:24:31.390+0000] {processor.py:161} INFO - Started process (PID=2030) to work on /home/airflow/.local/lib/python3.12/site-packages/airflow/example_dags/example_bash_operator.py
[2024-06-22T11:24:31.399+0000] {processor.py:830} INFO - Processing file /home/airflow/.local/lib/python3.12/site-packages/airflow/example_dags/example_bash_operator.py for tasks to queue
[2024-06-22T11:24:31.406+0000] {logging_mixin.py:188} INFO - [2024-06-22T11:24:31.406+0000] {dagbag.py:540} INFO - Filling up the DagBag from /home/airflow/.local/lib/python3.12/site-packages/airflow/example_dags/example_bash_operator.py
[2024-06-22T11:24:31.459+0000] {processor.py:840} INFO - DAG(s) 'example_bash_operator' retrieved from /home/airflow/.local/lib/python3.12/site-packages/airflow/example_dags/example_bash_operator.py
[2024-06-22T11:24:31.577+0000] {logging_mixin.py:188} INFO - [2024-06-22T11:24:31.576+0000] {dag.py:3096} INFO - Sync 1 DAGs
[2024-06-22T11:24:31.660+0000] {logging_mixin.py:188} INFO - [2024-06-22T11:24:31.659+0000] {dag.py:3954} INFO - Setting next_dagrun for example_bash_operator to 2024-06-21 00:00:00+00:00, run_after=2024-06-22 00:00:00+00:00
[2024-06-22T11:24:31.738+0000] {processor.py:183} INFO - Processing /home/airflow/.local/lib/python3.12/site-packages/airflow/example_dags/example_bash_operator.py took 0.382 seconds
