[2024-06-22T04:11:14.191+0000] {processor.py:161} INFO - Started process (PID=63) to work on /home/airflow/.local/lib/python3.12/site-packages/airflow/example_dags/example_dag_decorator.py
[2024-06-22T04:11:14.210+0000] {processor.py:830} INFO - Processing file /home/airflow/.local/lib/python3.12/site-packages/airflow/example_dags/example_dag_decorator.py for tasks to queue
[2024-06-22T04:11:14.247+0000] {logging_mixin.py:188} INFO - [2024-06-22T04:11:14.227+0000] {dagbag.py:540} INFO - Filling up the DagBag from /home/airflow/.local/lib/python3.12/site-packages/airflow/example_dags/example_dag_decorator.py
[2024-06-22T04:11:14.754+0000] {processor.py:840} INFO - DAG(s) 'example_dag_decorator' retrieved from /home/airflow/.local/lib/python3.12/site-packages/airflow/example_dags/example_dag_decorator.py
[2024-06-22T04:11:14.818+0000] {logging_mixin.py:188} INFO - [2024-06-22T04:11:14.817+0000] {dag.py:3096} INFO - Sync 1 DAGs
[2024-06-22T04:11:14.932+0000] {logging_mixin.py:188} INFO - [2024-06-22T04:11:14.931+0000] {dag.py:3954} INFO - Setting next_dagrun for example_dag_decorator to None, run_after=None
[2024-06-22T04:11:15.007+0000] {processor.py:183} INFO - Processing /home/airflow/.local/lib/python3.12/site-packages/airflow/example_dags/example_dag_decorator.py took 0.838 seconds
[2024-06-22T04:11:45.550+0000] {processor.py:161} INFO - Started process (PID=122) to work on /home/airflow/.local/lib/python3.12/site-packages/airflow/example_dags/example_dag_decorator.py
[2024-06-22T04:11:45.551+0000] {processor.py:830} INFO - Processing file /home/airflow/.local/lib/python3.12/site-packages/airflow/example_dags/example_dag_decorator.py for tasks to queue
[2024-06-22T04:11:45.556+0000] {logging_mixin.py:188} INFO - [2024-06-22T04:11:45.555+0000] {dagbag.py:540} INFO - Filling up the DagBag from /home/airflow/.local/lib/python3.12/site-packages/airflow/example_dags/example_dag_decorator.py
[2024-06-22T04:11:45.688+0000] {processor.py:840} INFO - DAG(s) 'example_dag_decorator' retrieved from /home/airflow/.local/lib/python3.12/site-packages/airflow/example_dags/example_dag_decorator.py
[2024-06-22T04:11:45.852+0000] {logging_mixin.py:188} INFO - [2024-06-22T04:11:45.852+0000] {dag.py:3096} INFO - Sync 1 DAGs
[2024-06-22T04:11:45.874+0000] {logging_mixin.py:188} INFO - [2024-06-22T04:11:45.874+0000] {dag.py:3954} INFO - Setting next_dagrun for example_dag_decorator to None, run_after=None
[2024-06-22T04:11:45.903+0000] {processor.py:183} INFO - Processing /home/airflow/.local/lib/python3.12/site-packages/airflow/example_dags/example_dag_decorator.py took 0.361 seconds
[2024-06-22T04:12:16.134+0000] {processor.py:161} INFO - Started process (PID=180) to work on /home/airflow/.local/lib/python3.12/site-packages/airflow/example_dags/example_dag_decorator.py
[2024-06-22T04:12:16.136+0000] {processor.py:830} INFO - Processing file /home/airflow/.local/lib/python3.12/site-packages/airflow/example_dags/example_dag_decorator.py for tasks to queue
[2024-06-22T04:12:16.141+0000] {logging_mixin.py:188} INFO - [2024-06-22T04:12:16.140+0000] {dagbag.py:540} INFO - Filling up the DagBag from /home/airflow/.local/lib/python3.12/site-packages/airflow/example_dags/example_dag_decorator.py
[2024-06-22T04:12:16.281+0000] {processor.py:840} INFO - DAG(s) 'example_dag_decorator' retrieved from /home/airflow/.local/lib/python3.12/site-packages/airflow/example_dags/example_dag_decorator.py
[2024-06-22T04:12:16.628+0000] {logging_mixin.py:188} INFO - [2024-06-22T04:12:16.627+0000] {dag.py:3096} INFO - Sync 1 DAGs
[2024-06-22T04:12:16.643+0000] {logging_mixin.py:188} INFO - [2024-06-22T04:12:16.643+0000] {dag.py:3954} INFO - Setting next_dagrun for example_dag_decorator to None, run_after=None
[2024-06-22T04:12:16.668+0000] {processor.py:183} INFO - Processing /home/airflow/.local/lib/python3.12/site-packages/airflow/example_dags/example_dag_decorator.py took 0.542 seconds
[2024-06-22T04:12:47.415+0000] {processor.py:161} INFO - Started process (PID=239) to work on /home/airflow/.local/lib/python3.12/site-packages/airflow/example_dags/example_dag_decorator.py
[2024-06-22T04:12:47.421+0000] {processor.py:830} INFO - Processing file /home/airflow/.local/lib/python3.12/site-packages/airflow/example_dags/example_dag_decorator.py for tasks to queue
[2024-06-22T04:12:47.436+0000] {logging_mixin.py:188} INFO - [2024-06-22T04:12:47.431+0000] {dagbag.py:540} INFO - Filling up the DagBag from /home/airflow/.local/lib/python3.12/site-packages/airflow/example_dags/example_dag_decorator.py
[2024-06-22T04:12:47.939+0000] {processor.py:840} INFO - DAG(s) 'example_dag_decorator' retrieved from /home/airflow/.local/lib/python3.12/site-packages/airflow/example_dags/example_dag_decorator.py
[2024-06-22T04:12:48.022+0000] {logging_mixin.py:188} INFO - [2024-06-22T04:12:48.019+0000] {dag.py:3096} INFO - Sync 1 DAGs
[2024-06-22T04:12:48.054+0000] {logging_mixin.py:188} INFO - [2024-06-22T04:12:48.054+0000] {dag.py:3954} INFO - Setting next_dagrun for example_dag_decorator to None, run_after=None
[2024-06-22T04:12:48.088+0000] {processor.py:183} INFO - Processing /home/airflow/.local/lib/python3.12/site-packages/airflow/example_dags/example_dag_decorator.py took 0.714 seconds
[2024-06-22T04:13:18.535+0000] {processor.py:161} INFO - Started process (PID=298) to work on /home/airflow/.local/lib/python3.12/site-packages/airflow/example_dags/example_dag_decorator.py
[2024-06-22T04:13:18.538+0000] {processor.py:830} INFO - Processing file /home/airflow/.local/lib/python3.12/site-packages/airflow/example_dags/example_dag_decorator.py for tasks to queue
[2024-06-22T04:13:18.543+0000] {logging_mixin.py:188} INFO - [2024-06-22T04:13:18.542+0000] {dagbag.py:540} INFO - Filling up the DagBag from /home/airflow/.local/lib/python3.12/site-packages/airflow/example_dags/example_dag_decorator.py
[2024-06-22T04:13:18.809+0000] {processor.py:840} INFO - DAG(s) 'example_dag_decorator' retrieved from /home/airflow/.local/lib/python3.12/site-packages/airflow/example_dags/example_dag_decorator.py
[2024-06-22T04:13:19.493+0000] {logging_mixin.py:188} INFO - [2024-06-22T04:13:19.493+0000] {dag.py:3096} INFO - Sync 1 DAGs
[2024-06-22T04:13:19.522+0000] {logging_mixin.py:188} INFO - [2024-06-22T04:13:19.521+0000] {dag.py:3954} INFO - Setting next_dagrun for example_dag_decorator to None, run_after=None
[2024-06-22T04:13:19.564+0000] {processor.py:183} INFO - Processing /home/airflow/.local/lib/python3.12/site-packages/airflow/example_dags/example_dag_decorator.py took 1.070 seconds
[2024-06-22T04:13:50.124+0000] {processor.py:161} INFO - Started process (PID=359) to work on /home/airflow/.local/lib/python3.12/site-packages/airflow/example_dags/example_dag_decorator.py
[2024-06-22T04:13:50.127+0000] {processor.py:830} INFO - Processing file /home/airflow/.local/lib/python3.12/site-packages/airflow/example_dags/example_dag_decorator.py for tasks to queue
[2024-06-22T04:13:50.133+0000] {logging_mixin.py:188} INFO - [2024-06-22T04:13:50.132+0000] {dagbag.py:540} INFO - Filling up the DagBag from /home/airflow/.local/lib/python3.12/site-packages/airflow/example_dags/example_dag_decorator.py
[2024-06-22T04:13:50.293+0000] {processor.py:840} INFO - DAG(s) 'example_dag_decorator' retrieved from /home/airflow/.local/lib/python3.12/site-packages/airflow/example_dags/example_dag_decorator.py
[2024-06-22T04:13:50.701+0000] {logging_mixin.py:188} INFO - [2024-06-22T04:13:50.700+0000] {dag.py:3096} INFO - Sync 1 DAGs
[2024-06-22T04:13:50.731+0000] {logging_mixin.py:188} INFO - [2024-06-22T04:13:50.730+0000] {dag.py:3954} INFO - Setting next_dagrun for example_dag_decorator to None, run_after=None
[2024-06-22T04:13:50.759+0000] {processor.py:183} INFO - Processing /home/airflow/.local/lib/python3.12/site-packages/airflow/example_dags/example_dag_decorator.py took 0.649 seconds
[2024-06-22T04:14:20.862+0000] {processor.py:161} INFO - Started process (PID=421) to work on /home/airflow/.local/lib/python3.12/site-packages/airflow/example_dags/example_dag_decorator.py
[2024-06-22T04:14:20.866+0000] {processor.py:830} INFO - Processing file /home/airflow/.local/lib/python3.12/site-packages/airflow/example_dags/example_dag_decorator.py for tasks to queue
[2024-06-22T04:14:20.873+0000] {logging_mixin.py:188} INFO - [2024-06-22T04:14:20.872+0000] {dagbag.py:540} INFO - Filling up the DagBag from /home/airflow/.local/lib/python3.12/site-packages/airflow/example_dags/example_dag_decorator.py
[2024-06-22T04:14:21.077+0000] {processor.py:840} INFO - DAG(s) 'example_dag_decorator' retrieved from /home/airflow/.local/lib/python3.12/site-packages/airflow/example_dags/example_dag_decorator.py
[2024-06-22T04:14:21.614+0000] {logging_mixin.py:188} INFO - [2024-06-22T04:14:21.614+0000] {dag.py:3096} INFO - Sync 1 DAGs
[2024-06-22T04:14:21.636+0000] {logging_mixin.py:188} INFO - [2024-06-22T04:14:21.636+0000] {dag.py:3954} INFO - Setting next_dagrun for example_dag_decorator to None, run_after=None
[2024-06-22T04:14:21.682+0000] {processor.py:183} INFO - Processing /home/airflow/.local/lib/python3.12/site-packages/airflow/example_dags/example_dag_decorator.py took 0.833 seconds
[2024-06-22T04:14:52.494+0000] {processor.py:161} INFO - Started process (PID=482) to work on /home/airflow/.local/lib/python3.12/site-packages/airflow/example_dags/example_dag_decorator.py
[2024-06-22T04:14:52.496+0000] {processor.py:830} INFO - Processing file /home/airflow/.local/lib/python3.12/site-packages/airflow/example_dags/example_dag_decorator.py for tasks to queue
[2024-06-22T04:14:52.499+0000] {logging_mixin.py:188} INFO - [2024-06-22T04:14:52.499+0000] {dagbag.py:540} INFO - Filling up the DagBag from /home/airflow/.local/lib/python3.12/site-packages/airflow/example_dags/example_dag_decorator.py
[2024-06-22T04:14:52.669+0000] {processor.py:840} INFO - DAG(s) 'example_dag_decorator' retrieved from /home/airflow/.local/lib/python3.12/site-packages/airflow/example_dags/example_dag_decorator.py
[2024-06-22T04:14:52.710+0000] {logging_mixin.py:188} INFO - [2024-06-22T04:14:52.709+0000] {dag.py:3096} INFO - Sync 1 DAGs
[2024-06-22T04:14:53.092+0000] {logging_mixin.py:188} INFO - [2024-06-22T04:14:53.090+0000] {dag.py:3954} INFO - Setting next_dagrun for example_dag_decorator to None, run_after=None
[2024-06-22T04:14:53.173+0000] {processor.py:183} INFO - Processing /home/airflow/.local/lib/python3.12/site-packages/airflow/example_dags/example_dag_decorator.py took 0.692 seconds
[2024-06-22T04:15:23.269+0000] {processor.py:161} INFO - Started process (PID=543) to work on /home/airflow/.local/lib/python3.12/site-packages/airflow/example_dags/example_dag_decorator.py
[2024-06-22T04:15:23.272+0000] {processor.py:830} INFO - Processing file /home/airflow/.local/lib/python3.12/site-packages/airflow/example_dags/example_dag_decorator.py for tasks to queue
[2024-06-22T04:15:23.276+0000] {logging_mixin.py:188} INFO - [2024-06-22T04:15:23.275+0000] {dagbag.py:540} INFO - Filling up the DagBag from /home/airflow/.local/lib/python3.12/site-packages/airflow/example_dags/example_dag_decorator.py
[2024-06-22T04:15:23.437+0000] {processor.py:840} INFO - DAG(s) 'example_dag_decorator' retrieved from /home/airflow/.local/lib/python3.12/site-packages/airflow/example_dags/example_dag_decorator.py
[2024-06-22T04:15:23.789+0000] {logging_mixin.py:188} INFO - [2024-06-22T04:15:23.789+0000] {dag.py:3096} INFO - Sync 1 DAGs
[2024-06-22T04:15:23.824+0000] {logging_mixin.py:188} INFO - [2024-06-22T04:15:23.823+0000] {dag.py:3954} INFO - Setting next_dagrun for example_dag_decorator to None, run_after=None
[2024-06-22T04:15:23.880+0000] {processor.py:183} INFO - Processing /home/airflow/.local/lib/python3.12/site-packages/airflow/example_dags/example_dag_decorator.py took 0.620 seconds
[2024-06-22T04:15:53.986+0000] {processor.py:161} INFO - Started process (PID=604) to work on /home/airflow/.local/lib/python3.12/site-packages/airflow/example_dags/example_dag_decorator.py
[2024-06-22T04:15:53.987+0000] {processor.py:830} INFO - Processing file /home/airflow/.local/lib/python3.12/site-packages/airflow/example_dags/example_dag_decorator.py for tasks to queue
[2024-06-22T04:15:53.991+0000] {logging_mixin.py:188} INFO - [2024-06-22T04:15:53.990+0000] {dagbag.py:540} INFO - Filling up the DagBag from /home/airflow/.local/lib/python3.12/site-packages/airflow/example_dags/example_dag_decorator.py
[2024-06-22T04:15:54.204+0000] {processor.py:840} INFO - DAG(s) 'example_dag_decorator' retrieved from /home/airflow/.local/lib/python3.12/site-packages/airflow/example_dags/example_dag_decorator.py
[2024-06-22T04:15:54.584+0000] {logging_mixin.py:188} INFO - [2024-06-22T04:15:54.584+0000] {dag.py:3096} INFO - Sync 1 DAGs
[2024-06-22T04:15:54.598+0000] {logging_mixin.py:188} INFO - [2024-06-22T04:15:54.598+0000] {dag.py:3954} INFO - Setting next_dagrun for example_dag_decorator to None, run_after=None
[2024-06-22T04:15:54.621+0000] {processor.py:183} INFO - Processing /home/airflow/.local/lib/python3.12/site-packages/airflow/example_dags/example_dag_decorator.py took 0.649 seconds
[2024-06-22T04:16:24.766+0000] {processor.py:161} INFO - Started process (PID=672) to work on /home/airflow/.local/lib/python3.12/site-packages/airflow/example_dags/example_dag_decorator.py
[2024-06-22T04:16:24.769+0000] {processor.py:830} INFO - Processing file /home/airflow/.local/lib/python3.12/site-packages/airflow/example_dags/example_dag_decorator.py for tasks to queue
[2024-06-22T04:16:24.775+0000] {logging_mixin.py:188} INFO - [2024-06-22T04:16:24.775+0000] {dagbag.py:540} INFO - Filling up the DagBag from /home/airflow/.local/lib/python3.12/site-packages/airflow/example_dags/example_dag_decorator.py
[2024-06-22T04:16:24.956+0000] {processor.py:840} INFO - DAG(s) 'example_dag_decorator' retrieved from /home/airflow/.local/lib/python3.12/site-packages/airflow/example_dags/example_dag_decorator.py
[2024-06-22T04:16:25.337+0000] {logging_mixin.py:188} INFO - [2024-06-22T04:16:25.337+0000] {dag.py:3096} INFO - Sync 1 DAGs
[2024-06-22T04:16:25.351+0000] {logging_mixin.py:188} INFO - [2024-06-22T04:16:25.351+0000] {dag.py:3954} INFO - Setting next_dagrun for example_dag_decorator to None, run_after=None
[2024-06-22T04:16:25.380+0000] {processor.py:183} INFO - Processing /home/airflow/.local/lib/python3.12/site-packages/airflow/example_dags/example_dag_decorator.py took 0.630 seconds
[2024-06-22T04:16:55.644+0000] {processor.py:161} INFO - Started process (PID=735) to work on /home/airflow/.local/lib/python3.12/site-packages/airflow/example_dags/example_dag_decorator.py
[2024-06-22T04:16:55.650+0000] {processor.py:830} INFO - Processing file /home/airflow/.local/lib/python3.12/site-packages/airflow/example_dags/example_dag_decorator.py for tasks to queue
[2024-06-22T04:16:55.658+0000] {logging_mixin.py:188} INFO - [2024-06-22T04:16:55.658+0000] {dagbag.py:540} INFO - Filling up the DagBag from /home/airflow/.local/lib/python3.12/site-packages/airflow/example_dags/example_dag_decorator.py
[2024-06-22T04:16:56.029+0000] {processor.py:840} INFO - DAG(s) 'example_dag_decorator' retrieved from /home/airflow/.local/lib/python3.12/site-packages/airflow/example_dags/example_dag_decorator.py
[2024-06-22T04:16:56.082+0000] {logging_mixin.py:188} INFO - [2024-06-22T04:16:56.081+0000] {dag.py:3096} INFO - Sync 1 DAGs
[2024-06-22T04:16:56.101+0000] {logging_mixin.py:188} INFO - [2024-06-22T04:16:56.101+0000] {dag.py:3954} INFO - Setting next_dagrun for example_dag_decorator to None, run_after=None
[2024-06-22T04:16:56.131+0000] {processor.py:183} INFO - Processing /home/airflow/.local/lib/python3.12/site-packages/airflow/example_dags/example_dag_decorator.py took 0.499 seconds
[2024-06-22T04:17:26.443+0000] {processor.py:161} INFO - Started process (PID=791) to work on /home/airflow/.local/lib/python3.12/site-packages/airflow/example_dags/example_dag_decorator.py
[2024-06-22T04:17:26.449+0000] {processor.py:830} INFO - Processing file /home/airflow/.local/lib/python3.12/site-packages/airflow/example_dags/example_dag_decorator.py for tasks to queue
[2024-06-22T04:17:26.454+0000] {logging_mixin.py:188} INFO - [2024-06-22T04:17:26.454+0000] {dagbag.py:540} INFO - Filling up the DagBag from /home/airflow/.local/lib/python3.12/site-packages/airflow/example_dags/example_dag_decorator.py
[2024-06-22T04:17:26.834+0000] {processor.py:840} INFO - DAG(s) 'example_dag_decorator' retrieved from /home/airflow/.local/lib/python3.12/site-packages/airflow/example_dags/example_dag_decorator.py
[2024-06-22T04:17:27.371+0000] {logging_mixin.py:188} INFO - [2024-06-22T04:17:27.371+0000] {dag.py:3096} INFO - Sync 1 DAGs
[2024-06-22T04:17:27.385+0000] {logging_mixin.py:188} INFO - [2024-06-22T04:17:27.385+0000] {dag.py:3954} INFO - Setting next_dagrun for example_dag_decorator to None, run_after=None
[2024-06-22T04:17:27.441+0000] {processor.py:183} INFO - Processing /home/airflow/.local/lib/python3.12/site-packages/airflow/example_dags/example_dag_decorator.py took 1.031 seconds
[2024-06-22T06:20:07.140+0000] {processor.py:161} INFO - Started process (PID=861) to work on /home/airflow/.local/lib/python3.12/site-packages/airflow/example_dags/example_dag_decorator.py
[2024-06-22T06:20:07.327+0000] {processor.py:830} INFO - Processing file /home/airflow/.local/lib/python3.12/site-packages/airflow/example_dags/example_dag_decorator.py for tasks to queue
[2024-06-22T06:20:07.537+0000] {logging_mixin.py:188} INFO - [2024-06-22T06:20:07.445+0000] {dagbag.py:540} INFO - Filling up the DagBag from /home/airflow/.local/lib/python3.12/site-packages/airflow/example_dags/example_dag_decorator.py
[2024-06-22T06:20:20.890+0000] {processor.py:840} INFO - DAG(s) 'example_dag_decorator' retrieved from /home/airflow/.local/lib/python3.12/site-packages/airflow/example_dags/example_dag_decorator.py
[2024-06-22T06:20:26.785+0000] {logging_mixin.py:188} INFO - [2024-06-22T06:20:26.784+0000] {dag.py:3096} INFO - Sync 1 DAGs
[2024-06-22T06:20:27.209+0000] {logging_mixin.py:188} INFO - [2024-06-22T06:20:27.205+0000] {dag.py:3954} INFO - Setting next_dagrun for example_dag_decorator to None, run_after=None
[2024-06-22T06:20:27.812+0000] {processor.py:183} INFO - Processing /home/airflow/.local/lib/python3.12/site-packages/airflow/example_dags/example_dag_decorator.py took 21.397 seconds
[2024-06-22T06:23:11.132+0000] {processor.py:161} INFO - Started process (PID=952) to work on /home/airflow/.local/lib/python3.12/site-packages/airflow/example_dags/example_dag_decorator.py
[2024-06-22T06:23:11.172+0000] {processor.py:830} INFO - Processing file /home/airflow/.local/lib/python3.12/site-packages/airflow/example_dags/example_dag_decorator.py for tasks to queue
[2024-06-22T06:23:11.210+0000] {logging_mixin.py:188} INFO - [2024-06-22T06:23:11.207+0000] {dagbag.py:540} INFO - Filling up the DagBag from /home/airflow/.local/lib/python3.12/site-packages/airflow/example_dags/example_dag_decorator.py
[2024-06-22T06:23:19.654+0000] {processor.py:840} INFO - DAG(s) 'example_dag_decorator' retrieved from /home/airflow/.local/lib/python3.12/site-packages/airflow/example_dags/example_dag_decorator.py
[2024-06-22T06:23:30.817+0000] {logging_mixin.py:188} INFO - [2024-06-22T06:23:30.800+0000] {dag.py:3096} INFO - Sync 1 DAGs
[2024-06-22T06:23:31.699+0000] {logging_mixin.py:188} INFO - [2024-06-22T06:23:31.681+0000] {dag.py:3954} INFO - Setting next_dagrun for example_dag_decorator to None, run_after=None
[2024-06-22T06:23:33.518+0000] {processor.py:183} INFO - Processing /home/airflow/.local/lib/python3.12/site-packages/airflow/example_dags/example_dag_decorator.py took 22.754 seconds
[2024-06-22T06:57:57.712+0000] {processor.py:161} INFO - Started process (PID=1082) to work on /home/airflow/.local/lib/python3.12/site-packages/airflow/example_dags/example_dag_decorator.py
[2024-06-22T06:57:57.813+0000] {processor.py:830} INFO - Processing file /home/airflow/.local/lib/python3.12/site-packages/airflow/example_dags/example_dag_decorator.py for tasks to queue
[2024-06-22T06:57:57.918+0000] {logging_mixin.py:188} INFO - [2024-06-22T06:57:57.842+0000] {dagbag.py:540} INFO - Filling up the DagBag from /home/airflow/.local/lib/python3.12/site-packages/airflow/example_dags/example_dag_decorator.py
[2024-06-22T06:58:03.388+0000] {processor.py:840} INFO - DAG(s) 'example_dag_decorator' retrieved from /home/airflow/.local/lib/python3.12/site-packages/airflow/example_dags/example_dag_decorator.py
[2024-06-22T06:58:08.482+0000] {logging_mixin.py:188} INFO - [2024-06-22T06:58:08.481+0000] {dag.py:3096} INFO - Sync 1 DAGs
[2024-06-22T06:58:08.541+0000] {logging_mixin.py:188} INFO - [2024-06-22T06:58:08.541+0000] {dag.py:3954} INFO - Setting next_dagrun for example_dag_decorator to None, run_after=None
[2024-06-22T06:58:09.794+0000] {processor.py:183} INFO - Processing /home/airflow/.local/lib/python3.12/site-packages/airflow/example_dags/example_dag_decorator.py took 13.060 seconds
[2024-06-22T07:31:50.957+0000] {processor.py:161} INFO - Started process (PID=1177) to work on /home/airflow/.local/lib/python3.12/site-packages/airflow/example_dags/example_dag_decorator.py
[2024-06-22T07:31:50.996+0000] {processor.py:830} INFO - Processing file /home/airflow/.local/lib/python3.12/site-packages/airflow/example_dags/example_dag_decorator.py for tasks to queue
[2024-06-22T07:31:51.044+0000] {logging_mixin.py:188} INFO - [2024-06-22T07:31:51.033+0000] {dagbag.py:540} INFO - Filling up the DagBag from /home/airflow/.local/lib/python3.12/site-packages/airflow/example_dags/example_dag_decorator.py
[2024-06-22T07:31:54.892+0000] {processor.py:840} INFO - DAG(s) 'example_dag_decorator' retrieved from /home/airflow/.local/lib/python3.12/site-packages/airflow/example_dags/example_dag_decorator.py
[2024-06-22T07:32:00.114+0000] {logging_mixin.py:188} INFO - [2024-06-22T07:32:00.112+0000] {dag.py:3096} INFO - Sync 1 DAGs
[2024-06-22T07:32:01.069+0000] {logging_mixin.py:188} INFO - [2024-06-22T07:32:01.051+0000] {dag.py:3954} INFO - Setting next_dagrun for example_dag_decorator to None, run_after=None
[2024-06-22T07:32:02.094+0000] {processor.py:183} INFO - Processing /home/airflow/.local/lib/python3.12/site-packages/airflow/example_dags/example_dag_decorator.py took 11.331 seconds
[2024-06-22T07:49:41.184+0000] {processor.py:161} INFO - Started process (PID=1284) to work on /home/airflow/.local/lib/python3.12/site-packages/airflow/example_dags/example_dag_decorator.py
[2024-06-22T07:49:41.244+0000] {processor.py:830} INFO - Processing file /home/airflow/.local/lib/python3.12/site-packages/airflow/example_dags/example_dag_decorator.py for tasks to queue
[2024-06-22T07:49:41.260+0000] {logging_mixin.py:188} INFO - [2024-06-22T07:49:41.257+0000] {dagbag.py:540} INFO - Filling up the DagBag from /home/airflow/.local/lib/python3.12/site-packages/airflow/example_dags/example_dag_decorator.py
[2024-06-22T07:49:46.497+0000] {processor.py:840} INFO - DAG(s) 'example_dag_decorator' retrieved from /home/airflow/.local/lib/python3.12/site-packages/airflow/example_dags/example_dag_decorator.py
[2024-06-22T07:49:51.003+0000] {logging_mixin.py:188} INFO - [2024-06-22T07:49:50.983+0000] {dag.py:3096} INFO - Sync 1 DAGs
[2024-06-22T07:49:51.276+0000] {logging_mixin.py:188} INFO - [2024-06-22T07:49:51.273+0000] {dag.py:3954} INFO - Setting next_dagrun for example_dag_decorator to None, run_after=None
[2024-06-22T07:49:52.277+0000] {processor.py:183} INFO - Processing /home/airflow/.local/lib/python3.12/site-packages/airflow/example_dags/example_dag_decorator.py took 11.586 seconds
[2024-06-22T07:52:15.898+0000] {processor.py:161} INFO - Started process (PID=1387) to work on /home/airflow/.local/lib/python3.12/site-packages/airflow/example_dags/example_dag_decorator.py
[2024-06-22T07:52:15.940+0000] {processor.py:830} INFO - Processing file /home/airflow/.local/lib/python3.12/site-packages/airflow/example_dags/example_dag_decorator.py for tasks to queue
[2024-06-22T07:52:15.994+0000] {logging_mixin.py:188} INFO - [2024-06-22T07:52:15.992+0000] {dagbag.py:540} INFO - Filling up the DagBag from /home/airflow/.local/lib/python3.12/site-packages/airflow/example_dags/example_dag_decorator.py
[2024-06-22T07:52:18.404+0000] {processor.py:840} INFO - DAG(s) 'example_dag_decorator' retrieved from /home/airflow/.local/lib/python3.12/site-packages/airflow/example_dags/example_dag_decorator.py
[2024-06-22T07:52:22.303+0000] {logging_mixin.py:188} INFO - [2024-06-22T07:52:22.301+0000] {dag.py:3096} INFO - Sync 1 DAGs
[2024-06-22T07:52:22.622+0000] {logging_mixin.py:188} INFO - [2024-06-22T07:52:22.602+0000] {dag.py:3954} INFO - Setting next_dagrun for example_dag_decorator to None, run_after=None
[2024-06-22T07:52:23.014+0000] {processor.py:183} INFO - Processing /home/airflow/.local/lib/python3.12/site-packages/airflow/example_dags/example_dag_decorator.py took 7.250 seconds
[2024-06-22T07:54:21.634+0000] {processor.py:161} INFO - Started process (PID=1481) to work on /home/airflow/.local/lib/python3.12/site-packages/airflow/example_dags/example_dag_decorator.py
[2024-06-22T07:54:21.676+0000] {processor.py:830} INFO - Processing file /home/airflow/.local/lib/python3.12/site-packages/airflow/example_dags/example_dag_decorator.py for tasks to queue
[2024-06-22T07:54:21.726+0000] {logging_mixin.py:188} INFO - [2024-06-22T07:54:21.703+0000] {dagbag.py:540} INFO - Filling up the DagBag from /home/airflow/.local/lib/python3.12/site-packages/airflow/example_dags/example_dag_decorator.py
[2024-06-22T07:54:26.020+0000] {processor.py:840} INFO - DAG(s) 'example_dag_decorator' retrieved from /home/airflow/.local/lib/python3.12/site-packages/airflow/example_dags/example_dag_decorator.py
[2024-06-22T07:54:29.550+0000] {logging_mixin.py:188} INFO - [2024-06-22T07:54:29.548+0000] {dag.py:3096} INFO - Sync 1 DAGs
[2024-06-22T07:54:29.953+0000] {logging_mixin.py:188} INFO - [2024-06-22T07:54:29.952+0000] {dag.py:3954} INFO - Setting next_dagrun for example_dag_decorator to None, run_after=None
[2024-06-22T07:54:30.571+0000] {processor.py:183} INFO - Processing /home/airflow/.local/lib/python3.12/site-packages/airflow/example_dags/example_dag_decorator.py took 9.448 seconds
[2024-06-22T07:56:40.890+0000] {processor.py:161} INFO - Started process (PID=1574) to work on /home/airflow/.local/lib/python3.12/site-packages/airflow/example_dags/example_dag_decorator.py
[2024-06-22T07:56:40.912+0000] {processor.py:830} INFO - Processing file /home/airflow/.local/lib/python3.12/site-packages/airflow/example_dags/example_dag_decorator.py for tasks to queue
[2024-06-22T07:56:40.926+0000] {logging_mixin.py:188} INFO - [2024-06-22T07:56:40.923+0000] {dagbag.py:540} INFO - Filling up the DagBag from /home/airflow/.local/lib/python3.12/site-packages/airflow/example_dags/example_dag_decorator.py
[2024-06-22T07:56:46.216+0000] {processor.py:840} INFO - DAG(s) 'example_dag_decorator' retrieved from /home/airflow/.local/lib/python3.12/site-packages/airflow/example_dags/example_dag_decorator.py
[2024-06-22T07:56:52.871+0000] {logging_mixin.py:188} INFO - [2024-06-22T07:56:52.869+0000] {dag.py:3096} INFO - Sync 1 DAGs
[2024-06-22T07:56:53.326+0000] {logging_mixin.py:188} INFO - [2024-06-22T07:56:53.324+0000] {dag.py:3954} INFO - Setting next_dagrun for example_dag_decorator to None, run_after=None
[2024-06-22T07:56:53.874+0000] {processor.py:183} INFO - Processing /home/airflow/.local/lib/python3.12/site-packages/airflow/example_dags/example_dag_decorator.py took 13.242 seconds
[2024-06-22T08:28:50.556+0000] {processor.py:161} INFO - Started process (PID=1686) to work on /home/airflow/.local/lib/python3.12/site-packages/airflow/example_dags/example_dag_decorator.py
[2024-06-22T08:28:50.591+0000] {processor.py:830} INFO - Processing file /home/airflow/.local/lib/python3.12/site-packages/airflow/example_dags/example_dag_decorator.py for tasks to queue
[2024-06-22T08:28:50.618+0000] {logging_mixin.py:188} INFO - [2024-06-22T08:28:50.615+0000] {dagbag.py:540} INFO - Filling up the DagBag from /home/airflow/.local/lib/python3.12/site-packages/airflow/example_dags/example_dag_decorator.py
[2024-06-22T08:28:55.743+0000] {processor.py:840} INFO - DAG(s) 'example_dag_decorator' retrieved from /home/airflow/.local/lib/python3.12/site-packages/airflow/example_dags/example_dag_decorator.py
[2024-06-22T08:29:00.201+0000] {logging_mixin.py:188} INFO - [2024-06-22T08:29:00.200+0000] {dag.py:3096} INFO - Sync 1 DAGs
[2024-06-22T08:29:00.441+0000] {logging_mixin.py:188} INFO - [2024-06-22T08:29:00.440+0000] {dag.py:3954} INFO - Setting next_dagrun for example_dag_decorator to None, run_after=None
[2024-06-22T08:29:00.818+0000] {processor.py:183} INFO - Processing /home/airflow/.local/lib/python3.12/site-packages/airflow/example_dags/example_dag_decorator.py took 10.609 seconds
[2024-06-22T08:31:18.492+0000] {processor.py:161} INFO - Started process (PID=1787) to work on /home/airflow/.local/lib/python3.12/site-packages/airflow/example_dags/example_dag_decorator.py
[2024-06-22T08:31:18.534+0000] {processor.py:830} INFO - Processing file /home/airflow/.local/lib/python3.12/site-packages/airflow/example_dags/example_dag_decorator.py for tasks to queue
[2024-06-22T08:31:18.569+0000] {logging_mixin.py:188} INFO - [2024-06-22T08:31:18.553+0000] {dagbag.py:540} INFO - Filling up the DagBag from /home/airflow/.local/lib/python3.12/site-packages/airflow/example_dags/example_dag_decorator.py
[2024-06-22T08:31:22.256+0000] {processor.py:840} INFO - DAG(s) 'example_dag_decorator' retrieved from /home/airflow/.local/lib/python3.12/site-packages/airflow/example_dags/example_dag_decorator.py
[2024-06-22T08:31:26.522+0000] {logging_mixin.py:188} INFO - [2024-06-22T08:31:26.507+0000] {dag.py:3096} INFO - Sync 1 DAGs
[2024-06-22T08:31:26.784+0000] {logging_mixin.py:188} INFO - [2024-06-22T08:31:26.782+0000] {dag.py:3954} INFO - Setting next_dagrun for example_dag_decorator to None, run_after=None
[2024-06-22T08:31:27.177+0000] {processor.py:183} INFO - Processing /home/airflow/.local/lib/python3.12/site-packages/airflow/example_dags/example_dag_decorator.py took 8.791 seconds
[2024-06-22T08:33:40.091+0000] {processor.py:161} INFO - Started process (PID=1881) to work on /home/airflow/.local/lib/python3.12/site-packages/airflow/example_dags/example_dag_decorator.py
[2024-06-22T08:33:40.136+0000] {processor.py:830} INFO - Processing file /home/airflow/.local/lib/python3.12/site-packages/airflow/example_dags/example_dag_decorator.py for tasks to queue
[2024-06-22T08:33:40.156+0000] {logging_mixin.py:188} INFO - [2024-06-22T08:33:40.153+0000] {dagbag.py:540} INFO - Filling up the DagBag from /home/airflow/.local/lib/python3.12/site-packages/airflow/example_dags/example_dag_decorator.py
[2024-06-22T08:33:44.886+0000] {processor.py:840} INFO - DAG(s) 'example_dag_decorator' retrieved from /home/airflow/.local/lib/python3.12/site-packages/airflow/example_dags/example_dag_decorator.py
[2024-06-22T08:33:48.786+0000] {logging_mixin.py:188} INFO - [2024-06-22T08:33:48.782+0000] {dag.py:3096} INFO - Sync 1 DAGs
[2024-06-22T08:33:49.215+0000] {logging_mixin.py:188} INFO - [2024-06-22T08:33:49.214+0000] {dag.py:3954} INFO - Setting next_dagrun for example_dag_decorator to None, run_after=None
[2024-06-22T08:33:49.679+0000] {processor.py:183} INFO - Processing /home/airflow/.local/lib/python3.12/site-packages/airflow/example_dags/example_dag_decorator.py took 10.032 seconds
[2024-06-22T09:13:00.716+0000] {processor.py:161} INFO - Started process (PID=2007) to work on /home/airflow/.local/lib/python3.12/site-packages/airflow/example_dags/example_dag_decorator.py
[2024-06-22T09:13:00.725+0000] {processor.py:830} INFO - Processing file /home/airflow/.local/lib/python3.12/site-packages/airflow/example_dags/example_dag_decorator.py for tasks to queue
[2024-06-22T09:13:00.731+0000] {logging_mixin.py:188} INFO - [2024-06-22T09:13:00.730+0000] {dagbag.py:540} INFO - Filling up the DagBag from /home/airflow/.local/lib/python3.12/site-packages/airflow/example_dags/example_dag_decorator.py
[2024-06-22T09:13:01.539+0000] {processor.py:840} INFO - DAG(s) 'example_dag_decorator' retrieved from /home/airflow/.local/lib/python3.12/site-packages/airflow/example_dags/example_dag_decorator.py
[2024-06-22T09:13:02.664+0000] {logging_mixin.py:188} INFO - [2024-06-22T09:13:02.663+0000] {dag.py:3096} INFO - Sync 1 DAGs
[2024-06-22T09:13:02.815+0000] {logging_mixin.py:188} INFO - [2024-06-22T09:13:02.815+0000] {dag.py:3954} INFO - Setting next_dagrun for example_dag_decorator to None, run_after=None
[2024-06-22T09:13:03.022+0000] {processor.py:183} INFO - Processing /home/airflow/.local/lib/python3.12/site-packages/airflow/example_dags/example_dag_decorator.py took 2.365 seconds
[2024-06-22T10:43:21.194+0000] {processor.py:161} INFO - Started process (PID=2070) to work on /home/airflow/.local/lib/python3.12/site-packages/airflow/example_dags/example_dag_decorator.py
[2024-06-22T10:43:21.226+0000] {processor.py:830} INFO - Processing file /home/airflow/.local/lib/python3.12/site-packages/airflow/example_dags/example_dag_decorator.py for tasks to queue
[2024-06-22T10:43:21.244+0000] {logging_mixin.py:188} INFO - [2024-06-22T10:43:21.242+0000] {dagbag.py:540} INFO - Filling up the DagBag from /home/airflow/.local/lib/python3.12/site-packages/airflow/example_dags/example_dag_decorator.py
[2024-06-22T10:43:26.329+0000] {processor.py:840} INFO - DAG(s) 'example_dag_decorator' retrieved from /home/airflow/.local/lib/python3.12/site-packages/airflow/example_dags/example_dag_decorator.py
[2024-06-22T10:43:33.196+0000] {logging_mixin.py:188} INFO - [2024-06-22T10:43:33.138+0000] {dag.py:3096} INFO - Sync 1 DAGs
[2024-06-22T10:43:34.561+0000] {logging_mixin.py:188} INFO - [2024-06-22T10:43:34.546+0000] {dag.py:3954} INFO - Setting next_dagrun for example_dag_decorator to None, run_after=None
[2024-06-22T10:43:36.386+0000] {processor.py:183} INFO - Processing /home/airflow/.local/lib/python3.12/site-packages/airflow/example_dags/example_dag_decorator.py took 15.306 seconds
[2024-06-22T11:02:42.817+0000] {processor.py:161} INFO - Started process (PID=2153) to work on /home/airflow/.local/lib/python3.12/site-packages/airflow/example_dags/example_dag_decorator.py
[2024-06-22T11:02:42.820+0000] {processor.py:830} INFO - Processing file /home/airflow/.local/lib/python3.12/site-packages/airflow/example_dags/example_dag_decorator.py for tasks to queue
[2024-06-22T11:02:42.827+0000] {logging_mixin.py:188} INFO - [2024-06-22T11:02:42.823+0000] {dagbag.py:540} INFO - Filling up the DagBag from /home/airflow/.local/lib/python3.12/site-packages/airflow/example_dags/example_dag_decorator.py
[2024-06-22T11:02:44.064+0000] {processor.py:840} INFO - DAG(s) 'example_dag_decorator' retrieved from /home/airflow/.local/lib/python3.12/site-packages/airflow/example_dags/example_dag_decorator.py
[2024-06-22T11:05:26.399+0000] {processor.py:161} INFO - Started process (PID=68) to work on /home/airflow/.local/lib/python3.12/site-packages/airflow/example_dags/example_dag_decorator.py
[2024-06-22T11:05:26.404+0000] {processor.py:830} INFO - Processing file /home/airflow/.local/lib/python3.12/site-packages/airflow/example_dags/example_dag_decorator.py for tasks to queue
[2024-06-22T11:05:26.416+0000] {logging_mixin.py:188} INFO - [2024-06-22T11:05:26.415+0000] {dagbag.py:540} INFO - Filling up the DagBag from /home/airflow/.local/lib/python3.12/site-packages/airflow/example_dags/example_dag_decorator.py
[2024-06-22T11:05:28.524+0000] {processor.py:840} INFO - DAG(s) 'example_dag_decorator' retrieved from /home/airflow/.local/lib/python3.12/site-packages/airflow/example_dags/example_dag_decorator.py
[2024-06-22T11:05:29.313+0000] {logging_mixin.py:188} INFO - [2024-06-22T11:05:29.313+0000] {dag.py:3096} INFO - Sync 1 DAGs
[2024-06-22T11:05:29.393+0000] {logging_mixin.py:188} INFO - [2024-06-22T11:05:29.393+0000] {dag.py:3954} INFO - Setting next_dagrun for example_dag_decorator to None, run_after=None
[2024-06-22T11:05:29.501+0000] {processor.py:183} INFO - Processing /home/airflow/.local/lib/python3.12/site-packages/airflow/example_dags/example_dag_decorator.py took 3.142 seconds
[2024-06-22T11:05:59.770+0000] {processor.py:161} INFO - Started process (PID=129) to work on /home/airflow/.local/lib/python3.12/site-packages/airflow/example_dags/example_dag_decorator.py
[2024-06-22T11:05:59.776+0000] {processor.py:830} INFO - Processing file /home/airflow/.local/lib/python3.12/site-packages/airflow/example_dags/example_dag_decorator.py for tasks to queue
[2024-06-22T11:05:59.797+0000] {logging_mixin.py:188} INFO - [2024-06-22T11:05:59.796+0000] {dagbag.py:540} INFO - Filling up the DagBag from /home/airflow/.local/lib/python3.12/site-packages/airflow/example_dags/example_dag_decorator.py
[2024-06-22T11:06:00.424+0000] {processor.py:840} INFO - DAG(s) 'example_dag_decorator' retrieved from /home/airflow/.local/lib/python3.12/site-packages/airflow/example_dags/example_dag_decorator.py
[2024-06-22T11:06:00.849+0000] {logging_mixin.py:188} INFO - [2024-06-22T11:06:00.846+0000] {dag.py:3096} INFO - Sync 1 DAGs
[2024-06-22T11:06:00.887+0000] {logging_mixin.py:188} INFO - [2024-06-22T11:06:00.886+0000] {dag.py:3954} INFO - Setting next_dagrun for example_dag_decorator to None, run_after=None
[2024-06-22T11:06:00.950+0000] {processor.py:183} INFO - Processing /home/airflow/.local/lib/python3.12/site-packages/airflow/example_dags/example_dag_decorator.py took 1.194 seconds
[2024-06-22T11:06:31.064+0000] {processor.py:161} INFO - Started process (PID=191) to work on /home/airflow/.local/lib/python3.12/site-packages/airflow/example_dags/example_dag_decorator.py
[2024-06-22T11:06:31.069+0000] {processor.py:830} INFO - Processing file /home/airflow/.local/lib/python3.12/site-packages/airflow/example_dags/example_dag_decorator.py for tasks to queue
[2024-06-22T11:06:31.077+0000] {logging_mixin.py:188} INFO - [2024-06-22T11:06:31.076+0000] {dagbag.py:540} INFO - Filling up the DagBag from /home/airflow/.local/lib/python3.12/site-packages/airflow/example_dags/example_dag_decorator.py
[2024-06-22T11:06:31.239+0000] {processor.py:840} INFO - DAG(s) 'example_dag_decorator' retrieved from /home/airflow/.local/lib/python3.12/site-packages/airflow/example_dags/example_dag_decorator.py
[2024-06-22T11:06:31.568+0000] {logging_mixin.py:188} INFO - [2024-06-22T11:06:31.567+0000] {dag.py:3096} INFO - Sync 1 DAGs
[2024-06-22T11:06:31.952+0000] {logging_mixin.py:188} INFO - [2024-06-22T11:06:31.952+0000] {dag.py:3954} INFO - Setting next_dagrun for example_dag_decorator to None, run_after=None
[2024-06-22T11:06:32.025+0000] {processor.py:183} INFO - Processing /home/airflow/.local/lib/python3.12/site-packages/airflow/example_dags/example_dag_decorator.py took 0.975 seconds
[2024-06-22T11:07:02.860+0000] {processor.py:161} INFO - Started process (PID=250) to work on /home/airflow/.local/lib/python3.12/site-packages/airflow/example_dags/example_dag_decorator.py
[2024-06-22T11:07:02.863+0000] {processor.py:830} INFO - Processing file /home/airflow/.local/lib/python3.12/site-packages/airflow/example_dags/example_dag_decorator.py for tasks to queue
[2024-06-22T11:07:02.867+0000] {logging_mixin.py:188} INFO - [2024-06-22T11:07:02.867+0000] {dagbag.py:540} INFO - Filling up the DagBag from /home/airflow/.local/lib/python3.12/site-packages/airflow/example_dags/example_dag_decorator.py
[2024-06-22T11:07:03.025+0000] {processor.py:840} INFO - DAG(s) 'example_dag_decorator' retrieved from /home/airflow/.local/lib/python3.12/site-packages/airflow/example_dags/example_dag_decorator.py
[2024-06-22T11:07:03.413+0000] {logging_mixin.py:188} INFO - [2024-06-22T11:07:03.412+0000] {dag.py:3096} INFO - Sync 1 DAGs
[2024-06-22T11:07:03.429+0000] {logging_mixin.py:188} INFO - [2024-06-22T11:07:03.429+0000] {dag.py:3954} INFO - Setting next_dagrun for example_dag_decorator to None, run_after=None
[2024-06-22T11:07:03.462+0000] {processor.py:183} INFO - Processing /home/airflow/.local/lib/python3.12/site-packages/airflow/example_dags/example_dag_decorator.py took 0.620 seconds
[2024-06-22T11:07:33.768+0000] {processor.py:161} INFO - Started process (PID=309) to work on /home/airflow/.local/lib/python3.12/site-packages/airflow/example_dags/example_dag_decorator.py
[2024-06-22T11:07:33.771+0000] {processor.py:830} INFO - Processing file /home/airflow/.local/lib/python3.12/site-packages/airflow/example_dags/example_dag_decorator.py for tasks to queue
[2024-06-22T11:07:33.775+0000] {logging_mixin.py:188} INFO - [2024-06-22T11:07:33.774+0000] {dagbag.py:540} INFO - Filling up the DagBag from /home/airflow/.local/lib/python3.12/site-packages/airflow/example_dags/example_dag_decorator.py
[2024-06-22T11:07:33.936+0000] {processor.py:840} INFO - DAG(s) 'example_dag_decorator' retrieved from /home/airflow/.local/lib/python3.12/site-packages/airflow/example_dags/example_dag_decorator.py
[2024-06-22T11:07:34.429+0000] {logging_mixin.py:188} INFO - [2024-06-22T11:07:34.428+0000] {dag.py:3096} INFO - Sync 1 DAGs
[2024-06-22T11:07:34.451+0000] {logging_mixin.py:188} INFO - [2024-06-22T11:07:34.450+0000] {dag.py:3954} INFO - Setting next_dagrun for example_dag_decorator to None, run_after=None
[2024-06-22T11:07:34.487+0000] {processor.py:183} INFO - Processing /home/airflow/.local/lib/python3.12/site-packages/airflow/example_dags/example_dag_decorator.py took 0.729 seconds
[2024-06-22T11:08:04.707+0000] {processor.py:161} INFO - Started process (PID=368) to work on /home/airflow/.local/lib/python3.12/site-packages/airflow/example_dags/example_dag_decorator.py
[2024-06-22T11:08:04.710+0000] {processor.py:830} INFO - Processing file /home/airflow/.local/lib/python3.12/site-packages/airflow/example_dags/example_dag_decorator.py for tasks to queue
[2024-06-22T11:08:04.719+0000] {logging_mixin.py:188} INFO - [2024-06-22T11:08:04.718+0000] {dagbag.py:540} INFO - Filling up the DagBag from /home/airflow/.local/lib/python3.12/site-packages/airflow/example_dags/example_dag_decorator.py
[2024-06-22T11:08:04.922+0000] {processor.py:840} INFO - DAG(s) 'example_dag_decorator' retrieved from /home/airflow/.local/lib/python3.12/site-packages/airflow/example_dags/example_dag_decorator.py
[2024-06-22T11:08:05.251+0000] {logging_mixin.py:188} INFO - [2024-06-22T11:08:05.250+0000] {dag.py:3096} INFO - Sync 1 DAGs
[2024-06-22T11:08:05.267+0000] {logging_mixin.py:188} INFO - [2024-06-22T11:08:05.266+0000] {dag.py:3954} INFO - Setting next_dagrun for example_dag_decorator to None, run_after=None
[2024-06-22T11:08:05.294+0000] {processor.py:183} INFO - Processing /home/airflow/.local/lib/python3.12/site-packages/airflow/example_dags/example_dag_decorator.py took 0.646 seconds
[2024-06-22T11:08:35.904+0000] {processor.py:161} INFO - Started process (PID=428) to work on /home/airflow/.local/lib/python3.12/site-packages/airflow/example_dags/example_dag_decorator.py
[2024-06-22T11:08:35.907+0000] {processor.py:830} INFO - Processing file /home/airflow/.local/lib/python3.12/site-packages/airflow/example_dags/example_dag_decorator.py for tasks to queue
[2024-06-22T11:08:35.913+0000] {logging_mixin.py:188} INFO - [2024-06-22T11:08:35.911+0000] {dagbag.py:540} INFO - Filling up the DagBag from /home/airflow/.local/lib/python3.12/site-packages/airflow/example_dags/example_dag_decorator.py
[2024-06-22T11:08:36.074+0000] {processor.py:840} INFO - DAG(s) 'example_dag_decorator' retrieved from /home/airflow/.local/lib/python3.12/site-packages/airflow/example_dags/example_dag_decorator.py
[2024-06-22T11:08:36.679+0000] {logging_mixin.py:188} INFO - [2024-06-22T11:08:36.677+0000] {dag.py:3096} INFO - Sync 1 DAGs
[2024-06-22T11:08:36.724+0000] {logging_mixin.py:188} INFO - [2024-06-22T11:08:36.723+0000] {dag.py:3954} INFO - Setting next_dagrun for example_dag_decorator to None, run_after=None
[2024-06-22T11:08:36.782+0000] {processor.py:183} INFO - Processing /home/airflow/.local/lib/python3.12/site-packages/airflow/example_dags/example_dag_decorator.py took 0.892 seconds
[2024-06-22T11:09:07.192+0000] {processor.py:161} INFO - Started process (PID=486) to work on /home/airflow/.local/lib/python3.12/site-packages/airflow/example_dags/example_dag_decorator.py
[2024-06-22T11:09:07.203+0000] {processor.py:830} INFO - Processing file /home/airflow/.local/lib/python3.12/site-packages/airflow/example_dags/example_dag_decorator.py for tasks to queue
[2024-06-22T11:09:07.234+0000] {logging_mixin.py:188} INFO - [2024-06-22T11:09:07.230+0000] {dagbag.py:540} INFO - Filling up the DagBag from /home/airflow/.local/lib/python3.12/site-packages/airflow/example_dags/example_dag_decorator.py
[2024-06-22T11:09:07.983+0000] {processor.py:840} INFO - DAG(s) 'example_dag_decorator' retrieved from /home/airflow/.local/lib/python3.12/site-packages/airflow/example_dags/example_dag_decorator.py
[2024-06-22T11:09:09.274+0000] {logging_mixin.py:188} INFO - [2024-06-22T11:09:09.273+0000] {dag.py:3096} INFO - Sync 1 DAGs
[2024-06-22T11:09:09.351+0000] {logging_mixin.py:188} INFO - [2024-06-22T11:09:09.350+0000] {dag.py:3954} INFO - Setting next_dagrun for example_dag_decorator to None, run_after=None
[2024-06-22T11:09:09.459+0000] {processor.py:183} INFO - Processing /home/airflow/.local/lib/python3.12/site-packages/airflow/example_dags/example_dag_decorator.py took 2.301 seconds
[2024-06-22T11:09:39.657+0000] {processor.py:161} INFO - Started process (PID=546) to work on /home/airflow/.local/lib/python3.12/site-packages/airflow/example_dags/example_dag_decorator.py
[2024-06-22T11:09:39.660+0000] {processor.py:830} INFO - Processing file /home/airflow/.local/lib/python3.12/site-packages/airflow/example_dags/example_dag_decorator.py for tasks to queue
[2024-06-22T11:09:39.666+0000] {logging_mixin.py:188} INFO - [2024-06-22T11:09:39.664+0000] {dagbag.py:540} INFO - Filling up the DagBag from /home/airflow/.local/lib/python3.12/site-packages/airflow/example_dags/example_dag_decorator.py
[2024-06-22T11:09:40.042+0000] {processor.py:840} INFO - DAG(s) 'example_dag_decorator' retrieved from /home/airflow/.local/lib/python3.12/site-packages/airflow/example_dags/example_dag_decorator.py
[2024-06-22T11:09:40.210+0000] {logging_mixin.py:188} INFO - [2024-06-22T11:09:40.209+0000] {dag.py:3096} INFO - Sync 1 DAGs
[2024-06-22T11:09:40.224+0000] {logging_mixin.py:188} INFO - [2024-06-22T11:09:40.224+0000] {dag.py:3954} INFO - Setting next_dagrun for example_dag_decorator to None, run_after=None
[2024-06-22T11:09:40.250+0000] {processor.py:183} INFO - Processing /home/airflow/.local/lib/python3.12/site-packages/airflow/example_dags/example_dag_decorator.py took 0.607 seconds
[2024-06-22T11:10:10.870+0000] {processor.py:161} INFO - Started process (PID=607) to work on /home/airflow/.local/lib/python3.12/site-packages/airflow/example_dags/example_dag_decorator.py
[2024-06-22T11:10:10.873+0000] {processor.py:830} INFO - Processing file /home/airflow/.local/lib/python3.12/site-packages/airflow/example_dags/example_dag_decorator.py for tasks to queue
[2024-06-22T11:10:10.882+0000] {logging_mixin.py:188} INFO - [2024-06-22T11:10:10.880+0000] {dagbag.py:540} INFO - Filling up the DagBag from /home/airflow/.local/lib/python3.12/site-packages/airflow/example_dags/example_dag_decorator.py
[2024-06-22T11:10:11.317+0000] {processor.py:840} INFO - DAG(s) 'example_dag_decorator' retrieved from /home/airflow/.local/lib/python3.12/site-packages/airflow/example_dags/example_dag_decorator.py
[2024-06-22T11:10:11.525+0000] {logging_mixin.py:188} INFO - [2024-06-22T11:10:11.524+0000] {dag.py:3096} INFO - Sync 1 DAGs
[2024-06-22T11:10:11.541+0000] {logging_mixin.py:188} INFO - [2024-06-22T11:10:11.541+0000] {dag.py:3954} INFO - Setting next_dagrun for example_dag_decorator to None, run_after=None
[2024-06-22T11:10:11.581+0000] {processor.py:183} INFO - Processing /home/airflow/.local/lib/python3.12/site-packages/airflow/example_dags/example_dag_decorator.py took 0.735 seconds
[2024-06-22T11:10:41.926+0000] {processor.py:161} INFO - Started process (PID=668) to work on /home/airflow/.local/lib/python3.12/site-packages/airflow/example_dags/example_dag_decorator.py
[2024-06-22T11:10:41.929+0000] {processor.py:830} INFO - Processing file /home/airflow/.local/lib/python3.12/site-packages/airflow/example_dags/example_dag_decorator.py for tasks to queue
[2024-06-22T11:10:41.947+0000] {logging_mixin.py:188} INFO - [2024-06-22T11:10:41.944+0000] {dagbag.py:540} INFO - Filling up the DagBag from /home/airflow/.local/lib/python3.12/site-packages/airflow/example_dags/example_dag_decorator.py
[2024-06-22T11:10:42.270+0000] {processor.py:840} INFO - DAG(s) 'example_dag_decorator' retrieved from /home/airflow/.local/lib/python3.12/site-packages/airflow/example_dags/example_dag_decorator.py
[2024-06-22T11:10:43.853+0000] {logging_mixin.py:188} INFO - [2024-06-22T11:10:43.852+0000] {dag.py:3096} INFO - Sync 1 DAGs
[2024-06-22T11:10:44.017+0000] {logging_mixin.py:188} INFO - [2024-06-22T11:10:44.017+0000] {dag.py:3954} INFO - Setting next_dagrun for example_dag_decorator to None, run_after=None
[2024-06-22T11:10:44.460+0000] {processor.py:183} INFO - Processing /home/airflow/.local/lib/python3.12/site-packages/airflow/example_dags/example_dag_decorator.py took 2.558 seconds
[2024-06-22T11:11:21.616+0000] {processor.py:161} INFO - Started process (PID=736) to work on /home/airflow/.local/lib/python3.12/site-packages/airflow/example_dags/example_dag_decorator.py
[2024-06-22T11:11:21.619+0000] {processor.py:830} INFO - Processing file /home/airflow/.local/lib/python3.12/site-packages/airflow/example_dags/example_dag_decorator.py for tasks to queue
[2024-06-22T11:11:21.627+0000] {logging_mixin.py:188} INFO - [2024-06-22T11:11:21.627+0000] {dagbag.py:540} INFO - Filling up the DagBag from /home/airflow/.local/lib/python3.12/site-packages/airflow/example_dags/example_dag_decorator.py
[2024-06-22T11:11:21.986+0000] {processor.py:840} INFO - DAG(s) 'example_dag_decorator' retrieved from /home/airflow/.local/lib/python3.12/site-packages/airflow/example_dags/example_dag_decorator.py
[2024-06-22T11:11:22.681+0000] {logging_mixin.py:188} INFO - [2024-06-22T11:11:22.680+0000] {dag.py:3096} INFO - Sync 1 DAGs
[2024-06-22T11:11:22.696+0000] {logging_mixin.py:188} INFO - [2024-06-22T11:11:22.696+0000] {dag.py:3954} INFO - Setting next_dagrun for example_dag_decorator to None, run_after=None
[2024-06-22T11:11:22.743+0000] {processor.py:183} INFO - Processing /home/airflow/.local/lib/python3.12/site-packages/airflow/example_dags/example_dag_decorator.py took 1.152 seconds
[2024-06-22T11:12:11.493+0000] {processor.py:161} INFO - Started process (PID=808) to work on /home/airflow/.local/lib/python3.12/site-packages/airflow/example_dags/example_dag_decorator.py
[2024-06-22T11:12:11.499+0000] {processor.py:830} INFO - Processing file /home/airflow/.local/lib/python3.12/site-packages/airflow/example_dags/example_dag_decorator.py for tasks to queue
[2024-06-22T11:12:11.509+0000] {logging_mixin.py:188} INFO - [2024-06-22T11:12:11.506+0000] {dagbag.py:540} INFO - Filling up the DagBag from /home/airflow/.local/lib/python3.12/site-packages/airflow/example_dags/example_dag_decorator.py
[2024-06-22T11:12:11.928+0000] {processor.py:840} INFO - DAG(s) 'example_dag_decorator' retrieved from /home/airflow/.local/lib/python3.12/site-packages/airflow/example_dags/example_dag_decorator.py
[2024-06-22T11:12:13.096+0000] {logging_mixin.py:188} INFO - [2024-06-22T11:12:13.095+0000] {dag.py:3096} INFO - Sync 1 DAGs
[2024-06-22T11:12:13.144+0000] {logging_mixin.py:188} INFO - [2024-06-22T11:12:13.144+0000] {dag.py:3954} INFO - Setting next_dagrun for example_dag_decorator to None, run_after=None
[2024-06-22T11:12:13.608+0000] {processor.py:183} INFO - Processing /home/airflow/.local/lib/python3.12/site-packages/airflow/example_dags/example_dag_decorator.py took 2.154 seconds
[2024-06-22T11:12:46.015+0000] {processor.py:161} INFO - Started process (PID=873) to work on /home/airflow/.local/lib/python3.12/site-packages/airflow/example_dags/example_dag_decorator.py
[2024-06-22T11:12:46.019+0000] {processor.py:830} INFO - Processing file /home/airflow/.local/lib/python3.12/site-packages/airflow/example_dags/example_dag_decorator.py for tasks to queue
[2024-06-22T11:12:46.036+0000] {logging_mixin.py:188} INFO - [2024-06-22T11:12:46.035+0000] {dagbag.py:540} INFO - Filling up the DagBag from /home/airflow/.local/lib/python3.12/site-packages/airflow/example_dags/example_dag_decorator.py
[2024-06-22T11:12:46.897+0000] {processor.py:840} INFO - DAG(s) 'example_dag_decorator' retrieved from /home/airflow/.local/lib/python3.12/site-packages/airflow/example_dags/example_dag_decorator.py
[2024-06-22T11:12:47.482+0000] {logging_mixin.py:188} INFO - [2024-06-22T11:12:47.481+0000] {dag.py:3096} INFO - Sync 1 DAGs
[2024-06-22T11:12:47.521+0000] {logging_mixin.py:188} INFO - [2024-06-22T11:12:47.521+0000] {dag.py:3954} INFO - Setting next_dagrun for example_dag_decorator to None, run_after=None
[2024-06-22T11:12:48.414+0000] {processor.py:183} INFO - Processing /home/airflow/.local/lib/python3.12/site-packages/airflow/example_dags/example_dag_decorator.py took 2.429 seconds
[2024-06-22T11:13:18.791+0000] {processor.py:161} INFO - Started process (PID=933) to work on /home/airflow/.local/lib/python3.12/site-packages/airflow/example_dags/example_dag_decorator.py
[2024-06-22T11:13:18.794+0000] {processor.py:830} INFO - Processing file /home/airflow/.local/lib/python3.12/site-packages/airflow/example_dags/example_dag_decorator.py for tasks to queue
[2024-06-22T11:13:18.804+0000] {logging_mixin.py:188} INFO - [2024-06-22T11:13:18.800+0000] {dagbag.py:540} INFO - Filling up the DagBag from /home/airflow/.local/lib/python3.12/site-packages/airflow/example_dags/example_dag_decorator.py
[2024-06-22T11:13:19.393+0000] {processor.py:840} INFO - DAG(s) 'example_dag_decorator' retrieved from /home/airflow/.local/lib/python3.12/site-packages/airflow/example_dags/example_dag_decorator.py
[2024-06-22T11:13:19.615+0000] {logging_mixin.py:188} INFO - [2024-06-22T11:13:19.615+0000] {dag.py:3096} INFO - Sync 1 DAGs
[2024-06-22T11:13:19.636+0000] {logging_mixin.py:188} INFO - [2024-06-22T11:13:19.636+0000] {dag.py:3954} INFO - Setting next_dagrun for example_dag_decorator to None, run_after=None
[2024-06-22T11:13:19.846+0000] {processor.py:183} INFO - Processing /home/airflow/.local/lib/python3.12/site-packages/airflow/example_dags/example_dag_decorator.py took 1.072 seconds
[2024-06-22T11:14:01.555+0000] {processor.py:161} INFO - Started process (PID=998) to work on /home/airflow/.local/lib/python3.12/site-packages/airflow/example_dags/example_dag_decorator.py
[2024-06-22T11:14:01.565+0000] {processor.py:830} INFO - Processing file /home/airflow/.local/lib/python3.12/site-packages/airflow/example_dags/example_dag_decorator.py for tasks to queue
[2024-06-22T11:14:01.586+0000] {logging_mixin.py:188} INFO - [2024-06-22T11:14:01.585+0000] {dagbag.py:540} INFO - Filling up the DagBag from /home/airflow/.local/lib/python3.12/site-packages/airflow/example_dags/example_dag_decorator.py
[2024-06-22T11:14:01.948+0000] {processor.py:840} INFO - DAG(s) 'example_dag_decorator' retrieved from /home/airflow/.local/lib/python3.12/site-packages/airflow/example_dags/example_dag_decorator.py
[2024-06-22T11:14:02.414+0000] {logging_mixin.py:188} INFO - [2024-06-22T11:14:02.413+0000] {dag.py:3096} INFO - Sync 1 DAGs
[2024-06-22T11:14:02.455+0000] {logging_mixin.py:188} INFO - [2024-06-22T11:14:02.454+0000] {dag.py:3954} INFO - Setting next_dagrun for example_dag_decorator to None, run_after=None
[2024-06-22T11:14:02.512+0000] {processor.py:183} INFO - Processing /home/airflow/.local/lib/python3.12/site-packages/airflow/example_dags/example_dag_decorator.py took 1.002 seconds
[2024-06-22T11:14:45.823+0000] {processor.py:161} INFO - Started process (PID=1061) to work on /home/airflow/.local/lib/python3.12/site-packages/airflow/example_dags/example_dag_decorator.py
[2024-06-22T11:14:45.834+0000] {processor.py:830} INFO - Processing file /home/airflow/.local/lib/python3.12/site-packages/airflow/example_dags/example_dag_decorator.py for tasks to queue
[2024-06-22T11:14:45.842+0000] {logging_mixin.py:188} INFO - [2024-06-22T11:14:45.842+0000] {dagbag.py:540} INFO - Filling up the DagBag from /home/airflow/.local/lib/python3.12/site-packages/airflow/example_dags/example_dag_decorator.py
[2024-06-22T11:14:46.360+0000] {processor.py:840} INFO - DAG(s) 'example_dag_decorator' retrieved from /home/airflow/.local/lib/python3.12/site-packages/airflow/example_dags/example_dag_decorator.py
[2024-06-22T11:14:47.147+0000] {logging_mixin.py:188} INFO - [2024-06-22T11:14:47.147+0000] {dag.py:3096} INFO - Sync 1 DAGs
[2024-06-22T11:14:47.215+0000] {logging_mixin.py:188} INFO - [2024-06-22T11:14:47.215+0000] {dag.py:3954} INFO - Setting next_dagrun for example_dag_decorator to None, run_after=None
[2024-06-22T11:14:47.297+0000] {processor.py:183} INFO - Processing /home/airflow/.local/lib/python3.12/site-packages/airflow/example_dags/example_dag_decorator.py took 1.523 seconds
[2024-06-22T11:15:22.137+0000] {processor.py:161} INFO - Started process (PID=1126) to work on /home/airflow/.local/lib/python3.12/site-packages/airflow/example_dags/example_dag_decorator.py
[2024-06-22T11:15:22.141+0000] {processor.py:830} INFO - Processing file /home/airflow/.local/lib/python3.12/site-packages/airflow/example_dags/example_dag_decorator.py for tasks to queue
[2024-06-22T11:15:22.146+0000] {logging_mixin.py:188} INFO - [2024-06-22T11:15:22.146+0000] {dagbag.py:540} INFO - Filling up the DagBag from /home/airflow/.local/lib/python3.12/site-packages/airflow/example_dags/example_dag_decorator.py
[2024-06-22T11:15:22.677+0000] {processor.py:840} INFO - DAG(s) 'example_dag_decorator' retrieved from /home/airflow/.local/lib/python3.12/site-packages/airflow/example_dags/example_dag_decorator.py
[2024-06-22T11:15:23.299+0000] {logging_mixin.py:188} INFO - [2024-06-22T11:15:23.299+0000] {dag.py:3096} INFO - Sync 1 DAGs
[2024-06-22T11:15:23.363+0000] {logging_mixin.py:188} INFO - [2024-06-22T11:15:23.363+0000] {dag.py:3954} INFO - Setting next_dagrun for example_dag_decorator to None, run_after=None
[2024-06-22T11:15:23.459+0000] {processor.py:183} INFO - Processing /home/airflow/.local/lib/python3.12/site-packages/airflow/example_dags/example_dag_decorator.py took 1.350 seconds
[2024-06-22T11:15:54.019+0000] {processor.py:161} INFO - Started process (PID=1187) to work on /home/airflow/.local/lib/python3.12/site-packages/airflow/example_dags/example_dag_decorator.py
[2024-06-22T11:15:54.040+0000] {processor.py:830} INFO - Processing file /home/airflow/.local/lib/python3.12/site-packages/airflow/example_dags/example_dag_decorator.py for tasks to queue
[2024-06-22T11:15:54.044+0000] {logging_mixin.py:188} INFO - [2024-06-22T11:15:54.044+0000] {dagbag.py:540} INFO - Filling up the DagBag from /home/airflow/.local/lib/python3.12/site-packages/airflow/example_dags/example_dag_decorator.py
[2024-06-22T11:15:54.311+0000] {processor.py:840} INFO - DAG(s) 'example_dag_decorator' retrieved from /home/airflow/.local/lib/python3.12/site-packages/airflow/example_dags/example_dag_decorator.py
[2024-06-22T11:15:54.650+0000] {logging_mixin.py:188} INFO - [2024-06-22T11:15:54.650+0000] {dag.py:3096} INFO - Sync 1 DAGs
[2024-06-22T11:15:54.677+0000] {logging_mixin.py:188} INFO - [2024-06-22T11:15:54.676+0000] {dag.py:3954} INFO - Setting next_dagrun for example_dag_decorator to None, run_after=None
[2024-06-22T11:15:54.809+0000] {processor.py:183} INFO - Processing /home/airflow/.local/lib/python3.12/site-packages/airflow/example_dags/example_dag_decorator.py took 0.806 seconds
[2024-06-22T11:16:33.123+0000] {processor.py:161} INFO - Started process (PID=1250) to work on /home/airflow/.local/lib/python3.12/site-packages/airflow/example_dags/example_dag_decorator.py
[2024-06-22T11:16:33.131+0000] {processor.py:830} INFO - Processing file /home/airflow/.local/lib/python3.12/site-packages/airflow/example_dags/example_dag_decorator.py for tasks to queue
[2024-06-22T11:16:33.170+0000] {logging_mixin.py:188} INFO - [2024-06-22T11:16:33.169+0000] {dagbag.py:540} INFO - Filling up the DagBag from /home/airflow/.local/lib/python3.12/site-packages/airflow/example_dags/example_dag_decorator.py
[2024-06-22T11:16:33.748+0000] {processor.py:840} INFO - DAG(s) 'example_dag_decorator' retrieved from /home/airflow/.local/lib/python3.12/site-packages/airflow/example_dags/example_dag_decorator.py
[2024-06-22T11:16:34.625+0000] {logging_mixin.py:188} INFO - [2024-06-22T11:16:34.625+0000] {dag.py:3096} INFO - Sync 1 DAGs
[2024-06-22T11:16:34.734+0000] {logging_mixin.py:188} INFO - [2024-06-22T11:16:34.729+0000] {dag.py:3954} INFO - Setting next_dagrun for example_dag_decorator to None, run_after=None
[2024-06-22T11:16:34.937+0000] {processor.py:183} INFO - Processing /home/airflow/.local/lib/python3.12/site-packages/airflow/example_dags/example_dag_decorator.py took 1.882 seconds
[2024-06-22T11:17:05.674+0000] {processor.py:161} INFO - Started process (PID=1310) to work on /home/airflow/.local/lib/python3.12/site-packages/airflow/example_dags/example_dag_decorator.py
[2024-06-22T11:17:05.805+0000] {processor.py:830} INFO - Processing file /home/airflow/.local/lib/python3.12/site-packages/airflow/example_dags/example_dag_decorator.py for tasks to queue
[2024-06-22T11:17:05.872+0000] {logging_mixin.py:188} INFO - [2024-06-22T11:17:05.853+0000] {dagbag.py:540} INFO - Filling up the DagBag from /home/airflow/.local/lib/python3.12/site-packages/airflow/example_dags/example_dag_decorator.py
[2024-06-22T11:17:07.018+0000] {processor.py:840} INFO - DAG(s) 'example_dag_decorator' retrieved from /home/airflow/.local/lib/python3.12/site-packages/airflow/example_dags/example_dag_decorator.py
[2024-06-22T11:17:08.489+0000] {logging_mixin.py:188} INFO - [2024-06-22T11:17:08.489+0000] {dag.py:3096} INFO - Sync 1 DAGs
[2024-06-22T11:17:08.638+0000] {logging_mixin.py:188} INFO - [2024-06-22T11:17:08.637+0000] {dag.py:3954} INFO - Setting next_dagrun for example_dag_decorator to None, run_after=None
[2024-06-22T11:17:08.825+0000] {processor.py:183} INFO - Processing /home/airflow/.local/lib/python3.12/site-packages/airflow/example_dags/example_dag_decorator.py took 3.205 seconds
[2024-06-22T11:17:39.422+0000] {processor.py:161} INFO - Started process (PID=1371) to work on /home/airflow/.local/lib/python3.12/site-packages/airflow/example_dags/example_dag_decorator.py
[2024-06-22T11:17:39.426+0000] {processor.py:830} INFO - Processing file /home/airflow/.local/lib/python3.12/site-packages/airflow/example_dags/example_dag_decorator.py for tasks to queue
[2024-06-22T11:17:39.461+0000] {logging_mixin.py:188} INFO - [2024-06-22T11:17:39.448+0000] {dagbag.py:540} INFO - Filling up the DagBag from /home/airflow/.local/lib/python3.12/site-packages/airflow/example_dags/example_dag_decorator.py
[2024-06-22T11:17:41.008+0000] {processor.py:840} INFO - DAG(s) 'example_dag_decorator' retrieved from /home/airflow/.local/lib/python3.12/site-packages/airflow/example_dags/example_dag_decorator.py
[2024-06-22T11:17:42.588+0000] {logging_mixin.py:188} INFO - [2024-06-22T11:17:42.588+0000] {dag.py:3096} INFO - Sync 1 DAGs
[2024-06-22T11:17:42.770+0000] {logging_mixin.py:188} INFO - [2024-06-22T11:17:42.770+0000] {dag.py:3954} INFO - Setting next_dagrun for example_dag_decorator to None, run_after=None
[2024-06-22T11:17:42.871+0000] {processor.py:183} INFO - Processing /home/airflow/.local/lib/python3.12/site-packages/airflow/example_dags/example_dag_decorator.py took 3.526 seconds
[2024-06-22T11:18:13.300+0000] {processor.py:161} INFO - Started process (PID=1430) to work on /home/airflow/.local/lib/python3.12/site-packages/airflow/example_dags/example_dag_decorator.py
[2024-06-22T11:18:13.305+0000] {processor.py:830} INFO - Processing file /home/airflow/.local/lib/python3.12/site-packages/airflow/example_dags/example_dag_decorator.py for tasks to queue
[2024-06-22T11:18:13.319+0000] {logging_mixin.py:188} INFO - [2024-06-22T11:18:13.315+0000] {dagbag.py:540} INFO - Filling up the DagBag from /home/airflow/.local/lib/python3.12/site-packages/airflow/example_dags/example_dag_decorator.py
[2024-06-22T11:18:13.901+0000] {processor.py:840} INFO - DAG(s) 'example_dag_decorator' retrieved from /home/airflow/.local/lib/python3.12/site-packages/airflow/example_dags/example_dag_decorator.py
[2024-06-22T11:18:14.196+0000] {logging_mixin.py:188} INFO - [2024-06-22T11:18:14.196+0000] {dag.py:3096} INFO - Sync 1 DAGs
[2024-06-22T11:18:14.226+0000] {logging_mixin.py:188} INFO - [2024-06-22T11:18:14.226+0000] {dag.py:3954} INFO - Setting next_dagrun for example_dag_decorator to None, run_after=None
[2024-06-22T11:18:14.279+0000] {processor.py:183} INFO - Processing /home/airflow/.local/lib/python3.12/site-packages/airflow/example_dags/example_dag_decorator.py took 1.001 seconds
[2024-06-22T11:18:45.266+0000] {processor.py:161} INFO - Started process (PID=1488) to work on /home/airflow/.local/lib/python3.12/site-packages/airflow/example_dags/example_dag_decorator.py
[2024-06-22T11:18:45.280+0000] {processor.py:830} INFO - Processing file /home/airflow/.local/lib/python3.12/site-packages/airflow/example_dags/example_dag_decorator.py for tasks to queue
[2024-06-22T11:18:45.301+0000] {logging_mixin.py:188} INFO - [2024-06-22T11:18:45.300+0000] {dagbag.py:540} INFO - Filling up the DagBag from /home/airflow/.local/lib/python3.12/site-packages/airflow/example_dags/example_dag_decorator.py
[2024-06-22T11:18:46.302+0000] {processor.py:840} INFO - DAG(s) 'example_dag_decorator' retrieved from /home/airflow/.local/lib/python3.12/site-packages/airflow/example_dags/example_dag_decorator.py
[2024-06-22T11:18:47.375+0000] {logging_mixin.py:188} INFO - [2024-06-22T11:18:47.375+0000] {dag.py:3096} INFO - Sync 1 DAGs
[2024-06-22T11:18:47.460+0000] {logging_mixin.py:188} INFO - [2024-06-22T11:18:47.460+0000] {dag.py:3954} INFO - Setting next_dagrun for example_dag_decorator to None, run_after=None
[2024-06-22T11:18:47.609+0000] {processor.py:183} INFO - Processing /home/airflow/.local/lib/python3.12/site-packages/airflow/example_dags/example_dag_decorator.py took 2.395 seconds
[2024-06-22T11:19:25.222+0000] {processor.py:161} INFO - Started process (PID=1553) to work on /home/airflow/.local/lib/python3.12/site-packages/airflow/example_dags/example_dag_decorator.py
[2024-06-22T11:19:25.258+0000] {processor.py:830} INFO - Processing file /home/airflow/.local/lib/python3.12/site-packages/airflow/example_dags/example_dag_decorator.py for tasks to queue
[2024-06-22T11:19:25.335+0000] {logging_mixin.py:188} INFO - [2024-06-22T11:19:25.329+0000] {dagbag.py:540} INFO - Filling up the DagBag from /home/airflow/.local/lib/python3.12/site-packages/airflow/example_dags/example_dag_decorator.py
[2024-06-22T11:19:26.591+0000] {processor.py:840} INFO - DAG(s) 'example_dag_decorator' retrieved from /home/airflow/.local/lib/python3.12/site-packages/airflow/example_dags/example_dag_decorator.py
[2024-06-22T11:19:28.126+0000] {logging_mixin.py:188} INFO - [2024-06-22T11:19:28.126+0000] {dag.py:3096} INFO - Sync 1 DAGs
[2024-06-22T11:19:28.224+0000] {logging_mixin.py:188} INFO - [2024-06-22T11:19:28.224+0000] {dag.py:3954} INFO - Setting next_dagrun for example_dag_decorator to None, run_after=None
[2024-06-22T11:19:28.389+0000] {processor.py:183} INFO - Processing /home/airflow/.local/lib/python3.12/site-packages/airflow/example_dags/example_dag_decorator.py took 3.387 seconds
[2024-06-22T11:20:00.494+0000] {processor.py:161} INFO - Started process (PID=1608) to work on /home/airflow/.local/lib/python3.12/site-packages/airflow/example_dags/example_dag_decorator.py
[2024-06-22T11:20:00.523+0000] {processor.py:830} INFO - Processing file /home/airflow/.local/lib/python3.12/site-packages/airflow/example_dags/example_dag_decorator.py for tasks to queue
[2024-06-22T11:20:00.540+0000] {logging_mixin.py:188} INFO - [2024-06-22T11:20:00.539+0000] {dagbag.py:540} INFO - Filling up the DagBag from /home/airflow/.local/lib/python3.12/site-packages/airflow/example_dags/example_dag_decorator.py
[2024-06-22T11:20:01.203+0000] {processor.py:840} INFO - DAG(s) 'example_dag_decorator' retrieved from /home/airflow/.local/lib/python3.12/site-packages/airflow/example_dags/example_dag_decorator.py
[2024-06-22T11:20:02.093+0000] {logging_mixin.py:188} INFO - [2024-06-22T11:20:02.092+0000] {dag.py:3096} INFO - Sync 1 DAGs
[2024-06-22T11:20:02.130+0000] {logging_mixin.py:188} INFO - [2024-06-22T11:20:02.129+0000] {dag.py:3954} INFO - Setting next_dagrun for example_dag_decorator to None, run_after=None
[2024-06-22T11:20:02.175+0000] {processor.py:183} INFO - Processing /home/airflow/.local/lib/python3.12/site-packages/airflow/example_dags/example_dag_decorator.py took 1.753 seconds
[2024-06-22T11:20:32.696+0000] {processor.py:161} INFO - Started process (PID=1668) to work on /home/airflow/.local/lib/python3.12/site-packages/airflow/example_dags/example_dag_decorator.py
[2024-06-22T11:20:32.709+0000] {processor.py:830} INFO - Processing file /home/airflow/.local/lib/python3.12/site-packages/airflow/example_dags/example_dag_decorator.py for tasks to queue
[2024-06-22T11:20:32.720+0000] {logging_mixin.py:188} INFO - [2024-06-22T11:20:32.719+0000] {dagbag.py:540} INFO - Filling up the DagBag from /home/airflow/.local/lib/python3.12/site-packages/airflow/example_dags/example_dag_decorator.py
[2024-06-22T11:20:33.166+0000] {processor.py:840} INFO - DAG(s) 'example_dag_decorator' retrieved from /home/airflow/.local/lib/python3.12/site-packages/airflow/example_dags/example_dag_decorator.py
[2024-06-22T11:20:33.801+0000] {logging_mixin.py:188} INFO - [2024-06-22T11:20:33.801+0000] {dag.py:3096} INFO - Sync 1 DAGs
[2024-06-22T11:20:33.860+0000] {logging_mixin.py:188} INFO - [2024-06-22T11:20:33.857+0000] {dag.py:3954} INFO - Setting next_dagrun for example_dag_decorator to None, run_after=None
[2024-06-22T11:20:33.934+0000] {processor.py:183} INFO - Processing /home/airflow/.local/lib/python3.12/site-packages/airflow/example_dags/example_dag_decorator.py took 1.284 seconds
[2024-06-22T11:21:59.538+0000] {processor.py:161} INFO - Started process (PID=1762) to work on /home/airflow/.local/lib/python3.12/site-packages/airflow/example_dags/example_dag_decorator.py
[2024-06-22T11:21:59.542+0000] {processor.py:830} INFO - Processing file /home/airflow/.local/lib/python3.12/site-packages/airflow/example_dags/example_dag_decorator.py for tasks to queue
[2024-06-22T11:21:59.565+0000] {logging_mixin.py:188} INFO - [2024-06-22T11:21:59.564+0000] {dagbag.py:540} INFO - Filling up the DagBag from /home/airflow/.local/lib/python3.12/site-packages/airflow/example_dags/example_dag_decorator.py
[2024-06-22T11:21:59.967+0000] {processor.py:840} INFO - DAG(s) 'example_dag_decorator' retrieved from /home/airflow/.local/lib/python3.12/site-packages/airflow/example_dags/example_dag_decorator.py
[2024-06-22T11:22:00.598+0000] {logging_mixin.py:188} INFO - [2024-06-22T11:22:00.597+0000] {dag.py:3096} INFO - Sync 1 DAGs
[2024-06-22T11:22:00.634+0000] {logging_mixin.py:188} INFO - [2024-06-22T11:22:00.633+0000] {dag.py:3954} INFO - Setting next_dagrun for example_dag_decorator to None, run_after=None
[2024-06-22T11:22:00.674+0000] {processor.py:183} INFO - Processing /home/airflow/.local/lib/python3.12/site-packages/airflow/example_dags/example_dag_decorator.py took 1.151 seconds
[2024-06-22T11:22:33.017+0000] {processor.py:161} INFO - Started process (PID=1821) to work on /home/airflow/.local/lib/python3.12/site-packages/airflow/example_dags/example_dag_decorator.py
[2024-06-22T11:22:33.021+0000] {processor.py:830} INFO - Processing file /home/airflow/.local/lib/python3.12/site-packages/airflow/example_dags/example_dag_decorator.py for tasks to queue
[2024-06-22T11:22:33.026+0000] {logging_mixin.py:188} INFO - [2024-06-22T11:22:33.026+0000] {dagbag.py:540} INFO - Filling up the DagBag from /home/airflow/.local/lib/python3.12/site-packages/airflow/example_dags/example_dag_decorator.py
[2024-06-22T11:22:33.379+0000] {processor.py:840} INFO - DAG(s) 'example_dag_decorator' retrieved from /home/airflow/.local/lib/python3.12/site-packages/airflow/example_dags/example_dag_decorator.py
[2024-06-22T11:22:33.702+0000] {logging_mixin.py:188} INFO - [2024-06-22T11:22:33.691+0000] {dag.py:3096} INFO - Sync 1 DAGs
[2024-06-22T11:22:33.728+0000] {logging_mixin.py:188} INFO - [2024-06-22T11:22:33.727+0000] {dag.py:3954} INFO - Setting next_dagrun for example_dag_decorator to None, run_after=None
[2024-06-22T11:22:33.764+0000] {processor.py:183} INFO - Processing /home/airflow/.local/lib/python3.12/site-packages/airflow/example_dags/example_dag_decorator.py took 0.759 seconds
[2024-06-22T11:23:06.366+0000] {processor.py:161} INFO - Started process (PID=1881) to work on /home/airflow/.local/lib/python3.12/site-packages/airflow/example_dags/example_dag_decorator.py
[2024-06-22T11:23:06.371+0000] {processor.py:830} INFO - Processing file /home/airflow/.local/lib/python3.12/site-packages/airflow/example_dags/example_dag_decorator.py for tasks to queue
[2024-06-22T11:23:06.386+0000] {logging_mixin.py:188} INFO - [2024-06-22T11:23:06.386+0000] {dagbag.py:540} INFO - Filling up the DagBag from /home/airflow/.local/lib/python3.12/site-packages/airflow/example_dags/example_dag_decorator.py
[2024-06-22T11:23:07.098+0000] {processor.py:840} INFO - DAG(s) 'example_dag_decorator' retrieved from /home/airflow/.local/lib/python3.12/site-packages/airflow/example_dags/example_dag_decorator.py
[2024-06-22T11:23:07.615+0000] {logging_mixin.py:188} INFO - [2024-06-22T11:23:07.614+0000] {dag.py:3096} INFO - Sync 1 DAGs
[2024-06-22T11:23:07.635+0000] {logging_mixin.py:188} INFO - [2024-06-22T11:23:07.635+0000] {dag.py:3954} INFO - Setting next_dagrun for example_dag_decorator to None, run_after=None
[2024-06-22T11:23:07.674+0000] {processor.py:183} INFO - Processing /home/airflow/.local/lib/python3.12/site-packages/airflow/example_dags/example_dag_decorator.py took 1.345 seconds
[2024-06-22T11:23:38.343+0000] {processor.py:161} INFO - Started process (PID=1940) to work on /home/airflow/.local/lib/python3.12/site-packages/airflow/example_dags/example_dag_decorator.py
[2024-06-22T11:23:38.346+0000] {processor.py:830} INFO - Processing file /home/airflow/.local/lib/python3.12/site-packages/airflow/example_dags/example_dag_decorator.py for tasks to queue
[2024-06-22T11:23:38.351+0000] {logging_mixin.py:188} INFO - [2024-06-22T11:23:38.351+0000] {dagbag.py:540} INFO - Filling up the DagBag from /home/airflow/.local/lib/python3.12/site-packages/airflow/example_dags/example_dag_decorator.py
[2024-06-22T11:23:38.764+0000] {processor.py:840} INFO - DAG(s) 'example_dag_decorator' retrieved from /home/airflow/.local/lib/python3.12/site-packages/airflow/example_dags/example_dag_decorator.py
[2024-06-22T11:23:39.082+0000] {logging_mixin.py:188} INFO - [2024-06-22T11:23:39.082+0000] {dag.py:3096} INFO - Sync 1 DAGs
[2024-06-22T11:23:39.112+0000] {logging_mixin.py:188} INFO - [2024-06-22T11:23:39.111+0000] {dag.py:3954} INFO - Setting next_dagrun for example_dag_decorator to None, run_after=None
[2024-06-22T11:23:39.141+0000] {processor.py:183} INFO - Processing /home/airflow/.local/lib/python3.12/site-packages/airflow/example_dags/example_dag_decorator.py took 0.809 seconds
[2024-06-22T11:24:09.255+0000] {processor.py:161} INFO - Started process (PID=2004) to work on /home/airflow/.local/lib/python3.12/site-packages/airflow/example_dags/example_dag_decorator.py
[2024-06-22T11:24:09.261+0000] {processor.py:830} INFO - Processing file /home/airflow/.local/lib/python3.12/site-packages/airflow/example_dags/example_dag_decorator.py for tasks to queue
[2024-06-22T11:24:09.274+0000] {logging_mixin.py:188} INFO - [2024-06-22T11:24:09.270+0000] {dagbag.py:540} INFO - Filling up the DagBag from /home/airflow/.local/lib/python3.12/site-packages/airflow/example_dags/example_dag_decorator.py
[2024-06-22T11:24:09.533+0000] {processor.py:840} INFO - DAG(s) 'example_dag_decorator' retrieved from /home/airflow/.local/lib/python3.12/site-packages/airflow/example_dags/example_dag_decorator.py
[2024-06-22T11:24:09.783+0000] {logging_mixin.py:188} INFO - [2024-06-22T11:24:09.783+0000] {dag.py:3096} INFO - Sync 1 DAGs
[2024-06-22T11:24:09.801+0000] {logging_mixin.py:188} INFO - [2024-06-22T11:24:09.801+0000] {dag.py:3954} INFO - Setting next_dagrun for example_dag_decorator to None, run_after=None
[2024-06-22T11:24:09.850+0000] {processor.py:183} INFO - Processing /home/airflow/.local/lib/python3.12/site-packages/airflow/example_dags/example_dag_decorator.py took 0.620 seconds
