[2024-06-22T04:11:15.433+0000] {processor.py:161} INFO - Started process (PID=67) to work on /home/airflow/.local/lib/python3.12/site-packages/airflow/example_dags/example_params_trigger_ui.py
[2024-06-22T04:11:15.435+0000] {processor.py:830} INFO - Processing file /home/airflow/.local/lib/python3.12/site-packages/airflow/example_dags/example_params_trigger_ui.py for tasks to queue
[2024-06-22T04:11:15.446+0000] {logging_mixin.py:188} INFO - [2024-06-22T04:11:15.443+0000] {dagbag.py:540} INFO - Filling up the DagBag from /home/airflow/.local/lib/python3.12/site-packages/airflow/example_dags/example_params_trigger_ui.py
[2024-06-22T04:11:15.532+0000] {processor.py:840} INFO - DAG(s) 'example_params_trigger_ui' retrieved from /home/airflow/.local/lib/python3.12/site-packages/airflow/example_dags/example_params_trigger_ui.py
[2024-06-22T04:11:15.590+0000] {logging_mixin.py:188} INFO - [2024-06-22T04:11:15.590+0000] {dag.py:3096} INFO - Sync 1 DAGs
[2024-06-22T04:11:15.647+0000] {logging_mixin.py:188} INFO - [2024-06-22T04:11:15.647+0000] {dag.py:3954} INFO - Setting next_dagrun for example_params_trigger_ui to None, run_after=None
[2024-06-22T04:11:15.726+0000] {processor.py:183} INFO - Processing /home/airflow/.local/lib/python3.12/site-packages/airflow/example_dags/example_params_trigger_ui.py took 0.334 seconds
[2024-06-22T04:11:46.278+0000] {processor.py:161} INFO - Started process (PID=126) to work on /home/airflow/.local/lib/python3.12/site-packages/airflow/example_dags/example_params_trigger_ui.py
[2024-06-22T04:11:46.281+0000] {processor.py:830} INFO - Processing file /home/airflow/.local/lib/python3.12/site-packages/airflow/example_dags/example_params_trigger_ui.py for tasks to queue
[2024-06-22T04:11:46.287+0000] {logging_mixin.py:188} INFO - [2024-06-22T04:11:46.286+0000] {dagbag.py:540} INFO - Filling up the DagBag from /home/airflow/.local/lib/python3.12/site-packages/airflow/example_dags/example_params_trigger_ui.py
[2024-06-22T04:11:46.319+0000] {processor.py:840} INFO - DAG(s) 'example_params_trigger_ui' retrieved from /home/airflow/.local/lib/python3.12/site-packages/airflow/example_dags/example_params_trigger_ui.py
[2024-06-22T04:11:46.554+0000] {logging_mixin.py:188} INFO - [2024-06-22T04:11:46.554+0000] {dag.py:3096} INFO - Sync 1 DAGs
[2024-06-22T04:11:46.571+0000] {logging_mixin.py:188} INFO - [2024-06-22T04:11:46.570+0000] {dag.py:3954} INFO - Setting next_dagrun for example_params_trigger_ui to None, run_after=None
[2024-06-22T04:11:46.606+0000] {processor.py:183} INFO - Processing /home/airflow/.local/lib/python3.12/site-packages/airflow/example_dags/example_params_trigger_ui.py took 0.341 seconds
[2024-06-22T04:12:16.744+0000] {processor.py:161} INFO - Started process (PID=184) to work on /home/airflow/.local/lib/python3.12/site-packages/airflow/example_dags/example_params_trigger_ui.py
[2024-06-22T04:12:16.747+0000] {processor.py:830} INFO - Processing file /home/airflow/.local/lib/python3.12/site-packages/airflow/example_dags/example_params_trigger_ui.py for tasks to queue
[2024-06-22T04:12:16.752+0000] {logging_mixin.py:188} INFO - [2024-06-22T04:12:16.752+0000] {dagbag.py:540} INFO - Filling up the DagBag from /home/airflow/.local/lib/python3.12/site-packages/airflow/example_dags/example_params_trigger_ui.py
[2024-06-22T04:12:16.777+0000] {processor.py:840} INFO - DAG(s) 'example_params_trigger_ui' retrieved from /home/airflow/.local/lib/python3.12/site-packages/airflow/example_dags/example_params_trigger_ui.py
[2024-06-22T04:12:16.851+0000] {logging_mixin.py:188} INFO - [2024-06-22T04:12:16.851+0000] {dag.py:3096} INFO - Sync 1 DAGs
[2024-06-22T04:12:16.877+0000] {logging_mixin.py:188} INFO - [2024-06-22T04:12:16.877+0000] {dag.py:3954} INFO - Setting next_dagrun for example_params_trigger_ui to None, run_after=None
[2024-06-22T04:12:16.917+0000] {processor.py:183} INFO - Processing /home/airflow/.local/lib/python3.12/site-packages/airflow/example_dags/example_params_trigger_ui.py took 0.181 seconds
[2024-06-22T04:12:48.211+0000] {processor.py:161} INFO - Started process (PID=243) to work on /home/airflow/.local/lib/python3.12/site-packages/airflow/example_dags/example_params_trigger_ui.py
[2024-06-22T04:12:48.214+0000] {processor.py:830} INFO - Processing file /home/airflow/.local/lib/python3.12/site-packages/airflow/example_dags/example_params_trigger_ui.py for tasks to queue
[2024-06-22T04:12:48.219+0000] {logging_mixin.py:188} INFO - [2024-06-22T04:12:48.218+0000] {dagbag.py:540} INFO - Filling up the DagBag from /home/airflow/.local/lib/python3.12/site-packages/airflow/example_dags/example_params_trigger_ui.py
[2024-06-22T04:12:48.243+0000] {processor.py:840} INFO - DAG(s) 'example_params_trigger_ui' retrieved from /home/airflow/.local/lib/python3.12/site-packages/airflow/example_dags/example_params_trigger_ui.py
[2024-06-22T04:12:48.377+0000] {logging_mixin.py:188} INFO - [2024-06-22T04:12:48.376+0000] {dag.py:3096} INFO - Sync 1 DAGs
[2024-06-22T04:12:48.415+0000] {logging_mixin.py:188} INFO - [2024-06-22T04:12:48.415+0000] {dag.py:3954} INFO - Setting next_dagrun for example_params_trigger_ui to None, run_after=None
[2024-06-22T04:12:48.487+0000] {processor.py:183} INFO - Processing /home/airflow/.local/lib/python3.12/site-packages/airflow/example_dags/example_params_trigger_ui.py took 0.287 seconds
[2024-06-22T04:13:19.438+0000] {processor.py:161} INFO - Started process (PID=302) to work on /home/airflow/.local/lib/python3.12/site-packages/airflow/example_dags/example_params_trigger_ui.py
[2024-06-22T04:13:19.447+0000] {processor.py:830} INFO - Processing file /home/airflow/.local/lib/python3.12/site-packages/airflow/example_dags/example_params_trigger_ui.py for tasks to queue
[2024-06-22T04:13:19.456+0000] {logging_mixin.py:188} INFO - [2024-06-22T04:13:19.455+0000] {dagbag.py:540} INFO - Filling up the DagBag from /home/airflow/.local/lib/python3.12/site-packages/airflow/example_dags/example_params_trigger_ui.py
[2024-06-22T04:13:19.492+0000] {processor.py:840} INFO - DAG(s) 'example_params_trigger_ui' retrieved from /home/airflow/.local/lib/python3.12/site-packages/airflow/example_dags/example_params_trigger_ui.py
[2024-06-22T04:13:19.647+0000] {logging_mixin.py:188} INFO - [2024-06-22T04:13:19.646+0000] {dag.py:3096} INFO - Sync 1 DAGs
[2024-06-22T04:13:19.687+0000] {logging_mixin.py:188} INFO - [2024-06-22T04:13:19.686+0000] {dag.py:3954} INFO - Setting next_dagrun for example_params_trigger_ui to None, run_after=None
[2024-06-22T04:13:19.741+0000] {processor.py:183} INFO - Processing /home/airflow/.local/lib/python3.12/site-packages/airflow/example_dags/example_params_trigger_ui.py took 0.318 seconds
[2024-06-22T04:13:50.297+0000] {processor.py:161} INFO - Started process (PID=361) to work on /home/airflow/.local/lib/python3.12/site-packages/airflow/example_dags/example_params_trigger_ui.py
[2024-06-22T04:13:50.299+0000] {processor.py:830} INFO - Processing file /home/airflow/.local/lib/python3.12/site-packages/airflow/example_dags/example_params_trigger_ui.py for tasks to queue
[2024-06-22T04:13:50.309+0000] {logging_mixin.py:188} INFO - [2024-06-22T04:13:50.308+0000] {dagbag.py:540} INFO - Filling up the DagBag from /home/airflow/.local/lib/python3.12/site-packages/airflow/example_dags/example_params_trigger_ui.py
[2024-06-22T04:13:50.329+0000] {processor.py:840} INFO - DAG(s) 'example_params_trigger_ui' retrieved from /home/airflow/.local/lib/python3.12/site-packages/airflow/example_dags/example_params_trigger_ui.py
[2024-06-22T04:13:50.399+0000] {logging_mixin.py:188} INFO - [2024-06-22T04:13:50.399+0000] {dag.py:3096} INFO - Sync 1 DAGs
[2024-06-22T04:13:50.418+0000] {logging_mixin.py:188} INFO - [2024-06-22T04:13:50.418+0000] {dag.py:3954} INFO - Setting next_dagrun for example_params_trigger_ui to None, run_after=None
[2024-06-22T04:13:50.453+0000] {processor.py:183} INFO - Processing /home/airflow/.local/lib/python3.12/site-packages/airflow/example_dags/example_params_trigger_ui.py took 0.165 seconds
[2024-06-22T04:14:21.073+0000] {processor.py:161} INFO - Started process (PID=423) to work on /home/airflow/.local/lib/python3.12/site-packages/airflow/example_dags/example_params_trigger_ui.py
[2024-06-22T04:14:21.077+0000] {processor.py:830} INFO - Processing file /home/airflow/.local/lib/python3.12/site-packages/airflow/example_dags/example_params_trigger_ui.py for tasks to queue
[2024-06-22T04:14:21.084+0000] {logging_mixin.py:188} INFO - [2024-06-22T04:14:21.083+0000] {dagbag.py:540} INFO - Filling up the DagBag from /home/airflow/.local/lib/python3.12/site-packages/airflow/example_dags/example_params_trigger_ui.py
[2024-06-22T04:14:21.112+0000] {processor.py:840} INFO - DAG(s) 'example_params_trigger_ui' retrieved from /home/airflow/.local/lib/python3.12/site-packages/airflow/example_dags/example_params_trigger_ui.py
[2024-06-22T04:14:21.188+0000] {logging_mixin.py:188} INFO - [2024-06-22T04:14:21.188+0000] {dag.py:3096} INFO - Sync 1 DAGs
[2024-06-22T04:14:21.216+0000] {logging_mixin.py:188} INFO - [2024-06-22T04:14:21.215+0000] {dag.py:3954} INFO - Setting next_dagrun for example_params_trigger_ui to None, run_after=None
[2024-06-22T04:14:21.257+0000] {processor.py:183} INFO - Processing /home/airflow/.local/lib/python3.12/site-packages/airflow/example_dags/example_params_trigger_ui.py took 0.193 seconds
[2024-06-22T04:14:51.351+0000] {processor.py:161} INFO - Started process (PID=481) to work on /home/airflow/.local/lib/python3.12/site-packages/airflow/example_dags/example_params_trigger_ui.py
[2024-06-22T04:14:51.353+0000] {processor.py:830} INFO - Processing file /home/airflow/.local/lib/python3.12/site-packages/airflow/example_dags/example_params_trigger_ui.py for tasks to queue
[2024-06-22T04:14:51.359+0000] {logging_mixin.py:188} INFO - [2024-06-22T04:14:51.358+0000] {dagbag.py:540} INFO - Filling up the DagBag from /home/airflow/.local/lib/python3.12/site-packages/airflow/example_dags/example_params_trigger_ui.py
[2024-06-22T04:14:51.383+0000] {processor.py:840} INFO - DAG(s) 'example_params_trigger_ui' retrieved from /home/airflow/.local/lib/python3.12/site-packages/airflow/example_dags/example_params_trigger_ui.py
[2024-06-22T04:14:51.466+0000] {logging_mixin.py:188} INFO - [2024-06-22T04:14:51.466+0000] {dag.py:3096} INFO - Sync 1 DAGs
[2024-06-22T04:14:51.486+0000] {logging_mixin.py:188} INFO - [2024-06-22T04:14:51.486+0000] {dag.py:3954} INFO - Setting next_dagrun for example_params_trigger_ui to None, run_after=None
[2024-06-22T04:14:51.508+0000] {processor.py:183} INFO - Processing /home/airflow/.local/lib/python3.12/site-packages/airflow/example_dags/example_params_trigger_ui.py took 0.169 seconds
[2024-06-22T04:15:22.064+0000] {processor.py:161} INFO - Started process (PID=542) to work on /home/airflow/.local/lib/python3.12/site-packages/airflow/example_dags/example_params_trigger_ui.py
[2024-06-22T04:15:22.066+0000] {processor.py:830} INFO - Processing file /home/airflow/.local/lib/python3.12/site-packages/airflow/example_dags/example_params_trigger_ui.py for tasks to queue
[2024-06-22T04:15:22.069+0000] {logging_mixin.py:188} INFO - [2024-06-22T04:15:22.069+0000] {dagbag.py:540} INFO - Filling up the DagBag from /home/airflow/.local/lib/python3.12/site-packages/airflow/example_dags/example_params_trigger_ui.py
[2024-06-22T04:15:22.089+0000] {processor.py:840} INFO - DAG(s) 'example_params_trigger_ui' retrieved from /home/airflow/.local/lib/python3.12/site-packages/airflow/example_dags/example_params_trigger_ui.py
[2024-06-22T04:15:22.160+0000] {logging_mixin.py:188} INFO - [2024-06-22T04:15:22.159+0000] {dag.py:3096} INFO - Sync 1 DAGs
[2024-06-22T04:15:22.197+0000] {logging_mixin.py:188} INFO - [2024-06-22T04:15:22.197+0000] {dag.py:3954} INFO - Setting next_dagrun for example_params_trigger_ui to None, run_after=None
[2024-06-22T04:15:22.237+0000] {processor.py:183} INFO - Processing /home/airflow/.local/lib/python3.12/site-packages/airflow/example_dags/example_params_trigger_ui.py took 0.188 seconds
[2024-06-22T04:15:52.536+0000] {processor.py:161} INFO - Started process (PID=600) to work on /home/airflow/.local/lib/python3.12/site-packages/airflow/example_dags/example_params_trigger_ui.py
[2024-06-22T04:15:52.538+0000] {processor.py:830} INFO - Processing file /home/airflow/.local/lib/python3.12/site-packages/airflow/example_dags/example_params_trigger_ui.py for tasks to queue
[2024-06-22T04:15:52.542+0000] {logging_mixin.py:188} INFO - [2024-06-22T04:15:52.541+0000] {dagbag.py:540} INFO - Filling up the DagBag from /home/airflow/.local/lib/python3.12/site-packages/airflow/example_dags/example_params_trigger_ui.py
[2024-06-22T04:15:52.566+0000] {processor.py:840} INFO - DAG(s) 'example_params_trigger_ui' retrieved from /home/airflow/.local/lib/python3.12/site-packages/airflow/example_dags/example_params_trigger_ui.py
[2024-06-22T04:15:52.657+0000] {logging_mixin.py:188} INFO - [2024-06-22T04:15:52.657+0000] {dag.py:3096} INFO - Sync 1 DAGs
[2024-06-22T04:15:52.682+0000] {logging_mixin.py:188} INFO - [2024-06-22T04:15:52.682+0000] {dag.py:3954} INFO - Setting next_dagrun for example_params_trigger_ui to None, run_after=None
[2024-06-22T04:15:52.710+0000] {processor.py:183} INFO - Processing /home/airflow/.local/lib/python3.12/site-packages/airflow/example_dags/example_params_trigger_ui.py took 0.182 seconds
[2024-06-22T04:16:22.892+0000] {processor.py:161} INFO - Started process (PID=660) to work on /home/airflow/.local/lib/python3.12/site-packages/airflow/example_dags/example_params_trigger_ui.py
[2024-06-22T04:16:22.896+0000] {processor.py:830} INFO - Processing file /home/airflow/.local/lib/python3.12/site-packages/airflow/example_dags/example_params_trigger_ui.py for tasks to queue
[2024-06-22T04:16:22.901+0000] {logging_mixin.py:188} INFO - [2024-06-22T04:16:22.900+0000] {dagbag.py:540} INFO - Filling up the DagBag from /home/airflow/.local/lib/python3.12/site-packages/airflow/example_dags/example_params_trigger_ui.py
[2024-06-22T04:16:22.927+0000] {processor.py:840} INFO - DAG(s) 'example_params_trigger_ui' retrieved from /home/airflow/.local/lib/python3.12/site-packages/airflow/example_dags/example_params_trigger_ui.py
[2024-06-22T04:16:22.991+0000] {logging_mixin.py:188} INFO - [2024-06-22T04:16:22.990+0000] {dag.py:3096} INFO - Sync 1 DAGs
[2024-06-22T04:16:23.023+0000] {logging_mixin.py:188} INFO - [2024-06-22T04:16:23.023+0000] {dag.py:3954} INFO - Setting next_dagrun for example_params_trigger_ui to None, run_after=None
[2024-06-22T04:16:23.054+0000] {processor.py:183} INFO - Processing /home/airflow/.local/lib/python3.12/site-packages/airflow/example_dags/example_params_trigger_ui.py took 0.171 seconds
[2024-06-22T04:16:53.440+0000] {processor.py:161} INFO - Started process (PID=719) to work on /home/airflow/.local/lib/python3.12/site-packages/airflow/example_dags/example_params_trigger_ui.py
[2024-06-22T04:16:53.442+0000] {processor.py:830} INFO - Processing file /home/airflow/.local/lib/python3.12/site-packages/airflow/example_dags/example_params_trigger_ui.py for tasks to queue
[2024-06-22T04:16:53.445+0000] {logging_mixin.py:188} INFO - [2024-06-22T04:16:53.445+0000] {dagbag.py:540} INFO - Filling up the DagBag from /home/airflow/.local/lib/python3.12/site-packages/airflow/example_dags/example_params_trigger_ui.py
[2024-06-22T04:16:53.471+0000] {processor.py:840} INFO - DAG(s) 'example_params_trigger_ui' retrieved from /home/airflow/.local/lib/python3.12/site-packages/airflow/example_dags/example_params_trigger_ui.py
[2024-06-22T04:16:53.533+0000] {logging_mixin.py:188} INFO - [2024-06-22T04:16:53.533+0000] {dag.py:3096} INFO - Sync 1 DAGs
[2024-06-22T04:16:53.553+0000] {logging_mixin.py:188} INFO - [2024-06-22T04:16:53.552+0000] {dag.py:3954} INFO - Setting next_dagrun for example_params_trigger_ui to None, run_after=None
[2024-06-22T04:16:53.578+0000] {processor.py:183} INFO - Processing /home/airflow/.local/lib/python3.12/site-packages/airflow/example_dags/example_params_trigger_ui.py took 0.147 seconds
[2024-06-22T04:17:24.177+0000] {processor.py:161} INFO - Started process (PID=779) to work on /home/airflow/.local/lib/python3.12/site-packages/airflow/example_dags/example_params_trigger_ui.py
[2024-06-22T04:17:24.182+0000] {processor.py:830} INFO - Processing file /home/airflow/.local/lib/python3.12/site-packages/airflow/example_dags/example_params_trigger_ui.py for tasks to queue
[2024-06-22T04:17:24.191+0000] {logging_mixin.py:188} INFO - [2024-06-22T04:17:24.189+0000] {dagbag.py:540} INFO - Filling up the DagBag from /home/airflow/.local/lib/python3.12/site-packages/airflow/example_dags/example_params_trigger_ui.py
[2024-06-22T04:17:24.263+0000] {processor.py:840} INFO - DAG(s) 'example_params_trigger_ui' retrieved from /home/airflow/.local/lib/python3.12/site-packages/airflow/example_dags/example_params_trigger_ui.py
[2024-06-22T04:17:24.421+0000] {logging_mixin.py:188} INFO - [2024-06-22T04:17:24.421+0000] {dag.py:3096} INFO - Sync 1 DAGs
[2024-06-22T04:17:24.462+0000] {logging_mixin.py:188} INFO - [2024-06-22T04:17:24.460+0000] {dag.py:3954} INFO - Setting next_dagrun for example_params_trigger_ui to None, run_after=None
[2024-06-22T04:17:24.504+0000] {processor.py:183} INFO - Processing /home/airflow/.local/lib/python3.12/site-packages/airflow/example_dags/example_params_trigger_ui.py took 0.351 seconds
[2024-06-22T06:20:27.902+0000] {processor.py:161} INFO - Started process (PID=872) to work on /home/airflow/.local/lib/python3.12/site-packages/airflow/example_dags/example_params_trigger_ui.py
[2024-06-22T06:20:27.919+0000] {processor.py:830} INFO - Processing file /home/airflow/.local/lib/python3.12/site-packages/airflow/example_dags/example_params_trigger_ui.py for tasks to queue
[2024-06-22T06:20:28.231+0000] {logging_mixin.py:188} INFO - [2024-06-22T06:20:28.184+0000] {dagbag.py:540} INFO - Filling up the DagBag from /home/airflow/.local/lib/python3.12/site-packages/airflow/example_dags/example_params_trigger_ui.py
[2024-06-22T06:20:29.099+0000] {processor.py:840} INFO - DAG(s) 'example_params_trigger_ui' retrieved from /home/airflow/.local/lib/python3.12/site-packages/airflow/example_dags/example_params_trigger_ui.py
[2024-06-22T06:20:33.843+0000] {logging_mixin.py:188} INFO - [2024-06-22T06:20:33.807+0000] {dag.py:3096} INFO - Sync 1 DAGs
[2024-06-22T06:20:39.572+0000] {logging_mixin.py:188} INFO - [2024-06-22T06:20:39.571+0000] {dag.py:3954} INFO - Setting next_dagrun for example_params_trigger_ui to None, run_after=None
[2024-06-22T06:20:40.169+0000] {processor.py:183} INFO - Processing /home/airflow/.local/lib/python3.12/site-packages/airflow/example_dags/example_params_trigger_ui.py took 12.672 seconds
[2024-06-22T06:23:31.392+0000] {processor.py:161} INFO - Started process (PID=956) to work on /home/airflow/.local/lib/python3.12/site-packages/airflow/example_dags/example_params_trigger_ui.py
[2024-06-22T06:23:31.604+0000] {processor.py:830} INFO - Processing file /home/airflow/.local/lib/python3.12/site-packages/airflow/example_dags/example_params_trigger_ui.py for tasks to queue
[2024-06-22T06:23:31.689+0000] {logging_mixin.py:188} INFO - [2024-06-22T06:23:31.653+0000] {dagbag.py:540} INFO - Filling up the DagBag from /home/airflow/.local/lib/python3.12/site-packages/airflow/example_dags/example_params_trigger_ui.py
[2024-06-22T06:23:33.569+0000] {processor.py:840} INFO - DAG(s) 'example_params_trigger_ui' retrieved from /home/airflow/.local/lib/python3.12/site-packages/airflow/example_dags/example_params_trigger_ui.py
[2024-06-22T06:23:36.984+0000] {logging_mixin.py:188} INFO - [2024-06-22T06:23:36.982+0000] {dag.py:3096} INFO - Sync 1 DAGs
[2024-06-22T06:23:37.369+0000] {logging_mixin.py:188} INFO - [2024-06-22T06:23:37.350+0000] {dag.py:3954} INFO - Setting next_dagrun for example_params_trigger_ui to None, run_after=None
[2024-06-22T06:23:38.150+0000] {processor.py:183} INFO - Processing /home/airflow/.local/lib/python3.12/site-packages/airflow/example_dags/example_params_trigger_ui.py took 7.301 seconds
[2024-06-22T06:58:09.828+0000] {processor.py:161} INFO - Started process (PID=1092) to work on /home/airflow/.local/lib/python3.12/site-packages/airflow/example_dags/example_params_trigger_ui.py
[2024-06-22T06:58:09.839+0000] {processor.py:830} INFO - Processing file /home/airflow/.local/lib/python3.12/site-packages/airflow/example_dags/example_params_trigger_ui.py for tasks to queue
[2024-06-22T06:58:09.849+0000] {logging_mixin.py:188} INFO - [2024-06-22T06:58:09.846+0000] {dagbag.py:540} INFO - Filling up the DagBag from /home/airflow/.local/lib/python3.12/site-packages/airflow/example_dags/example_params_trigger_ui.py
[2024-06-22T06:58:09.964+0000] {processor.py:840} INFO - DAG(s) 'example_params_trigger_ui' retrieved from /home/airflow/.local/lib/python3.12/site-packages/airflow/example_dags/example_params_trigger_ui.py
[2024-06-22T06:58:10.250+0000] {logging_mixin.py:188} INFO - [2024-06-22T06:58:10.249+0000] {dag.py:3096} INFO - Sync 1 DAGs
[2024-06-22T06:58:10.331+0000] {logging_mixin.py:188} INFO - [2024-06-22T06:58:10.330+0000] {dag.py:3954} INFO - Setting next_dagrun for example_params_trigger_ui to None, run_after=None
[2024-06-22T06:58:10.439+0000] {processor.py:183} INFO - Processing /home/airflow/.local/lib/python3.12/site-packages/airflow/example_dags/example_params_trigger_ui.py took 0.638 seconds
[2024-06-22T07:32:03.412+0000] {processor.py:161} INFO - Started process (PID=1181) to work on /home/airflow/.local/lib/python3.12/site-packages/airflow/example_dags/example_params_trigger_ui.py
[2024-06-22T07:32:03.508+0000] {processor.py:830} INFO - Processing file /home/airflow/.local/lib/python3.12/site-packages/airflow/example_dags/example_params_trigger_ui.py for tasks to queue
[2024-06-22T07:32:03.597+0000] {logging_mixin.py:188} INFO - [2024-06-22T07:32:03.557+0000] {dagbag.py:540} INFO - Filling up the DagBag from /home/airflow/.local/lib/python3.12/site-packages/airflow/example_dags/example_params_trigger_ui.py
[2024-06-22T07:32:04.647+0000] {processor.py:840} INFO - DAG(s) 'example_params_trigger_ui' retrieved from /home/airflow/.local/lib/python3.12/site-packages/airflow/example_dags/example_params_trigger_ui.py
[2024-06-22T07:32:06.738+0000] {logging_mixin.py:188} INFO - [2024-06-22T07:32:06.733+0000] {dag.py:3096} INFO - Sync 1 DAGs
[2024-06-22T07:32:07.346+0000] {logging_mixin.py:188} INFO - [2024-06-22T07:32:07.345+0000] {dag.py:3954} INFO - Setting next_dagrun for example_params_trigger_ui to None, run_after=None
[2024-06-22T07:32:07.869+0000] {processor.py:183} INFO - Processing /home/airflow/.local/lib/python3.12/site-packages/airflow/example_dags/example_params_trigger_ui.py took 5.142 seconds
[2024-06-22T07:49:53.402+0000] {processor.py:161} INFO - Started process (PID=1288) to work on /home/airflow/.local/lib/python3.12/site-packages/airflow/example_dags/example_params_trigger_ui.py
[2024-06-22T07:49:53.451+0000] {processor.py:830} INFO - Processing file /home/airflow/.local/lib/python3.12/site-packages/airflow/example_dags/example_params_trigger_ui.py for tasks to queue
[2024-06-22T07:49:53.485+0000] {logging_mixin.py:188} INFO - [2024-06-22T07:49:53.482+0000] {dagbag.py:540} INFO - Filling up the DagBag from /home/airflow/.local/lib/python3.12/site-packages/airflow/example_dags/example_params_trigger_ui.py
[2024-06-22T07:49:54.889+0000] {processor.py:840} INFO - DAG(s) 'example_params_trigger_ui' retrieved from /home/airflow/.local/lib/python3.12/site-packages/airflow/example_dags/example_params_trigger_ui.py
[2024-06-22T07:49:58.167+0000] {logging_mixin.py:188} INFO - [2024-06-22T07:49:58.166+0000] {dag.py:3096} INFO - Sync 1 DAGs
[2024-06-22T07:49:58.592+0000] {logging_mixin.py:188} INFO - [2024-06-22T07:49:58.574+0000] {dag.py:3954} INFO - Setting next_dagrun for example_params_trigger_ui to None, run_after=None
[2024-06-22T07:49:59.157+0000] {processor.py:183} INFO - Processing /home/airflow/.local/lib/python3.12/site-packages/airflow/example_dags/example_params_trigger_ui.py took 6.198 seconds
[2024-06-22T07:52:23.721+0000] {processor.py:161} INFO - Started process (PID=1391) to work on /home/airflow/.local/lib/python3.12/site-packages/airflow/example_dags/example_params_trigger_ui.py
[2024-06-22T07:52:23.749+0000] {processor.py:830} INFO - Processing file /home/airflow/.local/lib/python3.12/site-packages/airflow/example_dags/example_params_trigger_ui.py for tasks to queue
[2024-06-22T07:52:23.778+0000] {logging_mixin.py:188} INFO - [2024-06-22T07:52:23.776+0000] {dagbag.py:540} INFO - Filling up the DagBag from /home/airflow/.local/lib/python3.12/site-packages/airflow/example_dags/example_params_trigger_ui.py
[2024-06-22T07:52:24.168+0000] {processor.py:840} INFO - DAG(s) 'example_params_trigger_ui' retrieved from /home/airflow/.local/lib/python3.12/site-packages/airflow/example_dags/example_params_trigger_ui.py
[2024-06-22T07:52:25.245+0000] {logging_mixin.py:188} INFO - [2024-06-22T07:52:25.243+0000] {dag.py:3096} INFO - Sync 1 DAGs
[2024-06-22T07:52:25.619+0000] {logging_mixin.py:188} INFO - [2024-06-22T07:52:25.617+0000] {dag.py:3954} INFO - Setting next_dagrun for example_params_trigger_ui to None, run_after=None
[2024-06-22T07:52:25.989+0000] {processor.py:183} INFO - Processing /home/airflow/.local/lib/python3.12/site-packages/airflow/example_dags/example_params_trigger_ui.py took 2.405 seconds
[2024-06-22T07:54:31.477+0000] {processor.py:161} INFO - Started process (PID=1485) to work on /home/airflow/.local/lib/python3.12/site-packages/airflow/example_dags/example_params_trigger_ui.py
[2024-06-22T07:54:31.567+0000] {processor.py:830} INFO - Processing file /home/airflow/.local/lib/python3.12/site-packages/airflow/example_dags/example_params_trigger_ui.py for tasks to queue
[2024-06-22T07:54:31.577+0000] {logging_mixin.py:188} INFO - [2024-06-22T07:54:31.575+0000] {dagbag.py:540} INFO - Filling up the DagBag from /home/airflow/.local/lib/python3.12/site-packages/airflow/example_dags/example_params_trigger_ui.py
[2024-06-22T07:54:32.490+0000] {processor.py:840} INFO - DAG(s) 'example_params_trigger_ui' retrieved from /home/airflow/.local/lib/python3.12/site-packages/airflow/example_dags/example_params_trigger_ui.py
[2024-06-22T07:54:34.811+0000] {logging_mixin.py:188} INFO - [2024-06-22T07:54:34.809+0000] {dag.py:3096} INFO - Sync 1 DAGs
[2024-06-22T07:54:35.246+0000] {logging_mixin.py:188} INFO - [2024-06-22T07:54:35.235+0000] {dag.py:3954} INFO - Setting next_dagrun for example_params_trigger_ui to None, run_after=None
[2024-06-22T07:54:35.638+0000] {processor.py:183} INFO - Processing /home/airflow/.local/lib/python3.12/site-packages/airflow/example_dags/example_params_trigger_ui.py took 4.478 seconds
[2024-06-22T07:56:54.860+0000] {processor.py:161} INFO - Started process (PID=1578) to work on /home/airflow/.local/lib/python3.12/site-packages/airflow/example_dags/example_params_trigger_ui.py
[2024-06-22T07:56:54.892+0000] {processor.py:830} INFO - Processing file /home/airflow/.local/lib/python3.12/site-packages/airflow/example_dags/example_params_trigger_ui.py for tasks to queue
[2024-06-22T07:56:54.927+0000] {logging_mixin.py:188} INFO - [2024-06-22T07:56:54.922+0000] {dagbag.py:540} INFO - Filling up the DagBag from /home/airflow/.local/lib/python3.12/site-packages/airflow/example_dags/example_params_trigger_ui.py
[2024-06-22T07:56:55.500+0000] {processor.py:840} INFO - DAG(s) 'example_params_trigger_ui' retrieved from /home/airflow/.local/lib/python3.12/site-packages/airflow/example_dags/example_params_trigger_ui.py
[2024-06-22T07:56:59.247+0000] {logging_mixin.py:188} INFO - [2024-06-22T07:56:59.245+0000] {dag.py:3096} INFO - Sync 1 DAGs
[2024-06-22T07:57:00.271+0000] {logging_mixin.py:188} INFO - [2024-06-22T07:57:00.270+0000] {dag.py:3954} INFO - Setting next_dagrun for example_params_trigger_ui to None, run_after=None
[2024-06-22T07:57:01.115+0000] {processor.py:183} INFO - Processing /home/airflow/.local/lib/python3.12/site-packages/airflow/example_dags/example_params_trigger_ui.py took 6.468 seconds
[2024-06-22T08:29:01.962+0000] {processor.py:161} INFO - Started process (PID=1690) to work on /home/airflow/.local/lib/python3.12/site-packages/airflow/example_dags/example_params_trigger_ui.py
[2024-06-22T08:29:02.002+0000] {processor.py:830} INFO - Processing file /home/airflow/.local/lib/python3.12/site-packages/airflow/example_dags/example_params_trigger_ui.py for tasks to queue
[2024-06-22T08:29:02.055+0000] {logging_mixin.py:188} INFO - [2024-06-22T08:29:02.041+0000] {dagbag.py:540} INFO - Filling up the DagBag from /home/airflow/.local/lib/python3.12/site-packages/airflow/example_dags/example_params_trigger_ui.py
[2024-06-22T08:29:02.758+0000] {processor.py:840} INFO - DAG(s) 'example_params_trigger_ui' retrieved from /home/airflow/.local/lib/python3.12/site-packages/airflow/example_dags/example_params_trigger_ui.py
[2024-06-22T08:29:04.404+0000] {logging_mixin.py:188} INFO - [2024-06-22T08:29:04.403+0000] {dag.py:3096} INFO - Sync 1 DAGs
[2024-06-22T08:29:05.033+0000] {logging_mixin.py:188} INFO - [2024-06-22T08:29:05.026+0000] {dag.py:3954} INFO - Setting next_dagrun for example_params_trigger_ui to None, run_after=None
[2024-06-22T08:29:05.620+0000] {processor.py:183} INFO - Processing /home/airflow/.local/lib/python3.12/site-packages/airflow/example_dags/example_params_trigger_ui.py took 4.063 seconds
[2024-06-22T08:31:28.162+0000] {processor.py:161} INFO - Started process (PID=1791) to work on /home/airflow/.local/lib/python3.12/site-packages/airflow/example_dags/example_params_trigger_ui.py
[2024-06-22T08:31:28.263+0000] {processor.py:830} INFO - Processing file /home/airflow/.local/lib/python3.12/site-packages/airflow/example_dags/example_params_trigger_ui.py for tasks to queue
[2024-06-22T08:31:28.300+0000] {logging_mixin.py:188} INFO - [2024-06-22T08:31:28.297+0000] {dagbag.py:540} INFO - Filling up the DagBag from /home/airflow/.local/lib/python3.12/site-packages/airflow/example_dags/example_params_trigger_ui.py
[2024-06-22T08:31:28.877+0000] {processor.py:840} INFO - DAG(s) 'example_params_trigger_ui' retrieved from /home/airflow/.local/lib/python3.12/site-packages/airflow/example_dags/example_params_trigger_ui.py
[2024-06-22T08:31:31.119+0000] {logging_mixin.py:188} INFO - [2024-06-22T08:31:31.117+0000] {dag.py:3096} INFO - Sync 1 DAGs
[2024-06-22T08:31:32.329+0000] {logging_mixin.py:188} INFO - [2024-06-22T08:31:32.327+0000] {dag.py:3954} INFO - Setting next_dagrun for example_params_trigger_ui to None, run_after=None
[2024-06-22T08:31:32.830+0000] {processor.py:183} INFO - Processing /home/airflow/.local/lib/python3.12/site-packages/airflow/example_dags/example_params_trigger_ui.py took 4.916 seconds
[2024-06-22T08:33:50.951+0000] {processor.py:161} INFO - Started process (PID=1885) to work on /home/airflow/.local/lib/python3.12/site-packages/airflow/example_dags/example_params_trigger_ui.py
[2024-06-22T08:33:50.966+0000] {processor.py:830} INFO - Processing file /home/airflow/.local/lib/python3.12/site-packages/airflow/example_dags/example_params_trigger_ui.py for tasks to queue
[2024-06-22T08:33:50.975+0000] {logging_mixin.py:188} INFO - [2024-06-22T08:33:50.973+0000] {dagbag.py:540} INFO - Filling up the DagBag from /home/airflow/.local/lib/python3.12/site-packages/airflow/example_dags/example_params_trigger_ui.py
[2024-06-22T08:33:51.528+0000] {processor.py:840} INFO - DAG(s) 'example_params_trigger_ui' retrieved from /home/airflow/.local/lib/python3.12/site-packages/airflow/example_dags/example_params_trigger_ui.py
[2024-06-22T08:33:53.068+0000] {logging_mixin.py:188} INFO - [2024-06-22T08:33:53.060+0000] {dag.py:3096} INFO - Sync 1 DAGs
[2024-06-22T08:33:53.582+0000] {logging_mixin.py:188} INFO - [2024-06-22T08:33:53.581+0000] {dag.py:3954} INFO - Setting next_dagrun for example_params_trigger_ui to None, run_after=None
[2024-06-22T08:33:54.431+0000] {processor.py:183} INFO - Processing /home/airflow/.local/lib/python3.12/site-packages/airflow/example_dags/example_params_trigger_ui.py took 3.667 seconds
[2024-06-22T09:13:03.191+0000] {processor.py:161} INFO - Started process (PID=2011) to work on /home/airflow/.local/lib/python3.12/site-packages/airflow/example_dags/example_params_trigger_ui.py
[2024-06-22T09:13:03.194+0000] {processor.py:830} INFO - Processing file /home/airflow/.local/lib/python3.12/site-packages/airflow/example_dags/example_params_trigger_ui.py for tasks to queue
[2024-06-22T09:13:03.196+0000] {logging_mixin.py:188} INFO - [2024-06-22T09:13:03.195+0000] {dagbag.py:540} INFO - Filling up the DagBag from /home/airflow/.local/lib/python3.12/site-packages/airflow/example_dags/example_params_trigger_ui.py
[2024-06-22T09:13:03.291+0000] {processor.py:840} INFO - DAG(s) 'example_params_trigger_ui' retrieved from /home/airflow/.local/lib/python3.12/site-packages/airflow/example_dags/example_params_trigger_ui.py
[2024-06-22T09:13:03.586+0000] {logging_mixin.py:188} INFO - [2024-06-22T09:13:03.585+0000] {dag.py:3096} INFO - Sync 1 DAGs
[2024-06-22T09:13:03.669+0000] {logging_mixin.py:188} INFO - [2024-06-22T09:13:03.664+0000] {dag.py:3954} INFO - Setting next_dagrun for example_params_trigger_ui to None, run_after=None
[2024-06-22T09:13:03.773+0000] {processor.py:183} INFO - Processing /home/airflow/.local/lib/python3.12/site-packages/airflow/example_dags/example_params_trigger_ui.py took 0.611 seconds
[2024-06-22T10:43:38.583+0000] {processor.py:161} INFO - Started process (PID=2080) to work on /home/airflow/.local/lib/python3.12/site-packages/airflow/example_dags/example_params_trigger_ui.py
[2024-06-22T10:43:38.637+0000] {processor.py:830} INFO - Processing file /home/airflow/.local/lib/python3.12/site-packages/airflow/example_dags/example_params_trigger_ui.py for tasks to queue
[2024-06-22T10:43:38.661+0000] {logging_mixin.py:188} INFO - [2024-06-22T10:43:38.648+0000] {dagbag.py:540} INFO - Filling up the DagBag from /home/airflow/.local/lib/python3.12/site-packages/airflow/example_dags/example_params_trigger_ui.py
[2024-06-22T10:43:39.532+0000] {processor.py:840} INFO - DAG(s) 'example_params_trigger_ui' retrieved from /home/airflow/.local/lib/python3.12/site-packages/airflow/example_dags/example_params_trigger_ui.py
[2024-06-22T10:43:42.003+0000] {logging_mixin.py:188} INFO - [2024-06-22T10:43:42.002+0000] {dag.py:3096} INFO - Sync 1 DAGs
[2024-06-22T10:43:42.257+0000] {logging_mixin.py:188} INFO - [2024-06-22T10:43:42.256+0000] {dag.py:3954} INFO - Setting next_dagrun for example_params_trigger_ui to None, run_after=None
[2024-06-22T10:43:43.645+0000] {processor.py:183} INFO - Processing /home/airflow/.local/lib/python3.12/site-packages/airflow/example_dags/example_params_trigger_ui.py took 5.502 seconds
[2024-06-22T11:05:29.808+0000] {processor.py:161} INFO - Started process (PID=72) to work on /home/airflow/.local/lib/python3.12/site-packages/airflow/example_dags/example_params_trigger_ui.py
[2024-06-22T11:05:29.825+0000] {processor.py:830} INFO - Processing file /home/airflow/.local/lib/python3.12/site-packages/airflow/example_dags/example_params_trigger_ui.py for tasks to queue
[2024-06-22T11:05:29.835+0000] {logging_mixin.py:188} INFO - [2024-06-22T11:05:29.834+0000] {dagbag.py:540} INFO - Filling up the DagBag from /home/airflow/.local/lib/python3.12/site-packages/airflow/example_dags/example_params_trigger_ui.py
[2024-06-22T11:05:29.964+0000] {processor.py:840} INFO - DAG(s) 'example_params_trigger_ui' retrieved from /home/airflow/.local/lib/python3.12/site-packages/airflow/example_dags/example_params_trigger_ui.py
[2024-06-22T11:05:31.376+0000] {logging_mixin.py:188} INFO - [2024-06-22T11:05:31.375+0000] {dag.py:3096} INFO - Sync 1 DAGs
[2024-06-22T11:05:31.445+0000] {logging_mixin.py:188} INFO - [2024-06-22T11:05:31.445+0000] {dag.py:3954} INFO - Setting next_dagrun for example_params_trigger_ui to None, run_after=None
[2024-06-22T11:05:31.539+0000] {processor.py:183} INFO - Processing /home/airflow/.local/lib/python3.12/site-packages/airflow/example_dags/example_params_trigger_ui.py took 1.772 seconds
[2024-06-22T11:06:01.975+0000] {processor.py:161} INFO - Started process (PID=132) to work on /home/airflow/.local/lib/python3.12/site-packages/airflow/example_dags/example_params_trigger_ui.py
[2024-06-22T11:06:02.000+0000] {processor.py:830} INFO - Processing file /home/airflow/.local/lib/python3.12/site-packages/airflow/example_dags/example_params_trigger_ui.py for tasks to queue
[2024-06-22T11:06:02.019+0000] {logging_mixin.py:188} INFO - [2024-06-22T11:06:02.015+0000] {dagbag.py:540} INFO - Filling up the DagBag from /home/airflow/.local/lib/python3.12/site-packages/airflow/example_dags/example_params_trigger_ui.py
[2024-06-22T11:06:02.118+0000] {processor.py:840} INFO - DAG(s) 'example_params_trigger_ui' retrieved from /home/airflow/.local/lib/python3.12/site-packages/airflow/example_dags/example_params_trigger_ui.py
[2024-06-22T11:06:02.368+0000] {logging_mixin.py:188} INFO - [2024-06-22T11:06:02.367+0000] {dag.py:3096} INFO - Sync 1 DAGs
[2024-06-22T11:06:02.440+0000] {logging_mixin.py:188} INFO - [2024-06-22T11:06:02.440+0000] {dag.py:3954} INFO - Setting next_dagrun for example_params_trigger_ui to None, run_after=None
[2024-06-22T11:06:02.549+0000] {processor.py:183} INFO - Processing /home/airflow/.local/lib/python3.12/site-packages/airflow/example_dags/example_params_trigger_ui.py took 0.597 seconds
[2024-06-22T11:06:33.103+0000] {processor.py:161} INFO - Started process (PID=193) to work on /home/airflow/.local/lib/python3.12/site-packages/airflow/example_dags/example_params_trigger_ui.py
[2024-06-22T11:06:33.107+0000] {processor.py:830} INFO - Processing file /home/airflow/.local/lib/python3.12/site-packages/airflow/example_dags/example_params_trigger_ui.py for tasks to queue
[2024-06-22T11:06:33.111+0000] {logging_mixin.py:188} INFO - [2024-06-22T11:06:33.110+0000] {dagbag.py:540} INFO - Filling up the DagBag from /home/airflow/.local/lib/python3.12/site-packages/airflow/example_dags/example_params_trigger_ui.py
[2024-06-22T11:06:33.133+0000] {processor.py:840} INFO - DAG(s) 'example_params_trigger_ui' retrieved from /home/airflow/.local/lib/python3.12/site-packages/airflow/example_dags/example_params_trigger_ui.py
[2024-06-22T11:06:33.205+0000] {logging_mixin.py:188} INFO - [2024-06-22T11:06:33.205+0000] {dag.py:3096} INFO - Sync 1 DAGs
[2024-06-22T11:06:33.224+0000] {logging_mixin.py:188} INFO - [2024-06-22T11:06:33.224+0000] {dag.py:3954} INFO - Setting next_dagrun for example_params_trigger_ui to None, run_after=None
[2024-06-22T11:06:33.271+0000] {processor.py:183} INFO - Processing /home/airflow/.local/lib/python3.12/site-packages/airflow/example_dags/example_params_trigger_ui.py took 0.177 seconds
[2024-06-22T11:07:03.539+0000] {processor.py:161} INFO - Started process (PID=252) to work on /home/airflow/.local/lib/python3.12/site-packages/airflow/example_dags/example_params_trigger_ui.py
[2024-06-22T11:07:03.542+0000] {processor.py:830} INFO - Processing file /home/airflow/.local/lib/python3.12/site-packages/airflow/example_dags/example_params_trigger_ui.py for tasks to queue
[2024-06-22T11:07:03.553+0000] {logging_mixin.py:188} INFO - [2024-06-22T11:07:03.551+0000] {dagbag.py:540} INFO - Filling up the DagBag from /home/airflow/.local/lib/python3.12/site-packages/airflow/example_dags/example_params_trigger_ui.py
[2024-06-22T11:07:03.592+0000] {processor.py:840} INFO - DAG(s) 'example_params_trigger_ui' retrieved from /home/airflow/.local/lib/python3.12/site-packages/airflow/example_dags/example_params_trigger_ui.py
[2024-06-22T11:07:03.701+0000] {logging_mixin.py:188} INFO - [2024-06-22T11:07:03.700+0000] {dag.py:3096} INFO - Sync 1 DAGs
[2024-06-22T11:07:03.736+0000] {logging_mixin.py:188} INFO - [2024-06-22T11:07:03.735+0000] {dag.py:3954} INFO - Setting next_dagrun for example_params_trigger_ui to None, run_after=None
[2024-06-22T11:07:03.777+0000] {processor.py:183} INFO - Processing /home/airflow/.local/lib/python3.12/site-packages/airflow/example_dags/example_params_trigger_ui.py took 0.248 seconds
[2024-06-22T11:07:34.326+0000] {processor.py:161} INFO - Started process (PID=311) to work on /home/airflow/.local/lib/python3.12/site-packages/airflow/example_dags/example_params_trigger_ui.py
[2024-06-22T11:07:34.329+0000] {processor.py:830} INFO - Processing file /home/airflow/.local/lib/python3.12/site-packages/airflow/example_dags/example_params_trigger_ui.py for tasks to queue
[2024-06-22T11:07:34.337+0000] {logging_mixin.py:188} INFO - [2024-06-22T11:07:34.335+0000] {dagbag.py:540} INFO - Filling up the DagBag from /home/airflow/.local/lib/python3.12/site-packages/airflow/example_dags/example_params_trigger_ui.py
[2024-06-22T11:07:34.371+0000] {processor.py:840} INFO - DAG(s) 'example_params_trigger_ui' retrieved from /home/airflow/.local/lib/python3.12/site-packages/airflow/example_dags/example_params_trigger_ui.py
[2024-06-22T11:07:34.496+0000] {logging_mixin.py:188} INFO - [2024-06-22T11:07:34.495+0000] {dag.py:3096} INFO - Sync 1 DAGs
[2024-06-22T11:07:34.541+0000] {logging_mixin.py:188} INFO - [2024-06-22T11:07:34.541+0000] {dag.py:3954} INFO - Setting next_dagrun for example_params_trigger_ui to None, run_after=None
[2024-06-22T11:07:34.585+0000] {processor.py:183} INFO - Processing /home/airflow/.local/lib/python3.12/site-packages/airflow/example_dags/example_params_trigger_ui.py took 0.276 seconds
[2024-06-22T11:08:04.707+0000] {processor.py:161} INFO - Started process (PID=369) to work on /home/airflow/.local/lib/python3.12/site-packages/airflow/example_dags/example_params_trigger_ui.py
[2024-06-22T11:08:04.709+0000] {processor.py:830} INFO - Processing file /home/airflow/.local/lib/python3.12/site-packages/airflow/example_dags/example_params_trigger_ui.py for tasks to queue
[2024-06-22T11:08:04.713+0000] {logging_mixin.py:188} INFO - [2024-06-22T11:08:04.713+0000] {dagbag.py:540} INFO - Filling up the DagBag from /home/airflow/.local/lib/python3.12/site-packages/airflow/example_dags/example_params_trigger_ui.py
[2024-06-22T11:08:04.740+0000] {processor.py:840} INFO - DAG(s) 'example_params_trigger_ui' retrieved from /home/airflow/.local/lib/python3.12/site-packages/airflow/example_dags/example_params_trigger_ui.py
[2024-06-22T11:08:04.818+0000] {logging_mixin.py:188} INFO - [2024-06-22T11:08:04.818+0000] {dag.py:3096} INFO - Sync 1 DAGs
[2024-06-22T11:08:04.839+0000] {logging_mixin.py:188} INFO - [2024-06-22T11:08:04.839+0000] {dag.py:3954} INFO - Setting next_dagrun for example_params_trigger_ui to None, run_after=None
[2024-06-22T11:08:04.868+0000] {processor.py:183} INFO - Processing /home/airflow/.local/lib/python3.12/site-packages/airflow/example_dags/example_params_trigger_ui.py took 0.173 seconds
[2024-06-22T11:08:34.918+0000] {processor.py:161} INFO - Started process (PID=427) to work on /home/airflow/.local/lib/python3.12/site-packages/airflow/example_dags/example_params_trigger_ui.py
[2024-06-22T11:08:34.920+0000] {processor.py:830} INFO - Processing file /home/airflow/.local/lib/python3.12/site-packages/airflow/example_dags/example_params_trigger_ui.py for tasks to queue
[2024-06-22T11:08:34.924+0000] {logging_mixin.py:188} INFO - [2024-06-22T11:08:34.923+0000] {dagbag.py:540} INFO - Filling up the DagBag from /home/airflow/.local/lib/python3.12/site-packages/airflow/example_dags/example_params_trigger_ui.py
[2024-06-22T11:08:34.948+0000] {processor.py:840} INFO - DAG(s) 'example_params_trigger_ui' retrieved from /home/airflow/.local/lib/python3.12/site-packages/airflow/example_dags/example_params_trigger_ui.py
[2024-06-22T11:08:35.022+0000] {logging_mixin.py:188} INFO - [2024-06-22T11:08:35.022+0000] {dag.py:3096} INFO - Sync 1 DAGs
[2024-06-22T11:08:35.045+0000] {logging_mixin.py:188} INFO - [2024-06-22T11:08:35.045+0000] {dag.py:3954} INFO - Setting next_dagrun for example_params_trigger_ui to None, run_after=None
[2024-06-22T11:08:35.102+0000] {processor.py:183} INFO - Processing /home/airflow/.local/lib/python3.12/site-packages/airflow/example_dags/example_params_trigger_ui.py took 0.194 seconds
[2024-06-22T11:09:05.298+0000] {processor.py:161} INFO - Started process (PID=484) to work on /home/airflow/.local/lib/python3.12/site-packages/airflow/example_dags/example_params_trigger_ui.py
[2024-06-22T11:09:05.301+0000] {processor.py:830} INFO - Processing file /home/airflow/.local/lib/python3.12/site-packages/airflow/example_dags/example_params_trigger_ui.py for tasks to queue
[2024-06-22T11:09:05.308+0000] {logging_mixin.py:188} INFO - [2024-06-22T11:09:05.307+0000] {dagbag.py:540} INFO - Filling up the DagBag from /home/airflow/.local/lib/python3.12/site-packages/airflow/example_dags/example_params_trigger_ui.py
[2024-06-22T11:09:05.356+0000] {processor.py:840} INFO - DAG(s) 'example_params_trigger_ui' retrieved from /home/airflow/.local/lib/python3.12/site-packages/airflow/example_dags/example_params_trigger_ui.py
[2024-06-22T11:09:05.499+0000] {logging_mixin.py:188} INFO - [2024-06-22T11:09:05.498+0000] {dag.py:3096} INFO - Sync 1 DAGs
[2024-06-22T11:09:05.544+0000] {logging_mixin.py:188} INFO - [2024-06-22T11:09:05.543+0000] {dag.py:3954} INFO - Setting next_dagrun for example_params_trigger_ui to None, run_after=None
[2024-06-22T11:09:05.599+0000] {processor.py:183} INFO - Processing /home/airflow/.local/lib/python3.12/site-packages/airflow/example_dags/example_params_trigger_ui.py took 0.323 seconds
[2024-06-22T11:09:35.994+0000] {processor.py:161} INFO - Started process (PID=542) to work on /home/airflow/.local/lib/python3.12/site-packages/airflow/example_dags/example_params_trigger_ui.py
[2024-06-22T11:09:35.996+0000] {processor.py:830} INFO - Processing file /home/airflow/.local/lib/python3.12/site-packages/airflow/example_dags/example_params_trigger_ui.py for tasks to queue
[2024-06-22T11:09:36.004+0000] {logging_mixin.py:188} INFO - [2024-06-22T11:09:36.003+0000] {dagbag.py:540} INFO - Filling up the DagBag from /home/airflow/.local/lib/python3.12/site-packages/airflow/example_dags/example_params_trigger_ui.py
[2024-06-22T11:09:36.038+0000] {processor.py:840} INFO - DAG(s) 'example_params_trigger_ui' retrieved from /home/airflow/.local/lib/python3.12/site-packages/airflow/example_dags/example_params_trigger_ui.py
[2024-06-22T11:09:36.114+0000] {logging_mixin.py:188} INFO - [2024-06-22T11:09:36.114+0000] {dag.py:3096} INFO - Sync 1 DAGs
[2024-06-22T11:09:36.135+0000] {logging_mixin.py:188} INFO - [2024-06-22T11:09:36.135+0000] {dag.py:3954} INFO - Setting next_dagrun for example_params_trigger_ui to None, run_after=None
[2024-06-22T11:09:36.171+0000] {processor.py:183} INFO - Processing /home/airflow/.local/lib/python3.12/site-packages/airflow/example_dags/example_params_trigger_ui.py took 0.196 seconds
[2024-06-22T11:10:06.414+0000] {processor.py:161} INFO - Started process (PID=603) to work on /home/airflow/.local/lib/python3.12/site-packages/airflow/example_dags/example_params_trigger_ui.py
[2024-06-22T11:10:06.417+0000] {processor.py:830} INFO - Processing file /home/airflow/.local/lib/python3.12/site-packages/airflow/example_dags/example_params_trigger_ui.py for tasks to queue
[2024-06-22T11:10:06.428+0000] {logging_mixin.py:188} INFO - [2024-06-22T11:10:06.426+0000] {dagbag.py:540} INFO - Filling up the DagBag from /home/airflow/.local/lib/python3.12/site-packages/airflow/example_dags/example_params_trigger_ui.py
[2024-06-22T11:10:06.455+0000] {processor.py:840} INFO - DAG(s) 'example_params_trigger_ui' retrieved from /home/airflow/.local/lib/python3.12/site-packages/airflow/example_dags/example_params_trigger_ui.py
[2024-06-22T11:10:06.526+0000] {logging_mixin.py:188} INFO - [2024-06-22T11:10:06.525+0000] {dag.py:3096} INFO - Sync 1 DAGs
[2024-06-22T11:10:06.546+0000] {logging_mixin.py:188} INFO - [2024-06-22T11:10:06.546+0000] {dag.py:3954} INFO - Setting next_dagrun for example_params_trigger_ui to None, run_after=None
[2024-06-22T11:10:06.575+0000] {processor.py:183} INFO - Processing /home/airflow/.local/lib/python3.12/site-packages/airflow/example_dags/example_params_trigger_ui.py took 0.174 seconds
[2024-06-22T11:10:36.912+0000] {processor.py:161} INFO - Started process (PID=662) to work on /home/airflow/.local/lib/python3.12/site-packages/airflow/example_dags/example_params_trigger_ui.py
[2024-06-22T11:10:36.919+0000] {processor.py:830} INFO - Processing file /home/airflow/.local/lib/python3.12/site-packages/airflow/example_dags/example_params_trigger_ui.py for tasks to queue
[2024-06-22T11:10:36.929+0000] {logging_mixin.py:188} INFO - [2024-06-22T11:10:36.929+0000] {dagbag.py:540} INFO - Filling up the DagBag from /home/airflow/.local/lib/python3.12/site-packages/airflow/example_dags/example_params_trigger_ui.py
[2024-06-22T11:10:36.980+0000] {processor.py:840} INFO - DAG(s) 'example_params_trigger_ui' retrieved from /home/airflow/.local/lib/python3.12/site-packages/airflow/example_dags/example_params_trigger_ui.py
[2024-06-22T11:10:37.110+0000] {logging_mixin.py:188} INFO - [2024-06-22T11:10:37.110+0000] {dag.py:3096} INFO - Sync 1 DAGs
[2024-06-22T11:10:37.164+0000] {logging_mixin.py:188} INFO - [2024-06-22T11:10:37.163+0000] {dag.py:3954} INFO - Setting next_dagrun for example_params_trigger_ui to None, run_after=None
[2024-06-22T11:10:37.256+0000] {processor.py:183} INFO - Processing /home/airflow/.local/lib/python3.12/site-packages/airflow/example_dags/example_params_trigger_ui.py took 0.375 seconds
[2024-06-22T11:11:19.196+0000] {processor.py:161} INFO - Started process (PID=726) to work on /home/airflow/.local/lib/python3.12/site-packages/airflow/example_dags/example_params_trigger_ui.py
[2024-06-22T11:11:19.207+0000] {processor.py:830} INFO - Processing file /home/airflow/.local/lib/python3.12/site-packages/airflow/example_dags/example_params_trigger_ui.py for tasks to queue
[2024-06-22T11:11:19.223+0000] {logging_mixin.py:188} INFO - [2024-06-22T11:11:19.219+0000] {dagbag.py:540} INFO - Filling up the DagBag from /home/airflow/.local/lib/python3.12/site-packages/airflow/example_dags/example_params_trigger_ui.py
[2024-06-22T11:11:19.278+0000] {processor.py:840} INFO - DAG(s) 'example_params_trigger_ui' retrieved from /home/airflow/.local/lib/python3.12/site-packages/airflow/example_dags/example_params_trigger_ui.py
[2024-06-22T11:11:19.492+0000] {logging_mixin.py:188} INFO - [2024-06-22T11:11:19.491+0000] {dag.py:3096} INFO - Sync 1 DAGs
[2024-06-22T11:11:19.547+0000] {logging_mixin.py:188} INFO - [2024-06-22T11:11:19.546+0000] {dag.py:3954} INFO - Setting next_dagrun for example_params_trigger_ui to None, run_after=None
[2024-06-22T11:11:19.621+0000] {processor.py:183} INFO - Processing /home/airflow/.local/lib/python3.12/site-packages/airflow/example_dags/example_params_trigger_ui.py took 0.448 seconds
[2024-06-22T11:12:00.161+0000] {processor.py:161} INFO - Started process (PID=792) to work on /home/airflow/.local/lib/python3.12/site-packages/airflow/example_dags/example_params_trigger_ui.py
[2024-06-22T11:12:00.166+0000] {processor.py:830} INFO - Processing file /home/airflow/.local/lib/python3.12/site-packages/airflow/example_dags/example_params_trigger_ui.py for tasks to queue
[2024-06-22T11:12:00.183+0000] {logging_mixin.py:188} INFO - [2024-06-22T11:12:00.180+0000] {dagbag.py:540} INFO - Filling up the DagBag from /home/airflow/.local/lib/python3.12/site-packages/airflow/example_dags/example_params_trigger_ui.py
[2024-06-22T11:12:00.245+0000] {processor.py:840} INFO - DAG(s) 'example_params_trigger_ui' retrieved from /home/airflow/.local/lib/python3.12/site-packages/airflow/example_dags/example_params_trigger_ui.py
[2024-06-22T11:12:00.490+0000] {logging_mixin.py:188} INFO - [2024-06-22T11:12:00.488+0000] {dag.py:3096} INFO - Sync 1 DAGs
[2024-06-22T11:12:01.421+0000] {logging_mixin.py:188} INFO - [2024-06-22T11:12:01.420+0000] {dag.py:3954} INFO - Setting next_dagrun for example_params_trigger_ui to None, run_after=None
[2024-06-22T11:12:02.523+0000] {processor.py:183} INFO - Processing /home/airflow/.local/lib/python3.12/site-packages/airflow/example_dags/example_params_trigger_ui.py took 2.384 seconds
[2024-06-22T11:12:37.528+0000] {processor.py:161} INFO - Started process (PID=851) to work on /home/airflow/.local/lib/python3.12/site-packages/airflow/example_dags/example_params_trigger_ui.py
[2024-06-22T11:12:37.545+0000] {processor.py:830} INFO - Processing file /home/airflow/.local/lib/python3.12/site-packages/airflow/example_dags/example_params_trigger_ui.py for tasks to queue
[2024-06-22T11:12:37.550+0000] {logging_mixin.py:188} INFO - [2024-06-22T11:12:37.550+0000] {dagbag.py:540} INFO - Filling up the DagBag from /home/airflow/.local/lib/python3.12/site-packages/airflow/example_dags/example_params_trigger_ui.py
[2024-06-22T11:12:37.672+0000] {processor.py:840} INFO - DAG(s) 'example_params_trigger_ui' retrieved from /home/airflow/.local/lib/python3.12/site-packages/airflow/example_dags/example_params_trigger_ui.py
[2024-06-22T11:12:38.011+0000] {logging_mixin.py:188} INFO - [2024-06-22T11:12:38.011+0000] {dag.py:3096} INFO - Sync 1 DAGs
[2024-06-22T11:12:38.089+0000] {logging_mixin.py:188} INFO - [2024-06-22T11:12:38.089+0000] {dag.py:3954} INFO - Setting next_dagrun for example_params_trigger_ui to None, run_after=None
[2024-06-22T11:12:38.908+0000] {processor.py:183} INFO - Processing /home/airflow/.local/lib/python3.12/site-packages/airflow/example_dags/example_params_trigger_ui.py took 1.456 seconds
[2024-06-22T11:13:09.342+0000] {processor.py:161} INFO - Started process (PID=909) to work on /home/airflow/.local/lib/python3.12/site-packages/airflow/example_dags/example_params_trigger_ui.py
[2024-06-22T11:13:09.351+0000] {processor.py:830} INFO - Processing file /home/airflow/.local/lib/python3.12/site-packages/airflow/example_dags/example_params_trigger_ui.py for tasks to queue
[2024-06-22T11:13:09.363+0000] {logging_mixin.py:188} INFO - [2024-06-22T11:13:09.363+0000] {dagbag.py:540} INFO - Filling up the DagBag from /home/airflow/.local/lib/python3.12/site-packages/airflow/example_dags/example_params_trigger_ui.py
[2024-06-22T11:13:09.458+0000] {processor.py:840} INFO - DAG(s) 'example_params_trigger_ui' retrieved from /home/airflow/.local/lib/python3.12/site-packages/airflow/example_dags/example_params_trigger_ui.py
[2024-06-22T11:13:09.745+0000] {logging_mixin.py:188} INFO - [2024-06-22T11:13:09.744+0000] {dag.py:3096} INFO - Sync 1 DAGs
[2024-06-22T11:13:09.827+0000] {logging_mixin.py:188} INFO - [2024-06-22T11:13:09.826+0000] {dag.py:3954} INFO - Setting next_dagrun for example_params_trigger_ui to None, run_after=None
[2024-06-22T11:13:09.993+0000] {processor.py:183} INFO - Processing /home/airflow/.local/lib/python3.12/site-packages/airflow/example_dags/example_params_trigger_ui.py took 0.709 seconds
[2024-06-22T11:13:56.500+0000] {processor.py:161} INFO - Started process (PID=979) to work on /home/airflow/.local/lib/python3.12/site-packages/airflow/example_dags/example_params_trigger_ui.py
[2024-06-22T11:13:56.507+0000] {processor.py:830} INFO - Processing file /home/airflow/.local/lib/python3.12/site-packages/airflow/example_dags/example_params_trigger_ui.py for tasks to queue
[2024-06-22T11:13:56.519+0000] {logging_mixin.py:188} INFO - [2024-06-22T11:13:56.519+0000] {dagbag.py:540} INFO - Filling up the DagBag from /home/airflow/.local/lib/python3.12/site-packages/airflow/example_dags/example_params_trigger_ui.py
[2024-06-22T11:13:56.609+0000] {processor.py:840} INFO - DAG(s) 'example_params_trigger_ui' retrieved from /home/airflow/.local/lib/python3.12/site-packages/airflow/example_dags/example_params_trigger_ui.py
[2024-06-22T11:13:56.835+0000] {logging_mixin.py:188} INFO - [2024-06-22T11:13:56.832+0000] {dag.py:3096} INFO - Sync 1 DAGs
[2024-06-22T11:13:56.884+0000] {logging_mixin.py:188} INFO - [2024-06-22T11:13:56.884+0000] {dag.py:3954} INFO - Setting next_dagrun for example_params_trigger_ui to None, run_after=None
[2024-06-22T11:13:56.972+0000] {processor.py:183} INFO - Processing /home/airflow/.local/lib/python3.12/site-packages/airflow/example_dags/example_params_trigger_ui.py took 0.503 seconds
[2024-06-22T11:14:41.461+0000] {processor.py:161} INFO - Started process (PID=1049) to work on /home/airflow/.local/lib/python3.12/site-packages/airflow/example_dags/example_params_trigger_ui.py
[2024-06-22T11:14:41.464+0000] {processor.py:830} INFO - Processing file /home/airflow/.local/lib/python3.12/site-packages/airflow/example_dags/example_params_trigger_ui.py for tasks to queue
[2024-06-22T11:14:41.478+0000] {logging_mixin.py:188} INFO - [2024-06-22T11:14:41.477+0000] {dagbag.py:540} INFO - Filling up the DagBag from /home/airflow/.local/lib/python3.12/site-packages/airflow/example_dags/example_params_trigger_ui.py
[2024-06-22T11:14:41.638+0000] {processor.py:840} INFO - DAG(s) 'example_params_trigger_ui' retrieved from /home/airflow/.local/lib/python3.12/site-packages/airflow/example_dags/example_params_trigger_ui.py
[2024-06-22T11:14:41.937+0000] {logging_mixin.py:188} INFO - [2024-06-22T11:14:41.933+0000] {dag.py:3096} INFO - Sync 1 DAGs
[2024-06-22T11:14:41.976+0000] {logging_mixin.py:188} INFO - [2024-06-22T11:14:41.976+0000] {dag.py:3954} INFO - Setting next_dagrun for example_params_trigger_ui to None, run_after=None
[2024-06-22T11:14:42.100+0000] {processor.py:183} INFO - Processing /home/airflow/.local/lib/python3.12/site-packages/airflow/example_dags/example_params_trigger_ui.py took 0.700 seconds
[2024-06-22T11:15:15.471+0000] {processor.py:161} INFO - Started process (PID=1108) to work on /home/airflow/.local/lib/python3.12/site-packages/airflow/example_dags/example_params_trigger_ui.py
[2024-06-22T11:15:15.479+0000] {processor.py:830} INFO - Processing file /home/airflow/.local/lib/python3.12/site-packages/airflow/example_dags/example_params_trigger_ui.py for tasks to queue
[2024-06-22T11:15:15.492+0000] {logging_mixin.py:188} INFO - [2024-06-22T11:15:15.491+0000] {dagbag.py:540} INFO - Filling up the DagBag from /home/airflow/.local/lib/python3.12/site-packages/airflow/example_dags/example_params_trigger_ui.py
[2024-06-22T11:15:15.634+0000] {processor.py:840} INFO - DAG(s) 'example_params_trigger_ui' retrieved from /home/airflow/.local/lib/python3.12/site-packages/airflow/example_dags/example_params_trigger_ui.py
[2024-06-22T11:15:15.786+0000] {logging_mixin.py:188} INFO - [2024-06-22T11:15:15.785+0000] {dag.py:3096} INFO - Sync 1 DAGs
[2024-06-22T11:15:15.874+0000] {logging_mixin.py:188} INFO - [2024-06-22T11:15:15.873+0000] {dag.py:3954} INFO - Setting next_dagrun for example_params_trigger_ui to None, run_after=None
[2024-06-22T11:15:15.975+0000] {processor.py:183} INFO - Processing /home/airflow/.local/lib/python3.12/site-packages/airflow/example_dags/example_params_trigger_ui.py took 0.559 seconds
[2024-06-22T11:15:46.612+0000] {processor.py:161} INFO - Started process (PID=1166) to work on /home/airflow/.local/lib/python3.12/site-packages/airflow/example_dags/example_params_trigger_ui.py
[2024-06-22T11:15:46.632+0000] {processor.py:830} INFO - Processing file /home/airflow/.local/lib/python3.12/site-packages/airflow/example_dags/example_params_trigger_ui.py for tasks to queue
[2024-06-22T11:15:46.641+0000] {logging_mixin.py:188} INFO - [2024-06-22T11:15:46.640+0000] {dagbag.py:540} INFO - Filling up the DagBag from /home/airflow/.local/lib/python3.12/site-packages/airflow/example_dags/example_params_trigger_ui.py
[2024-06-22T11:15:46.790+0000] {processor.py:840} INFO - DAG(s) 'example_params_trigger_ui' retrieved from /home/airflow/.local/lib/python3.12/site-packages/airflow/example_dags/example_params_trigger_ui.py
[2024-06-22T11:15:46.975+0000] {logging_mixin.py:188} INFO - [2024-06-22T11:15:46.975+0000] {dag.py:3096} INFO - Sync 1 DAGs
[2024-06-22T11:15:47.059+0000] {logging_mixin.py:188} INFO - [2024-06-22T11:15:47.059+0000] {dag.py:3954} INFO - Setting next_dagrun for example_params_trigger_ui to None, run_after=None
[2024-06-22T11:15:47.207+0000] {processor.py:183} INFO - Processing /home/airflow/.local/lib/python3.12/site-packages/airflow/example_dags/example_params_trigger_ui.py took 0.655 seconds
[2024-06-22T11:16:18.655+0000] {processor.py:161} INFO - Started process (PID=1225) to work on /home/airflow/.local/lib/python3.12/site-packages/airflow/example_dags/example_params_trigger_ui.py
[2024-06-22T11:16:18.673+0000] {processor.py:830} INFO - Processing file /home/airflow/.local/lib/python3.12/site-packages/airflow/example_dags/example_params_trigger_ui.py for tasks to queue
[2024-06-22T11:16:18.712+0000] {logging_mixin.py:188} INFO - [2024-06-22T11:16:18.710+0000] {dagbag.py:540} INFO - Filling up the DagBag from /home/airflow/.local/lib/python3.12/site-packages/airflow/example_dags/example_params_trigger_ui.py
[2024-06-22T11:16:19.082+0000] {processor.py:840} INFO - DAG(s) 'example_params_trigger_ui' retrieved from /home/airflow/.local/lib/python3.12/site-packages/airflow/example_dags/example_params_trigger_ui.py
[2024-06-22T11:16:19.198+0000] {logging_mixin.py:188} INFO - [2024-06-22T11:16:19.198+0000] {dag.py:3096} INFO - Sync 1 DAGs
[2024-06-22T11:16:19.231+0000] {logging_mixin.py:188} INFO - [2024-06-22T11:16:19.230+0000] {dag.py:3954} INFO - Setting next_dagrun for example_params_trigger_ui to None, run_after=None
[2024-06-22T11:16:19.552+0000] {processor.py:183} INFO - Processing /home/airflow/.local/lib/python3.12/site-packages/airflow/example_dags/example_params_trigger_ui.py took 1.024 seconds
[2024-06-22T11:16:50.673+0000] {processor.py:161} INFO - Started process (PID=1283) to work on /home/airflow/.local/lib/python3.12/site-packages/airflow/example_dags/example_params_trigger_ui.py
[2024-06-22T11:16:50.696+0000] {processor.py:830} INFO - Processing file /home/airflow/.local/lib/python3.12/site-packages/airflow/example_dags/example_params_trigger_ui.py for tasks to queue
[2024-06-22T11:16:50.759+0000] {logging_mixin.py:188} INFO - [2024-06-22T11:16:50.739+0000] {dagbag.py:540} INFO - Filling up the DagBag from /home/airflow/.local/lib/python3.12/site-packages/airflow/example_dags/example_params_trigger_ui.py
[2024-06-22T11:16:50.840+0000] {processor.py:840} INFO - DAG(s) 'example_params_trigger_ui' retrieved from /home/airflow/.local/lib/python3.12/site-packages/airflow/example_dags/example_params_trigger_ui.py
[2024-06-22T11:16:51.083+0000] {logging_mixin.py:188} INFO - [2024-06-22T11:16:51.082+0000] {dag.py:3096} INFO - Sync 1 DAGs
[2024-06-22T11:16:51.119+0000] {logging_mixin.py:188} INFO - [2024-06-22T11:16:51.118+0000] {dag.py:3954} INFO - Setting next_dagrun for example_params_trigger_ui to None, run_after=None
[2024-06-22T11:16:51.167+0000] {processor.py:183} INFO - Processing /home/airflow/.local/lib/python3.12/site-packages/airflow/example_dags/example_params_trigger_ui.py took 0.578 seconds
[2024-06-22T11:17:22.841+0000] {processor.py:161} INFO - Started process (PID=1351) to work on /home/airflow/.local/lib/python3.12/site-packages/airflow/example_dags/example_params_trigger_ui.py
[2024-06-22T11:17:22.851+0000] {processor.py:830} INFO - Processing file /home/airflow/.local/lib/python3.12/site-packages/airflow/example_dags/example_params_trigger_ui.py for tasks to queue
[2024-06-22T11:17:22.859+0000] {logging_mixin.py:188} INFO - [2024-06-22T11:17:22.858+0000] {dagbag.py:540} INFO - Filling up the DagBag from /home/airflow/.local/lib/python3.12/site-packages/airflow/example_dags/example_params_trigger_ui.py
[2024-06-22T11:17:22.939+0000] {processor.py:840} INFO - DAG(s) 'example_params_trigger_ui' retrieved from /home/airflow/.local/lib/python3.12/site-packages/airflow/example_dags/example_params_trigger_ui.py
[2024-06-22T11:17:23.096+0000] {logging_mixin.py:188} INFO - [2024-06-22T11:17:23.095+0000] {dag.py:3096} INFO - Sync 1 DAGs
[2024-06-22T11:17:23.140+0000] {logging_mixin.py:188} INFO - [2024-06-22T11:17:23.140+0000] {dag.py:3954} INFO - Setting next_dagrun for example_params_trigger_ui to None, run_after=None
[2024-06-22T11:17:23.211+0000] {processor.py:183} INFO - Processing /home/airflow/.local/lib/python3.12/site-packages/airflow/example_dags/example_params_trigger_ui.py took 0.413 seconds
[2024-06-22T11:18:05.375+0000] {processor.py:161} INFO - Started process (PID=1417) to work on /home/airflow/.local/lib/python3.12/site-packages/airflow/example_dags/example_params_trigger_ui.py
[2024-06-22T11:18:05.378+0000] {processor.py:830} INFO - Processing file /home/airflow/.local/lib/python3.12/site-packages/airflow/example_dags/example_params_trigger_ui.py for tasks to queue
[2024-06-22T11:18:05.389+0000] {logging_mixin.py:188} INFO - [2024-06-22T11:18:05.389+0000] {dagbag.py:540} INFO - Filling up the DagBag from /home/airflow/.local/lib/python3.12/site-packages/airflow/example_dags/example_params_trigger_ui.py
[2024-06-22T11:18:05.503+0000] {processor.py:840} INFO - DAG(s) 'example_params_trigger_ui' retrieved from /home/airflow/.local/lib/python3.12/site-packages/airflow/example_dags/example_params_trigger_ui.py
[2024-06-22T11:18:05.761+0000] {logging_mixin.py:188} INFO - [2024-06-22T11:18:05.760+0000] {dag.py:3096} INFO - Sync 1 DAGs
[2024-06-22T11:18:05.836+0000] {logging_mixin.py:188} INFO - [2024-06-22T11:18:05.835+0000] {dag.py:3954} INFO - Setting next_dagrun for example_params_trigger_ui to None, run_after=None
[2024-06-22T11:18:05.928+0000] {processor.py:183} INFO - Processing /home/airflow/.local/lib/python3.12/site-packages/airflow/example_dags/example_params_trigger_ui.py took 0.595 seconds
[2024-06-22T11:18:37.659+0000] {processor.py:161} INFO - Started process (PID=1475) to work on /home/airflow/.local/lib/python3.12/site-packages/airflow/example_dags/example_params_trigger_ui.py
[2024-06-22T11:18:37.672+0000] {processor.py:830} INFO - Processing file /home/airflow/.local/lib/python3.12/site-packages/airflow/example_dags/example_params_trigger_ui.py for tasks to queue
[2024-06-22T11:18:37.688+0000] {logging_mixin.py:188} INFO - [2024-06-22T11:18:37.688+0000] {dagbag.py:540} INFO - Filling up the DagBag from /home/airflow/.local/lib/python3.12/site-packages/airflow/example_dags/example_params_trigger_ui.py
[2024-06-22T11:18:37.827+0000] {processor.py:840} INFO - DAG(s) 'example_params_trigger_ui' retrieved from /home/airflow/.local/lib/python3.12/site-packages/airflow/example_dags/example_params_trigger_ui.py
[2024-06-22T11:18:38.200+0000] {logging_mixin.py:188} INFO - [2024-06-22T11:18:38.197+0000] {dag.py:3096} INFO - Sync 1 DAGs
[2024-06-22T11:18:38.330+0000] {logging_mixin.py:188} INFO - [2024-06-22T11:18:38.330+0000] {dag.py:3954} INFO - Setting next_dagrun for example_params_trigger_ui to None, run_after=None
[2024-06-22T11:18:38.518+0000] {processor.py:183} INFO - Processing /home/airflow/.local/lib/python3.12/site-packages/airflow/example_dags/example_params_trigger_ui.py took 0.925 seconds
[2024-06-22T11:19:14.017+0000] {processor.py:161} INFO - Started process (PID=1533) to work on /home/airflow/.local/lib/python3.12/site-packages/airflow/example_dags/example_params_trigger_ui.py
[2024-06-22T11:19:14.030+0000] {processor.py:830} INFO - Processing file /home/airflow/.local/lib/python3.12/site-packages/airflow/example_dags/example_params_trigger_ui.py for tasks to queue
[2024-06-22T11:19:14.061+0000] {logging_mixin.py:188} INFO - [2024-06-22T11:19:14.061+0000] {dagbag.py:540} INFO - Filling up the DagBag from /home/airflow/.local/lib/python3.12/site-packages/airflow/example_dags/example_params_trigger_ui.py
[2024-06-22T11:19:14.303+0000] {processor.py:840} INFO - DAG(s) 'example_params_trigger_ui' retrieved from /home/airflow/.local/lib/python3.12/site-packages/airflow/example_dags/example_params_trigger_ui.py
[2024-06-22T11:19:14.930+0000] {logging_mixin.py:188} INFO - [2024-06-22T11:19:14.907+0000] {dag.py:3096} INFO - Sync 1 DAGs
[2024-06-22T11:19:15.196+0000] {logging_mixin.py:188} INFO - [2024-06-22T11:19:15.195+0000] {dag.py:3954} INFO - Setting next_dagrun for example_params_trigger_ui to None, run_after=None
[2024-06-22T11:19:15.629+0000] {processor.py:183} INFO - Processing /home/airflow/.local/lib/python3.12/site-packages/airflow/example_dags/example_params_trigger_ui.py took 1.683 seconds
[2024-06-22T11:19:51.259+0000] {processor.py:161} INFO - Started process (PID=1591) to work on /home/airflow/.local/lib/python3.12/site-packages/airflow/example_dags/example_params_trigger_ui.py
[2024-06-22T11:19:51.276+0000] {processor.py:830} INFO - Processing file /home/airflow/.local/lib/python3.12/site-packages/airflow/example_dags/example_params_trigger_ui.py for tasks to queue
[2024-06-22T11:19:51.343+0000] {logging_mixin.py:188} INFO - [2024-06-22T11:19:51.342+0000] {dagbag.py:540} INFO - Filling up the DagBag from /home/airflow/.local/lib/python3.12/site-packages/airflow/example_dags/example_params_trigger_ui.py
[2024-06-22T11:19:51.648+0000] {processor.py:840} INFO - DAG(s) 'example_params_trigger_ui' retrieved from /home/airflow/.local/lib/python3.12/site-packages/airflow/example_dags/example_params_trigger_ui.py
[2024-06-22T11:19:52.442+0000] {logging_mixin.py:188} INFO - [2024-06-22T11:19:52.441+0000] {dag.py:3096} INFO - Sync 1 DAGs
[2024-06-22T11:19:52.693+0000] {logging_mixin.py:188} INFO - [2024-06-22T11:19:52.681+0000] {dag.py:3954} INFO - Setting next_dagrun for example_params_trigger_ui to None, run_after=None
[2024-06-22T11:19:53.018+0000] {processor.py:183} INFO - Processing /home/airflow/.local/lib/python3.12/site-packages/airflow/example_dags/example_params_trigger_ui.py took 1.858 seconds
[2024-06-22T11:20:23.760+0000] {processor.py:161} INFO - Started process (PID=1648) to work on /home/airflow/.local/lib/python3.12/site-packages/airflow/example_dags/example_params_trigger_ui.py
[2024-06-22T11:20:23.769+0000] {processor.py:830} INFO - Processing file /home/airflow/.local/lib/python3.12/site-packages/airflow/example_dags/example_params_trigger_ui.py for tasks to queue
[2024-06-22T11:20:23.786+0000] {logging_mixin.py:188} INFO - [2024-06-22T11:20:23.783+0000] {dagbag.py:540} INFO - Filling up the DagBag from /home/airflow/.local/lib/python3.12/site-packages/airflow/example_dags/example_params_trigger_ui.py
[2024-06-22T11:20:23.877+0000] {processor.py:840} INFO - DAG(s) 'example_params_trigger_ui' retrieved from /home/airflow/.local/lib/python3.12/site-packages/airflow/example_dags/example_params_trigger_ui.py
[2024-06-22T11:20:24.070+0000] {logging_mixin.py:188} INFO - [2024-06-22T11:20:24.069+0000] {dag.py:3096} INFO - Sync 1 DAGs
[2024-06-22T11:20:24.146+0000] {logging_mixin.py:188} INFO - [2024-06-22T11:20:24.145+0000] {dag.py:3954} INFO - Setting next_dagrun for example_params_trigger_ui to None, run_after=None
[2024-06-22T11:20:24.226+0000] {processor.py:183} INFO - Processing /home/airflow/.local/lib/python3.12/site-packages/airflow/example_dags/example_params_trigger_ui.py took 0.492 seconds
[2024-06-22T11:20:54.657+0000] {processor.py:161} INFO - Started process (PID=1706) to work on /home/airflow/.local/lib/python3.12/site-packages/airflow/example_dags/example_params_trigger_ui.py
[2024-06-22T11:20:54.661+0000] {processor.py:830} INFO - Processing file /home/airflow/.local/lib/python3.12/site-packages/airflow/example_dags/example_params_trigger_ui.py for tasks to queue
[2024-06-22T11:20:54.671+0000] {logging_mixin.py:188} INFO - [2024-06-22T11:20:54.670+0000] {dagbag.py:540} INFO - Filling up the DagBag from /home/airflow/.local/lib/python3.12/site-packages/airflow/example_dags/example_params_trigger_ui.py
[2024-06-22T11:20:54.702+0000] {processor.py:840} INFO - DAG(s) 'example_params_trigger_ui' retrieved from /home/airflow/.local/lib/python3.12/site-packages/airflow/example_dags/example_params_trigger_ui.py
[2024-06-22T11:20:54.786+0000] {logging_mixin.py:188} INFO - [2024-06-22T11:20:54.786+0000] {dag.py:3096} INFO - Sync 1 DAGs
[2024-06-22T11:20:54.811+0000] {logging_mixin.py:188} INFO - [2024-06-22T11:20:54.810+0000] {dag.py:3954} INFO - Setting next_dagrun for example_params_trigger_ui to None, run_after=None
[2024-06-22T11:20:54.850+0000] {processor.py:183} INFO - Processing /home/airflow/.local/lib/python3.12/site-packages/airflow/example_dags/example_params_trigger_ui.py took 0.205 seconds
[2024-06-22T11:22:00.774+0000] {processor.py:161} INFO - Started process (PID=1766) to work on /home/airflow/.local/lib/python3.12/site-packages/airflow/example_dags/example_params_trigger_ui.py
[2024-06-22T11:22:00.779+0000] {processor.py:830} INFO - Processing file /home/airflow/.local/lib/python3.12/site-packages/airflow/example_dags/example_params_trigger_ui.py for tasks to queue
[2024-06-22T11:22:00.800+0000] {logging_mixin.py:188} INFO - [2024-06-22T11:22:00.799+0000] {dagbag.py:540} INFO - Filling up the DagBag from /home/airflow/.local/lib/python3.12/site-packages/airflow/example_dags/example_params_trigger_ui.py
[2024-06-22T11:22:00.840+0000] {processor.py:840} INFO - DAG(s) 'example_params_trigger_ui' retrieved from /home/airflow/.local/lib/python3.12/site-packages/airflow/example_dags/example_params_trigger_ui.py
[2024-06-22T11:22:01.045+0000] {logging_mixin.py:188} INFO - [2024-06-22T11:22:01.045+0000] {dag.py:3096} INFO - Sync 1 DAGs
[2024-06-22T11:22:01.119+0000] {logging_mixin.py:188} INFO - [2024-06-22T11:22:01.118+0000] {dag.py:3954} INFO - Setting next_dagrun for example_params_trigger_ui to None, run_after=None
[2024-06-22T11:22:01.171+0000] {processor.py:183} INFO - Processing /home/airflow/.local/lib/python3.12/site-packages/airflow/example_dags/example_params_trigger_ui.py took 0.427 seconds
[2024-06-22T11:22:34.072+0000] {processor.py:161} INFO - Started process (PID=1825) to work on /home/airflow/.local/lib/python3.12/site-packages/airflow/example_dags/example_params_trigger_ui.py
[2024-06-22T11:22:34.076+0000] {processor.py:830} INFO - Processing file /home/airflow/.local/lib/python3.12/site-packages/airflow/example_dags/example_params_trigger_ui.py for tasks to queue
[2024-06-22T11:22:34.082+0000] {logging_mixin.py:188} INFO - [2024-06-22T11:22:34.081+0000] {dagbag.py:540} INFO - Filling up the DagBag from /home/airflow/.local/lib/python3.12/site-packages/airflow/example_dags/example_params_trigger_ui.py
[2024-06-22T11:22:34.112+0000] {processor.py:840} INFO - DAG(s) 'example_params_trigger_ui' retrieved from /home/airflow/.local/lib/python3.12/site-packages/airflow/example_dags/example_params_trigger_ui.py
[2024-06-22T11:22:34.199+0000] {logging_mixin.py:188} INFO - [2024-06-22T11:22:34.199+0000] {dag.py:3096} INFO - Sync 1 DAGs
[2024-06-22T11:22:34.221+0000] {logging_mixin.py:188} INFO - [2024-06-22T11:22:34.220+0000] {dag.py:3954} INFO - Setting next_dagrun for example_params_trigger_ui to None, run_after=None
[2024-06-22T11:22:34.251+0000] {processor.py:183} INFO - Processing /home/airflow/.local/lib/python3.12/site-packages/airflow/example_dags/example_params_trigger_ui.py took 0.190 seconds
[2024-06-22T11:23:07.798+0000] {processor.py:161} INFO - Started process (PID=1884) to work on /home/airflow/.local/lib/python3.12/site-packages/airflow/example_dags/example_params_trigger_ui.py
[2024-06-22T11:23:07.802+0000] {processor.py:830} INFO - Processing file /home/airflow/.local/lib/python3.12/site-packages/airflow/example_dags/example_params_trigger_ui.py for tasks to queue
[2024-06-22T11:23:07.826+0000] {logging_mixin.py:188} INFO - [2024-06-22T11:23:07.821+0000] {dagbag.py:540} INFO - Filling up the DagBag from /home/airflow/.local/lib/python3.12/site-packages/airflow/example_dags/example_params_trigger_ui.py
[2024-06-22T11:23:07.921+0000] {processor.py:840} INFO - DAG(s) 'example_params_trigger_ui' retrieved from /home/airflow/.local/lib/python3.12/site-packages/airflow/example_dags/example_params_trigger_ui.py
[2024-06-22T11:23:08.607+0000] {logging_mixin.py:188} INFO - [2024-06-22T11:23:08.606+0000] {dag.py:3096} INFO - Sync 1 DAGs
[2024-06-22T11:23:08.689+0000] {logging_mixin.py:188} INFO - [2024-06-22T11:23:08.687+0000] {dag.py:3954} INFO - Setting next_dagrun for example_params_trigger_ui to None, run_after=None
[2024-06-22T11:23:08.844+0000] {processor.py:183} INFO - Processing /home/airflow/.local/lib/python3.12/site-packages/airflow/example_dags/example_params_trigger_ui.py took 1.074 seconds
[2024-06-22T11:23:38.958+0000] {processor.py:161} INFO - Started process (PID=1948) to work on /home/airflow/.local/lib/python3.12/site-packages/airflow/example_dags/example_params_trigger_ui.py
[2024-06-22T11:23:38.962+0000] {processor.py:830} INFO - Processing file /home/airflow/.local/lib/python3.12/site-packages/airflow/example_dags/example_params_trigger_ui.py for tasks to queue
[2024-06-22T11:23:38.971+0000] {logging_mixin.py:188} INFO - [2024-06-22T11:23:38.970+0000] {dagbag.py:540} INFO - Filling up the DagBag from /home/airflow/.local/lib/python3.12/site-packages/airflow/example_dags/example_params_trigger_ui.py
[2024-06-22T11:23:39.007+0000] {processor.py:840} INFO - DAG(s) 'example_params_trigger_ui' retrieved from /home/airflow/.local/lib/python3.12/site-packages/airflow/example_dags/example_params_trigger_ui.py
[2024-06-22T11:23:39.115+0000] {logging_mixin.py:188} INFO - [2024-06-22T11:23:39.114+0000] {dag.py:3096} INFO - Sync 1 DAGs
[2024-06-22T11:23:39.155+0000] {logging_mixin.py:188} INFO - [2024-06-22T11:23:39.155+0000] {dag.py:3954} INFO - Setting next_dagrun for example_params_trigger_ui to None, run_after=None
[2024-06-22T11:23:39.219+0000] {processor.py:183} INFO - Processing /home/airflow/.local/lib/python3.12/site-packages/airflow/example_dags/example_params_trigger_ui.py took 0.277 seconds
[2024-06-22T11:24:09.505+0000] {processor.py:161} INFO - Started process (PID=2006) to work on /home/airflow/.local/lib/python3.12/site-packages/airflow/example_dags/example_params_trigger_ui.py
[2024-06-22T11:24:09.507+0000] {processor.py:830} INFO - Processing file /home/airflow/.local/lib/python3.12/site-packages/airflow/example_dags/example_params_trigger_ui.py for tasks to queue
[2024-06-22T11:24:09.512+0000] {logging_mixin.py:188} INFO - [2024-06-22T11:24:09.511+0000] {dagbag.py:540} INFO - Filling up the DagBag from /home/airflow/.local/lib/python3.12/site-packages/airflow/example_dags/example_params_trigger_ui.py
[2024-06-22T11:24:09.542+0000] {processor.py:840} INFO - DAG(s) 'example_params_trigger_ui' retrieved from /home/airflow/.local/lib/python3.12/site-packages/airflow/example_dags/example_params_trigger_ui.py
[2024-06-22T11:24:09.634+0000] {logging_mixin.py:188} INFO - [2024-06-22T11:24:09.634+0000] {dag.py:3096} INFO - Sync 1 DAGs
[2024-06-22T11:24:09.673+0000] {logging_mixin.py:188} INFO - [2024-06-22T11:24:09.673+0000] {dag.py:3954} INFO - Setting next_dagrun for example_params_trigger_ui to None, run_after=None
[2024-06-22T11:24:09.715+0000] {processor.py:183} INFO - Processing /home/airflow/.local/lib/python3.12/site-packages/airflow/example_dags/example_params_trigger_ui.py took 0.222 seconds
