[2024-06-22T04:11:11.560+0000] {processor.py:161} INFO - Started process (PID=53) to work on /home/airflow/.local/lib/python3.12/site-packages/airflow/example_dags/tutorial_dag.py
[2024-06-22T04:11:11.564+0000] {processor.py:830} INFO - Processing file /home/airflow/.local/lib/python3.12/site-packages/airflow/example_dags/tutorial_dag.py for tasks to queue
[2024-06-22T04:11:11.572+0000] {logging_mixin.py:188} INFO - [2024-06-22T04:11:11.571+0000] {dagbag.py:540} INFO - Filling up the DagBag from /home/airflow/.local/lib/python3.12/site-packages/airflow/example_dags/tutorial_dag.py
[2024-06-22T04:11:11.593+0000] {processor.py:840} INFO - DAG(s) 'tutorial_dag' retrieved from /home/airflow/.local/lib/python3.12/site-packages/airflow/example_dags/tutorial_dag.py
[2024-06-22T04:11:11.627+0000] {logging_mixin.py:188} INFO - [2024-06-22T04:11:11.627+0000] {dag.py:3096} INFO - Sync 1 DAGs
[2024-06-22T04:11:11.712+0000] {logging_mixin.py:188} INFO - [2024-06-22T04:11:11.711+0000] {dag.py:3954} INFO - Setting next_dagrun for tutorial_dag to None, run_after=None
[2024-06-22T04:11:11.940+0000] {processor.py:183} INFO - Processing /home/airflow/.local/lib/python3.12/site-packages/airflow/example_dags/tutorial_dag.py took 0.403 seconds
[2024-06-22T04:11:42.971+0000] {processor.py:161} INFO - Started process (PID=112) to work on /home/airflow/.local/lib/python3.12/site-packages/airflow/example_dags/tutorial_dag.py
[2024-06-22T04:11:42.974+0000] {processor.py:830} INFO - Processing file /home/airflow/.local/lib/python3.12/site-packages/airflow/example_dags/tutorial_dag.py for tasks to queue
[2024-06-22T04:11:42.979+0000] {logging_mixin.py:188} INFO - [2024-06-22T04:11:42.978+0000] {dagbag.py:540} INFO - Filling up the DagBag from /home/airflow/.local/lib/python3.12/site-packages/airflow/example_dags/tutorial_dag.py
[2024-06-22T04:11:42.991+0000] {processor.py:840} INFO - DAG(s) 'tutorial_dag' retrieved from /home/airflow/.local/lib/python3.12/site-packages/airflow/example_dags/tutorial_dag.py
[2024-06-22T04:11:43.175+0000] {logging_mixin.py:188} INFO - [2024-06-22T04:11:43.175+0000] {dag.py:3096} INFO - Sync 1 DAGs
[2024-06-22T04:11:43.200+0000] {logging_mixin.py:188} INFO - [2024-06-22T04:11:43.200+0000] {dag.py:3954} INFO - Setting next_dagrun for tutorial_dag to None, run_after=None
[2024-06-22T04:11:43.246+0000] {processor.py:183} INFO - Processing /home/airflow/.local/lib/python3.12/site-packages/airflow/example_dags/tutorial_dag.py took 0.291 seconds
[2024-06-22T04:12:14.029+0000] {processor.py:161} INFO - Started process (PID=170) to work on /home/airflow/.local/lib/python3.12/site-packages/airflow/example_dags/tutorial_dag.py
[2024-06-22T04:12:14.033+0000] {processor.py:830} INFO - Processing file /home/airflow/.local/lib/python3.12/site-packages/airflow/example_dags/tutorial_dag.py for tasks to queue
[2024-06-22T04:12:14.040+0000] {logging_mixin.py:188} INFO - [2024-06-22T04:12:14.039+0000] {dagbag.py:540} INFO - Filling up the DagBag from /home/airflow/.local/lib/python3.12/site-packages/airflow/example_dags/tutorial_dag.py
[2024-06-22T04:12:14.061+0000] {processor.py:840} INFO - DAG(s) 'tutorial_dag' retrieved from /home/airflow/.local/lib/python3.12/site-packages/airflow/example_dags/tutorial_dag.py
[2024-06-22T04:12:14.109+0000] {logging_mixin.py:188} INFO - [2024-06-22T04:12:14.109+0000] {dag.py:3096} INFO - Sync 1 DAGs
[2024-06-22T04:12:14.134+0000] {logging_mixin.py:188} INFO - [2024-06-22T04:12:14.133+0000] {dag.py:3954} INFO - Setting next_dagrun for tutorial_dag to None, run_after=None
[2024-06-22T04:12:14.168+0000] {processor.py:183} INFO - Processing /home/airflow/.local/lib/python3.12/site-packages/airflow/example_dags/tutorial_dag.py took 0.155 seconds
[2024-06-22T04:12:45.044+0000] {processor.py:161} INFO - Started process (PID=229) to work on /home/airflow/.local/lib/python3.12/site-packages/airflow/example_dags/tutorial_dag.py
[2024-06-22T04:12:45.063+0000] {processor.py:830} INFO - Processing file /home/airflow/.local/lib/python3.12/site-packages/airflow/example_dags/tutorial_dag.py for tasks to queue
[2024-06-22T04:12:45.077+0000] {logging_mixin.py:188} INFO - [2024-06-22T04:12:45.077+0000] {dagbag.py:540} INFO - Filling up the DagBag from /home/airflow/.local/lib/python3.12/site-packages/airflow/example_dags/tutorial_dag.py
[2024-06-22T04:12:45.114+0000] {processor.py:840} INFO - DAG(s) 'tutorial_dag' retrieved from /home/airflow/.local/lib/python3.12/site-packages/airflow/example_dags/tutorial_dag.py
[2024-06-22T04:12:45.242+0000] {logging_mixin.py:188} INFO - [2024-06-22T04:12:45.240+0000] {dag.py:3096} INFO - Sync 1 DAGs
[2024-06-22T04:12:45.331+0000] {logging_mixin.py:188} INFO - [2024-06-22T04:12:45.331+0000] {dag.py:3954} INFO - Setting next_dagrun for tutorial_dag to None, run_after=None
[2024-06-22T04:12:45.420+0000] {processor.py:183} INFO - Processing /home/airflow/.local/lib/python3.12/site-packages/airflow/example_dags/tutorial_dag.py took 0.411 seconds
[2024-06-22T04:13:15.633+0000] {processor.py:161} INFO - Started process (PID=288) to work on /home/airflow/.local/lib/python3.12/site-packages/airflow/example_dags/tutorial_dag.py
[2024-06-22T04:13:15.636+0000] {processor.py:830} INFO - Processing file /home/airflow/.local/lib/python3.12/site-packages/airflow/example_dags/tutorial_dag.py for tasks to queue
[2024-06-22T04:13:15.641+0000] {logging_mixin.py:188} INFO - [2024-06-22T04:13:15.640+0000] {dagbag.py:540} INFO - Filling up the DagBag from /home/airflow/.local/lib/python3.12/site-packages/airflow/example_dags/tutorial_dag.py
[2024-06-22T04:13:15.653+0000] {processor.py:840} INFO - DAG(s) 'tutorial_dag' retrieved from /home/airflow/.local/lib/python3.12/site-packages/airflow/example_dags/tutorial_dag.py
[2024-06-22T04:13:15.690+0000] {logging_mixin.py:188} INFO - [2024-06-22T04:13:15.689+0000] {dag.py:3096} INFO - Sync 1 DAGs
[2024-06-22T04:13:15.715+0000] {logging_mixin.py:188} INFO - [2024-06-22T04:13:15.714+0000] {dag.py:3954} INFO - Setting next_dagrun for tutorial_dag to None, run_after=None
[2024-06-22T04:13:15.739+0000] {processor.py:183} INFO - Processing /home/airflow/.local/lib/python3.12/site-packages/airflow/example_dags/tutorial_dag.py took 0.117 seconds
[2024-06-22T04:13:46.113+0000] {processor.py:161} INFO - Started process (PID=347) to work on /home/airflow/.local/lib/python3.12/site-packages/airflow/example_dags/tutorial_dag.py
[2024-06-22T04:13:46.115+0000] {processor.py:830} INFO - Processing file /home/airflow/.local/lib/python3.12/site-packages/airflow/example_dags/tutorial_dag.py for tasks to queue
[2024-06-22T04:13:46.120+0000] {logging_mixin.py:188} INFO - [2024-06-22T04:13:46.120+0000] {dagbag.py:540} INFO - Filling up the DagBag from /home/airflow/.local/lib/python3.12/site-packages/airflow/example_dags/tutorial_dag.py
[2024-06-22T04:13:46.136+0000] {processor.py:840} INFO - DAG(s) 'tutorial_dag' retrieved from /home/airflow/.local/lib/python3.12/site-packages/airflow/example_dags/tutorial_dag.py
[2024-06-22T04:13:46.169+0000] {logging_mixin.py:188} INFO - [2024-06-22T04:13:46.169+0000] {dag.py:3096} INFO - Sync 1 DAGs
[2024-06-22T04:13:46.190+0000] {logging_mixin.py:188} INFO - [2024-06-22T04:13:46.190+0000] {dag.py:3954} INFO - Setting next_dagrun for tutorial_dag to None, run_after=None
[2024-06-22T04:13:46.224+0000] {processor.py:183} INFO - Processing /home/airflow/.local/lib/python3.12/site-packages/airflow/example_dags/tutorial_dag.py took 0.122 seconds
[2024-06-22T04:14:16.776+0000] {processor.py:161} INFO - Started process (PID=409) to work on /home/airflow/.local/lib/python3.12/site-packages/airflow/example_dags/tutorial_dag.py
[2024-06-22T04:14:16.778+0000] {processor.py:830} INFO - Processing file /home/airflow/.local/lib/python3.12/site-packages/airflow/example_dags/tutorial_dag.py for tasks to queue
[2024-06-22T04:14:16.783+0000] {logging_mixin.py:188} INFO - [2024-06-22T04:14:16.782+0000] {dagbag.py:540} INFO - Filling up the DagBag from /home/airflow/.local/lib/python3.12/site-packages/airflow/example_dags/tutorial_dag.py
[2024-06-22T04:14:16.794+0000] {processor.py:840} INFO - DAG(s) 'tutorial_dag' retrieved from /home/airflow/.local/lib/python3.12/site-packages/airflow/example_dags/tutorial_dag.py
[2024-06-22T04:14:16.837+0000] {logging_mixin.py:188} INFO - [2024-06-22T04:14:16.836+0000] {dag.py:3096} INFO - Sync 1 DAGs
[2024-06-22T04:14:16.862+0000] {logging_mixin.py:188} INFO - [2024-06-22T04:14:16.862+0000] {dag.py:3954} INFO - Setting next_dagrun for tutorial_dag to None, run_after=None
[2024-06-22T04:14:16.899+0000] {processor.py:183} INFO - Processing /home/airflow/.local/lib/python3.12/site-packages/airflow/example_dags/tutorial_dag.py took 0.139 seconds
[2024-06-22T04:14:47.328+0000] {processor.py:161} INFO - Started process (PID=468) to work on /home/airflow/.local/lib/python3.12/site-packages/airflow/example_dags/tutorial_dag.py
[2024-06-22T04:14:47.330+0000] {processor.py:830} INFO - Processing file /home/airflow/.local/lib/python3.12/site-packages/airflow/example_dags/tutorial_dag.py for tasks to queue
[2024-06-22T04:14:47.335+0000] {logging_mixin.py:188} INFO - [2024-06-22T04:14:47.334+0000] {dagbag.py:540} INFO - Filling up the DagBag from /home/airflow/.local/lib/python3.12/site-packages/airflow/example_dags/tutorial_dag.py
[2024-06-22T04:14:47.348+0000] {processor.py:840} INFO - DAG(s) 'tutorial_dag' retrieved from /home/airflow/.local/lib/python3.12/site-packages/airflow/example_dags/tutorial_dag.py
[2024-06-22T04:14:47.383+0000] {logging_mixin.py:188} INFO - [2024-06-22T04:14:47.383+0000] {dag.py:3096} INFO - Sync 1 DAGs
[2024-06-22T04:14:47.407+0000] {logging_mixin.py:188} INFO - [2024-06-22T04:14:47.407+0000] {dag.py:3954} INFO - Setting next_dagrun for tutorial_dag to None, run_after=None
[2024-06-22T04:14:47.447+0000] {processor.py:183} INFO - Processing /home/airflow/.local/lib/python3.12/site-packages/airflow/example_dags/tutorial_dag.py took 0.130 seconds
[2024-06-22T04:15:17.981+0000] {processor.py:161} INFO - Started process (PID=529) to work on /home/airflow/.local/lib/python3.12/site-packages/airflow/example_dags/tutorial_dag.py
[2024-06-22T04:15:17.983+0000] {processor.py:830} INFO - Processing file /home/airflow/.local/lib/python3.12/site-packages/airflow/example_dags/tutorial_dag.py for tasks to queue
[2024-06-22T04:15:17.987+0000] {logging_mixin.py:188} INFO - [2024-06-22T04:15:17.986+0000] {dagbag.py:540} INFO - Filling up the DagBag from /home/airflow/.local/lib/python3.12/site-packages/airflow/example_dags/tutorial_dag.py
[2024-06-22T04:15:17.996+0000] {processor.py:840} INFO - DAG(s) 'tutorial_dag' retrieved from /home/airflow/.local/lib/python3.12/site-packages/airflow/example_dags/tutorial_dag.py
[2024-06-22T04:15:18.031+0000] {logging_mixin.py:188} INFO - [2024-06-22T04:15:18.031+0000] {dag.py:3096} INFO - Sync 1 DAGs
[2024-06-22T04:15:18.055+0000] {logging_mixin.py:188} INFO - [2024-06-22T04:15:18.054+0000] {dag.py:3954} INFO - Setting next_dagrun for tutorial_dag to None, run_after=None
[2024-06-22T04:15:18.084+0000] {processor.py:183} INFO - Processing /home/airflow/.local/lib/python3.12/site-packages/airflow/example_dags/tutorial_dag.py took 0.112 seconds
[2024-06-22T04:15:48.485+0000] {processor.py:161} INFO - Started process (PID=587) to work on /home/airflow/.local/lib/python3.12/site-packages/airflow/example_dags/tutorial_dag.py
[2024-06-22T04:15:48.486+0000] {processor.py:830} INFO - Processing file /home/airflow/.local/lib/python3.12/site-packages/airflow/example_dags/tutorial_dag.py for tasks to queue
[2024-06-22T04:15:48.490+0000] {logging_mixin.py:188} INFO - [2024-06-22T04:15:48.489+0000] {dagbag.py:540} INFO - Filling up the DagBag from /home/airflow/.local/lib/python3.12/site-packages/airflow/example_dags/tutorial_dag.py
[2024-06-22T04:15:48.498+0000] {processor.py:840} INFO - DAG(s) 'tutorial_dag' retrieved from /home/airflow/.local/lib/python3.12/site-packages/airflow/example_dags/tutorial_dag.py
[2024-06-22T04:15:48.531+0000] {logging_mixin.py:188} INFO - [2024-06-22T04:15:48.530+0000] {dag.py:3096} INFO - Sync 1 DAGs
[2024-06-22T04:15:48.557+0000] {logging_mixin.py:188} INFO - [2024-06-22T04:15:48.557+0000] {dag.py:3954} INFO - Setting next_dagrun for tutorial_dag to None, run_after=None
[2024-06-22T04:15:48.600+0000] {processor.py:183} INFO - Processing /home/airflow/.local/lib/python3.12/site-packages/airflow/example_dags/tutorial_dag.py took 0.124 seconds
[2024-06-22T04:16:19.715+0000] {processor.py:161} INFO - Started process (PID=647) to work on /home/airflow/.local/lib/python3.12/site-packages/airflow/example_dags/tutorial_dag.py
[2024-06-22T04:16:19.717+0000] {processor.py:830} INFO - Processing file /home/airflow/.local/lib/python3.12/site-packages/airflow/example_dags/tutorial_dag.py for tasks to queue
[2024-06-22T04:16:19.720+0000] {logging_mixin.py:188} INFO - [2024-06-22T04:16:19.719+0000] {dagbag.py:540} INFO - Filling up the DagBag from /home/airflow/.local/lib/python3.12/site-packages/airflow/example_dags/tutorial_dag.py
[2024-06-22T04:16:19.729+0000] {processor.py:840} INFO - DAG(s) 'tutorial_dag' retrieved from /home/airflow/.local/lib/python3.12/site-packages/airflow/example_dags/tutorial_dag.py
[2024-06-22T04:16:19.757+0000] {logging_mixin.py:188} INFO - [2024-06-22T04:16:19.756+0000] {dag.py:3096} INFO - Sync 1 DAGs
[2024-06-22T04:16:19.780+0000] {logging_mixin.py:188} INFO - [2024-06-22T04:16:19.779+0000] {dag.py:3954} INFO - Setting next_dagrun for tutorial_dag to None, run_after=None
[2024-06-22T04:16:19.806+0000] {processor.py:183} INFO - Processing /home/airflow/.local/lib/python3.12/site-packages/airflow/example_dags/tutorial_dag.py took 0.104 seconds
[2024-06-22T04:16:50.911+0000] {processor.py:161} INFO - Started process (PID=706) to work on /home/airflow/.local/lib/python3.12/site-packages/airflow/example_dags/tutorial_dag.py
[2024-06-22T04:16:50.919+0000] {processor.py:830} INFO - Processing file /home/airflow/.local/lib/python3.12/site-packages/airflow/example_dags/tutorial_dag.py for tasks to queue
[2024-06-22T04:16:50.925+0000] {logging_mixin.py:188} INFO - [2024-06-22T04:16:50.924+0000] {dagbag.py:540} INFO - Filling up the DagBag from /home/airflow/.local/lib/python3.12/site-packages/airflow/example_dags/tutorial_dag.py
[2024-06-22T04:16:50.951+0000] {processor.py:840} INFO - DAG(s) 'tutorial_dag' retrieved from /home/airflow/.local/lib/python3.12/site-packages/airflow/example_dags/tutorial_dag.py
[2024-06-22T04:16:51.023+0000] {logging_mixin.py:188} INFO - [2024-06-22T04:16:51.022+0000] {dag.py:3096} INFO - Sync 1 DAGs
[2024-06-22T04:16:51.104+0000] {logging_mixin.py:188} INFO - [2024-06-22T04:16:51.103+0000] {dag.py:3954} INFO - Setting next_dagrun for tutorial_dag to None, run_after=None
[2024-06-22T04:16:51.183+0000] {processor.py:183} INFO - Processing /home/airflow/.local/lib/python3.12/site-packages/airflow/example_dags/tutorial_dag.py took 0.302 seconds
[2024-06-22T04:17:21.658+0000] {processor.py:161} INFO - Started process (PID=766) to work on /home/airflow/.local/lib/python3.12/site-packages/airflow/example_dags/tutorial_dag.py
[2024-06-22T04:17:21.661+0000] {processor.py:830} INFO - Processing file /home/airflow/.local/lib/python3.12/site-packages/airflow/example_dags/tutorial_dag.py for tasks to queue
[2024-06-22T04:17:21.665+0000] {logging_mixin.py:188} INFO - [2024-06-22T04:17:21.665+0000] {dagbag.py:540} INFO - Filling up the DagBag from /home/airflow/.local/lib/python3.12/site-packages/airflow/example_dags/tutorial_dag.py
[2024-06-22T04:17:21.681+0000] {processor.py:840} INFO - DAG(s) 'tutorial_dag' retrieved from /home/airflow/.local/lib/python3.12/site-packages/airflow/example_dags/tutorial_dag.py
[2024-06-22T04:17:21.722+0000] {logging_mixin.py:188} INFO - [2024-06-22T04:17:21.722+0000] {dag.py:3096} INFO - Sync 1 DAGs
[2024-06-22T04:17:21.760+0000] {logging_mixin.py:188} INFO - [2024-06-22T04:17:21.760+0000] {dag.py:3954} INFO - Setting next_dagrun for tutorial_dag to None, run_after=None
[2024-06-22T04:17:21.809+0000] {processor.py:183} INFO - Processing /home/airflow/.local/lib/python3.12/site-packages/airflow/example_dags/tutorial_dag.py took 0.168 seconds
[2024-06-22T06:19:32.812+0000] {processor.py:161} INFO - Started process (PID=845) to work on /home/airflow/.local/lib/python3.12/site-packages/airflow/example_dags/tutorial_dag.py
[2024-06-22T06:19:32.862+0000] {processor.py:830} INFO - Processing file /home/airflow/.local/lib/python3.12/site-packages/airflow/example_dags/tutorial_dag.py for tasks to queue
[2024-06-22T06:19:32.914+0000] {logging_mixin.py:188} INFO - [2024-06-22T06:19:32.891+0000] {dagbag.py:540} INFO - Filling up the DagBag from /home/airflow/.local/lib/python3.12/site-packages/airflow/example_dags/tutorial_dag.py
[2024-06-22T06:19:33.356+0000] {processor.py:840} INFO - DAG(s) 'tutorial_dag' retrieved from /home/airflow/.local/lib/python3.12/site-packages/airflow/example_dags/tutorial_dag.py
[2024-06-22T06:19:34.889+0000] {logging_mixin.py:188} INFO - [2024-06-22T06:19:34.833+0000] {dag.py:3096} INFO - Sync 1 DAGs
[2024-06-22T06:19:35.643+0000] {logging_mixin.py:188} INFO - [2024-06-22T06:19:35.630+0000] {dag.py:3954} INFO - Setting next_dagrun for tutorial_dag to None, run_after=None
[2024-06-22T06:19:37.937+0000] {processor.py:183} INFO - Processing /home/airflow/.local/lib/python3.12/site-packages/airflow/example_dags/tutorial_dag.py took 5.377 seconds
[2024-06-22T06:22:46.304+0000] {processor.py:161} INFO - Started process (PID=935) to work on /home/airflow/.local/lib/python3.12/site-packages/airflow/example_dags/tutorial_dag.py
[2024-06-22T06:22:46.335+0000] {processor.py:830} INFO - Processing file /home/airflow/.local/lib/python3.12/site-packages/airflow/example_dags/tutorial_dag.py for tasks to queue
[2024-06-22T06:22:46.366+0000] {logging_mixin.py:188} INFO - [2024-06-22T06:22:46.364+0000] {dagbag.py:540} INFO - Filling up the DagBag from /home/airflow/.local/lib/python3.12/site-packages/airflow/example_dags/tutorial_dag.py
[2024-06-22T06:22:46.497+0000] {processor.py:840} INFO - DAG(s) 'tutorial_dag' retrieved from /home/airflow/.local/lib/python3.12/site-packages/airflow/example_dags/tutorial_dag.py
[2024-06-22T06:22:47.661+0000] {logging_mixin.py:188} INFO - [2024-06-22T06:22:47.630+0000] {dag.py:3096} INFO - Sync 1 DAGs
[2024-06-22T06:22:48.084+0000] {logging_mixin.py:188} INFO - [2024-06-22T06:22:48.073+0000] {dag.py:3954} INFO - Setting next_dagrun for tutorial_dag to None, run_after=None
[2024-06-22T06:22:48.730+0000] {processor.py:183} INFO - Processing /home/airflow/.local/lib/python3.12/site-packages/airflow/example_dags/tutorial_dag.py took 2.666 seconds
[2024-06-22T06:54:30.744+0000] {processor.py:161} INFO - Started process (PID=993) to work on /home/airflow/.local/lib/python3.12/site-packages/airflow/example_dags/tutorial_dag.py
[2024-06-22T06:54:30.804+0000] {processor.py:830} INFO - Processing file /home/airflow/.local/lib/python3.12/site-packages/airflow/example_dags/tutorial_dag.py for tasks to queue
[2024-06-22T06:54:30.861+0000] {logging_mixin.py:188} INFO - [2024-06-22T06:54:30.845+0000] {dagbag.py:540} INFO - Filling up the DagBag from /home/airflow/.local/lib/python3.12/site-packages/airflow/example_dags/tutorial_dag.py
[2024-06-22T06:54:31.254+0000] {processor.py:840} INFO - DAG(s) 'tutorial_dag' retrieved from /home/airflow/.local/lib/python3.12/site-packages/airflow/example_dags/tutorial_dag.py
[2024-06-22T06:54:33.144+0000] {logging_mixin.py:188} INFO - [2024-06-22T06:54:33.112+0000] {dag.py:3096} INFO - Sync 1 DAGs
[2024-06-22T06:54:42.590+0000] {logging_mixin.py:188} INFO - [2024-06-22T06:54:42.583+0000] {dag.py:3954} INFO - Setting next_dagrun for tutorial_dag to None, run_after=None
[2024-06-22T06:54:43.846+0000] {processor.py:183} INFO - Processing /home/airflow/.local/lib/python3.12/site-packages/airflow/example_dags/tutorial_dag.py took 13.590 seconds
[2024-06-22T06:57:36.523+0000] {processor.py:161} INFO - Started process (PID=1072) to work on /home/airflow/.local/lib/python3.12/site-packages/airflow/example_dags/tutorial_dag.py
[2024-06-22T06:57:36.549+0000] {processor.py:830} INFO - Processing file /home/airflow/.local/lib/python3.12/site-packages/airflow/example_dags/tutorial_dag.py for tasks to queue
[2024-06-22T06:57:36.570+0000] {logging_mixin.py:188} INFO - [2024-06-22T06:57:36.557+0000] {dagbag.py:540} INFO - Filling up the DagBag from /home/airflow/.local/lib/python3.12/site-packages/airflow/example_dags/tutorial_dag.py
[2024-06-22T06:57:36.838+0000] {processor.py:840} INFO - DAG(s) 'tutorial_dag' retrieved from /home/airflow/.local/lib/python3.12/site-packages/airflow/example_dags/tutorial_dag.py
[2024-06-22T06:57:37.718+0000] {logging_mixin.py:188} INFO - [2024-06-22T06:57:37.716+0000] {dag.py:3096} INFO - Sync 1 DAGs
[2024-06-22T06:57:38.361+0000] {logging_mixin.py:188} INFO - [2024-06-22T06:57:38.359+0000] {dag.py:3954} INFO - Setting next_dagrun for tutorial_dag to None, run_after=None
[2024-06-22T06:57:38.972+0000] {processor.py:183} INFO - Processing /home/airflow/.local/lib/python3.12/site-packages/airflow/example_dags/tutorial_dag.py took 2.686 seconds
[2024-06-22T06:58:27.693+0000] {processor.py:161} INFO - Started process (PID=1120) to work on /home/airflow/.local/lib/python3.12/site-packages/airflow/example_dags/tutorial_dag.py
[2024-06-22T06:58:27.738+0000] {processor.py:830} INFO - Processing file /home/airflow/.local/lib/python3.12/site-packages/airflow/example_dags/tutorial_dag.py for tasks to queue
[2024-06-22T06:58:27.764+0000] {logging_mixin.py:188} INFO - [2024-06-22T06:58:27.748+0000] {dagbag.py:540} INFO - Filling up the DagBag from /home/airflow/.local/lib/python3.12/site-packages/airflow/example_dags/tutorial_dag.py
[2024-06-22T06:58:27.968+0000] {processor.py:840} INFO - DAG(s) 'tutorial_dag' retrieved from /home/airflow/.local/lib/python3.12/site-packages/airflow/example_dags/tutorial_dag.py
[2024-06-22T06:58:29.114+0000] {logging_mixin.py:188} INFO - [2024-06-22T06:58:29.100+0000] {dag.py:3096} INFO - Sync 1 DAGs
[2024-06-22T06:58:29.851+0000] {logging_mixin.py:188} INFO - [2024-06-22T06:58:29.849+0000] {dag.py:3954} INFO - Setting next_dagrun for tutorial_dag to None, run_after=None
[2024-06-22T06:58:31.137+0000] {processor.py:183} INFO - Processing /home/airflow/.local/lib/python3.12/site-packages/airflow/example_dags/tutorial_dag.py took 3.855 seconds
[2024-06-22T07:31:39.767+0000] {processor.py:161} INFO - Started process (PID=1167) to work on /home/airflow/.local/lib/python3.12/site-packages/airflow/example_dags/tutorial_dag.py
[2024-06-22T07:31:39.781+0000] {processor.py:830} INFO - Processing file /home/airflow/.local/lib/python3.12/site-packages/airflow/example_dags/tutorial_dag.py for tasks to queue
[2024-06-22T07:31:39.790+0000] {logging_mixin.py:188} INFO - [2024-06-22T07:31:39.786+0000] {dagbag.py:540} INFO - Filling up the DagBag from /home/airflow/.local/lib/python3.12/site-packages/airflow/example_dags/tutorial_dag.py
[2024-06-22T07:31:39.818+0000] {processor.py:840} INFO - DAG(s) 'tutorial_dag' retrieved from /home/airflow/.local/lib/python3.12/site-packages/airflow/example_dags/tutorial_dag.py
[2024-06-22T07:31:39.939+0000] {logging_mixin.py:188} INFO - [2024-06-22T07:31:39.938+0000] {dag.py:3096} INFO - Sync 1 DAGs
[2024-06-22T07:31:40.011+0000] {logging_mixin.py:188} INFO - [2024-06-22T07:31:40.010+0000] {dag.py:3954} INFO - Setting next_dagrun for tutorial_dag to None, run_after=None
[2024-06-22T07:31:40.118+0000] {processor.py:183} INFO - Processing /home/airflow/.local/lib/python3.12/site-packages/airflow/example_dags/tutorial_dag.py took 0.376 seconds
[2024-06-22T07:32:29.588+0000] {processor.py:161} INFO - Started process (PID=1216) to work on /home/airflow/.local/lib/python3.12/site-packages/airflow/example_dags/tutorial_dag.py
[2024-06-22T07:32:29.591+0000] {processor.py:830} INFO - Processing file /home/airflow/.local/lib/python3.12/site-packages/airflow/example_dags/tutorial_dag.py for tasks to queue
[2024-06-22T07:32:29.594+0000] {logging_mixin.py:188} INFO - [2024-06-22T07:32:29.593+0000] {dagbag.py:540} INFO - Filling up the DagBag from /home/airflow/.local/lib/python3.12/site-packages/airflow/example_dags/tutorial_dag.py
[2024-06-22T07:32:29.618+0000] {processor.py:840} INFO - DAG(s) 'tutorial_dag' retrieved from /home/airflow/.local/lib/python3.12/site-packages/airflow/example_dags/tutorial_dag.py
[2024-06-22T07:32:29.713+0000] {logging_mixin.py:188} INFO - [2024-06-22T07:32:29.713+0000] {dag.py:3096} INFO - Sync 1 DAGs
[2024-06-22T07:32:29.776+0000] {logging_mixin.py:188} INFO - [2024-06-22T07:32:29.775+0000] {dag.py:3954} INFO - Setting next_dagrun for tutorial_dag to None, run_after=None
[2024-06-22T07:32:29.867+0000] {processor.py:183} INFO - Processing /home/airflow/.local/lib/python3.12/site-packages/airflow/example_dags/tutorial_dag.py took 0.322 seconds
[2024-06-22T07:49:24.552+0000] {processor.py:161} INFO - Started process (PID=1274) to work on /home/airflow/.local/lib/python3.12/site-packages/airflow/example_dags/tutorial_dag.py
[2024-06-22T07:49:24.610+0000] {processor.py:830} INFO - Processing file /home/airflow/.local/lib/python3.12/site-packages/airflow/example_dags/tutorial_dag.py for tasks to queue
[2024-06-22T07:49:24.673+0000] {logging_mixin.py:188} INFO - [2024-06-22T07:49:24.641+0000] {dagbag.py:540} INFO - Filling up the DagBag from /home/airflow/.local/lib/python3.12/site-packages/airflow/example_dags/tutorial_dag.py
[2024-06-22T07:49:25.160+0000] {processor.py:840} INFO - DAG(s) 'tutorial_dag' retrieved from /home/airflow/.local/lib/python3.12/site-packages/airflow/example_dags/tutorial_dag.py
[2024-06-22T07:49:25.977+0000] {logging_mixin.py:188} INFO - [2024-06-22T07:49:25.962+0000] {dag.py:3096} INFO - Sync 1 DAGs
[2024-06-22T07:49:26.340+0000] {logging_mixin.py:188} INFO - [2024-06-22T07:49:26.338+0000] {dag.py:3954} INFO - Setting next_dagrun for tutorial_dag to None, run_after=None
[2024-06-22T07:49:26.712+0000] {processor.py:183} INFO - Processing /home/airflow/.local/lib/python3.12/site-packages/airflow/example_dags/tutorial_dag.py took 2.991 seconds
[2024-06-22T07:50:56.472+0000] {processor.py:161} INFO - Started process (PID=1330) to work on /home/airflow/.local/lib/python3.12/site-packages/airflow/example_dags/tutorial_dag.py
[2024-06-22T07:50:56.535+0000] {processor.py:830} INFO - Processing file /home/airflow/.local/lib/python3.12/site-packages/airflow/example_dags/tutorial_dag.py for tasks to queue
[2024-06-22T07:50:56.550+0000] {logging_mixin.py:188} INFO - [2024-06-22T07:50:56.547+0000] {dagbag.py:540} INFO - Filling up the DagBag from /home/airflow/.local/lib/python3.12/site-packages/airflow/example_dags/tutorial_dag.py
[2024-06-22T07:50:56.872+0000] {processor.py:840} INFO - DAG(s) 'tutorial_dag' retrieved from /home/airflow/.local/lib/python3.12/site-packages/airflow/example_dags/tutorial_dag.py
[2024-06-22T07:50:57.425+0000] {logging_mixin.py:188} INFO - [2024-06-22T07:50:57.423+0000] {dag.py:3096} INFO - Sync 1 DAGs
[2024-06-22T07:50:57.692+0000] {logging_mixin.py:188} INFO - [2024-06-22T07:50:57.690+0000] {dag.py:3954} INFO - Setting next_dagrun for tutorial_dag to None, run_after=None
[2024-06-22T07:50:58.120+0000] {processor.py:183} INFO - Processing /home/airflow/.local/lib/python3.12/site-packages/airflow/example_dags/tutorial_dag.py took 1.907 seconds
[2024-06-22T07:53:01.315+0000] {processor.py:161} INFO - Started process (PID=1423) to work on /home/airflow/.local/lib/python3.12/site-packages/airflow/example_dags/tutorial_dag.py
[2024-06-22T07:53:01.337+0000] {processor.py:830} INFO - Processing file /home/airflow/.local/lib/python3.12/site-packages/airflow/example_dags/tutorial_dag.py for tasks to queue
[2024-06-22T07:53:01.391+0000] {logging_mixin.py:188} INFO - [2024-06-22T07:53:01.368+0000] {dagbag.py:540} INFO - Filling up the DagBag from /home/airflow/.local/lib/python3.12/site-packages/airflow/example_dags/tutorial_dag.py
[2024-06-22T07:53:01.625+0000] {processor.py:840} INFO - DAG(s) 'tutorial_dag' retrieved from /home/airflow/.local/lib/python3.12/site-packages/airflow/example_dags/tutorial_dag.py
[2024-06-22T07:53:02.382+0000] {logging_mixin.py:188} INFO - [2024-06-22T07:53:02.380+0000] {dag.py:3096} INFO - Sync 1 DAGs
[2024-06-22T07:53:03.186+0000] {logging_mixin.py:188} INFO - [2024-06-22T07:53:03.170+0000] {dag.py:3954} INFO - Setting next_dagrun for tutorial_dag to None, run_after=None
[2024-06-22T07:53:03.613+0000] {processor.py:183} INFO - Processing /home/airflow/.local/lib/python3.12/site-packages/airflow/example_dags/tutorial_dag.py took 2.474 seconds
[2024-06-22T07:55:28.878+0000] {processor.py:161} INFO - Started process (PID=1525) to work on /home/airflow/.local/lib/python3.12/site-packages/airflow/example_dags/tutorial_dag.py
[2024-06-22T07:55:28.927+0000] {processor.py:830} INFO - Processing file /home/airflow/.local/lib/python3.12/site-packages/airflow/example_dags/tutorial_dag.py for tasks to queue
[2024-06-22T07:55:28.948+0000] {logging_mixin.py:188} INFO - [2024-06-22T07:55:28.946+0000] {dagbag.py:540} INFO - Filling up the DagBag from /home/airflow/.local/lib/python3.12/site-packages/airflow/example_dags/tutorial_dag.py
[2024-06-22T07:55:29.082+0000] {processor.py:840} INFO - DAG(s) 'tutorial_dag' retrieved from /home/airflow/.local/lib/python3.12/site-packages/airflow/example_dags/tutorial_dag.py
[2024-06-22T07:55:29.847+0000] {logging_mixin.py:188} INFO - [2024-06-22T07:55:29.836+0000] {dag.py:3096} INFO - Sync 1 DAGs
[2024-06-22T07:55:30.333+0000] {logging_mixin.py:188} INFO - [2024-06-22T07:55:30.332+0000] {dag.py:3954} INFO - Setting next_dagrun for tutorial_dag to None, run_after=None
[2024-06-22T07:55:31.205+0000] {processor.py:183} INFO - Processing /home/airflow/.local/lib/python3.12/site-packages/airflow/example_dags/tutorial_dag.py took 2.490 seconds
[2024-06-22T07:57:35.421+0000] {processor.py:161} INFO - Started process (PID=1624) to work on /home/airflow/.local/lib/python3.12/site-packages/airflow/example_dags/tutorial_dag.py
[2024-06-22T07:57:35.424+0000] {processor.py:830} INFO - Processing file /home/airflow/.local/lib/python3.12/site-packages/airflow/example_dags/tutorial_dag.py for tasks to queue
[2024-06-22T07:57:35.427+0000] {logging_mixin.py:188} INFO - [2024-06-22T07:57:35.427+0000] {dagbag.py:540} INFO - Filling up the DagBag from /home/airflow/.local/lib/python3.12/site-packages/airflow/example_dags/tutorial_dag.py
[2024-06-22T07:57:35.480+0000] {processor.py:840} INFO - DAG(s) 'tutorial_dag' retrieved from /home/airflow/.local/lib/python3.12/site-packages/airflow/example_dags/tutorial_dag.py
[2024-06-22T07:57:35.585+0000] {logging_mixin.py:188} INFO - [2024-06-22T07:57:35.581+0000] {dag.py:3096} INFO - Sync 1 DAGs
[2024-06-22T07:57:35.682+0000] {logging_mixin.py:188} INFO - [2024-06-22T07:57:35.681+0000] {dag.py:3954} INFO - Setting next_dagrun for tutorial_dag to None, run_after=None
[2024-06-22T07:57:35.765+0000] {processor.py:183} INFO - Processing /home/airflow/.local/lib/python3.12/site-packages/airflow/example_dags/tutorial_dag.py took 0.406 seconds
[2024-06-22T08:28:32.864+0000] {processor.py:161} INFO - Started process (PID=1676) to work on /home/airflow/.local/lib/python3.12/site-packages/airflow/example_dags/tutorial_dag.py
[2024-06-22T08:28:32.908+0000] {processor.py:830} INFO - Processing file /home/airflow/.local/lib/python3.12/site-packages/airflow/example_dags/tutorial_dag.py for tasks to queue
[2024-06-22T08:28:32.937+0000] {logging_mixin.py:188} INFO - [2024-06-22T08:28:32.934+0000] {dagbag.py:540} INFO - Filling up the DagBag from /home/airflow/.local/lib/python3.12/site-packages/airflow/example_dags/tutorial_dag.py
[2024-06-22T08:28:33.226+0000] {processor.py:840} INFO - DAG(s) 'tutorial_dag' retrieved from /home/airflow/.local/lib/python3.12/site-packages/airflow/example_dags/tutorial_dag.py
[2024-06-22T08:28:33.977+0000] {logging_mixin.py:188} INFO - [2024-06-22T08:28:33.955+0000] {dag.py:3096} INFO - Sync 1 DAGs
[2024-06-22T08:28:34.285+0000] {logging_mixin.py:188} INFO - [2024-06-22T08:28:34.284+0000] {dag.py:3954} INFO - Setting next_dagrun for tutorial_dag to None, run_after=None
[2024-06-22T08:28:34.602+0000] {processor.py:183} INFO - Processing /home/airflow/.local/lib/python3.12/site-packages/airflow/example_dags/tutorial_dag.py took 2.033 seconds
[2024-06-22T08:30:11.212+0000] {processor.py:161} INFO - Started process (PID=1743) to work on /home/airflow/.local/lib/python3.12/site-packages/airflow/example_dags/tutorial_dag.py
[2024-06-22T08:30:11.232+0000] {processor.py:830} INFO - Processing file /home/airflow/.local/lib/python3.12/site-packages/airflow/example_dags/tutorial_dag.py for tasks to queue
[2024-06-22T08:30:11.242+0000] {logging_mixin.py:188} INFO - [2024-06-22T08:30:11.239+0000] {dagbag.py:540} INFO - Filling up the DagBag from /home/airflow/.local/lib/python3.12/site-packages/airflow/example_dags/tutorial_dag.py
[2024-06-22T08:30:11.456+0000] {processor.py:840} INFO - DAG(s) 'tutorial_dag' retrieved from /home/airflow/.local/lib/python3.12/site-packages/airflow/example_dags/tutorial_dag.py
[2024-06-22T08:30:12.119+0000] {logging_mixin.py:188} INFO - [2024-06-22T08:30:12.093+0000] {dag.py:3096} INFO - Sync 1 DAGs
[2024-06-22T08:30:12.759+0000] {logging_mixin.py:188} INFO - [2024-06-22T08:30:12.758+0000] {dag.py:3954} INFO - Setting next_dagrun for tutorial_dag to None, run_after=None
[2024-06-22T08:30:13.278+0000] {processor.py:183} INFO - Processing /home/airflow/.local/lib/python3.12/site-packages/airflow/example_dags/tutorial_dag.py took 2.336 seconds
[2024-06-22T08:32:37.996+0000] {processor.py:161} INFO - Started process (PID=1838) to work on /home/airflow/.local/lib/python3.12/site-packages/airflow/example_dags/tutorial_dag.py
[2024-06-22T08:32:38.009+0000] {processor.py:830} INFO - Processing file /home/airflow/.local/lib/python3.12/site-packages/airflow/example_dags/tutorial_dag.py for tasks to queue
[2024-06-22T08:32:38.019+0000] {logging_mixin.py:188} INFO - [2024-06-22T08:32:38.017+0000] {dagbag.py:540} INFO - Filling up the DagBag from /home/airflow/.local/lib/python3.12/site-packages/airflow/example_dags/tutorial_dag.py
[2024-06-22T08:32:38.162+0000] {processor.py:840} INFO - DAG(s) 'tutorial_dag' retrieved from /home/airflow/.local/lib/python3.12/site-packages/airflow/example_dags/tutorial_dag.py
[2024-06-22T08:32:38.505+0000] {logging_mixin.py:188} INFO - [2024-06-22T08:32:38.504+0000] {dag.py:3096} INFO - Sync 1 DAGs
[2024-06-22T08:32:39.068+0000] {logging_mixin.py:188} INFO - [2024-06-22T08:32:39.051+0000] {dag.py:3954} INFO - Setting next_dagrun for tutorial_dag to None, run_after=None
[2024-06-22T08:32:39.606+0000] {processor.py:183} INFO - Processing /home/airflow/.local/lib/python3.12/site-packages/airflow/example_dags/tutorial_dag.py took 1.783 seconds
[2024-06-22T08:35:02.971+0000] {processor.py:161} INFO - Started process (PID=1937) to work on /home/airflow/.local/lib/python3.12/site-packages/airflow/example_dags/tutorial_dag.py
[2024-06-22T08:35:03.236+0000] {processor.py:830} INFO - Processing file /home/airflow/.local/lib/python3.12/site-packages/airflow/example_dags/tutorial_dag.py for tasks to queue
[2024-06-22T08:35:03.732+0000] {logging_mixin.py:188} INFO - [2024-06-22T08:35:03.418+0000] {dagbag.py:540} INFO - Filling up the DagBag from /home/airflow/.local/lib/python3.12/site-packages/airflow/example_dags/tutorial_dag.py
[2024-06-22T08:35:04.386+0000] {processor.py:840} INFO - DAG(s) 'tutorial_dag' retrieved from /home/airflow/.local/lib/python3.12/site-packages/airflow/example_dags/tutorial_dag.py
[2024-06-22T08:35:07.138+0000] {logging_mixin.py:188} INFO - [2024-06-22T08:35:07.091+0000] {dag.py:3096} INFO - Sync 1 DAGs
[2024-06-22T08:35:09.397+0000] {logging_mixin.py:188} INFO - [2024-06-22T08:35:09.298+0000] {dag.py:3954} INFO - Setting next_dagrun for tutorial_dag to None, run_after=None
[2024-06-22T08:35:13.188+0000] {processor.py:183} INFO - Processing /home/airflow/.local/lib/python3.12/site-packages/airflow/example_dags/tutorial_dag.py took 10.958 seconds
[2024-06-22T09:12:41.064+0000] {processor.py:161} INFO - Started process (PID=1993) to work on /home/airflow/.local/lib/python3.12/site-packages/airflow/example_dags/tutorial_dag.py
[2024-06-22T09:12:41.113+0000] {processor.py:830} INFO - Processing file /home/airflow/.local/lib/python3.12/site-packages/airflow/example_dags/tutorial_dag.py for tasks to queue
[2024-06-22T09:12:41.166+0000] {logging_mixin.py:188} INFO - [2024-06-22T09:12:41.126+0000] {dagbag.py:540} INFO - Filling up the DagBag from /home/airflow/.local/lib/python3.12/site-packages/airflow/example_dags/tutorial_dag.py
[2024-06-22T09:12:41.300+0000] {processor.py:840} INFO - DAG(s) 'tutorial_dag' retrieved from /home/airflow/.local/lib/python3.12/site-packages/airflow/example_dags/tutorial_dag.py
[2024-06-22T09:12:43.457+0000] {logging_mixin.py:188} INFO - [2024-06-22T09:12:43.387+0000] {dag.py:3096} INFO - Sync 1 DAGs
[2024-06-22T09:12:44.218+0000] {logging_mixin.py:188} INFO - [2024-06-22T09:12:44.212+0000] {dag.py:3954} INFO - Setting next_dagrun for tutorial_dag to None, run_after=None
[2024-06-22T09:12:47.315+0000] {processor.py:183} INFO - Processing /home/airflow/.local/lib/python3.12/site-packages/airflow/example_dags/tutorial_dag.py took 6.437 seconds
[2024-06-22T10:42:59.471+0000] {processor.py:161} INFO - Started process (PID=2060) to work on /home/airflow/.local/lib/python3.12/site-packages/airflow/example_dags/tutorial_dag.py
[2024-06-22T10:42:59.639+0000] {processor.py:830} INFO - Processing file /home/airflow/.local/lib/python3.12/site-packages/airflow/example_dags/tutorial_dag.py for tasks to queue
[2024-06-22T10:42:59.721+0000] {logging_mixin.py:188} INFO - [2024-06-22T10:42:59.702+0000] {dagbag.py:540} INFO - Filling up the DagBag from /home/airflow/.local/lib/python3.12/site-packages/airflow/example_dags/tutorial_dag.py
[2024-06-22T10:43:00.130+0000] {processor.py:840} INFO - DAG(s) 'tutorial_dag' retrieved from /home/airflow/.local/lib/python3.12/site-packages/airflow/example_dags/tutorial_dag.py
[2024-06-22T10:43:00.822+0000] {logging_mixin.py:188} INFO - [2024-06-22T10:43:00.820+0000] {dag.py:3096} INFO - Sync 1 DAGs
[2024-06-22T10:43:01.426+0000] {logging_mixin.py:188} INFO - [2024-06-22T10:43:01.425+0000] {dag.py:3954} INFO - Setting next_dagrun for tutorial_dag to None, run_after=None
[2024-06-22T10:43:02.190+0000] {processor.py:183} INFO - Processing /home/airflow/.local/lib/python3.12/site-packages/airflow/example_dags/tutorial_dag.py took 2.889 seconds
[2024-06-22T11:02:36.966+0000] {processor.py:161} INFO - Started process (PID=2143) to work on /home/airflow/.local/lib/python3.12/site-packages/airflow/example_dags/tutorial_dag.py
[2024-06-22T11:02:36.975+0000] {processor.py:830} INFO - Processing file /home/airflow/.local/lib/python3.12/site-packages/airflow/example_dags/tutorial_dag.py for tasks to queue
[2024-06-22T11:02:36.982+0000] {logging_mixin.py:188} INFO - [2024-06-22T11:02:36.981+0000] {dagbag.py:540} INFO - Filling up the DagBag from /home/airflow/.local/lib/python3.12/site-packages/airflow/example_dags/tutorial_dag.py
[2024-06-22T11:02:37.050+0000] {processor.py:840} INFO - DAG(s) 'tutorial_dag' retrieved from /home/airflow/.local/lib/python3.12/site-packages/airflow/example_dags/tutorial_dag.py
[2024-06-22T11:02:37.190+0000] {logging_mixin.py:188} INFO - [2024-06-22T11:02:37.189+0000] {dag.py:3096} INFO - Sync 1 DAGs
[2024-06-22T11:02:37.278+0000] {logging_mixin.py:188} INFO - [2024-06-22T11:02:37.277+0000] {dag.py:3954} INFO - Setting next_dagrun for tutorial_dag to None, run_after=None
[2024-06-22T11:02:37.320+0000] {processor.py:183} INFO - Processing /home/airflow/.local/lib/python3.12/site-packages/airflow/example_dags/tutorial_dag.py took 0.428 seconds
[2024-06-22T11:05:18.604+0000] {processor.py:161} INFO - Started process (PID=58) to work on /home/airflow/.local/lib/python3.12/site-packages/airflow/example_dags/tutorial_dag.py
[2024-06-22T11:05:18.614+0000] {processor.py:830} INFO - Processing file /home/airflow/.local/lib/python3.12/site-packages/airflow/example_dags/tutorial_dag.py for tasks to queue
[2024-06-22T11:05:18.623+0000] {logging_mixin.py:188} INFO - [2024-06-22T11:05:18.623+0000] {dagbag.py:540} INFO - Filling up the DagBag from /home/airflow/.local/lib/python3.12/site-packages/airflow/example_dags/tutorial_dag.py
[2024-06-22T11:05:18.651+0000] {processor.py:840} INFO - DAG(s) 'tutorial_dag' retrieved from /home/airflow/.local/lib/python3.12/site-packages/airflow/example_dags/tutorial_dag.py
[2024-06-22T11:05:19.249+0000] {logging_mixin.py:188} INFO - [2024-06-22T11:05:19.249+0000] {dag.py:3096} INFO - Sync 1 DAGs
[2024-06-22T11:05:19.294+0000] {logging_mixin.py:188} INFO - [2024-06-22T11:05:19.294+0000] {dag.py:3954} INFO - Setting next_dagrun for tutorial_dag to None, run_after=None
[2024-06-22T11:05:19.393+0000] {processor.py:183} INFO - Processing /home/airflow/.local/lib/python3.12/site-packages/airflow/example_dags/tutorial_dag.py took 0.815 seconds
[2024-06-22T11:05:49.800+0000] {processor.py:161} INFO - Started process (PID=118) to work on /home/airflow/.local/lib/python3.12/site-packages/airflow/example_dags/tutorial_dag.py
[2024-06-22T11:05:49.804+0000] {processor.py:830} INFO - Processing file /home/airflow/.local/lib/python3.12/site-packages/airflow/example_dags/tutorial_dag.py for tasks to queue
[2024-06-22T11:05:49.814+0000] {logging_mixin.py:188} INFO - [2024-06-22T11:05:49.812+0000] {dagbag.py:540} INFO - Filling up the DagBag from /home/airflow/.local/lib/python3.12/site-packages/airflow/example_dags/tutorial_dag.py
[2024-06-22T11:05:49.829+0000] {processor.py:840} INFO - DAG(s) 'tutorial_dag' retrieved from /home/airflow/.local/lib/python3.12/site-packages/airflow/example_dags/tutorial_dag.py
[2024-06-22T11:05:49.867+0000] {logging_mixin.py:188} INFO - [2024-06-22T11:05:49.867+0000] {dag.py:3096} INFO - Sync 1 DAGs
[2024-06-22T11:05:49.893+0000] {logging_mixin.py:188} INFO - [2024-06-22T11:05:49.892+0000] {dag.py:3954} INFO - Setting next_dagrun for tutorial_dag to None, run_after=None
[2024-06-22T11:05:49.931+0000] {processor.py:183} INFO - Processing /home/airflow/.local/lib/python3.12/site-packages/airflow/example_dags/tutorial_dag.py took 0.146 seconds
[2024-06-22T11:06:20.462+0000] {processor.py:161} INFO - Started process (PID=179) to work on /home/airflow/.local/lib/python3.12/site-packages/airflow/example_dags/tutorial_dag.py
[2024-06-22T11:06:20.465+0000] {processor.py:830} INFO - Processing file /home/airflow/.local/lib/python3.12/site-packages/airflow/example_dags/tutorial_dag.py for tasks to queue
[2024-06-22T11:06:20.469+0000] {logging_mixin.py:188} INFO - [2024-06-22T11:06:20.469+0000] {dagbag.py:540} INFO - Filling up the DagBag from /home/airflow/.local/lib/python3.12/site-packages/airflow/example_dags/tutorial_dag.py
[2024-06-22T11:06:20.479+0000] {processor.py:840} INFO - DAG(s) 'tutorial_dag' retrieved from /home/airflow/.local/lib/python3.12/site-packages/airflow/example_dags/tutorial_dag.py
[2024-06-22T11:06:20.522+0000] {logging_mixin.py:188} INFO - [2024-06-22T11:06:20.521+0000] {dag.py:3096} INFO - Sync 1 DAGs
[2024-06-22T11:06:20.545+0000] {logging_mixin.py:188} INFO - [2024-06-22T11:06:20.545+0000] {dag.py:3954} INFO - Setting next_dagrun for tutorial_dag to None, run_after=None
[2024-06-22T11:06:20.578+0000] {processor.py:183} INFO - Processing /home/airflow/.local/lib/python3.12/site-packages/airflow/example_dags/tutorial_dag.py took 0.129 seconds
[2024-06-22T11:06:51.513+0000] {processor.py:161} INFO - Started process (PID=238) to work on /home/airflow/.local/lib/python3.12/site-packages/airflow/example_dags/tutorial_dag.py
[2024-06-22T11:06:51.515+0000] {processor.py:830} INFO - Processing file /home/airflow/.local/lib/python3.12/site-packages/airflow/example_dags/tutorial_dag.py for tasks to queue
[2024-06-22T11:06:51.519+0000] {logging_mixin.py:188} INFO - [2024-06-22T11:06:51.518+0000] {dagbag.py:540} INFO - Filling up the DagBag from /home/airflow/.local/lib/python3.12/site-packages/airflow/example_dags/tutorial_dag.py
[2024-06-22T11:06:51.529+0000] {processor.py:840} INFO - DAG(s) 'tutorial_dag' retrieved from /home/airflow/.local/lib/python3.12/site-packages/airflow/example_dags/tutorial_dag.py
[2024-06-22T11:06:51.584+0000] {logging_mixin.py:188} INFO - [2024-06-22T11:06:51.583+0000] {dag.py:3096} INFO - Sync 1 DAGs
[2024-06-22T11:06:51.609+0000] {logging_mixin.py:188} INFO - [2024-06-22T11:06:51.608+0000] {dag.py:3954} INFO - Setting next_dagrun for tutorial_dag to None, run_after=None
[2024-06-22T11:06:51.642+0000] {processor.py:183} INFO - Processing /home/airflow/.local/lib/python3.12/site-packages/airflow/example_dags/tutorial_dag.py took 0.146 seconds
[2024-06-22T11:07:22.514+0000] {processor.py:161} INFO - Started process (PID=297) to work on /home/airflow/.local/lib/python3.12/site-packages/airflow/example_dags/tutorial_dag.py
[2024-06-22T11:07:22.518+0000] {processor.py:830} INFO - Processing file /home/airflow/.local/lib/python3.12/site-packages/airflow/example_dags/tutorial_dag.py for tasks to queue
[2024-06-22T11:07:22.530+0000] {logging_mixin.py:188} INFO - [2024-06-22T11:07:22.528+0000] {dagbag.py:540} INFO - Filling up the DagBag from /home/airflow/.local/lib/python3.12/site-packages/airflow/example_dags/tutorial_dag.py
[2024-06-22T11:07:22.551+0000] {processor.py:840} INFO - DAG(s) 'tutorial_dag' retrieved from /home/airflow/.local/lib/python3.12/site-packages/airflow/example_dags/tutorial_dag.py
[2024-06-22T11:07:22.614+0000] {logging_mixin.py:188} INFO - [2024-06-22T11:07:22.614+0000] {dag.py:3096} INFO - Sync 1 DAGs
[2024-06-22T11:07:22.664+0000] {logging_mixin.py:188} INFO - [2024-06-22T11:07:22.664+0000] {dag.py:3954} INFO - Setting next_dagrun for tutorial_dag to None, run_after=None
[2024-06-22T11:07:22.696+0000] {processor.py:183} INFO - Processing /home/airflow/.local/lib/python3.12/site-packages/airflow/example_dags/tutorial_dag.py took 0.215 seconds
[2024-06-22T11:07:53.556+0000] {processor.py:161} INFO - Started process (PID=355) to work on /home/airflow/.local/lib/python3.12/site-packages/airflow/example_dags/tutorial_dag.py
[2024-06-22T11:07:53.563+0000] {processor.py:830} INFO - Processing file /home/airflow/.local/lib/python3.12/site-packages/airflow/example_dags/tutorial_dag.py for tasks to queue
[2024-06-22T11:07:53.574+0000] {logging_mixin.py:188} INFO - [2024-06-22T11:07:53.573+0000] {dagbag.py:540} INFO - Filling up the DagBag from /home/airflow/.local/lib/python3.12/site-packages/airflow/example_dags/tutorial_dag.py
[2024-06-22T11:07:53.612+0000] {processor.py:840} INFO - DAG(s) 'tutorial_dag' retrieved from /home/airflow/.local/lib/python3.12/site-packages/airflow/example_dags/tutorial_dag.py
[2024-06-22T11:07:53.705+0000] {logging_mixin.py:188} INFO - [2024-06-22T11:07:53.705+0000] {dag.py:3096} INFO - Sync 1 DAGs
[2024-06-22T11:07:53.767+0000] {logging_mixin.py:188} INFO - [2024-06-22T11:07:53.764+0000] {dag.py:3954} INFO - Setting next_dagrun for tutorial_dag to None, run_after=None
[2024-06-22T11:07:53.857+0000] {processor.py:183} INFO - Processing /home/airflow/.local/lib/python3.12/site-packages/airflow/example_dags/tutorial_dag.py took 0.352 seconds
[2024-06-22T11:08:24.072+0000] {processor.py:161} INFO - Started process (PID=414) to work on /home/airflow/.local/lib/python3.12/site-packages/airflow/example_dags/tutorial_dag.py
[2024-06-22T11:08:24.080+0000] {processor.py:830} INFO - Processing file /home/airflow/.local/lib/python3.12/site-packages/airflow/example_dags/tutorial_dag.py for tasks to queue
[2024-06-22T11:08:24.087+0000] {logging_mixin.py:188} INFO - [2024-06-22T11:08:24.085+0000] {dagbag.py:540} INFO - Filling up the DagBag from /home/airflow/.local/lib/python3.12/site-packages/airflow/example_dags/tutorial_dag.py
[2024-06-22T11:08:24.107+0000] {processor.py:840} INFO - DAG(s) 'tutorial_dag' retrieved from /home/airflow/.local/lib/python3.12/site-packages/airflow/example_dags/tutorial_dag.py
[2024-06-22T11:08:24.158+0000] {logging_mixin.py:188} INFO - [2024-06-22T11:08:24.157+0000] {dag.py:3096} INFO - Sync 1 DAGs
[2024-06-22T11:08:24.190+0000] {logging_mixin.py:188} INFO - [2024-06-22T11:08:24.188+0000] {dag.py:3954} INFO - Setting next_dagrun for tutorial_dag to None, run_after=None
[2024-06-22T11:08:24.242+0000] {processor.py:183} INFO - Processing /home/airflow/.local/lib/python3.12/site-packages/airflow/example_dags/tutorial_dag.py took 0.186 seconds
[2024-06-22T11:08:54.658+0000] {processor.py:161} INFO - Started process (PID=471) to work on /home/airflow/.local/lib/python3.12/site-packages/airflow/example_dags/tutorial_dag.py
[2024-06-22T11:08:54.664+0000] {processor.py:830} INFO - Processing file /home/airflow/.local/lib/python3.12/site-packages/airflow/example_dags/tutorial_dag.py for tasks to queue
[2024-06-22T11:08:54.678+0000] {logging_mixin.py:188} INFO - [2024-06-22T11:08:54.676+0000] {dagbag.py:540} INFO - Filling up the DagBag from /home/airflow/.local/lib/python3.12/site-packages/airflow/example_dags/tutorial_dag.py
[2024-06-22T11:08:54.696+0000] {processor.py:840} INFO - DAG(s) 'tutorial_dag' retrieved from /home/airflow/.local/lib/python3.12/site-packages/airflow/example_dags/tutorial_dag.py
[2024-06-22T11:08:54.782+0000] {logging_mixin.py:188} INFO - [2024-06-22T11:08:54.779+0000] {dag.py:3096} INFO - Sync 1 DAGs
[2024-06-22T11:08:54.847+0000] {logging_mixin.py:188} INFO - [2024-06-22T11:08:54.847+0000] {dag.py:3954} INFO - Setting next_dagrun for tutorial_dag to None, run_after=None
[2024-06-22T11:08:54.910+0000] {processor.py:183} INFO - Processing /home/airflow/.local/lib/python3.12/site-packages/airflow/example_dags/tutorial_dag.py took 0.285 seconds
[2024-06-22T11:09:25.076+0000] {processor.py:161} INFO - Started process (PID=529) to work on /home/airflow/.local/lib/python3.12/site-packages/airflow/example_dags/tutorial_dag.py
[2024-06-22T11:09:25.079+0000] {processor.py:830} INFO - Processing file /home/airflow/.local/lib/python3.12/site-packages/airflow/example_dags/tutorial_dag.py for tasks to queue
[2024-06-22T11:09:25.082+0000] {logging_mixin.py:188} INFO - [2024-06-22T11:09:25.082+0000] {dagbag.py:540} INFO - Filling up the DagBag from /home/airflow/.local/lib/python3.12/site-packages/airflow/example_dags/tutorial_dag.py
[2024-06-22T11:09:25.091+0000] {processor.py:840} INFO - DAG(s) 'tutorial_dag' retrieved from /home/airflow/.local/lib/python3.12/site-packages/airflow/example_dags/tutorial_dag.py
[2024-06-22T11:09:25.140+0000] {logging_mixin.py:188} INFO - [2024-06-22T11:09:25.139+0000] {dag.py:3096} INFO - Sync 1 DAGs
[2024-06-22T11:09:25.160+0000] {logging_mixin.py:188} INFO - [2024-06-22T11:09:25.160+0000] {dag.py:3954} INFO - Setting next_dagrun for tutorial_dag to None, run_after=None
[2024-06-22T11:09:25.234+0000] {processor.py:183} INFO - Processing /home/airflow/.local/lib/python3.12/site-packages/airflow/example_dags/tutorial_dag.py took 0.169 seconds
[2024-06-22T11:09:55.765+0000] {processor.py:161} INFO - Started process (PID=590) to work on /home/airflow/.local/lib/python3.12/site-packages/airflow/example_dags/tutorial_dag.py
[2024-06-22T11:09:55.767+0000] {processor.py:830} INFO - Processing file /home/airflow/.local/lib/python3.12/site-packages/airflow/example_dags/tutorial_dag.py for tasks to queue
[2024-06-22T11:09:55.776+0000] {logging_mixin.py:188} INFO - [2024-06-22T11:09:55.775+0000] {dagbag.py:540} INFO - Filling up the DagBag from /home/airflow/.local/lib/python3.12/site-packages/airflow/example_dags/tutorial_dag.py
[2024-06-22T11:09:55.799+0000] {processor.py:840} INFO - DAG(s) 'tutorial_dag' retrieved from /home/airflow/.local/lib/python3.12/site-packages/airflow/example_dags/tutorial_dag.py
[2024-06-22T11:09:55.846+0000] {logging_mixin.py:188} INFO - [2024-06-22T11:09:55.845+0000] {dag.py:3096} INFO - Sync 1 DAGs
[2024-06-22T11:09:55.869+0000] {logging_mixin.py:188} INFO - [2024-06-22T11:09:55.868+0000] {dag.py:3954} INFO - Setting next_dagrun for tutorial_dag to None, run_after=None
[2024-06-22T11:09:55.905+0000] {processor.py:183} INFO - Processing /home/airflow/.local/lib/python3.12/site-packages/airflow/example_dags/tutorial_dag.py took 0.151 seconds
[2024-06-22T11:10:26.490+0000] {processor.py:161} INFO - Started process (PID=649) to work on /home/airflow/.local/lib/python3.12/site-packages/airflow/example_dags/tutorial_dag.py
[2024-06-22T11:10:26.493+0000] {processor.py:830} INFO - Processing file /home/airflow/.local/lib/python3.12/site-packages/airflow/example_dags/tutorial_dag.py for tasks to queue
[2024-06-22T11:10:26.501+0000] {logging_mixin.py:188} INFO - [2024-06-22T11:10:26.500+0000] {dagbag.py:540} INFO - Filling up the DagBag from /home/airflow/.local/lib/python3.12/site-packages/airflow/example_dags/tutorial_dag.py
[2024-06-22T11:10:26.517+0000] {processor.py:840} INFO - DAG(s) 'tutorial_dag' retrieved from /home/airflow/.local/lib/python3.12/site-packages/airflow/example_dags/tutorial_dag.py
[2024-06-22T11:10:26.560+0000] {logging_mixin.py:188} INFO - [2024-06-22T11:10:26.560+0000] {dag.py:3096} INFO - Sync 1 DAGs
[2024-06-22T11:10:26.588+0000] {logging_mixin.py:188} INFO - [2024-06-22T11:10:26.587+0000] {dag.py:3954} INFO - Setting next_dagrun for tutorial_dag to None, run_after=None
[2024-06-22T11:10:26.631+0000] {processor.py:183} INFO - Processing /home/airflow/.local/lib/python3.12/site-packages/airflow/example_dags/tutorial_dag.py took 0.157 seconds
[2024-06-22T11:11:06.608+0000] {processor.py:161} INFO - Started process (PID=707) to work on /home/airflow/.local/lib/python3.12/site-packages/airflow/example_dags/tutorial_dag.py
[2024-06-22T11:11:06.616+0000] {processor.py:830} INFO - Processing file /home/airflow/.local/lib/python3.12/site-packages/airflow/example_dags/tutorial_dag.py for tasks to queue
[2024-06-22T11:11:06.642+0000] {logging_mixin.py:188} INFO - [2024-06-22T11:11:06.632+0000] {dagbag.py:540} INFO - Filling up the DagBag from /home/airflow/.local/lib/python3.12/site-packages/airflow/example_dags/tutorial_dag.py
[2024-06-22T11:11:06.757+0000] {processor.py:840} INFO - DAG(s) 'tutorial_dag' retrieved from /home/airflow/.local/lib/python3.12/site-packages/airflow/example_dags/tutorial_dag.py
[2024-06-22T11:11:07.106+0000] {logging_mixin.py:188} INFO - [2024-06-22T11:11:07.105+0000] {dag.py:3096} INFO - Sync 1 DAGs
[2024-06-22T11:11:07.321+0000] {logging_mixin.py:188} INFO - [2024-06-22T11:11:07.321+0000] {dag.py:3954} INFO - Setting next_dagrun for tutorial_dag to None, run_after=None
[2024-06-22T11:11:07.651+0000] {processor.py:183} INFO - Processing /home/airflow/.local/lib/python3.12/site-packages/airflow/example_dags/tutorial_dag.py took 1.124 seconds
[2024-06-22T11:11:38.723+0000] {processor.py:161} INFO - Started process (PID=765) to work on /home/airflow/.local/lib/python3.12/site-packages/airflow/example_dags/tutorial_dag.py
[2024-06-22T11:11:38.751+0000] {processor.py:830} INFO - Processing file /home/airflow/.local/lib/python3.12/site-packages/airflow/example_dags/tutorial_dag.py for tasks to queue
[2024-06-22T11:11:38.777+0000] {logging_mixin.py:188} INFO - [2024-06-22T11:11:38.776+0000] {dagbag.py:540} INFO - Filling up the DagBag from /home/airflow/.local/lib/python3.12/site-packages/airflow/example_dags/tutorial_dag.py
[2024-06-22T11:11:38.845+0000] {processor.py:840} INFO - DAG(s) 'tutorial_dag' retrieved from /home/airflow/.local/lib/python3.12/site-packages/airflow/example_dags/tutorial_dag.py
[2024-06-22T11:11:39.417+0000] {logging_mixin.py:188} INFO - [2024-06-22T11:11:39.407+0000] {dag.py:3096} INFO - Sync 1 DAGs
[2024-06-22T11:11:39.649+0000] {logging_mixin.py:188} INFO - [2024-06-22T11:11:39.630+0000] {dag.py:3954} INFO - Setting next_dagrun for tutorial_dag to None, run_after=None
[2024-06-22T11:11:39.827+0000] {processor.py:183} INFO - Processing /home/airflow/.local/lib/python3.12/site-packages/airflow/example_dags/tutorial_dag.py took 1.197 seconds
[2024-06-22T11:12:17.706+0000] {processor.py:161} INFO - Started process (PID=827) to work on /home/airflow/.local/lib/python3.12/site-packages/airflow/example_dags/tutorial_dag.py
[2024-06-22T11:12:17.723+0000] {processor.py:830} INFO - Processing file /home/airflow/.local/lib/python3.12/site-packages/airflow/example_dags/tutorial_dag.py for tasks to queue
[2024-06-22T11:12:17.733+0000] {logging_mixin.py:188} INFO - [2024-06-22T11:12:17.729+0000] {dagbag.py:540} INFO - Filling up the DagBag from /home/airflow/.local/lib/python3.12/site-packages/airflow/example_dags/tutorial_dag.py
[2024-06-22T11:12:17.776+0000] {processor.py:840} INFO - DAG(s) 'tutorial_dag' retrieved from /home/airflow/.local/lib/python3.12/site-packages/airflow/example_dags/tutorial_dag.py
[2024-06-22T11:12:17.875+0000] {logging_mixin.py:188} INFO - [2024-06-22T11:12:17.874+0000] {dag.py:3096} INFO - Sync 1 DAGs
[2024-06-22T11:12:18.006+0000] {logging_mixin.py:188} INFO - [2024-06-22T11:12:18.005+0000] {dag.py:3954} INFO - Setting next_dagrun for tutorial_dag to None, run_after=None
[2024-06-22T11:12:18.126+0000] {processor.py:183} INFO - Processing /home/airflow/.local/lib/python3.12/site-packages/airflow/example_dags/tutorial_dag.py took 0.500 seconds
[2024-06-22T11:12:51.376+0000] {processor.py:161} INFO - Started process (PID=882) to work on /home/airflow/.local/lib/python3.12/site-packages/airflow/example_dags/tutorial_dag.py
[2024-06-22T11:12:51.382+0000] {processor.py:830} INFO - Processing file /home/airflow/.local/lib/python3.12/site-packages/airflow/example_dags/tutorial_dag.py for tasks to queue
[2024-06-22T11:12:51.387+0000] {logging_mixin.py:188} INFO - [2024-06-22T11:12:51.387+0000] {dagbag.py:540} INFO - Filling up the DagBag from /home/airflow/.local/lib/python3.12/site-packages/airflow/example_dags/tutorial_dag.py
[2024-06-22T11:12:51.411+0000] {processor.py:840} INFO - DAG(s) 'tutorial_dag' retrieved from /home/airflow/.local/lib/python3.12/site-packages/airflow/example_dags/tutorial_dag.py
[2024-06-22T11:12:51.492+0000] {logging_mixin.py:188} INFO - [2024-06-22T11:12:51.491+0000] {dag.py:3096} INFO - Sync 1 DAGs
[2024-06-22T11:12:51.992+0000] {logging_mixin.py:188} INFO - [2024-06-22T11:12:51.992+0000] {dag.py:3954} INFO - Setting next_dagrun for tutorial_dag to None, run_after=None
[2024-06-22T11:12:52.060+0000] {processor.py:183} INFO - Processing /home/airflow/.local/lib/python3.12/site-packages/airflow/example_dags/tutorial_dag.py took 0.701 seconds
[2024-06-22T11:13:22.585+0000] {processor.py:161} INFO - Started process (PID=942) to work on /home/airflow/.local/lib/python3.12/site-packages/airflow/example_dags/tutorial_dag.py
[2024-06-22T11:13:22.602+0000] {processor.py:830} INFO - Processing file /home/airflow/.local/lib/python3.12/site-packages/airflow/example_dags/tutorial_dag.py for tasks to queue
[2024-06-22T11:13:22.613+0000] {logging_mixin.py:188} INFO - [2024-06-22T11:13:22.612+0000] {dagbag.py:540} INFO - Filling up the DagBag from /home/airflow/.local/lib/python3.12/site-packages/airflow/example_dags/tutorial_dag.py
[2024-06-22T11:13:22.642+0000] {processor.py:840} INFO - DAG(s) 'tutorial_dag' retrieved from /home/airflow/.local/lib/python3.12/site-packages/airflow/example_dags/tutorial_dag.py
[2024-06-22T11:13:22.733+0000] {logging_mixin.py:188} INFO - [2024-06-22T11:13:22.733+0000] {dag.py:3096} INFO - Sync 1 DAGs
[2024-06-22T11:13:22.768+0000] {logging_mixin.py:188} INFO - [2024-06-22T11:13:22.768+0000] {dag.py:3954} INFO - Setting next_dagrun for tutorial_dag to None, run_after=None
[2024-06-22T11:13:22.803+0000] {processor.py:183} INFO - Processing /home/airflow/.local/lib/python3.12/site-packages/airflow/example_dags/tutorial_dag.py took 0.235 seconds
[2024-06-22T11:14:00.479+0000] {processor.py:161} INFO - Started process (PID=992) to work on /home/airflow/.local/lib/python3.12/site-packages/airflow/example_dags/tutorial_dag.py
[2024-06-22T11:14:00.484+0000] {processor.py:830} INFO - Processing file /home/airflow/.local/lib/python3.12/site-packages/airflow/example_dags/tutorial_dag.py for tasks to queue
[2024-06-22T11:14:00.493+0000] {logging_mixin.py:188} INFO - [2024-06-22T11:14:00.491+0000] {dagbag.py:540} INFO - Filling up the DagBag from /home/airflow/.local/lib/python3.12/site-packages/airflow/example_dags/tutorial_dag.py
[2024-06-22T11:14:00.525+0000] {processor.py:840} INFO - DAG(s) 'tutorial_dag' retrieved from /home/airflow/.local/lib/python3.12/site-packages/airflow/example_dags/tutorial_dag.py
[2024-06-22T11:14:00.605+0000] {logging_mixin.py:188} INFO - [2024-06-22T11:14:00.605+0000] {dag.py:3096} INFO - Sync 1 DAGs
[2024-06-22T11:14:00.654+0000] {logging_mixin.py:188} INFO - [2024-06-22T11:14:00.654+0000] {dag.py:3954} INFO - Setting next_dagrun for tutorial_dag to None, run_after=None
[2024-06-22T11:14:00.751+0000] {processor.py:183} INFO - Processing /home/airflow/.local/lib/python3.12/site-packages/airflow/example_dags/tutorial_dag.py took 0.295 seconds
[2024-06-22T11:14:39.571+0000] {processor.py:161} INFO - Started process (PID=1047) to work on /home/airflow/.local/lib/python3.12/site-packages/airflow/example_dags/tutorial_dag.py
[2024-06-22T11:14:39.594+0000] {processor.py:830} INFO - Processing file /home/airflow/.local/lib/python3.12/site-packages/airflow/example_dags/tutorial_dag.py for tasks to queue
[2024-06-22T11:14:39.659+0000] {logging_mixin.py:188} INFO - [2024-06-22T11:14:39.648+0000] {dagbag.py:540} INFO - Filling up the DagBag from /home/airflow/.local/lib/python3.12/site-packages/airflow/example_dags/tutorial_dag.py
[2024-06-22T11:14:39.736+0000] {processor.py:840} INFO - DAG(s) 'tutorial_dag' retrieved from /home/airflow/.local/lib/python3.12/site-packages/airflow/example_dags/tutorial_dag.py
[2024-06-22T11:14:40.074+0000] {logging_mixin.py:188} INFO - [2024-06-22T11:14:40.073+0000] {dag.py:3096} INFO - Sync 1 DAGs
[2024-06-22T11:14:40.257+0000] {logging_mixin.py:188} INFO - [2024-06-22T11:14:40.257+0000] {dag.py:3954} INFO - Setting next_dagrun for tutorial_dag to None, run_after=None
[2024-06-22T11:14:40.815+0000] {processor.py:183} INFO - Processing /home/airflow/.local/lib/python3.12/site-packages/airflow/example_dags/tutorial_dag.py took 1.392 seconds
[2024-06-22T11:15:13.694+0000] {processor.py:161} INFO - Started process (PID=1106) to work on /home/airflow/.local/lib/python3.12/site-packages/airflow/example_dags/tutorial_dag.py
[2024-06-22T11:15:13.710+0000] {processor.py:830} INFO - Processing file /home/airflow/.local/lib/python3.12/site-packages/airflow/example_dags/tutorial_dag.py for tasks to queue
[2024-06-22T11:15:13.739+0000] {logging_mixin.py:188} INFO - [2024-06-22T11:15:13.739+0000] {dagbag.py:540} INFO - Filling up the DagBag from /home/airflow/.local/lib/python3.12/site-packages/airflow/example_dags/tutorial_dag.py
[2024-06-22T11:15:13.868+0000] {processor.py:840} INFO - DAG(s) 'tutorial_dag' retrieved from /home/airflow/.local/lib/python3.12/site-packages/airflow/example_dags/tutorial_dag.py
[2024-06-22T11:15:14.302+0000] {logging_mixin.py:188} INFO - [2024-06-22T11:15:14.302+0000] {dag.py:3096} INFO - Sync 1 DAGs
[2024-06-22T11:15:14.565+0000] {logging_mixin.py:188} INFO - [2024-06-22T11:15:14.565+0000] {dag.py:3954} INFO - Setting next_dagrun for tutorial_dag to None, run_after=None
[2024-06-22T11:15:15.225+0000] {processor.py:183} INFO - Processing /home/airflow/.local/lib/python3.12/site-packages/airflow/example_dags/tutorial_dag.py took 1.599 seconds
[2024-06-22T11:15:45.750+0000] {processor.py:161} INFO - Started process (PID=1164) to work on /home/airflow/.local/lib/python3.12/site-packages/airflow/example_dags/tutorial_dag.py
[2024-06-22T11:15:45.789+0000] {processor.py:830} INFO - Processing file /home/airflow/.local/lib/python3.12/site-packages/airflow/example_dags/tutorial_dag.py for tasks to queue
[2024-06-22T11:15:45.796+0000] {logging_mixin.py:188} INFO - [2024-06-22T11:15:45.796+0000] {dagbag.py:540} INFO - Filling up the DagBag from /home/airflow/.local/lib/python3.12/site-packages/airflow/example_dags/tutorial_dag.py
[2024-06-22T11:15:45.866+0000] {processor.py:840} INFO - DAG(s) 'tutorial_dag' retrieved from /home/airflow/.local/lib/python3.12/site-packages/airflow/example_dags/tutorial_dag.py
[2024-06-22T11:15:46.074+0000] {logging_mixin.py:188} INFO - [2024-06-22T11:15:46.074+0000] {dag.py:3096} INFO - Sync 1 DAGs
[2024-06-22T11:15:46.210+0000] {logging_mixin.py:188} INFO - [2024-06-22T11:15:46.210+0000] {dag.py:3954} INFO - Setting next_dagrun for tutorial_dag to None, run_after=None
[2024-06-22T11:15:46.348+0000] {processor.py:183} INFO - Processing /home/airflow/.local/lib/python3.12/site-packages/airflow/example_dags/tutorial_dag.py took 0.668 seconds
[2024-06-22T11:16:17.539+0000] {processor.py:161} INFO - Started process (PID=1223) to work on /home/airflow/.local/lib/python3.12/site-packages/airflow/example_dags/tutorial_dag.py
[2024-06-22T11:16:17.557+0000] {processor.py:830} INFO - Processing file /home/airflow/.local/lib/python3.12/site-packages/airflow/example_dags/tutorial_dag.py for tasks to queue
[2024-06-22T11:16:17.584+0000] {logging_mixin.py:188} INFO - [2024-06-22T11:16:17.583+0000] {dagbag.py:540} INFO - Filling up the DagBag from /home/airflow/.local/lib/python3.12/site-packages/airflow/example_dags/tutorial_dag.py
[2024-06-22T11:16:17.674+0000] {processor.py:840} INFO - DAG(s) 'tutorial_dag' retrieved from /home/airflow/.local/lib/python3.12/site-packages/airflow/example_dags/tutorial_dag.py
[2024-06-22T11:16:17.853+0000] {logging_mixin.py:188} INFO - [2024-06-22T11:16:17.853+0000] {dag.py:3096} INFO - Sync 1 DAGs
[2024-06-22T11:16:18.034+0000] {logging_mixin.py:188} INFO - [2024-06-22T11:16:18.034+0000] {dag.py:3954} INFO - Setting next_dagrun for tutorial_dag to None, run_after=None
[2024-06-22T11:16:18.225+0000] {processor.py:183} INFO - Processing /home/airflow/.local/lib/python3.12/site-packages/airflow/example_dags/tutorial_dag.py took 0.772 seconds
[2024-06-22T11:16:49.944+0000] {processor.py:161} INFO - Started process (PID=1281) to work on /home/airflow/.local/lib/python3.12/site-packages/airflow/example_dags/tutorial_dag.py
[2024-06-22T11:16:49.948+0000] {processor.py:830} INFO - Processing file /home/airflow/.local/lib/python3.12/site-packages/airflow/example_dags/tutorial_dag.py for tasks to queue
[2024-06-22T11:16:49.961+0000] {logging_mixin.py:188} INFO - [2024-06-22T11:16:49.960+0000] {dagbag.py:540} INFO - Filling up the DagBag from /home/airflow/.local/lib/python3.12/site-packages/airflow/example_dags/tutorial_dag.py
[2024-06-22T11:16:50.011+0000] {processor.py:840} INFO - DAG(s) 'tutorial_dag' retrieved from /home/airflow/.local/lib/python3.12/site-packages/airflow/example_dags/tutorial_dag.py
[2024-06-22T11:16:50.237+0000] {logging_mixin.py:188} INFO - [2024-06-22T11:16:50.236+0000] {dag.py:3096} INFO - Sync 1 DAGs
[2024-06-22T11:16:50.324+0000] {logging_mixin.py:188} INFO - [2024-06-22T11:16:50.323+0000] {dag.py:3954} INFO - Setting next_dagrun for tutorial_dag to None, run_after=None
[2024-06-22T11:16:50.416+0000] {processor.py:183} INFO - Processing /home/airflow/.local/lib/python3.12/site-packages/airflow/example_dags/tutorial_dag.py took 0.531 seconds
[2024-06-22T11:17:22.223+0000] {processor.py:161} INFO - Started process (PID=1349) to work on /home/airflow/.local/lib/python3.12/site-packages/airflow/example_dags/tutorial_dag.py
[2024-06-22T11:17:22.242+0000] {processor.py:830} INFO - Processing file /home/airflow/.local/lib/python3.12/site-packages/airflow/example_dags/tutorial_dag.py for tasks to queue
[2024-06-22T11:17:22.255+0000] {logging_mixin.py:188} INFO - [2024-06-22T11:17:22.253+0000] {dagbag.py:540} INFO - Filling up the DagBag from /home/airflow/.local/lib/python3.12/site-packages/airflow/example_dags/tutorial_dag.py
[2024-06-22T11:17:22.297+0000] {processor.py:840} INFO - DAG(s) 'tutorial_dag' retrieved from /home/airflow/.local/lib/python3.12/site-packages/airflow/example_dags/tutorial_dag.py
[2024-06-22T11:17:22.370+0000] {logging_mixin.py:188} INFO - [2024-06-22T11:17:22.368+0000] {dag.py:3096} INFO - Sync 1 DAGs
[2024-06-22T11:17:22.421+0000] {logging_mixin.py:188} INFO - [2024-06-22T11:17:22.421+0000] {dag.py:3954} INFO - Setting next_dagrun for tutorial_dag to None, run_after=None
[2024-06-22T11:17:22.487+0000] {processor.py:183} INFO - Processing /home/airflow/.local/lib/python3.12/site-packages/airflow/example_dags/tutorial_dag.py took 0.302 seconds
[2024-06-22T11:18:02.960+0000] {processor.py:161} INFO - Started process (PID=1409) to work on /home/airflow/.local/lib/python3.12/site-packages/airflow/example_dags/tutorial_dag.py
[2024-06-22T11:18:02.963+0000] {processor.py:830} INFO - Processing file /home/airflow/.local/lib/python3.12/site-packages/airflow/example_dags/tutorial_dag.py for tasks to queue
[2024-06-22T11:18:02.977+0000] {logging_mixin.py:188} INFO - [2024-06-22T11:18:02.976+0000] {dagbag.py:540} INFO - Filling up the DagBag from /home/airflow/.local/lib/python3.12/site-packages/airflow/example_dags/tutorial_dag.py
[2024-06-22T11:18:03.034+0000] {processor.py:840} INFO - DAG(s) 'tutorial_dag' retrieved from /home/airflow/.local/lib/python3.12/site-packages/airflow/example_dags/tutorial_dag.py
[2024-06-22T11:18:03.252+0000] {logging_mixin.py:188} INFO - [2024-06-22T11:18:03.251+0000] {dag.py:3096} INFO - Sync 1 DAGs
[2024-06-22T11:18:03.308+0000] {logging_mixin.py:188} INFO - [2024-06-22T11:18:03.307+0000] {dag.py:3954} INFO - Setting next_dagrun for tutorial_dag to None, run_after=None
[2024-06-22T11:18:03.341+0000] {processor.py:183} INFO - Processing /home/airflow/.local/lib/python3.12/site-packages/airflow/example_dags/tutorial_dag.py took 0.438 seconds
[2024-06-22T11:18:34.240+0000] {processor.py:161} INFO - Started process (PID=1467) to work on /home/airflow/.local/lib/python3.12/site-packages/airflow/example_dags/tutorial_dag.py
[2024-06-22T11:18:34.249+0000] {processor.py:830} INFO - Processing file /home/airflow/.local/lib/python3.12/site-packages/airflow/example_dags/tutorial_dag.py for tasks to queue
[2024-06-22T11:18:34.263+0000] {logging_mixin.py:188} INFO - [2024-06-22T11:18:34.262+0000] {dagbag.py:540} INFO - Filling up the DagBag from /home/airflow/.local/lib/python3.12/site-packages/airflow/example_dags/tutorial_dag.py
[2024-06-22T11:18:34.297+0000] {processor.py:840} INFO - DAG(s) 'tutorial_dag' retrieved from /home/airflow/.local/lib/python3.12/site-packages/airflow/example_dags/tutorial_dag.py
[2024-06-22T11:18:34.385+0000] {logging_mixin.py:188} INFO - [2024-06-22T11:18:34.385+0000] {dag.py:3096} INFO - Sync 1 DAGs
[2024-06-22T11:18:34.474+0000] {logging_mixin.py:188} INFO - [2024-06-22T11:18:34.472+0000] {dag.py:3954} INFO - Setting next_dagrun for tutorial_dag to None, run_after=None
[2024-06-22T11:18:34.599+0000] {processor.py:183} INFO - Processing /home/airflow/.local/lib/python3.12/site-packages/airflow/example_dags/tutorial_dag.py took 0.412 seconds
[2024-06-22T11:19:06.026+0000] {processor.py:161} INFO - Started process (PID=1523) to work on /home/airflow/.local/lib/python3.12/site-packages/airflow/example_dags/tutorial_dag.py
[2024-06-22T11:19:06.062+0000] {processor.py:830} INFO - Processing file /home/airflow/.local/lib/python3.12/site-packages/airflow/example_dags/tutorial_dag.py for tasks to queue
[2024-06-22T11:19:06.086+0000] {logging_mixin.py:188} INFO - [2024-06-22T11:19:06.082+0000] {dagbag.py:540} INFO - Filling up the DagBag from /home/airflow/.local/lib/python3.12/site-packages/airflow/example_dags/tutorial_dag.py
[2024-06-22T11:19:06.146+0000] {processor.py:840} INFO - DAG(s) 'tutorial_dag' retrieved from /home/airflow/.local/lib/python3.12/site-packages/airflow/example_dags/tutorial_dag.py
[2024-06-22T11:19:06.334+0000] {logging_mixin.py:188} INFO - [2024-06-22T11:19:06.333+0000] {dag.py:3096} INFO - Sync 1 DAGs
[2024-06-22T11:19:06.472+0000] {logging_mixin.py:188} INFO - [2024-06-22T11:19:06.472+0000] {dag.py:3954} INFO - Setting next_dagrun for tutorial_dag to None, run_after=None
[2024-06-22T11:19:06.634+0000] {processor.py:183} INFO - Processing /home/airflow/.local/lib/python3.12/site-packages/airflow/example_dags/tutorial_dag.py took 0.684 seconds
[2024-06-22T11:19:43.980+0000] {processor.py:161} INFO - Started process (PID=1581) to work on /home/airflow/.local/lib/python3.12/site-packages/airflow/example_dags/tutorial_dag.py
[2024-06-22T11:19:43.987+0000] {processor.py:830} INFO - Processing file /home/airflow/.local/lib/python3.12/site-packages/airflow/example_dags/tutorial_dag.py for tasks to queue
[2024-06-22T11:19:44.035+0000] {logging_mixin.py:188} INFO - [2024-06-22T11:19:44.025+0000] {dagbag.py:540} INFO - Filling up the DagBag from /home/airflow/.local/lib/python3.12/site-packages/airflow/example_dags/tutorial_dag.py
[2024-06-22T11:19:44.130+0000] {processor.py:840} INFO - DAG(s) 'tutorial_dag' retrieved from /home/airflow/.local/lib/python3.12/site-packages/airflow/example_dags/tutorial_dag.py
[2024-06-22T11:19:44.349+0000] {logging_mixin.py:188} INFO - [2024-06-22T11:19:44.345+0000] {dag.py:3096} INFO - Sync 1 DAGs
[2024-06-22T11:19:44.549+0000] {logging_mixin.py:188} INFO - [2024-06-22T11:19:44.537+0000] {dag.py:3954} INFO - Setting next_dagrun for tutorial_dag to None, run_after=None
[2024-06-22T11:19:44.761+0000] {processor.py:183} INFO - Processing /home/airflow/.local/lib/python3.12/site-packages/airflow/example_dags/tutorial_dag.py took 0.874 seconds
[2024-06-22T11:20:15.134+0000] {processor.py:161} INFO - Started process (PID=1638) to work on /home/airflow/.local/lib/python3.12/site-packages/airflow/example_dags/tutorial_dag.py
[2024-06-22T11:20:15.145+0000] {processor.py:830} INFO - Processing file /home/airflow/.local/lib/python3.12/site-packages/airflow/example_dags/tutorial_dag.py for tasks to queue
[2024-06-22T11:20:15.150+0000] {logging_mixin.py:188} INFO - [2024-06-22T11:20:15.149+0000] {dagbag.py:540} INFO - Filling up the DagBag from /home/airflow/.local/lib/python3.12/site-packages/airflow/example_dags/tutorial_dag.py
[2024-06-22T11:20:15.161+0000] {processor.py:840} INFO - DAG(s) 'tutorial_dag' retrieved from /home/airflow/.local/lib/python3.12/site-packages/airflow/example_dags/tutorial_dag.py
[2024-06-22T11:20:15.218+0000] {logging_mixin.py:188} INFO - [2024-06-22T11:20:15.217+0000] {dag.py:3096} INFO - Sync 1 DAGs
[2024-06-22T11:20:15.241+0000] {logging_mixin.py:188} INFO - [2024-06-22T11:20:15.241+0000] {dag.py:3954} INFO - Setting next_dagrun for tutorial_dag to None, run_after=None
[2024-06-22T11:20:15.324+0000] {processor.py:183} INFO - Processing /home/airflow/.local/lib/python3.12/site-packages/airflow/example_dags/tutorial_dag.py took 0.202 seconds
[2024-06-22T11:20:46.311+0000] {processor.py:161} INFO - Started process (PID=1696) to work on /home/airflow/.local/lib/python3.12/site-packages/airflow/example_dags/tutorial_dag.py
[2024-06-22T11:20:46.315+0000] {processor.py:830} INFO - Processing file /home/airflow/.local/lib/python3.12/site-packages/airflow/example_dags/tutorial_dag.py for tasks to queue
[2024-06-22T11:20:46.327+0000] {logging_mixin.py:188} INFO - [2024-06-22T11:20:46.326+0000] {dagbag.py:540} INFO - Filling up the DagBag from /home/airflow/.local/lib/python3.12/site-packages/airflow/example_dags/tutorial_dag.py
[2024-06-22T11:20:46.345+0000] {processor.py:840} INFO - DAG(s) 'tutorial_dag' retrieved from /home/airflow/.local/lib/python3.12/site-packages/airflow/example_dags/tutorial_dag.py
[2024-06-22T11:20:46.452+0000] {logging_mixin.py:188} INFO - [2024-06-22T11:20:46.451+0000] {dag.py:3096} INFO - Sync 1 DAGs
[2024-06-22T11:20:46.496+0000] {logging_mixin.py:188} INFO - [2024-06-22T11:20:46.496+0000] {dag.py:3954} INFO - Setting next_dagrun for tutorial_dag to None, run_after=None
[2024-06-22T11:20:46.588+0000] {processor.py:183} INFO - Processing /home/airflow/.local/lib/python3.12/site-packages/airflow/example_dags/tutorial_dag.py took 0.309 seconds
[2024-06-22T11:21:57.977+0000] {processor.py:161} INFO - Started process (PID=1752) to work on /home/airflow/.local/lib/python3.12/site-packages/airflow/example_dags/tutorial_dag.py
[2024-06-22T11:21:57.981+0000] {processor.py:830} INFO - Processing file /home/airflow/.local/lib/python3.12/site-packages/airflow/example_dags/tutorial_dag.py for tasks to queue
[2024-06-22T11:21:57.989+0000] {logging_mixin.py:188} INFO - [2024-06-22T11:21:57.988+0000] {dagbag.py:540} INFO - Filling up the DagBag from /home/airflow/.local/lib/python3.12/site-packages/airflow/example_dags/tutorial_dag.py
[2024-06-22T11:21:58.007+0000] {processor.py:840} INFO - DAG(s) 'tutorial_dag' retrieved from /home/airflow/.local/lib/python3.12/site-packages/airflow/example_dags/tutorial_dag.py
[2024-06-22T11:21:58.064+0000] {logging_mixin.py:188} INFO - [2024-06-22T11:21:58.064+0000] {dag.py:3096} INFO - Sync 1 DAGs
[2024-06-22T11:21:58.090+0000] {logging_mixin.py:188} INFO - [2024-06-22T11:21:58.089+0000] {dag.py:3954} INFO - Setting next_dagrun for tutorial_dag to None, run_after=None
[2024-06-22T11:21:58.128+0000] {processor.py:183} INFO - Processing /home/airflow/.local/lib/python3.12/site-packages/airflow/example_dags/tutorial_dag.py took 0.179 seconds
[2024-06-22T11:22:31.526+0000] {processor.py:161} INFO - Started process (PID=1811) to work on /home/airflow/.local/lib/python3.12/site-packages/airflow/example_dags/tutorial_dag.py
[2024-06-22T11:22:31.528+0000] {processor.py:830} INFO - Processing file /home/airflow/.local/lib/python3.12/site-packages/airflow/example_dags/tutorial_dag.py for tasks to queue
[2024-06-22T11:22:31.532+0000] {logging_mixin.py:188} INFO - [2024-06-22T11:22:31.531+0000] {dagbag.py:540} INFO - Filling up the DagBag from /home/airflow/.local/lib/python3.12/site-packages/airflow/example_dags/tutorial_dag.py
[2024-06-22T11:22:31.558+0000] {processor.py:840} INFO - DAG(s) 'tutorial_dag' retrieved from /home/airflow/.local/lib/python3.12/site-packages/airflow/example_dags/tutorial_dag.py
[2024-06-22T11:22:31.626+0000] {logging_mixin.py:188} INFO - [2024-06-22T11:22:31.625+0000] {dag.py:3096} INFO - Sync 1 DAGs
[2024-06-22T11:22:31.682+0000] {logging_mixin.py:188} INFO - [2024-06-22T11:22:31.682+0000] {dag.py:3954} INFO - Setting next_dagrun for tutorial_dag to None, run_after=None
[2024-06-22T11:22:31.748+0000] {processor.py:183} INFO - Processing /home/airflow/.local/lib/python3.12/site-packages/airflow/example_dags/tutorial_dag.py took 0.241 seconds
[2024-06-22T11:23:02.909+0000] {processor.py:161} INFO - Started process (PID=1870) to work on /home/airflow/.local/lib/python3.12/site-packages/airflow/example_dags/tutorial_dag.py
[2024-06-22T11:23:02.917+0000] {processor.py:830} INFO - Processing file /home/airflow/.local/lib/python3.12/site-packages/airflow/example_dags/tutorial_dag.py for tasks to queue
[2024-06-22T11:23:02.928+0000] {logging_mixin.py:188} INFO - [2024-06-22T11:23:02.926+0000] {dagbag.py:540} INFO - Filling up the DagBag from /home/airflow/.local/lib/python3.12/site-packages/airflow/example_dags/tutorial_dag.py
[2024-06-22T11:23:02.990+0000] {processor.py:840} INFO - DAG(s) 'tutorial_dag' retrieved from /home/airflow/.local/lib/python3.12/site-packages/airflow/example_dags/tutorial_dag.py
[2024-06-22T11:23:03.160+0000] {logging_mixin.py:188} INFO - [2024-06-22T11:23:03.160+0000] {dag.py:3096} INFO - Sync 1 DAGs
[2024-06-22T11:23:03.285+0000] {logging_mixin.py:188} INFO - [2024-06-22T11:23:03.282+0000] {dag.py:3954} INFO - Setting next_dagrun for tutorial_dag to None, run_after=None
[2024-06-22T11:23:03.418+0000] {processor.py:183} INFO - Processing /home/airflow/.local/lib/python3.12/site-packages/airflow/example_dags/tutorial_dag.py took 0.545 seconds
[2024-06-22T11:23:34.361+0000] {processor.py:161} INFO - Started process (PID=1928) to work on /home/airflow/.local/lib/python3.12/site-packages/airflow/example_dags/tutorial_dag.py
[2024-06-22T11:23:34.365+0000] {processor.py:830} INFO - Processing file /home/airflow/.local/lib/python3.12/site-packages/airflow/example_dags/tutorial_dag.py for tasks to queue
[2024-06-22T11:23:34.375+0000] {logging_mixin.py:188} INFO - [2024-06-22T11:23:34.373+0000] {dagbag.py:540} INFO - Filling up the DagBag from /home/airflow/.local/lib/python3.12/site-packages/airflow/example_dags/tutorial_dag.py
[2024-06-22T11:23:34.392+0000] {processor.py:840} INFO - DAG(s) 'tutorial_dag' retrieved from /home/airflow/.local/lib/python3.12/site-packages/airflow/example_dags/tutorial_dag.py
[2024-06-22T11:23:34.465+0000] {logging_mixin.py:188} INFO - [2024-06-22T11:23:34.464+0000] {dag.py:3096} INFO - Sync 1 DAGs
[2024-06-22T11:23:34.544+0000] {logging_mixin.py:188} INFO - [2024-06-22T11:23:34.544+0000] {dag.py:3954} INFO - Setting next_dagrun for tutorial_dag to None, run_after=None
[2024-06-22T11:23:34.622+0000] {processor.py:183} INFO - Processing /home/airflow/.local/lib/python3.12/site-packages/airflow/example_dags/tutorial_dag.py took 0.283 seconds
[2024-06-22T11:24:04.770+0000] {processor.py:161} INFO - Started process (PID=1986) to work on /home/airflow/.local/lib/python3.12/site-packages/airflow/example_dags/tutorial_dag.py
[2024-06-22T11:24:04.774+0000] {processor.py:830} INFO - Processing file /home/airflow/.local/lib/python3.12/site-packages/airflow/example_dags/tutorial_dag.py for tasks to queue
[2024-06-22T11:24:04.782+0000] {logging_mixin.py:188} INFO - [2024-06-22T11:24:04.781+0000] {dagbag.py:540} INFO - Filling up the DagBag from /home/airflow/.local/lib/python3.12/site-packages/airflow/example_dags/tutorial_dag.py
[2024-06-22T11:24:04.803+0000] {processor.py:840} INFO - DAG(s) 'tutorial_dag' retrieved from /home/airflow/.local/lib/python3.12/site-packages/airflow/example_dags/tutorial_dag.py
[2024-06-22T11:24:04.860+0000] {logging_mixin.py:188} INFO - [2024-06-22T11:24:04.858+0000] {dag.py:3096} INFO - Sync 1 DAGs
[2024-06-22T11:24:04.883+0000] {logging_mixin.py:188} INFO - [2024-06-22T11:24:04.883+0000] {dag.py:3954} INFO - Setting next_dagrun for tutorial_dag to None, run_after=None
[2024-06-22T11:24:04.937+0000] {processor.py:183} INFO - Processing /home/airflow/.local/lib/python3.12/site-packages/airflow/example_dags/tutorial_dag.py took 0.192 seconds
