[2024-06-22T04:11:13.718+0000] {processor.py:161} INFO - Started process (PID=61) to work on /home/airflow/.local/lib/python3.12/site-packages/airflow/example_dags/tutorial_taskflow_api.py
[2024-06-22T04:11:13.729+0000] {processor.py:830} INFO - Processing file /home/airflow/.local/lib/python3.12/site-packages/airflow/example_dags/tutorial_taskflow_api.py for tasks to queue
[2024-06-22T04:11:13.754+0000] {logging_mixin.py:188} INFO - [2024-06-22T04:11:13.754+0000] {dagbag.py:540} INFO - Filling up the DagBag from /home/airflow/.local/lib/python3.12/site-packages/airflow/example_dags/tutorial_taskflow_api.py
[2024-06-22T04:11:13.830+0000] {processor.py:840} INFO - DAG(s) 'tutorial_taskflow_api' retrieved from /home/airflow/.local/lib/python3.12/site-packages/airflow/example_dags/tutorial_taskflow_api.py
[2024-06-22T04:11:13.889+0000] {logging_mixin.py:188} INFO - [2024-06-22T04:11:13.889+0000] {dag.py:3096} INFO - Sync 1 DAGs
[2024-06-22T04:11:13.954+0000] {logging_mixin.py:188} INFO - [2024-06-22T04:11:13.954+0000] {dag.py:3954} INFO - Setting next_dagrun for tutorial_taskflow_api to None, run_after=None
[2024-06-22T04:11:14.071+0000] {processor.py:183} INFO - Processing /home/airflow/.local/lib/python3.12/site-packages/airflow/example_dags/tutorial_taskflow_api.py took 0.378 seconds
[2024-06-22T04:11:44.200+0000] {processor.py:161} INFO - Started process (PID=120) to work on /home/airflow/.local/lib/python3.12/site-packages/airflow/example_dags/tutorial_taskflow_api.py
[2024-06-22T04:11:44.206+0000] {processor.py:830} INFO - Processing file /home/airflow/.local/lib/python3.12/site-packages/airflow/example_dags/tutorial_taskflow_api.py for tasks to queue
[2024-06-22T04:11:44.209+0000] {logging_mixin.py:188} INFO - [2024-06-22T04:11:44.208+0000] {dagbag.py:540} INFO - Filling up the DagBag from /home/airflow/.local/lib/python3.12/site-packages/airflow/example_dags/tutorial_taskflow_api.py
[2024-06-22T04:11:44.237+0000] {processor.py:840} INFO - DAG(s) 'tutorial_taskflow_api' retrieved from /home/airflow/.local/lib/python3.12/site-packages/airflow/example_dags/tutorial_taskflow_api.py
[2024-06-22T04:11:44.417+0000] {logging_mixin.py:188} INFO - [2024-06-22T04:11:44.417+0000] {dag.py:3096} INFO - Sync 1 DAGs
[2024-06-22T04:11:44.437+0000] {logging_mixin.py:188} INFO - [2024-06-22T04:11:44.437+0000] {dag.py:3954} INFO - Setting next_dagrun for tutorial_taskflow_api to None, run_after=None
[2024-06-22T04:11:44.469+0000] {processor.py:183} INFO - Processing /home/airflow/.local/lib/python3.12/site-packages/airflow/example_dags/tutorial_taskflow_api.py took 0.299 seconds
[2024-06-22T04:12:14.978+0000] {processor.py:161} INFO - Started process (PID=178) to work on /home/airflow/.local/lib/python3.12/site-packages/airflow/example_dags/tutorial_taskflow_api.py
[2024-06-22T04:12:14.980+0000] {processor.py:830} INFO - Processing file /home/airflow/.local/lib/python3.12/site-packages/airflow/example_dags/tutorial_taskflow_api.py for tasks to queue
[2024-06-22T04:12:14.983+0000] {logging_mixin.py:188} INFO - [2024-06-22T04:12:14.983+0000] {dagbag.py:540} INFO - Filling up the DagBag from /home/airflow/.local/lib/python3.12/site-packages/airflow/example_dags/tutorial_taskflow_api.py
[2024-06-22T04:12:14.993+0000] {processor.py:840} INFO - DAG(s) 'tutorial_taskflow_api' retrieved from /home/airflow/.local/lib/python3.12/site-packages/airflow/example_dags/tutorial_taskflow_api.py
[2024-06-22T04:12:15.021+0000] {logging_mixin.py:188} INFO - [2024-06-22T04:12:15.020+0000] {dag.py:3096} INFO - Sync 1 DAGs
[2024-06-22T04:12:15.045+0000] {logging_mixin.py:188} INFO - [2024-06-22T04:12:15.044+0000] {dag.py:3954} INFO - Setting next_dagrun for tutorial_taskflow_api to None, run_after=None
[2024-06-22T04:12:15.078+0000] {processor.py:183} INFO - Processing /home/airflow/.local/lib/python3.12/site-packages/airflow/example_dags/tutorial_taskflow_api.py took 0.111 seconds
[2024-06-22T04:12:46.752+0000] {processor.py:161} INFO - Started process (PID=237) to work on /home/airflow/.local/lib/python3.12/site-packages/airflow/example_dags/tutorial_taskflow_api.py
[2024-06-22T04:12:46.757+0000] {processor.py:830} INFO - Processing file /home/airflow/.local/lib/python3.12/site-packages/airflow/example_dags/tutorial_taskflow_api.py for tasks to queue
[2024-06-22T04:12:46.765+0000] {logging_mixin.py:188} INFO - [2024-06-22T04:12:46.764+0000] {dagbag.py:540} INFO - Filling up the DagBag from /home/airflow/.local/lib/python3.12/site-packages/airflow/example_dags/tutorial_taskflow_api.py
[2024-06-22T04:12:46.801+0000] {processor.py:840} INFO - DAG(s) 'tutorial_taskflow_api' retrieved from /home/airflow/.local/lib/python3.12/site-packages/airflow/example_dags/tutorial_taskflow_api.py
[2024-06-22T04:12:46.878+0000] {logging_mixin.py:188} INFO - [2024-06-22T04:12:46.877+0000] {dag.py:3096} INFO - Sync 1 DAGs
[2024-06-22T04:12:46.925+0000] {logging_mixin.py:188} INFO - [2024-06-22T04:12:46.925+0000] {dag.py:3954} INFO - Setting next_dagrun for tutorial_taskflow_api to None, run_after=None
[2024-06-22T04:12:47.039+0000] {processor.py:183} INFO - Processing /home/airflow/.local/lib/python3.12/site-packages/airflow/example_dags/tutorial_taskflow_api.py took 0.307 seconds
[2024-06-22T04:13:17.346+0000] {processor.py:161} INFO - Started process (PID=296) to work on /home/airflow/.local/lib/python3.12/site-packages/airflow/example_dags/tutorial_taskflow_api.py
[2024-06-22T04:13:17.349+0000] {processor.py:830} INFO - Processing file /home/airflow/.local/lib/python3.12/site-packages/airflow/example_dags/tutorial_taskflow_api.py for tasks to queue
[2024-06-22T04:13:17.353+0000] {logging_mixin.py:188} INFO - [2024-06-22T04:13:17.353+0000] {dagbag.py:540} INFO - Filling up the DagBag from /home/airflow/.local/lib/python3.12/site-packages/airflow/example_dags/tutorial_taskflow_api.py
[2024-06-22T04:13:17.364+0000] {processor.py:840} INFO - DAG(s) 'tutorial_taskflow_api' retrieved from /home/airflow/.local/lib/python3.12/site-packages/airflow/example_dags/tutorial_taskflow_api.py
[2024-06-22T04:13:17.398+0000] {logging_mixin.py:188} INFO - [2024-06-22T04:13:17.397+0000] {dag.py:3096} INFO - Sync 1 DAGs
[2024-06-22T04:13:17.423+0000] {logging_mixin.py:188} INFO - [2024-06-22T04:13:17.422+0000] {dag.py:3954} INFO - Setting next_dagrun for tutorial_taskflow_api to None, run_after=None
[2024-06-22T04:13:17.461+0000] {processor.py:183} INFO - Processing /home/airflow/.local/lib/python3.12/site-packages/airflow/example_dags/tutorial_taskflow_api.py took 0.123 seconds
[2024-06-22T04:13:47.807+0000] {processor.py:161} INFO - Started process (PID=355) to work on /home/airflow/.local/lib/python3.12/site-packages/airflow/example_dags/tutorial_taskflow_api.py
[2024-06-22T04:13:47.809+0000] {processor.py:830} INFO - Processing file /home/airflow/.local/lib/python3.12/site-packages/airflow/example_dags/tutorial_taskflow_api.py for tasks to queue
[2024-06-22T04:13:47.813+0000] {logging_mixin.py:188} INFO - [2024-06-22T04:13:47.813+0000] {dagbag.py:540} INFO - Filling up the DagBag from /home/airflow/.local/lib/python3.12/site-packages/airflow/example_dags/tutorial_taskflow_api.py
[2024-06-22T04:13:47.830+0000] {processor.py:840} INFO - DAG(s) 'tutorial_taskflow_api' retrieved from /home/airflow/.local/lib/python3.12/site-packages/airflow/example_dags/tutorial_taskflow_api.py
[2024-06-22T04:13:47.866+0000] {logging_mixin.py:188} INFO - [2024-06-22T04:13:47.866+0000] {dag.py:3096} INFO - Sync 1 DAGs
[2024-06-22T04:13:47.889+0000] {logging_mixin.py:188} INFO - [2024-06-22T04:13:47.889+0000] {dag.py:3954} INFO - Setting next_dagrun for tutorial_taskflow_api to None, run_after=None
[2024-06-22T04:13:47.913+0000] {processor.py:183} INFO - Processing /home/airflow/.local/lib/python3.12/site-packages/airflow/example_dags/tutorial_taskflow_api.py took 0.117 seconds
[2024-06-22T04:14:18.542+0000] {processor.py:161} INFO - Started process (PID=417) to work on /home/airflow/.local/lib/python3.12/site-packages/airflow/example_dags/tutorial_taskflow_api.py
[2024-06-22T04:14:18.544+0000] {processor.py:830} INFO - Processing file /home/airflow/.local/lib/python3.12/site-packages/airflow/example_dags/tutorial_taskflow_api.py for tasks to queue
[2024-06-22T04:14:18.551+0000] {logging_mixin.py:188} INFO - [2024-06-22T04:14:18.550+0000] {dagbag.py:540} INFO - Filling up the DagBag from /home/airflow/.local/lib/python3.12/site-packages/airflow/example_dags/tutorial_taskflow_api.py
[2024-06-22T04:14:18.564+0000] {processor.py:840} INFO - DAG(s) 'tutorial_taskflow_api' retrieved from /home/airflow/.local/lib/python3.12/site-packages/airflow/example_dags/tutorial_taskflow_api.py
[2024-06-22T04:14:18.594+0000] {logging_mixin.py:188} INFO - [2024-06-22T04:14:18.594+0000] {dag.py:3096} INFO - Sync 1 DAGs
[2024-06-22T04:14:18.621+0000] {logging_mixin.py:188} INFO - [2024-06-22T04:14:18.621+0000] {dag.py:3954} INFO - Setting next_dagrun for tutorial_taskflow_api to None, run_after=None
[2024-06-22T04:14:18.653+0000] {processor.py:183} INFO - Processing /home/airflow/.local/lib/python3.12/site-packages/airflow/example_dags/tutorial_taskflow_api.py took 0.124 seconds
[2024-06-22T04:14:48.987+0000] {processor.py:161} INFO - Started process (PID=476) to work on /home/airflow/.local/lib/python3.12/site-packages/airflow/example_dags/tutorial_taskflow_api.py
[2024-06-22T04:14:48.988+0000] {processor.py:830} INFO - Processing file /home/airflow/.local/lib/python3.12/site-packages/airflow/example_dags/tutorial_taskflow_api.py for tasks to queue
[2024-06-22T04:14:48.992+0000] {logging_mixin.py:188} INFO - [2024-06-22T04:14:48.992+0000] {dagbag.py:540} INFO - Filling up the DagBag from /home/airflow/.local/lib/python3.12/site-packages/airflow/example_dags/tutorial_taskflow_api.py
[2024-06-22T04:14:49.002+0000] {processor.py:840} INFO - DAG(s) 'tutorial_taskflow_api' retrieved from /home/airflow/.local/lib/python3.12/site-packages/airflow/example_dags/tutorial_taskflow_api.py
[2024-06-22T04:14:49.034+0000] {logging_mixin.py:188} INFO - [2024-06-22T04:14:49.034+0000] {dag.py:3096} INFO - Sync 1 DAGs
[2024-06-22T04:14:49.068+0000] {logging_mixin.py:188} INFO - [2024-06-22T04:14:49.067+0000] {dag.py:3954} INFO - Setting next_dagrun for tutorial_taskflow_api to None, run_after=None
[2024-06-22T04:14:49.102+0000] {processor.py:183} INFO - Processing /home/airflow/.local/lib/python3.12/site-packages/airflow/example_dags/tutorial_taskflow_api.py took 0.124 seconds
[2024-06-22T04:15:19.575+0000] {processor.py:161} INFO - Started process (PID=536) to work on /home/airflow/.local/lib/python3.12/site-packages/airflow/example_dags/tutorial_taskflow_api.py
[2024-06-22T04:15:19.577+0000] {processor.py:830} INFO - Processing file /home/airflow/.local/lib/python3.12/site-packages/airflow/example_dags/tutorial_taskflow_api.py for tasks to queue
[2024-06-22T04:15:19.583+0000] {logging_mixin.py:188} INFO - [2024-06-22T04:15:19.582+0000] {dagbag.py:540} INFO - Filling up the DagBag from /home/airflow/.local/lib/python3.12/site-packages/airflow/example_dags/tutorial_taskflow_api.py
[2024-06-22T04:15:19.598+0000] {processor.py:840} INFO - DAG(s) 'tutorial_taskflow_api' retrieved from /home/airflow/.local/lib/python3.12/site-packages/airflow/example_dags/tutorial_taskflow_api.py
[2024-06-22T04:15:19.646+0000] {logging_mixin.py:188} INFO - [2024-06-22T04:15:19.645+0000] {dag.py:3096} INFO - Sync 1 DAGs
[2024-06-22T04:15:19.686+0000] {logging_mixin.py:188} INFO - [2024-06-22T04:15:19.685+0000] {dag.py:3954} INFO - Setting next_dagrun for tutorial_taskflow_api to None, run_after=None
[2024-06-22T04:15:19.726+0000] {processor.py:183} INFO - Processing /home/airflow/.local/lib/python3.12/site-packages/airflow/example_dags/tutorial_taskflow_api.py took 0.164 seconds
[2024-06-22T04:15:50.278+0000] {processor.py:161} INFO - Started process (PID=595) to work on /home/airflow/.local/lib/python3.12/site-packages/airflow/example_dags/tutorial_taskflow_api.py
[2024-06-22T04:15:50.281+0000] {processor.py:830} INFO - Processing file /home/airflow/.local/lib/python3.12/site-packages/airflow/example_dags/tutorial_taskflow_api.py for tasks to queue
[2024-06-22T04:15:50.289+0000] {logging_mixin.py:188} INFO - [2024-06-22T04:15:50.288+0000] {dagbag.py:540} INFO - Filling up the DagBag from /home/airflow/.local/lib/python3.12/site-packages/airflow/example_dags/tutorial_taskflow_api.py
[2024-06-22T04:15:50.300+0000] {processor.py:840} INFO - DAG(s) 'tutorial_taskflow_api' retrieved from /home/airflow/.local/lib/python3.12/site-packages/airflow/example_dags/tutorial_taskflow_api.py
[2024-06-22T04:15:50.347+0000] {logging_mixin.py:188} INFO - [2024-06-22T04:15:50.347+0000] {dag.py:3096} INFO - Sync 1 DAGs
[2024-06-22T04:15:50.371+0000] {logging_mixin.py:188} INFO - [2024-06-22T04:15:50.371+0000] {dag.py:3954} INFO - Setting next_dagrun for tutorial_taskflow_api to None, run_after=None
[2024-06-22T04:15:50.404+0000] {processor.py:183} INFO - Processing /home/airflow/.local/lib/python3.12/site-packages/airflow/example_dags/tutorial_taskflow_api.py took 0.140 seconds
[2024-06-22T04:16:20.499+0000] {processor.py:161} INFO - Started process (PID=655) to work on /home/airflow/.local/lib/python3.12/site-packages/airflow/example_dags/tutorial_taskflow_api.py
[2024-06-22T04:16:20.501+0000] {processor.py:830} INFO - Processing file /home/airflow/.local/lib/python3.12/site-packages/airflow/example_dags/tutorial_taskflow_api.py for tasks to queue
[2024-06-22T04:16:20.505+0000] {logging_mixin.py:188} INFO - [2024-06-22T04:16:20.504+0000] {dagbag.py:540} INFO - Filling up the DagBag from /home/airflow/.local/lib/python3.12/site-packages/airflow/example_dags/tutorial_taskflow_api.py
[2024-06-22T04:16:20.518+0000] {processor.py:840} INFO - DAG(s) 'tutorial_taskflow_api' retrieved from /home/airflow/.local/lib/python3.12/site-packages/airflow/example_dags/tutorial_taskflow_api.py
[2024-06-22T04:16:20.552+0000] {logging_mixin.py:188} INFO - [2024-06-22T04:16:20.552+0000] {dag.py:3096} INFO - Sync 1 DAGs
[2024-06-22T04:16:20.577+0000] {logging_mixin.py:188} INFO - [2024-06-22T04:16:20.577+0000] {dag.py:3954} INFO - Setting next_dagrun for tutorial_taskflow_api to None, run_after=None
[2024-06-22T04:16:20.620+0000] {processor.py:183} INFO - Processing /home/airflow/.local/lib/python3.12/site-packages/airflow/example_dags/tutorial_taskflow_api.py took 0.131 seconds
[2024-06-22T04:16:52.047+0000] {processor.py:161} INFO - Started process (PID=714) to work on /home/airflow/.local/lib/python3.12/site-packages/airflow/example_dags/tutorial_taskflow_api.py
[2024-06-22T04:16:52.050+0000] {processor.py:830} INFO - Processing file /home/airflow/.local/lib/python3.12/site-packages/airflow/example_dags/tutorial_taskflow_api.py for tasks to queue
[2024-06-22T04:16:52.056+0000] {logging_mixin.py:188} INFO - [2024-06-22T04:16:52.055+0000] {dagbag.py:540} INFO - Filling up the DagBag from /home/airflow/.local/lib/python3.12/site-packages/airflow/example_dags/tutorial_taskflow_api.py
[2024-06-22T04:16:52.069+0000] {processor.py:840} INFO - DAG(s) 'tutorial_taskflow_api' retrieved from /home/airflow/.local/lib/python3.12/site-packages/airflow/example_dags/tutorial_taskflow_api.py
[2024-06-22T04:16:52.134+0000] {logging_mixin.py:188} INFO - [2024-06-22T04:16:52.133+0000] {dag.py:3096} INFO - Sync 1 DAGs
[2024-06-22T04:16:52.154+0000] {logging_mixin.py:188} INFO - [2024-06-22T04:16:52.153+0000] {dag.py:3954} INFO - Setting next_dagrun for tutorial_taskflow_api to None, run_after=None
[2024-06-22T04:16:52.183+0000] {processor.py:183} INFO - Processing /home/airflow/.local/lib/python3.12/site-packages/airflow/example_dags/tutorial_taskflow_api.py took 0.147 seconds
[2024-06-22T04:17:23.015+0000] {processor.py:161} INFO - Started process (PID=774) to work on /home/airflow/.local/lib/python3.12/site-packages/airflow/example_dags/tutorial_taskflow_api.py
[2024-06-22T04:17:23.027+0000] {processor.py:830} INFO - Processing file /home/airflow/.local/lib/python3.12/site-packages/airflow/example_dags/tutorial_taskflow_api.py for tasks to queue
[2024-06-22T04:17:23.036+0000] {logging_mixin.py:188} INFO - [2024-06-22T04:17:23.033+0000] {dagbag.py:540} INFO - Filling up the DagBag from /home/airflow/.local/lib/python3.12/site-packages/airflow/example_dags/tutorial_taskflow_api.py
[2024-06-22T04:17:23.074+0000] {processor.py:840} INFO - DAG(s) 'tutorial_taskflow_api' retrieved from /home/airflow/.local/lib/python3.12/site-packages/airflow/example_dags/tutorial_taskflow_api.py
[2024-06-22T04:17:23.167+0000] {logging_mixin.py:188} INFO - [2024-06-22T04:17:23.167+0000] {dag.py:3096} INFO - Sync 1 DAGs
[2024-06-22T04:17:23.226+0000] {logging_mixin.py:188} INFO - [2024-06-22T04:17:23.225+0000] {dag.py:3954} INFO - Setting next_dagrun for tutorial_taskflow_api to None, run_after=None
[2024-06-22T04:17:23.308+0000] {processor.py:183} INFO - Processing /home/airflow/.local/lib/python3.12/site-packages/airflow/example_dags/tutorial_taskflow_api.py took 0.327 seconds
[2024-06-22T06:20:01.465+0000] {processor.py:161} INFO - Started process (PID=859) to work on /home/airflow/.local/lib/python3.12/site-packages/airflow/example_dags/tutorial_taskflow_api.py
[2024-06-22T06:20:01.515+0000] {processor.py:830} INFO - Processing file /home/airflow/.local/lib/python3.12/site-packages/airflow/example_dags/tutorial_taskflow_api.py for tasks to queue
[2024-06-22T06:20:01.611+0000] {logging_mixin.py:188} INFO - [2024-06-22T06:20:01.591+0000] {dagbag.py:540} INFO - Filling up the DagBag from /home/airflow/.local/lib/python3.12/site-packages/airflow/example_dags/tutorial_taskflow_api.py
[2024-06-22T06:20:02.330+0000] {processor.py:840} INFO - DAG(s) 'tutorial_taskflow_api' retrieved from /home/airflow/.local/lib/python3.12/site-packages/airflow/example_dags/tutorial_taskflow_api.py
[2024-06-22T06:20:03.343+0000] {logging_mixin.py:188} INFO - [2024-06-22T06:20:03.342+0000] {dag.py:3096} INFO - Sync 1 DAGs
[2024-06-22T06:20:04.087+0000] {logging_mixin.py:188} INFO - [2024-06-22T06:20:04.051+0000] {dag.py:3954} INFO - Setting next_dagrun for tutorial_taskflow_api to None, run_after=None
[2024-06-22T06:20:04.907+0000] {processor.py:183} INFO - Processing /home/airflow/.local/lib/python3.12/site-packages/airflow/example_dags/tutorial_taskflow_api.py took 3.700 seconds
[2024-06-22T06:23:06.665+0000] {processor.py:161} INFO - Started process (PID=950) to work on /home/airflow/.local/lib/python3.12/site-packages/airflow/example_dags/tutorial_taskflow_api.py
[2024-06-22T06:23:06.734+0000] {processor.py:830} INFO - Processing file /home/airflow/.local/lib/python3.12/site-packages/airflow/example_dags/tutorial_taskflow_api.py for tasks to queue
[2024-06-22T06:23:06.786+0000] {logging_mixin.py:188} INFO - [2024-06-22T06:23:06.776+0000] {dagbag.py:540} INFO - Filling up the DagBag from /home/airflow/.local/lib/python3.12/site-packages/airflow/example_dags/tutorial_taskflow_api.py
[2024-06-22T06:23:07.030+0000] {processor.py:840} INFO - DAG(s) 'tutorial_taskflow_api' retrieved from /home/airflow/.local/lib/python3.12/site-packages/airflow/example_dags/tutorial_taskflow_api.py
[2024-06-22T06:23:08.465+0000] {logging_mixin.py:188} INFO - [2024-06-22T06:23:08.463+0000] {dag.py:3096} INFO - Sync 1 DAGs
[2024-06-22T06:23:09.333+0000] {logging_mixin.py:188} INFO - [2024-06-22T06:23:09.331+0000] {dag.py:3954} INFO - Setting next_dagrun for tutorial_taskflow_api to None, run_after=None
[2024-06-22T06:23:09.907+0000] {processor.py:183} INFO - Processing /home/airflow/.local/lib/python3.12/site-packages/airflow/example_dags/tutorial_taskflow_api.py took 3.555 seconds
[2024-06-22T06:57:52.508+0000] {processor.py:161} INFO - Started process (PID=1080) to work on /home/airflow/.local/lib/python3.12/site-packages/airflow/example_dags/tutorial_taskflow_api.py
[2024-06-22T06:57:52.572+0000] {processor.py:830} INFO - Processing file /home/airflow/.local/lib/python3.12/site-packages/airflow/example_dags/tutorial_taskflow_api.py for tasks to queue
[2024-06-22T06:57:52.617+0000] {logging_mixin.py:188} INFO - [2024-06-22T06:57:52.603+0000] {dagbag.py:540} INFO - Filling up the DagBag from /home/airflow/.local/lib/python3.12/site-packages/airflow/example_dags/tutorial_taskflow_api.py
[2024-06-22T06:57:52.985+0000] {processor.py:840} INFO - DAG(s) 'tutorial_taskflow_api' retrieved from /home/airflow/.local/lib/python3.12/site-packages/airflow/example_dags/tutorial_taskflow_api.py
[2024-06-22T06:57:53.886+0000] {logging_mixin.py:188} INFO - [2024-06-22T06:57:53.817+0000] {dag.py:3096} INFO - Sync 1 DAGs
[2024-06-22T06:57:54.747+0000] {logging_mixin.py:188} INFO - [2024-06-22T06:57:54.679+0000] {dag.py:3954} INFO - Setting next_dagrun for tutorial_taskflow_api to None, run_after=None
[2024-06-22T06:57:55.877+0000] {processor.py:183} INFO - Processing /home/airflow/.local/lib/python3.12/site-packages/airflow/example_dags/tutorial_taskflow_api.py took 3.693 seconds
[2024-06-22T07:31:46.813+0000] {processor.py:161} INFO - Started process (PID=1175) to work on /home/airflow/.local/lib/python3.12/site-packages/airflow/example_dags/tutorial_taskflow_api.py
[2024-06-22T07:31:46.846+0000] {processor.py:830} INFO - Processing file /home/airflow/.local/lib/python3.12/site-packages/airflow/example_dags/tutorial_taskflow_api.py for tasks to queue
[2024-06-22T07:31:46.879+0000] {logging_mixin.py:188} INFO - [2024-06-22T07:31:46.876+0000] {dagbag.py:540} INFO - Filling up the DagBag from /home/airflow/.local/lib/python3.12/site-packages/airflow/example_dags/tutorial_taskflow_api.py
[2024-06-22T07:31:47.098+0000] {processor.py:840} INFO - DAG(s) 'tutorial_taskflow_api' retrieved from /home/airflow/.local/lib/python3.12/site-packages/airflow/example_dags/tutorial_taskflow_api.py
[2024-06-22T07:31:47.883+0000] {logging_mixin.py:188} INFO - [2024-06-22T07:31:47.863+0000] {dag.py:3096} INFO - Sync 1 DAGs
[2024-06-22T07:31:48.572+0000] {logging_mixin.py:188} INFO - [2024-06-22T07:31:48.570+0000] {dag.py:3954} INFO - Setting next_dagrun for tutorial_taskflow_api to None, run_after=None
[2024-06-22T07:31:49.363+0000] {processor.py:183} INFO - Processing /home/airflow/.local/lib/python3.12/site-packages/airflow/example_dags/tutorial_taskflow_api.py took 3.198 seconds
[2024-06-22T07:49:38.215+0000] {processor.py:161} INFO - Started process (PID=1282) to work on /home/airflow/.local/lib/python3.12/site-packages/airflow/example_dags/tutorial_taskflow_api.py
[2024-06-22T07:49:38.239+0000] {processor.py:830} INFO - Processing file /home/airflow/.local/lib/python3.12/site-packages/airflow/example_dags/tutorial_taskflow_api.py for tasks to queue
[2024-06-22T07:49:38.271+0000] {logging_mixin.py:188} INFO - [2024-06-22T07:49:38.266+0000] {dagbag.py:540} INFO - Filling up the DagBag from /home/airflow/.local/lib/python3.12/site-packages/airflow/example_dags/tutorial_taskflow_api.py
[2024-06-22T07:49:38.484+0000] {processor.py:840} INFO - DAG(s) 'tutorial_taskflow_api' retrieved from /home/airflow/.local/lib/python3.12/site-packages/airflow/example_dags/tutorial_taskflow_api.py
[2024-06-22T07:49:38.999+0000] {logging_mixin.py:188} INFO - [2024-06-22T07:49:38.996+0000] {dag.py:3096} INFO - Sync 1 DAGs
[2024-06-22T07:49:39.405+0000] {logging_mixin.py:188} INFO - [2024-06-22T07:49:39.378+0000] {dag.py:3954} INFO - Setting next_dagrun for tutorial_taskflow_api to None, run_after=None
[2024-06-22T07:49:39.986+0000] {processor.py:183} INFO - Processing /home/airflow/.local/lib/python3.12/site-packages/airflow/example_dags/tutorial_taskflow_api.py took 2.111 seconds
[2024-06-22T07:52:12.989+0000] {processor.py:161} INFO - Started process (PID=1385) to work on /home/airflow/.local/lib/python3.12/site-packages/airflow/example_dags/tutorial_taskflow_api.py
[2024-06-22T07:52:13.015+0000] {processor.py:830} INFO - Processing file /home/airflow/.local/lib/python3.12/site-packages/airflow/example_dags/tutorial_taskflow_api.py for tasks to queue
[2024-06-22T07:52:13.037+0000] {logging_mixin.py:188} INFO - [2024-06-22T07:52:13.035+0000] {dagbag.py:540} INFO - Filling up the DagBag from /home/airflow/.local/lib/python3.12/site-packages/airflow/example_dags/tutorial_taskflow_api.py
[2024-06-22T07:52:13.280+0000] {processor.py:840} INFO - DAG(s) 'tutorial_taskflow_api' retrieved from /home/airflow/.local/lib/python3.12/site-packages/airflow/example_dags/tutorial_taskflow_api.py
[2024-06-22T07:52:14.155+0000] {logging_mixin.py:188} INFO - [2024-06-22T07:52:14.151+0000] {dag.py:3096} INFO - Sync 1 DAGs
[2024-06-22T07:52:14.567+0000] {logging_mixin.py:188} INFO - [2024-06-22T07:52:14.557+0000] {dag.py:3954} INFO - Setting next_dagrun for tutorial_taskflow_api to None, run_after=None
[2024-06-22T07:52:15.008+0000] {processor.py:183} INFO - Processing /home/airflow/.local/lib/python3.12/site-packages/airflow/example_dags/tutorial_taskflow_api.py took 2.242 seconds
[2024-06-22T07:54:17.946+0000] {processor.py:161} INFO - Started process (PID=1479) to work on /home/airflow/.local/lib/python3.12/site-packages/airflow/example_dags/tutorial_taskflow_api.py
[2024-06-22T07:54:17.959+0000] {processor.py:830} INFO - Processing file /home/airflow/.local/lib/python3.12/site-packages/airflow/example_dags/tutorial_taskflow_api.py for tasks to queue
[2024-06-22T07:54:17.970+0000] {logging_mixin.py:188} INFO - [2024-06-22T07:54:17.968+0000] {dagbag.py:540} INFO - Filling up the DagBag from /home/airflow/.local/lib/python3.12/site-packages/airflow/example_dags/tutorial_taskflow_api.py
[2024-06-22T07:54:18.205+0000] {processor.py:840} INFO - DAG(s) 'tutorial_taskflow_api' retrieved from /home/airflow/.local/lib/python3.12/site-packages/airflow/example_dags/tutorial_taskflow_api.py
[2024-06-22T07:54:18.995+0000] {logging_mixin.py:188} INFO - [2024-06-22T07:54:18.993+0000] {dag.py:3096} INFO - Sync 1 DAGs
[2024-06-22T07:54:19.543+0000] {logging_mixin.py:188} INFO - [2024-06-22T07:54:19.541+0000] {dag.py:3954} INFO - Setting next_dagrun for tutorial_taskflow_api to None, run_after=None
[2024-06-22T07:54:20.259+0000] {processor.py:183} INFO - Processing /home/airflow/.local/lib/python3.12/site-packages/airflow/example_dags/tutorial_taskflow_api.py took 2.527 seconds
[2024-06-22T07:56:38.206+0000] {processor.py:161} INFO - Started process (PID=1572) to work on /home/airflow/.local/lib/python3.12/site-packages/airflow/example_dags/tutorial_taskflow_api.py
[2024-06-22T07:56:38.256+0000] {processor.py:830} INFO - Processing file /home/airflow/.local/lib/python3.12/site-packages/airflow/example_dags/tutorial_taskflow_api.py for tasks to queue
[2024-06-22T07:56:38.300+0000] {logging_mixin.py:188} INFO - [2024-06-22T07:56:38.286+0000] {dagbag.py:540} INFO - Filling up the DagBag from /home/airflow/.local/lib/python3.12/site-packages/airflow/example_dags/tutorial_taskflow_api.py
[2024-06-22T07:56:38.497+0000] {processor.py:840} INFO - DAG(s) 'tutorial_taskflow_api' retrieved from /home/airflow/.local/lib/python3.12/site-packages/airflow/example_dags/tutorial_taskflow_api.py
[2024-06-22T07:56:39.193+0000] {logging_mixin.py:188} INFO - [2024-06-22T07:56:39.192+0000] {dag.py:3096} INFO - Sync 1 DAGs
[2024-06-22T07:56:39.670+0000] {logging_mixin.py:188} INFO - [2024-06-22T07:56:39.659+0000] {dag.py:3954} INFO - Setting next_dagrun for tutorial_taskflow_api to None, run_after=None
[2024-06-22T07:56:40.202+0000] {processor.py:183} INFO - Processing /home/airflow/.local/lib/python3.12/site-packages/airflow/example_dags/tutorial_taskflow_api.py took 2.190 seconds
[2024-06-22T08:28:47.427+0000] {processor.py:161} INFO - Started process (PID=1684) to work on /home/airflow/.local/lib/python3.12/site-packages/airflow/example_dags/tutorial_taskflow_api.py
[2024-06-22T08:28:47.464+0000] {processor.py:830} INFO - Processing file /home/airflow/.local/lib/python3.12/site-packages/airflow/example_dags/tutorial_taskflow_api.py for tasks to queue
[2024-06-22T08:28:47.579+0000] {logging_mixin.py:188} INFO - [2024-06-22T08:28:47.531+0000] {dagbag.py:540} INFO - Filling up the DagBag from /home/airflow/.local/lib/python3.12/site-packages/airflow/example_dags/tutorial_taskflow_api.py
[2024-06-22T08:28:48.011+0000] {processor.py:840} INFO - DAG(s) 'tutorial_taskflow_api' retrieved from /home/airflow/.local/lib/python3.12/site-packages/airflow/example_dags/tutorial_taskflow_api.py
[2024-06-22T08:28:48.585+0000] {logging_mixin.py:188} INFO - [2024-06-22T08:28:48.584+0000] {dag.py:3096} INFO - Sync 1 DAGs
[2024-06-22T08:28:49.189+0000] {logging_mixin.py:188} INFO - [2024-06-22T08:28:49.185+0000] {dag.py:3954} INFO - Setting next_dagrun for tutorial_taskflow_api to None, run_after=None
[2024-06-22T08:28:49.635+0000] {processor.py:183} INFO - Processing /home/airflow/.local/lib/python3.12/site-packages/airflow/example_dags/tutorial_taskflow_api.py took 2.813 seconds
[2024-06-22T08:30:26.437+0000] {processor.py:161} INFO - Started process (PID=1751) to work on /home/airflow/.local/lib/python3.12/site-packages/airflow/example_dags/tutorial_taskflow_api.py
[2024-06-22T08:30:26.458+0000] {processor.py:830} INFO - Processing file /home/airflow/.local/lib/python3.12/site-packages/airflow/example_dags/tutorial_taskflow_api.py for tasks to queue
[2024-06-22T08:30:26.480+0000] {logging_mixin.py:188} INFO - [2024-06-22T08:30:26.478+0000] {dagbag.py:540} INFO - Filling up the DagBag from /home/airflow/.local/lib/python3.12/site-packages/airflow/example_dags/tutorial_taskflow_api.py
[2024-06-22T08:30:26.687+0000] {processor.py:840} INFO - DAG(s) 'tutorial_taskflow_api' retrieved from /home/airflow/.local/lib/python3.12/site-packages/airflow/example_dags/tutorial_taskflow_api.py
[2024-06-22T08:30:27.342+0000] {logging_mixin.py:188} INFO - [2024-06-22T08:30:27.282+0000] {dag.py:3096} INFO - Sync 1 DAGs
[2024-06-22T08:30:28.467+0000] {logging_mixin.py:188} INFO - [2024-06-22T08:30:28.466+0000] {dag.py:3954} INFO - Setting next_dagrun for tutorial_taskflow_api to None, run_after=None
[2024-06-22T08:30:30.101+0000] {processor.py:183} INFO - Processing /home/airflow/.local/lib/python3.12/site-packages/airflow/example_dags/tutorial_taskflow_api.py took 3.970 seconds
[2024-06-22T08:32:51.693+0000] {processor.py:161} INFO - Started process (PID=1852) to work on /home/airflow/.local/lib/python3.12/site-packages/airflow/example_dags/tutorial_taskflow_api.py
[2024-06-22T08:32:51.736+0000] {processor.py:830} INFO - Processing file /home/airflow/.local/lib/python3.12/site-packages/airflow/example_dags/tutorial_taskflow_api.py for tasks to queue
[2024-06-22T08:32:51.764+0000] {logging_mixin.py:188} INFO - [2024-06-22T08:32:51.761+0000] {dagbag.py:540} INFO - Filling up the DagBag from /home/airflow/.local/lib/python3.12/site-packages/airflow/example_dags/tutorial_taskflow_api.py
[2024-06-22T08:32:52.300+0000] {processor.py:840} INFO - DAG(s) 'tutorial_taskflow_api' retrieved from /home/airflow/.local/lib/python3.12/site-packages/airflow/example_dags/tutorial_taskflow_api.py
[2024-06-22T08:32:52.785+0000] {logging_mixin.py:188} INFO - [2024-06-22T08:32:52.783+0000] {dag.py:3096} INFO - Sync 1 DAGs
[2024-06-22T08:32:52.956+0000] {logging_mixin.py:188} INFO - [2024-06-22T08:32:52.954+0000] {dag.py:3954} INFO - Setting next_dagrun for tutorial_taskflow_api to None, run_after=None
[2024-06-22T08:32:53.500+0000] {processor.py:183} INFO - Processing /home/airflow/.local/lib/python3.12/site-packages/airflow/example_dags/tutorial_taskflow_api.py took 1.970 seconds
[2024-06-22T08:35:37.939+0000] {processor.py:161} INFO - Started process (PID=1946) to work on /home/airflow/.local/lib/python3.12/site-packages/airflow/example_dags/tutorial_taskflow_api.py
[2024-06-22T08:35:37.948+0000] {processor.py:830} INFO - Processing file /home/airflow/.local/lib/python3.12/site-packages/airflow/example_dags/tutorial_taskflow_api.py for tasks to queue
[2024-06-22T08:35:37.971+0000] {logging_mixin.py:188} INFO - [2024-06-22T08:35:37.963+0000] {dagbag.py:540} INFO - Filling up the DagBag from /home/airflow/.local/lib/python3.12/site-packages/airflow/example_dags/tutorial_taskflow_api.py
[2024-06-22T08:35:38.042+0000] {processor.py:840} INFO - DAG(s) 'tutorial_taskflow_api' retrieved from /home/airflow/.local/lib/python3.12/site-packages/airflow/example_dags/tutorial_taskflow_api.py
[2024-06-22T08:35:38.811+0000] {logging_mixin.py:188} INFO - [2024-06-22T08:35:38.801+0000] {dag.py:3096} INFO - Sync 1 DAGs
[2024-06-22T08:35:39.131+0000] {logging_mixin.py:188} INFO - [2024-06-22T08:35:39.127+0000] {dag.py:3954} INFO - Setting next_dagrun for tutorial_taskflow_api to None, run_after=None
[2024-06-22T09:05:54.413+0000] {processor.py:183} INFO - Processing /home/airflow/.local/lib/python3.12/site-packages/airflow/example_dags/tutorial_taskflow_api.py took 19.790 seconds
[2024-06-22T10:43:15.458+0000] {processor.py:161} INFO - Started process (PID=2068) to work on /home/airflow/.local/lib/python3.12/site-packages/airflow/example_dags/tutorial_taskflow_api.py
[2024-06-22T10:43:15.549+0000] {processor.py:830} INFO - Processing file /home/airflow/.local/lib/python3.12/site-packages/airflow/example_dags/tutorial_taskflow_api.py for tasks to queue
[2024-06-22T10:43:15.577+0000] {logging_mixin.py:188} INFO - [2024-06-22T10:43:15.574+0000] {dagbag.py:540} INFO - Filling up the DagBag from /home/airflow/.local/lib/python3.12/site-packages/airflow/example_dags/tutorial_taskflow_api.py
[2024-06-22T10:43:15.735+0000] {processor.py:840} INFO - DAG(s) 'tutorial_taskflow_api' retrieved from /home/airflow/.local/lib/python3.12/site-packages/airflow/example_dags/tutorial_taskflow_api.py
[2024-06-22T10:43:21.125+0000] {logging_mixin.py:188} INFO - [2024-06-22T10:43:21.113+0000] {dag.py:3096} INFO - Sync 1 DAGs
[2024-06-22T10:43:21.882+0000] {logging_mixin.py:188} INFO - [2024-06-22T10:43:21.881+0000] {dag.py:3954} INFO - Setting next_dagrun for tutorial_taskflow_api to None, run_after=None
[2024-06-22T10:43:22.314+0000] {processor.py:183} INFO - Processing /home/airflow/.local/lib/python3.12/site-packages/airflow/example_dags/tutorial_taskflow_api.py took 7.003 seconds
[2024-06-22T11:02:41.375+0000] {processor.py:161} INFO - Started process (PID=2151) to work on /home/airflow/.local/lib/python3.12/site-packages/airflow/example_dags/tutorial_taskflow_api.py
[2024-06-22T11:02:41.393+0000] {processor.py:830} INFO - Processing file /home/airflow/.local/lib/python3.12/site-packages/airflow/example_dags/tutorial_taskflow_api.py for tasks to queue
[2024-06-22T11:02:41.434+0000] {logging_mixin.py:188} INFO - [2024-06-22T11:02:41.428+0000] {dagbag.py:540} INFO - Filling up the DagBag from /home/airflow/.local/lib/python3.12/site-packages/airflow/example_dags/tutorial_taskflow_api.py
[2024-06-22T11:02:41.736+0000] {processor.py:840} INFO - DAG(s) 'tutorial_taskflow_api' retrieved from /home/airflow/.local/lib/python3.12/site-packages/airflow/example_dags/tutorial_taskflow_api.py
[2024-06-22T11:02:41.995+0000] {logging_mixin.py:188} INFO - [2024-06-22T11:02:41.994+0000] {dag.py:3096} INFO - Sync 1 DAGs
[2024-06-22T11:02:42.154+0000] {logging_mixin.py:188} INFO - [2024-06-22T11:02:42.153+0000] {dag.py:3954} INFO - Setting next_dagrun for tutorial_taskflow_api to None, run_after=None
[2024-06-22T11:02:42.371+0000] {processor.py:183} INFO - Processing /home/airflow/.local/lib/python3.12/site-packages/airflow/example_dags/tutorial_taskflow_api.py took 1.023 seconds
[2024-06-22T11:05:24.353+0000] {processor.py:161} INFO - Started process (PID=66) to work on /home/airflow/.local/lib/python3.12/site-packages/airflow/example_dags/tutorial_taskflow_api.py
[2024-06-22T11:05:24.362+0000] {processor.py:830} INFO - Processing file /home/airflow/.local/lib/python3.12/site-packages/airflow/example_dags/tutorial_taskflow_api.py for tasks to queue
[2024-06-22T11:05:24.383+0000] {logging_mixin.py:188} INFO - [2024-06-22T11:05:24.382+0000] {dagbag.py:540} INFO - Filling up the DagBag from /home/airflow/.local/lib/python3.12/site-packages/airflow/example_dags/tutorial_taskflow_api.py
[2024-06-22T11:05:24.440+0000] {processor.py:840} INFO - DAG(s) 'tutorial_taskflow_api' retrieved from /home/airflow/.local/lib/python3.12/site-packages/airflow/example_dags/tutorial_taskflow_api.py
[2024-06-22T11:05:25.453+0000] {logging_mixin.py:188} INFO - [2024-06-22T11:05:25.445+0000] {dag.py:3096} INFO - Sync 1 DAGs
[2024-06-22T11:05:25.535+0000] {logging_mixin.py:188} INFO - [2024-06-22T11:05:25.535+0000] {dag.py:3954} INFO - Setting next_dagrun for tutorial_taskflow_api to None, run_after=None
[2024-06-22T11:05:25.662+0000] {processor.py:183} INFO - Processing /home/airflow/.local/lib/python3.12/site-packages/airflow/example_dags/tutorial_taskflow_api.py took 1.357 seconds
[2024-06-22T11:05:55.940+0000] {processor.py:161} INFO - Started process (PID=126) to work on /home/airflow/.local/lib/python3.12/site-packages/airflow/example_dags/tutorial_taskflow_api.py
[2024-06-22T11:05:55.944+0000] {processor.py:830} INFO - Processing file /home/airflow/.local/lib/python3.12/site-packages/airflow/example_dags/tutorial_taskflow_api.py for tasks to queue
[2024-06-22T11:05:55.951+0000] {logging_mixin.py:188} INFO - [2024-06-22T11:05:55.950+0000] {dagbag.py:540} INFO - Filling up the DagBag from /home/airflow/.local/lib/python3.12/site-packages/airflow/example_dags/tutorial_taskflow_api.py
[2024-06-22T11:05:55.969+0000] {processor.py:840} INFO - DAG(s) 'tutorial_taskflow_api' retrieved from /home/airflow/.local/lib/python3.12/site-packages/airflow/example_dags/tutorial_taskflow_api.py
[2024-06-22T11:05:56.017+0000] {logging_mixin.py:188} INFO - [2024-06-22T11:05:56.017+0000] {dag.py:3096} INFO - Sync 1 DAGs
[2024-06-22T11:05:56.055+0000] {logging_mixin.py:188} INFO - [2024-06-22T11:05:56.054+0000] {dag.py:3954} INFO - Setting next_dagrun for tutorial_taskflow_api to None, run_after=None
[2024-06-22T11:05:56.136+0000] {processor.py:183} INFO - Processing /home/airflow/.local/lib/python3.12/site-packages/airflow/example_dags/tutorial_taskflow_api.py took 0.220 seconds
[2024-06-22T11:06:26.423+0000] {processor.py:161} INFO - Started process (PID=187) to work on /home/airflow/.local/lib/python3.12/site-packages/airflow/example_dags/tutorial_taskflow_api.py
[2024-06-22T11:06:26.427+0000] {processor.py:830} INFO - Processing file /home/airflow/.local/lib/python3.12/site-packages/airflow/example_dags/tutorial_taskflow_api.py for tasks to queue
[2024-06-22T11:06:26.440+0000] {logging_mixin.py:188} INFO - [2024-06-22T11:06:26.433+0000] {dagbag.py:540} INFO - Filling up the DagBag from /home/airflow/.local/lib/python3.12/site-packages/airflow/example_dags/tutorial_taskflow_api.py
[2024-06-22T11:06:26.468+0000] {processor.py:840} INFO - DAG(s) 'tutorial_taskflow_api' retrieved from /home/airflow/.local/lib/python3.12/site-packages/airflow/example_dags/tutorial_taskflow_api.py
[2024-06-22T11:06:26.543+0000] {logging_mixin.py:188} INFO - [2024-06-22T11:06:26.543+0000] {dag.py:3096} INFO - Sync 1 DAGs
[2024-06-22T11:06:26.563+0000] {logging_mixin.py:188} INFO - [2024-06-22T11:06:26.563+0000] {dag.py:3954} INFO - Setting next_dagrun for tutorial_taskflow_api to None, run_after=None
[2024-06-22T11:06:26.597+0000] {processor.py:183} INFO - Processing /home/airflow/.local/lib/python3.12/site-packages/airflow/example_dags/tutorial_taskflow_api.py took 0.187 seconds
[2024-06-22T11:06:57.325+0000] {processor.py:161} INFO - Started process (PID=246) to work on /home/airflow/.local/lib/python3.12/site-packages/airflow/example_dags/tutorial_taskflow_api.py
[2024-06-22T11:06:57.327+0000] {processor.py:830} INFO - Processing file /home/airflow/.local/lib/python3.12/site-packages/airflow/example_dags/tutorial_taskflow_api.py for tasks to queue
[2024-06-22T11:06:57.332+0000] {logging_mixin.py:188} INFO - [2024-06-22T11:06:57.332+0000] {dagbag.py:540} INFO - Filling up the DagBag from /home/airflow/.local/lib/python3.12/site-packages/airflow/example_dags/tutorial_taskflow_api.py
[2024-06-22T11:06:57.344+0000] {processor.py:840} INFO - DAG(s) 'tutorial_taskflow_api' retrieved from /home/airflow/.local/lib/python3.12/site-packages/airflow/example_dags/tutorial_taskflow_api.py
[2024-06-22T11:06:57.398+0000] {logging_mixin.py:188} INFO - [2024-06-22T11:06:57.398+0000] {dag.py:3096} INFO - Sync 1 DAGs
[2024-06-22T11:06:57.419+0000] {logging_mixin.py:188} INFO - [2024-06-22T11:06:57.418+0000] {dag.py:3954} INFO - Setting next_dagrun for tutorial_taskflow_api to None, run_after=None
[2024-06-22T11:06:57.456+0000] {processor.py:183} INFO - Processing /home/airflow/.local/lib/python3.12/site-packages/airflow/example_dags/tutorial_taskflow_api.py took 0.141 seconds
[2024-06-22T11:07:28.266+0000] {processor.py:161} INFO - Started process (PID=305) to work on /home/airflow/.local/lib/python3.12/site-packages/airflow/example_dags/tutorial_taskflow_api.py
[2024-06-22T11:07:28.283+0000] {processor.py:830} INFO - Processing file /home/airflow/.local/lib/python3.12/site-packages/airflow/example_dags/tutorial_taskflow_api.py for tasks to queue
[2024-06-22T11:07:28.291+0000] {logging_mixin.py:188} INFO - [2024-06-22T11:07:28.290+0000] {dagbag.py:540} INFO - Filling up the DagBag from /home/airflow/.local/lib/python3.12/site-packages/airflow/example_dags/tutorial_taskflow_api.py
[2024-06-22T11:07:28.318+0000] {processor.py:840} INFO - DAG(s) 'tutorial_taskflow_api' retrieved from /home/airflow/.local/lib/python3.12/site-packages/airflow/example_dags/tutorial_taskflow_api.py
[2024-06-22T11:07:28.380+0000] {logging_mixin.py:188} INFO - [2024-06-22T11:07:28.380+0000] {dag.py:3096} INFO - Sync 1 DAGs
[2024-06-22T11:07:28.407+0000] {logging_mixin.py:188} INFO - [2024-06-22T11:07:28.407+0000] {dag.py:3954} INFO - Setting next_dagrun for tutorial_taskflow_api to None, run_after=None
[2024-06-22T11:07:28.439+0000] {processor.py:183} INFO - Processing /home/airflow/.local/lib/python3.12/site-packages/airflow/example_dags/tutorial_taskflow_api.py took 0.196 seconds
[2024-06-22T11:07:59.045+0000] {processor.py:161} INFO - Started process (PID=363) to work on /home/airflow/.local/lib/python3.12/site-packages/airflow/example_dags/tutorial_taskflow_api.py
[2024-06-22T11:07:59.049+0000] {processor.py:830} INFO - Processing file /home/airflow/.local/lib/python3.12/site-packages/airflow/example_dags/tutorial_taskflow_api.py for tasks to queue
[2024-06-22T11:07:59.062+0000] {logging_mixin.py:188} INFO - [2024-06-22T11:07:59.058+0000] {dagbag.py:540} INFO - Filling up the DagBag from /home/airflow/.local/lib/python3.12/site-packages/airflow/example_dags/tutorial_taskflow_api.py
[2024-06-22T11:07:59.081+0000] {processor.py:840} INFO - DAG(s) 'tutorial_taskflow_api' retrieved from /home/airflow/.local/lib/python3.12/site-packages/airflow/example_dags/tutorial_taskflow_api.py
[2024-06-22T11:07:59.120+0000] {logging_mixin.py:188} INFO - [2024-06-22T11:07:59.118+0000] {dag.py:3096} INFO - Sync 1 DAGs
[2024-06-22T11:07:59.143+0000] {logging_mixin.py:188} INFO - [2024-06-22T11:07:59.142+0000] {dag.py:3954} INFO - Setting next_dagrun for tutorial_taskflow_api to None, run_after=None
[2024-06-22T11:07:59.180+0000] {processor.py:183} INFO - Processing /home/airflow/.local/lib/python3.12/site-packages/airflow/example_dags/tutorial_taskflow_api.py took 0.162 seconds
[2024-06-22T11:08:29.607+0000] {processor.py:161} INFO - Started process (PID=422) to work on /home/airflow/.local/lib/python3.12/site-packages/airflow/example_dags/tutorial_taskflow_api.py
[2024-06-22T11:08:29.613+0000] {processor.py:830} INFO - Processing file /home/airflow/.local/lib/python3.12/site-packages/airflow/example_dags/tutorial_taskflow_api.py for tasks to queue
[2024-06-22T11:08:29.620+0000] {logging_mixin.py:188} INFO - [2024-06-22T11:08:29.620+0000] {dagbag.py:540} INFO - Filling up the DagBag from /home/airflow/.local/lib/python3.12/site-packages/airflow/example_dags/tutorial_taskflow_api.py
[2024-06-22T11:08:29.652+0000] {processor.py:840} INFO - DAG(s) 'tutorial_taskflow_api' retrieved from /home/airflow/.local/lib/python3.12/site-packages/airflow/example_dags/tutorial_taskflow_api.py
[2024-06-22T11:08:29.743+0000] {logging_mixin.py:188} INFO - [2024-06-22T11:08:29.740+0000] {dag.py:3096} INFO - Sync 1 DAGs
[2024-06-22T11:08:29.823+0000] {logging_mixin.py:188} INFO - [2024-06-22T11:08:29.823+0000] {dag.py:3954} INFO - Setting next_dagrun for tutorial_taskflow_api to None, run_after=None
[2024-06-22T11:08:29.918+0000] {processor.py:183} INFO - Processing /home/airflow/.local/lib/python3.12/site-packages/airflow/example_dags/tutorial_taskflow_api.py took 0.339 seconds
[2024-06-22T11:09:00.066+0000] {processor.py:161} INFO - Started process (PID=478) to work on /home/airflow/.local/lib/python3.12/site-packages/airflow/example_dags/tutorial_taskflow_api.py
[2024-06-22T11:09:00.071+0000] {processor.py:830} INFO - Processing file /home/airflow/.local/lib/python3.12/site-packages/airflow/example_dags/tutorial_taskflow_api.py for tasks to queue
[2024-06-22T11:09:00.080+0000] {logging_mixin.py:188} INFO - [2024-06-22T11:09:00.077+0000] {dagbag.py:540} INFO - Filling up the DagBag from /home/airflow/.local/lib/python3.12/site-packages/airflow/example_dags/tutorial_taskflow_api.py
[2024-06-22T11:09:00.095+0000] {processor.py:840} INFO - DAG(s) 'tutorial_taskflow_api' retrieved from /home/airflow/.local/lib/python3.12/site-packages/airflow/example_dags/tutorial_taskflow_api.py
[2024-06-22T11:09:00.167+0000] {logging_mixin.py:188} INFO - [2024-06-22T11:09:00.167+0000] {dag.py:3096} INFO - Sync 1 DAGs
[2024-06-22T11:09:00.194+0000] {logging_mixin.py:188} INFO - [2024-06-22T11:09:00.194+0000] {dag.py:3954} INFO - Setting next_dagrun for tutorial_taskflow_api to None, run_after=None
[2024-06-22T11:09:00.233+0000] {processor.py:183} INFO - Processing /home/airflow/.local/lib/python3.12/site-packages/airflow/example_dags/tutorial_taskflow_api.py took 0.185 seconds
[2024-06-22T11:09:30.377+0000] {processor.py:161} INFO - Started process (PID=536) to work on /home/airflow/.local/lib/python3.12/site-packages/airflow/example_dags/tutorial_taskflow_api.py
[2024-06-22T11:09:30.380+0000] {processor.py:830} INFO - Processing file /home/airflow/.local/lib/python3.12/site-packages/airflow/example_dags/tutorial_taskflow_api.py for tasks to queue
[2024-06-22T11:09:30.385+0000] {logging_mixin.py:188} INFO - [2024-06-22T11:09:30.384+0000] {dagbag.py:540} INFO - Filling up the DagBag from /home/airflow/.local/lib/python3.12/site-packages/airflow/example_dags/tutorial_taskflow_api.py
[2024-06-22T11:09:30.396+0000] {processor.py:840} INFO - DAG(s) 'tutorial_taskflow_api' retrieved from /home/airflow/.local/lib/python3.12/site-packages/airflow/example_dags/tutorial_taskflow_api.py
[2024-06-22T11:09:30.435+0000] {logging_mixin.py:188} INFO - [2024-06-22T11:09:30.435+0000] {dag.py:3096} INFO - Sync 1 DAGs
[2024-06-22T11:09:30.457+0000] {logging_mixin.py:188} INFO - [2024-06-22T11:09:30.457+0000] {dag.py:3954} INFO - Setting next_dagrun for tutorial_taskflow_api to None, run_after=None
[2024-06-22T11:09:30.505+0000] {processor.py:183} INFO - Processing /home/airflow/.local/lib/python3.12/site-packages/airflow/example_dags/tutorial_taskflow_api.py took 0.139 seconds
[2024-06-22T11:10:00.608+0000] {processor.py:161} INFO - Started process (PID=597) to work on /home/airflow/.local/lib/python3.12/site-packages/airflow/example_dags/tutorial_taskflow_api.py
[2024-06-22T11:10:00.611+0000] {processor.py:830} INFO - Processing file /home/airflow/.local/lib/python3.12/site-packages/airflow/example_dags/tutorial_taskflow_api.py for tasks to queue
[2024-06-22T11:10:00.622+0000] {logging_mixin.py:188} INFO - [2024-06-22T11:10:00.620+0000] {dagbag.py:540} INFO - Filling up the DagBag from /home/airflow/.local/lib/python3.12/site-packages/airflow/example_dags/tutorial_taskflow_api.py
[2024-06-22T11:10:00.639+0000] {processor.py:840} INFO - DAG(s) 'tutorial_taskflow_api' retrieved from /home/airflow/.local/lib/python3.12/site-packages/airflow/example_dags/tutorial_taskflow_api.py
[2024-06-22T11:10:00.689+0000] {logging_mixin.py:188} INFO - [2024-06-22T11:10:00.689+0000] {dag.py:3096} INFO - Sync 1 DAGs
[2024-06-22T11:10:00.711+0000] {logging_mixin.py:188} INFO - [2024-06-22T11:10:00.711+0000] {dag.py:3954} INFO - Setting next_dagrun for tutorial_taskflow_api to None, run_after=None
[2024-06-22T11:10:00.747+0000] {processor.py:183} INFO - Processing /home/airflow/.local/lib/python3.12/site-packages/airflow/example_dags/tutorial_taskflow_api.py took 0.148 seconds
[2024-06-22T11:10:31.770+0000] {processor.py:161} INFO - Started process (PID=656) to work on /home/airflow/.local/lib/python3.12/site-packages/airflow/example_dags/tutorial_taskflow_api.py
[2024-06-22T11:10:31.772+0000] {processor.py:830} INFO - Processing file /home/airflow/.local/lib/python3.12/site-packages/airflow/example_dags/tutorial_taskflow_api.py for tasks to queue
[2024-06-22T11:10:31.780+0000] {logging_mixin.py:188} INFO - [2024-06-22T11:10:31.780+0000] {dagbag.py:540} INFO - Filling up the DagBag from /home/airflow/.local/lib/python3.12/site-packages/airflow/example_dags/tutorial_taskflow_api.py
[2024-06-22T11:10:31.814+0000] {processor.py:840} INFO - DAG(s) 'tutorial_taskflow_api' retrieved from /home/airflow/.local/lib/python3.12/site-packages/airflow/example_dags/tutorial_taskflow_api.py
[2024-06-22T11:10:31.947+0000] {logging_mixin.py:188} INFO - [2024-06-22T11:10:31.945+0000] {dag.py:3096} INFO - Sync 1 DAGs
[2024-06-22T11:10:32.031+0000] {logging_mixin.py:188} INFO - [2024-06-22T11:10:32.031+0000] {dag.py:3954} INFO - Setting next_dagrun for tutorial_taskflow_api to None, run_after=None
[2024-06-22T11:10:32.138+0000] {processor.py:183} INFO - Processing /home/airflow/.local/lib/python3.12/site-packages/airflow/example_dags/tutorial_taskflow_api.py took 0.391 seconds
[2024-06-22T11:11:15.719+0000] {processor.py:161} INFO - Started process (PID=721) to work on /home/airflow/.local/lib/python3.12/site-packages/airflow/example_dags/tutorial_taskflow_api.py
[2024-06-22T11:11:15.730+0000] {processor.py:830} INFO - Processing file /home/airflow/.local/lib/python3.12/site-packages/airflow/example_dags/tutorial_taskflow_api.py for tasks to queue
[2024-06-22T11:11:15.742+0000] {logging_mixin.py:188} INFO - [2024-06-22T11:11:15.738+0000] {dagbag.py:540} INFO - Filling up the DagBag from /home/airflow/.local/lib/python3.12/site-packages/airflow/example_dags/tutorial_taskflow_api.py
[2024-06-22T11:11:15.788+0000] {processor.py:840} INFO - DAG(s) 'tutorial_taskflow_api' retrieved from /home/airflow/.local/lib/python3.12/site-packages/airflow/example_dags/tutorial_taskflow_api.py
[2024-06-22T11:11:15.956+0000] {logging_mixin.py:188} INFO - [2024-06-22T11:11:15.951+0000] {dag.py:3096} INFO - Sync 1 DAGs
[2024-06-22T11:11:16.024+0000] {logging_mixin.py:188} INFO - [2024-06-22T11:11:16.023+0000] {dag.py:3954} INFO - Setting next_dagrun for tutorial_taskflow_api to None, run_after=None
[2024-06-22T11:11:17.276+0000] {processor.py:183} INFO - Processing /home/airflow/.local/lib/python3.12/site-packages/airflow/example_dags/tutorial_taskflow_api.py took 1.587 seconds
[2024-06-22T11:11:47.946+0000] {processor.py:161} INFO - Started process (PID=779) to work on /home/airflow/.local/lib/python3.12/site-packages/airflow/example_dags/tutorial_taskflow_api.py
[2024-06-22T11:11:47.956+0000] {processor.py:830} INFO - Processing file /home/airflow/.local/lib/python3.12/site-packages/airflow/example_dags/tutorial_taskflow_api.py for tasks to queue
[2024-06-22T11:11:47.982+0000] {logging_mixin.py:188} INFO - [2024-06-22T11:11:47.973+0000] {dagbag.py:540} INFO - Filling up the DagBag from /home/airflow/.local/lib/python3.12/site-packages/airflow/example_dags/tutorial_taskflow_api.py
[2024-06-22T11:11:48.030+0000] {processor.py:840} INFO - DAG(s) 'tutorial_taskflow_api' retrieved from /home/airflow/.local/lib/python3.12/site-packages/airflow/example_dags/tutorial_taskflow_api.py
[2024-06-22T11:11:48.155+0000] {logging_mixin.py:188} INFO - [2024-06-22T11:11:48.155+0000] {dag.py:3096} INFO - Sync 1 DAGs
[2024-06-22T11:11:48.286+0000] {logging_mixin.py:188} INFO - [2024-06-22T11:11:48.286+0000] {dag.py:3954} INFO - Setting next_dagrun for tutorial_taskflow_api to None, run_after=None
[2024-06-22T11:11:48.473+0000] {processor.py:183} INFO - Processing /home/airflow/.local/lib/python3.12/site-packages/airflow/example_dags/tutorial_taskflow_api.py took 0.568 seconds
[2024-06-22T11:12:27.695+0000] {processor.py:161} INFO - Started process (PID=837) to work on /home/airflow/.local/lib/python3.12/site-packages/airflow/example_dags/tutorial_taskflow_api.py
[2024-06-22T11:12:27.707+0000] {processor.py:830} INFO - Processing file /home/airflow/.local/lib/python3.12/site-packages/airflow/example_dags/tutorial_taskflow_api.py for tasks to queue
[2024-06-22T11:12:27.750+0000] {logging_mixin.py:188} INFO - [2024-06-22T11:12:27.749+0000] {dagbag.py:540} INFO - Filling up the DagBag from /home/airflow/.local/lib/python3.12/site-packages/airflow/example_dags/tutorial_taskflow_api.py
[2024-06-22T11:12:27.860+0000] {processor.py:840} INFO - DAG(s) 'tutorial_taskflow_api' retrieved from /home/airflow/.local/lib/python3.12/site-packages/airflow/example_dags/tutorial_taskflow_api.py
[2024-06-22T11:12:28.223+0000] {logging_mixin.py:188} INFO - [2024-06-22T11:12:28.223+0000] {dag.py:3096} INFO - Sync 1 DAGs
[2024-06-22T11:12:28.430+0000] {logging_mixin.py:188} INFO - [2024-06-22T11:12:28.423+0000] {dag.py:3954} INFO - Setting next_dagrun for tutorial_taskflow_api to None, run_after=None
[2024-06-22T11:12:28.800+0000] {processor.py:183} INFO - Processing /home/airflow/.local/lib/python3.12/site-packages/airflow/example_dags/tutorial_taskflow_api.py took 1.235 seconds
[2024-06-22T11:12:59.318+0000] {processor.py:161} INFO - Started process (PID=893) to work on /home/airflow/.local/lib/python3.12/site-packages/airflow/example_dags/tutorial_taskflow_api.py
[2024-06-22T11:12:59.320+0000] {processor.py:830} INFO - Processing file /home/airflow/.local/lib/python3.12/site-packages/airflow/example_dags/tutorial_taskflow_api.py for tasks to queue
[2024-06-22T11:12:59.333+0000] {logging_mixin.py:188} INFO - [2024-06-22T11:12:59.333+0000] {dagbag.py:540} INFO - Filling up the DagBag from /home/airflow/.local/lib/python3.12/site-packages/airflow/example_dags/tutorial_taskflow_api.py
[2024-06-22T11:12:59.371+0000] {processor.py:840} INFO - DAG(s) 'tutorial_taskflow_api' retrieved from /home/airflow/.local/lib/python3.12/site-packages/airflow/example_dags/tutorial_taskflow_api.py
[2024-06-22T11:12:59.461+0000] {logging_mixin.py:188} INFO - [2024-06-22T11:12:59.460+0000] {dag.py:3096} INFO - Sync 1 DAGs
[2024-06-22T11:12:59.547+0000] {logging_mixin.py:188} INFO - [2024-06-22T11:12:59.543+0000] {dag.py:3954} INFO - Setting next_dagrun for tutorial_taskflow_api to None, run_after=None
[2024-06-22T11:12:59.671+0000] {processor.py:183} INFO - Processing /home/airflow/.local/lib/python3.12/site-packages/airflow/example_dags/tutorial_taskflow_api.py took 0.376 seconds
[2024-06-22T11:13:29.962+0000] {processor.py:161} INFO - Started process (PID=953) to work on /home/airflow/.local/lib/python3.12/site-packages/airflow/example_dags/tutorial_taskflow_api.py
[2024-06-22T11:13:29.965+0000] {processor.py:830} INFO - Processing file /home/airflow/.local/lib/python3.12/site-packages/airflow/example_dags/tutorial_taskflow_api.py for tasks to queue
[2024-06-22T11:13:29.971+0000] {logging_mixin.py:188} INFO - [2024-06-22T11:13:29.970+0000] {dagbag.py:540} INFO - Filling up the DagBag from /home/airflow/.local/lib/python3.12/site-packages/airflow/example_dags/tutorial_taskflow_api.py
[2024-06-22T11:13:29.986+0000] {processor.py:840} INFO - DAG(s) 'tutorial_taskflow_api' retrieved from /home/airflow/.local/lib/python3.12/site-packages/airflow/example_dags/tutorial_taskflow_api.py
[2024-06-22T11:13:30.028+0000] {logging_mixin.py:188} INFO - [2024-06-22T11:13:30.027+0000] {dag.py:3096} INFO - Sync 1 DAGs
[2024-06-22T11:13:30.311+0000] {logging_mixin.py:188} INFO - [2024-06-22T11:13:30.310+0000] {dag.py:3954} INFO - Setting next_dagrun for tutorial_taskflow_api to None, run_after=None
[2024-06-22T11:13:30.570+0000] {processor.py:183} INFO - Processing /home/airflow/.local/lib/python3.12/site-packages/airflow/example_dags/tutorial_taskflow_api.py took 0.618 seconds
[2024-06-22T11:14:04.083+0000] {processor.py:161} INFO - Started process (PID=1011) to work on /home/airflow/.local/lib/python3.12/site-packages/airflow/example_dags/tutorial_taskflow_api.py
[2024-06-22T11:14:04.086+0000] {processor.py:830} INFO - Processing file /home/airflow/.local/lib/python3.12/site-packages/airflow/example_dags/tutorial_taskflow_api.py for tasks to queue
[2024-06-22T11:14:04.093+0000] {logging_mixin.py:188} INFO - [2024-06-22T11:14:04.093+0000] {dagbag.py:540} INFO - Filling up the DagBag from /home/airflow/.local/lib/python3.12/site-packages/airflow/example_dags/tutorial_taskflow_api.py
[2024-06-22T11:14:04.107+0000] {processor.py:840} INFO - DAG(s) 'tutorial_taskflow_api' retrieved from /home/airflow/.local/lib/python3.12/site-packages/airflow/example_dags/tutorial_taskflow_api.py
[2024-06-22T11:14:04.148+0000] {logging_mixin.py:188} INFO - [2024-06-22T11:14:04.148+0000] {dag.py:3096} INFO - Sync 1 DAGs
[2024-06-22T11:14:04.171+0000] {logging_mixin.py:188} INFO - [2024-06-22T11:14:04.171+0000] {dag.py:3954} INFO - Setting next_dagrun for tutorial_taskflow_api to None, run_after=None
[2024-06-22T11:14:04.207+0000] {processor.py:183} INFO - Processing /home/airflow/.local/lib/python3.12/site-packages/airflow/example_dags/tutorial_taskflow_api.py took 0.140 seconds
[2024-06-22T11:14:45.456+0000] {processor.py:161} INFO - Started process (PID=1060) to work on /home/airflow/.local/lib/python3.12/site-packages/airflow/example_dags/tutorial_taskflow_api.py
[2024-06-22T11:14:45.462+0000] {processor.py:830} INFO - Processing file /home/airflow/.local/lib/python3.12/site-packages/airflow/example_dags/tutorial_taskflow_api.py for tasks to queue
[2024-06-22T11:14:45.466+0000] {logging_mixin.py:188} INFO - [2024-06-22T11:14:45.465+0000] {dagbag.py:540} INFO - Filling up the DagBag from /home/airflow/.local/lib/python3.12/site-packages/airflow/example_dags/tutorial_taskflow_api.py
[2024-06-22T11:14:45.482+0000] {processor.py:840} INFO - DAG(s) 'tutorial_taskflow_api' retrieved from /home/airflow/.local/lib/python3.12/site-packages/airflow/example_dags/tutorial_taskflow_api.py
[2024-06-22T11:14:45.626+0000] {logging_mixin.py:188} INFO - [2024-06-22T11:14:45.626+0000] {dag.py:3096} INFO - Sync 1 DAGs
[2024-06-22T11:14:45.684+0000] {logging_mixin.py:188} INFO - [2024-06-22T11:14:45.683+0000] {dag.py:3954} INFO - Setting next_dagrun for tutorial_taskflow_api to None, run_after=None
[2024-06-22T11:14:45.788+0000] {processor.py:183} INFO - Processing /home/airflow/.local/lib/python3.12/site-packages/airflow/example_dags/tutorial_taskflow_api.py took 0.376 seconds
[2024-06-22T11:15:21.124+0000] {processor.py:161} INFO - Started process (PID=1124) to work on /home/airflow/.local/lib/python3.12/site-packages/airflow/example_dags/tutorial_taskflow_api.py
[2024-06-22T11:15:21.127+0000] {processor.py:830} INFO - Processing file /home/airflow/.local/lib/python3.12/site-packages/airflow/example_dags/tutorial_taskflow_api.py for tasks to queue
[2024-06-22T11:15:21.148+0000] {logging_mixin.py:188} INFO - [2024-06-22T11:15:21.147+0000] {dagbag.py:540} INFO - Filling up the DagBag from /home/airflow/.local/lib/python3.12/site-packages/airflow/example_dags/tutorial_taskflow_api.py
[2024-06-22T11:15:21.211+0000] {processor.py:840} INFO - DAG(s) 'tutorial_taskflow_api' retrieved from /home/airflow/.local/lib/python3.12/site-packages/airflow/example_dags/tutorial_taskflow_api.py
[2024-06-22T11:15:21.444+0000] {logging_mixin.py:188} INFO - [2024-06-22T11:15:21.443+0000] {dag.py:3096} INFO - Sync 1 DAGs
[2024-06-22T11:15:21.612+0000] {logging_mixin.py:188} INFO - [2024-06-22T11:15:21.612+0000] {dag.py:3954} INFO - Setting next_dagrun for tutorial_taskflow_api to None, run_after=None
[2024-06-22T11:15:21.934+0000] {processor.py:183} INFO - Processing /home/airflow/.local/lib/python3.12/site-packages/airflow/example_dags/tutorial_taskflow_api.py took 0.879 seconds
[2024-06-22T11:15:52.419+0000] {processor.py:161} INFO - Started process (PID=1183) to work on /home/airflow/.local/lib/python3.12/site-packages/airflow/example_dags/tutorial_taskflow_api.py
[2024-06-22T11:15:52.430+0000] {processor.py:830} INFO - Processing file /home/airflow/.local/lib/python3.12/site-packages/airflow/example_dags/tutorial_taskflow_api.py for tasks to queue
[2024-06-22T11:15:52.449+0000] {logging_mixin.py:188} INFO - [2024-06-22T11:15:52.442+0000] {dagbag.py:540} INFO - Filling up the DagBag from /home/airflow/.local/lib/python3.12/site-packages/airflow/example_dags/tutorial_taskflow_api.py
[2024-06-22T11:15:52.521+0000] {processor.py:840} INFO - DAG(s) 'tutorial_taskflow_api' retrieved from /home/airflow/.local/lib/python3.12/site-packages/airflow/example_dags/tutorial_taskflow_api.py
[2024-06-22T11:15:52.638+0000] {logging_mixin.py:188} INFO - [2024-06-22T11:15:52.637+0000] {dag.py:3096} INFO - Sync 1 DAGs
[2024-06-22T11:15:52.758+0000] {logging_mixin.py:188} INFO - [2024-06-22T11:15:52.758+0000] {dag.py:3954} INFO - Setting next_dagrun for tutorial_taskflow_api to None, run_after=None
[2024-06-22T11:15:52.865+0000] {processor.py:183} INFO - Processing /home/airflow/.local/lib/python3.12/site-packages/airflow/example_dags/tutorial_taskflow_api.py took 0.488 seconds
[2024-06-22T11:16:26.037+0000] {processor.py:161} INFO - Started process (PID=1241) to work on /home/airflow/.local/lib/python3.12/site-packages/airflow/example_dags/tutorial_taskflow_api.py
[2024-06-22T11:16:26.045+0000] {processor.py:830} INFO - Processing file /home/airflow/.local/lib/python3.12/site-packages/airflow/example_dags/tutorial_taskflow_api.py for tasks to queue
[2024-06-22T11:16:26.085+0000] {logging_mixin.py:188} INFO - [2024-06-22T11:16:26.071+0000] {dagbag.py:540} INFO - Filling up the DagBag from /home/airflow/.local/lib/python3.12/site-packages/airflow/example_dags/tutorial_taskflow_api.py
[2024-06-22T11:16:26.137+0000] {processor.py:840} INFO - DAG(s) 'tutorial_taskflow_api' retrieved from /home/airflow/.local/lib/python3.12/site-packages/airflow/example_dags/tutorial_taskflow_api.py
[2024-06-22T11:16:26.459+0000] {logging_mixin.py:188} INFO - [2024-06-22T11:16:26.459+0000] {dag.py:3096} INFO - Sync 1 DAGs
[2024-06-22T11:16:26.624+0000] {logging_mixin.py:188} INFO - [2024-06-22T11:16:26.623+0000] {dag.py:3954} INFO - Setting next_dagrun for tutorial_taskflow_api to None, run_after=None
[2024-06-22T11:16:28.325+0000] {processor.py:183} INFO - Processing /home/airflow/.local/lib/python3.12/site-packages/airflow/example_dags/tutorial_taskflow_api.py took 2.424 seconds
[2024-06-22T11:16:58.871+0000] {processor.py:161} INFO - Started process (PID=1301) to work on /home/airflow/.local/lib/python3.12/site-packages/airflow/example_dags/tutorial_taskflow_api.py
[2024-06-22T11:16:58.887+0000] {processor.py:830} INFO - Processing file /home/airflow/.local/lib/python3.12/site-packages/airflow/example_dags/tutorial_taskflow_api.py for tasks to queue
[2024-06-22T11:16:58.920+0000] {logging_mixin.py:188} INFO - [2024-06-22T11:16:58.910+0000] {dagbag.py:540} INFO - Filling up the DagBag from /home/airflow/.local/lib/python3.12/site-packages/airflow/example_dags/tutorial_taskflow_api.py
[2024-06-22T11:16:59.028+0000] {processor.py:840} INFO - DAG(s) 'tutorial_taskflow_api' retrieved from /home/airflow/.local/lib/python3.12/site-packages/airflow/example_dags/tutorial_taskflow_api.py
[2024-06-22T11:16:59.169+0000] {logging_mixin.py:188} INFO - [2024-06-22T11:16:59.165+0000] {dag.py:3096} INFO - Sync 1 DAGs
[2024-06-22T11:16:59.282+0000] {logging_mixin.py:188} INFO - [2024-06-22T11:16:59.282+0000] {dag.py:3954} INFO - Setting next_dagrun for tutorial_taskflow_api to None, run_after=None
[2024-06-22T11:17:00.469+0000] {processor.py:183} INFO - Processing /home/airflow/.local/lib/python3.12/site-packages/airflow/example_dags/tutorial_taskflow_api.py took 1.679 seconds
[2024-06-22T11:17:31.215+0000] {processor.py:161} INFO - Started process (PID=1361) to work on /home/airflow/.local/lib/python3.12/site-packages/airflow/example_dags/tutorial_taskflow_api.py
[2024-06-22T11:17:31.220+0000] {processor.py:830} INFO - Processing file /home/airflow/.local/lib/python3.12/site-packages/airflow/example_dags/tutorial_taskflow_api.py for tasks to queue
[2024-06-22T11:17:31.226+0000] {logging_mixin.py:188} INFO - [2024-06-22T11:17:31.225+0000] {dagbag.py:540} INFO - Filling up the DagBag from /home/airflow/.local/lib/python3.12/site-packages/airflow/example_dags/tutorial_taskflow_api.py
[2024-06-22T11:17:31.240+0000] {processor.py:840} INFO - DAG(s) 'tutorial_taskflow_api' retrieved from /home/airflow/.local/lib/python3.12/site-packages/airflow/example_dags/tutorial_taskflow_api.py
[2024-06-22T11:17:31.316+0000] {logging_mixin.py:188} INFO - [2024-06-22T11:17:31.315+0000] {dag.py:3096} INFO - Sync 1 DAGs
[2024-06-22T11:17:31.338+0000] {logging_mixin.py:188} INFO - [2024-06-22T11:17:31.337+0000] {dag.py:3954} INFO - Setting next_dagrun for tutorial_taskflow_api to None, run_after=None
[2024-06-22T11:17:31.484+0000] {processor.py:183} INFO - Processing /home/airflow/.local/lib/python3.12/site-packages/airflow/example_dags/tutorial_taskflow_api.py took 0.278 seconds
[2024-06-22T11:18:08.221+0000] {processor.py:161} INFO - Started process (PID=1425) to work on /home/airflow/.local/lib/python3.12/site-packages/airflow/example_dags/tutorial_taskflow_api.py
[2024-06-22T11:18:08.257+0000] {processor.py:830} INFO - Processing file /home/airflow/.local/lib/python3.12/site-packages/airflow/example_dags/tutorial_taskflow_api.py for tasks to queue
[2024-06-22T11:18:08.294+0000] {logging_mixin.py:188} INFO - [2024-06-22T11:18:08.293+0000] {dagbag.py:540} INFO - Filling up the DagBag from /home/airflow/.local/lib/python3.12/site-packages/airflow/example_dags/tutorial_taskflow_api.py
[2024-06-22T11:18:08.360+0000] {processor.py:840} INFO - DAG(s) 'tutorial_taskflow_api' retrieved from /home/airflow/.local/lib/python3.12/site-packages/airflow/example_dags/tutorial_taskflow_api.py
[2024-06-22T11:18:08.457+0000] {logging_mixin.py:188} INFO - [2024-06-22T11:18:08.457+0000] {dag.py:3096} INFO - Sync 1 DAGs
[2024-06-22T11:18:08.527+0000] {logging_mixin.py:188} INFO - [2024-06-22T11:18:08.524+0000] {dag.py:3954} INFO - Setting next_dagrun for tutorial_taskflow_api to None, run_after=None
[2024-06-22T11:18:08.636+0000] {processor.py:183} INFO - Processing /home/airflow/.local/lib/python3.12/site-packages/airflow/example_dags/tutorial_taskflow_api.py took 0.460 seconds
[2024-06-22T11:18:42.601+0000] {processor.py:161} INFO - Started process (PID=1483) to work on /home/airflow/.local/lib/python3.12/site-packages/airflow/example_dags/tutorial_taskflow_api.py
[2024-06-22T11:18:42.615+0000] {processor.py:830} INFO - Processing file /home/airflow/.local/lib/python3.12/site-packages/airflow/example_dags/tutorial_taskflow_api.py for tasks to queue
[2024-06-22T11:18:42.642+0000] {logging_mixin.py:188} INFO - [2024-06-22T11:18:42.631+0000] {dagbag.py:540} INFO - Filling up the DagBag from /home/airflow/.local/lib/python3.12/site-packages/airflow/example_dags/tutorial_taskflow_api.py
[2024-06-22T11:18:42.718+0000] {processor.py:840} INFO - DAG(s) 'tutorial_taskflow_api' retrieved from /home/airflow/.local/lib/python3.12/site-packages/airflow/example_dags/tutorial_taskflow_api.py
[2024-06-22T11:18:42.983+0000] {logging_mixin.py:188} INFO - [2024-06-22T11:18:42.982+0000] {dag.py:3096} INFO - Sync 1 DAGs
[2024-06-22T11:18:43.092+0000] {logging_mixin.py:188} INFO - [2024-06-22T11:18:43.092+0000] {dag.py:3954} INFO - Setting next_dagrun for tutorial_taskflow_api to None, run_after=None
[2024-06-22T11:18:43.364+0000] {processor.py:183} INFO - Processing /home/airflow/.local/lib/python3.12/site-packages/airflow/example_dags/tutorial_taskflow_api.py took 0.830 seconds
[2024-06-22T11:19:20.077+0000] {processor.py:161} INFO - Started process (PID=1540) to work on /home/airflow/.local/lib/python3.12/site-packages/airflow/example_dags/tutorial_taskflow_api.py
[2024-06-22T11:19:20.085+0000] {processor.py:830} INFO - Processing file /home/airflow/.local/lib/python3.12/site-packages/airflow/example_dags/tutorial_taskflow_api.py for tasks to queue
[2024-06-22T11:19:20.118+0000] {logging_mixin.py:188} INFO - [2024-06-22T11:19:20.117+0000] {dagbag.py:540} INFO - Filling up the DagBag from /home/airflow/.local/lib/python3.12/site-packages/airflow/example_dags/tutorial_taskflow_api.py
[2024-06-22T11:19:20.202+0000] {processor.py:840} INFO - DAG(s) 'tutorial_taskflow_api' retrieved from /home/airflow/.local/lib/python3.12/site-packages/airflow/example_dags/tutorial_taskflow_api.py
[2024-06-22T11:19:20.488+0000] {logging_mixin.py:188} INFO - [2024-06-22T11:19:20.488+0000] {dag.py:3096} INFO - Sync 1 DAGs
[2024-06-22T11:19:20.655+0000] {logging_mixin.py:188} INFO - [2024-06-22T11:19:20.655+0000] {dag.py:3954} INFO - Setting next_dagrun for tutorial_taskflow_api to None, run_after=None
[2024-06-22T11:19:20.972+0000] {processor.py:183} INFO - Processing /home/airflow/.local/lib/python3.12/site-packages/airflow/example_dags/tutorial_taskflow_api.py took 0.990 seconds
[2024-06-22T11:19:58.129+0000] {processor.py:161} INFO - Started process (PID=1603) to work on /home/airflow/.local/lib/python3.12/site-packages/airflow/example_dags/tutorial_taskflow_api.py
[2024-06-22T11:19:58.136+0000] {processor.py:830} INFO - Processing file /home/airflow/.local/lib/python3.12/site-packages/airflow/example_dags/tutorial_taskflow_api.py for tasks to queue
[2024-06-22T11:19:58.155+0000] {logging_mixin.py:188} INFO - [2024-06-22T11:19:58.151+0000] {dagbag.py:540} INFO - Filling up the DagBag from /home/airflow/.local/lib/python3.12/site-packages/airflow/example_dags/tutorial_taskflow_api.py
[2024-06-22T11:19:58.219+0000] {processor.py:840} INFO - DAG(s) 'tutorial_taskflow_api' retrieved from /home/airflow/.local/lib/python3.12/site-packages/airflow/example_dags/tutorial_taskflow_api.py
[2024-06-22T11:19:58.397+0000] {logging_mixin.py:188} INFO - [2024-06-22T11:19:58.396+0000] {dag.py:3096} INFO - Sync 1 DAGs
[2024-06-22T11:19:58.545+0000] {logging_mixin.py:188} INFO - [2024-06-22T11:19:58.543+0000] {dag.py:3954} INFO - Setting next_dagrun for tutorial_taskflow_api to None, run_after=None
[2024-06-22T11:19:58.729+0000] {processor.py:183} INFO - Processing /home/airflow/.local/lib/python3.12/site-packages/airflow/example_dags/tutorial_taskflow_api.py took 0.646 seconds
[2024-06-22T11:20:29.931+0000] {processor.py:161} INFO - Started process (PID=1662) to work on /home/airflow/.local/lib/python3.12/site-packages/airflow/example_dags/tutorial_taskflow_api.py
[2024-06-22T11:20:29.935+0000] {processor.py:830} INFO - Processing file /home/airflow/.local/lib/python3.12/site-packages/airflow/example_dags/tutorial_taskflow_api.py for tasks to queue
[2024-06-22T11:20:29.941+0000] {logging_mixin.py:188} INFO - [2024-06-22T11:20:29.940+0000] {dagbag.py:540} INFO - Filling up the DagBag from /home/airflow/.local/lib/python3.12/site-packages/airflow/example_dags/tutorial_taskflow_api.py
[2024-06-22T11:20:29.955+0000] {processor.py:840} INFO - DAG(s) 'tutorial_taskflow_api' retrieved from /home/airflow/.local/lib/python3.12/site-packages/airflow/example_dags/tutorial_taskflow_api.py
[2024-06-22T11:20:30.042+0000] {logging_mixin.py:188} INFO - [2024-06-22T11:20:30.041+0000] {dag.py:3096} INFO - Sync 1 DAGs
[2024-06-22T11:20:30.079+0000] {logging_mixin.py:188} INFO - [2024-06-22T11:20:30.078+0000] {dag.py:3954} INFO - Setting next_dagrun for tutorial_taskflow_api to None, run_after=None
[2024-06-22T11:20:30.113+0000] {processor.py:183} INFO - Processing /home/airflow/.local/lib/python3.12/site-packages/airflow/example_dags/tutorial_taskflow_api.py took 0.194 seconds
[2024-06-22T11:21:01.027+0000] {processor.py:161} INFO - Started process (PID=1720) to work on /home/airflow/.local/lib/python3.12/site-packages/airflow/example_dags/tutorial_taskflow_api.py
[2024-06-22T11:21:01.030+0000] {processor.py:830} INFO - Processing file /home/airflow/.local/lib/python3.12/site-packages/airflow/example_dags/tutorial_taskflow_api.py for tasks to queue
[2024-06-22T11:21:01.037+0000] {logging_mixin.py:188} INFO - [2024-06-22T11:21:01.036+0000] {dagbag.py:540} INFO - Filling up the DagBag from /home/airflow/.local/lib/python3.12/site-packages/airflow/example_dags/tutorial_taskflow_api.py
[2024-06-22T11:21:01.077+0000] {processor.py:840} INFO - DAG(s) 'tutorial_taskflow_api' retrieved from /home/airflow/.local/lib/python3.12/site-packages/airflow/example_dags/tutorial_taskflow_api.py
[2024-06-22T11:21:01.173+0000] {logging_mixin.py:188} INFO - [2024-06-22T11:21:01.171+0000] {dag.py:3096} INFO - Sync 1 DAGs
[2024-06-22T11:21:01.213+0000] {logging_mixin.py:188} INFO - [2024-06-22T11:21:01.212+0000] {dag.py:3954} INFO - Setting next_dagrun for tutorial_taskflow_api to None, run_after=None
[2024-06-22T11:21:01.295+0000] {processor.py:183} INFO - Processing /home/airflow/.local/lib/python3.12/site-packages/airflow/example_dags/tutorial_taskflow_api.py took 0.311 seconds
[2024-06-22T11:21:59.195+0000] {processor.py:161} INFO - Started process (PID=1760) to work on /home/airflow/.local/lib/python3.12/site-packages/airflow/example_dags/tutorial_taskflow_api.py
[2024-06-22T11:21:59.201+0000] {processor.py:830} INFO - Processing file /home/airflow/.local/lib/python3.12/site-packages/airflow/example_dags/tutorial_taskflow_api.py for tasks to queue
[2024-06-22T11:21:59.209+0000] {logging_mixin.py:188} INFO - [2024-06-22T11:21:59.208+0000] {dagbag.py:540} INFO - Filling up the DagBag from /home/airflow/.local/lib/python3.12/site-packages/airflow/example_dags/tutorial_taskflow_api.py
[2024-06-22T11:21:59.236+0000] {processor.py:840} INFO - DAG(s) 'tutorial_taskflow_api' retrieved from /home/airflow/.local/lib/python3.12/site-packages/airflow/example_dags/tutorial_taskflow_api.py
[2024-06-22T11:21:59.310+0000] {logging_mixin.py:188} INFO - [2024-06-22T11:21:59.310+0000] {dag.py:3096} INFO - Sync 1 DAGs
[2024-06-22T11:21:59.371+0000] {logging_mixin.py:188} INFO - [2024-06-22T11:21:59.368+0000] {dag.py:3954} INFO - Setting next_dagrun for tutorial_taskflow_api to None, run_after=None
[2024-06-22T11:21:59.435+0000] {processor.py:183} INFO - Processing /home/airflow/.local/lib/python3.12/site-packages/airflow/example_dags/tutorial_taskflow_api.py took 0.262 seconds
[2024-06-22T11:22:32.810+0000] {processor.py:161} INFO - Started process (PID=1819) to work on /home/airflow/.local/lib/python3.12/site-packages/airflow/example_dags/tutorial_taskflow_api.py
[2024-06-22T11:22:32.812+0000] {processor.py:830} INFO - Processing file /home/airflow/.local/lib/python3.12/site-packages/airflow/example_dags/tutorial_taskflow_api.py for tasks to queue
[2024-06-22T11:22:32.818+0000] {logging_mixin.py:188} INFO - [2024-06-22T11:22:32.817+0000] {dagbag.py:540} INFO - Filling up the DagBag from /home/airflow/.local/lib/python3.12/site-packages/airflow/example_dags/tutorial_taskflow_api.py
[2024-06-22T11:22:32.831+0000] {processor.py:840} INFO - DAG(s) 'tutorial_taskflow_api' retrieved from /home/airflow/.local/lib/python3.12/site-packages/airflow/example_dags/tutorial_taskflow_api.py
[2024-06-22T11:22:32.870+0000] {logging_mixin.py:188} INFO - [2024-06-22T11:22:32.870+0000] {dag.py:3096} INFO - Sync 1 DAGs
[2024-06-22T11:22:32.895+0000] {logging_mixin.py:188} INFO - [2024-06-22T11:22:32.895+0000] {dag.py:3954} INFO - Setting next_dagrun for tutorial_taskflow_api to None, run_after=None
[2024-06-22T11:22:32.949+0000] {processor.py:183} INFO - Processing /home/airflow/.local/lib/python3.12/site-packages/airflow/example_dags/tutorial_taskflow_api.py took 0.151 seconds
[2024-06-22T11:23:05.306+0000] {processor.py:161} INFO - Started process (PID=1878) to work on /home/airflow/.local/lib/python3.12/site-packages/airflow/example_dags/tutorial_taskflow_api.py
[2024-06-22T11:23:05.321+0000] {processor.py:830} INFO - Processing file /home/airflow/.local/lib/python3.12/site-packages/airflow/example_dags/tutorial_taskflow_api.py for tasks to queue
[2024-06-22T11:23:05.342+0000] {logging_mixin.py:188} INFO - [2024-06-22T11:23:05.341+0000] {dagbag.py:540} INFO - Filling up the DagBag from /home/airflow/.local/lib/python3.12/site-packages/airflow/example_dags/tutorial_taskflow_api.py
[2024-06-22T11:23:05.390+0000] {processor.py:840} INFO - DAG(s) 'tutorial_taskflow_api' retrieved from /home/airflow/.local/lib/python3.12/site-packages/airflow/example_dags/tutorial_taskflow_api.py
[2024-06-22T11:23:05.528+0000] {logging_mixin.py:188} INFO - [2024-06-22T11:23:05.523+0000] {dag.py:3096} INFO - Sync 1 DAGs
[2024-06-22T11:23:05.649+0000] {logging_mixin.py:188} INFO - [2024-06-22T11:23:05.647+0000] {dag.py:3954} INFO - Setting next_dagrun for tutorial_taskflow_api to None, run_after=None
[2024-06-22T11:23:05.808+0000] {processor.py:183} INFO - Processing /home/airflow/.local/lib/python3.12/site-packages/airflow/example_dags/tutorial_taskflow_api.py took 0.553 seconds
[2024-06-22T11:23:35.966+0000] {processor.py:161} INFO - Started process (PID=1936) to work on /home/airflow/.local/lib/python3.12/site-packages/airflow/example_dags/tutorial_taskflow_api.py
[2024-06-22T11:23:35.969+0000] {processor.py:830} INFO - Processing file /home/airflow/.local/lib/python3.12/site-packages/airflow/example_dags/tutorial_taskflow_api.py for tasks to queue
[2024-06-22T11:23:35.976+0000] {logging_mixin.py:188} INFO - [2024-06-22T11:23:35.975+0000] {dagbag.py:540} INFO - Filling up the DagBag from /home/airflow/.local/lib/python3.12/site-packages/airflow/example_dags/tutorial_taskflow_api.py
[2024-06-22T11:23:35.994+0000] {processor.py:840} INFO - DAG(s) 'tutorial_taskflow_api' retrieved from /home/airflow/.local/lib/python3.12/site-packages/airflow/example_dags/tutorial_taskflow_api.py
[2024-06-22T11:23:36.043+0000] {logging_mixin.py:188} INFO - [2024-06-22T11:23:36.043+0000] {dag.py:3096} INFO - Sync 1 DAGs
[2024-06-22T11:23:36.072+0000] {logging_mixin.py:188} INFO - [2024-06-22T11:23:36.071+0000] {dag.py:3954} INFO - Setting next_dagrun for tutorial_taskflow_api to None, run_after=None
[2024-06-22T11:23:36.107+0000] {processor.py:183} INFO - Processing /home/airflow/.local/lib/python3.12/site-packages/airflow/example_dags/tutorial_taskflow_api.py took 0.154 seconds
[2024-06-22T11:24:06.792+0000] {processor.py:161} INFO - Started process (PID=1994) to work on /home/airflow/.local/lib/python3.12/site-packages/airflow/example_dags/tutorial_taskflow_api.py
[2024-06-22T11:24:06.795+0000] {processor.py:830} INFO - Processing file /home/airflow/.local/lib/python3.12/site-packages/airflow/example_dags/tutorial_taskflow_api.py for tasks to queue
[2024-06-22T11:24:06.802+0000] {logging_mixin.py:188} INFO - [2024-06-22T11:24:06.801+0000] {dagbag.py:540} INFO - Filling up the DagBag from /home/airflow/.local/lib/python3.12/site-packages/airflow/example_dags/tutorial_taskflow_api.py
[2024-06-22T11:24:06.816+0000] {processor.py:840} INFO - DAG(s) 'tutorial_taskflow_api' retrieved from /home/airflow/.local/lib/python3.12/site-packages/airflow/example_dags/tutorial_taskflow_api.py
[2024-06-22T11:24:06.870+0000] {logging_mixin.py:188} INFO - [2024-06-22T11:24:06.870+0000] {dag.py:3096} INFO - Sync 1 DAGs
[2024-06-22T11:24:06.910+0000] {logging_mixin.py:188} INFO - [2024-06-22T11:24:06.909+0000] {dag.py:3954} INFO - Setting next_dagrun for tutorial_taskflow_api to None, run_after=None
[2024-06-22T11:24:06.951+0000] {processor.py:183} INFO - Processing /home/airflow/.local/lib/python3.12/site-packages/airflow/example_dags/tutorial_taskflow_api.py took 0.172 seconds
