[2024-06-22T04:11:16.527+0000] {processor.py:161} INFO - Started process (PID=72) to work on /home/airflow/.local/lib/python3.12/site-packages/airflow/example_dags/tutorial.py
[2024-06-22T04:11:16.532+0000] {processor.py:830} INFO - Processing file /home/airflow/.local/lib/python3.12/site-packages/airflow/example_dags/tutorial.py for tasks to queue
[2024-06-22T04:11:16.543+0000] {logging_mixin.py:188} INFO - [2024-06-22T04:11:16.542+0000] {dagbag.py:540} INFO - Filling up the DagBag from /home/airflow/.local/lib/python3.12/site-packages/airflow/example_dags/tutorial.py
[2024-06-22T04:11:16.568+0000] {processor.py:840} INFO - DAG(s) 'tutorial' retrieved from /home/airflow/.local/lib/python3.12/site-packages/airflow/example_dags/tutorial.py
[2024-06-22T04:11:16.624+0000] {logging_mixin.py:188} INFO - [2024-06-22T04:11:16.624+0000] {dag.py:3096} INFO - Sync 1 DAGs
[2024-06-22T04:11:16.725+0000] {logging_mixin.py:188} INFO - [2024-06-22T04:11:16.724+0000] {dag.py:3954} INFO - Setting next_dagrun for tutorial to 2024-06-21 00:00:00+00:00, run_after=2024-06-22 00:00:00+00:00
[2024-06-22T04:11:16.830+0000] {processor.py:183} INFO - Processing /home/airflow/.local/lib/python3.12/site-packages/airflow/example_dags/tutorial.py took 0.342 seconds
[2024-06-22T04:11:47.118+0000] {processor.py:161} INFO - Started process (PID=131) to work on /home/airflow/.local/lib/python3.12/site-packages/airflow/example_dags/tutorial.py
[2024-06-22T04:11:47.120+0000] {processor.py:830} INFO - Processing file /home/airflow/.local/lib/python3.12/site-packages/airflow/example_dags/tutorial.py for tasks to queue
[2024-06-22T04:11:47.125+0000] {logging_mixin.py:188} INFO - [2024-06-22T04:11:47.124+0000] {dagbag.py:540} INFO - Filling up the DagBag from /home/airflow/.local/lib/python3.12/site-packages/airflow/example_dags/tutorial.py
[2024-06-22T04:11:47.138+0000] {processor.py:840} INFO - DAG(s) 'tutorial' retrieved from /home/airflow/.local/lib/python3.12/site-packages/airflow/example_dags/tutorial.py
[2024-06-22T04:11:47.326+0000] {logging_mixin.py:188} INFO - [2024-06-22T04:11:47.325+0000] {dag.py:3096} INFO - Sync 1 DAGs
[2024-06-22T04:11:47.357+0000] {logging_mixin.py:188} INFO - [2024-06-22T04:11:47.356+0000] {dag.py:3954} INFO - Setting next_dagrun for tutorial to 2024-06-21 00:00:00+00:00, run_after=2024-06-22 00:00:00+00:00
[2024-06-22T04:11:47.392+0000] {processor.py:183} INFO - Processing /home/airflow/.local/lib/python3.12/site-packages/airflow/example_dags/tutorial.py took 0.286 seconds
[2024-06-22T04:12:17.527+0000] {processor.py:161} INFO - Started process (PID=189) to work on /home/airflow/.local/lib/python3.12/site-packages/airflow/example_dags/tutorial.py
[2024-06-22T04:12:17.529+0000] {processor.py:830} INFO - Processing file /home/airflow/.local/lib/python3.12/site-packages/airflow/example_dags/tutorial.py for tasks to queue
[2024-06-22T04:12:17.535+0000] {logging_mixin.py:188} INFO - [2024-06-22T04:12:17.534+0000] {dagbag.py:540} INFO - Filling up the DagBag from /home/airflow/.local/lib/python3.12/site-packages/airflow/example_dags/tutorial.py
[2024-06-22T04:12:17.548+0000] {processor.py:840} INFO - DAG(s) 'tutorial' retrieved from /home/airflow/.local/lib/python3.12/site-packages/airflow/example_dags/tutorial.py
[2024-06-22T04:12:17.580+0000] {logging_mixin.py:188} INFO - [2024-06-22T04:12:17.579+0000] {dag.py:3096} INFO - Sync 1 DAGs
[2024-06-22T04:12:17.611+0000] {logging_mixin.py:188} INFO - [2024-06-22T04:12:17.610+0000] {dag.py:3954} INFO - Setting next_dagrun for tutorial to 2024-06-21 00:00:00+00:00, run_after=2024-06-22 00:00:00+00:00
[2024-06-22T04:12:17.641+0000] {processor.py:183} INFO - Processing /home/airflow/.local/lib/python3.12/site-packages/airflow/example_dags/tutorial.py took 0.127 seconds
[2024-06-22T04:12:49.067+0000] {processor.py:161} INFO - Started process (PID=248) to work on /home/airflow/.local/lib/python3.12/site-packages/airflow/example_dags/tutorial.py
[2024-06-22T04:12:49.070+0000] {processor.py:830} INFO - Processing file /home/airflow/.local/lib/python3.12/site-packages/airflow/example_dags/tutorial.py for tasks to queue
[2024-06-22T04:12:49.073+0000] {logging_mixin.py:188} INFO - [2024-06-22T04:12:49.073+0000] {dagbag.py:540} INFO - Filling up the DagBag from /home/airflow/.local/lib/python3.12/site-packages/airflow/example_dags/tutorial.py
[2024-06-22T04:12:49.085+0000] {processor.py:840} INFO - DAG(s) 'tutorial' retrieved from /home/airflow/.local/lib/python3.12/site-packages/airflow/example_dags/tutorial.py
[2024-06-22T04:12:49.142+0000] {logging_mixin.py:188} INFO - [2024-06-22T04:12:49.142+0000] {dag.py:3096} INFO - Sync 1 DAGs
[2024-06-22T04:12:49.196+0000] {logging_mixin.py:188} INFO - [2024-06-22T04:12:49.195+0000] {dag.py:3954} INFO - Setting next_dagrun for tutorial to 2024-06-21 00:00:00+00:00, run_after=2024-06-22 00:00:00+00:00
[2024-06-22T04:12:49.219+0000] {processor.py:183} INFO - Processing /home/airflow/.local/lib/python3.12/site-packages/airflow/example_dags/tutorial.py took 0.191 seconds
[2024-06-22T04:13:20.683+0000] {processor.py:161} INFO - Started process (PID=307) to work on /home/airflow/.local/lib/python3.12/site-packages/airflow/example_dags/tutorial.py
[2024-06-22T04:13:20.689+0000] {processor.py:830} INFO - Processing file /home/airflow/.local/lib/python3.12/site-packages/airflow/example_dags/tutorial.py for tasks to queue
[2024-06-22T04:13:20.698+0000] {logging_mixin.py:188} INFO - [2024-06-22T04:13:20.697+0000] {dagbag.py:540} INFO - Filling up the DagBag from /home/airflow/.local/lib/python3.12/site-packages/airflow/example_dags/tutorial.py
[2024-06-22T04:13:20.715+0000] {processor.py:840} INFO - DAG(s) 'tutorial' retrieved from /home/airflow/.local/lib/python3.12/site-packages/airflow/example_dags/tutorial.py
[2024-06-22T04:13:20.783+0000] {logging_mixin.py:188} INFO - [2024-06-22T04:13:20.783+0000] {dag.py:3096} INFO - Sync 1 DAGs
[2024-06-22T04:13:20.856+0000] {logging_mixin.py:188} INFO - [2024-06-22T04:13:20.856+0000] {dag.py:3954} INFO - Setting next_dagrun for tutorial to 2024-06-21 00:00:00+00:00, run_after=2024-06-22 00:00:00+00:00
[2024-06-22T04:13:20.955+0000] {processor.py:183} INFO - Processing /home/airflow/.local/lib/python3.12/site-packages/airflow/example_dags/tutorial.py took 0.329 seconds
[2024-06-22T04:13:51.048+0000] {processor.py:161} INFO - Started process (PID=366) to work on /home/airflow/.local/lib/python3.12/site-packages/airflow/example_dags/tutorial.py
[2024-06-22T04:13:51.050+0000] {processor.py:830} INFO - Processing file /home/airflow/.local/lib/python3.12/site-packages/airflow/example_dags/tutorial.py for tasks to queue
[2024-06-22T04:13:51.053+0000] {logging_mixin.py:188} INFO - [2024-06-22T04:13:51.053+0000] {dagbag.py:540} INFO - Filling up the DagBag from /home/airflow/.local/lib/python3.12/site-packages/airflow/example_dags/tutorial.py
[2024-06-22T04:13:51.062+0000] {processor.py:840} INFO - DAG(s) 'tutorial' retrieved from /home/airflow/.local/lib/python3.12/site-packages/airflow/example_dags/tutorial.py
[2024-06-22T04:13:51.091+0000] {logging_mixin.py:188} INFO - [2024-06-22T04:13:51.091+0000] {dag.py:3096} INFO - Sync 1 DAGs
[2024-06-22T04:13:51.126+0000] {logging_mixin.py:188} INFO - [2024-06-22T04:13:51.125+0000] {dag.py:3954} INFO - Setting next_dagrun for tutorial to 2024-06-21 00:00:00+00:00, run_after=2024-06-22 00:00:00+00:00
[2024-06-22T04:13:51.157+0000] {processor.py:183} INFO - Processing /home/airflow/.local/lib/python3.12/site-packages/airflow/example_dags/tutorial.py took 0.118 seconds
[2024-06-22T04:14:22.369+0000] {processor.py:161} INFO - Started process (PID=428) to work on /home/airflow/.local/lib/python3.12/site-packages/airflow/example_dags/tutorial.py
[2024-06-22T04:14:22.378+0000] {processor.py:830} INFO - Processing file /home/airflow/.local/lib/python3.12/site-packages/airflow/example_dags/tutorial.py for tasks to queue
[2024-06-22T04:14:22.401+0000] {logging_mixin.py:188} INFO - [2024-06-22T04:14:22.396+0000] {dagbag.py:540} INFO - Filling up the DagBag from /home/airflow/.local/lib/python3.12/site-packages/airflow/example_dags/tutorial.py
[2024-06-22T04:14:22.476+0000] {processor.py:840} INFO - DAG(s) 'tutorial' retrieved from /home/airflow/.local/lib/python3.12/site-packages/airflow/example_dags/tutorial.py
[2024-06-22T04:14:22.760+0000] {logging_mixin.py:188} INFO - [2024-06-22T04:14:22.759+0000] {dag.py:3096} INFO - Sync 1 DAGs
[2024-06-22T04:14:22.907+0000] {logging_mixin.py:188} INFO - [2024-06-22T04:14:22.907+0000] {dag.py:3954} INFO - Setting next_dagrun for tutorial to 2024-06-21 00:00:00+00:00, run_after=2024-06-22 00:00:00+00:00
[2024-06-22T04:14:22.944+0000] {processor.py:183} INFO - Processing /home/airflow/.local/lib/python3.12/site-packages/airflow/example_dags/tutorial.py took 0.629 seconds
[2024-06-22T04:14:53.283+0000] {processor.py:161} INFO - Started process (PID=487) to work on /home/airflow/.local/lib/python3.12/site-packages/airflow/example_dags/tutorial.py
[2024-06-22T04:14:53.285+0000] {processor.py:830} INFO - Processing file /home/airflow/.local/lib/python3.12/site-packages/airflow/example_dags/tutorial.py for tasks to queue
[2024-06-22T04:14:53.289+0000] {logging_mixin.py:188} INFO - [2024-06-22T04:14:53.288+0000] {dagbag.py:540} INFO - Filling up the DagBag from /home/airflow/.local/lib/python3.12/site-packages/airflow/example_dags/tutorial.py
[2024-06-22T04:14:53.302+0000] {processor.py:840} INFO - DAG(s) 'tutorial' retrieved from /home/airflow/.local/lib/python3.12/site-packages/airflow/example_dags/tutorial.py
[2024-06-22T04:14:53.339+0000] {logging_mixin.py:188} INFO - [2024-06-22T04:14:53.338+0000] {dag.py:3096} INFO - Sync 1 DAGs
[2024-06-22T04:14:53.382+0000] {logging_mixin.py:188} INFO - [2024-06-22T04:14:53.382+0000] {dag.py:3954} INFO - Setting next_dagrun for tutorial to 2024-06-21 00:00:00+00:00, run_after=2024-06-22 00:00:00+00:00
[2024-06-22T04:14:53.419+0000] {processor.py:183} INFO - Processing /home/airflow/.local/lib/python3.12/site-packages/airflow/example_dags/tutorial.py took 0.145 seconds
[2024-06-22T04:15:24.192+0000] {processor.py:161} INFO - Started process (PID=554) to work on /home/airflow/.local/lib/python3.12/site-packages/airflow/example_dags/tutorial.py
[2024-06-22T04:15:24.194+0000] {processor.py:830} INFO - Processing file /home/airflow/.local/lib/python3.12/site-packages/airflow/example_dags/tutorial.py for tasks to queue
[2024-06-22T04:15:24.198+0000] {logging_mixin.py:188} INFO - [2024-06-22T04:15:24.197+0000] {dagbag.py:540} INFO - Filling up the DagBag from /home/airflow/.local/lib/python3.12/site-packages/airflow/example_dags/tutorial.py
[2024-06-22T04:15:24.213+0000] {processor.py:840} INFO - DAG(s) 'tutorial' retrieved from /home/airflow/.local/lib/python3.12/site-packages/airflow/example_dags/tutorial.py
[2024-06-22T04:15:24.242+0000] {logging_mixin.py:188} INFO - [2024-06-22T04:15:24.242+0000] {dag.py:3096} INFO - Sync 1 DAGs
[2024-06-22T04:15:24.279+0000] {logging_mixin.py:188} INFO - [2024-06-22T04:15:24.278+0000] {dag.py:3954} INFO - Setting next_dagrun for tutorial to 2024-06-21 00:00:00+00:00, run_after=2024-06-22 00:00:00+00:00
[2024-06-22T04:15:24.308+0000] {processor.py:183} INFO - Processing /home/airflow/.local/lib/python3.12/site-packages/airflow/example_dags/tutorial.py took 0.127 seconds
[2024-06-22T04:15:54.486+0000] {processor.py:161} INFO - Started process (PID=614) to work on /home/airflow/.local/lib/python3.12/site-packages/airflow/example_dags/tutorial.py
[2024-06-22T04:15:54.489+0000] {processor.py:830} INFO - Processing file /home/airflow/.local/lib/python3.12/site-packages/airflow/example_dags/tutorial.py for tasks to queue
[2024-06-22T04:15:54.494+0000] {logging_mixin.py:188} INFO - [2024-06-22T04:15:54.493+0000] {dagbag.py:540} INFO - Filling up the DagBag from /home/airflow/.local/lib/python3.12/site-packages/airflow/example_dags/tutorial.py
[2024-06-22T04:15:54.506+0000] {processor.py:840} INFO - DAG(s) 'tutorial' retrieved from /home/airflow/.local/lib/python3.12/site-packages/airflow/example_dags/tutorial.py
[2024-06-22T04:15:54.537+0000] {logging_mixin.py:188} INFO - [2024-06-22T04:15:54.536+0000] {dag.py:3096} INFO - Sync 1 DAGs
[2024-06-22T04:15:54.570+0000] {logging_mixin.py:188} INFO - [2024-06-22T04:15:54.570+0000] {dag.py:3954} INFO - Setting next_dagrun for tutorial to 2024-06-21 00:00:00+00:00, run_after=2024-06-22 00:00:00+00:00
[2024-06-22T04:15:54.608+0000] {processor.py:183} INFO - Processing /home/airflow/.local/lib/python3.12/site-packages/airflow/example_dags/tutorial.py took 0.132 seconds
[2024-06-22T04:16:24.768+0000] {processor.py:161} INFO - Started process (PID=673) to work on /home/airflow/.local/lib/python3.12/site-packages/airflow/example_dags/tutorial.py
[2024-06-22T04:16:24.770+0000] {processor.py:830} INFO - Processing file /home/airflow/.local/lib/python3.12/site-packages/airflow/example_dags/tutorial.py for tasks to queue
[2024-06-22T04:16:24.773+0000] {logging_mixin.py:188} INFO - [2024-06-22T04:16:24.773+0000] {dagbag.py:540} INFO - Filling up the DagBag from /home/airflow/.local/lib/python3.12/site-packages/airflow/example_dags/tutorial.py
[2024-06-22T04:16:24.783+0000] {processor.py:840} INFO - DAG(s) 'tutorial' retrieved from /home/airflow/.local/lib/python3.12/site-packages/airflow/example_dags/tutorial.py
[2024-06-22T04:16:24.812+0000] {logging_mixin.py:188} INFO - [2024-06-22T04:16:24.812+0000] {dag.py:3096} INFO - Sync 1 DAGs
[2024-06-22T04:16:24.843+0000] {logging_mixin.py:188} INFO - [2024-06-22T04:16:24.843+0000] {dag.py:3954} INFO - Setting next_dagrun for tutorial to 2024-06-21 00:00:00+00:00, run_after=2024-06-22 00:00:00+00:00
[2024-06-22T04:16:24.868+0000] {processor.py:183} INFO - Processing /home/airflow/.local/lib/python3.12/site-packages/airflow/example_dags/tutorial.py took 0.109 seconds
[2024-06-22T04:16:55.087+0000] {processor.py:161} INFO - Started process (PID=732) to work on /home/airflow/.local/lib/python3.12/site-packages/airflow/example_dags/tutorial.py
[2024-06-22T04:16:55.090+0000] {processor.py:830} INFO - Processing file /home/airflow/.local/lib/python3.12/site-packages/airflow/example_dags/tutorial.py for tasks to queue
[2024-06-22T04:16:55.095+0000] {logging_mixin.py:188} INFO - [2024-06-22T04:16:55.094+0000] {dagbag.py:540} INFO - Filling up the DagBag from /home/airflow/.local/lib/python3.12/site-packages/airflow/example_dags/tutorial.py
[2024-06-22T04:16:55.106+0000] {processor.py:840} INFO - DAG(s) 'tutorial' retrieved from /home/airflow/.local/lib/python3.12/site-packages/airflow/example_dags/tutorial.py
[2024-06-22T04:16:55.139+0000] {logging_mixin.py:188} INFO - [2024-06-22T04:16:55.139+0000] {dag.py:3096} INFO - Sync 1 DAGs
[2024-06-22T04:16:55.178+0000] {logging_mixin.py:188} INFO - [2024-06-22T04:16:55.177+0000] {dag.py:3954} INFO - Setting next_dagrun for tutorial to 2024-06-21 00:00:00+00:00, run_after=2024-06-22 00:00:00+00:00
[2024-06-22T04:16:55.208+0000] {processor.py:183} INFO - Processing /home/airflow/.local/lib/python3.12/site-packages/airflow/example_dags/tutorial.py took 0.137 seconds
[2024-06-22T04:17:25.911+0000] {processor.py:161} INFO - Started process (PID=790) to work on /home/airflow/.local/lib/python3.12/site-packages/airflow/example_dags/tutorial.py
[2024-06-22T04:17:25.915+0000] {processor.py:830} INFO - Processing file /home/airflow/.local/lib/python3.12/site-packages/airflow/example_dags/tutorial.py for tasks to queue
[2024-06-22T04:17:25.924+0000] {logging_mixin.py:188} INFO - [2024-06-22T04:17:25.922+0000] {dagbag.py:540} INFO - Filling up the DagBag from /home/airflow/.local/lib/python3.12/site-packages/airflow/example_dags/tutorial.py
[2024-06-22T04:17:26.007+0000] {processor.py:840} INFO - DAG(s) 'tutorial' retrieved from /home/airflow/.local/lib/python3.12/site-packages/airflow/example_dags/tutorial.py
[2024-06-22T04:17:26.079+0000] {logging_mixin.py:188} INFO - [2024-06-22T04:17:26.079+0000] {dag.py:3096} INFO - Sync 1 DAGs
[2024-06-22T04:17:26.175+0000] {logging_mixin.py:188} INFO - [2024-06-22T04:17:26.166+0000] {dag.py:3954} INFO - Setting next_dagrun for tutorial to 2024-06-21 00:00:00+00:00, run_after=2024-06-22 00:00:00+00:00
[2024-06-22T04:17:26.309+0000] {processor.py:183} INFO - Processing /home/airflow/.local/lib/python3.12/site-packages/airflow/example_dags/tutorial.py took 0.428 seconds
[2024-06-22T06:20:54.239+0000] {processor.py:161} INFO - Started process (PID=883) to work on /home/airflow/.local/lib/python3.12/site-packages/airflow/example_dags/tutorial.py
[2024-06-22T06:20:54.282+0000] {processor.py:830} INFO - Processing file /home/airflow/.local/lib/python3.12/site-packages/airflow/example_dags/tutorial.py for tasks to queue
[2024-06-22T06:20:54.306+0000] {logging_mixin.py:188} INFO - [2024-06-22T06:20:54.295+0000] {dagbag.py:540} INFO - Filling up the DagBag from /home/airflow/.local/lib/python3.12/site-packages/airflow/example_dags/tutorial.py
[2024-06-22T06:20:54.767+0000] {processor.py:840} INFO - DAG(s) 'tutorial' retrieved from /home/airflow/.local/lib/python3.12/site-packages/airflow/example_dags/tutorial.py
[2024-06-22T06:20:55.571+0000] {logging_mixin.py:188} INFO - [2024-06-22T06:20:55.563+0000] {dag.py:3096} INFO - Sync 1 DAGs
[2024-06-22T06:20:56.294+0000] {logging_mixin.py:188} INFO - [2024-06-22T06:20:56.292+0000] {dag.py:3954} INFO - Setting next_dagrun for tutorial to 2024-06-21 00:00:00+00:00, run_after=2024-06-22 00:00:00+00:00
[2024-06-22T06:20:57.224+0000] {processor.py:183} INFO - Processing /home/airflow/.local/lib/python3.12/site-packages/airflow/example_dags/tutorial.py took 3.534 seconds
[2024-06-22T06:55:09.519+0000] {processor.py:161} INFO - Started process (PID=1008) to work on /home/airflow/.local/lib/python3.12/site-packages/airflow/example_dags/tutorial.py
[2024-06-22T06:55:09.647+0000] {processor.py:830} INFO - Processing file /home/airflow/.local/lib/python3.12/site-packages/airflow/example_dags/tutorial.py for tasks to queue
[2024-06-22T06:55:09.880+0000] {logging_mixin.py:188} INFO - [2024-06-22T06:55:09.842+0000] {dagbag.py:540} INFO - Filling up the DagBag from /home/airflow/.local/lib/python3.12/site-packages/airflow/example_dags/tutorial.py
[2024-06-22T06:55:10.656+0000] {processor.py:840} INFO - DAG(s) 'tutorial' retrieved from /home/airflow/.local/lib/python3.12/site-packages/airflow/example_dags/tutorial.py
[2024-06-22T06:55:11.856+0000] {logging_mixin.py:188} INFO - [2024-06-22T06:55:11.855+0000] {dag.py:3096} INFO - Sync 1 DAGs
[2024-06-22T06:55:12.966+0000] {logging_mixin.py:188} INFO - [2024-06-22T06:55:12.960+0000] {dag.py:3954} INFO - Setting next_dagrun for tutorial to 2024-06-21 00:00:00+00:00, run_after=2024-06-22 00:00:00+00:00
[2024-06-22T06:55:14.318+0000] {processor.py:183} INFO - Processing /home/airflow/.local/lib/python3.12/site-packages/airflow/example_dags/tutorial.py took 5.762 seconds
[2024-06-22T06:58:29.620+0000] {processor.py:161} INFO - Started process (PID=1121) to work on /home/airflow/.local/lib/python3.12/site-packages/airflow/example_dags/tutorial.py
[2024-06-22T06:58:29.689+0000] {processor.py:830} INFO - Processing file /home/airflow/.local/lib/python3.12/site-packages/airflow/example_dags/tutorial.py for tasks to queue
[2024-06-22T06:58:29.708+0000] {logging_mixin.py:188} INFO - [2024-06-22T06:58:29.705+0000] {dagbag.py:540} INFO - Filling up the DagBag from /home/airflow/.local/lib/python3.12/site-packages/airflow/example_dags/tutorial.py
[2024-06-22T06:58:30.411+0000] {processor.py:840} INFO - DAG(s) 'tutorial' retrieved from /home/airflow/.local/lib/python3.12/site-packages/airflow/example_dags/tutorial.py
[2024-06-22T06:58:31.793+0000] {logging_mixin.py:188} INFO - [2024-06-22T06:58:31.792+0000] {dag.py:3096} INFO - Sync 1 DAGs
[2024-06-22T06:58:33.418+0000] {logging_mixin.py:188} INFO - [2024-06-22T06:58:33.390+0000] {dag.py:3954} INFO - Setting next_dagrun for tutorial to 2024-06-21 00:00:00+00:00, run_after=2024-06-22 00:00:00+00:00
[2024-06-22T06:58:34.406+0000] {processor.py:183} INFO - Processing /home/airflow/.local/lib/python3.12/site-packages/airflow/example_dags/tutorial.py took 5.170 seconds
[2024-06-22T07:32:15.914+0000] {processor.py:161} INFO - Started process (PID=1192) to work on /home/airflow/.local/lib/python3.12/site-packages/airflow/example_dags/tutorial.py
[2024-06-22T07:32:15.951+0000] {processor.py:830} INFO - Processing file /home/airflow/.local/lib/python3.12/site-packages/airflow/example_dags/tutorial.py for tasks to queue
[2024-06-22T07:32:15.974+0000] {logging_mixin.py:188} INFO - [2024-06-22T07:32:15.971+0000] {dagbag.py:540} INFO - Filling up the DagBag from /home/airflow/.local/lib/python3.12/site-packages/airflow/example_dags/tutorial.py
[2024-06-22T07:32:16.399+0000] {processor.py:840} INFO - DAG(s) 'tutorial' retrieved from /home/airflow/.local/lib/python3.12/site-packages/airflow/example_dags/tutorial.py
[2024-06-22T07:32:17.092+0000] {logging_mixin.py:188} INFO - [2024-06-22T07:32:17.091+0000] {dag.py:3096} INFO - Sync 1 DAGs
[2024-06-22T07:32:18.018+0000] {logging_mixin.py:188} INFO - [2024-06-22T07:32:18.016+0000] {dag.py:3954} INFO - Setting next_dagrun for tutorial to 2024-06-21 00:00:00+00:00, run_after=2024-06-22 00:00:00+00:00
[2024-06-22T07:32:18.619+0000] {processor.py:183} INFO - Processing /home/airflow/.local/lib/python3.12/site-packages/airflow/example_dags/tutorial.py took 2.936 seconds
[2024-06-22T07:50:05.987+0000] {processor.py:161} INFO - Started process (PID=1299) to work on /home/airflow/.local/lib/python3.12/site-packages/airflow/example_dags/tutorial.py
[2024-06-22T07:50:06.057+0000] {processor.py:830} INFO - Processing file /home/airflow/.local/lib/python3.12/site-packages/airflow/example_dags/tutorial.py for tasks to queue
[2024-06-22T07:50:06.080+0000] {logging_mixin.py:188} INFO - [2024-06-22T07:50:06.070+0000] {dagbag.py:540} INFO - Filling up the DagBag from /home/airflow/.local/lib/python3.12/site-packages/airflow/example_dags/tutorial.py
[2024-06-22T07:50:06.462+0000] {processor.py:840} INFO - DAG(s) 'tutorial' retrieved from /home/airflow/.local/lib/python3.12/site-packages/airflow/example_dags/tutorial.py
[2024-06-22T07:50:07.454+0000] {logging_mixin.py:188} INFO - [2024-06-22T07:50:07.452+0000] {dag.py:3096} INFO - Sync 1 DAGs
[2024-06-22T07:50:08.002+0000] {logging_mixin.py:188} INFO - [2024-06-22T07:50:07.994+0000] {dag.py:3954} INFO - Setting next_dagrun for tutorial to 2024-06-21 00:00:00+00:00, run_after=2024-06-22 00:00:00+00:00
[2024-06-22T07:50:08.472+0000] {processor.py:183} INFO - Processing /home/airflow/.local/lib/python3.12/site-packages/airflow/example_dags/tutorial.py took 2.733 seconds
[2024-06-22T07:52:31.039+0000] {processor.py:161} INFO - Started process (PID=1396) to work on /home/airflow/.local/lib/python3.12/site-packages/airflow/example_dags/tutorial.py
[2024-06-22T07:52:31.077+0000] {processor.py:830} INFO - Processing file /home/airflow/.local/lib/python3.12/site-packages/airflow/example_dags/tutorial.py for tasks to queue
[2024-06-22T07:52:31.105+0000] {logging_mixin.py:188} INFO - [2024-06-22T07:52:31.100+0000] {dagbag.py:540} INFO - Filling up the DagBag from /home/airflow/.local/lib/python3.12/site-packages/airflow/example_dags/tutorial.py
[2024-06-22T07:52:31.298+0000] {processor.py:840} INFO - DAG(s) 'tutorial' retrieved from /home/airflow/.local/lib/python3.12/site-packages/airflow/example_dags/tutorial.py
[2024-06-22T07:52:31.843+0000] {logging_mixin.py:188} INFO - [2024-06-22T07:52:31.842+0000] {dag.py:3096} INFO - Sync 1 DAGs
[2024-06-22T07:52:32.475+0000] {logging_mixin.py:188} INFO - [2024-06-22T07:52:32.474+0000] {dag.py:3954} INFO - Setting next_dagrun for tutorial to 2024-06-21 00:00:00+00:00, run_after=2024-06-22 00:00:00+00:00
[2024-06-22T07:52:33.055+0000] {processor.py:183} INFO - Processing /home/airflow/.local/lib/python3.12/site-packages/airflow/example_dags/tutorial.py took 2.229 seconds
[2024-06-22T07:54:41.597+0000] {processor.py:161} INFO - Started process (PID=1490) to work on /home/airflow/.local/lib/python3.12/site-packages/airflow/example_dags/tutorial.py
[2024-06-22T07:54:41.630+0000] {processor.py:830} INFO - Processing file /home/airflow/.local/lib/python3.12/site-packages/airflow/example_dags/tutorial.py for tasks to queue
[2024-06-22T07:54:41.646+0000] {logging_mixin.py:188} INFO - [2024-06-22T07:54:41.643+0000] {dagbag.py:540} INFO - Filling up the DagBag from /home/airflow/.local/lib/python3.12/site-packages/airflow/example_dags/tutorial.py
[2024-06-22T07:54:41.873+0000] {processor.py:840} INFO - DAG(s) 'tutorial' retrieved from /home/airflow/.local/lib/python3.12/site-packages/airflow/example_dags/tutorial.py
[2024-06-22T07:54:42.403+0000] {logging_mixin.py:188} INFO - [2024-06-22T07:54:42.391+0000] {dag.py:3096} INFO - Sync 1 DAGs
[2024-06-22T07:54:43.548+0000] {logging_mixin.py:188} INFO - [2024-06-22T07:54:43.457+0000] {dag.py:3954} INFO - Setting next_dagrun for tutorial to 2024-06-21 00:00:00+00:00, run_after=2024-06-22 00:00:00+00:00
[2024-06-22T07:54:44.492+0000] {processor.py:183} INFO - Processing /home/airflow/.local/lib/python3.12/site-packages/airflow/example_dags/tutorial.py took 3.187 seconds
[2024-06-22T07:57:07.486+0000] {processor.py:161} INFO - Started process (PID=1589) to work on /home/airflow/.local/lib/python3.12/site-packages/airflow/example_dags/tutorial.py
[2024-06-22T07:57:07.510+0000] {processor.py:830} INFO - Processing file /home/airflow/.local/lib/python3.12/site-packages/airflow/example_dags/tutorial.py for tasks to queue
[2024-06-22T07:57:07.521+0000] {logging_mixin.py:188} INFO - [2024-06-22T07:57:07.518+0000] {dagbag.py:540} INFO - Filling up the DagBag from /home/airflow/.local/lib/python3.12/site-packages/airflow/example_dags/tutorial.py
[2024-06-22T07:57:07.645+0000] {processor.py:840} INFO - DAG(s) 'tutorial' retrieved from /home/airflow/.local/lib/python3.12/site-packages/airflow/example_dags/tutorial.py
[2024-06-22T07:57:08.023+0000] {logging_mixin.py:188} INFO - [2024-06-22T07:57:08.021+0000] {dag.py:3096} INFO - Sync 1 DAGs
[2024-06-22T07:57:09.268+0000] {logging_mixin.py:188} INFO - [2024-06-22T07:57:09.259+0000] {dag.py:3954} INFO - Setting next_dagrun for tutorial to 2024-06-21 00:00:00+00:00, run_after=2024-06-22 00:00:00+00:00
[2024-06-22T07:57:10.597+0000] {processor.py:183} INFO - Processing /home/airflow/.local/lib/python3.12/site-packages/airflow/example_dags/tutorial.py took 3.354 seconds
[2024-06-22T08:29:11.206+0000] {processor.py:161} INFO - Started process (PID=1701) to work on /home/airflow/.local/lib/python3.12/site-packages/airflow/example_dags/tutorial.py
[2024-06-22T08:29:11.229+0000] {processor.py:830} INFO - Processing file /home/airflow/.local/lib/python3.12/site-packages/airflow/example_dags/tutorial.py for tasks to queue
[2024-06-22T08:29:11.266+0000] {logging_mixin.py:188} INFO - [2024-06-22T08:29:11.254+0000] {dagbag.py:540} INFO - Filling up the DagBag from /home/airflow/.local/lib/python3.12/site-packages/airflow/example_dags/tutorial.py
[2024-06-22T08:29:11.435+0000] {processor.py:840} INFO - DAG(s) 'tutorial' retrieved from /home/airflow/.local/lib/python3.12/site-packages/airflow/example_dags/tutorial.py
[2024-06-22T08:29:12.343+0000] {logging_mixin.py:188} INFO - [2024-06-22T08:29:12.336+0000] {dag.py:3096} INFO - Sync 1 DAGs
[2024-06-22T08:29:12.935+0000] {logging_mixin.py:188} INFO - [2024-06-22T08:29:12.923+0000] {dag.py:3954} INFO - Setting next_dagrun for tutorial to 2024-06-21 00:00:00+00:00, run_after=2024-06-22 00:00:00+00:00
[2024-06-22T08:29:13.388+0000] {processor.py:183} INFO - Processing /home/airflow/.local/lib/python3.12/site-packages/airflow/example_dags/tutorial.py took 2.397 seconds
[2024-06-22T08:31:39.788+0000] {processor.py:161} INFO - Started process (PID=1796) to work on /home/airflow/.local/lib/python3.12/site-packages/airflow/example_dags/tutorial.py
[2024-06-22T08:31:39.815+0000] {processor.py:830} INFO - Processing file /home/airflow/.local/lib/python3.12/site-packages/airflow/example_dags/tutorial.py for tasks to queue
[2024-06-22T08:31:39.834+0000] {logging_mixin.py:188} INFO - [2024-06-22T08:31:39.828+0000] {dagbag.py:540} INFO - Filling up the DagBag from /home/airflow/.local/lib/python3.12/site-packages/airflow/example_dags/tutorial.py
[2024-06-22T08:31:40.026+0000] {processor.py:840} INFO - DAG(s) 'tutorial' retrieved from /home/airflow/.local/lib/python3.12/site-packages/airflow/example_dags/tutorial.py
[2024-06-22T08:31:40.500+0000] {logging_mixin.py:188} INFO - [2024-06-22T08:31:40.495+0000] {dag.py:3096} INFO - Sync 1 DAGs
[2024-06-22T08:31:41.494+0000] {logging_mixin.py:188} INFO - [2024-06-22T08:31:41.487+0000] {dag.py:3954} INFO - Setting next_dagrun for tutorial to 2024-06-21 00:00:00+00:00, run_after=2024-06-22 00:00:00+00:00
[2024-06-22T08:31:41.900+0000] {processor.py:183} INFO - Processing /home/airflow/.local/lib/python3.12/site-packages/airflow/example_dags/tutorial.py took 2.289 seconds
[2024-06-22T08:34:00.720+0000] {processor.py:161} INFO - Started process (PID=1896) to work on /home/airflow/.local/lib/python3.12/site-packages/airflow/example_dags/tutorial.py
[2024-06-22T08:34:00.751+0000] {processor.py:830} INFO - Processing file /home/airflow/.local/lib/python3.12/site-packages/airflow/example_dags/tutorial.py for tasks to queue
[2024-06-22T08:34:00.767+0000] {logging_mixin.py:188} INFO - [2024-06-22T08:34:00.764+0000] {dagbag.py:540} INFO - Filling up the DagBag from /home/airflow/.local/lib/python3.12/site-packages/airflow/example_dags/tutorial.py
[2024-06-22T08:34:01.107+0000] {processor.py:840} INFO - DAG(s) 'tutorial' retrieved from /home/airflow/.local/lib/python3.12/site-packages/airflow/example_dags/tutorial.py
[2024-06-22T08:34:02.091+0000] {logging_mixin.py:188} INFO - [2024-06-22T08:34:02.048+0000] {dag.py:3096} INFO - Sync 1 DAGs
[2024-06-22T08:34:02.680+0000] {logging_mixin.py:188} INFO - [2024-06-22T08:34:02.678+0000] {dag.py:3954} INFO - Setting next_dagrun for tutorial to 2024-06-21 00:00:00+00:00, run_after=2024-06-22 00:00:00+00:00
[2024-06-22T08:34:02.995+0000] {processor.py:183} INFO - Processing /home/airflow/.local/lib/python3.12/site-packages/airflow/example_dags/tutorial.py took 2.525 seconds
[2024-06-22T09:13:07.522+0000] {processor.py:161} INFO - Started process (PID=2016) to work on /home/airflow/.local/lib/python3.12/site-packages/airflow/example_dags/tutorial.py
[2024-06-22T09:13:07.528+0000] {processor.py:830} INFO - Processing file /home/airflow/.local/lib/python3.12/site-packages/airflow/example_dags/tutorial.py for tasks to queue
[2024-06-22T09:13:07.535+0000] {logging_mixin.py:188} INFO - [2024-06-22T09:13:07.532+0000] {dagbag.py:540} INFO - Filling up the DagBag from /home/airflow/.local/lib/python3.12/site-packages/airflow/example_dags/tutorial.py
[2024-06-22T09:13:07.572+0000] {processor.py:840} INFO - DAG(s) 'tutorial' retrieved from /home/airflow/.local/lib/python3.12/site-packages/airflow/example_dags/tutorial.py
[2024-06-22T09:43:08.093+0000] {logging_mixin.py:188} INFO - [2024-06-22T09:43:07.971+0000] {dag.py:3096} INFO - Sync 1 DAGs
[2024-06-22T09:43:14.762+0000] {logging_mixin.py:188} INFO - [2024-06-22T09:43:14.683+0000] {dag.py:3954} INFO - Setting next_dagrun for tutorial to 2024-06-21 00:00:00+00:00, run_after=2024-06-22 00:00:00+00:00
[2024-06-22T09:43:56.008+0000] {processor.py:183} INFO - Processing /home/airflow/.local/lib/python3.12/site-packages/airflow/example_dags/tutorial.py took 54.342 seconds
[2024-06-22T10:48:17.044+0000] {processor.py:161} INFO - Started process (PID=2098) to work on /home/airflow/.local/lib/python3.12/site-packages/airflow/example_dags/tutorial.py
[2024-06-22T10:48:17.077+0000] {processor.py:830} INFO - Processing file /home/airflow/.local/lib/python3.12/site-packages/airflow/example_dags/tutorial.py for tasks to queue
[2024-06-22T10:48:17.130+0000] {logging_mixin.py:188} INFO - [2024-06-22T10:48:17.123+0000] {dagbag.py:540} INFO - Filling up the DagBag from /home/airflow/.local/lib/python3.12/site-packages/airflow/example_dags/tutorial.py
[2024-06-22T10:48:17.492+0000] {processor.py:840} INFO - DAG(s) 'tutorial' retrieved from /home/airflow/.local/lib/python3.12/site-packages/airflow/example_dags/tutorial.py
[2024-06-22T10:48:17.743+0000] {logging_mixin.py:188} INFO - [2024-06-22T10:48:17.743+0000] {dag.py:3096} INFO - Sync 1 DAGs
[2024-06-22T10:48:17.884+0000] {logging_mixin.py:188} INFO - [2024-06-22T10:48:17.883+0000] {dag.py:3954} INFO - Setting next_dagrun for tutorial to 2024-06-21 00:00:00+00:00, run_after=2024-06-22 00:00:00+00:00
[2024-06-22T10:48:18.061+0000] {processor.py:183} INFO - Processing /home/airflow/.local/lib/python3.12/site-packages/airflow/example_dags/tutorial.py took 1.431 seconds
[2024-06-22T11:05:33.967+0000] {processor.py:161} INFO - Started process (PID=77) to work on /home/airflow/.local/lib/python3.12/site-packages/airflow/example_dags/tutorial.py
[2024-06-22T11:05:33.983+0000] {processor.py:830} INFO - Processing file /home/airflow/.local/lib/python3.12/site-packages/airflow/example_dags/tutorial.py for tasks to queue
[2024-06-22T11:05:34.001+0000] {logging_mixin.py:188} INFO - [2024-06-22T11:05:33.996+0000] {dagbag.py:540} INFO - Filling up the DagBag from /home/airflow/.local/lib/python3.12/site-packages/airflow/example_dags/tutorial.py
[2024-06-22T11:05:34.053+0000] {processor.py:840} INFO - DAG(s) 'tutorial' retrieved from /home/airflow/.local/lib/python3.12/site-packages/airflow/example_dags/tutorial.py
[2024-06-22T11:05:34.707+0000] {logging_mixin.py:188} INFO - [2024-06-22T11:05:34.707+0000] {dag.py:3096} INFO - Sync 1 DAGs
[2024-06-22T11:05:34.805+0000] {logging_mixin.py:188} INFO - [2024-06-22T11:05:34.804+0000] {dag.py:3954} INFO - Setting next_dagrun for tutorial to 2024-06-21 00:00:00+00:00, run_after=2024-06-22 00:00:00+00:00
[2024-06-22T11:05:34.908+0000] {processor.py:183} INFO - Processing /home/airflow/.local/lib/python3.12/site-packages/airflow/example_dags/tutorial.py took 0.991 seconds
[2024-06-22T11:06:05.175+0000] {processor.py:161} INFO - Started process (PID=137) to work on /home/airflow/.local/lib/python3.12/site-packages/airflow/example_dags/tutorial.py
[2024-06-22T11:06:05.184+0000] {processor.py:830} INFO - Processing file /home/airflow/.local/lib/python3.12/site-packages/airflow/example_dags/tutorial.py for tasks to queue
[2024-06-22T11:06:05.204+0000] {logging_mixin.py:188} INFO - [2024-06-22T11:06:05.200+0000] {dagbag.py:540} INFO - Filling up the DagBag from /home/airflow/.local/lib/python3.12/site-packages/airflow/example_dags/tutorial.py
[2024-06-22T11:06:05.258+0000] {processor.py:840} INFO - DAG(s) 'tutorial' retrieved from /home/airflow/.local/lib/python3.12/site-packages/airflow/example_dags/tutorial.py
[2024-06-22T11:06:05.328+0000] {logging_mixin.py:188} INFO - [2024-06-22T11:06:05.328+0000] {dag.py:3096} INFO - Sync 1 DAGs
[2024-06-22T11:06:05.401+0000] {logging_mixin.py:188} INFO - [2024-06-22T11:06:05.401+0000] {dag.py:3954} INFO - Setting next_dagrun for tutorial to 2024-06-21 00:00:00+00:00, run_after=2024-06-22 00:00:00+00:00
[2024-06-22T11:06:05.423+0000] {processor.py:183} INFO - Processing /home/airflow/.local/lib/python3.12/site-packages/airflow/example_dags/tutorial.py took 0.317 seconds
[2024-06-22T11:06:35.800+0000] {processor.py:161} INFO - Started process (PID=198) to work on /home/airflow/.local/lib/python3.12/site-packages/airflow/example_dags/tutorial.py
[2024-06-22T11:06:35.803+0000] {processor.py:830} INFO - Processing file /home/airflow/.local/lib/python3.12/site-packages/airflow/example_dags/tutorial.py for tasks to queue
[2024-06-22T11:06:35.807+0000] {logging_mixin.py:188} INFO - [2024-06-22T11:06:35.806+0000] {dagbag.py:540} INFO - Filling up the DagBag from /home/airflow/.local/lib/python3.12/site-packages/airflow/example_dags/tutorial.py
[2024-06-22T11:06:35.816+0000] {processor.py:840} INFO - DAG(s) 'tutorial' retrieved from /home/airflow/.local/lib/python3.12/site-packages/airflow/example_dags/tutorial.py
[2024-06-22T11:06:35.855+0000] {logging_mixin.py:188} INFO - [2024-06-22T11:06:35.854+0000] {dag.py:3096} INFO - Sync 1 DAGs
[2024-06-22T11:06:35.894+0000] {logging_mixin.py:188} INFO - [2024-06-22T11:06:35.894+0000] {dag.py:3954} INFO - Setting next_dagrun for tutorial to 2024-06-21 00:00:00+00:00, run_after=2024-06-22 00:00:00+00:00
[2024-06-22T11:06:35.934+0000] {processor.py:183} INFO - Processing /home/airflow/.local/lib/python3.12/site-packages/airflow/example_dags/tutorial.py took 0.142 seconds
[2024-06-22T11:07:06.224+0000] {processor.py:161} INFO - Started process (PID=257) to work on /home/airflow/.local/lib/python3.12/site-packages/airflow/example_dags/tutorial.py
[2024-06-22T11:07:06.227+0000] {processor.py:830} INFO - Processing file /home/airflow/.local/lib/python3.12/site-packages/airflow/example_dags/tutorial.py for tasks to queue
[2024-06-22T11:07:06.231+0000] {logging_mixin.py:188} INFO - [2024-06-22T11:07:06.230+0000] {dagbag.py:540} INFO - Filling up the DagBag from /home/airflow/.local/lib/python3.12/site-packages/airflow/example_dags/tutorial.py
[2024-06-22T11:07:06.244+0000] {processor.py:840} INFO - DAG(s) 'tutorial' retrieved from /home/airflow/.local/lib/python3.12/site-packages/airflow/example_dags/tutorial.py
[2024-06-22T11:07:06.297+0000] {logging_mixin.py:188} INFO - [2024-06-22T11:07:06.296+0000] {dag.py:3096} INFO - Sync 1 DAGs
[2024-06-22T11:07:06.333+0000] {logging_mixin.py:188} INFO - [2024-06-22T11:07:06.333+0000] {dag.py:3954} INFO - Setting next_dagrun for tutorial to 2024-06-21 00:00:00+00:00, run_after=2024-06-22 00:00:00+00:00
[2024-06-22T11:07:06.364+0000] {processor.py:183} INFO - Processing /home/airflow/.local/lib/python3.12/site-packages/airflow/example_dags/tutorial.py took 0.150 seconds
[2024-06-22T11:07:36.841+0000] {processor.py:161} INFO - Started process (PID=316) to work on /home/airflow/.local/lib/python3.12/site-packages/airflow/example_dags/tutorial.py
[2024-06-22T11:07:36.847+0000] {processor.py:830} INFO - Processing file /home/airflow/.local/lib/python3.12/site-packages/airflow/example_dags/tutorial.py for tasks to queue
[2024-06-22T11:07:36.852+0000] {logging_mixin.py:188} INFO - [2024-06-22T11:07:36.851+0000] {dagbag.py:540} INFO - Filling up the DagBag from /home/airflow/.local/lib/python3.12/site-packages/airflow/example_dags/tutorial.py
[2024-06-22T11:07:36.868+0000] {processor.py:840} INFO - DAG(s) 'tutorial' retrieved from /home/airflow/.local/lib/python3.12/site-packages/airflow/example_dags/tutorial.py
[2024-06-22T11:07:36.930+0000] {logging_mixin.py:188} INFO - [2024-06-22T11:07:36.930+0000] {dag.py:3096} INFO - Sync 1 DAGs
[2024-06-22T11:07:36.976+0000] {logging_mixin.py:188} INFO - [2024-06-22T11:07:36.975+0000] {dag.py:3954} INFO - Setting next_dagrun for tutorial to 2024-06-21 00:00:00+00:00, run_after=2024-06-22 00:00:00+00:00
[2024-06-22T11:07:37.009+0000] {processor.py:183} INFO - Processing /home/airflow/.local/lib/python3.12/site-packages/airflow/example_dags/tutorial.py took 0.185 seconds
[2024-06-22T11:08:07.389+0000] {processor.py:161} INFO - Started process (PID=374) to work on /home/airflow/.local/lib/python3.12/site-packages/airflow/example_dags/tutorial.py
[2024-06-22T11:08:07.392+0000] {processor.py:830} INFO - Processing file /home/airflow/.local/lib/python3.12/site-packages/airflow/example_dags/tutorial.py for tasks to queue
[2024-06-22T11:08:07.401+0000] {logging_mixin.py:188} INFO - [2024-06-22T11:08:07.399+0000] {dagbag.py:540} INFO - Filling up the DagBag from /home/airflow/.local/lib/python3.12/site-packages/airflow/example_dags/tutorial.py
[2024-06-22T11:08:07.422+0000] {processor.py:840} INFO - DAG(s) 'tutorial' retrieved from /home/airflow/.local/lib/python3.12/site-packages/airflow/example_dags/tutorial.py
[2024-06-22T11:08:07.489+0000] {logging_mixin.py:188} INFO - [2024-06-22T11:08:07.487+0000] {dag.py:3096} INFO - Sync 1 DAGs
[2024-06-22T11:08:07.549+0000] {logging_mixin.py:188} INFO - [2024-06-22T11:08:07.548+0000] {dag.py:3954} INFO - Setting next_dagrun for tutorial to 2024-06-21 00:00:00+00:00, run_after=2024-06-22 00:00:00+00:00
[2024-06-22T11:08:07.630+0000] {processor.py:183} INFO - Processing /home/airflow/.local/lib/python3.12/site-packages/airflow/example_dags/tutorial.py took 0.256 seconds
[2024-06-22T11:08:38.401+0000] {processor.py:161} INFO - Started process (PID=433) to work on /home/airflow/.local/lib/python3.12/site-packages/airflow/example_dags/tutorial.py
[2024-06-22T11:08:38.404+0000] {processor.py:830} INFO - Processing file /home/airflow/.local/lib/python3.12/site-packages/airflow/example_dags/tutorial.py for tasks to queue
[2024-06-22T11:08:38.427+0000] {logging_mixin.py:188} INFO - [2024-06-22T11:08:38.424+0000] {dagbag.py:540} INFO - Filling up the DagBag from /home/airflow/.local/lib/python3.12/site-packages/airflow/example_dags/tutorial.py
[2024-06-22T11:08:38.462+0000] {processor.py:840} INFO - DAG(s) 'tutorial' retrieved from /home/airflow/.local/lib/python3.12/site-packages/airflow/example_dags/tutorial.py
[2024-06-22T11:08:38.521+0000] {logging_mixin.py:188} INFO - [2024-06-22T11:08:38.520+0000] {dag.py:3096} INFO - Sync 1 DAGs
[2024-06-22T11:08:38.589+0000] {logging_mixin.py:188} INFO - [2024-06-22T11:08:38.588+0000] {dag.py:3954} INFO - Setting next_dagrun for tutorial to 2024-06-21 00:00:00+00:00, run_after=2024-06-22 00:00:00+00:00
[2024-06-22T11:08:38.639+0000] {processor.py:183} INFO - Processing /home/airflow/.local/lib/python3.12/site-packages/airflow/example_dags/tutorial.py took 0.261 seconds
[2024-06-22T11:09:09.733+0000] {processor.py:161} INFO - Started process (PID=490) to work on /home/airflow/.local/lib/python3.12/site-packages/airflow/example_dags/tutorial.py
[2024-06-22T11:09:09.751+0000] {processor.py:830} INFO - Processing file /home/airflow/.local/lib/python3.12/site-packages/airflow/example_dags/tutorial.py for tasks to queue
[2024-06-22T11:09:09.765+0000] {logging_mixin.py:188} INFO - [2024-06-22T11:09:09.765+0000] {dagbag.py:540} INFO - Filling up the DagBag from /home/airflow/.local/lib/python3.12/site-packages/airflow/example_dags/tutorial.py
[2024-06-22T11:09:09.812+0000] {processor.py:840} INFO - DAG(s) 'tutorial' retrieved from /home/airflow/.local/lib/python3.12/site-packages/airflow/example_dags/tutorial.py
[2024-06-22T11:09:09.951+0000] {logging_mixin.py:188} INFO - [2024-06-22T11:09:09.951+0000] {dag.py:3096} INFO - Sync 1 DAGs
[2024-06-22T11:09:10.101+0000] {logging_mixin.py:188} INFO - [2024-06-22T11:09:10.100+0000] {dag.py:3954} INFO - Setting next_dagrun for tutorial to 2024-06-21 00:00:00+00:00, run_after=2024-06-22 00:00:00+00:00
[2024-06-22T11:09:10.155+0000] {processor.py:183} INFO - Processing /home/airflow/.local/lib/python3.12/site-packages/airflow/example_dags/tutorial.py took 0.474 seconds
[2024-06-22T11:09:40.349+0000] {processor.py:161} INFO - Started process (PID=548) to work on /home/airflow/.local/lib/python3.12/site-packages/airflow/example_dags/tutorial.py
[2024-06-22T11:09:40.352+0000] {processor.py:830} INFO - Processing file /home/airflow/.local/lib/python3.12/site-packages/airflow/example_dags/tutorial.py for tasks to queue
[2024-06-22T11:09:40.359+0000] {logging_mixin.py:188} INFO - [2024-06-22T11:09:40.358+0000] {dagbag.py:540} INFO - Filling up the DagBag from /home/airflow/.local/lib/python3.12/site-packages/airflow/example_dags/tutorial.py
[2024-06-22T11:09:40.380+0000] {processor.py:840} INFO - DAG(s) 'tutorial' retrieved from /home/airflow/.local/lib/python3.12/site-packages/airflow/example_dags/tutorial.py
[2024-06-22T11:09:40.426+0000] {logging_mixin.py:188} INFO - [2024-06-22T11:09:40.426+0000] {dag.py:3096} INFO - Sync 1 DAGs
[2024-06-22T11:09:40.473+0000] {logging_mixin.py:188} INFO - [2024-06-22T11:09:40.472+0000] {dag.py:3954} INFO - Setting next_dagrun for tutorial to 2024-06-21 00:00:00+00:00, run_after=2024-06-22 00:00:00+00:00
[2024-06-22T11:09:40.530+0000] {processor.py:183} INFO - Processing /home/airflow/.local/lib/python3.12/site-packages/airflow/example_dags/tutorial.py took 0.203 seconds
[2024-06-22T11:10:11.045+0000] {processor.py:161} INFO - Started process (PID=609) to work on /home/airflow/.local/lib/python3.12/site-packages/airflow/example_dags/tutorial.py
[2024-06-22T11:10:11.048+0000] {processor.py:830} INFO - Processing file /home/airflow/.local/lib/python3.12/site-packages/airflow/example_dags/tutorial.py for tasks to queue
[2024-06-22T11:10:11.052+0000] {logging_mixin.py:188} INFO - [2024-06-22T11:10:11.051+0000] {dagbag.py:540} INFO - Filling up the DagBag from /home/airflow/.local/lib/python3.12/site-packages/airflow/example_dags/tutorial.py
[2024-06-22T11:10:11.065+0000] {processor.py:840} INFO - DAG(s) 'tutorial' retrieved from /home/airflow/.local/lib/python3.12/site-packages/airflow/example_dags/tutorial.py
[2024-06-22T11:10:11.099+0000] {logging_mixin.py:188} INFO - [2024-06-22T11:10:11.098+0000] {dag.py:3096} INFO - Sync 1 DAGs
[2024-06-22T11:10:11.132+0000] {logging_mixin.py:188} INFO - [2024-06-22T11:10:11.132+0000] {dag.py:3954} INFO - Setting next_dagrun for tutorial to 2024-06-21 00:00:00+00:00, run_after=2024-06-22 00:00:00+00:00
[2024-06-22T11:10:11.161+0000] {processor.py:183} INFO - Processing /home/airflow/.local/lib/python3.12/site-packages/airflow/example_dags/tutorial.py took 0.125 seconds
[2024-06-22T11:10:41.426+0000] {processor.py:161} INFO - Started process (PID=667) to work on /home/airflow/.local/lib/python3.12/site-packages/airflow/example_dags/tutorial.py
[2024-06-22T11:10:41.432+0000] {processor.py:830} INFO - Processing file /home/airflow/.local/lib/python3.12/site-packages/airflow/example_dags/tutorial.py for tasks to queue
[2024-06-22T11:10:41.448+0000] {logging_mixin.py:188} INFO - [2024-06-22T11:10:41.445+0000] {dagbag.py:540} INFO - Filling up the DagBag from /home/airflow/.local/lib/python3.12/site-packages/airflow/example_dags/tutorial.py
[2024-06-22T11:10:41.471+0000] {processor.py:840} INFO - DAG(s) 'tutorial' retrieved from /home/airflow/.local/lib/python3.12/site-packages/airflow/example_dags/tutorial.py
[2024-06-22T11:10:41.586+0000] {logging_mixin.py:188} INFO - [2024-06-22T11:10:41.586+0000] {dag.py:3096} INFO - Sync 1 DAGs
[2024-06-22T11:10:41.660+0000] {logging_mixin.py:188} INFO - [2024-06-22T11:10:41.660+0000] {dag.py:3954} INFO - Setting next_dagrun for tutorial to 2024-06-21 00:00:00+00:00, run_after=2024-06-22 00:00:00+00:00
[2024-06-22T11:10:41.753+0000] {processor.py:183} INFO - Processing /home/airflow/.local/lib/python3.12/site-packages/airflow/example_dags/tutorial.py took 0.344 seconds
[2024-06-22T11:11:23.136+0000] {processor.py:161} INFO - Started process (PID=740) to work on /home/airflow/.local/lib/python3.12/site-packages/airflow/example_dags/tutorial.py
[2024-06-22T11:11:23.146+0000] {processor.py:830} INFO - Processing file /home/airflow/.local/lib/python3.12/site-packages/airflow/example_dags/tutorial.py for tasks to queue
[2024-06-22T11:11:23.157+0000] {logging_mixin.py:188} INFO - [2024-06-22T11:11:23.156+0000] {dagbag.py:540} INFO - Filling up the DagBag from /home/airflow/.local/lib/python3.12/site-packages/airflow/example_dags/tutorial.py
[2024-06-22T11:11:23.188+0000] {processor.py:840} INFO - DAG(s) 'tutorial' retrieved from /home/airflow/.local/lib/python3.12/site-packages/airflow/example_dags/tutorial.py
[2024-06-22T11:11:23.264+0000] {logging_mixin.py:188} INFO - [2024-06-22T11:11:23.264+0000] {dag.py:3096} INFO - Sync 1 DAGs
[2024-06-22T11:11:23.341+0000] {logging_mixin.py:188} INFO - [2024-06-22T11:11:23.340+0000] {dag.py:3954} INFO - Setting next_dagrun for tutorial to 2024-06-21 00:00:00+00:00, run_after=2024-06-22 00:00:00+00:00
[2024-06-22T11:11:23.428+0000] {processor.py:183} INFO - Processing /home/airflow/.local/lib/python3.12/site-packages/airflow/example_dags/tutorial.py took 0.321 seconds
[2024-06-22T11:12:13.902+0000] {processor.py:161} INFO - Started process (PID=811) to work on /home/airflow/.local/lib/python3.12/site-packages/airflow/example_dags/tutorial.py
[2024-06-22T11:12:13.911+0000] {processor.py:830} INFO - Processing file /home/airflow/.local/lib/python3.12/site-packages/airflow/example_dags/tutorial.py for tasks to queue
[2024-06-22T11:12:13.934+0000] {logging_mixin.py:188} INFO - [2024-06-22T11:12:13.933+0000] {dagbag.py:540} INFO - Filling up the DagBag from /home/airflow/.local/lib/python3.12/site-packages/airflow/example_dags/tutorial.py
[2024-06-22T11:12:14.013+0000] {processor.py:840} INFO - DAG(s) 'tutorial' retrieved from /home/airflow/.local/lib/python3.12/site-packages/airflow/example_dags/tutorial.py
[2024-06-22T11:12:14.279+0000] {logging_mixin.py:188} INFO - [2024-06-22T11:12:14.276+0000] {dag.py:3096} INFO - Sync 1 DAGs
[2024-06-22T11:12:14.502+0000] {logging_mixin.py:188} INFO - [2024-06-22T11:12:14.497+0000] {dag.py:3954} INFO - Setting next_dagrun for tutorial to 2024-06-21 00:00:00+00:00, run_after=2024-06-22 00:00:00+00:00
[2024-06-22T11:12:14.637+0000] {processor.py:183} INFO - Processing /home/airflow/.local/lib/python3.12/site-packages/airflow/example_dags/tutorial.py took 0.817 seconds
[2024-06-22T11:12:48.607+0000] {processor.py:161} INFO - Started process (PID=875) to work on /home/airflow/.local/lib/python3.12/site-packages/airflow/example_dags/tutorial.py
[2024-06-22T11:12:48.614+0000] {processor.py:830} INFO - Processing file /home/airflow/.local/lib/python3.12/site-packages/airflow/example_dags/tutorial.py for tasks to queue
[2024-06-22T11:12:48.622+0000] {logging_mixin.py:188} INFO - [2024-06-22T11:12:48.621+0000] {dagbag.py:540} INFO - Filling up the DagBag from /home/airflow/.local/lib/python3.12/site-packages/airflow/example_dags/tutorial.py
[2024-06-22T11:12:48.672+0000] {processor.py:840} INFO - DAG(s) 'tutorial' retrieved from /home/airflow/.local/lib/python3.12/site-packages/airflow/example_dags/tutorial.py
[2024-06-22T11:12:48.751+0000] {logging_mixin.py:188} INFO - [2024-06-22T11:12:48.750+0000] {dag.py:3096} INFO - Sync 1 DAGs
[2024-06-22T11:12:49.249+0000] {logging_mixin.py:188} INFO - [2024-06-22T11:12:49.249+0000] {dag.py:3954} INFO - Setting next_dagrun for tutorial to 2024-06-21 00:00:00+00:00, run_after=2024-06-22 00:00:00+00:00
[2024-06-22T11:12:49.318+0000] {processor.py:183} INFO - Processing /home/airflow/.local/lib/python3.12/site-packages/airflow/example_dags/tutorial.py took 0.784 seconds
[2024-06-22T11:13:19.988+0000] {processor.py:161} INFO - Started process (PID=935) to work on /home/airflow/.local/lib/python3.12/site-packages/airflow/example_dags/tutorial.py
[2024-06-22T11:13:19.991+0000] {processor.py:830} INFO - Processing file /home/airflow/.local/lib/python3.12/site-packages/airflow/example_dags/tutorial.py for tasks to queue
[2024-06-22T11:13:20.001+0000] {logging_mixin.py:188} INFO - [2024-06-22T11:13:20.000+0000] {dagbag.py:540} INFO - Filling up the DagBag from /home/airflow/.local/lib/python3.12/site-packages/airflow/example_dags/tutorial.py
[2024-06-22T11:13:20.029+0000] {processor.py:840} INFO - DAG(s) 'tutorial' retrieved from /home/airflow/.local/lib/python3.12/site-packages/airflow/example_dags/tutorial.py
[2024-06-22T11:13:20.142+0000] {logging_mixin.py:188} INFO - [2024-06-22T11:13:20.141+0000] {dag.py:3096} INFO - Sync 1 DAGs
[2024-06-22T11:13:20.241+0000] {logging_mixin.py:188} INFO - [2024-06-22T11:13:20.240+0000] {dag.py:3954} INFO - Setting next_dagrun for tutorial to 2024-06-21 00:00:00+00:00, run_after=2024-06-22 00:00:00+00:00
[2024-06-22T11:13:20.649+0000] {processor.py:183} INFO - Processing /home/airflow/.local/lib/python3.12/site-packages/airflow/example_dags/tutorial.py took 0.682 seconds
[2024-06-22T11:14:02.566+0000] {processor.py:161} INFO - Started process (PID=1001) to work on /home/airflow/.local/lib/python3.12/site-packages/airflow/example_dags/tutorial.py
[2024-06-22T11:14:02.568+0000] {processor.py:830} INFO - Processing file /home/airflow/.local/lib/python3.12/site-packages/airflow/example_dags/tutorial.py for tasks to queue
[2024-06-22T11:14:02.580+0000] {logging_mixin.py:188} INFO - [2024-06-22T11:14:02.580+0000] {dagbag.py:540} INFO - Filling up the DagBag from /home/airflow/.local/lib/python3.12/site-packages/airflow/example_dags/tutorial.py
[2024-06-22T11:14:02.599+0000] {processor.py:840} INFO - DAG(s) 'tutorial' retrieved from /home/airflow/.local/lib/python3.12/site-packages/airflow/example_dags/tutorial.py
[2024-06-22T11:14:02.662+0000] {logging_mixin.py:188} INFO - [2024-06-22T11:14:02.661+0000] {dag.py:3096} INFO - Sync 1 DAGs
[2024-06-22T11:14:02.736+0000] {logging_mixin.py:188} INFO - [2024-06-22T11:14:02.735+0000] {dag.py:3954} INFO - Setting next_dagrun for tutorial to 2024-06-21 00:00:00+00:00, run_after=2024-06-22 00:00:00+00:00
[2024-06-22T11:14:02.804+0000] {processor.py:183} INFO - Processing /home/airflow/.local/lib/python3.12/site-packages/airflow/example_dags/tutorial.py took 0.282 seconds
[2024-06-22T11:14:47.425+0000] {processor.py:161} INFO - Started process (PID=1064) to work on /home/airflow/.local/lib/python3.12/site-packages/airflow/example_dags/tutorial.py
[2024-06-22T11:14:47.429+0000] {processor.py:830} INFO - Processing file /home/airflow/.local/lib/python3.12/site-packages/airflow/example_dags/tutorial.py for tasks to queue
[2024-06-22T11:14:47.444+0000] {logging_mixin.py:188} INFO - [2024-06-22T11:14:47.442+0000] {dagbag.py:540} INFO - Filling up the DagBag from /home/airflow/.local/lib/python3.12/site-packages/airflow/example_dags/tutorial.py
[2024-06-22T11:14:47.523+0000] {processor.py:840} INFO - DAG(s) 'tutorial' retrieved from /home/airflow/.local/lib/python3.12/site-packages/airflow/example_dags/tutorial.py
[2024-06-22T11:14:47.695+0000] {logging_mixin.py:188} INFO - [2024-06-22T11:14:47.695+0000] {dag.py:3096} INFO - Sync 1 DAGs
[2024-06-22T11:14:47.874+0000] {logging_mixin.py:188} INFO - [2024-06-22T11:14:47.874+0000] {dag.py:3954} INFO - Setting next_dagrun for tutorial to 2024-06-21 00:00:00+00:00, run_after=2024-06-22 00:00:00+00:00
[2024-06-22T11:14:48.262+0000] {processor.py:183} INFO - Processing /home/airflow/.local/lib/python3.12/site-packages/airflow/example_dags/tutorial.py took 0.875 seconds
[2024-06-22T11:15:23.211+0000] {processor.py:161} INFO - Started process (PID=1129) to work on /home/airflow/.local/lib/python3.12/site-packages/airflow/example_dags/tutorial.py
[2024-06-22T11:15:23.223+0000] {processor.py:830} INFO - Processing file /home/airflow/.local/lib/python3.12/site-packages/airflow/example_dags/tutorial.py for tasks to queue
[2024-06-22T11:15:23.243+0000] {logging_mixin.py:188} INFO - [2024-06-22T11:15:23.241+0000] {dagbag.py:540} INFO - Filling up the DagBag from /home/airflow/.local/lib/python3.12/site-packages/airflow/example_dags/tutorial.py
[2024-06-22T11:15:23.274+0000] {processor.py:840} INFO - DAG(s) 'tutorial' retrieved from /home/airflow/.local/lib/python3.12/site-packages/airflow/example_dags/tutorial.py
[2024-06-22T11:15:23.500+0000] {logging_mixin.py:188} INFO - [2024-06-22T11:15:23.500+0000] {dag.py:3096} INFO - Sync 1 DAGs
[2024-06-22T11:15:23.684+0000] {logging_mixin.py:188} INFO - [2024-06-22T11:15:23.684+0000] {dag.py:3954} INFO - Setting next_dagrun for tutorial to 2024-06-21 00:00:00+00:00, run_after=2024-06-22 00:00:00+00:00
[2024-06-22T11:15:24.071+0000] {processor.py:183} INFO - Processing /home/airflow/.local/lib/python3.12/site-packages/airflow/example_dags/tutorial.py took 0.881 seconds
[2024-06-22T11:15:54.320+0000] {processor.py:161} INFO - Started process (PID=1188) to work on /home/airflow/.local/lib/python3.12/site-packages/airflow/example_dags/tutorial.py
[2024-06-22T11:15:54.332+0000] {processor.py:830} INFO - Processing file /home/airflow/.local/lib/python3.12/site-packages/airflow/example_dags/tutorial.py for tasks to queue
[2024-06-22T11:15:54.344+0000] {logging_mixin.py:188} INFO - [2024-06-22T11:15:54.343+0000] {dagbag.py:540} INFO - Filling up the DagBag from /home/airflow/.local/lib/python3.12/site-packages/airflow/example_dags/tutorial.py
[2024-06-22T11:15:54.360+0000] {processor.py:840} INFO - DAG(s) 'tutorial' retrieved from /home/airflow/.local/lib/python3.12/site-packages/airflow/example_dags/tutorial.py
[2024-06-22T11:15:54.422+0000] {logging_mixin.py:188} INFO - [2024-06-22T11:15:54.420+0000] {dag.py:3096} INFO - Sync 1 DAGs
[2024-06-22T11:15:54.495+0000] {logging_mixin.py:188} INFO - [2024-06-22T11:15:54.495+0000] {dag.py:3954} INFO - Setting next_dagrun for tutorial to 2024-06-21 00:00:00+00:00, run_after=2024-06-22 00:00:00+00:00
[2024-06-22T11:15:54.803+0000] {processor.py:183} INFO - Processing /home/airflow/.local/lib/python3.12/site-packages/airflow/example_dags/tutorial.py took 0.510 seconds
[2024-06-22T11:16:35.220+0000] {processor.py:161} INFO - Started process (PID=1252) to work on /home/airflow/.local/lib/python3.12/site-packages/airflow/example_dags/tutorial.py
[2024-06-22T11:16:35.237+0000] {processor.py:830} INFO - Processing file /home/airflow/.local/lib/python3.12/site-packages/airflow/example_dags/tutorial.py for tasks to queue
[2024-06-22T11:16:35.274+0000] {logging_mixin.py:188} INFO - [2024-06-22T11:16:35.263+0000] {dagbag.py:540} INFO - Filling up the DagBag from /home/airflow/.local/lib/python3.12/site-packages/airflow/example_dags/tutorial.py
[2024-06-22T11:16:35.378+0000] {processor.py:840} INFO - DAG(s) 'tutorial' retrieved from /home/airflow/.local/lib/python3.12/site-packages/airflow/example_dags/tutorial.py
[2024-06-22T11:16:35.668+0000] {logging_mixin.py:188} INFO - [2024-06-22T11:16:35.659+0000] {dag.py:3096} INFO - Sync 1 DAGs
[2024-06-22T11:16:35.960+0000] {logging_mixin.py:188} INFO - [2024-06-22T11:16:35.959+0000] {dag.py:3954} INFO - Setting next_dagrun for tutorial to 2024-06-21 00:00:00+00:00, run_after=2024-06-22 00:00:00+00:00
[2024-06-22T11:16:36.966+0000] {processor.py:183} INFO - Processing /home/airflow/.local/lib/python3.12/site-packages/airflow/example_dags/tutorial.py took 1.803 seconds
[2024-06-22T11:17:08.377+0000] {processor.py:161} INFO - Started process (PID=1312) to work on /home/airflow/.local/lib/python3.12/site-packages/airflow/example_dags/tutorial.py
[2024-06-22T11:17:08.392+0000] {processor.py:830} INFO - Processing file /home/airflow/.local/lib/python3.12/site-packages/airflow/example_dags/tutorial.py for tasks to queue
[2024-06-22T11:17:08.422+0000] {logging_mixin.py:188} INFO - [2024-06-22T11:17:08.421+0000] {dagbag.py:540} INFO - Filling up the DagBag from /home/airflow/.local/lib/python3.12/site-packages/airflow/example_dags/tutorial.py
[2024-06-22T11:17:08.498+0000] {processor.py:840} INFO - DAG(s) 'tutorial' retrieved from /home/airflow/.local/lib/python3.12/site-packages/airflow/example_dags/tutorial.py
[2024-06-22T11:17:08.754+0000] {logging_mixin.py:188} INFO - [2024-06-22T11:17:08.754+0000] {dag.py:3096} INFO - Sync 1 DAGs
[2024-06-22T11:17:09.001+0000] {logging_mixin.py:188} INFO - [2024-06-22T11:17:08.992+0000] {dag.py:3954} INFO - Setting next_dagrun for tutorial to 2024-06-21 00:00:00+00:00, run_after=2024-06-22 00:00:00+00:00
[2024-06-22T11:17:09.223+0000] {processor.py:183} INFO - Processing /home/airflow/.local/lib/python3.12/site-packages/airflow/example_dags/tutorial.py took 0.892 seconds
[2024-06-22T11:17:40.698+0000] {processor.py:161} INFO - Started process (PID=1372) to work on /home/airflow/.local/lib/python3.12/site-packages/airflow/example_dags/tutorial.py
[2024-06-22T11:17:40.718+0000] {processor.py:830} INFO - Processing file /home/airflow/.local/lib/python3.12/site-packages/airflow/example_dags/tutorial.py for tasks to queue
[2024-06-22T11:17:40.777+0000] {logging_mixin.py:188} INFO - [2024-06-22T11:17:40.772+0000] {dagbag.py:540} INFO - Filling up the DagBag from /home/airflow/.local/lib/python3.12/site-packages/airflow/example_dags/tutorial.py
[2024-06-22T11:17:40.837+0000] {processor.py:840} INFO - DAG(s) 'tutorial' retrieved from /home/airflow/.local/lib/python3.12/site-packages/airflow/example_dags/tutorial.py
[2024-06-22T11:17:41.046+0000] {logging_mixin.py:188} INFO - [2024-06-22T11:17:41.036+0000] {dag.py:3096} INFO - Sync 1 DAGs
[2024-06-22T11:17:41.338+0000] {logging_mixin.py:188} INFO - [2024-06-22T11:17:41.324+0000] {dag.py:3954} INFO - Setting next_dagrun for tutorial to 2024-06-21 00:00:00+00:00, run_after=2024-06-22 00:00:00+00:00
[2024-06-22T11:17:41.590+0000] {processor.py:183} INFO - Processing /home/airflow/.local/lib/python3.12/site-packages/airflow/example_dags/tutorial.py took 0.956 seconds
[2024-06-22T11:18:12.137+0000] {processor.py:161} INFO - Started process (PID=1429) to work on /home/airflow/.local/lib/python3.12/site-packages/airflow/example_dags/tutorial.py
[2024-06-22T11:18:12.146+0000] {processor.py:830} INFO - Processing file /home/airflow/.local/lib/python3.12/site-packages/airflow/example_dags/tutorial.py for tasks to queue
[2024-06-22T11:18:12.163+0000] {logging_mixin.py:188} INFO - [2024-06-22T11:18:12.161+0000] {dagbag.py:540} INFO - Filling up the DagBag from /home/airflow/.local/lib/python3.12/site-packages/airflow/example_dags/tutorial.py
[2024-06-22T11:18:12.183+0000] {processor.py:840} INFO - DAG(s) 'tutorial' retrieved from /home/airflow/.local/lib/python3.12/site-packages/airflow/example_dags/tutorial.py
[2024-06-22T11:18:12.239+0000] {logging_mixin.py:188} INFO - [2024-06-22T11:18:12.238+0000] {dag.py:3096} INFO - Sync 1 DAGs
[2024-06-22T11:18:12.290+0000] {logging_mixin.py:188} INFO - [2024-06-22T11:18:12.290+0000] {dag.py:3954} INFO - Setting next_dagrun for tutorial to 2024-06-21 00:00:00+00:00, run_after=2024-06-22 00:00:00+00:00
[2024-06-22T11:18:12.332+0000] {processor.py:183} INFO - Processing /home/airflow/.local/lib/python3.12/site-packages/airflow/example_dags/tutorial.py took 0.219 seconds
[2024-06-22T11:18:44.937+0000] {processor.py:161} INFO - Started process (PID=1487) to work on /home/airflow/.local/lib/python3.12/site-packages/airflow/example_dags/tutorial.py
[2024-06-22T11:18:44.951+0000] {processor.py:830} INFO - Processing file /home/airflow/.local/lib/python3.12/site-packages/airflow/example_dags/tutorial.py for tasks to queue
[2024-06-22T11:18:44.969+0000] {logging_mixin.py:188} INFO - [2024-06-22T11:18:44.968+0000] {dagbag.py:540} INFO - Filling up the DagBag from /home/airflow/.local/lib/python3.12/site-packages/airflow/example_dags/tutorial.py
[2024-06-22T11:18:45.014+0000] {processor.py:840} INFO - DAG(s) 'tutorial' retrieved from /home/airflow/.local/lib/python3.12/site-packages/airflow/example_dags/tutorial.py
[2024-06-22T11:18:45.200+0000] {logging_mixin.py:188} INFO - [2024-06-22T11:18:45.192+0000] {dag.py:3096} INFO - Sync 1 DAGs
[2024-06-22T11:18:45.404+0000] {logging_mixin.py:188} INFO - [2024-06-22T11:18:45.397+0000] {dag.py:3954} INFO - Setting next_dagrun for tutorial to 2024-06-21 00:00:00+00:00, run_after=2024-06-22 00:00:00+00:00
[2024-06-22T11:18:45.561+0000] {processor.py:183} INFO - Processing /home/airflow/.local/lib/python3.12/site-packages/airflow/example_dags/tutorial.py took 0.716 seconds
[2024-06-22T11:19:27.789+0000] {processor.py:161} INFO - Started process (PID=1556) to work on /home/airflow/.local/lib/python3.12/site-packages/airflow/example_dags/tutorial.py
[2024-06-22T11:19:27.808+0000] {processor.py:830} INFO - Processing file /home/airflow/.local/lib/python3.12/site-packages/airflow/example_dags/tutorial.py for tasks to queue
[2024-06-22T11:19:27.824+0000] {logging_mixin.py:188} INFO - [2024-06-22T11:19:27.823+0000] {dagbag.py:540} INFO - Filling up the DagBag from /home/airflow/.local/lib/python3.12/site-packages/airflow/example_dags/tutorial.py
[2024-06-22T11:19:27.923+0000] {processor.py:840} INFO - DAG(s) 'tutorial' retrieved from /home/airflow/.local/lib/python3.12/site-packages/airflow/example_dags/tutorial.py
[2024-06-22T11:19:28.094+0000] {logging_mixin.py:188} INFO - [2024-06-22T11:19:28.094+0000] {dag.py:3096} INFO - Sync 1 DAGs
[2024-06-22T11:19:28.319+0000] {logging_mixin.py:188} INFO - [2024-06-22T11:19:28.312+0000] {dag.py:3954} INFO - Setting next_dagrun for tutorial to 2024-06-21 00:00:00+00:00, run_after=2024-06-22 00:00:00+00:00
[2024-06-22T11:19:28.498+0000] {processor.py:183} INFO - Processing /home/airflow/.local/lib/python3.12/site-packages/airflow/example_dags/tutorial.py took 0.790 seconds
[2024-06-22T11:20:02.499+0000] {processor.py:161} INFO - Started process (PID=1613) to work on /home/airflow/.local/lib/python3.12/site-packages/airflow/example_dags/tutorial.py
[2024-06-22T11:20:02.503+0000] {processor.py:830} INFO - Processing file /home/airflow/.local/lib/python3.12/site-packages/airflow/example_dags/tutorial.py for tasks to queue
[2024-06-22T11:20:02.533+0000] {logging_mixin.py:188} INFO - [2024-06-22T11:20:02.523+0000] {dagbag.py:540} INFO - Filling up the DagBag from /home/airflow/.local/lib/python3.12/site-packages/airflow/example_dags/tutorial.py
[2024-06-22T11:20:02.566+0000] {processor.py:840} INFO - DAG(s) 'tutorial' retrieved from /home/airflow/.local/lib/python3.12/site-packages/airflow/example_dags/tutorial.py
[2024-06-22T11:20:02.617+0000] {logging_mixin.py:188} INFO - [2024-06-22T11:20:02.617+0000] {dag.py:3096} INFO - Sync 1 DAGs
[2024-06-22T11:20:02.702+0000] {logging_mixin.py:188} INFO - [2024-06-22T11:20:02.701+0000] {dag.py:3954} INFO - Setting next_dagrun for tutorial to 2024-06-21 00:00:00+00:00, run_after=2024-06-22 00:00:00+00:00
[2024-06-22T11:20:02.759+0000] {processor.py:183} INFO - Processing /home/airflow/.local/lib/python3.12/site-packages/airflow/example_dags/tutorial.py took 0.285 seconds
[2024-06-22T11:20:34.311+0000] {processor.py:161} INFO - Started process (PID=1673) to work on /home/airflow/.local/lib/python3.12/site-packages/airflow/example_dags/tutorial.py
[2024-06-22T11:20:34.315+0000] {processor.py:830} INFO - Processing file /home/airflow/.local/lib/python3.12/site-packages/airflow/example_dags/tutorial.py for tasks to queue
[2024-06-22T11:20:34.320+0000] {logging_mixin.py:188} INFO - [2024-06-22T11:20:34.319+0000] {dagbag.py:540} INFO - Filling up the DagBag from /home/airflow/.local/lib/python3.12/site-packages/airflow/example_dags/tutorial.py
[2024-06-22T11:20:34.335+0000] {processor.py:840} INFO - DAG(s) 'tutorial' retrieved from /home/airflow/.local/lib/python3.12/site-packages/airflow/example_dags/tutorial.py
[2024-06-22T11:20:34.389+0000] {logging_mixin.py:188} INFO - [2024-06-22T11:20:34.388+0000] {dag.py:3096} INFO - Sync 1 DAGs
[2024-06-22T11:20:34.443+0000] {logging_mixin.py:188} INFO - [2024-06-22T11:20:34.442+0000] {dag.py:3954} INFO - Setting next_dagrun for tutorial to 2024-06-21 00:00:00+00:00, run_after=2024-06-22 00:00:00+00:00
[2024-06-22T11:20:34.451+0000] {processor.py:183} INFO - Processing /home/airflow/.local/lib/python3.12/site-packages/airflow/example_dags/tutorial.py took 0.190 seconds
[2024-06-22T11:22:01.432+0000] {processor.py:161} INFO - Started process (PID=1769) to work on /home/airflow/.local/lib/python3.12/site-packages/airflow/example_dags/tutorial.py
[2024-06-22T11:22:01.435+0000] {processor.py:830} INFO - Processing file /home/airflow/.local/lib/python3.12/site-packages/airflow/example_dags/tutorial.py for tasks to queue
[2024-06-22T11:22:01.446+0000] {logging_mixin.py:188} INFO - [2024-06-22T11:22:01.444+0000] {dagbag.py:540} INFO - Filling up the DagBag from /home/airflow/.local/lib/python3.12/site-packages/airflow/example_dags/tutorial.py
[2024-06-22T11:22:01.475+0000] {processor.py:840} INFO - DAG(s) 'tutorial' retrieved from /home/airflow/.local/lib/python3.12/site-packages/airflow/example_dags/tutorial.py
[2024-06-22T11:22:01.533+0000] {logging_mixin.py:188} INFO - [2024-06-22T11:22:01.533+0000] {dag.py:3096} INFO - Sync 1 DAGs
[2024-06-22T11:22:01.585+0000] {logging_mixin.py:188} INFO - [2024-06-22T11:22:01.585+0000] {dag.py:3954} INFO - Setting next_dagrun for tutorial to 2024-06-21 00:00:00+00:00, run_after=2024-06-22 00:00:00+00:00
[2024-06-22T11:22:01.641+0000] {processor.py:183} INFO - Processing /home/airflow/.local/lib/python3.12/site-packages/airflow/example_dags/tutorial.py took 0.227 seconds
[2024-06-22T11:22:34.386+0000] {processor.py:161} INFO - Started process (PID=1828) to work on /home/airflow/.local/lib/python3.12/site-packages/airflow/example_dags/tutorial.py
[2024-06-22T11:22:34.390+0000] {processor.py:830} INFO - Processing file /home/airflow/.local/lib/python3.12/site-packages/airflow/example_dags/tutorial.py for tasks to queue
[2024-06-22T11:22:34.399+0000] {logging_mixin.py:188} INFO - [2024-06-22T11:22:34.398+0000] {dagbag.py:540} INFO - Filling up the DagBag from /home/airflow/.local/lib/python3.12/site-packages/airflow/example_dags/tutorial.py
[2024-06-22T11:22:34.422+0000] {processor.py:840} INFO - DAG(s) 'tutorial' retrieved from /home/airflow/.local/lib/python3.12/site-packages/airflow/example_dags/tutorial.py
[2024-06-22T11:22:34.478+0000] {logging_mixin.py:188} INFO - [2024-06-22T11:22:34.478+0000] {dag.py:3096} INFO - Sync 1 DAGs
[2024-06-22T11:22:34.524+0000] {logging_mixin.py:188} INFO - [2024-06-22T11:22:34.523+0000] {dag.py:3954} INFO - Setting next_dagrun for tutorial to 2024-06-21 00:00:00+00:00, run_after=2024-06-22 00:00:00+00:00
[2024-06-22T11:22:34.552+0000] {processor.py:183} INFO - Processing /home/airflow/.local/lib/python3.12/site-packages/airflow/example_dags/tutorial.py took 0.190 seconds
[2024-06-22T11:23:09.308+0000] {processor.py:161} INFO - Started process (PID=1893) to work on /home/airflow/.local/lib/python3.12/site-packages/airflow/example_dags/tutorial.py
[2024-06-22T11:23:09.315+0000] {processor.py:830} INFO - Processing file /home/airflow/.local/lib/python3.12/site-packages/airflow/example_dags/tutorial.py for tasks to queue
[2024-06-22T11:23:09.337+0000] {logging_mixin.py:188} INFO - [2024-06-22T11:23:09.331+0000] {dagbag.py:540} INFO - Filling up the DagBag from /home/airflow/.local/lib/python3.12/site-packages/airflow/example_dags/tutorial.py
[2024-06-22T11:23:09.377+0000] {processor.py:840} INFO - DAG(s) 'tutorial' retrieved from /home/airflow/.local/lib/python3.12/site-packages/airflow/example_dags/tutorial.py
[2024-06-22T11:23:09.493+0000] {logging_mixin.py:188} INFO - [2024-06-22T11:23:09.493+0000] {dag.py:3096} INFO - Sync 1 DAGs
[2024-06-22T11:23:09.690+0000] {logging_mixin.py:188} INFO - [2024-06-22T11:23:09.688+0000] {dag.py:3954} INFO - Setting next_dagrun for tutorial to 2024-06-21 00:00:00+00:00, run_after=2024-06-22 00:00:00+00:00
[2024-06-22T11:23:09.813+0000] {processor.py:183} INFO - Processing /home/airflow/.local/lib/python3.12/site-packages/airflow/example_dags/tutorial.py took 0.559 seconds
[2024-06-22T11:23:40.375+0000] {processor.py:161} INFO - Started process (PID=1951) to work on /home/airflow/.local/lib/python3.12/site-packages/airflow/example_dags/tutorial.py
[2024-06-22T11:23:40.386+0000] {processor.py:830} INFO - Processing file /home/airflow/.local/lib/python3.12/site-packages/airflow/example_dags/tutorial.py for tasks to queue
[2024-06-22T11:23:40.405+0000] {logging_mixin.py:188} INFO - [2024-06-22T11:23:40.402+0000] {dagbag.py:540} INFO - Filling up the DagBag from /home/airflow/.local/lib/python3.12/site-packages/airflow/example_dags/tutorial.py
[2024-06-22T11:23:40.440+0000] {processor.py:840} INFO - DAG(s) 'tutorial' retrieved from /home/airflow/.local/lib/python3.12/site-packages/airflow/example_dags/tutorial.py
[2024-06-22T11:23:40.546+0000] {logging_mixin.py:188} INFO - [2024-06-22T11:23:40.545+0000] {dag.py:3096} INFO - Sync 1 DAGs
[2024-06-22T11:23:40.658+0000] {logging_mixin.py:188} INFO - [2024-06-22T11:23:40.657+0000] {dag.py:3954} INFO - Setting next_dagrun for tutorial to 2024-06-21 00:00:00+00:00, run_after=2024-06-22 00:00:00+00:00
[2024-06-22T11:23:40.755+0000] {processor.py:183} INFO - Processing /home/airflow/.local/lib/python3.12/site-packages/airflow/example_dags/tutorial.py took 0.424 seconds
[2024-06-22T11:24:10.979+0000] {processor.py:161} INFO - Started process (PID=2009) to work on /home/airflow/.local/lib/python3.12/site-packages/airflow/example_dags/tutorial.py
[2024-06-22T11:24:10.983+0000] {processor.py:830} INFO - Processing file /home/airflow/.local/lib/python3.12/site-packages/airflow/example_dags/tutorial.py for tasks to queue
[2024-06-22T11:24:10.988+0000] {logging_mixin.py:188} INFO - [2024-06-22T11:24:10.986+0000] {dagbag.py:540} INFO - Filling up the DagBag from /home/airflow/.local/lib/python3.12/site-packages/airflow/example_dags/tutorial.py
[2024-06-22T11:24:11.001+0000] {processor.py:840} INFO - DAG(s) 'tutorial' retrieved from /home/airflow/.local/lib/python3.12/site-packages/airflow/example_dags/tutorial.py
[2024-06-22T11:24:11.108+0000] {logging_mixin.py:188} INFO - [2024-06-22T11:24:11.103+0000] {dag.py:3096} INFO - Sync 1 DAGs
[2024-06-22T11:24:11.184+0000] {logging_mixin.py:188} INFO - [2024-06-22T11:24:11.183+0000] {dag.py:3954} INFO - Setting next_dagrun for tutorial to 2024-06-21 00:00:00+00:00, run_after=2024-06-22 00:00:00+00:00
[2024-06-22T11:24:11.228+0000] {processor.py:183} INFO - Processing /home/airflow/.local/lib/python3.12/site-packages/airflow/example_dags/tutorial.py took 0.266 seconds
