[2024-05-05T00:00:33.917+0000] {processor.py:161} INFO - Started process (PID=7596) to work on /home/airflow/.local/lib/python3.12/site-packages/airflow/example_dags/example_task_group_decorator.py
[2024-05-05T00:00:33.923+0000] {processor.py:830} INFO - Processing file /home/airflow/.local/lib/python3.12/site-packages/airflow/example_dags/example_task_group_decorator.py for tasks to queue
[2024-05-05T00:00:33.933+0000] {logging_mixin.py:188} INFO - [2024-05-05T00:00:33.929+0000] {dagbag.py:540} INFO - Filling up the DagBag from /home/airflow/.local/lib/python3.12/site-packages/airflow/example_dags/example_task_group_decorator.py
[2024-05-05T00:00:34.108+0000] {processor.py:840} INFO - DAG(s) 'example_task_group_decorator' retrieved from /home/airflow/.local/lib/python3.12/site-packages/airflow/example_dags/example_task_group_decorator.py
[2024-05-05T00:00:34.315+0000] {logging_mixin.py:188} INFO - [2024-05-05T00:00:34.315+0000] {dag.py:3096} INFO - Sync 1 DAGs
[2024-05-05T00:00:34.467+0000] {logging_mixin.py:188} INFO - [2024-05-05T00:00:34.466+0000] {dag.py:3954} INFO - Setting next_dagrun for example_task_group_decorator to 2024-05-04 00:00:00+00:00, run_after=2024-05-05 00:00:00+00:00
[2024-05-05T00:00:34.594+0000] {processor.py:183} INFO - Processing /home/airflow/.local/lib/python3.12/site-packages/airflow/example_dags/example_task_group_decorator.py took 0.728 seconds
[2024-05-05T00:01:05.531+0000] {processor.py:161} INFO - Started process (PID=7656) to work on /home/airflow/.local/lib/python3.12/site-packages/airflow/example_dags/example_task_group_decorator.py
[2024-05-05T00:01:05.533+0000] {processor.py:830} INFO - Processing file /home/airflow/.local/lib/python3.12/site-packages/airflow/example_dags/example_task_group_decorator.py for tasks to queue
[2024-05-05T00:01:05.535+0000] {logging_mixin.py:188} INFO - [2024-05-05T00:01:05.535+0000] {dagbag.py:540} INFO - Filling up the DagBag from /home/airflow/.local/lib/python3.12/site-packages/airflow/example_dags/example_task_group_decorator.py
[2024-05-05T00:01:05.567+0000] {processor.py:840} INFO - DAG(s) 'example_task_group_decorator' retrieved from /home/airflow/.local/lib/python3.12/site-packages/airflow/example_dags/example_task_group_decorator.py
[2024-05-05T00:01:05.617+0000] {logging_mixin.py:188} INFO - [2024-05-05T00:01:05.617+0000] {dag.py:3096} INFO - Sync 1 DAGs
[2024-05-05T00:01:05.654+0000] {logging_mixin.py:188} INFO - [2024-05-05T00:01:05.653+0000] {dag.py:3954} INFO - Setting next_dagrun for example_task_group_decorator to 2024-05-04 00:00:00+00:00, run_after=2024-05-05 00:00:00+00:00
[2024-05-05T00:01:05.712+0000] {processor.py:183} INFO - Processing /home/airflow/.local/lib/python3.12/site-packages/airflow/example_dags/example_task_group_decorator.py took 0.192 seconds
[2024-05-05T00:32:54.707+0000] {processor.py:161} INFO - Started process (PID=7727) to work on /home/airflow/.local/lib/python3.12/site-packages/airflow/example_dags/example_task_group_decorator.py
[2024-05-05T00:32:54.738+0000] {processor.py:830} INFO - Processing file /home/airflow/.local/lib/python3.12/site-packages/airflow/example_dags/example_task_group_decorator.py for tasks to queue
[2024-05-05T00:32:54.760+0000] {logging_mixin.py:188} INFO - [2024-05-05T00:32:54.757+0000] {dagbag.py:540} INFO - Filling up the DagBag from /home/airflow/.local/lib/python3.12/site-packages/airflow/example_dags/example_task_group_decorator.py
[2024-05-05T00:32:55.664+0000] {processor.py:840} INFO - DAG(s) 'example_task_group_decorator' retrieved from /home/airflow/.local/lib/python3.12/site-packages/airflow/example_dags/example_task_group_decorator.py
[2024-05-05T00:32:57.189+0000] {logging_mixin.py:188} INFO - [2024-05-05T00:32:57.187+0000] {dag.py:3096} INFO - Sync 1 DAGs
[2024-05-05T00:32:58.306+0000] {logging_mixin.py:188} INFO - [2024-05-05T00:32:58.298+0000] {dag.py:3954} INFO - Setting next_dagrun for example_task_group_decorator to 2024-05-04 00:00:00+00:00, run_after=2024-05-05 00:00:00+00:00
[2024-05-05T00:32:59.077+0000] {processor.py:183} INFO - Processing /home/airflow/.local/lib/python3.12/site-packages/airflow/example_dags/example_task_group_decorator.py took 4.915 seconds
[2024-05-05T00:51:40.918+0000] {processor.py:161} INFO - Started process (PID=7810) to work on /home/airflow/.local/lib/python3.12/site-packages/airflow/example_dags/example_task_group_decorator.py
[2024-05-05T00:51:40.938+0000] {processor.py:830} INFO - Processing file /home/airflow/.local/lib/python3.12/site-packages/airflow/example_dags/example_task_group_decorator.py for tasks to queue
[2024-05-05T00:51:40.952+0000] {logging_mixin.py:188} INFO - [2024-05-05T00:51:40.949+0000] {dagbag.py:540} INFO - Filling up the DagBag from /home/airflow/.local/lib/python3.12/site-packages/airflow/example_dags/example_task_group_decorator.py
[2024-05-05T00:51:42.148+0000] {processor.py:840} INFO - DAG(s) 'example_task_group_decorator' retrieved from /home/airflow/.local/lib/python3.12/site-packages/airflow/example_dags/example_task_group_decorator.py
[2024-05-05T00:51:42.752+0000] {logging_mixin.py:188} INFO - [2024-05-05T00:51:42.740+0000] {dag.py:3096} INFO - Sync 1 DAGs
[2024-05-05T00:51:44.273+0000] {logging_mixin.py:188} INFO - [2024-05-05T00:51:44.269+0000] {dag.py:3954} INFO - Setting next_dagrun for example_task_group_decorator to 2024-05-04 00:00:00+00:00, run_after=2024-05-05 00:00:00+00:00
[2024-05-05T00:51:44.611+0000] {processor.py:183} INFO - Processing /home/airflow/.local/lib/python3.12/site-packages/airflow/example_dags/example_task_group_decorator.py took 3.862 seconds
[2024-05-05T00:53:23.363+0000] {processor.py:161} INFO - Started process (PID=7894) to work on /home/airflow/.local/lib/python3.12/site-packages/airflow/example_dags/example_task_group_decorator.py
[2024-05-05T00:53:23.372+0000] {processor.py:830} INFO - Processing file /home/airflow/.local/lib/python3.12/site-packages/airflow/example_dags/example_task_group_decorator.py for tasks to queue
[2024-05-05T00:53:23.379+0000] {logging_mixin.py:188} INFO - [2024-05-05T00:53:23.378+0000] {dagbag.py:540} INFO - Filling up the DagBag from /home/airflow/.local/lib/python3.12/site-packages/airflow/example_dags/example_task_group_decorator.py
[2024-05-05T00:53:23.481+0000] {processor.py:840} INFO - DAG(s) 'example_task_group_decorator' retrieved from /home/airflow/.local/lib/python3.12/site-packages/airflow/example_dags/example_task_group_decorator.py
[2024-05-05T00:53:23.607+0000] {logging_mixin.py:188} INFO - [2024-05-05T00:53:23.603+0000] {dag.py:3096} INFO - Sync 1 DAGs
[2024-05-05T00:53:23.718+0000] {logging_mixin.py:188} INFO - [2024-05-05T00:53:23.717+0000] {dag.py:3954} INFO - Setting next_dagrun for example_task_group_decorator to 2024-05-04 00:00:00+00:00, run_after=2024-05-05 00:00:00+00:00
[2024-05-05T00:53:23.839+0000] {processor.py:183} INFO - Processing /home/airflow/.local/lib/python3.12/site-packages/airflow/example_dags/example_task_group_decorator.py took 0.507 seconds
[2024-05-05T01:11:17.176+0000] {processor.py:161} INFO - Started process (PID=7958) to work on /home/airflow/.local/lib/python3.12/site-packages/airflow/example_dags/example_task_group_decorator.py
[2024-05-05T01:11:17.217+0000] {processor.py:830} INFO - Processing file /home/airflow/.local/lib/python3.12/site-packages/airflow/example_dags/example_task_group_decorator.py for tasks to queue
[2024-05-05T01:11:17.268+0000] {logging_mixin.py:188} INFO - [2024-05-05T01:11:17.251+0000] {dagbag.py:540} INFO - Filling up the DagBag from /home/airflow/.local/lib/python3.12/site-packages/airflow/example_dags/example_task_group_decorator.py
[2024-05-05T01:11:17.876+0000] {processor.py:840} INFO - DAG(s) 'example_task_group_decorator' retrieved from /home/airflow/.local/lib/python3.12/site-packages/airflow/example_dags/example_task_group_decorator.py
[2024-05-05T01:28:54.349+0000] {logging_mixin.py:188} INFO - [2024-05-05T01:28:54.348+0000] {dag.py:3096} INFO - Sync 1 DAGs
[2024-05-05T01:28:55.411+0000] {logging_mixin.py:188} INFO - [2024-05-05T01:28:55.409+0000] {dag.py:3954} INFO - Setting next_dagrun for example_task_group_decorator to 2024-05-04 00:00:00+00:00, run_after=2024-05-05 00:00:00+00:00
[2024-05-05T01:28:56.367+0000] {processor.py:183} INFO - Processing /home/airflow/.local/lib/python3.12/site-packages/airflow/example_dags/example_task_group_decorator.py took 3.920 seconds
[2024-05-05T01:45:39.021+0000] {processor.py:161} INFO - Started process (PID=8034) to work on /home/airflow/.local/lib/python3.12/site-packages/airflow/example_dags/example_task_group_decorator.py
[2024-05-05T01:45:39.047+0000] {processor.py:830} INFO - Processing file /home/airflow/.local/lib/python3.12/site-packages/airflow/example_dags/example_task_group_decorator.py for tasks to queue
[2024-05-05T01:45:39.084+0000] {logging_mixin.py:188} INFO - [2024-05-05T01:45:39.077+0000] {dagbag.py:540} INFO - Filling up the DagBag from /home/airflow/.local/lib/python3.12/site-packages/airflow/example_dags/example_task_group_decorator.py
[2024-05-05T01:45:39.616+0000] {processor.py:840} INFO - DAG(s) 'example_task_group_decorator' retrieved from /home/airflow/.local/lib/python3.12/site-packages/airflow/example_dags/example_task_group_decorator.py
[2024-05-05T01:45:40.758+0000] {logging_mixin.py:188} INFO - [2024-05-05T01:45:40.749+0000] {dag.py:3096} INFO - Sync 1 DAGs
[2024-05-05T01:45:41.332+0000] {logging_mixin.py:188} INFO - [2024-05-05T01:45:41.324+0000] {dag.py:3954} INFO - Setting next_dagrun for example_task_group_decorator to 2024-05-04 00:00:00+00:00, run_after=2024-05-05 00:00:00+00:00
[2024-05-05T01:45:41.703+0000] {processor.py:183} INFO - Processing /home/airflow/.local/lib/python3.12/site-packages/airflow/example_dags/example_task_group_decorator.py took 2.795 seconds
[2024-05-05T02:03:34.842+0000] {processor.py:161} INFO - Started process (PID=8103) to work on /home/airflow/.local/lib/python3.12/site-packages/airflow/example_dags/example_task_group_decorator.py
[2024-05-05T02:03:34.880+0000] {processor.py:830} INFO - Processing file /home/airflow/.local/lib/python3.12/site-packages/airflow/example_dags/example_task_group_decorator.py for tasks to queue
[2024-05-05T02:03:34.916+0000] {logging_mixin.py:188} INFO - [2024-05-05T02:03:34.904+0000] {dagbag.py:540} INFO - Filling up the DagBag from /home/airflow/.local/lib/python3.12/site-packages/airflow/example_dags/example_task_group_decorator.py
[2024-05-05T02:03:35.356+0000] {processor.py:840} INFO - DAG(s) 'example_task_group_decorator' retrieved from /home/airflow/.local/lib/python3.12/site-packages/airflow/example_dags/example_task_group_decorator.py
[2024-05-05T02:03:36.778+0000] {logging_mixin.py:188} INFO - [2024-05-05T02:03:36.761+0000] {dag.py:3096} INFO - Sync 1 DAGs
[2024-05-05T02:03:37.562+0000] {logging_mixin.py:188} INFO - [2024-05-05T02:03:37.553+0000] {dag.py:3954} INFO - Setting next_dagrun for example_task_group_decorator to 2024-05-04 00:00:00+00:00, run_after=2024-05-05 00:00:00+00:00
[2024-05-05T02:03:38.104+0000] {processor.py:183} INFO - Processing /home/airflow/.local/lib/python3.12/site-packages/airflow/example_dags/example_task_group_decorator.py took 3.488 seconds
[2024-05-05T02:04:52.940+0000] {processor.py:161} INFO - Started process (PID=8179) to work on /home/airflow/.local/lib/python3.12/site-packages/airflow/example_dags/example_task_group_decorator.py
[2024-05-05T02:04:52.945+0000] {processor.py:830} INFO - Processing file /home/airflow/.local/lib/python3.12/site-packages/airflow/example_dags/example_task_group_decorator.py for tasks to queue
[2024-05-05T02:04:52.952+0000] {logging_mixin.py:188} INFO - [2024-05-05T02:04:52.950+0000] {dagbag.py:540} INFO - Filling up the DagBag from /home/airflow/.local/lib/python3.12/site-packages/airflow/example_dags/example_task_group_decorator.py
[2024-05-05T02:04:53.034+0000] {processor.py:840} INFO - DAG(s) 'example_task_group_decorator' retrieved from /home/airflow/.local/lib/python3.12/site-packages/airflow/example_dags/example_task_group_decorator.py
[2024-05-05T02:04:53.098+0000] {logging_mixin.py:188} INFO - [2024-05-05T02:04:53.097+0000] {dag.py:3096} INFO - Sync 1 DAGs
[2024-05-05T02:04:53.154+0000] {logging_mixin.py:188} INFO - [2024-05-05T02:04:53.153+0000] {dag.py:3954} INFO - Setting next_dagrun for example_task_group_decorator to 2024-05-04 00:00:00+00:00, run_after=2024-05-05 00:00:00+00:00
[2024-05-05T02:04:53.210+0000] {processor.py:183} INFO - Processing /home/airflow/.local/lib/python3.12/site-packages/airflow/example_dags/example_task_group_decorator.py took 0.307 seconds
[2024-05-05T03:15:26.723+0000] {processor.py:161} INFO - Started process (PID=8254) to work on /home/airflow/.local/lib/python3.12/site-packages/airflow/example_dags/example_task_group_decorator.py
[2024-05-05T03:15:26.728+0000] {processor.py:830} INFO - Processing file /home/airflow/.local/lib/python3.12/site-packages/airflow/example_dags/example_task_group_decorator.py for tasks to queue
[2024-05-05T03:15:26.740+0000] {logging_mixin.py:188} INFO - [2024-05-05T03:15:26.735+0000] {dagbag.py:540} INFO - Filling up the DagBag from /home/airflow/.local/lib/python3.12/site-packages/airflow/example_dags/example_task_group_decorator.py
[2024-05-05T03:15:26.849+0000] {processor.py:840} INFO - DAG(s) 'example_task_group_decorator' retrieved from /home/airflow/.local/lib/python3.12/site-packages/airflow/example_dags/example_task_group_decorator.py
[2024-05-05T03:15:26.897+0000] {logging_mixin.py:188} INFO - [2024-05-05T03:15:26.897+0000] {dag.py:3096} INFO - Sync 1 DAGs
[2024-05-05T03:15:26.953+0000] {logging_mixin.py:188} INFO - [2024-05-05T03:15:26.953+0000] {dag.py:3954} INFO - Setting next_dagrun for example_task_group_decorator to 2024-05-04 00:00:00+00:00, run_after=2024-05-05 00:00:00+00:00
[2024-05-05T03:15:27.004+0000] {processor.py:183} INFO - Processing /home/airflow/.local/lib/python3.12/site-packages/airflow/example_dags/example_task_group_decorator.py took 0.327 seconds
[2024-05-05T04:00:07.509+0000] {processor.py:161} INFO - Started process (PID=8342) to work on /home/airflow/.local/lib/python3.12/site-packages/airflow/example_dags/example_task_group_decorator.py
[2024-05-05T04:00:07.513+0000] {processor.py:830} INFO - Processing file /home/airflow/.local/lib/python3.12/site-packages/airflow/example_dags/example_task_group_decorator.py for tasks to queue
[2024-05-05T04:00:07.517+0000] {logging_mixin.py:188} INFO - [2024-05-05T04:00:07.515+0000] {dagbag.py:540} INFO - Filling up the DagBag from /home/airflow/.local/lib/python3.12/site-packages/airflow/example_dags/example_task_group_decorator.py
[2024-05-05T04:00:07.593+0000] {processor.py:840} INFO - DAG(s) 'example_task_group_decorator' retrieved from /home/airflow/.local/lib/python3.12/site-packages/airflow/example_dags/example_task_group_decorator.py
[2024-05-05T04:00:07.641+0000] {logging_mixin.py:188} INFO - [2024-05-05T04:00:07.641+0000] {dag.py:3096} INFO - Sync 1 DAGs
[2024-05-05T04:00:07.682+0000] {logging_mixin.py:188} INFO - [2024-05-05T04:00:07.682+0000] {dag.py:3954} INFO - Setting next_dagrun for example_task_group_decorator to 2024-05-04 00:00:00+00:00, run_after=2024-05-05 00:00:00+00:00
[2024-05-05T04:00:07.750+0000] {processor.py:183} INFO - Processing /home/airflow/.local/lib/python3.12/site-packages/airflow/example_dags/example_task_group_decorator.py took 0.256 seconds
[2024-05-05T04:00:56.237+0000] {processor.py:161} INFO - Started process (PID=8400) to work on /home/airflow/.local/lib/python3.12/site-packages/airflow/example_dags/example_task_group_decorator.py
[2024-05-05T04:00:56.261+0000] {processor.py:830} INFO - Processing file /home/airflow/.local/lib/python3.12/site-packages/airflow/example_dags/example_task_group_decorator.py for tasks to queue
[2024-05-05T04:00:56.286+0000] {logging_mixin.py:188} INFO - [2024-05-05T04:00:56.283+0000] {dagbag.py:540} INFO - Filling up the DagBag from /home/airflow/.local/lib/python3.12/site-packages/airflow/example_dags/example_task_group_decorator.py
[2024-05-05T04:00:56.995+0000] {processor.py:840} INFO - DAG(s) 'example_task_group_decorator' retrieved from /home/airflow/.local/lib/python3.12/site-packages/airflow/example_dags/example_task_group_decorator.py
[2024-05-05T04:00:57.784+0000] {logging_mixin.py:188} INFO - [2024-05-05T04:00:57.771+0000] {dag.py:3096} INFO - Sync 1 DAGs
[2024-05-05T04:00:58.695+0000] {logging_mixin.py:188} INFO - [2024-05-05T04:00:58.693+0000] {dag.py:3954} INFO - Setting next_dagrun for example_task_group_decorator to 2024-05-04 00:00:00+00:00, run_after=2024-05-05 00:00:00+00:00
[2024-05-05T04:00:59.085+0000] {processor.py:183} INFO - Processing /home/airflow/.local/lib/python3.12/site-packages/airflow/example_dags/example_task_group_decorator.py took 3.097 seconds
[2024-05-05T04:01:53.453+0000] {processor.py:161} INFO - Started process (PID=8466) to work on /home/airflow/.local/lib/python3.12/site-packages/airflow/example_dags/example_task_group_decorator.py
[2024-05-05T04:01:53.461+0000] {processor.py:830} INFO - Processing file /home/airflow/.local/lib/python3.12/site-packages/airflow/example_dags/example_task_group_decorator.py for tasks to queue
[2024-05-05T04:01:53.478+0000] {logging_mixin.py:188} INFO - [2024-05-05T04:01:53.476+0000] {dagbag.py:540} INFO - Filling up the DagBag from /home/airflow/.local/lib/python3.12/site-packages/airflow/example_dags/example_task_group_decorator.py
[2024-05-05T04:01:53.594+0000] {processor.py:840} INFO - DAG(s) 'example_task_group_decorator' retrieved from /home/airflow/.local/lib/python3.12/site-packages/airflow/example_dags/example_task_group_decorator.py
[2024-05-05T04:01:53.774+0000] {logging_mixin.py:188} INFO - [2024-05-05T04:01:53.773+0000] {dag.py:3096} INFO - Sync 1 DAGs
[2024-05-05T04:01:53.953+0000] {logging_mixin.py:188} INFO - [2024-05-05T04:01:53.941+0000] {dag.py:3954} INFO - Setting next_dagrun for example_task_group_decorator to 2024-05-04 00:00:00+00:00, run_after=2024-05-05 00:00:00+00:00
[2024-05-05T04:01:54.131+0000] {processor.py:183} INFO - Processing /home/airflow/.local/lib/python3.12/site-packages/airflow/example_dags/example_task_group_decorator.py took 0.747 seconds
[2024-05-05T04:02:28.192+0000] {processor.py:161} INFO - Started process (PID=8524) to work on /home/airflow/.local/lib/python3.12/site-packages/airflow/example_dags/example_task_group_decorator.py
[2024-05-05T04:02:28.209+0000] {processor.py:830} INFO - Processing file /home/airflow/.local/lib/python3.12/site-packages/airflow/example_dags/example_task_group_decorator.py for tasks to queue
[2024-05-05T04:02:28.215+0000] {logging_mixin.py:188} INFO - [2024-05-05T04:02:28.213+0000] {dagbag.py:540} INFO - Filling up the DagBag from /home/airflow/.local/lib/python3.12/site-packages/airflow/example_dags/example_task_group_decorator.py
[2024-05-05T04:02:28.589+0000] {processor.py:840} INFO - DAG(s) 'example_task_group_decorator' retrieved from /home/airflow/.local/lib/python3.12/site-packages/airflow/example_dags/example_task_group_decorator.py
[2024-05-05T04:02:29.120+0000] {logging_mixin.py:188} INFO - [2024-05-05T04:02:29.119+0000] {dag.py:3096} INFO - Sync 1 DAGs
[2024-05-05T04:02:29.557+0000] {logging_mixin.py:188} INFO - [2024-05-05T04:02:29.556+0000] {dag.py:3954} INFO - Setting next_dagrun for example_task_group_decorator to 2024-05-04 00:00:00+00:00, run_after=2024-05-05 00:00:00+00:00
[2024-05-05T04:02:29.785+0000] {processor.py:183} INFO - Processing /home/airflow/.local/lib/python3.12/site-packages/airflow/example_dags/example_task_group_decorator.py took 1.731 seconds
[2024-05-05T04:03:06.571+0000] {processor.py:161} INFO - Started process (PID=8584) to work on /home/airflow/.local/lib/python3.12/site-packages/airflow/example_dags/example_task_group_decorator.py
[2024-05-05T04:03:06.589+0000] {processor.py:830} INFO - Processing file /home/airflow/.local/lib/python3.12/site-packages/airflow/example_dags/example_task_group_decorator.py for tasks to queue
[2024-05-05T04:03:06.602+0000] {logging_mixin.py:188} INFO - [2024-05-05T04:03:06.594+0000] {dagbag.py:540} INFO - Filling up the DagBag from /home/airflow/.local/lib/python3.12/site-packages/airflow/example_dags/example_task_group_decorator.py
[2024-05-05T04:03:06.999+0000] {processor.py:840} INFO - DAG(s) 'example_task_group_decorator' retrieved from /home/airflow/.local/lib/python3.12/site-packages/airflow/example_dags/example_task_group_decorator.py
[2024-05-05T04:03:07.450+0000] {logging_mixin.py:188} INFO - [2024-05-05T04:03:07.449+0000] {dag.py:3096} INFO - Sync 1 DAGs
[2024-05-05T04:03:07.746+0000] {logging_mixin.py:188} INFO - [2024-05-05T04:03:07.745+0000] {dag.py:3954} INFO - Setting next_dagrun for example_task_group_decorator to 2024-05-04 00:00:00+00:00, run_after=2024-05-05 00:00:00+00:00
[2024-05-05T04:03:07.983+0000] {processor.py:183} INFO - Processing /home/airflow/.local/lib/python3.12/site-packages/airflow/example_dags/example_task_group_decorator.py took 1.537 seconds
[2024-05-05T04:03:49.117+0000] {processor.py:161} INFO - Started process (PID=8651) to work on /home/airflow/.local/lib/python3.12/site-packages/airflow/example_dags/example_task_group_decorator.py
[2024-05-05T04:03:49.134+0000] {processor.py:830} INFO - Processing file /home/airflow/.local/lib/python3.12/site-packages/airflow/example_dags/example_task_group_decorator.py for tasks to queue
[2024-05-05T04:03:49.140+0000] {logging_mixin.py:188} INFO - [2024-05-05T04:03:49.139+0000] {dagbag.py:540} INFO - Filling up the DagBag from /home/airflow/.local/lib/python3.12/site-packages/airflow/example_dags/example_task_group_decorator.py
[2024-05-05T04:03:49.389+0000] {processor.py:840} INFO - DAG(s) 'example_task_group_decorator' retrieved from /home/airflow/.local/lib/python3.12/site-packages/airflow/example_dags/example_task_group_decorator.py
[2024-05-05T04:03:49.763+0000] {logging_mixin.py:188} INFO - [2024-05-05T04:03:49.762+0000] {dag.py:3096} INFO - Sync 1 DAGs
[2024-05-05T04:03:50.068+0000] {logging_mixin.py:188} INFO - [2024-05-05T04:03:50.067+0000] {dag.py:3954} INFO - Setting next_dagrun for example_task_group_decorator to 2024-05-04 00:00:00+00:00, run_after=2024-05-05 00:00:00+00:00
[2024-05-05T04:03:50.450+0000] {processor.py:183} INFO - Processing /home/airflow/.local/lib/python3.12/site-packages/airflow/example_dags/example_task_group_decorator.py took 1.655 seconds
[2024-05-05T04:04:26.802+0000] {processor.py:161} INFO - Started process (PID=8710) to work on /home/airflow/.local/lib/python3.12/site-packages/airflow/example_dags/example_task_group_decorator.py
[2024-05-05T04:04:26.829+0000] {processor.py:830} INFO - Processing file /home/airflow/.local/lib/python3.12/site-packages/airflow/example_dags/example_task_group_decorator.py for tasks to queue
[2024-05-05T04:04:26.848+0000] {logging_mixin.py:188} INFO - [2024-05-05T04:04:26.847+0000] {dagbag.py:540} INFO - Filling up the DagBag from /home/airflow/.local/lib/python3.12/site-packages/airflow/example_dags/example_task_group_decorator.py
[2024-05-05T04:04:27.163+0000] {processor.py:840} INFO - DAG(s) 'example_task_group_decorator' retrieved from /home/airflow/.local/lib/python3.12/site-packages/airflow/example_dags/example_task_group_decorator.py
[2024-05-05T04:04:27.724+0000] {logging_mixin.py:188} INFO - [2024-05-05T04:04:27.723+0000] {dag.py:3096} INFO - Sync 1 DAGs
[2024-05-05T04:04:28.060+0000] {logging_mixin.py:188} INFO - [2024-05-05T04:04:28.059+0000] {dag.py:3954} INFO - Setting next_dagrun for example_task_group_decorator to 2024-05-04 00:00:00+00:00, run_after=2024-05-05 00:00:00+00:00
[2024-05-05T04:04:28.310+0000] {processor.py:183} INFO - Processing /home/airflow/.local/lib/python3.12/site-packages/airflow/example_dags/example_task_group_decorator.py took 1.634 seconds
[2024-05-05T04:05:09.935+0000] {processor.py:161} INFO - Started process (PID=8768) to work on /home/airflow/.local/lib/python3.12/site-packages/airflow/example_dags/example_task_group_decorator.py
[2024-05-05T04:05:09.949+0000] {processor.py:830} INFO - Processing file /home/airflow/.local/lib/python3.12/site-packages/airflow/example_dags/example_task_group_decorator.py for tasks to queue
[2024-05-05T04:05:09.967+0000] {logging_mixin.py:188} INFO - [2024-05-05T04:05:09.957+0000] {dagbag.py:540} INFO - Filling up the DagBag from /home/airflow/.local/lib/python3.12/site-packages/airflow/example_dags/example_task_group_decorator.py
[2024-05-05T04:05:10.248+0000] {processor.py:840} INFO - DAG(s) 'example_task_group_decorator' retrieved from /home/airflow/.local/lib/python3.12/site-packages/airflow/example_dags/example_task_group_decorator.py
[2024-05-05T04:05:10.617+0000] {logging_mixin.py:188} INFO - [2024-05-05T04:05:10.616+0000] {dag.py:3096} INFO - Sync 1 DAGs
[2024-05-05T04:05:11.009+0000] {logging_mixin.py:188} INFO - [2024-05-05T04:05:11.003+0000] {dag.py:3954} INFO - Setting next_dagrun for example_task_group_decorator to 2024-05-04 00:00:00+00:00, run_after=2024-05-05 00:00:00+00:00
[2024-05-05T04:05:11.337+0000] {processor.py:183} INFO - Processing /home/airflow/.local/lib/python3.12/site-packages/airflow/example_dags/example_task_group_decorator.py took 1.544 seconds
[2024-05-05T04:06:08.024+0000] {processor.py:161} INFO - Started process (PID=8841) to work on /home/airflow/.local/lib/python3.12/site-packages/airflow/example_dags/example_task_group_decorator.py
[2024-05-05T04:06:08.053+0000] {processor.py:830} INFO - Processing file /home/airflow/.local/lib/python3.12/site-packages/airflow/example_dags/example_task_group_decorator.py for tasks to queue
[2024-05-05T04:06:08.081+0000] {logging_mixin.py:188} INFO - [2024-05-05T04:06:08.077+0000] {dagbag.py:540} INFO - Filling up the DagBag from /home/airflow/.local/lib/python3.12/site-packages/airflow/example_dags/example_task_group_decorator.py
[2024-05-05T04:06:08.863+0000] {processor.py:840} INFO - DAG(s) 'example_task_group_decorator' retrieved from /home/airflow/.local/lib/python3.12/site-packages/airflow/example_dags/example_task_group_decorator.py
[2024-05-05T04:06:09.260+0000] {logging_mixin.py:188} INFO - [2024-05-05T04:06:09.259+0000] {dag.py:3096} INFO - Sync 1 DAGs
[2024-05-05T04:06:09.594+0000] {logging_mixin.py:188} INFO - [2024-05-05T04:06:09.592+0000] {dag.py:3954} INFO - Setting next_dagrun for example_task_group_decorator to 2024-05-04 00:00:00+00:00, run_after=2024-05-05 00:00:00+00:00
[2024-05-05T04:06:09.796+0000] {processor.py:183} INFO - Processing /home/airflow/.local/lib/python3.12/site-packages/airflow/example_dags/example_task_group_decorator.py took 1.935 seconds
[2024-05-05T04:08:07.329+0000] {processor.py:161} INFO - Started process (PID=8925) to work on /home/airflow/.local/lib/python3.12/site-packages/airflow/example_dags/example_task_group_decorator.py
[2024-05-05T04:08:07.376+0000] {processor.py:830} INFO - Processing file /home/airflow/.local/lib/python3.12/site-packages/airflow/example_dags/example_task_group_decorator.py for tasks to queue
[2024-05-05T04:08:07.468+0000] {logging_mixin.py:188} INFO - [2024-05-05T04:08:07.445+0000] {dagbag.py:540} INFO - Filling up the DagBag from /home/airflow/.local/lib/python3.12/site-packages/airflow/example_dags/example_task_group_decorator.py
[2024-05-05T04:08:08.370+0000] {processor.py:840} INFO - DAG(s) 'example_task_group_decorator' retrieved from /home/airflow/.local/lib/python3.12/site-packages/airflow/example_dags/example_task_group_decorator.py
[2024-05-05T04:08:09.619+0000] {logging_mixin.py:188} INFO - [2024-05-05T04:08:09.617+0000] {dag.py:3096} INFO - Sync 1 DAGs
[2024-05-05T04:08:10.368+0000] {logging_mixin.py:188} INFO - [2024-05-05T04:08:10.366+0000] {dag.py:3954} INFO - Setting next_dagrun for example_task_group_decorator to 2024-05-04 00:00:00+00:00, run_after=2024-05-05 00:00:00+00:00
[2024-05-05T04:08:11.092+0000] {processor.py:183} INFO - Processing /home/airflow/.local/lib/python3.12/site-packages/airflow/example_dags/example_task_group_decorator.py took 4.037 seconds
[2024-05-05T04:10:38.811+0000] {processor.py:161} INFO - Started process (PID=9026) to work on /home/airflow/.local/lib/python3.12/site-packages/airflow/example_dags/example_task_group_decorator.py
[2024-05-05T04:10:38.870+0000] {processor.py:830} INFO - Processing file /home/airflow/.local/lib/python3.12/site-packages/airflow/example_dags/example_task_group_decorator.py for tasks to queue
[2024-05-05T04:10:38.947+0000] {logging_mixin.py:188} INFO - [2024-05-05T04:10:38.906+0000] {dagbag.py:540} INFO - Filling up the DagBag from /home/airflow/.local/lib/python3.12/site-packages/airflow/example_dags/example_task_group_decorator.py
[2024-05-05T04:10:40.010+0000] {processor.py:840} INFO - DAG(s) 'example_task_group_decorator' retrieved from /home/airflow/.local/lib/python3.12/site-packages/airflow/example_dags/example_task_group_decorator.py
[2024-05-05T04:10:41.145+0000] {logging_mixin.py:188} INFO - [2024-05-05T04:10:41.141+0000] {dag.py:3096} INFO - Sync 1 DAGs
[2024-05-05T04:10:41.939+0000] {logging_mixin.py:188} INFO - [2024-05-05T04:10:41.938+0000] {dag.py:3954} INFO - Setting next_dagrun for example_task_group_decorator to 2024-05-04 00:00:00+00:00, run_after=2024-05-05 00:00:00+00:00
[2024-05-05T04:10:42.282+0000] {processor.py:183} INFO - Processing /home/airflow/.local/lib/python3.12/site-packages/airflow/example_dags/example_task_group_decorator.py took 3.725 seconds
[2024-05-05T04:13:07.122+0000] {processor.py:161} INFO - Started process (PID=9119) to work on /home/airflow/.local/lib/python3.12/site-packages/airflow/example_dags/example_task_group_decorator.py
[2024-05-05T04:13:07.228+0000] {processor.py:830} INFO - Processing file /home/airflow/.local/lib/python3.12/site-packages/airflow/example_dags/example_task_group_decorator.py for tasks to queue
[2024-05-05T04:13:07.403+0000] {logging_mixin.py:188} INFO - [2024-05-05T04:13:07.387+0000] {dagbag.py:540} INFO - Filling up the DagBag from /home/airflow/.local/lib/python3.12/site-packages/airflow/example_dags/example_task_group_decorator.py
[2024-05-05T04:13:08.082+0000] {processor.py:840} INFO - DAG(s) 'example_task_group_decorator' retrieved from /home/airflow/.local/lib/python3.12/site-packages/airflow/example_dags/example_task_group_decorator.py
[2024-05-05T04:13:09.635+0000] {logging_mixin.py:188} INFO - [2024-05-05T04:13:09.624+0000] {dag.py:3096} INFO - Sync 1 DAGs
[2024-05-05T04:13:10.813+0000] {logging_mixin.py:188} INFO - [2024-05-05T04:13:10.804+0000] {dag.py:3954} INFO - Setting next_dagrun for example_task_group_decorator to 2024-05-04 00:00:00+00:00, run_after=2024-05-05 00:00:00+00:00
[2024-05-05T04:13:11.550+0000] {processor.py:183} INFO - Processing /home/airflow/.local/lib/python3.12/site-packages/airflow/example_dags/example_task_group_decorator.py took 4.753 seconds
[2024-05-05T04:15:41.337+0000] {processor.py:161} INFO - Started process (PID=9223) to work on /home/airflow/.local/lib/python3.12/site-packages/airflow/example_dags/example_task_group_decorator.py
[2024-05-05T04:15:41.376+0000] {processor.py:830} INFO - Processing file /home/airflow/.local/lib/python3.12/site-packages/airflow/example_dags/example_task_group_decorator.py for tasks to queue
[2024-05-05T04:15:41.401+0000] {logging_mixin.py:188} INFO - [2024-05-05T04:15:41.389+0000] {dagbag.py:540} INFO - Filling up the DagBag from /home/airflow/.local/lib/python3.12/site-packages/airflow/example_dags/example_task_group_decorator.py
[2024-05-05T04:15:41.914+0000] {processor.py:840} INFO - DAG(s) 'example_task_group_decorator' retrieved from /home/airflow/.local/lib/python3.12/site-packages/airflow/example_dags/example_task_group_decorator.py
[2024-05-05T04:15:42.688+0000] {logging_mixin.py:188} INFO - [2024-05-05T04:15:42.683+0000] {dag.py:3096} INFO - Sync 1 DAGs
[2024-05-05T04:15:43.247+0000] {logging_mixin.py:188} INFO - [2024-05-05T04:15:43.245+0000] {dag.py:3954} INFO - Setting next_dagrun for example_task_group_decorator to 2024-05-04 00:00:00+00:00, run_after=2024-05-05 00:00:00+00:00
[2024-05-05T04:15:44.181+0000] {processor.py:183} INFO - Processing /home/airflow/.local/lib/python3.12/site-packages/airflow/example_dags/example_task_group_decorator.py took 3.016 seconds
[2024-05-05T04:18:14.410+0000] {processor.py:161} INFO - Started process (PID=9326) to work on /home/airflow/.local/lib/python3.12/site-packages/airflow/example_dags/example_task_group_decorator.py
[2024-05-05T04:18:14.439+0000] {processor.py:830} INFO - Processing file /home/airflow/.local/lib/python3.12/site-packages/airflow/example_dags/example_task_group_decorator.py for tasks to queue
[2024-05-05T04:18:14.470+0000] {logging_mixin.py:188} INFO - [2024-05-05T04:18:14.458+0000] {dagbag.py:540} INFO - Filling up the DagBag from /home/airflow/.local/lib/python3.12/site-packages/airflow/example_dags/example_task_group_decorator.py
[2024-05-05T04:18:15.218+0000] {processor.py:840} INFO - DAG(s) 'example_task_group_decorator' retrieved from /home/airflow/.local/lib/python3.12/site-packages/airflow/example_dags/example_task_group_decorator.py
[2024-05-05T04:18:15.846+0000] {logging_mixin.py:188} INFO - [2024-05-05T04:18:15.834+0000] {dag.py:3096} INFO - Sync 1 DAGs
[2024-05-05T04:18:16.758+0000] {logging_mixin.py:188} INFO - [2024-05-05T04:18:16.744+0000] {dag.py:3954} INFO - Setting next_dagrun for example_task_group_decorator to 2024-05-04 00:00:00+00:00, run_after=2024-05-05 00:00:00+00:00
[2024-05-05T04:18:17.027+0000] {processor.py:183} INFO - Processing /home/airflow/.local/lib/python3.12/site-packages/airflow/example_dags/example_task_group_decorator.py took 2.811 seconds
[2024-05-05T04:20:37.216+0000] {processor.py:161} INFO - Started process (PID=9420) to work on /home/airflow/.local/lib/python3.12/site-packages/airflow/example_dags/example_task_group_decorator.py
[2024-05-05T04:20:37.255+0000] {processor.py:830} INFO - Processing file /home/airflow/.local/lib/python3.12/site-packages/airflow/example_dags/example_task_group_decorator.py for tasks to queue
[2024-05-05T04:20:37.301+0000] {logging_mixin.py:188} INFO - [2024-05-05T04:20:37.281+0000] {dagbag.py:540} INFO - Filling up the DagBag from /home/airflow/.local/lib/python3.12/site-packages/airflow/example_dags/example_task_group_decorator.py
[2024-05-05T04:20:38.422+0000] {processor.py:840} INFO - DAG(s) 'example_task_group_decorator' retrieved from /home/airflow/.local/lib/python3.12/site-packages/airflow/example_dags/example_task_group_decorator.py
[2024-05-05T04:20:39.272+0000] {logging_mixin.py:188} INFO - [2024-05-05T04:20:39.262+0000] {dag.py:3096} INFO - Sync 1 DAGs
[2024-05-05T04:20:40.177+0000] {logging_mixin.py:188} INFO - [2024-05-05T04:20:40.174+0000] {dag.py:3954} INFO - Setting next_dagrun for example_task_group_decorator to 2024-05-04 00:00:00+00:00, run_after=2024-05-05 00:00:00+00:00
[2024-05-05T04:20:40.614+0000] {processor.py:183} INFO - Processing /home/airflow/.local/lib/python3.12/site-packages/airflow/example_dags/example_task_group_decorator.py took 3.623 seconds
[2024-05-05T04:23:11.750+0000] {processor.py:161} INFO - Started process (PID=9521) to work on /home/airflow/.local/lib/python3.12/site-packages/airflow/example_dags/example_task_group_decorator.py
[2024-05-05T04:23:11.781+0000] {processor.py:830} INFO - Processing file /home/airflow/.local/lib/python3.12/site-packages/airflow/example_dags/example_task_group_decorator.py for tasks to queue
[2024-05-05T04:23:11.812+0000] {logging_mixin.py:188} INFO - [2024-05-05T04:23:11.801+0000] {dagbag.py:540} INFO - Filling up the DagBag from /home/airflow/.local/lib/python3.12/site-packages/airflow/example_dags/example_task_group_decorator.py
[2024-05-05T04:23:12.745+0000] {processor.py:840} INFO - DAG(s) 'example_task_group_decorator' retrieved from /home/airflow/.local/lib/python3.12/site-packages/airflow/example_dags/example_task_group_decorator.py
[2024-05-05T04:23:14.046+0000] {logging_mixin.py:188} INFO - [2024-05-05T04:23:14.045+0000] {dag.py:3096} INFO - Sync 1 DAGs
[2024-05-05T04:23:15.464+0000] {logging_mixin.py:188} INFO - [2024-05-05T04:23:15.419+0000] {dag.py:3954} INFO - Setting next_dagrun for example_task_group_decorator to 2024-05-04 00:00:00+00:00, run_after=2024-05-05 00:00:00+00:00
[2024-05-05T04:23:15.938+0000] {processor.py:183} INFO - Processing /home/airflow/.local/lib/python3.12/site-packages/airflow/example_dags/example_task_group_decorator.py took 4.342 seconds
[2024-05-05T04:25:50.030+0000] {processor.py:161} INFO - Started process (PID=9624) to work on /home/airflow/.local/lib/python3.12/site-packages/airflow/example_dags/example_task_group_decorator.py
[2024-05-05T04:25:50.080+0000] {processor.py:830} INFO - Processing file /home/airflow/.local/lib/python3.12/site-packages/airflow/example_dags/example_task_group_decorator.py for tasks to queue
[2024-05-05T04:25:50.152+0000] {logging_mixin.py:188} INFO - [2024-05-05T04:25:50.127+0000] {dagbag.py:540} INFO - Filling up the DagBag from /home/airflow/.local/lib/python3.12/site-packages/airflow/example_dags/example_task_group_decorator.py
[2024-05-05T04:25:51.100+0000] {processor.py:840} INFO - DAG(s) 'example_task_group_decorator' retrieved from /home/airflow/.local/lib/python3.12/site-packages/airflow/example_dags/example_task_group_decorator.py
[2024-05-05T04:25:52.486+0000] {logging_mixin.py:188} INFO - [2024-05-05T04:25:52.389+0000] {dag.py:3096} INFO - Sync 1 DAGs
[2024-05-05T04:25:53.286+0000] {logging_mixin.py:188} INFO - [2024-05-05T04:25:53.273+0000] {dag.py:3954} INFO - Setting next_dagrun for example_task_group_decorator to 2024-05-04 00:00:00+00:00, run_after=2024-05-05 00:00:00+00:00
[2024-05-05T04:25:54.080+0000] {processor.py:183} INFO - Processing /home/airflow/.local/lib/python3.12/site-packages/airflow/example_dags/example_task_group_decorator.py took 4.524 seconds
[2024-05-05T04:28:26.996+0000] {processor.py:161} INFO - Started process (PID=9725) to work on /home/airflow/.local/lib/python3.12/site-packages/airflow/example_dags/example_task_group_decorator.py
[2024-05-05T04:28:27.012+0000] {processor.py:830} INFO - Processing file /home/airflow/.local/lib/python3.12/site-packages/airflow/example_dags/example_task_group_decorator.py for tasks to queue
[2024-05-05T04:28:27.021+0000] {logging_mixin.py:188} INFO - [2024-05-05T04:28:27.018+0000] {dagbag.py:540} INFO - Filling up the DagBag from /home/airflow/.local/lib/python3.12/site-packages/airflow/example_dags/example_task_group_decorator.py
[2024-05-05T04:28:27.487+0000] {processor.py:840} INFO - DAG(s) 'example_task_group_decorator' retrieved from /home/airflow/.local/lib/python3.12/site-packages/airflow/example_dags/example_task_group_decorator.py
[2024-05-05T04:28:28.793+0000] {logging_mixin.py:188} INFO - [2024-05-05T04:28:28.791+0000] {dag.py:3096} INFO - Sync 1 DAGs
[2024-05-05T04:28:30.570+0000] {logging_mixin.py:188} INFO - [2024-05-05T04:28:30.558+0000] {dag.py:3954} INFO - Setting next_dagrun for example_task_group_decorator to 2024-05-04 00:00:00+00:00, run_after=2024-05-05 00:00:00+00:00
[2024-05-05T04:28:31.425+0000] {processor.py:183} INFO - Processing /home/airflow/.local/lib/python3.12/site-packages/airflow/example_dags/example_task_group_decorator.py took 4.535 seconds
[2024-05-05T04:31:00.276+0000] {processor.py:161} INFO - Started process (PID=9828) to work on /home/airflow/.local/lib/python3.12/site-packages/airflow/example_dags/example_task_group_decorator.py
[2024-05-05T04:31:00.298+0000] {processor.py:830} INFO - Processing file /home/airflow/.local/lib/python3.12/site-packages/airflow/example_dags/example_task_group_decorator.py for tasks to queue
[2024-05-05T04:31:00.371+0000] {logging_mixin.py:188} INFO - [2024-05-05T04:31:00.369+0000] {dagbag.py:540} INFO - Filling up the DagBag from /home/airflow/.local/lib/python3.12/site-packages/airflow/example_dags/example_task_group_decorator.py
[2024-05-05T04:31:01.202+0000] {processor.py:840} INFO - DAG(s) 'example_task_group_decorator' retrieved from /home/airflow/.local/lib/python3.12/site-packages/airflow/example_dags/example_task_group_decorator.py
[2024-05-05T04:31:02.070+0000] {logging_mixin.py:188} INFO - [2024-05-05T04:31:02.063+0000] {dag.py:3096} INFO - Sync 1 DAGs
[2024-05-05T04:31:02.730+0000] {logging_mixin.py:188} INFO - [2024-05-05T04:31:02.724+0000] {dag.py:3954} INFO - Setting next_dagrun for example_task_group_decorator to 2024-05-04 00:00:00+00:00, run_after=2024-05-05 00:00:00+00:00
[2024-05-05T04:31:03.340+0000] {processor.py:183} INFO - Processing /home/airflow/.local/lib/python3.12/site-packages/airflow/example_dags/example_task_group_decorator.py took 3.347 seconds
[2024-05-05T04:33:31.760+0000] {processor.py:161} INFO - Started process (PID=9930) to work on /home/airflow/.local/lib/python3.12/site-packages/airflow/example_dags/example_task_group_decorator.py
[2024-05-05T04:33:31.815+0000] {processor.py:830} INFO - Processing file /home/airflow/.local/lib/python3.12/site-packages/airflow/example_dags/example_task_group_decorator.py for tasks to queue
[2024-05-05T04:33:31.855+0000] {logging_mixin.py:188} INFO - [2024-05-05T04:33:31.853+0000] {dagbag.py:540} INFO - Filling up the DagBag from /home/airflow/.local/lib/python3.12/site-packages/airflow/example_dags/example_task_group_decorator.py
[2024-05-05T04:33:32.627+0000] {processor.py:840} INFO - DAG(s) 'example_task_group_decorator' retrieved from /home/airflow/.local/lib/python3.12/site-packages/airflow/example_dags/example_task_group_decorator.py
[2024-05-05T04:33:33.469+0000] {logging_mixin.py:188} INFO - [2024-05-05T04:33:33.447+0000] {dag.py:3096} INFO - Sync 1 DAGs
[2024-05-05T04:33:34.285+0000] {logging_mixin.py:188} INFO - [2024-05-05T04:33:34.265+0000] {dag.py:3954} INFO - Setting next_dagrun for example_task_group_decorator to 2024-05-04 00:00:00+00:00, run_after=2024-05-05 00:00:00+00:00
[2024-05-05T04:33:35.826+0000] {processor.py:183} INFO - Processing /home/airflow/.local/lib/python3.12/site-packages/airflow/example_dags/example_task_group_decorator.py took 4.463 seconds
[2024-05-05T05:13:31.077+0000] {processor.py:161} INFO - Started process (PID=10039) to work on /home/airflow/.local/lib/python3.12/site-packages/airflow/example_dags/example_task_group_decorator.py
[2024-05-05T05:13:31.128+0000] {processor.py:830} INFO - Processing file /home/airflow/.local/lib/python3.12/site-packages/airflow/example_dags/example_task_group_decorator.py for tasks to queue
[2024-05-05T05:13:31.193+0000] {logging_mixin.py:188} INFO - [2024-05-05T05:13:31.147+0000] {dagbag.py:540} INFO - Filling up the DagBag from /home/airflow/.local/lib/python3.12/site-packages/airflow/example_dags/example_task_group_decorator.py
[2024-05-05T05:13:34.274+0000] {processor.py:840} INFO - DAG(s) 'example_task_group_decorator' retrieved from /home/airflow/.local/lib/python3.12/site-packages/airflow/example_dags/example_task_group_decorator.py
[2024-05-05T05:16:07.582+0000] {logging_mixin.py:188} INFO - [2024-05-05T05:16:07.130+0000] {dag.py:3096} INFO - Sync 1 DAGs
[2024-05-05T05:19:31.140+0000] {logging_mixin.py:188} INFO - [2024-05-05T05:19:31.097+0000] {dag.py:3954} INFO - Setting next_dagrun for example_task_group_decorator to 2024-05-04 00:00:00+00:00, run_after=2024-05-05 00:00:00+00:00
[2024-05-05T07:11:23.654+0000] {processor.py:161} INFO - Started process (PID=10197) to work on /home/airflow/.local/lib/python3.12/site-packages/airflow/example_dags/example_task_group_decorator.py
[2024-05-05T07:11:23.661+0000] {processor.py:830} INFO - Processing file /home/airflow/.local/lib/python3.12/site-packages/airflow/example_dags/example_task_group_decorator.py for tasks to queue
[2024-05-05T07:11:23.688+0000] {logging_mixin.py:188} INFO - [2024-05-05T07:11:23.675+0000] {dagbag.py:540} INFO - Filling up the DagBag from /home/airflow/.local/lib/python3.12/site-packages/airflow/example_dags/example_task_group_decorator.py
[2024-05-05T07:11:23.974+0000] {processor.py:840} INFO - DAG(s) 'example_task_group_decorator' retrieved from /home/airflow/.local/lib/python3.12/site-packages/airflow/example_dags/example_task_group_decorator.py
[2024-05-05T07:11:24.174+0000] {logging_mixin.py:188} INFO - [2024-05-05T07:11:24.172+0000] {dag.py:3096} INFO - Sync 1 DAGs
[2024-05-05T07:11:24.241+0000] {logging_mixin.py:188} INFO - [2024-05-05T07:11:24.240+0000] {dag.py:3954} INFO - Setting next_dagrun for example_task_group_decorator to 2024-05-04 00:00:00+00:00, run_after=2024-05-05 00:00:00+00:00
[2024-05-05T07:11:24.292+0000] {processor.py:183} INFO - Processing /home/airflow/.local/lib/python3.12/site-packages/airflow/example_dags/example_task_group_decorator.py took 0.918 seconds
[2024-05-05T13:48:16.090+0000] {processor.py:161} INFO - Started process (PID=10276) to work on /home/airflow/.local/lib/python3.12/site-packages/airflow/example_dags/example_task_group_decorator.py
[2024-05-05T13:48:16.109+0000] {processor.py:830} INFO - Processing file /home/airflow/.local/lib/python3.12/site-packages/airflow/example_dags/example_task_group_decorator.py for tasks to queue
[2024-05-05T13:48:16.128+0000] {logging_mixin.py:188} INFO - [2024-05-05T13:48:16.117+0000] {dagbag.py:540} INFO - Filling up the DagBag from /home/airflow/.local/lib/python3.12/site-packages/airflow/example_dags/example_task_group_decorator.py
[2024-05-05T13:48:16.217+0000] {processor.py:840} INFO - DAG(s) 'example_task_group_decorator' retrieved from /home/airflow/.local/lib/python3.12/site-packages/airflow/example_dags/example_task_group_decorator.py
[2024-05-05T13:48:16.467+0000] {logging_mixin.py:188} INFO - [2024-05-05T13:48:16.467+0000] {dag.py:3096} INFO - Sync 1 DAGs
[2024-05-05T13:48:16.608+0000] {logging_mixin.py:188} INFO - [2024-05-05T13:48:16.607+0000] {dag.py:3954} INFO - Setting next_dagrun for example_task_group_decorator to 2024-05-04 00:00:00+00:00, run_after=2024-05-05 00:00:00+00:00
[2024-05-05T13:48:16.844+0000] {processor.py:183} INFO - Processing /home/airflow/.local/lib/python3.12/site-packages/airflow/example_dags/example_task_group_decorator.py took 0.816 seconds
