[2024-05-05T00:00:27.234+0000] {processor.py:161} INFO - Started process (PID=7556) to work on /home/airflow/.local/lib/python3.12/site-packages/airflow/example_dags/example_branch_day_of_week_operator.py
[2024-05-05T00:00:27.239+0000] {processor.py:830} INFO - Processing file /home/airflow/.local/lib/python3.12/site-packages/airflow/example_dags/example_branch_day_of_week_operator.py for tasks to queue
[2024-05-05T00:00:27.241+0000] {logging_mixin.py:188} INFO - [2024-05-05T00:00:27.241+0000] {dagbag.py:540} INFO - Filling up the DagBag from /home/airflow/.local/lib/python3.12/site-packages/airflow/example_dags/example_branch_day_of_week_operator.py
[2024-05-05T00:00:27.258+0000] {processor.py:840} INFO - DAG(s) 'example_weekday_branch_operator' retrieved from /home/airflow/.local/lib/python3.12/site-packages/airflow/example_dags/example_branch_day_of_week_operator.py
[2024-05-05T00:00:27.328+0000] {logging_mixin.py:188} INFO - [2024-05-05T00:00:27.328+0000] {dag.py:3096} INFO - Sync 1 DAGs
[2024-05-05T00:00:27.389+0000] {logging_mixin.py:188} INFO - [2024-05-05T00:00:27.389+0000] {dag.py:3954} INFO - Setting next_dagrun for example_weekday_branch_operator to 2024-05-04 00:00:00+00:00, run_after=2024-05-05 00:00:00+00:00
[2024-05-05T00:00:27.433+0000] {processor.py:183} INFO - Processing /home/airflow/.local/lib/python3.12/site-packages/airflow/example_dags/example_branch_day_of_week_operator.py took 0.216 seconds
[2024-05-05T00:00:57.538+0000] {processor.py:161} INFO - Started process (PID=7616) to work on /home/airflow/.local/lib/python3.12/site-packages/airflow/example_dags/example_branch_day_of_week_operator.py
[2024-05-05T00:00:57.542+0000] {processor.py:830} INFO - Processing file /home/airflow/.local/lib/python3.12/site-packages/airflow/example_dags/example_branch_day_of_week_operator.py for tasks to queue
[2024-05-05T00:00:57.546+0000] {logging_mixin.py:188} INFO - [2024-05-05T00:00:57.544+0000] {dagbag.py:540} INFO - Filling up the DagBag from /home/airflow/.local/lib/python3.12/site-packages/airflow/example_dags/example_branch_day_of_week_operator.py
[2024-05-05T00:00:57.567+0000] {processor.py:840} INFO - DAG(s) 'example_weekday_branch_operator' retrieved from /home/airflow/.local/lib/python3.12/site-packages/airflow/example_dags/example_branch_day_of_week_operator.py
[2024-05-05T00:00:57.651+0000] {logging_mixin.py:188} INFO - [2024-05-05T00:00:57.650+0000] {dag.py:3096} INFO - Sync 1 DAGs
[2024-05-05T00:00:57.712+0000] {logging_mixin.py:188} INFO - [2024-05-05T00:00:57.711+0000] {dag.py:3954} INFO - Setting next_dagrun for example_weekday_branch_operator to 2024-05-04 00:00:00+00:00, run_after=2024-05-05 00:00:00+00:00
[2024-05-05T00:00:57.742+0000] {processor.py:183} INFO - Processing /home/airflow/.local/lib/python3.12/site-packages/airflow/example_dags/example_branch_day_of_week_operator.py took 0.222 seconds
[2024-05-05T00:31:34.671+0000] {processor.py:161} INFO - Started process (PID=7682) to work on /home/airflow/.local/lib/python3.12/site-packages/airflow/example_dags/example_branch_day_of_week_operator.py
[2024-05-05T00:31:34.712+0000] {processor.py:830} INFO - Processing file /home/airflow/.local/lib/python3.12/site-packages/airflow/example_dags/example_branch_day_of_week_operator.py for tasks to queue
[2024-05-05T00:31:34.767+0000] {logging_mixin.py:188} INFO - [2024-05-05T00:31:34.754+0000] {dagbag.py:540} INFO - Filling up the DagBag from /home/airflow/.local/lib/python3.12/site-packages/airflow/example_dags/example_branch_day_of_week_operator.py
[2024-05-05T00:31:35.312+0000] {processor.py:840} INFO - DAG(s) 'example_weekday_branch_operator' retrieved from /home/airflow/.local/lib/python3.12/site-packages/airflow/example_dags/example_branch_day_of_week_operator.py
[2024-05-05T00:31:36.411+0000] {logging_mixin.py:188} INFO - [2024-05-05T00:31:36.409+0000] {dag.py:3096} INFO - Sync 1 DAGs
[2024-05-05T00:31:37.226+0000] {logging_mixin.py:188} INFO - [2024-05-05T00:31:37.210+0000] {dag.py:3954} INFO - Setting next_dagrun for example_weekday_branch_operator to 2024-05-04 00:00:00+00:00, run_after=2024-05-05 00:00:00+00:00
[2024-05-05T00:31:38.165+0000] {processor.py:183} INFO - Processing /home/airflow/.local/lib/python3.12/site-packages/airflow/example_dags/example_branch_day_of_week_operator.py took 4.000 seconds
[2024-05-05T00:33:42.872+0000] {processor.py:161} INFO - Started process (PID=7759) to work on /home/airflow/.local/lib/python3.12/site-packages/airflow/example_dags/example_branch_day_of_week_operator.py
[2024-05-05T00:33:42.878+0000] {processor.py:830} INFO - Processing file /home/airflow/.local/lib/python3.12/site-packages/airflow/example_dags/example_branch_day_of_week_operator.py for tasks to queue
[2024-05-05T00:33:42.882+0000] {logging_mixin.py:188} INFO - [2024-05-05T00:33:42.881+0000] {dagbag.py:540} INFO - Filling up the DagBag from /home/airflow/.local/lib/python3.12/site-packages/airflow/example_dags/example_branch_day_of_week_operator.py
[2024-05-05T00:33:42.910+0000] {processor.py:840} INFO - DAG(s) 'example_weekday_branch_operator' retrieved from /home/airflow/.local/lib/python3.12/site-packages/airflow/example_dags/example_branch_day_of_week_operator.py
[2024-05-05T00:33:42.968+0000] {logging_mixin.py:188} INFO - [2024-05-05T00:33:42.967+0000] {dag.py:3096} INFO - Sync 1 DAGs
[2024-05-05T00:33:43.013+0000] {logging_mixin.py:188} INFO - [2024-05-05T00:33:43.012+0000] {dag.py:3954} INFO - Setting next_dagrun for example_weekday_branch_operator to 2024-05-04 00:00:00+00:00, run_after=2024-05-05 00:00:00+00:00
[2024-05-05T00:33:43.056+0000] {processor.py:183} INFO - Processing /home/airflow/.local/lib/python3.12/site-packages/airflow/example_dags/example_branch_day_of_week_operator.py took 0.209 seconds
[2024-05-05T00:51:27.438+0000] {processor.py:161} INFO - Started process (PID=7803) to work on /home/airflow/.local/lib/python3.12/site-packages/airflow/example_dags/example_branch_day_of_week_operator.py
[2024-05-05T00:51:27.470+0000] {processor.py:830} INFO - Processing file /home/airflow/.local/lib/python3.12/site-packages/airflow/example_dags/example_branch_day_of_week_operator.py for tasks to queue
[2024-05-05T00:51:27.502+0000] {logging_mixin.py:188} INFO - [2024-05-05T00:51:27.487+0000] {dagbag.py:540} INFO - Filling up the DagBag from /home/airflow/.local/lib/python3.12/site-packages/airflow/example_dags/example_branch_day_of_week_operator.py
[2024-05-05T00:51:27.880+0000] {processor.py:840} INFO - DAG(s) 'example_weekday_branch_operator' retrieved from /home/airflow/.local/lib/python3.12/site-packages/airflow/example_dags/example_branch_day_of_week_operator.py
[2024-05-05T00:51:28.526+0000] {logging_mixin.py:188} INFO - [2024-05-05T00:51:28.525+0000] {dag.py:3096} INFO - Sync 1 DAGs
[2024-05-05T00:51:30.467+0000] {logging_mixin.py:188} INFO - [2024-05-05T00:51:30.442+0000] {dag.py:3954} INFO - Setting next_dagrun for example_weekday_branch_operator to 2024-05-04 00:00:00+00:00, run_after=2024-05-05 00:00:00+00:00
[2024-05-05T00:51:31.518+0000] {processor.py:183} INFO - Processing /home/airflow/.local/lib/python3.12/site-packages/airflow/example_dags/example_branch_day_of_week_operator.py took 4.371 seconds
[2024-05-05T00:52:29.175+0000] {processor.py:161} INFO - Started process (PID=7842) to work on /home/airflow/.local/lib/python3.12/site-packages/airflow/example_dags/example_branch_day_of_week_operator.py
[2024-05-05T00:52:29.207+0000] {processor.py:830} INFO - Processing file /home/airflow/.local/lib/python3.12/site-packages/airflow/example_dags/example_branch_day_of_week_operator.py for tasks to queue
[2024-05-05T00:52:29.241+0000] {logging_mixin.py:188} INFO - [2024-05-05T00:52:29.232+0000] {dagbag.py:540} INFO - Filling up the DagBag from /home/airflow/.local/lib/python3.12/site-packages/airflow/example_dags/example_branch_day_of_week_operator.py
[2024-05-05T00:52:29.856+0000] {processor.py:840} INFO - DAG(s) 'example_weekday_branch_operator' retrieved from /home/airflow/.local/lib/python3.12/site-packages/airflow/example_dags/example_branch_day_of_week_operator.py
[2024-05-05T00:52:31.197+0000] {logging_mixin.py:188} INFO - [2024-05-05T00:52:31.188+0000] {dag.py:3096} INFO - Sync 1 DAGs
[2024-05-05T00:52:31.980+0000] {logging_mixin.py:188} INFO - [2024-05-05T00:52:31.970+0000] {dag.py:3954} INFO - Setting next_dagrun for example_weekday_branch_operator to 2024-05-04 00:00:00+00:00, run_after=2024-05-05 00:00:00+00:00
[2024-05-05T00:52:32.854+0000] {processor.py:183} INFO - Processing /home/airflow/.local/lib/python3.12/site-packages/airflow/example_dags/example_branch_day_of_week_operator.py took 3.963 seconds
[2024-05-05T00:53:20.734+0000] {processor.py:161} INFO - Started process (PID=7885) to work on /home/airflow/.local/lib/python3.12/site-packages/airflow/example_dags/example_branch_day_of_week_operator.py
[2024-05-05T00:53:20.751+0000] {processor.py:830} INFO - Processing file /home/airflow/.local/lib/python3.12/site-packages/airflow/example_dags/example_branch_day_of_week_operator.py for tasks to queue
[2024-05-05T00:53:20.755+0000] {logging_mixin.py:188} INFO - [2024-05-05T00:53:20.754+0000] {dagbag.py:540} INFO - Filling up the DagBag from /home/airflow/.local/lib/python3.12/site-packages/airflow/example_dags/example_branch_day_of_week_operator.py
[2024-05-05T00:53:20.797+0000] {processor.py:840} INFO - DAG(s) 'example_weekday_branch_operator' retrieved from /home/airflow/.local/lib/python3.12/site-packages/airflow/example_dags/example_branch_day_of_week_operator.py
[2024-05-05T00:53:20.884+0000] {logging_mixin.py:188} INFO - [2024-05-05T00:53:20.883+0000] {dag.py:3096} INFO - Sync 1 DAGs
[2024-05-05T00:53:21.020+0000] {logging_mixin.py:188} INFO - [2024-05-05T00:53:21.020+0000] {dag.py:3954} INFO - Setting next_dagrun for example_weekday_branch_operator to 2024-05-04 00:00:00+00:00, run_after=2024-05-05 00:00:00+00:00
[2024-05-05T00:53:21.124+0000] {processor.py:183} INFO - Processing /home/airflow/.local/lib/python3.12/site-packages/airflow/example_dags/example_branch_day_of_week_operator.py took 0.419 seconds
[2024-05-05T01:10:56.058+0000] {processor.py:161} INFO - Started process (PID=7920) to work on /home/airflow/.local/lib/python3.12/site-packages/airflow/example_dags/example_branch_day_of_week_operator.py
[2024-05-05T01:10:56.147+0000] {processor.py:830} INFO - Processing file /home/airflow/.local/lib/python3.12/site-packages/airflow/example_dags/example_branch_day_of_week_operator.py for tasks to queue
[2024-05-05T01:10:56.217+0000] {logging_mixin.py:188} INFO - [2024-05-05T01:10:56.203+0000] {dagbag.py:540} INFO - Filling up the DagBag from /home/airflow/.local/lib/python3.12/site-packages/airflow/example_dags/example_branch_day_of_week_operator.py
[2024-05-05T01:10:56.754+0000] {processor.py:840} INFO - DAG(s) 'example_weekday_branch_operator' retrieved from /home/airflow/.local/lib/python3.12/site-packages/airflow/example_dags/example_branch_day_of_week_operator.py
[2024-05-05T01:10:59.254+0000] {logging_mixin.py:188} INFO - [2024-05-05T01:10:59.251+0000] {dag.py:3096} INFO - Sync 1 DAGs
[2024-05-05T01:10:59.355+0000] {logging_mixin.py:188} INFO - [2024-05-05T01:10:59.355+0000] {dag.py:3954} INFO - Setting next_dagrun for example_weekday_branch_operator to 2024-05-04 00:00:00+00:00, run_after=2024-05-05 00:00:00+00:00
[2024-05-05T01:11:00.419+0000] {processor.py:183} INFO - Processing /home/airflow/.local/lib/python3.12/site-packages/airflow/example_dags/example_branch_day_of_week_operator.py took 4.928 seconds
[2024-05-05T01:29:12.190+0000] {processor.py:161} INFO - Started process (PID=7972) to work on /home/airflow/.local/lib/python3.12/site-packages/airflow/example_dags/example_branch_day_of_week_operator.py
[2024-05-05T01:29:12.239+0000] {processor.py:830} INFO - Processing file /home/airflow/.local/lib/python3.12/site-packages/airflow/example_dags/example_branch_day_of_week_operator.py for tasks to queue
[2024-05-05T01:29:12.408+0000] {logging_mixin.py:188} INFO - [2024-05-05T01:29:12.342+0000] {dagbag.py:540} INFO - Filling up the DagBag from /home/airflow/.local/lib/python3.12/site-packages/airflow/example_dags/example_branch_day_of_week_operator.py
[2024-05-05T01:29:13.061+0000] {processor.py:840} INFO - DAG(s) 'example_weekday_branch_operator' retrieved from /home/airflow/.local/lib/python3.12/site-packages/airflow/example_dags/example_branch_day_of_week_operator.py
[2024-05-05T01:29:14.046+0000] {logging_mixin.py:188} INFO - [2024-05-05T01:29:14.043+0000] {dag.py:3096} INFO - Sync 1 DAGs
[2024-05-05T01:29:14.932+0000] {logging_mixin.py:188} INFO - [2024-05-05T01:29:14.927+0000] {dag.py:3954} INFO - Setting next_dagrun for example_weekday_branch_operator to 2024-05-04 00:00:00+00:00, run_after=2024-05-05 00:00:00+00:00
[2024-05-05T01:29:15.357+0000] {processor.py:183} INFO - Processing /home/airflow/.local/lib/python3.12/site-packages/airflow/example_dags/example_branch_day_of_week_operator.py took 3.568 seconds
[2024-05-05T01:45:29.933+0000] {processor.py:161} INFO - Started process (PID=8028) to work on /home/airflow/.local/lib/python3.12/site-packages/airflow/example_dags/example_branch_day_of_week_operator.py
[2024-05-05T01:45:29.949+0000] {processor.py:830} INFO - Processing file /home/airflow/.local/lib/python3.12/site-packages/airflow/example_dags/example_branch_day_of_week_operator.py for tasks to queue
[2024-05-05T01:45:29.967+0000] {logging_mixin.py:188} INFO - [2024-05-05T01:45:29.965+0000] {dagbag.py:540} INFO - Filling up the DagBag from /home/airflow/.local/lib/python3.12/site-packages/airflow/example_dags/example_branch_day_of_week_operator.py
[2024-05-05T01:45:30.160+0000] {processor.py:840} INFO - DAG(s) 'example_weekday_branch_operator' retrieved from /home/airflow/.local/lib/python3.12/site-packages/airflow/example_dags/example_branch_day_of_week_operator.py
[2024-05-05T01:45:30.698+0000] {logging_mixin.py:188} INFO - [2024-05-05T01:45:30.697+0000] {dag.py:3096} INFO - Sync 1 DAGs
[2024-05-05T01:45:31.125+0000] {logging_mixin.py:188} INFO - [2024-05-05T01:45:31.119+0000] {dag.py:3954} INFO - Setting next_dagrun for example_weekday_branch_operator to 2024-05-04 00:00:00+00:00, run_after=2024-05-05 00:00:00+00:00
[2024-05-05T01:45:31.371+0000] {processor.py:183} INFO - Processing /home/airflow/.local/lib/python3.12/site-packages/airflow/example_dags/example_branch_day_of_week_operator.py took 1.611 seconds
[2024-05-05T02:03:06.415+0000] {processor.py:161} INFO - Started process (PID=8077) to work on /home/airflow/.local/lib/python3.12/site-packages/airflow/example_dags/example_branch_day_of_week_operator.py
[2024-05-05T02:03:06.429+0000] {processor.py:830} INFO - Processing file /home/airflow/.local/lib/python3.12/site-packages/airflow/example_dags/example_branch_day_of_week_operator.py for tasks to queue
[2024-05-05T02:03:06.431+0000] {logging_mixin.py:188} INFO - [2024-05-05T02:03:06.431+0000] {dagbag.py:540} INFO - Filling up the DagBag from /home/airflow/.local/lib/python3.12/site-packages/airflow/example_dags/example_branch_day_of_week_operator.py
[2024-05-05T02:03:06.452+0000] {processor.py:840} INFO - DAG(s) 'example_weekday_branch_operator' retrieved from /home/airflow/.local/lib/python3.12/site-packages/airflow/example_dags/example_branch_day_of_week_operator.py
[2024-05-05T02:03:06.523+0000] {logging_mixin.py:188} INFO - [2024-05-05T02:03:06.523+0000] {dag.py:3096} INFO - Sync 1 DAGs
[2024-05-05T02:03:06.604+0000] {logging_mixin.py:188} INFO - [2024-05-05T02:03:06.603+0000] {dag.py:3954} INFO - Setting next_dagrun for example_weekday_branch_operator to 2024-05-04 00:00:00+00:00, run_after=2024-05-05 00:00:00+00:00
[2024-05-05T02:03:06.864+0000] {processor.py:183} INFO - Processing /home/airflow/.local/lib/python3.12/site-packages/airflow/example_dags/example_branch_day_of_week_operator.py took 0.465 seconds
[2024-05-05T02:04:04.714+0000] {processor.py:161} INFO - Started process (PID=8126) to work on /home/airflow/.local/lib/python3.12/site-packages/airflow/example_dags/example_branch_day_of_week_operator.py
[2024-05-05T02:04:04.763+0000] {processor.py:830} INFO - Processing file /home/airflow/.local/lib/python3.12/site-packages/airflow/example_dags/example_branch_day_of_week_operator.py for tasks to queue
[2024-05-05T02:04:04.791+0000] {logging_mixin.py:188} INFO - [2024-05-05T02:04:04.784+0000] {dagbag.py:540} INFO - Filling up the DagBag from /home/airflow/.local/lib/python3.12/site-packages/airflow/example_dags/example_branch_day_of_week_operator.py
[2024-05-05T02:04:04.941+0000] {processor.py:840} INFO - DAG(s) 'example_weekday_branch_operator' retrieved from /home/airflow/.local/lib/python3.12/site-packages/airflow/example_dags/example_branch_day_of_week_operator.py
[2024-05-05T02:04:05.347+0000] {logging_mixin.py:188} INFO - [2024-05-05T02:04:05.345+0000] {dag.py:3096} INFO - Sync 1 DAGs
[2024-05-05T02:04:05.925+0000] {logging_mixin.py:188} INFO - [2024-05-05T02:04:05.907+0000] {dag.py:3954} INFO - Setting next_dagrun for example_weekday_branch_operator to 2024-05-04 00:00:00+00:00, run_after=2024-05-05 00:00:00+00:00
[2024-05-05T02:04:06.297+0000] {processor.py:183} INFO - Processing /home/airflow/.local/lib/python3.12/site-packages/airflow/example_dags/example_branch_day_of_week_operator.py took 1.892 seconds
[2024-05-05T02:04:49.297+0000] {processor.py:161} INFO - Started process (PID=8165) to work on /home/airflow/.local/lib/python3.12/site-packages/airflow/example_dags/example_branch_day_of_week_operator.py
[2024-05-05T02:04:49.304+0000] {processor.py:830} INFO - Processing file /home/airflow/.local/lib/python3.12/site-packages/airflow/example_dags/example_branch_day_of_week_operator.py for tasks to queue
[2024-05-05T02:04:49.306+0000] {logging_mixin.py:188} INFO - [2024-05-05T02:04:49.306+0000] {dagbag.py:540} INFO - Filling up the DagBag from /home/airflow/.local/lib/python3.12/site-packages/airflow/example_dags/example_branch_day_of_week_operator.py
[2024-05-05T02:04:49.357+0000] {processor.py:840} INFO - DAG(s) 'example_weekday_branch_operator' retrieved from /home/airflow/.local/lib/python3.12/site-packages/airflow/example_dags/example_branch_day_of_week_operator.py
[2024-05-05T02:04:49.503+0000] {logging_mixin.py:188} INFO - [2024-05-05T02:04:49.503+0000] {dag.py:3096} INFO - Sync 1 DAGs
[2024-05-05T02:04:49.638+0000] {logging_mixin.py:188} INFO - [2024-05-05T02:04:49.638+0000] {dag.py:3954} INFO - Setting next_dagrun for example_weekday_branch_operator to 2024-05-04 00:00:00+00:00, run_after=2024-05-05 00:00:00+00:00
[2024-05-05T02:04:49.783+0000] {processor.py:183} INFO - Processing /home/airflow/.local/lib/python3.12/site-packages/airflow/example_dags/example_branch_day_of_week_operator.py took 0.521 seconds
[2024-05-05T03:14:50.017+0000] {processor.py:161} INFO - Started process (PID=8216) to work on /home/airflow/.local/lib/python3.12/site-packages/airflow/example_dags/example_branch_day_of_week_operator.py
[2024-05-05T03:14:50.036+0000] {processor.py:830} INFO - Processing file /home/airflow/.local/lib/python3.12/site-packages/airflow/example_dags/example_branch_day_of_week_operator.py for tasks to queue
[2024-05-05T03:14:50.062+0000] {logging_mixin.py:188} INFO - [2024-05-05T03:14:50.060+0000] {dagbag.py:540} INFO - Filling up the DagBag from /home/airflow/.local/lib/python3.12/site-packages/airflow/example_dags/example_branch_day_of_week_operator.py
[2024-05-05T03:14:50.135+0000] {processor.py:840} INFO - DAG(s) 'example_weekday_branch_operator' retrieved from /home/airflow/.local/lib/python3.12/site-packages/airflow/example_dags/example_branch_day_of_week_operator.py
[2024-05-05T03:14:50.316+0000] {logging_mixin.py:188} INFO - [2024-05-05T03:14:50.314+0000] {dag.py:3096} INFO - Sync 1 DAGs
[2024-05-05T03:14:50.534+0000] {logging_mixin.py:188} INFO - [2024-05-05T03:14:50.532+0000] {dag.py:3954} INFO - Setting next_dagrun for example_weekday_branch_operator to 2024-05-04 00:00:00+00:00, run_after=2024-05-05 00:00:00+00:00
[2024-05-05T03:14:50.709+0000] {processor.py:183} INFO - Processing /home/airflow/.local/lib/python3.12/site-packages/airflow/example_dags/example_branch_day_of_week_operator.py took 0.744 seconds
[2024-05-05T03:15:29.568+0000] {processor.py:161} INFO - Started process (PID=8274) to work on /home/airflow/.local/lib/python3.12/site-packages/airflow/example_dags/example_branch_day_of_week_operator.py
[2024-05-05T03:15:29.571+0000] {processor.py:830} INFO - Processing file /home/airflow/.local/lib/python3.12/site-packages/airflow/example_dags/example_branch_day_of_week_operator.py for tasks to queue
[2024-05-05T03:15:29.575+0000] {logging_mixin.py:188} INFO - [2024-05-05T03:15:29.575+0000] {dagbag.py:540} INFO - Filling up the DagBag from /home/airflow/.local/lib/python3.12/site-packages/airflow/example_dags/example_branch_day_of_week_operator.py
[2024-05-05T03:15:29.589+0000] {processor.py:840} INFO - DAG(s) 'example_weekday_branch_operator' retrieved from /home/airflow/.local/lib/python3.12/site-packages/airflow/example_dags/example_branch_day_of_week_operator.py
[2024-05-05T03:15:29.627+0000] {logging_mixin.py:188} INFO - [2024-05-05T03:15:29.626+0000] {dag.py:3096} INFO - Sync 1 DAGs
[2024-05-05T03:15:29.665+0000] {logging_mixin.py:188} INFO - [2024-05-05T03:15:29.665+0000] {dag.py:3954} INFO - Setting next_dagrun for example_weekday_branch_operator to 2024-05-04 00:00:00+00:00, run_after=2024-05-05 00:00:00+00:00
[2024-05-05T03:15:29.695+0000] {processor.py:183} INFO - Processing /home/airflow/.local/lib/python3.12/site-packages/airflow/example_dags/example_branch_day_of_week_operator.py took 0.147 seconds
[2024-05-05T03:48:39.433+0000] {processor.py:161} INFO - Started process (PID=8306) to work on /home/airflow/.local/lib/python3.12/site-packages/airflow/example_dags/example_branch_day_of_week_operator.py
[2024-05-05T03:48:39.440+0000] {processor.py:830} INFO - Processing file /home/airflow/.local/lib/python3.12/site-packages/airflow/example_dags/example_branch_day_of_week_operator.py for tasks to queue
[2024-05-05T03:48:39.457+0000] {logging_mixin.py:188} INFO - [2024-05-05T03:48:39.456+0000] {dagbag.py:540} INFO - Filling up the DagBag from /home/airflow/.local/lib/python3.12/site-packages/airflow/example_dags/example_branch_day_of_week_operator.py
[2024-05-05T03:48:39.615+0000] {processor.py:840} INFO - DAG(s) 'example_weekday_branch_operator' retrieved from /home/airflow/.local/lib/python3.12/site-packages/airflow/example_dags/example_branch_day_of_week_operator.py
[2024-05-05T03:48:40.015+0000] {logging_mixin.py:188} INFO - [2024-05-05T03:48:40.000+0000] {dag.py:3096} INFO - Sync 1 DAGs
[2024-05-05T03:48:40.975+0000] {logging_mixin.py:188} INFO - [2024-05-05T03:48:40.974+0000] {dag.py:3954} INFO - Setting next_dagrun for example_weekday_branch_operator to 2024-05-04 00:00:00+00:00, run_after=2024-05-05 00:00:00+00:00
[2024-05-05T03:48:41.224+0000] {processor.py:183} INFO - Processing /home/airflow/.local/lib/python3.12/site-packages/airflow/example_dags/example_branch_day_of_week_operator.py took 1.899 seconds
[2024-05-05T04:00:12.730+0000] {processor.py:161} INFO - Started process (PID=8362) to work on /home/airflow/.local/lib/python3.12/site-packages/airflow/example_dags/example_branch_day_of_week_operator.py
[2024-05-05T04:00:12.736+0000] {processor.py:830} INFO - Processing file /home/airflow/.local/lib/python3.12/site-packages/airflow/example_dags/example_branch_day_of_week_operator.py for tasks to queue
[2024-05-05T04:00:12.745+0000] {logging_mixin.py:188} INFO - [2024-05-05T04:00:12.742+0000] {dagbag.py:540} INFO - Filling up the DagBag from /home/airflow/.local/lib/python3.12/site-packages/airflow/example_dags/example_branch_day_of_week_operator.py
[2024-05-05T04:00:12.944+0000] {processor.py:840} INFO - DAG(s) 'example_weekday_branch_operator' retrieved from /home/airflow/.local/lib/python3.12/site-packages/airflow/example_dags/example_branch_day_of_week_operator.py
[2024-05-05T04:00:13.538+0000] {logging_mixin.py:188} INFO - [2024-05-05T04:00:13.536+0000] {dag.py:3096} INFO - Sync 1 DAGs
[2024-05-05T04:00:14.357+0000] {logging_mixin.py:188} INFO - [2024-05-05T04:00:14.353+0000] {dag.py:3954} INFO - Setting next_dagrun for example_weekday_branch_operator to 2024-05-04 00:00:00+00:00, run_after=2024-05-05 00:00:00+00:00
[2024-05-05T04:00:15.379+0000] {processor.py:183} INFO - Processing /home/airflow/.local/lib/python3.12/site-packages/airflow/example_dags/example_branch_day_of_week_operator.py took 2.683 seconds
[2024-05-05T04:01:19.511+0000] {processor.py:161} INFO - Started process (PID=8422) to work on /home/airflow/.local/lib/python3.12/site-packages/airflow/example_dags/example_branch_day_of_week_operator.py
[2024-05-05T04:01:19.550+0000] {processor.py:830} INFO - Processing file /home/airflow/.local/lib/python3.12/site-packages/airflow/example_dags/example_branch_day_of_week_operator.py for tasks to queue
[2024-05-05T04:01:19.575+0000] {logging_mixin.py:188} INFO - [2024-05-05T04:01:19.561+0000] {dagbag.py:540} INFO - Filling up the DagBag from /home/airflow/.local/lib/python3.12/site-packages/airflow/example_dags/example_branch_day_of_week_operator.py
[2024-05-05T04:01:19.768+0000] {processor.py:840} INFO - DAG(s) 'example_weekday_branch_operator' retrieved from /home/airflow/.local/lib/python3.12/site-packages/airflow/example_dags/example_branch_day_of_week_operator.py
[2024-05-05T04:01:20.236+0000] {logging_mixin.py:188} INFO - [2024-05-05T04:01:20.213+0000] {dag.py:3096} INFO - Sync 1 DAGs
[2024-05-05T04:01:20.666+0000] {logging_mixin.py:188} INFO - [2024-05-05T04:01:20.665+0000] {dag.py:3954} INFO - Setting next_dagrun for example_weekday_branch_operator to 2024-05-04 00:00:00+00:00, run_after=2024-05-05 00:00:00+00:00
[2024-05-05T04:01:20.913+0000] {processor.py:183} INFO - Processing /home/airflow/.local/lib/python3.12/site-packages/airflow/example_dags/example_branch_day_of_week_operator.py took 1.563 seconds
[2024-05-05T04:01:59.290+0000] {processor.py:161} INFO - Started process (PID=8476) to work on /home/airflow/.local/lib/python3.12/site-packages/airflow/example_dags/example_branch_day_of_week_operator.py
[2024-05-05T04:01:59.297+0000] {processor.py:830} INFO - Processing file /home/airflow/.local/lib/python3.12/site-packages/airflow/example_dags/example_branch_day_of_week_operator.py for tasks to queue
[2024-05-05T04:01:59.304+0000] {logging_mixin.py:188} INFO - [2024-05-05T04:01:59.302+0000] {dagbag.py:540} INFO - Filling up the DagBag from /home/airflow/.local/lib/python3.12/site-packages/airflow/example_dags/example_branch_day_of_week_operator.py
[2024-05-05T04:01:59.369+0000] {processor.py:840} INFO - DAG(s) 'example_weekday_branch_operator' retrieved from /home/airflow/.local/lib/python3.12/site-packages/airflow/example_dags/example_branch_day_of_week_operator.py
[2024-05-05T04:01:59.567+0000] {logging_mixin.py:188} INFO - [2024-05-05T04:01:59.566+0000] {dag.py:3096} INFO - Sync 1 DAGs
[2024-05-05T04:01:59.677+0000] {logging_mixin.py:188} INFO - [2024-05-05T04:01:59.677+0000] {dag.py:3954} INFO - Setting next_dagrun for example_weekday_branch_operator to 2024-05-04 00:00:00+00:00, run_after=2024-05-05 00:00:00+00:00
[2024-05-05T04:01:59.761+0000] {processor.py:183} INFO - Processing /home/airflow/.local/lib/python3.12/site-packages/airflow/example_dags/example_branch_day_of_week_operator.py took 0.523 seconds
[2024-05-05T04:02:35.966+0000] {processor.py:161} INFO - Started process (PID=8534) to work on /home/airflow/.local/lib/python3.12/site-packages/airflow/example_dags/example_branch_day_of_week_operator.py
[2024-05-05T04:02:35.973+0000] {processor.py:830} INFO - Processing file /home/airflow/.local/lib/python3.12/site-packages/airflow/example_dags/example_branch_day_of_week_operator.py for tasks to queue
[2024-05-05T04:02:35.982+0000] {logging_mixin.py:188} INFO - [2024-05-05T04:02:35.980+0000] {dagbag.py:540} INFO - Filling up the DagBag from /home/airflow/.local/lib/python3.12/site-packages/airflow/example_dags/example_branch_day_of_week_operator.py
[2024-05-05T04:02:36.078+0000] {processor.py:840} INFO - DAG(s) 'example_weekday_branch_operator' retrieved from /home/airflow/.local/lib/python3.12/site-packages/airflow/example_dags/example_branch_day_of_week_operator.py
[2024-05-05T04:02:36.229+0000] {logging_mixin.py:188} INFO - [2024-05-05T04:02:36.228+0000] {dag.py:3096} INFO - Sync 1 DAGs
[2024-05-05T04:02:36.352+0000] {logging_mixin.py:188} INFO - [2024-05-05T04:02:36.351+0000] {dag.py:3954} INFO - Setting next_dagrun for example_weekday_branch_operator to 2024-05-04 00:00:00+00:00, run_after=2024-05-05 00:00:00+00:00
[2024-05-05T04:02:36.492+0000] {processor.py:183} INFO - Processing /home/airflow/.local/lib/python3.12/site-packages/airflow/example_dags/example_branch_day_of_week_operator.py took 0.559 seconds
[2024-05-05T04:03:11.890+0000] {processor.py:161} INFO - Started process (PID=8595) to work on /home/airflow/.local/lib/python3.12/site-packages/airflow/example_dags/example_branch_day_of_week_operator.py
[2024-05-05T04:03:11.905+0000] {processor.py:830} INFO - Processing file /home/airflow/.local/lib/python3.12/site-packages/airflow/example_dags/example_branch_day_of_week_operator.py for tasks to queue
[2024-05-05T04:03:11.921+0000] {logging_mixin.py:188} INFO - [2024-05-05T04:03:11.917+0000] {dagbag.py:540} INFO - Filling up the DagBag from /home/airflow/.local/lib/python3.12/site-packages/airflow/example_dags/example_branch_day_of_week_operator.py
[2024-05-05T04:03:11.962+0000] {processor.py:840} INFO - DAG(s) 'example_weekday_branch_operator' retrieved from /home/airflow/.local/lib/python3.12/site-packages/airflow/example_dags/example_branch_day_of_week_operator.py
[2024-05-05T04:03:12.176+0000] {logging_mixin.py:188} INFO - [2024-05-05T04:03:12.175+0000] {dag.py:3096} INFO - Sync 1 DAGs
[2024-05-05T04:03:12.372+0000] {logging_mixin.py:188} INFO - [2024-05-05T04:03:12.371+0000] {dag.py:3954} INFO - Setting next_dagrun for example_weekday_branch_operator to 2024-05-04 00:00:00+00:00, run_after=2024-05-05 00:00:00+00:00
[2024-05-05T04:03:12.462+0000] {processor.py:183} INFO - Processing /home/airflow/.local/lib/python3.12/site-packages/airflow/example_dags/example_branch_day_of_week_operator.py took 0.600 seconds
[2024-05-05T04:03:52.217+0000] {processor.py:161} INFO - Started process (PID=8654) to work on /home/airflow/.local/lib/python3.12/site-packages/airflow/example_dags/example_branch_day_of_week_operator.py
[2024-05-05T04:03:52.225+0000] {processor.py:830} INFO - Processing file /home/airflow/.local/lib/python3.12/site-packages/airflow/example_dags/example_branch_day_of_week_operator.py for tasks to queue
[2024-05-05T04:03:52.234+0000] {logging_mixin.py:188} INFO - [2024-05-05T04:03:52.233+0000] {dagbag.py:540} INFO - Filling up the DagBag from /home/airflow/.local/lib/python3.12/site-packages/airflow/example_dags/example_branch_day_of_week_operator.py
[2024-05-05T04:03:52.313+0000] {processor.py:840} INFO - DAG(s) 'example_weekday_branch_operator' retrieved from /home/airflow/.local/lib/python3.12/site-packages/airflow/example_dags/example_branch_day_of_week_operator.py
[2024-05-05T04:03:52.484+0000] {logging_mixin.py:188} INFO - [2024-05-05T04:03:52.483+0000] {dag.py:3096} INFO - Sync 1 DAGs
[2024-05-05T04:03:52.635+0000] {logging_mixin.py:188} INFO - [2024-05-05T04:03:52.634+0000] {dag.py:3954} INFO - Setting next_dagrun for example_weekday_branch_operator to 2024-05-04 00:00:00+00:00, run_after=2024-05-05 00:00:00+00:00
[2024-05-05T04:03:52.738+0000] {processor.py:183} INFO - Processing /home/airflow/.local/lib/python3.12/site-packages/airflow/example_dags/example_branch_day_of_week_operator.py took 0.594 seconds
[2024-05-05T04:04:30.677+0000] {processor.py:161} INFO - Started process (PID=8713) to work on /home/airflow/.local/lib/python3.12/site-packages/airflow/example_dags/example_branch_day_of_week_operator.py
[2024-05-05T04:04:30.698+0000] {processor.py:830} INFO - Processing file /home/airflow/.local/lib/python3.12/site-packages/airflow/example_dags/example_branch_day_of_week_operator.py for tasks to queue
[2024-05-05T04:04:30.733+0000] {logging_mixin.py:188} INFO - [2024-05-05T04:04:30.716+0000] {dagbag.py:540} INFO - Filling up the DagBag from /home/airflow/.local/lib/python3.12/site-packages/airflow/example_dags/example_branch_day_of_week_operator.py
[2024-05-05T04:04:30.978+0000] {processor.py:840} INFO - DAG(s) 'example_weekday_branch_operator' retrieved from /home/airflow/.local/lib/python3.12/site-packages/airflow/example_dags/example_branch_day_of_week_operator.py
[2024-05-05T04:04:31.414+0000] {logging_mixin.py:188} INFO - [2024-05-05T04:04:31.412+0000] {dag.py:3096} INFO - Sync 1 DAGs
[2024-05-05T04:04:31.969+0000] {logging_mixin.py:188} INFO - [2024-05-05T04:04:31.959+0000] {dag.py:3954} INFO - Setting next_dagrun for example_weekday_branch_operator to 2024-05-04 00:00:00+00:00, run_after=2024-05-05 00:00:00+00:00
[2024-05-05T04:04:32.453+0000] {processor.py:183} INFO - Processing /home/airflow/.local/lib/python3.12/site-packages/airflow/example_dags/example_branch_day_of_week_operator.py took 1.875 seconds
[2024-05-05T04:05:07.900+0000] {processor.py:161} INFO - Started process (PID=8766) to work on /home/airflow/.local/lib/python3.12/site-packages/airflow/example_dags/example_branch_day_of_week_operator.py
[2024-05-05T04:05:07.928+0000] {processor.py:830} INFO - Processing file /home/airflow/.local/lib/python3.12/site-packages/airflow/example_dags/example_branch_day_of_week_operator.py for tasks to queue
[2024-05-05T04:05:07.945+0000] {logging_mixin.py:188} INFO - [2024-05-05T04:05:07.943+0000] {dagbag.py:540} INFO - Filling up the DagBag from /home/airflow/.local/lib/python3.12/site-packages/airflow/example_dags/example_branch_day_of_week_operator.py
[2024-05-05T04:05:08.300+0000] {processor.py:840} INFO - DAG(s) 'example_weekday_branch_operator' retrieved from /home/airflow/.local/lib/python3.12/site-packages/airflow/example_dags/example_branch_day_of_week_operator.py
[2024-05-05T04:05:08.738+0000] {logging_mixin.py:188} INFO - [2024-05-05T04:05:08.737+0000] {dag.py:3096} INFO - Sync 1 DAGs
[2024-05-05T04:05:09.125+0000] {logging_mixin.py:188} INFO - [2024-05-05T04:05:09.124+0000] {dag.py:3954} INFO - Setting next_dagrun for example_weekday_branch_operator to 2024-05-04 00:00:00+00:00, run_after=2024-05-05 00:00:00+00:00
[2024-05-05T04:05:09.392+0000] {processor.py:183} INFO - Processing /home/airflow/.local/lib/python3.12/site-packages/airflow/example_dags/example_branch_day_of_week_operator.py took 1.666 seconds
[2024-05-05T04:05:54.535+0000] {processor.py:161} INFO - Started process (PID=8831) to work on /home/airflow/.local/lib/python3.12/site-packages/airflow/example_dags/example_branch_day_of_week_operator.py
[2024-05-05T04:05:54.572+0000] {processor.py:830} INFO - Processing file /home/airflow/.local/lib/python3.12/site-packages/airflow/example_dags/example_branch_day_of_week_operator.py for tasks to queue
[2024-05-05T04:05:54.626+0000] {logging_mixin.py:188} INFO - [2024-05-05T04:05:54.616+0000] {dagbag.py:540} INFO - Filling up the DagBag from /home/airflow/.local/lib/python3.12/site-packages/airflow/example_dags/example_branch_day_of_week_operator.py
[2024-05-05T04:05:54.916+0000] {processor.py:840} INFO - DAG(s) 'example_weekday_branch_operator' retrieved from /home/airflow/.local/lib/python3.12/site-packages/airflow/example_dags/example_branch_day_of_week_operator.py
[2024-05-05T04:05:55.627+0000] {logging_mixin.py:188} INFO - [2024-05-05T04:05:55.615+0000] {dag.py:3096} INFO - Sync 1 DAGs
[2024-05-05T04:05:56.414+0000] {logging_mixin.py:188} INFO - [2024-05-05T04:05:56.413+0000] {dag.py:3954} INFO - Setting next_dagrun for example_weekday_branch_operator to 2024-05-04 00:00:00+00:00, run_after=2024-05-05 00:00:00+00:00
[2024-05-05T04:05:57.219+0000] {processor.py:183} INFO - Processing /home/airflow/.local/lib/python3.12/site-packages/airflow/example_dags/example_branch_day_of_week_operator.py took 2.984 seconds
[2024-05-05T04:07:22.001+0000] {processor.py:161} INFO - Started process (PID=8898) to work on /home/airflow/.local/lib/python3.12/site-packages/airflow/example_dags/example_branch_day_of_week_operator.py
[2024-05-05T04:07:22.021+0000] {processor.py:830} INFO - Processing file /home/airflow/.local/lib/python3.12/site-packages/airflow/example_dags/example_branch_day_of_week_operator.py for tasks to queue
[2024-05-05T04:07:22.062+0000] {logging_mixin.py:188} INFO - [2024-05-05T04:07:22.047+0000] {dagbag.py:540} INFO - Filling up the DagBag from /home/airflow/.local/lib/python3.12/site-packages/airflow/example_dags/example_branch_day_of_week_operator.py
[2024-05-05T04:07:22.192+0000] {processor.py:840} INFO - DAG(s) 'example_weekday_branch_operator' retrieved from /home/airflow/.local/lib/python3.12/site-packages/airflow/example_dags/example_branch_day_of_week_operator.py
[2024-05-05T04:07:22.966+0000] {logging_mixin.py:188} INFO - [2024-05-05T04:07:22.951+0000] {dag.py:3096} INFO - Sync 1 DAGs
[2024-05-05T04:07:24.098+0000] {logging_mixin.py:188} INFO - [2024-05-05T04:07:24.082+0000] {dag.py:3954} INFO - Setting next_dagrun for example_weekday_branch_operator to 2024-05-04 00:00:00+00:00, run_after=2024-05-05 00:00:00+00:00
[2024-05-05T04:07:25.104+0000] {processor.py:183} INFO - Processing /home/airflow/.local/lib/python3.12/site-packages/airflow/example_dags/example_branch_day_of_week_operator.py took 3.413 seconds
[2024-05-05T04:08:35.371+0000] {processor.py:161} INFO - Started process (PID=8941) to work on /home/airflow/.local/lib/python3.12/site-packages/airflow/example_dags/example_branch_day_of_week_operator.py
[2024-05-05T04:08:35.392+0000] {processor.py:830} INFO - Processing file /home/airflow/.local/lib/python3.12/site-packages/airflow/example_dags/example_branch_day_of_week_operator.py for tasks to queue
[2024-05-05T04:08:35.407+0000] {logging_mixin.py:188} INFO - [2024-05-05T04:08:35.404+0000] {dagbag.py:540} INFO - Filling up the DagBag from /home/airflow/.local/lib/python3.12/site-packages/airflow/example_dags/example_branch_day_of_week_operator.py
[2024-05-05T04:08:35.630+0000] {processor.py:840} INFO - DAG(s) 'example_weekday_branch_operator' retrieved from /home/airflow/.local/lib/python3.12/site-packages/airflow/example_dags/example_branch_day_of_week_operator.py
[2024-05-05T04:08:36.197+0000] {logging_mixin.py:188} INFO - [2024-05-05T04:08:36.195+0000] {dag.py:3096} INFO - Sync 1 DAGs
[2024-05-05T04:08:37.145+0000] {logging_mixin.py:188} INFO - [2024-05-05T04:08:37.143+0000] {dag.py:3954} INFO - Setting next_dagrun for example_weekday_branch_operator to 2024-05-04 00:00:00+00:00, run_after=2024-05-05 00:00:00+00:00
[2024-05-05T04:08:38.051+0000] {processor.py:183} INFO - Processing /home/airflow/.local/lib/python3.12/site-packages/airflow/example_dags/example_branch_day_of_week_operator.py took 2.964 seconds
[2024-05-05T04:09:45.812+0000] {processor.py:161} INFO - Started process (PID=8989) to work on /home/airflow/.local/lib/python3.12/site-packages/airflow/example_dags/example_branch_day_of_week_operator.py
[2024-05-05T04:09:45.870+0000] {processor.py:830} INFO - Processing file /home/airflow/.local/lib/python3.12/site-packages/airflow/example_dags/example_branch_day_of_week_operator.py for tasks to queue
[2024-05-05T04:09:45.882+0000] {logging_mixin.py:188} INFO - [2024-05-05T04:09:45.879+0000] {dagbag.py:540} INFO - Filling up the DagBag from /home/airflow/.local/lib/python3.12/site-packages/airflow/example_dags/example_branch_day_of_week_operator.py
[2024-05-05T04:09:46.144+0000] {processor.py:840} INFO - DAG(s) 'example_weekday_branch_operator' retrieved from /home/airflow/.local/lib/python3.12/site-packages/airflow/example_dags/example_branch_day_of_week_operator.py
[2024-05-05T04:09:46.821+0000] {logging_mixin.py:188} INFO - [2024-05-05T04:09:46.810+0000] {dag.py:3096} INFO - Sync 1 DAGs
[2024-05-05T04:09:47.733+0000] {logging_mixin.py:188} INFO - [2024-05-05T04:09:47.731+0000] {dag.py:3954} INFO - Setting next_dagrun for example_weekday_branch_operator to 2024-05-04 00:00:00+00:00, run_after=2024-05-05 00:00:00+00:00
[2024-05-05T04:09:48.164+0000] {processor.py:183} INFO - Processing /home/airflow/.local/lib/python3.12/site-packages/airflow/example_dags/example_branch_day_of_week_operator.py took 2.630 seconds
[2024-05-05T04:11:03.996+0000] {processor.py:161} INFO - Started process (PID=9036) to work on /home/airflow/.local/lib/python3.12/site-packages/airflow/example_dags/example_branch_day_of_week_operator.py
[2024-05-05T04:11:04.010+0000] {processor.py:830} INFO - Processing file /home/airflow/.local/lib/python3.12/site-packages/airflow/example_dags/example_branch_day_of_week_operator.py for tasks to queue
[2024-05-05T04:11:04.023+0000] {logging_mixin.py:188} INFO - [2024-05-05T04:11:04.018+0000] {dagbag.py:540} INFO - Filling up the DagBag from /home/airflow/.local/lib/python3.12/site-packages/airflow/example_dags/example_branch_day_of_week_operator.py
[2024-05-05T04:11:04.258+0000] {processor.py:840} INFO - DAG(s) 'example_weekday_branch_operator' retrieved from /home/airflow/.local/lib/python3.12/site-packages/airflow/example_dags/example_branch_day_of_week_operator.py
[2024-05-05T04:11:05.563+0000] {logging_mixin.py:188} INFO - [2024-05-05T04:11:05.551+0000] {dag.py:3096} INFO - Sync 1 DAGs
[2024-05-05T04:11:06.295+0000] {logging_mixin.py:188} INFO - [2024-05-05T04:11:06.294+0000] {dag.py:3954} INFO - Setting next_dagrun for example_weekday_branch_operator to 2024-05-04 00:00:00+00:00, run_after=2024-05-05 00:00:00+00:00
[2024-05-05T04:11:06.868+0000] {processor.py:183} INFO - Processing /home/airflow/.local/lib/python3.12/site-packages/airflow/example_dags/example_branch_day_of_week_operator.py took 3.112 seconds
[2024-05-05T04:12:13.039+0000] {processor.py:161} INFO - Started process (PID=9083) to work on /home/airflow/.local/lib/python3.12/site-packages/airflow/example_dags/example_branch_day_of_week_operator.py
[2024-05-05T04:12:13.112+0000] {processor.py:830} INFO - Processing file /home/airflow/.local/lib/python3.12/site-packages/airflow/example_dags/example_branch_day_of_week_operator.py for tasks to queue
[2024-05-05T04:12:13.231+0000] {logging_mixin.py:188} INFO - [2024-05-05T04:12:13.171+0000] {dagbag.py:540} INFO - Filling up the DagBag from /home/airflow/.local/lib/python3.12/site-packages/airflow/example_dags/example_branch_day_of_week_operator.py
[2024-05-05T04:12:13.891+0000] {processor.py:840} INFO - DAG(s) 'example_weekday_branch_operator' retrieved from /home/airflow/.local/lib/python3.12/site-packages/airflow/example_dags/example_branch_day_of_week_operator.py
[2024-05-05T04:12:15.114+0000] {logging_mixin.py:188} INFO - [2024-05-05T04:12:15.112+0000] {dag.py:3096} INFO - Sync 1 DAGs
[2024-05-05T04:12:15.731+0000] {logging_mixin.py:188} INFO - [2024-05-05T04:12:15.710+0000] {dag.py:3954} INFO - Setting next_dagrun for example_weekday_branch_operator to 2024-05-04 00:00:00+00:00, run_after=2024-05-05 00:00:00+00:00
[2024-05-05T04:12:16.148+0000] {processor.py:183} INFO - Processing /home/airflow/.local/lib/python3.12/site-packages/airflow/example_dags/example_branch_day_of_week_operator.py took 3.560 seconds
[2024-05-05T04:13:31.697+0000] {processor.py:161} INFO - Started process (PID=9136) to work on /home/airflow/.local/lib/python3.12/site-packages/airflow/example_dags/example_branch_day_of_week_operator.py
[2024-05-05T04:13:31.735+0000] {processor.py:830} INFO - Processing file /home/airflow/.local/lib/python3.12/site-packages/airflow/example_dags/example_branch_day_of_week_operator.py for tasks to queue
[2024-05-05T04:13:31.788+0000] {logging_mixin.py:188} INFO - [2024-05-05T04:13:31.757+0000] {dagbag.py:540} INFO - Filling up the DagBag from /home/airflow/.local/lib/python3.12/site-packages/airflow/example_dags/example_branch_day_of_week_operator.py
[2024-05-05T04:13:32.301+0000] {processor.py:840} INFO - DAG(s) 'example_weekday_branch_operator' retrieved from /home/airflow/.local/lib/python3.12/site-packages/airflow/example_dags/example_branch_day_of_week_operator.py
[2024-05-05T04:13:33.267+0000] {logging_mixin.py:188} INFO - [2024-05-05T04:13:33.239+0000] {dag.py:3096} INFO - Sync 1 DAGs
[2024-05-05T04:13:34.346+0000] {logging_mixin.py:188} INFO - [2024-05-05T04:13:34.335+0000] {dag.py:3954} INFO - Setting next_dagrun for example_weekday_branch_operator to 2024-05-04 00:00:00+00:00, run_after=2024-05-05 00:00:00+00:00
[2024-05-05T04:13:34.830+0000] {processor.py:183} INFO - Processing /home/airflow/.local/lib/python3.12/site-packages/airflow/example_dags/example_branch_day_of_week_operator.py took 3.373 seconds
[2024-05-05T04:14:45.929+0000] {processor.py:161} INFO - Started process (PID=9187) to work on /home/airflow/.local/lib/python3.12/site-packages/airflow/example_dags/example_branch_day_of_week_operator.py
[2024-05-05T04:14:45.978+0000] {processor.py:830} INFO - Processing file /home/airflow/.local/lib/python3.12/site-packages/airflow/example_dags/example_branch_day_of_week_operator.py for tasks to queue
[2024-05-05T04:14:46.036+0000] {logging_mixin.py:188} INFO - [2024-05-05T04:14:46.033+0000] {dagbag.py:540} INFO - Filling up the DagBag from /home/airflow/.local/lib/python3.12/site-packages/airflow/example_dags/example_branch_day_of_week_operator.py
[2024-05-05T04:14:46.774+0000] {processor.py:840} INFO - DAG(s) 'example_weekday_branch_operator' retrieved from /home/airflow/.local/lib/python3.12/site-packages/airflow/example_dags/example_branch_day_of_week_operator.py
[2024-05-05T04:14:47.860+0000] {logging_mixin.py:188} INFO - [2024-05-05T04:14:47.842+0000] {dag.py:3096} INFO - Sync 1 DAGs
[2024-05-05T04:14:48.889+0000] {logging_mixin.py:188} INFO - [2024-05-05T04:14:48.872+0000] {dag.py:3954} INFO - Setting next_dagrun for example_weekday_branch_operator to 2024-05-04 00:00:00+00:00, run_after=2024-05-05 00:00:00+00:00
[2024-05-05T04:14:49.574+0000] {processor.py:183} INFO - Processing /home/airflow/.local/lib/python3.12/site-packages/airflow/example_dags/example_branch_day_of_week_operator.py took 4.282 seconds
[2024-05-05T04:16:07.512+0000] {processor.py:161} INFO - Started process (PID=9239) to work on /home/airflow/.local/lib/python3.12/site-packages/airflow/example_dags/example_branch_day_of_week_operator.py
[2024-05-05T04:16:07.544+0000] {processor.py:830} INFO - Processing file /home/airflow/.local/lib/python3.12/site-packages/airflow/example_dags/example_branch_day_of_week_operator.py for tasks to queue
[2024-05-05T04:16:07.571+0000] {logging_mixin.py:188} INFO - [2024-05-05T04:16:07.560+0000] {dagbag.py:540} INFO - Filling up the DagBag from /home/airflow/.local/lib/python3.12/site-packages/airflow/example_dags/example_branch_day_of_week_operator.py
[2024-05-05T04:16:07.892+0000] {processor.py:840} INFO - DAG(s) 'example_weekday_branch_operator' retrieved from /home/airflow/.local/lib/python3.12/site-packages/airflow/example_dags/example_branch_day_of_week_operator.py
[2024-05-05T04:16:08.829+0000] {logging_mixin.py:188} INFO - [2024-05-05T04:16:08.820+0000] {dag.py:3096} INFO - Sync 1 DAGs
[2024-05-05T04:16:09.890+0000] {logging_mixin.py:188} INFO - [2024-05-05T04:16:09.872+0000] {dag.py:3954} INFO - Setting next_dagrun for example_weekday_branch_operator to 2024-05-04 00:00:00+00:00, run_after=2024-05-05 00:00:00+00:00
[2024-05-05T04:16:10.862+0000] {processor.py:183} INFO - Processing /home/airflow/.local/lib/python3.12/site-packages/airflow/example_dags/example_branch_day_of_week_operator.py took 3.671 seconds
[2024-05-05T04:17:17.895+0000] {processor.py:161} INFO - Started process (PID=9288) to work on /home/airflow/.local/lib/python3.12/site-packages/airflow/example_dags/example_branch_day_of_week_operator.py
[2024-05-05T04:17:17.923+0000] {processor.py:830} INFO - Processing file /home/airflow/.local/lib/python3.12/site-packages/airflow/example_dags/example_branch_day_of_week_operator.py for tasks to queue
[2024-05-05T04:17:17.951+0000] {logging_mixin.py:188} INFO - [2024-05-05T04:17:17.942+0000] {dagbag.py:540} INFO - Filling up the DagBag from /home/airflow/.local/lib/python3.12/site-packages/airflow/example_dags/example_branch_day_of_week_operator.py
[2024-05-05T04:17:18.255+0000] {processor.py:840} INFO - DAG(s) 'example_weekday_branch_operator' retrieved from /home/airflow/.local/lib/python3.12/site-packages/airflow/example_dags/example_branch_day_of_week_operator.py
[2024-05-05T04:17:18.937+0000] {logging_mixin.py:188} INFO - [2024-05-05T04:17:18.922+0000] {dag.py:3096} INFO - Sync 1 DAGs
[2024-05-05T04:17:19.891+0000] {logging_mixin.py:188} INFO - [2024-05-05T04:17:19.867+0000] {dag.py:3954} INFO - Setting next_dagrun for example_weekday_branch_operator to 2024-05-04 00:00:00+00:00, run_after=2024-05-05 00:00:00+00:00
[2024-05-05T04:17:20.585+0000] {processor.py:183} INFO - Processing /home/airflow/.local/lib/python3.12/site-packages/airflow/example_dags/example_branch_day_of_week_operator.py took 2.780 seconds
[2024-05-05T04:18:38.515+0000] {processor.py:161} INFO - Started process (PID=9336) to work on /home/airflow/.local/lib/python3.12/site-packages/airflow/example_dags/example_branch_day_of_week_operator.py
[2024-05-05T04:18:38.550+0000] {processor.py:830} INFO - Processing file /home/airflow/.local/lib/python3.12/site-packages/airflow/example_dags/example_branch_day_of_week_operator.py for tasks to queue
[2024-05-05T04:18:38.585+0000] {logging_mixin.py:188} INFO - [2024-05-05T04:18:38.582+0000] {dagbag.py:540} INFO - Filling up the DagBag from /home/airflow/.local/lib/python3.12/site-packages/airflow/example_dags/example_branch_day_of_week_operator.py
[2024-05-05T04:18:38.926+0000] {processor.py:840} INFO - DAG(s) 'example_weekday_branch_operator' retrieved from /home/airflow/.local/lib/python3.12/site-packages/airflow/example_dags/example_branch_day_of_week_operator.py
[2024-05-05T04:18:39.740+0000] {logging_mixin.py:188} INFO - [2024-05-05T04:18:39.738+0000] {dag.py:3096} INFO - Sync 1 DAGs
[2024-05-05T04:18:40.623+0000] {logging_mixin.py:188} INFO - [2024-05-05T04:18:40.613+0000] {dag.py:3954} INFO - Setting next_dagrun for example_weekday_branch_operator to 2024-05-04 00:00:00+00:00, run_after=2024-05-05 00:00:00+00:00
[2024-05-05T04:18:41.239+0000] {processor.py:183} INFO - Processing /home/airflow/.local/lib/python3.12/site-packages/airflow/example_dags/example_branch_day_of_week_operator.py took 2.866 seconds
[2024-05-05T04:19:44.104+0000] {processor.py:161} INFO - Started process (PID=9385) to work on /home/airflow/.local/lib/python3.12/site-packages/airflow/example_dags/example_branch_day_of_week_operator.py
[2024-05-05T04:19:44.155+0000] {processor.py:830} INFO - Processing file /home/airflow/.local/lib/python3.12/site-packages/airflow/example_dags/example_branch_day_of_week_operator.py for tasks to queue
[2024-05-05T04:19:44.218+0000] {logging_mixin.py:188} INFO - [2024-05-05T04:19:44.197+0000] {dagbag.py:540} INFO - Filling up the DagBag from /home/airflow/.local/lib/python3.12/site-packages/airflow/example_dags/example_branch_day_of_week_operator.py
[2024-05-05T04:19:44.576+0000] {processor.py:840} INFO - DAG(s) 'example_weekday_branch_operator' retrieved from /home/airflow/.local/lib/python3.12/site-packages/airflow/example_dags/example_branch_day_of_week_operator.py
[2024-05-05T04:19:45.202+0000] {logging_mixin.py:188} INFO - [2024-05-05T04:19:45.201+0000] {dag.py:3096} INFO - Sync 1 DAGs
[2024-05-05T04:19:46.553+0000] {logging_mixin.py:188} INFO - [2024-05-05T04:19:46.551+0000] {dag.py:3954} INFO - Setting next_dagrun for example_weekday_branch_operator to 2024-05-04 00:00:00+00:00, run_after=2024-05-05 00:00:00+00:00
[2024-05-05T04:19:47.701+0000] {processor.py:183} INFO - Processing /home/airflow/.local/lib/python3.12/site-packages/airflow/example_dags/example_branch_day_of_week_operator.py took 3.881 seconds
[2024-05-05T04:21:02.914+0000] {processor.py:161} INFO - Started process (PID=9436) to work on /home/airflow/.local/lib/python3.12/site-packages/airflow/example_dags/example_branch_day_of_week_operator.py
[2024-05-05T04:21:02.958+0000] {processor.py:830} INFO - Processing file /home/airflow/.local/lib/python3.12/site-packages/airflow/example_dags/example_branch_day_of_week_operator.py for tasks to queue
[2024-05-05T04:21:02.982+0000] {logging_mixin.py:188} INFO - [2024-05-05T04:21:02.967+0000] {dagbag.py:540} INFO - Filling up the DagBag from /home/airflow/.local/lib/python3.12/site-packages/airflow/example_dags/example_branch_day_of_week_operator.py
[2024-05-05T04:21:03.287+0000] {processor.py:840} INFO - DAG(s) 'example_weekday_branch_operator' retrieved from /home/airflow/.local/lib/python3.12/site-packages/airflow/example_dags/example_branch_day_of_week_operator.py
[2024-05-05T04:21:03.864+0000] {logging_mixin.py:188} INFO - [2024-05-05T04:21:03.849+0000] {dag.py:3096} INFO - Sync 1 DAGs
[2024-05-05T04:21:04.774+0000] {logging_mixin.py:188} INFO - [2024-05-05T04:21:04.773+0000] {dag.py:3954} INFO - Setting next_dagrun for example_weekday_branch_operator to 2024-05-04 00:00:00+00:00, run_after=2024-05-05 00:00:00+00:00
[2024-05-05T04:21:05.333+0000] {processor.py:183} INFO - Processing /home/airflow/.local/lib/python3.12/site-packages/airflow/example_dags/example_branch_day_of_week_operator.py took 2.782 seconds
[2024-05-05T04:22:15.332+0000] {processor.py:161} INFO - Started process (PID=9484) to work on /home/airflow/.local/lib/python3.12/site-packages/airflow/example_dags/example_branch_day_of_week_operator.py
[2024-05-05T04:22:15.355+0000] {processor.py:830} INFO - Processing file /home/airflow/.local/lib/python3.12/site-packages/airflow/example_dags/example_branch_day_of_week_operator.py for tasks to queue
[2024-05-05T04:22:15.367+0000] {logging_mixin.py:188} INFO - [2024-05-05T04:22:15.364+0000] {dagbag.py:540} INFO - Filling up the DagBag from /home/airflow/.local/lib/python3.12/site-packages/airflow/example_dags/example_branch_day_of_week_operator.py
[2024-05-05T04:22:15.521+0000] {processor.py:840} INFO - DAG(s) 'example_weekday_branch_operator' retrieved from /home/airflow/.local/lib/python3.12/site-packages/airflow/example_dags/example_branch_day_of_week_operator.py
[2024-05-05T04:22:16.161+0000] {logging_mixin.py:188} INFO - [2024-05-05T04:22:16.159+0000] {dag.py:3096} INFO - Sync 1 DAGs
[2024-05-05T04:22:16.884+0000] {logging_mixin.py:188} INFO - [2024-05-05T04:22:16.875+0000] {dag.py:3954} INFO - Setting next_dagrun for example_weekday_branch_operator to 2024-05-04 00:00:00+00:00, run_after=2024-05-05 00:00:00+00:00
[2024-05-05T04:22:17.454+0000] {processor.py:183} INFO - Processing /home/airflow/.local/lib/python3.12/site-packages/airflow/example_dags/example_branch_day_of_week_operator.py took 2.211 seconds
[2024-05-05T04:23:38.213+0000] {processor.py:161} INFO - Started process (PID=9538) to work on /home/airflow/.local/lib/python3.12/site-packages/airflow/example_dags/example_branch_day_of_week_operator.py
[2024-05-05T04:23:38.256+0000] {processor.py:830} INFO - Processing file /home/airflow/.local/lib/python3.12/site-packages/airflow/example_dags/example_branch_day_of_week_operator.py for tasks to queue
[2024-05-05T04:23:38.321+0000] {logging_mixin.py:188} INFO - [2024-05-05T04:23:38.318+0000] {dagbag.py:540} INFO - Filling up the DagBag from /home/airflow/.local/lib/python3.12/site-packages/airflow/example_dags/example_branch_day_of_week_operator.py
[2024-05-05T04:23:38.812+0000] {processor.py:840} INFO - DAG(s) 'example_weekday_branch_operator' retrieved from /home/airflow/.local/lib/python3.12/site-packages/airflow/example_dags/example_branch_day_of_week_operator.py
[2024-05-05T04:23:40.050+0000] {logging_mixin.py:188} INFO - [2024-05-05T04:23:40.044+0000] {dag.py:3096} INFO - Sync 1 DAGs
[2024-05-05T04:23:40.837+0000] {logging_mixin.py:188} INFO - [2024-05-05T04:23:40.836+0000] {dag.py:3954} INFO - Setting next_dagrun for example_weekday_branch_operator to 2024-05-04 00:00:00+00:00, run_after=2024-05-05 00:00:00+00:00
[2024-05-05T04:23:41.285+0000] {processor.py:183} INFO - Processing /home/airflow/.local/lib/python3.12/site-packages/airflow/example_dags/example_branch_day_of_week_operator.py took 3.694 seconds
[2024-05-05T04:24:53.016+0000] {processor.py:161} INFO - Started process (PID=9588) to work on /home/airflow/.local/lib/python3.12/site-packages/airflow/example_dags/example_branch_day_of_week_operator.py
[2024-05-05T04:24:53.126+0000] {processor.py:830} INFO - Processing file /home/airflow/.local/lib/python3.12/site-packages/airflow/example_dags/example_branch_day_of_week_operator.py for tasks to queue
[2024-05-05T04:24:53.256+0000] {logging_mixin.py:188} INFO - [2024-05-05T04:24:53.234+0000] {dagbag.py:540} INFO - Filling up the DagBag from /home/airflow/.local/lib/python3.12/site-packages/airflow/example_dags/example_branch_day_of_week_operator.py
[2024-05-05T04:24:53.499+0000] {processor.py:840} INFO - DAG(s) 'example_weekday_branch_operator' retrieved from /home/airflow/.local/lib/python3.12/site-packages/airflow/example_dags/example_branch_day_of_week_operator.py
[2024-05-05T04:24:54.120+0000] {logging_mixin.py:188} INFO - [2024-05-05T04:24:54.113+0000] {dag.py:3096} INFO - Sync 1 DAGs
[2024-05-05T04:24:55.240+0000] {logging_mixin.py:188} INFO - [2024-05-05T04:24:55.238+0000] {dag.py:3954} INFO - Setting next_dagrun for example_weekday_branch_operator to 2024-05-04 00:00:00+00:00, run_after=2024-05-05 00:00:00+00:00
[2024-05-05T04:24:56.115+0000] {processor.py:183} INFO - Processing /home/airflow/.local/lib/python3.12/site-packages/airflow/example_dags/example_branch_day_of_week_operator.py took 3.369 seconds
[2024-05-05T04:26:13.932+0000] {processor.py:161} INFO - Started process (PID=9634) to work on /home/airflow/.local/lib/python3.12/site-packages/airflow/example_dags/example_branch_day_of_week_operator.py
[2024-05-05T04:26:13.991+0000] {processor.py:830} INFO - Processing file /home/airflow/.local/lib/python3.12/site-packages/airflow/example_dags/example_branch_day_of_week_operator.py for tasks to queue
[2024-05-05T04:26:14.104+0000] {logging_mixin.py:188} INFO - [2024-05-05T04:26:14.059+0000] {dagbag.py:540} INFO - Filling up the DagBag from /home/airflow/.local/lib/python3.12/site-packages/airflow/example_dags/example_branch_day_of_week_operator.py
[2024-05-05T04:26:14.468+0000] {processor.py:840} INFO - DAG(s) 'example_weekday_branch_operator' retrieved from /home/airflow/.local/lib/python3.12/site-packages/airflow/example_dags/example_branch_day_of_week_operator.py
[2024-05-05T04:26:15.457+0000] {logging_mixin.py:188} INFO - [2024-05-05T04:26:15.444+0000] {dag.py:3096} INFO - Sync 1 DAGs
[2024-05-05T04:26:16.562+0000] {logging_mixin.py:188} INFO - [2024-05-05T04:26:16.532+0000] {dag.py:3954} INFO - Setting next_dagrun for example_weekday_branch_operator to 2024-05-04 00:00:00+00:00, run_after=2024-05-05 00:00:00+00:00
[2024-05-05T04:26:17.163+0000] {processor.py:183} INFO - Processing /home/airflow/.local/lib/python3.12/site-packages/airflow/example_dags/example_branch_day_of_week_operator.py took 3.511 seconds
[2024-05-05T04:27:34.111+0000] {processor.py:161} INFO - Started process (PID=9694) to work on /home/airflow/.local/lib/python3.12/site-packages/airflow/example_dags/example_branch_day_of_week_operator.py
[2024-05-05T04:27:34.143+0000] {processor.py:830} INFO - Processing file /home/airflow/.local/lib/python3.12/site-packages/airflow/example_dags/example_branch_day_of_week_operator.py for tasks to queue
[2024-05-05T04:27:34.189+0000] {logging_mixin.py:188} INFO - [2024-05-05T04:27:34.171+0000] {dagbag.py:540} INFO - Filling up the DagBag from /home/airflow/.local/lib/python3.12/site-packages/airflow/example_dags/example_branch_day_of_week_operator.py
[2024-05-05T04:27:34.471+0000] {processor.py:840} INFO - DAG(s) 'example_weekday_branch_operator' retrieved from /home/airflow/.local/lib/python3.12/site-packages/airflow/example_dags/example_branch_day_of_week_operator.py
[2024-05-05T04:27:35.115+0000] {logging_mixin.py:188} INFO - [2024-05-05T04:27:35.103+0000] {dag.py:3096} INFO - Sync 1 DAGs
[2024-05-05T04:27:35.816+0000] {logging_mixin.py:188} INFO - [2024-05-05T04:27:35.806+0000] {dag.py:3954} INFO - Setting next_dagrun for example_weekday_branch_operator to 2024-05-04 00:00:00+00:00, run_after=2024-05-05 00:00:00+00:00
[2024-05-05T04:27:36.199+0000] {processor.py:183} INFO - Processing /home/airflow/.local/lib/python3.12/site-packages/airflow/example_dags/example_branch_day_of_week_operator.py took 2.266 seconds
[2024-05-05T04:28:50.086+0000] {processor.py:161} INFO - Started process (PID=9741) to work on /home/airflow/.local/lib/python3.12/site-packages/airflow/example_dags/example_branch_day_of_week_operator.py
[2024-05-05T04:28:50.122+0000] {processor.py:830} INFO - Processing file /home/airflow/.local/lib/python3.12/site-packages/airflow/example_dags/example_branch_day_of_week_operator.py for tasks to queue
[2024-05-05T04:28:50.167+0000] {logging_mixin.py:188} INFO - [2024-05-05T04:28:50.164+0000] {dagbag.py:540} INFO - Filling up the DagBag from /home/airflow/.local/lib/python3.12/site-packages/airflow/example_dags/example_branch_day_of_week_operator.py
[2024-05-05T04:28:50.911+0000] {processor.py:840} INFO - DAG(s) 'example_weekday_branch_operator' retrieved from /home/airflow/.local/lib/python3.12/site-packages/airflow/example_dags/example_branch_day_of_week_operator.py
[2024-05-05T04:28:51.579+0000] {logging_mixin.py:188} INFO - [2024-05-05T04:28:51.577+0000] {dag.py:3096} INFO - Sync 1 DAGs
[2024-05-05T04:28:52.389+0000] {logging_mixin.py:188} INFO - [2024-05-05T04:28:52.358+0000] {dag.py:3954} INFO - Setting next_dagrun for example_weekday_branch_operator to 2024-05-04 00:00:00+00:00, run_after=2024-05-05 00:00:00+00:00
[2024-05-05T04:28:53.184+0000] {processor.py:183} INFO - Processing /home/airflow/.local/lib/python3.12/site-packages/airflow/example_dags/example_branch_day_of_week_operator.py took 3.323 seconds
[2024-05-05T04:30:01.542+0000] {processor.py:161} INFO - Started process (PID=9790) to work on /home/airflow/.local/lib/python3.12/site-packages/airflow/example_dags/example_branch_day_of_week_operator.py
[2024-05-05T04:30:01.611+0000] {processor.py:830} INFO - Processing file /home/airflow/.local/lib/python3.12/site-packages/airflow/example_dags/example_branch_day_of_week_operator.py for tasks to queue
[2024-05-05T04:30:01.648+0000] {logging_mixin.py:188} INFO - [2024-05-05T04:30:01.646+0000] {dagbag.py:540} INFO - Filling up the DagBag from /home/airflow/.local/lib/python3.12/site-packages/airflow/example_dags/example_branch_day_of_week_operator.py
[2024-05-05T04:30:01.887+0000] {processor.py:840} INFO - DAG(s) 'example_weekday_branch_operator' retrieved from /home/airflow/.local/lib/python3.12/site-packages/airflow/example_dags/example_branch_day_of_week_operator.py
[2024-05-05T04:30:02.597+0000] {logging_mixin.py:188} INFO - [2024-05-05T04:30:02.596+0000] {dag.py:3096} INFO - Sync 1 DAGs
[2024-05-05T04:30:03.898+0000] {logging_mixin.py:188} INFO - [2024-05-05T04:30:03.896+0000] {dag.py:3954} INFO - Setting next_dagrun for example_weekday_branch_operator to 2024-05-04 00:00:00+00:00, run_after=2024-05-05 00:00:00+00:00
[2024-05-05T04:30:04.612+0000] {processor.py:183} INFO - Processing /home/airflow/.local/lib/python3.12/site-packages/airflow/example_dags/example_branch_day_of_week_operator.py took 3.295 seconds
[2024-05-05T04:31:24.966+0000] {processor.py:161} INFO - Started process (PID=9845) to work on /home/airflow/.local/lib/python3.12/site-packages/airflow/example_dags/example_branch_day_of_week_operator.py
[2024-05-05T04:31:24.991+0000] {processor.py:830} INFO - Processing file /home/airflow/.local/lib/python3.12/site-packages/airflow/example_dags/example_branch_day_of_week_operator.py for tasks to queue
[2024-05-05T04:31:25.018+0000] {logging_mixin.py:188} INFO - [2024-05-05T04:31:25.004+0000] {dagbag.py:540} INFO - Filling up the DagBag from /home/airflow/.local/lib/python3.12/site-packages/airflow/example_dags/example_branch_day_of_week_operator.py
[2024-05-05T04:31:25.311+0000] {processor.py:840} INFO - DAG(s) 'example_weekday_branch_operator' retrieved from /home/airflow/.local/lib/python3.12/site-packages/airflow/example_dags/example_branch_day_of_week_operator.py
[2024-05-05T04:31:26.170+0000] {logging_mixin.py:188} INFO - [2024-05-05T04:31:26.152+0000] {dag.py:3096} INFO - Sync 1 DAGs
[2024-05-05T04:31:27.012+0000] {logging_mixin.py:188} INFO - [2024-05-05T04:31:27.010+0000] {dag.py:3954} INFO - Setting next_dagrun for example_weekday_branch_operator to 2024-05-04 00:00:00+00:00, run_after=2024-05-05 00:00:00+00:00
[2024-05-05T04:31:27.647+0000] {processor.py:183} INFO - Processing /home/airflow/.local/lib/python3.12/site-packages/airflow/example_dags/example_branch_day_of_week_operator.py took 2.930 seconds
[2024-05-05T04:32:37.175+0000] {processor.py:161} INFO - Started process (PID=9895) to work on /home/airflow/.local/lib/python3.12/site-packages/airflow/example_dags/example_branch_day_of_week_operator.py
[2024-05-05T04:32:37.212+0000] {processor.py:830} INFO - Processing file /home/airflow/.local/lib/python3.12/site-packages/airflow/example_dags/example_branch_day_of_week_operator.py for tasks to queue
[2024-05-05T04:32:37.252+0000] {logging_mixin.py:188} INFO - [2024-05-05T04:32:37.241+0000] {dagbag.py:540} INFO - Filling up the DagBag from /home/airflow/.local/lib/python3.12/site-packages/airflow/example_dags/example_branch_day_of_week_operator.py
[2024-05-05T04:32:38.019+0000] {processor.py:840} INFO - DAG(s) 'example_weekday_branch_operator' retrieved from /home/airflow/.local/lib/python3.12/site-packages/airflow/example_dags/example_branch_day_of_week_operator.py
[2024-05-05T04:32:38.352+0000] {logging_mixin.py:188} INFO - [2024-05-05T04:32:38.341+0000] {dag.py:3096} INFO - Sync 1 DAGs
[2024-05-05T04:32:39.619+0000] {logging_mixin.py:188} INFO - [2024-05-05T04:32:39.580+0000] {dag.py:3954} INFO - Setting next_dagrun for example_weekday_branch_operator to 2024-05-04 00:00:00+00:00, run_after=2024-05-05 00:00:00+00:00
[2024-05-05T04:32:40.731+0000] {processor.py:183} INFO - Processing /home/airflow/.local/lib/python3.12/site-packages/airflow/example_dags/example_branch_day_of_week_operator.py took 3.637 seconds
[2024-05-05T04:34:10.065+0000] {processor.py:161} INFO - Started process (PID=9947) to work on /home/airflow/.local/lib/python3.12/site-packages/airflow/example_dags/example_branch_day_of_week_operator.py
[2024-05-05T04:34:10.091+0000] {processor.py:830} INFO - Processing file /home/airflow/.local/lib/python3.12/site-packages/airflow/example_dags/example_branch_day_of_week_operator.py for tasks to queue
[2024-05-05T04:34:10.144+0000] {logging_mixin.py:188} INFO - [2024-05-05T04:34:10.141+0000] {dagbag.py:540} INFO - Filling up the DagBag from /home/airflow/.local/lib/python3.12/site-packages/airflow/example_dags/example_branch_day_of_week_operator.py
[2024-05-05T04:34:10.326+0000] {processor.py:840} INFO - DAG(s) 'example_weekday_branch_operator' retrieved from /home/airflow/.local/lib/python3.12/site-packages/airflow/example_dags/example_branch_day_of_week_operator.py
[2024-05-05T04:34:11.188+0000] {logging_mixin.py:188} INFO - [2024-05-05T04:34:11.174+0000] {dag.py:3096} INFO - Sync 1 DAGs
[2024-05-05T04:34:12.170+0000] {logging_mixin.py:188} INFO - [2024-05-05T04:34:12.168+0000] {dag.py:3954} INFO - Setting next_dagrun for example_weekday_branch_operator to 2024-05-04 00:00:00+00:00, run_after=2024-05-05 00:00:00+00:00
[2024-05-05T04:34:13.167+0000] {processor.py:183} INFO - Processing /home/airflow/.local/lib/python3.12/site-packages/airflow/example_dags/example_branch_day_of_week_operator.py took 3.313 seconds
[2024-05-05T04:35:29.381+0000] {processor.py:161} INFO - Started process (PID=9998) to work on /home/airflow/.local/lib/python3.12/site-packages/airflow/example_dags/example_branch_day_of_week_operator.py
[2024-05-05T04:35:29.413+0000] {processor.py:830} INFO - Processing file /home/airflow/.local/lib/python3.12/site-packages/airflow/example_dags/example_branch_day_of_week_operator.py for tasks to queue
[2024-05-05T04:35:29.415+0000] {logging_mixin.py:188} INFO - [2024-05-05T04:35:29.415+0000] {dagbag.py:540} INFO - Filling up the DagBag from /home/airflow/.local/lib/python3.12/site-packages/airflow/example_dags/example_branch_day_of_week_operator.py
[2024-05-05T04:35:29.468+0000] {processor.py:840} INFO - DAG(s) 'example_weekday_branch_operator' retrieved from /home/airflow/.local/lib/python3.12/site-packages/airflow/example_dags/example_branch_day_of_week_operator.py
[2024-05-05T04:35:29.688+0000] {logging_mixin.py:188} INFO - [2024-05-05T04:35:29.687+0000] {dag.py:3096} INFO - Sync 1 DAGs
[2024-05-05T04:35:29.879+0000] {logging_mixin.py:188} INFO - [2024-05-05T04:35:29.878+0000] {dag.py:3954} INFO - Setting next_dagrun for example_weekday_branch_operator to 2024-05-04 00:00:00+00:00, run_after=2024-05-05 00:00:00+00:00
[2024-05-05T04:35:30.002+0000] {processor.py:183} INFO - Processing /home/airflow/.local/lib/python3.12/site-packages/airflow/example_dags/example_branch_day_of_week_operator.py took 0.670 seconds
[2024-05-05T05:20:37.376+0000] {processor.py:161} INFO - Started process (PID=10049) to work on /home/airflow/.local/lib/python3.12/site-packages/airflow/example_dags/example_branch_day_of_week_operator.py
[2024-05-05T05:20:37.481+0000] {processor.py:830} INFO - Processing file /home/airflow/.local/lib/python3.12/site-packages/airflow/example_dags/example_branch_day_of_week_operator.py for tasks to queue
[2024-05-05T05:20:37.596+0000] {logging_mixin.py:188} INFO - [2024-05-05T05:20:37.515+0000] {dagbag.py:540} INFO - Filling up the DagBag from /home/airflow/.local/lib/python3.12/site-packages/airflow/example_dags/example_branch_day_of_week_operator.py
[2024-05-05T05:20:37.762+0000] {processor.py:840} INFO - DAG(s) 'example_weekday_branch_operator' retrieved from /home/airflow/.local/lib/python3.12/site-packages/airflow/example_dags/example_branch_day_of_week_operator.py
[2024-05-05T05:20:39.893+0000] {logging_mixin.py:188} INFO - [2024-05-05T05:20:39.860+0000] {dag.py:3096} INFO - Sync 1 DAGs
[2024-05-05T05:20:41.790+0000] {logging_mixin.py:188} INFO - [2024-05-05T05:20:41.772+0000] {dag.py:3954} INFO - Setting next_dagrun for example_weekday_branch_operator to 2024-05-04 00:00:00+00:00, run_after=2024-05-05 00:00:00+00:00
[2024-05-05T05:20:43.929+0000] {processor.py:183} INFO - Processing /home/airflow/.local/lib/python3.12/site-packages/airflow/example_dags/example_branch_day_of_week_operator.py took 7.327 seconds
[2024-05-05T06:49:17.450+0000] {processor.py:161} INFO - Started process (PID=10131) to work on /home/airflow/.local/lib/python3.12/site-packages/airflow/example_dags/example_branch_day_of_week_operator.py
[2024-05-05T06:49:17.464+0000] {processor.py:830} INFO - Processing file /home/airflow/.local/lib/python3.12/site-packages/airflow/example_dags/example_branch_day_of_week_operator.py for tasks to queue
[2024-05-05T06:49:17.477+0000] {logging_mixin.py:188} INFO - [2024-05-05T06:49:17.474+0000] {dagbag.py:540} INFO - Filling up the DagBag from /home/airflow/.local/lib/python3.12/site-packages/airflow/example_dags/example_branch_day_of_week_operator.py
[2024-05-05T06:49:17.656+0000] {processor.py:840} INFO - DAG(s) 'example_weekday_branch_operator' retrieved from /home/airflow/.local/lib/python3.12/site-packages/airflow/example_dags/example_branch_day_of_week_operator.py
[2024-05-05T06:49:20.471+0000] {logging_mixin.py:188} INFO - [2024-05-05T06:49:20.469+0000] {dag.py:3096} INFO - Sync 1 DAGs
[2024-05-05T06:49:22.145+0000] {logging_mixin.py:188} INFO - [2024-05-05T06:49:22.123+0000] {dag.py:3954} INFO - Setting next_dagrun for example_weekday_branch_operator to 2024-05-04 00:00:00+00:00, run_after=2024-05-05 00:00:00+00:00
[2024-05-05T06:49:23.622+0000] {processor.py:183} INFO - Processing /home/airflow/.local/lib/python3.12/site-packages/airflow/example_dags/example_branch_day_of_week_operator.py took 6.414 seconds
[2024-05-05T07:12:08.539+0000] {processor.py:161} INFO - Started process (PID=10214) to work on /home/airflow/.local/lib/python3.12/site-packages/airflow/example_dags/example_branch_day_of_week_operator.py
[2024-05-05T07:12:08.605+0000] {processor.py:830} INFO - Processing file /home/airflow/.local/lib/python3.12/site-packages/airflow/example_dags/example_branch_day_of_week_operator.py for tasks to queue
[2024-05-05T07:12:08.699+0000] {logging_mixin.py:188} INFO - [2024-05-05T07:12:08.682+0000] {dagbag.py:540} INFO - Filling up the DagBag from /home/airflow/.local/lib/python3.12/site-packages/airflow/example_dags/example_branch_day_of_week_operator.py
[2024-05-05T07:12:09.544+0000] {processor.py:840} INFO - DAG(s) 'example_weekday_branch_operator' retrieved from /home/airflow/.local/lib/python3.12/site-packages/airflow/example_dags/example_branch_day_of_week_operator.py
[2024-05-05T07:12:16.026+0000] {logging_mixin.py:188} INFO - [2024-05-05T07:12:16.018+0000] {dag.py:3096} INFO - Sync 1 DAGs
[2024-05-05T07:12:16.501+0000] {logging_mixin.py:188} INFO - [2024-05-05T07:12:16.500+0000] {dag.py:3954} INFO - Setting next_dagrun for example_weekday_branch_operator to 2024-05-04 00:00:00+00:00, run_after=2024-05-05 00:00:00+00:00
[2024-05-05T07:12:16.998+0000] {processor.py:183} INFO - Processing /home/airflow/.local/lib/python3.12/site-packages/airflow/example_dags/example_branch_day_of_week_operator.py took 8.803 seconds
[2024-05-05T12:12:31.239+0000] {processor.py:161} INFO - Started process (PID=10237) to work on /home/airflow/.local/lib/python3.12/site-packages/airflow/example_dags/example_branch_day_of_week_operator.py
[2024-05-05T12:12:31.248+0000] {processor.py:830} INFO - Processing file /home/airflow/.local/lib/python3.12/site-packages/airflow/example_dags/example_branch_day_of_week_operator.py for tasks to queue
[2024-05-05T12:12:31.274+0000] {logging_mixin.py:188} INFO - [2024-05-05T12:12:31.266+0000] {dagbag.py:540} INFO - Filling up the DagBag from /home/airflow/.local/lib/python3.12/site-packages/airflow/example_dags/example_branch_day_of_week_operator.py
[2024-05-05T12:12:31.335+0000] {processor.py:840} INFO - DAG(s) 'example_weekday_branch_operator' retrieved from /home/airflow/.local/lib/python3.12/site-packages/airflow/example_dags/example_branch_day_of_week_operator.py
[2024-05-05T12:12:31.643+0000] {logging_mixin.py:188} INFO - [2024-05-05T12:12:31.643+0000] {dag.py:3096} INFO - Sync 1 DAGs
[2024-05-05T12:12:31.875+0000] {logging_mixin.py:188} INFO - [2024-05-05T12:12:31.875+0000] {dag.py:3954} INFO - Setting next_dagrun for example_weekday_branch_operator to 2024-05-04 00:00:00+00:00, run_after=2024-05-05 00:00:00+00:00
[2024-05-05T12:12:32.011+0000] {processor.py:183} INFO - Processing /home/airflow/.local/lib/python3.12/site-packages/airflow/example_dags/example_branch_day_of_week_operator.py took 0.828 seconds
[2024-05-05T14:21:18.329+0000] {processor.py:161} INFO - Started process (PID=10313) to work on /home/airflow/.local/lib/python3.12/site-packages/airflow/example_dags/example_branch_day_of_week_operator.py
[2024-05-05T14:21:18.349+0000] {processor.py:830} INFO - Processing file /home/airflow/.local/lib/python3.12/site-packages/airflow/example_dags/example_branch_day_of_week_operator.py for tasks to queue
[2024-05-05T14:21:18.360+0000] {logging_mixin.py:188} INFO - [2024-05-05T14:21:18.356+0000] {dagbag.py:540} INFO - Filling up the DagBag from /home/airflow/.local/lib/python3.12/site-packages/airflow/example_dags/example_branch_day_of_week_operator.py
[2024-05-05T14:21:18.585+0000] {processor.py:840} INFO - DAG(s) 'example_weekday_branch_operator' retrieved from /home/airflow/.local/lib/python3.12/site-packages/airflow/example_dags/example_branch_day_of_week_operator.py
[2024-05-05T14:21:19.793+0000] {logging_mixin.py:188} INFO - [2024-05-05T14:21:19.786+0000] {dag.py:3096} INFO - Sync 1 DAGs
[2024-05-05T16:50:06.431+0000] {logging_mixin.py:188} INFO - [2024-05-05T16:50:06.410+0000] {dag.py:3954} INFO - Setting next_dagrun for example_weekday_branch_operator to 2024-05-04 00:00:00+00:00, run_after=2024-05-05 00:00:00+00:00
