[2024-05-05T00:00:32.061+0000] {processor.py:161} INFO - Started process (PID=7582) to work on /home/airflow/.local/lib/python3.12/site-packages/airflow/example_dags/example_trigger_target_dag.py
[2024-05-05T00:00:32.070+0000] {processor.py:830} INFO - Processing file /home/airflow/.local/lib/python3.12/site-packages/airflow/example_dags/example_trigger_target_dag.py for tasks to queue
[2024-05-05T00:00:32.075+0000] {logging_mixin.py:188} INFO - [2024-05-05T00:00:32.072+0000] {dagbag.py:540} INFO - Filling up the DagBag from /home/airflow/.local/lib/python3.12/site-packages/airflow/example_dags/example_trigger_target_dag.py
[2024-05-05T00:00:32.107+0000] {processor.py:840} INFO - DAG(s) 'example_trigger_target_dag' retrieved from /home/airflow/.local/lib/python3.12/site-packages/airflow/example_dags/example_trigger_target_dag.py
[2024-05-05T00:00:32.192+0000] {logging_mixin.py:188} INFO - [2024-05-05T00:00:32.192+0000] {dag.py:3096} INFO - Sync 1 DAGs
[2024-05-05T00:00:32.219+0000] {logging_mixin.py:188} INFO - [2024-05-05T00:00:32.218+0000] {dag.py:3954} INFO - Setting next_dagrun for example_trigger_target_dag to None, run_after=None
[2024-05-05T00:00:32.259+0000] {processor.py:183} INFO - Processing /home/airflow/.local/lib/python3.12/site-packages/airflow/example_dags/example_trigger_target_dag.py took 0.241 seconds
[2024-05-05T00:01:04.306+0000] {processor.py:161} INFO - Started process (PID=7650) to work on /home/airflow/.local/lib/python3.12/site-packages/airflow/example_dags/example_trigger_target_dag.py
[2024-05-05T00:01:04.310+0000] {processor.py:830} INFO - Processing file /home/airflow/.local/lib/python3.12/site-packages/airflow/example_dags/example_trigger_target_dag.py for tasks to queue
[2024-05-05T00:01:04.316+0000] {logging_mixin.py:188} INFO - [2024-05-05T00:01:04.315+0000] {dagbag.py:540} INFO - Filling up the DagBag from /home/airflow/.local/lib/python3.12/site-packages/airflow/example_dags/example_trigger_target_dag.py
[2024-05-05T00:01:04.344+0000] {processor.py:840} INFO - DAG(s) 'example_trigger_target_dag' retrieved from /home/airflow/.local/lib/python3.12/site-packages/airflow/example_dags/example_trigger_target_dag.py
[2024-05-05T00:01:04.400+0000] {logging_mixin.py:188} INFO - [2024-05-05T00:01:04.400+0000] {dag.py:3096} INFO - Sync 1 DAGs
[2024-05-05T00:01:04.426+0000] {logging_mixin.py:188} INFO - [2024-05-05T00:01:04.426+0000] {dag.py:3954} INFO - Setting next_dagrun for example_trigger_target_dag to None, run_after=None
[2024-05-05T00:01:04.469+0000] {processor.py:183} INFO - Processing /home/airflow/.local/lib/python3.12/site-packages/airflow/example_dags/example_trigger_target_dag.py took 0.188 seconds
[2024-05-05T00:32:37.159+0000] {processor.py:161} INFO - Started process (PID=7721) to work on /home/airflow/.local/lib/python3.12/site-packages/airflow/example_dags/example_trigger_target_dag.py
[2024-05-05T00:32:37.194+0000] {processor.py:830} INFO - Processing file /home/airflow/.local/lib/python3.12/site-packages/airflow/example_dags/example_trigger_target_dag.py for tasks to queue
[2024-05-05T00:32:37.239+0000] {logging_mixin.py:188} INFO - [2024-05-05T00:32:37.214+0000] {dagbag.py:540} INFO - Filling up the DagBag from /home/airflow/.local/lib/python3.12/site-packages/airflow/example_dags/example_trigger_target_dag.py
[2024-05-05T00:32:37.410+0000] {processor.py:840} INFO - DAG(s) 'example_trigger_target_dag' retrieved from /home/airflow/.local/lib/python3.12/site-packages/airflow/example_dags/example_trigger_target_dag.py
[2024-05-05T00:32:38.166+0000] {logging_mixin.py:188} INFO - [2024-05-05T00:32:38.165+0000] {dag.py:3096} INFO - Sync 1 DAGs
[2024-05-05T00:32:38.686+0000] {logging_mixin.py:188} INFO - [2024-05-05T00:32:38.682+0000] {dag.py:3954} INFO - Setting next_dagrun for example_trigger_target_dag to None, run_after=None
[2024-05-05T00:32:39.426+0000] {processor.py:183} INFO - Processing /home/airflow/.local/lib/python3.12/site-packages/airflow/example_dags/example_trigger_target_dag.py took 2.416 seconds
[2024-05-05T00:51:00.463+0000] {processor.py:161} INFO - Started process (PID=7785) to work on /home/airflow/.local/lib/python3.12/site-packages/airflow/example_dags/example_trigger_target_dag.py
[2024-05-05T00:51:00.471+0000] {processor.py:830} INFO - Processing file /home/airflow/.local/lib/python3.12/site-packages/airflow/example_dags/example_trigger_target_dag.py for tasks to queue
[2024-05-05T00:51:00.481+0000] {logging_mixin.py:188} INFO - [2024-05-05T00:51:00.474+0000] {dagbag.py:540} INFO - Filling up the DagBag from /home/airflow/.local/lib/python3.12/site-packages/airflow/example_dags/example_trigger_target_dag.py
[2024-05-05T00:51:00.512+0000] {processor.py:840} INFO - DAG(s) 'example_trigger_target_dag' retrieved from /home/airflow/.local/lib/python3.12/site-packages/airflow/example_dags/example_trigger_target_dag.py
[2024-05-05T00:51:00.579+0000] {logging_mixin.py:188} INFO - [2024-05-05T00:51:00.578+0000] {dag.py:3096} INFO - Sync 1 DAGs
[2024-05-05T00:51:00.628+0000] {logging_mixin.py:188} INFO - [2024-05-05T00:51:00.628+0000] {dag.py:3954} INFO - Setting next_dagrun for example_trigger_target_dag to None, run_after=None
[2024-05-05T00:51:00.704+0000] {processor.py:183} INFO - Processing /home/airflow/.local/lib/python3.12/site-packages/airflow/example_dags/example_trigger_target_dag.py took 0.267 seconds
[2024-05-05T00:53:16.965+0000] {processor.py:161} INFO - Started process (PID=7874) to work on /home/airflow/.local/lib/python3.12/site-packages/airflow/example_dags/example_trigger_target_dag.py
[2024-05-05T00:53:16.969+0000] {processor.py:830} INFO - Processing file /home/airflow/.local/lib/python3.12/site-packages/airflow/example_dags/example_trigger_target_dag.py for tasks to queue
[2024-05-05T00:53:16.980+0000] {logging_mixin.py:188} INFO - [2024-05-05T00:53:16.978+0000] {dagbag.py:540} INFO - Filling up the DagBag from /home/airflow/.local/lib/python3.12/site-packages/airflow/example_dags/example_trigger_target_dag.py
[2024-05-05T00:53:17.006+0000] {processor.py:840} INFO - DAG(s) 'example_trigger_target_dag' retrieved from /home/airflow/.local/lib/python3.12/site-packages/airflow/example_dags/example_trigger_target_dag.py
[2024-05-05T00:53:17.095+0000] {logging_mixin.py:188} INFO - [2024-05-05T00:53:17.095+0000] {dag.py:3096} INFO - Sync 1 DAGs
[2024-05-05T00:53:17.149+0000] {logging_mixin.py:188} INFO - [2024-05-05T00:53:17.149+0000] {dag.py:3954} INFO - Setting next_dagrun for example_trigger_target_dag to None, run_after=None
[2024-05-05T00:53:17.228+0000] {processor.py:183} INFO - Processing /home/airflow/.local/lib/python3.12/site-packages/airflow/example_dags/example_trigger_target_dag.py took 0.315 seconds
[2024-05-05T01:11:07.952+0000] {processor.py:161} INFO - Started process (PID=7952) to work on /home/airflow/.local/lib/python3.12/site-packages/airflow/example_dags/example_trigger_target_dag.py
[2024-05-05T01:11:07.955+0000] {processor.py:830} INFO - Processing file /home/airflow/.local/lib/python3.12/site-packages/airflow/example_dags/example_trigger_target_dag.py for tasks to queue
[2024-05-05T01:11:07.965+0000] {logging_mixin.py:188} INFO - [2024-05-05T01:11:07.959+0000] {dagbag.py:540} INFO - Filling up the DagBag from /home/airflow/.local/lib/python3.12/site-packages/airflow/example_dags/example_trigger_target_dag.py
[2024-05-05T01:11:08.020+0000] {processor.py:840} INFO - DAG(s) 'example_trigger_target_dag' retrieved from /home/airflow/.local/lib/python3.12/site-packages/airflow/example_dags/example_trigger_target_dag.py
[2024-05-05T01:11:08.142+0000] {logging_mixin.py:188} INFO - [2024-05-05T01:11:08.142+0000] {dag.py:3096} INFO - Sync 1 DAGs
[2024-05-05T01:11:08.235+0000] {logging_mixin.py:188} INFO - [2024-05-05T01:11:08.227+0000] {dag.py:3954} INFO - Setting next_dagrun for example_trigger_target_dag to None, run_after=None
[2024-05-05T01:11:08.322+0000] {processor.py:183} INFO - Processing /home/airflow/.local/lib/python3.12/site-packages/airflow/example_dags/example_trigger_target_dag.py took 0.398 seconds
[2024-05-05T01:45:05.096+0000] {processor.py:161} INFO - Started process (PID=7998) to work on /home/airflow/.local/lib/python3.12/site-packages/airflow/example_dags/example_trigger_target_dag.py
[2024-05-05T01:45:05.112+0000] {processor.py:830} INFO - Processing file /home/airflow/.local/lib/python3.12/site-packages/airflow/example_dags/example_trigger_target_dag.py for tasks to queue
[2024-05-05T01:45:05.125+0000] {logging_mixin.py:188} INFO - [2024-05-05T01:45:05.121+0000] {dagbag.py:540} INFO - Filling up the DagBag from /home/airflow/.local/lib/python3.12/site-packages/airflow/example_dags/example_trigger_target_dag.py
[2024-05-05T01:45:05.174+0000] {processor.py:840} INFO - DAG(s) 'example_trigger_target_dag' retrieved from /home/airflow/.local/lib/python3.12/site-packages/airflow/example_dags/example_trigger_target_dag.py
[2024-05-05T01:45:05.253+0000] {logging_mixin.py:188} INFO - [2024-05-05T01:45:05.252+0000] {dag.py:3096} INFO - Sync 1 DAGs
[2024-05-05T01:45:05.286+0000] {logging_mixin.py:188} INFO - [2024-05-05T01:45:05.286+0000] {dag.py:3954} INFO - Setting next_dagrun for example_trigger_target_dag to None, run_after=None
[2024-05-05T01:45:05.331+0000] {processor.py:183} INFO - Processing /home/airflow/.local/lib/python3.12/site-packages/airflow/example_dags/example_trigger_target_dag.py took 0.272 seconds
[2024-05-05T02:03:02.933+0000] {processor.py:161} INFO - Started process (PID=8062) to work on /home/airflow/.local/lib/python3.12/site-packages/airflow/example_dags/example_trigger_target_dag.py
[2024-05-05T02:03:02.935+0000] {processor.py:830} INFO - Processing file /home/airflow/.local/lib/python3.12/site-packages/airflow/example_dags/example_trigger_target_dag.py for tasks to queue
[2024-05-05T02:03:02.938+0000] {logging_mixin.py:188} INFO - [2024-05-05T02:03:02.938+0000] {dagbag.py:540} INFO - Filling up the DagBag from /home/airflow/.local/lib/python3.12/site-packages/airflow/example_dags/example_trigger_target_dag.py
[2024-05-05T02:03:02.960+0000] {processor.py:840} INFO - DAG(s) 'example_trigger_target_dag' retrieved from /home/airflow/.local/lib/python3.12/site-packages/airflow/example_dags/example_trigger_target_dag.py
[2024-05-05T02:03:03.018+0000] {logging_mixin.py:188} INFO - [2024-05-05T02:03:03.018+0000] {dag.py:3096} INFO - Sync 1 DAGs
[2024-05-05T02:03:03.041+0000] {logging_mixin.py:188} INFO - [2024-05-05T02:03:03.041+0000] {dag.py:3954} INFO - Setting next_dagrun for example_trigger_target_dag to None, run_after=None
[2024-05-05T02:03:03.106+0000] {processor.py:183} INFO - Processing /home/airflow/.local/lib/python3.12/site-packages/airflow/example_dags/example_trigger_target_dag.py took 0.188 seconds
[2024-05-05T02:04:29.755+0000] {processor.py:161} INFO - Started process (PID=8150) to work on /home/airflow/.local/lib/python3.12/site-packages/airflow/example_dags/example_trigger_target_dag.py
[2024-05-05T02:04:29.801+0000] {processor.py:830} INFO - Processing file /home/airflow/.local/lib/python3.12/site-packages/airflow/example_dags/example_trigger_target_dag.py for tasks to queue
[2024-05-05T02:04:29.834+0000] {logging_mixin.py:188} INFO - [2024-05-05T02:04:29.811+0000] {dagbag.py:540} INFO - Filling up the DagBag from /home/airflow/.local/lib/python3.12/site-packages/airflow/example_dags/example_trigger_target_dag.py
[2024-05-05T02:04:30.019+0000] {processor.py:840} INFO - DAG(s) 'example_trigger_target_dag' retrieved from /home/airflow/.local/lib/python3.12/site-packages/airflow/example_dags/example_trigger_target_dag.py
[2024-05-05T02:04:30.382+0000] {logging_mixin.py:188} INFO - [2024-05-05T02:04:30.381+0000] {dag.py:3096} INFO - Sync 1 DAGs
[2024-05-05T02:04:30.813+0000] {logging_mixin.py:188} INFO - [2024-05-05T02:04:30.808+0000] {dag.py:3954} INFO - Setting next_dagrun for example_trigger_target_dag to None, run_after=None
[2024-05-05T02:04:31.155+0000] {processor.py:183} INFO - Processing /home/airflow/.local/lib/python3.12/site-packages/airflow/example_dags/example_trigger_target_dag.py took 1.544 seconds
[2024-05-05T03:15:24.479+0000] {processor.py:161} INFO - Started process (PID=8248) to work on /home/airflow/.local/lib/python3.12/site-packages/airflow/example_dags/example_trigger_target_dag.py
[2024-05-05T03:15:24.486+0000] {processor.py:830} INFO - Processing file /home/airflow/.local/lib/python3.12/site-packages/airflow/example_dags/example_trigger_target_dag.py for tasks to queue
[2024-05-05T03:15:24.499+0000] {logging_mixin.py:188} INFO - [2024-05-05T03:15:24.494+0000] {dagbag.py:540} INFO - Filling up the DagBag from /home/airflow/.local/lib/python3.12/site-packages/airflow/example_dags/example_trigger_target_dag.py
[2024-05-05T03:15:25.061+0000] {processor.py:840} INFO - DAG(s) 'example_trigger_target_dag' retrieved from /home/airflow/.local/lib/python3.12/site-packages/airflow/example_dags/example_trigger_target_dag.py
[2024-05-05T03:15:25.167+0000] {logging_mixin.py:188} INFO - [2024-05-05T03:15:25.166+0000] {dag.py:3096} INFO - Sync 1 DAGs
[2024-05-05T03:15:25.258+0000] {logging_mixin.py:188} INFO - [2024-05-05T03:15:25.258+0000] {dag.py:3954} INFO - Setting next_dagrun for example_trigger_target_dag to None, run_after=None
[2024-05-05T03:15:25.430+0000] {processor.py:183} INFO - Processing /home/airflow/.local/lib/python3.12/site-packages/airflow/example_dags/example_trigger_target_dag.py took 0.996 seconds
[2024-05-05T04:00:06.445+0000] {processor.py:161} INFO - Started process (PID=8336) to work on /home/airflow/.local/lib/python3.12/site-packages/airflow/example_dags/example_trigger_target_dag.py
[2024-05-05T04:00:06.448+0000] {processor.py:830} INFO - Processing file /home/airflow/.local/lib/python3.12/site-packages/airflow/example_dags/example_trigger_target_dag.py for tasks to queue
[2024-05-05T04:00:06.452+0000] {logging_mixin.py:188} INFO - [2024-05-05T04:00:06.451+0000] {dagbag.py:540} INFO - Filling up the DagBag from /home/airflow/.local/lib/python3.12/site-packages/airflow/example_dags/example_trigger_target_dag.py
[2024-05-05T04:00:06.470+0000] {processor.py:840} INFO - DAG(s) 'example_trigger_target_dag' retrieved from /home/airflow/.local/lib/python3.12/site-packages/airflow/example_dags/example_trigger_target_dag.py
[2024-05-05T04:00:06.512+0000] {logging_mixin.py:188} INFO - [2024-05-05T04:00:06.512+0000] {dag.py:3096} INFO - Sync 1 DAGs
[2024-05-05T04:00:06.536+0000] {logging_mixin.py:188} INFO - [2024-05-05T04:00:06.536+0000] {dag.py:3954} INFO - Setting next_dagrun for example_trigger_target_dag to None, run_after=None
[2024-05-05T04:00:06.566+0000] {processor.py:183} INFO - Processing /home/airflow/.local/lib/python3.12/site-packages/airflow/example_dags/example_trigger_target_dag.py took 0.136 seconds
[2024-05-05T04:00:46.049+0000] {processor.py:161} INFO - Started process (PID=8394) to work on /home/airflow/.local/lib/python3.12/site-packages/airflow/example_dags/example_trigger_target_dag.py
[2024-05-05T04:00:46.069+0000] {processor.py:830} INFO - Processing file /home/airflow/.local/lib/python3.12/site-packages/airflow/example_dags/example_trigger_target_dag.py for tasks to queue
[2024-05-05T04:00:46.107+0000] {logging_mixin.py:188} INFO - [2024-05-05T04:00:46.088+0000] {dagbag.py:540} INFO - Filling up the DagBag from /home/airflow/.local/lib/python3.12/site-packages/airflow/example_dags/example_trigger_target_dag.py
[2024-05-05T04:00:46.173+0000] {processor.py:840} INFO - DAG(s) 'example_trigger_target_dag' retrieved from /home/airflow/.local/lib/python3.12/site-packages/airflow/example_dags/example_trigger_target_dag.py
[2024-05-05T04:00:46.399+0000] {logging_mixin.py:188} INFO - [2024-05-05T04:00:46.397+0000] {dag.py:3096} INFO - Sync 1 DAGs
[2024-05-05T04:00:46.505+0000] {logging_mixin.py:188} INFO - [2024-05-05T04:00:46.503+0000] {dag.py:3954} INFO - Setting next_dagrun for example_trigger_target_dag to None, run_after=None
[2024-05-05T04:00:46.668+0000] {processor.py:183} INFO - Processing /home/airflow/.local/lib/python3.12/site-packages/airflow/example_dags/example_trigger_target_dag.py took 0.770 seconds
[2024-05-05T04:01:46.485+0000] {processor.py:161} INFO - Started process (PID=8460) to work on /home/airflow/.local/lib/python3.12/site-packages/airflow/example_dags/example_trigger_target_dag.py
[2024-05-05T04:01:46.504+0000] {processor.py:830} INFO - Processing file /home/airflow/.local/lib/python3.12/site-packages/airflow/example_dags/example_trigger_target_dag.py for tasks to queue
[2024-05-05T04:01:46.546+0000] {logging_mixin.py:188} INFO - [2024-05-05T04:01:46.533+0000] {dagbag.py:540} INFO - Filling up the DagBag from /home/airflow/.local/lib/python3.12/site-packages/airflow/example_dags/example_trigger_target_dag.py
[2024-05-05T04:01:46.927+0000] {processor.py:840} INFO - DAG(s) 'example_trigger_target_dag' retrieved from /home/airflow/.local/lib/python3.12/site-packages/airflow/example_dags/example_trigger_target_dag.py
[2024-05-05T04:01:47.814+0000] {logging_mixin.py:188} INFO - [2024-05-05T04:01:47.813+0000] {dag.py:3096} INFO - Sync 1 DAGs
[2024-05-05T04:01:48.096+0000] {logging_mixin.py:188} INFO - [2024-05-05T04:01:48.095+0000] {dag.py:3954} INFO - Setting next_dagrun for example_trigger_target_dag to None, run_after=None
[2024-05-05T04:01:48.295+0000] {processor.py:183} INFO - Processing /home/airflow/.local/lib/python3.12/site-packages/airflow/example_dags/example_trigger_target_dag.py took 2.060 seconds
[2024-05-05T04:02:21.044+0000] {processor.py:161} INFO - Started process (PID=8518) to work on /home/airflow/.local/lib/python3.12/site-packages/airflow/example_dags/example_trigger_target_dag.py
[2024-05-05T04:02:21.066+0000] {processor.py:830} INFO - Processing file /home/airflow/.local/lib/python3.12/site-packages/airflow/example_dags/example_trigger_target_dag.py for tasks to queue
[2024-05-05T04:02:21.084+0000] {logging_mixin.py:188} INFO - [2024-05-05T04:02:21.074+0000] {dagbag.py:540} INFO - Filling up the DagBag from /home/airflow/.local/lib/python3.12/site-packages/airflow/example_dags/example_trigger_target_dag.py
[2024-05-05T04:02:21.245+0000] {processor.py:840} INFO - DAG(s) 'example_trigger_target_dag' retrieved from /home/airflow/.local/lib/python3.12/site-packages/airflow/example_dags/example_trigger_target_dag.py
[2024-05-05T04:02:21.510+0000] {logging_mixin.py:188} INFO - [2024-05-05T04:02:21.503+0000] {dag.py:3096} INFO - Sync 1 DAGs
[2024-05-05T04:02:21.685+0000] {logging_mixin.py:188} INFO - [2024-05-05T04:02:21.684+0000] {dag.py:3954} INFO - Setting next_dagrun for example_trigger_target_dag to None, run_after=None
[2024-05-05T04:02:21.905+0000] {processor.py:183} INFO - Processing /home/airflow/.local/lib/python3.12/site-packages/airflow/example_dags/example_trigger_target_dag.py took 1.007 seconds
[2024-05-05T04:02:53.192+0000] {processor.py:161} INFO - Started process (PID=8574) to work on /home/airflow/.local/lib/python3.12/site-packages/airflow/example_dags/example_trigger_target_dag.py
[2024-05-05T04:02:53.232+0000] {processor.py:830} INFO - Processing file /home/airflow/.local/lib/python3.12/site-packages/airflow/example_dags/example_trigger_target_dag.py for tasks to queue
[2024-05-05T04:02:53.289+0000] {logging_mixin.py:188} INFO - [2024-05-05T04:02:53.242+0000] {dagbag.py:540} INFO - Filling up the DagBag from /home/airflow/.local/lib/python3.12/site-packages/airflow/example_dags/example_trigger_target_dag.py
[2024-05-05T04:02:53.354+0000] {processor.py:840} INFO - DAG(s) 'example_trigger_target_dag' retrieved from /home/airflow/.local/lib/python3.12/site-packages/airflow/example_dags/example_trigger_target_dag.py
[2024-05-05T04:02:53.490+0000] {logging_mixin.py:188} INFO - [2024-05-05T04:02:53.489+0000] {dag.py:3096} INFO - Sync 1 DAGs
[2024-05-05T04:02:53.577+0000] {logging_mixin.py:188} INFO - [2024-05-05T04:02:53.576+0000] {dag.py:3954} INFO - Setting next_dagrun for example_trigger_target_dag to None, run_after=None
[2024-05-05T04:02:53.671+0000] {processor.py:183} INFO - Processing /home/airflow/.local/lib/python3.12/site-packages/airflow/example_dags/example_trigger_target_dag.py took 0.581 seconds
[2024-05-05T04:03:29.949+0000] {processor.py:161} INFO - Started process (PID=8632) to work on /home/airflow/.local/lib/python3.12/site-packages/airflow/example_dags/example_trigger_target_dag.py
[2024-05-05T04:03:29.995+0000] {processor.py:830} INFO - Processing file /home/airflow/.local/lib/python3.12/site-packages/airflow/example_dags/example_trigger_target_dag.py for tasks to queue
[2024-05-05T04:03:30.008+0000] {logging_mixin.py:188} INFO - [2024-05-05T04:03:30.006+0000] {dagbag.py:540} INFO - Filling up the DagBag from /home/airflow/.local/lib/python3.12/site-packages/airflow/example_dags/example_trigger_target_dag.py
[2024-05-05T04:03:30.136+0000] {processor.py:840} INFO - DAG(s) 'example_trigger_target_dag' retrieved from /home/airflow/.local/lib/python3.12/site-packages/airflow/example_dags/example_trigger_target_dag.py
[2024-05-05T04:03:30.488+0000] {logging_mixin.py:188} INFO - [2024-05-05T04:03:30.487+0000] {dag.py:3096} INFO - Sync 1 DAGs
[2024-05-05T04:03:30.850+0000] {logging_mixin.py:188} INFO - [2024-05-05T04:03:30.848+0000] {dag.py:3954} INFO - Setting next_dagrun for example_trigger_target_dag to None, run_after=None
[2024-05-05T04:03:31.308+0000] {processor.py:183} INFO - Processing /home/airflow/.local/lib/python3.12/site-packages/airflow/example_dags/example_trigger_target_dag.py took 1.514 seconds
[2024-05-05T04:04:10.153+0000] {processor.py:161} INFO - Started process (PID=8691) to work on /home/airflow/.local/lib/python3.12/site-packages/airflow/example_dags/example_trigger_target_dag.py
[2024-05-05T04:04:10.187+0000] {processor.py:830} INFO - Processing file /home/airflow/.local/lib/python3.12/site-packages/airflow/example_dags/example_trigger_target_dag.py for tasks to queue
[2024-05-05T04:04:10.222+0000] {logging_mixin.py:188} INFO - [2024-05-05T04:04:10.220+0000] {dagbag.py:540} INFO - Filling up the DagBag from /home/airflow/.local/lib/python3.12/site-packages/airflow/example_dags/example_trigger_target_dag.py
[2024-05-05T04:04:10.287+0000] {processor.py:840} INFO - DAG(s) 'example_trigger_target_dag' retrieved from /home/airflow/.local/lib/python3.12/site-packages/airflow/example_dags/example_trigger_target_dag.py
[2024-05-05T04:04:10.728+0000] {logging_mixin.py:188} INFO - [2024-05-05T04:04:10.727+0000] {dag.py:3096} INFO - Sync 1 DAGs
[2024-05-05T04:04:11.191+0000] {logging_mixin.py:188} INFO - [2024-05-05T04:04:11.183+0000] {dag.py:3954} INFO - Setting next_dagrun for example_trigger_target_dag to None, run_after=None
[2024-05-05T04:04:11.733+0000] {processor.py:183} INFO - Processing /home/airflow/.local/lib/python3.12/site-packages/airflow/example_dags/example_trigger_target_dag.py took 1.698 seconds
[2024-05-05T04:04:46.765+0000] {processor.py:161} INFO - Started process (PID=8747) to work on /home/airflow/.local/lib/python3.12/site-packages/airflow/example_dags/example_trigger_target_dag.py
[2024-05-05T04:04:46.781+0000] {processor.py:830} INFO - Processing file /home/airflow/.local/lib/python3.12/site-packages/airflow/example_dags/example_trigger_target_dag.py for tasks to queue
[2024-05-05T04:04:46.789+0000] {logging_mixin.py:188} INFO - [2024-05-05T04:04:46.787+0000] {dagbag.py:540} INFO - Filling up the DagBag from /home/airflow/.local/lib/python3.12/site-packages/airflow/example_dags/example_trigger_target_dag.py
[2024-05-05T04:04:46.870+0000] {processor.py:840} INFO - DAG(s) 'example_trigger_target_dag' retrieved from /home/airflow/.local/lib/python3.12/site-packages/airflow/example_dags/example_trigger_target_dag.py
[2024-05-05T04:04:47.332+0000] {logging_mixin.py:188} INFO - [2024-05-05T04:04:47.331+0000] {dag.py:3096} INFO - Sync 1 DAGs
[2024-05-05T04:04:47.597+0000] {logging_mixin.py:188} INFO - [2024-05-05T04:04:47.592+0000] {dag.py:3954} INFO - Setting next_dagrun for example_trigger_target_dag to None, run_after=None
[2024-05-05T04:04:48.076+0000] {processor.py:183} INFO - Processing /home/airflow/.local/lib/python3.12/site-packages/airflow/example_dags/example_trigger_target_dag.py took 1.409 seconds
[2024-05-05T04:05:28.381+0000] {processor.py:161} INFO - Started process (PID=8803) to work on /home/airflow/.local/lib/python3.12/site-packages/airflow/example_dags/example_trigger_target_dag.py
[2024-05-05T04:05:28.392+0000] {processor.py:830} INFO - Processing file /home/airflow/.local/lib/python3.12/site-packages/airflow/example_dags/example_trigger_target_dag.py for tasks to queue
[2024-05-05T04:05:28.421+0000] {logging_mixin.py:188} INFO - [2024-05-05T04:05:28.419+0000] {dagbag.py:540} INFO - Filling up the DagBag from /home/airflow/.local/lib/python3.12/site-packages/airflow/example_dags/example_trigger_target_dag.py
[2024-05-05T04:05:28.582+0000] {processor.py:840} INFO - DAG(s) 'example_trigger_target_dag' retrieved from /home/airflow/.local/lib/python3.12/site-packages/airflow/example_dags/example_trigger_target_dag.py
[2024-05-05T04:05:28.863+0000] {logging_mixin.py:188} INFO - [2024-05-05T04:05:28.857+0000] {dag.py:3096} INFO - Sync 1 DAGs
[2024-05-05T04:05:29.173+0000] {logging_mixin.py:188} INFO - [2024-05-05T04:05:29.167+0000] {dag.py:3954} INFO - Setting next_dagrun for example_trigger_target_dag to None, run_after=None
[2024-05-05T04:05:29.578+0000] {processor.py:183} INFO - Processing /home/airflow/.local/lib/python3.12/site-packages/airflow/example_dags/example_trigger_target_dag.py took 1.294 seconds
[2024-05-05T04:06:44.834+0000] {processor.py:161} INFO - Started process (PID=8867) to work on /home/airflow/.local/lib/python3.12/site-packages/airflow/example_dags/example_trigger_target_dag.py
[2024-05-05T04:06:44.889+0000] {processor.py:830} INFO - Processing file /home/airflow/.local/lib/python3.12/site-packages/airflow/example_dags/example_trigger_target_dag.py for tasks to queue
[2024-05-05T04:06:44.930+0000] {logging_mixin.py:188} INFO - [2024-05-05T04:06:44.913+0000] {dagbag.py:540} INFO - Filling up the DagBag from /home/airflow/.local/lib/python3.12/site-packages/airflow/example_dags/example_trigger_target_dag.py
[2024-05-05T04:06:45.274+0000] {processor.py:840} INFO - DAG(s) 'example_trigger_target_dag' retrieved from /home/airflow/.local/lib/python3.12/site-packages/airflow/example_dags/example_trigger_target_dag.py
[2024-05-05T04:06:45.740+0000] {logging_mixin.py:188} INFO - [2024-05-05T04:06:45.739+0000] {dag.py:3096} INFO - Sync 1 DAGs
[2024-05-05T04:06:46.296+0000] {logging_mixin.py:188} INFO - [2024-05-05T04:06:46.292+0000] {dag.py:3954} INFO - Setting next_dagrun for example_trigger_target_dag to None, run_after=None
[2024-05-05T04:06:46.981+0000] {processor.py:183} INFO - Processing /home/airflow/.local/lib/python3.12/site-packages/airflow/example_dags/example_trigger_target_dag.py took 2.433 seconds
[2024-05-05T04:09:11.307+0000] {processor.py:161} INFO - Started process (PID=8965) to work on /home/airflow/.local/lib/python3.12/site-packages/airflow/example_dags/example_trigger_target_dag.py
[2024-05-05T04:09:11.322+0000] {processor.py:830} INFO - Processing file /home/airflow/.local/lib/python3.12/site-packages/airflow/example_dags/example_trigger_target_dag.py for tasks to queue
[2024-05-05T04:09:11.335+0000] {logging_mixin.py:188} INFO - [2024-05-05T04:09:11.332+0000] {dagbag.py:540} INFO - Filling up the DagBag from /home/airflow/.local/lib/python3.12/site-packages/airflow/example_dags/example_trigger_target_dag.py
[2024-05-05T04:09:11.428+0000] {processor.py:840} INFO - DAG(s) 'example_trigger_target_dag' retrieved from /home/airflow/.local/lib/python3.12/site-packages/airflow/example_dags/example_trigger_target_dag.py
[2024-05-05T04:09:11.802+0000] {logging_mixin.py:188} INFO - [2024-05-05T04:09:11.776+0000] {dag.py:3096} INFO - Sync 1 DAGs
[2024-05-05T04:09:12.444+0000] {logging_mixin.py:188} INFO - [2024-05-05T04:09:12.442+0000] {dag.py:3954} INFO - Setting next_dagrun for example_trigger_target_dag to None, run_after=None
[2024-05-05T04:09:12.989+0000] {processor.py:183} INFO - Processing /home/airflow/.local/lib/python3.12/site-packages/airflow/example_dags/example_trigger_target_dag.py took 1.803 seconds
[2024-05-05T04:11:38.745+0000] {processor.py:161} INFO - Started process (PID=9059) to work on /home/airflow/.local/lib/python3.12/site-packages/airflow/example_dags/example_trigger_target_dag.py
[2024-05-05T04:11:38.828+0000] {processor.py:830} INFO - Processing file /home/airflow/.local/lib/python3.12/site-packages/airflow/example_dags/example_trigger_target_dag.py for tasks to queue
[2024-05-05T04:11:38.880+0000] {logging_mixin.py:188} INFO - [2024-05-05T04:11:38.876+0000] {dagbag.py:540} INFO - Filling up the DagBag from /home/airflow/.local/lib/python3.12/site-packages/airflow/example_dags/example_trigger_target_dag.py
[2024-05-05T04:11:39.197+0000] {processor.py:840} INFO - DAG(s) 'example_trigger_target_dag' retrieved from /home/airflow/.local/lib/python3.12/site-packages/airflow/example_dags/example_trigger_target_dag.py
[2024-05-05T04:11:39.711+0000] {logging_mixin.py:188} INFO - [2024-05-05T04:11:39.709+0000] {dag.py:3096} INFO - Sync 1 DAGs
[2024-05-05T04:11:40.248+0000] {logging_mixin.py:188} INFO - [2024-05-05T04:11:40.236+0000] {dag.py:3954} INFO - Setting next_dagrun for example_trigger_target_dag to None, run_after=None
[2024-05-05T04:11:41.354+0000] {processor.py:183} INFO - Processing /home/airflow/.local/lib/python3.12/site-packages/airflow/example_dags/example_trigger_target_dag.py took 2.918 seconds
[2024-05-05T04:14:12.969+0000] {processor.py:161} INFO - Started process (PID=9162) to work on /home/airflow/.local/lib/python3.12/site-packages/airflow/example_dags/example_trigger_target_dag.py
[2024-05-05T04:14:12.992+0000] {processor.py:830} INFO - Processing file /home/airflow/.local/lib/python3.12/site-packages/airflow/example_dags/example_trigger_target_dag.py for tasks to queue
[2024-05-05T04:14:13.017+0000] {logging_mixin.py:188} INFO - [2024-05-05T04:14:13.013+0000] {dagbag.py:540} INFO - Filling up the DagBag from /home/airflow/.local/lib/python3.12/site-packages/airflow/example_dags/example_trigger_target_dag.py
[2024-05-05T04:14:13.092+0000] {processor.py:840} INFO - DAG(s) 'example_trigger_target_dag' retrieved from /home/airflow/.local/lib/python3.12/site-packages/airflow/example_dags/example_trigger_target_dag.py
[2024-05-05T04:14:14.191+0000] {logging_mixin.py:188} INFO - [2024-05-05T04:14:14.143+0000] {dag.py:3096} INFO - Sync 1 DAGs
[2024-05-05T04:14:14.915+0000] {logging_mixin.py:188} INFO - [2024-05-05T04:14:14.913+0000] {dag.py:3954} INFO - Setting next_dagrun for example_trigger_target_dag to None, run_after=None
[2024-05-05T04:14:15.660+0000] {processor.py:183} INFO - Processing /home/airflow/.local/lib/python3.12/site-packages/airflow/example_dags/example_trigger_target_dag.py took 2.791 seconds
[2024-05-05T04:16:41.983+0000] {processor.py:161} INFO - Started process (PID=9264) to work on /home/airflow/.local/lib/python3.12/site-packages/airflow/example_dags/example_trigger_target_dag.py
[2024-05-05T04:16:42.037+0000] {processor.py:830} INFO - Processing file /home/airflow/.local/lib/python3.12/site-packages/airflow/example_dags/example_trigger_target_dag.py for tasks to queue
[2024-05-05T04:16:42.072+0000] {logging_mixin.py:188} INFO - [2024-05-05T04:16:42.060+0000] {dagbag.py:540} INFO - Filling up the DagBag from /home/airflow/.local/lib/python3.12/site-packages/airflow/example_dags/example_trigger_target_dag.py
[2024-05-05T04:16:42.261+0000] {processor.py:840} INFO - DAG(s) 'example_trigger_target_dag' retrieved from /home/airflow/.local/lib/python3.12/site-packages/airflow/example_dags/example_trigger_target_dag.py
[2024-05-05T04:16:42.787+0000] {logging_mixin.py:188} INFO - [2024-05-05T04:16:42.780+0000] {dag.py:3096} INFO - Sync 1 DAGs
[2024-05-05T04:16:43.278+0000] {logging_mixin.py:188} INFO - [2024-05-05T04:16:43.269+0000] {dag.py:3954} INFO - Setting next_dagrun for example_trigger_target_dag to None, run_after=None
[2024-05-05T04:16:43.833+0000] {processor.py:183} INFO - Processing /home/airflow/.local/lib/python3.12/site-packages/airflow/example_dags/example_trigger_target_dag.py took 2.056 seconds
[2024-05-05T04:19:13.633+0000] {processor.py:161} INFO - Started process (PID=9361) to work on /home/airflow/.local/lib/python3.12/site-packages/airflow/example_dags/example_trigger_target_dag.py
[2024-05-05T04:19:13.656+0000] {processor.py:830} INFO - Processing file /home/airflow/.local/lib/python3.12/site-packages/airflow/example_dags/example_trigger_target_dag.py for tasks to queue
[2024-05-05T04:19:13.686+0000] {logging_mixin.py:188} INFO - [2024-05-05T04:19:13.683+0000] {dagbag.py:540} INFO - Filling up the DagBag from /home/airflow/.local/lib/python3.12/site-packages/airflow/example_dags/example_trigger_target_dag.py
[2024-05-05T04:19:13.751+0000] {processor.py:840} INFO - DAG(s) 'example_trigger_target_dag' retrieved from /home/airflow/.local/lib/python3.12/site-packages/airflow/example_dags/example_trigger_target_dag.py
[2024-05-05T04:19:14.247+0000] {logging_mixin.py:188} INFO - [2024-05-05T04:19:14.245+0000] {dag.py:3096} INFO - Sync 1 DAGs
[2024-05-05T04:19:14.688+0000] {logging_mixin.py:188} INFO - [2024-05-05T04:19:14.680+0000] {dag.py:3954} INFO - Setting next_dagrun for example_trigger_target_dag to None, run_after=None
[2024-05-05T04:19:15.245+0000] {processor.py:183} INFO - Processing /home/airflow/.local/lib/python3.12/site-packages/airflow/example_dags/example_trigger_target_dag.py took 1.779 seconds
[2024-05-05T04:21:41.594+0000] {processor.py:161} INFO - Started process (PID=9460) to work on /home/airflow/.local/lib/python3.12/site-packages/airflow/example_dags/example_trigger_target_dag.py
[2024-05-05T04:21:41.625+0000] {processor.py:830} INFO - Processing file /home/airflow/.local/lib/python3.12/site-packages/airflow/example_dags/example_trigger_target_dag.py for tasks to queue
[2024-05-05T04:21:41.639+0000] {logging_mixin.py:188} INFO - [2024-05-05T04:21:41.637+0000] {dagbag.py:540} INFO - Filling up the DagBag from /home/airflow/.local/lib/python3.12/site-packages/airflow/example_dags/example_trigger_target_dag.py
[2024-05-05T04:21:41.884+0000] {processor.py:840} INFO - DAG(s) 'example_trigger_target_dag' retrieved from /home/airflow/.local/lib/python3.12/site-packages/airflow/example_dags/example_trigger_target_dag.py
[2024-05-05T04:21:42.501+0000] {logging_mixin.py:188} INFO - [2024-05-05T04:21:42.500+0000] {dag.py:3096} INFO - Sync 1 DAGs
[2024-05-05T04:21:42.871+0000] {logging_mixin.py:188} INFO - [2024-05-05T04:21:42.869+0000] {dag.py:3954} INFO - Setting next_dagrun for example_trigger_target_dag to None, run_after=None
[2024-05-05T04:21:43.319+0000] {processor.py:183} INFO - Processing /home/airflow/.local/lib/python3.12/site-packages/airflow/example_dags/example_trigger_target_dag.py took 1.951 seconds
[2024-05-05T04:24:19.576+0000] {processor.py:161} INFO - Started process (PID=9565) to work on /home/airflow/.local/lib/python3.12/site-packages/airflow/example_dags/example_trigger_target_dag.py
[2024-05-05T04:24:19.609+0000] {processor.py:830} INFO - Processing file /home/airflow/.local/lib/python3.12/site-packages/airflow/example_dags/example_trigger_target_dag.py for tasks to queue
[2024-05-05T04:24:19.636+0000] {logging_mixin.py:188} INFO - [2024-05-05T04:24:19.632+0000] {dagbag.py:540} INFO - Filling up the DagBag from /home/airflow/.local/lib/python3.12/site-packages/airflow/example_dags/example_trigger_target_dag.py
[2024-05-05T04:24:19.824+0000] {processor.py:840} INFO - DAG(s) 'example_trigger_target_dag' retrieved from /home/airflow/.local/lib/python3.12/site-packages/airflow/example_dags/example_trigger_target_dag.py
[2024-05-05T04:24:20.625+0000] {logging_mixin.py:188} INFO - [2024-05-05T04:24:20.624+0000] {dag.py:3096} INFO - Sync 1 DAGs
[2024-05-05T04:24:21.023+0000] {logging_mixin.py:188} INFO - [2024-05-05T04:24:21.021+0000] {dag.py:3954} INFO - Setting next_dagrun for example_trigger_target_dag to None, run_after=None
[2024-05-05T04:24:21.432+0000] {processor.py:183} INFO - Processing /home/airflow/.local/lib/python3.12/site-packages/airflow/example_dags/example_trigger_target_dag.py took 1.994 seconds
[2024-05-05T04:26:58.027+0000] {processor.py:161} INFO - Started process (PID=9669) to work on /home/airflow/.local/lib/python3.12/site-packages/airflow/example_dags/example_trigger_target_dag.py
[2024-05-05T04:26:58.077+0000] {processor.py:830} INFO - Processing file /home/airflow/.local/lib/python3.12/site-packages/airflow/example_dags/example_trigger_target_dag.py for tasks to queue
[2024-05-05T04:26:58.131+0000] {logging_mixin.py:188} INFO - [2024-05-05T04:26:58.108+0000] {dagbag.py:540} INFO - Filling up the DagBag from /home/airflow/.local/lib/python3.12/site-packages/airflow/example_dags/example_trigger_target_dag.py
[2024-05-05T04:26:58.496+0000] {processor.py:840} INFO - DAG(s) 'example_trigger_target_dag' retrieved from /home/airflow/.local/lib/python3.12/site-packages/airflow/example_dags/example_trigger_target_dag.py
[2024-05-05T04:26:59.774+0000] {logging_mixin.py:188} INFO - [2024-05-05T04:26:59.773+0000] {dag.py:3096} INFO - Sync 1 DAGs
[2024-05-05T04:27:00.338+0000] {logging_mixin.py:188} INFO - [2024-05-05T04:27:00.303+0000] {dag.py:3954} INFO - Setting next_dagrun for example_trigger_target_dag to None, run_after=None
[2024-05-05T04:27:00.918+0000] {processor.py:183} INFO - Processing /home/airflow/.local/lib/python3.12/site-packages/airflow/example_dags/example_trigger_target_dag.py took 3.161 seconds
[2024-05-05T04:29:28.718+0000] {processor.py:161} INFO - Started process (PID=9766) to work on /home/airflow/.local/lib/python3.12/site-packages/airflow/example_dags/example_trigger_target_dag.py
[2024-05-05T04:29:28.757+0000] {processor.py:830} INFO - Processing file /home/airflow/.local/lib/python3.12/site-packages/airflow/example_dags/example_trigger_target_dag.py for tasks to queue
[2024-05-05T04:29:28.782+0000] {logging_mixin.py:188} INFO - [2024-05-05T04:29:28.780+0000] {dagbag.py:540} INFO - Filling up the DagBag from /home/airflow/.local/lib/python3.12/site-packages/airflow/example_dags/example_trigger_target_dag.py
[2024-05-05T04:29:29.053+0000] {processor.py:840} INFO - DAG(s) 'example_trigger_target_dag' retrieved from /home/airflow/.local/lib/python3.12/site-packages/airflow/example_dags/example_trigger_target_dag.py
[2024-05-05T04:29:29.711+0000] {logging_mixin.py:188} INFO - [2024-05-05T04:29:29.694+0000] {dag.py:3096} INFO - Sync 1 DAGs
[2024-05-05T04:29:30.140+0000] {logging_mixin.py:188} INFO - [2024-05-05T04:29:30.124+0000] {dag.py:3954} INFO - Setting next_dagrun for example_trigger_target_dag to None, run_after=None
[2024-05-05T04:29:31.286+0000] {processor.py:183} INFO - Processing /home/airflow/.local/lib/python3.12/site-packages/airflow/example_dags/example_trigger_target_dag.py took 2.972 seconds
[2024-05-05T04:32:04.698+0000] {processor.py:161} INFO - Started process (PID=9870) to work on /home/airflow/.local/lib/python3.12/site-packages/airflow/example_dags/example_trigger_target_dag.py
[2024-05-05T04:32:04.795+0000] {processor.py:830} INFO - Processing file /home/airflow/.local/lib/python3.12/site-packages/airflow/example_dags/example_trigger_target_dag.py for tasks to queue
[2024-05-05T04:32:04.868+0000] {logging_mixin.py:188} INFO - [2024-05-05T04:32:04.821+0000] {dagbag.py:540} INFO - Filling up the DagBag from /home/airflow/.local/lib/python3.12/site-packages/airflow/example_dags/example_trigger_target_dag.py
[2024-05-05T04:32:05.293+0000] {processor.py:840} INFO - DAG(s) 'example_trigger_target_dag' retrieved from /home/airflow/.local/lib/python3.12/site-packages/airflow/example_dags/example_trigger_target_dag.py
[2024-05-05T04:32:06.333+0000] {logging_mixin.py:188} INFO - [2024-05-05T04:32:06.326+0000] {dag.py:3096} INFO - Sync 1 DAGs
[2024-05-05T04:32:07.102+0000] {logging_mixin.py:188} INFO - [2024-05-05T04:32:07.094+0000] {dag.py:3954} INFO - Setting next_dagrun for example_trigger_target_dag to None, run_after=None
[2024-05-05T04:32:07.708+0000] {processor.py:183} INFO - Processing /home/airflow/.local/lib/python3.12/site-packages/airflow/example_dags/example_trigger_target_dag.py took 3.531 seconds
[2024-05-05T04:35:00.253+0000] {processor.py:161} INFO - Started process (PID=9974) to work on /home/airflow/.local/lib/python3.12/site-packages/airflow/example_dags/example_trigger_target_dag.py
[2024-05-05T04:35:00.327+0000] {processor.py:830} INFO - Processing file /home/airflow/.local/lib/python3.12/site-packages/airflow/example_dags/example_trigger_target_dag.py for tasks to queue
[2024-05-05T04:35:00.361+0000] {logging_mixin.py:188} INFO - [2024-05-05T04:35:00.352+0000] {dagbag.py:540} INFO - Filling up the DagBag from /home/airflow/.local/lib/python3.12/site-packages/airflow/example_dags/example_trigger_target_dag.py
[2024-05-05T04:35:00.479+0000] {processor.py:840} INFO - DAG(s) 'example_trigger_target_dag' retrieved from /home/airflow/.local/lib/python3.12/site-packages/airflow/example_dags/example_trigger_target_dag.py
[2024-05-05T04:35:02.468+0000] {logging_mixin.py:188} INFO - [2024-05-05T04:35:02.466+0000] {dag.py:3096} INFO - Sync 1 DAGs
[2024-05-05T04:35:03.365+0000] {logging_mixin.py:188} INFO - [2024-05-05T04:35:03.325+0000] {dag.py:3954} INFO - Setting next_dagrun for example_trigger_target_dag to None, run_after=None
[2024-05-05T04:35:05.233+0000] {processor.py:183} INFO - Processing /home/airflow/.local/lib/python3.12/site-packages/airflow/example_dags/example_trigger_target_dag.py took 5.375 seconds
[2024-05-05T06:47:58.934+0000] {processor.py:161} INFO - Started process (PID=10088) to work on /home/airflow/.local/lib/python3.12/site-packages/airflow/example_dags/example_trigger_target_dag.py
[2024-05-05T06:47:58.989+0000] {processor.py:830} INFO - Processing file /home/airflow/.local/lib/python3.12/site-packages/airflow/example_dags/example_trigger_target_dag.py for tasks to queue
[2024-05-05T06:47:59.112+0000] {logging_mixin.py:188} INFO - [2024-05-05T06:47:59.065+0000] {dagbag.py:540} INFO - Filling up the DagBag from /home/airflow/.local/lib/python3.12/site-packages/airflow/example_dags/example_trigger_target_dag.py
[2024-05-05T06:47:59.510+0000] {processor.py:840} INFO - DAG(s) 'example_trigger_target_dag' retrieved from /home/airflow/.local/lib/python3.12/site-packages/airflow/example_dags/example_trigger_target_dag.py
[2024-05-05T06:48:00.248+0000] {logging_mixin.py:188} INFO - [2024-05-05T06:48:00.246+0000] {dag.py:3096} INFO - Sync 1 DAGs
[2024-05-05T06:48:00.918+0000] {logging_mixin.py:188} INFO - [2024-05-05T06:48:00.916+0000] {dag.py:3954} INFO - Setting next_dagrun for example_trigger_target_dag to None, run_after=None
[2024-05-05T06:48:02.224+0000] {processor.py:183} INFO - Processing /home/airflow/.local/lib/python3.12/site-packages/airflow/example_dags/example_trigger_target_dag.py took 3.730 seconds
[2024-05-05T06:52:41.310+0000] {processor.py:161} INFO - Started process (PID=10182) to work on /home/airflow/.local/lib/python3.12/site-packages/airflow/example_dags/example_trigger_target_dag.py
[2024-05-05T06:52:41.351+0000] {processor.py:830} INFO - Processing file /home/airflow/.local/lib/python3.12/site-packages/airflow/example_dags/example_trigger_target_dag.py for tasks to queue
[2024-05-05T06:52:41.490+0000] {logging_mixin.py:188} INFO - [2024-05-05T06:52:41.438+0000] {dagbag.py:540} INFO - Filling up the DagBag from /home/airflow/.local/lib/python3.12/site-packages/airflow/example_dags/example_trigger_target_dag.py
[2024-05-05T06:52:41.703+0000] {processor.py:840} INFO - DAG(s) 'example_trigger_target_dag' retrieved from /home/airflow/.local/lib/python3.12/site-packages/airflow/example_dags/example_trigger_target_dag.py
[2024-05-05T06:52:43.387+0000] {logging_mixin.py:188} INFO - [2024-05-05T06:52:43.315+0000] {dag.py:3096} INFO - Sync 1 DAGs
[2024-05-05T06:52:44.086+0000] {logging_mixin.py:188} INFO - [2024-05-05T06:52:44.084+0000] {dag.py:3954} INFO - Setting next_dagrun for example_trigger_target_dag to None, run_after=None
[2024-05-05T06:52:45.478+0000] {processor.py:183} INFO - Processing /home/airflow/.local/lib/python3.12/site-packages/airflow/example_dags/example_trigger_target_dag.py took 5.061 seconds
[2024-05-05T13:48:11.920+0000] {processor.py:161} INFO - Started process (PID=10270) to work on /home/airflow/.local/lib/python3.12/site-packages/airflow/example_dags/example_trigger_target_dag.py
[2024-05-05T13:48:11.933+0000] {processor.py:830} INFO - Processing file /home/airflow/.local/lib/python3.12/site-packages/airflow/example_dags/example_trigger_target_dag.py for tasks to queue
[2024-05-05T13:48:11.964+0000] {logging_mixin.py:188} INFO - [2024-05-05T13:48:11.962+0000] {dagbag.py:540} INFO - Filling up the DagBag from /home/airflow/.local/lib/python3.12/site-packages/airflow/example_dags/example_trigger_target_dag.py
[2024-05-05T13:48:12.068+0000] {processor.py:840} INFO - DAG(s) 'example_trigger_target_dag' retrieved from /home/airflow/.local/lib/python3.12/site-packages/airflow/example_dags/example_trigger_target_dag.py
[2024-05-05T13:48:12.593+0000] {logging_mixin.py:188} INFO - [2024-05-05T13:48:12.592+0000] {dag.py:3096} INFO - Sync 1 DAGs
[2024-05-05T13:48:12.657+0000] {logging_mixin.py:188} INFO - [2024-05-05T13:48:12.651+0000] {dag.py:3954} INFO - Setting next_dagrun for example_trigger_target_dag to None, run_after=None
[2024-05-05T13:48:12.818+0000] {processor.py:183} INFO - Processing /home/airflow/.local/lib/python3.12/site-packages/airflow/example_dags/example_trigger_target_dag.py took 0.910 seconds
[2024-05-05T22:08:53.488+0000] {processor.py:161} INFO - Started process (PID=10357) to work on /home/airflow/.local/lib/python3.12/site-packages/airflow/example_dags/example_trigger_target_dag.py
[2024-05-05T22:08:53.501+0000] {processor.py:830} INFO - Processing file /home/airflow/.local/lib/python3.12/site-packages/airflow/example_dags/example_trigger_target_dag.py for tasks to queue
[2024-05-05T22:08:53.526+0000] {logging_mixin.py:188} INFO - [2024-05-05T22:08:53.525+0000] {dagbag.py:540} INFO - Filling up the DagBag from /home/airflow/.local/lib/python3.12/site-packages/airflow/example_dags/example_trigger_target_dag.py
[2024-05-05T22:08:53.655+0000] {processor.py:840} INFO - DAG(s) 'example_trigger_target_dag' retrieved from /home/airflow/.local/lib/python3.12/site-packages/airflow/example_dags/example_trigger_target_dag.py
[2024-05-05T22:08:54.000+0000] {logging_mixin.py:188} INFO - [2024-05-05T22:08:53.997+0000] {dag.py:3096} INFO - Sync 1 DAGs
[2024-05-05T22:08:54.209+0000] {logging_mixin.py:188} INFO - [2024-05-05T22:08:54.202+0000] {dag.py:3954} INFO - Setting next_dagrun for example_trigger_target_dag to None, run_after=None
[2024-05-05T22:08:54.408+0000] {processor.py:183} INFO - Processing /home/airflow/.local/lib/python3.12/site-packages/airflow/example_dags/example_trigger_target_dag.py took 1.035 seconds
