[2024-05-05T00:00:32.306+0000] {processor.py:161} INFO - Started process (PID=7583) to work on /home/airflow/.local/lib/python3.12/site-packages/airflow/example_dags/example_dag_decorator.py
[2024-05-05T00:00:32.316+0000] {processor.py:830} INFO - Processing file /home/airflow/.local/lib/python3.12/site-packages/airflow/example_dags/example_dag_decorator.py for tasks to queue
[2024-05-05T00:00:32.319+0000] {logging_mixin.py:188} INFO - [2024-05-05T00:00:32.318+0000] {dagbag.py:540} INFO - Filling up the DagBag from /home/airflow/.local/lib/python3.12/site-packages/airflow/example_dags/example_dag_decorator.py
[2024-05-05T00:00:32.747+0000] {processor.py:840} INFO - DAG(s) 'example_dag_decorator' retrieved from /home/airflow/.local/lib/python3.12/site-packages/airflow/example_dags/example_dag_decorator.py
[2024-05-05T00:00:33.197+0000] {logging_mixin.py:188} INFO - [2024-05-05T00:00:33.195+0000] {dag.py:3096} INFO - Sync 1 DAGs
[2024-05-05T00:00:33.254+0000] {logging_mixin.py:188} INFO - [2024-05-05T00:00:33.254+0000] {dag.py:3954} INFO - Setting next_dagrun for example_dag_decorator to None, run_after=None
[2024-05-05T00:00:33.414+0000] {processor.py:183} INFO - Processing /home/airflow/.local/lib/python3.12/site-packages/airflow/example_dags/example_dag_decorator.py took 1.137 seconds
[2024-05-05T00:01:04.764+0000] {processor.py:161} INFO - Started process (PID=7653) to work on /home/airflow/.local/lib/python3.12/site-packages/airflow/example_dags/example_dag_decorator.py
[2024-05-05T00:01:04.767+0000] {processor.py:830} INFO - Processing file /home/airflow/.local/lib/python3.12/site-packages/airflow/example_dags/example_dag_decorator.py for tasks to queue
[2024-05-05T00:01:04.775+0000] {logging_mixin.py:188} INFO - [2024-05-05T00:01:04.773+0000] {dagbag.py:540} INFO - Filling up the DagBag from /home/airflow/.local/lib/python3.12/site-packages/airflow/example_dags/example_dag_decorator.py
[2024-05-05T00:01:05.145+0000] {processor.py:840} INFO - DAG(s) 'example_dag_decorator' retrieved from /home/airflow/.local/lib/python3.12/site-packages/airflow/example_dags/example_dag_decorator.py
[2024-05-05T00:01:05.402+0000] {logging_mixin.py:188} INFO - [2024-05-05T00:01:05.401+0000] {dag.py:3096} INFO - Sync 1 DAGs
[2024-05-05T00:01:05.422+0000] {logging_mixin.py:188} INFO - [2024-05-05T00:01:05.421+0000] {dag.py:3954} INFO - Setting next_dagrun for example_dag_decorator to None, run_after=None
[2024-05-05T00:01:05.456+0000] {processor.py:183} INFO - Processing /home/airflow/.local/lib/python3.12/site-packages/airflow/example_dags/example_dag_decorator.py took 0.716 seconds
[2024-05-05T00:32:37.918+0000] {processor.py:161} INFO - Started process (PID=7722) to work on /home/airflow/.local/lib/python3.12/site-packages/airflow/example_dags/example_dag_decorator.py
[2024-05-05T00:32:37.942+0000] {processor.py:830} INFO - Processing file /home/airflow/.local/lib/python3.12/site-packages/airflow/example_dags/example_dag_decorator.py for tasks to queue
[2024-05-05T00:32:37.975+0000] {logging_mixin.py:188} INFO - [2024-05-05T00:32:37.961+0000] {dagbag.py:540} INFO - Filling up the DagBag from /home/airflow/.local/lib/python3.12/site-packages/airflow/example_dags/example_dag_decorator.py
[2024-05-05T00:32:43.795+0000] {processor.py:840} INFO - DAG(s) 'example_dag_decorator' retrieved from /home/airflow/.local/lib/python3.12/site-packages/airflow/example_dags/example_dag_decorator.py
[2024-05-05T00:32:50.195+0000] {logging_mixin.py:188} INFO - [2024-05-05T00:32:50.194+0000] {dag.py:3096} INFO - Sync 1 DAGs
[2024-05-05T00:32:50.733+0000] {logging_mixin.py:188} INFO - [2024-05-05T00:32:50.721+0000] {dag.py:3954} INFO - Setting next_dagrun for example_dag_decorator to None, run_after=None
[2024-05-05T00:32:51.263+0000] {processor.py:183} INFO - Processing /home/airflow/.local/lib/python3.12/site-packages/airflow/example_dags/example_dag_decorator.py took 13.659 seconds
[2024-05-05T00:51:01.225+0000] {processor.py:161} INFO - Started process (PID=7786) to work on /home/airflow/.local/lib/python3.12/site-packages/airflow/example_dags/example_dag_decorator.py
[2024-05-05T00:51:01.288+0000] {processor.py:830} INFO - Processing file /home/airflow/.local/lib/python3.12/site-packages/airflow/example_dags/example_dag_decorator.py for tasks to queue
[2024-05-05T00:51:01.367+0000] {logging_mixin.py:188} INFO - [2024-05-05T00:51:01.338+0000] {dagbag.py:540} INFO - Filling up the DagBag from /home/airflow/.local/lib/python3.12/site-packages/airflow/example_dags/example_dag_decorator.py
[2024-05-05T00:51:07.472+0000] {processor.py:840} INFO - DAG(s) 'example_dag_decorator' retrieved from /home/airflow/.local/lib/python3.12/site-packages/airflow/example_dags/example_dag_decorator.py
[2024-05-05T00:51:12.400+0000] {logging_mixin.py:188} INFO - [2024-05-05T00:51:12.381+0000] {dag.py:3096} INFO - Sync 1 DAGs
[2024-05-05T00:51:12.654+0000] {logging_mixin.py:188} INFO - [2024-05-05T00:51:12.642+0000] {dag.py:3954} INFO - Setting next_dagrun for example_dag_decorator to None, run_after=None
[2024-05-05T00:51:13.108+0000] {processor.py:183} INFO - Processing /home/airflow/.local/lib/python3.12/site-packages/airflow/example_dags/example_dag_decorator.py took 12.115 seconds
[2024-05-05T00:53:17.071+0000] {processor.py:161} INFO - Started process (PID=7875) to work on /home/airflow/.local/lib/python3.12/site-packages/airflow/example_dags/example_dag_decorator.py
[2024-05-05T00:53:17.075+0000] {processor.py:830} INFO - Processing file /home/airflow/.local/lib/python3.12/site-packages/airflow/example_dags/example_dag_decorator.py for tasks to queue
[2024-05-05T00:53:17.078+0000] {logging_mixin.py:188} INFO - [2024-05-05T00:53:17.077+0000] {dagbag.py:540} INFO - Filling up the DagBag from /home/airflow/.local/lib/python3.12/site-packages/airflow/example_dags/example_dag_decorator.py
[2024-05-05T00:53:17.458+0000] {processor.py:840} INFO - DAG(s) 'example_dag_decorator' retrieved from /home/airflow/.local/lib/python3.12/site-packages/airflow/example_dags/example_dag_decorator.py
[2024-05-05T00:53:18.089+0000] {logging_mixin.py:188} INFO - [2024-05-05T00:53:18.089+0000] {dag.py:3096} INFO - Sync 1 DAGs
[2024-05-05T00:53:18.181+0000] {logging_mixin.py:188} INFO - [2024-05-05T00:53:18.181+0000] {dag.py:3954} INFO - Setting next_dagrun for example_dag_decorator to None, run_after=None
[2024-05-05T00:53:18.266+0000] {processor.py:183} INFO - Processing /home/airflow/.local/lib/python3.12/site-packages/airflow/example_dags/example_dag_decorator.py took 1.221 seconds
[2024-05-05T01:11:08.149+0000] {processor.py:161} INFO - Started process (PID=7953) to work on /home/airflow/.local/lib/python3.12/site-packages/airflow/example_dags/example_dag_decorator.py
[2024-05-05T01:11:08.163+0000] {processor.py:830} INFO - Processing file /home/airflow/.local/lib/python3.12/site-packages/airflow/example_dags/example_dag_decorator.py for tasks to queue
[2024-05-05T01:11:08.165+0000] {logging_mixin.py:188} INFO - [2024-05-05T01:11:08.165+0000] {dagbag.py:540} INFO - Filling up the DagBag from /home/airflow/.local/lib/python3.12/site-packages/airflow/example_dags/example_dag_decorator.py
[2024-05-05T01:11:08.743+0000] {processor.py:840} INFO - DAG(s) 'example_dag_decorator' retrieved from /home/airflow/.local/lib/python3.12/site-packages/airflow/example_dags/example_dag_decorator.py
[2024-05-05T01:11:11.501+0000] {logging_mixin.py:188} INFO - [2024-05-05T01:11:11.500+0000] {dag.py:3096} INFO - Sync 1 DAGs
[2024-05-05T01:11:12.206+0000] {logging_mixin.py:188} INFO - [2024-05-05T01:11:12.190+0000] {dag.py:3954} INFO - Setting next_dagrun for example_dag_decorator to None, run_after=None
[2024-05-05T01:11:13.124+0000] {processor.py:183} INFO - Processing /home/airflow/.local/lib/python3.12/site-packages/airflow/example_dags/example_dag_decorator.py took 5.022 seconds
[2024-05-05T01:45:05.427+0000] {processor.py:161} INFO - Started process (PID=7999) to work on /home/airflow/.local/lib/python3.12/site-packages/airflow/example_dags/example_dag_decorator.py
[2024-05-05T01:45:05.441+0000] {processor.py:830} INFO - Processing file /home/airflow/.local/lib/python3.12/site-packages/airflow/example_dags/example_dag_decorator.py for tasks to queue
[2024-05-05T01:45:05.452+0000] {logging_mixin.py:188} INFO - [2024-05-05T01:45:05.447+0000] {dagbag.py:540} INFO - Filling up the DagBag from /home/airflow/.local/lib/python3.12/site-packages/airflow/example_dags/example_dag_decorator.py
[2024-05-05T01:45:06.086+0000] {processor.py:840} INFO - DAG(s) 'example_dag_decorator' retrieved from /home/airflow/.local/lib/python3.12/site-packages/airflow/example_dags/example_dag_decorator.py
[2024-05-05T01:45:06.644+0000] {logging_mixin.py:188} INFO - [2024-05-05T01:45:06.643+0000] {dag.py:3096} INFO - Sync 1 DAGs
[2024-05-05T01:45:06.667+0000] {logging_mixin.py:188} INFO - [2024-05-05T01:45:06.667+0000] {dag.py:3954} INFO - Setting next_dagrun for example_dag_decorator to None, run_after=None
[2024-05-05T01:45:06.727+0000] {processor.py:183} INFO - Processing /home/airflow/.local/lib/python3.12/site-packages/airflow/example_dags/example_dag_decorator.py took 1.377 seconds
[2024-05-05T02:03:03.223+0000] {processor.py:161} INFO - Started process (PID=8063) to work on /home/airflow/.local/lib/python3.12/site-packages/airflow/example_dags/example_dag_decorator.py
[2024-05-05T02:03:03.229+0000] {processor.py:830} INFO - Processing file /home/airflow/.local/lib/python3.12/site-packages/airflow/example_dags/example_dag_decorator.py for tasks to queue
[2024-05-05T02:03:03.232+0000] {logging_mixin.py:188} INFO - [2024-05-05T02:03:03.231+0000] {dagbag.py:540} INFO - Filling up the DagBag from /home/airflow/.local/lib/python3.12/site-packages/airflow/example_dags/example_dag_decorator.py
[2024-05-05T02:03:03.584+0000] {processor.py:840} INFO - DAG(s) 'example_dag_decorator' retrieved from /home/airflow/.local/lib/python3.12/site-packages/airflow/example_dags/example_dag_decorator.py
[2024-05-05T02:03:04.090+0000] {logging_mixin.py:188} INFO - [2024-05-05T02:03:04.089+0000] {dag.py:3096} INFO - Sync 1 DAGs
[2024-05-05T02:03:04.129+0000] {logging_mixin.py:188} INFO - [2024-05-05T02:03:04.129+0000] {dag.py:3954} INFO - Setting next_dagrun for example_dag_decorator to None, run_after=None
[2024-05-05T02:03:04.203+0000] {processor.py:183} INFO - Processing /home/airflow/.local/lib/python3.12/site-packages/airflow/example_dags/example_dag_decorator.py took 1.014 seconds
[2024-05-05T02:04:30.661+0000] {processor.py:161} INFO - Started process (PID=8151) to work on /home/airflow/.local/lib/python3.12/site-packages/airflow/example_dags/example_dag_decorator.py
[2024-05-05T02:04:30.692+0000] {processor.py:830} INFO - Processing file /home/airflow/.local/lib/python3.12/site-packages/airflow/example_dags/example_dag_decorator.py for tasks to queue
[2024-05-05T02:04:30.751+0000] {logging_mixin.py:188} INFO - [2024-05-05T02:04:30.722+0000] {dagbag.py:540} INFO - Filling up the DagBag from /home/airflow/.local/lib/python3.12/site-packages/airflow/example_dags/example_dag_decorator.py
[2024-05-05T02:04:33.321+0000] {processor.py:840} INFO - DAG(s) 'example_dag_decorator' retrieved from /home/airflow/.local/lib/python3.12/site-packages/airflow/example_dags/example_dag_decorator.py
[2024-05-05T02:04:36.969+0000] {logging_mixin.py:188} INFO - [2024-05-05T02:04:36.953+0000] {dag.py:3096} INFO - Sync 1 DAGs
[2024-05-05T02:04:37.194+0000] {logging_mixin.py:188} INFO - [2024-05-05T02:04:37.188+0000] {dag.py:3954} INFO - Setting next_dagrun for example_dag_decorator to None, run_after=None
[2024-05-05T02:04:37.525+0000] {processor.py:183} INFO - Processing /home/airflow/.local/lib/python3.12/site-packages/airflow/example_dags/example_dag_decorator.py took 7.124 seconds
[2024-05-05T03:15:24.660+0000] {processor.py:161} INFO - Started process (PID=8249) to work on /home/airflow/.local/lib/python3.12/site-packages/airflow/example_dags/example_dag_decorator.py
[2024-05-05T03:15:24.674+0000] {processor.py:830} INFO - Processing file /home/airflow/.local/lib/python3.12/site-packages/airflow/example_dags/example_dag_decorator.py for tasks to queue
[2024-05-05T03:15:24.689+0000] {logging_mixin.py:188} INFO - [2024-05-05T03:15:24.686+0000] {dagbag.py:540} INFO - Filling up the DagBag from /home/airflow/.local/lib/python3.12/site-packages/airflow/example_dags/example_dag_decorator.py
[2024-05-05T03:15:25.398+0000] {processor.py:840} INFO - DAG(s) 'example_dag_decorator' retrieved from /home/airflow/.local/lib/python3.12/site-packages/airflow/example_dags/example_dag_decorator.py
[2024-05-05T03:15:26.036+0000] {logging_mixin.py:188} INFO - [2024-05-05T03:15:26.031+0000] {dag.py:3096} INFO - Sync 1 DAGs
[2024-05-05T03:15:26.124+0000] {logging_mixin.py:188} INFO - [2024-05-05T03:15:26.123+0000] {dag.py:3954} INFO - Setting next_dagrun for example_dag_decorator to None, run_after=None
[2024-05-05T03:15:26.182+0000] {processor.py:183} INFO - Processing /home/airflow/.local/lib/python3.12/site-packages/airflow/example_dags/example_dag_decorator.py took 1.556 seconds
[2024-05-05T04:00:06.633+0000] {processor.py:161} INFO - Started process (PID=8337) to work on /home/airflow/.local/lib/python3.12/site-packages/airflow/example_dags/example_dag_decorator.py
[2024-05-05T04:00:06.635+0000] {processor.py:830} INFO - Processing file /home/airflow/.local/lib/python3.12/site-packages/airflow/example_dags/example_dag_decorator.py for tasks to queue
[2024-05-05T04:00:06.637+0000] {logging_mixin.py:188} INFO - [2024-05-05T04:00:06.637+0000] {dagbag.py:540} INFO - Filling up the DagBag from /home/airflow/.local/lib/python3.12/site-packages/airflow/example_dags/example_dag_decorator.py
[2024-05-05T04:00:06.873+0000] {processor.py:840} INFO - DAG(s) 'example_dag_decorator' retrieved from /home/airflow/.local/lib/python3.12/site-packages/airflow/example_dags/example_dag_decorator.py
[2024-05-05T04:00:07.194+0000] {logging_mixin.py:188} INFO - [2024-05-05T04:00:07.194+0000] {dag.py:3096} INFO - Sync 1 DAGs
[2024-05-05T04:00:07.227+0000] {logging_mixin.py:188} INFO - [2024-05-05T04:00:07.226+0000] {dag.py:3954} INFO - Setting next_dagrun for example_dag_decorator to None, run_after=None
[2024-05-05T04:00:07.310+0000] {processor.py:183} INFO - Processing /home/airflow/.local/lib/python3.12/site-packages/airflow/example_dags/example_dag_decorator.py took 0.697 seconds
[2024-05-05T04:00:46.084+0000] {processor.py:161} INFO - Started process (PID=8395) to work on /home/airflow/.local/lib/python3.12/site-packages/airflow/example_dags/example_dag_decorator.py
[2024-05-05T04:00:46.094+0000] {processor.py:830} INFO - Processing file /home/airflow/.local/lib/python3.12/site-packages/airflow/example_dags/example_dag_decorator.py for tasks to queue
[2024-05-05T04:00:46.103+0000] {logging_mixin.py:188} INFO - [2024-05-05T04:00:46.101+0000] {dagbag.py:540} INFO - Filling up the DagBag from /home/airflow/.local/lib/python3.12/site-packages/airflow/example_dags/example_dag_decorator.py
[2024-05-05T04:00:47.539+0000] {processor.py:840} INFO - DAG(s) 'example_dag_decorator' retrieved from /home/airflow/.local/lib/python3.12/site-packages/airflow/example_dags/example_dag_decorator.py
[2024-05-05T04:00:50.575+0000] {logging_mixin.py:188} INFO - [2024-05-05T04:00:50.574+0000] {dag.py:3096} INFO - Sync 1 DAGs
[2024-05-05T04:00:50.903+0000] {logging_mixin.py:188} INFO - [2024-05-05T04:00:50.892+0000] {dag.py:3954} INFO - Setting next_dagrun for example_dag_decorator to None, run_after=None
[2024-05-05T04:00:51.502+0000] {processor.py:183} INFO - Processing /home/airflow/.local/lib/python3.12/site-packages/airflow/example_dags/example_dag_decorator.py took 5.492 seconds
[2024-05-05T04:01:47.780+0000] {processor.py:161} INFO - Started process (PID=8461) to work on /home/airflow/.local/lib/python3.12/site-packages/airflow/example_dags/example_dag_decorator.py
[2024-05-05T04:01:47.802+0000] {processor.py:830} INFO - Processing file /home/airflow/.local/lib/python3.12/site-packages/airflow/example_dags/example_dag_decorator.py for tasks to queue
[2024-05-05T04:01:47.819+0000] {logging_mixin.py:188} INFO - [2024-05-05T04:01:47.818+0000] {dagbag.py:540} INFO - Filling up the DagBag from /home/airflow/.local/lib/python3.12/site-packages/airflow/example_dags/example_dag_decorator.py
[2024-05-05T04:01:50.145+0000] {processor.py:840} INFO - DAG(s) 'example_dag_decorator' retrieved from /home/airflow/.local/lib/python3.12/site-packages/airflow/example_dags/example_dag_decorator.py
[2024-05-05T04:01:51.836+0000] {logging_mixin.py:188} INFO - [2024-05-05T04:01:51.835+0000] {dag.py:3096} INFO - Sync 1 DAGs
[2024-05-05T04:01:51.915+0000] {logging_mixin.py:188} INFO - [2024-05-05T04:01:51.914+0000] {dag.py:3954} INFO - Setting next_dagrun for example_dag_decorator to None, run_after=None
[2024-05-05T04:01:52.061+0000] {processor.py:183} INFO - Processing /home/airflow/.local/lib/python3.12/site-packages/airflow/example_dags/example_dag_decorator.py took 4.401 seconds
[2024-05-05T04:02:23.716+0000] {processor.py:161} INFO - Started process (PID=8520) to work on /home/airflow/.local/lib/python3.12/site-packages/airflow/example_dags/example_dag_decorator.py
[2024-05-05T04:02:23.726+0000] {processor.py:830} INFO - Processing file /home/airflow/.local/lib/python3.12/site-packages/airflow/example_dags/example_dag_decorator.py for tasks to queue
[2024-05-05T04:02:23.733+0000] {logging_mixin.py:188} INFO - [2024-05-05T04:02:23.732+0000] {dagbag.py:540} INFO - Filling up the DagBag from /home/airflow/.local/lib/python3.12/site-packages/airflow/example_dags/example_dag_decorator.py
[2024-05-05T04:02:25.040+0000] {processor.py:840} INFO - DAG(s) 'example_dag_decorator' retrieved from /home/airflow/.local/lib/python3.12/site-packages/airflow/example_dags/example_dag_decorator.py
[2024-05-05T04:02:27.103+0000] {logging_mixin.py:188} INFO - [2024-05-05T04:02:27.098+0000] {dag.py:3096} INFO - Sync 1 DAGs
[2024-05-05T04:02:27.249+0000] {logging_mixin.py:188} INFO - [2024-05-05T04:02:27.248+0000] {dag.py:3954} INFO - Setting next_dagrun for example_dag_decorator to None, run_after=None
[2024-05-05T04:02:27.450+0000] {processor.py:183} INFO - Processing /home/airflow/.local/lib/python3.12/site-packages/airflow/example_dags/example_dag_decorator.py took 3.818 seconds
[2024-05-05T04:02:58.153+0000] {processor.py:161} INFO - Started process (PID=8579) to work on /home/airflow/.local/lib/python3.12/site-packages/airflow/example_dags/example_dag_decorator.py
[2024-05-05T04:02:58.170+0000] {processor.py:830} INFO - Processing file /home/airflow/.local/lib/python3.12/site-packages/airflow/example_dags/example_dag_decorator.py for tasks to queue
[2024-05-05T04:02:58.190+0000] {logging_mixin.py:188} INFO - [2024-05-05T04:02:58.185+0000] {dagbag.py:540} INFO - Filling up the DagBag from /home/airflow/.local/lib/python3.12/site-packages/airflow/example_dags/example_dag_decorator.py
[2024-05-05T04:02:59.940+0000] {processor.py:840} INFO - DAG(s) 'example_dag_decorator' retrieved from /home/airflow/.local/lib/python3.12/site-packages/airflow/example_dags/example_dag_decorator.py
[2024-05-05T04:03:02.625+0000] {logging_mixin.py:188} INFO - [2024-05-05T04:03:02.623+0000] {dag.py:3096} INFO - Sync 1 DAGs
[2024-05-05T04:03:02.871+0000] {logging_mixin.py:188} INFO - [2024-05-05T04:03:02.858+0000] {dag.py:3954} INFO - Setting next_dagrun for example_dag_decorator to None, run_after=None
[2024-05-05T04:03:03.215+0000] {processor.py:183} INFO - Processing /home/airflow/.local/lib/python3.12/site-packages/airflow/example_dags/example_dag_decorator.py took 5.127 seconds
[2024-05-05T04:03:35.103+0000] {processor.py:161} INFO - Started process (PID=8637) to work on /home/airflow/.local/lib/python3.12/site-packages/airflow/example_dags/example_dag_decorator.py
[2024-05-05T04:03:35.125+0000] {processor.py:830} INFO - Processing file /home/airflow/.local/lib/python3.12/site-packages/airflow/example_dags/example_dag_decorator.py for tasks to queue
[2024-05-05T04:03:35.152+0000] {logging_mixin.py:188} INFO - [2024-05-05T04:03:35.142+0000] {dagbag.py:540} INFO - Filling up the DagBag from /home/airflow/.local/lib/python3.12/site-packages/airflow/example_dags/example_dag_decorator.py
[2024-05-05T04:03:38.325+0000] {processor.py:840} INFO - DAG(s) 'example_dag_decorator' retrieved from /home/airflow/.local/lib/python3.12/site-packages/airflow/example_dags/example_dag_decorator.py
[2024-05-05T04:03:38.799+0000] {logging_mixin.py:188} INFO - [2024-05-05T04:03:38.798+0000] {dag.py:3096} INFO - Sync 1 DAGs
[2024-05-05T04:03:39.060+0000] {logging_mixin.py:188} INFO - [2024-05-05T04:03:39.059+0000] {dag.py:3954} INFO - Setting next_dagrun for example_dag_decorator to None, run_after=None
[2024-05-05T04:03:39.351+0000] {processor.py:183} INFO - Processing /home/airflow/.local/lib/python3.12/site-packages/airflow/example_dags/example_dag_decorator.py took 4.439 seconds
[2024-05-05T04:04:11.076+0000] {processor.py:161} INFO - Started process (PID=8692) to work on /home/airflow/.local/lib/python3.12/site-packages/airflow/example_dags/example_dag_decorator.py
[2024-05-05T04:04:11.102+0000] {processor.py:830} INFO - Processing file /home/airflow/.local/lib/python3.12/site-packages/airflow/example_dags/example_dag_decorator.py for tasks to queue
[2024-05-05T04:04:11.123+0000] {logging_mixin.py:188} INFO - [2024-05-05T04:04:11.121+0000] {dagbag.py:540} INFO - Filling up the DagBag from /home/airflow/.local/lib/python3.12/site-packages/airflow/example_dags/example_dag_decorator.py
[2024-05-05T04:04:13.901+0000] {processor.py:840} INFO - DAG(s) 'example_dag_decorator' retrieved from /home/airflow/.local/lib/python3.12/site-packages/airflow/example_dags/example_dag_decorator.py
[2024-05-05T04:04:16.486+0000] {logging_mixin.py:188} INFO - [2024-05-05T04:04:16.485+0000] {dag.py:3096} INFO - Sync 1 DAGs
[2024-05-05T04:04:16.657+0000] {logging_mixin.py:188} INFO - [2024-05-05T04:04:16.656+0000] {dag.py:3954} INFO - Setting next_dagrun for example_dag_decorator to None, run_after=None
[2024-05-05T04:04:17.194+0000] {processor.py:183} INFO - Processing /home/airflow/.local/lib/python3.12/site-packages/airflow/example_dags/example_dag_decorator.py took 6.348 seconds
[2024-05-05T04:05:00.459+0000] {processor.py:161} INFO - Started process (PID=8761) to work on /home/airflow/.local/lib/python3.12/site-packages/airflow/example_dags/example_dag_decorator.py
[2024-05-05T04:05:00.486+0000] {processor.py:830} INFO - Processing file /home/airflow/.local/lib/python3.12/site-packages/airflow/example_dags/example_dag_decorator.py for tasks to queue
[2024-05-05T04:05:00.535+0000] {logging_mixin.py:188} INFO - [2024-05-05T04:05:00.523+0000] {dagbag.py:540} INFO - Filling up the DagBag from /home/airflow/.local/lib/python3.12/site-packages/airflow/example_dags/example_dag_decorator.py
[2024-05-05T04:05:02.641+0000] {processor.py:840} INFO - DAG(s) 'example_dag_decorator' retrieved from /home/airflow/.local/lib/python3.12/site-packages/airflow/example_dags/example_dag_decorator.py
[2024-05-05T04:05:05.073+0000] {logging_mixin.py:188} INFO - [2024-05-05T04:05:05.072+0000] {dag.py:3096} INFO - Sync 1 DAGs
[2024-05-05T04:05:05.277+0000] {logging_mixin.py:188} INFO - [2024-05-05T04:05:05.267+0000] {dag.py:3954} INFO - Setting next_dagrun for example_dag_decorator to None, run_after=None
[2024-05-05T04:05:05.664+0000] {processor.py:183} INFO - Processing /home/airflow/.local/lib/python3.12/site-packages/airflow/example_dags/example_dag_decorator.py took 5.344 seconds
[2024-05-05T04:05:43.461+0000] {processor.py:161} INFO - Started process (PID=8820) to work on /home/airflow/.local/lib/python3.12/site-packages/airflow/example_dags/example_dag_decorator.py
[2024-05-05T04:05:43.501+0000] {processor.py:830} INFO - Processing file /home/airflow/.local/lib/python3.12/site-packages/airflow/example_dags/example_dag_decorator.py for tasks to queue
[2024-05-05T04:05:43.549+0000] {logging_mixin.py:188} INFO - [2024-05-05T04:05:43.547+0000] {dagbag.py:540} INFO - Filling up the DagBag from /home/airflow/.local/lib/python3.12/site-packages/airflow/example_dags/example_dag_decorator.py
[2024-05-05T04:05:46.646+0000] {processor.py:840} INFO - DAG(s) 'example_dag_decorator' retrieved from /home/airflow/.local/lib/python3.12/site-packages/airflow/example_dags/example_dag_decorator.py
[2024-05-05T04:05:50.831+0000] {logging_mixin.py:188} INFO - [2024-05-05T04:05:50.788+0000] {dag.py:3096} INFO - Sync 1 DAGs
[2024-05-05T04:05:52.101+0000] {logging_mixin.py:188} INFO - [2024-05-05T04:05:52.009+0000] {dag.py:3954} INFO - Setting next_dagrun for example_dag_decorator to None, run_after=None
[2024-05-05T04:05:52.933+0000] {processor.py:183} INFO - Processing /home/airflow/.local/lib/python3.12/site-packages/airflow/example_dags/example_dag_decorator.py took 9.556 seconds
[2024-05-05T04:07:57.241+0000] {processor.py:161} INFO - Started process (PID=8921) to work on /home/airflow/.local/lib/python3.12/site-packages/airflow/example_dags/example_dag_decorator.py
[2024-05-05T04:07:57.294+0000] {processor.py:830} INFO - Processing file /home/airflow/.local/lib/python3.12/site-packages/airflow/example_dags/example_dag_decorator.py for tasks to queue
[2024-05-05T04:07:57.332+0000] {logging_mixin.py:188} INFO - [2024-05-05T04:07:57.316+0000] {dagbag.py:540} INFO - Filling up the DagBag from /home/airflow/.local/lib/python3.12/site-packages/airflow/example_dags/example_dag_decorator.py
[2024-05-05T04:08:00.230+0000] {processor.py:840} INFO - DAG(s) 'example_dag_decorator' retrieved from /home/airflow/.local/lib/python3.12/site-packages/airflow/example_dags/example_dag_decorator.py
[2024-05-05T04:08:05.489+0000] {logging_mixin.py:188} INFO - [2024-05-05T04:08:05.478+0000] {dag.py:3096} INFO - Sync 1 DAGs
[2024-05-05T04:08:05.765+0000] {logging_mixin.py:188} INFO - [2024-05-05T04:08:05.763+0000] {dag.py:3954} INFO - Setting next_dagrun for example_dag_decorator to None, run_after=None
[2024-05-05T04:08:06.248+0000] {processor.py:183} INFO - Processing /home/airflow/.local/lib/python3.12/site-packages/airflow/example_dags/example_dag_decorator.py took 9.373 seconds
[2024-05-05T04:10:26.698+0000] {processor.py:161} INFO - Started process (PID=9016) to work on /home/airflow/.local/lib/python3.12/site-packages/airflow/example_dags/example_dag_decorator.py
[2024-05-05T04:10:26.730+0000] {processor.py:830} INFO - Processing file /home/airflow/.local/lib/python3.12/site-packages/airflow/example_dags/example_dag_decorator.py for tasks to queue
[2024-05-05T04:10:26.764+0000] {logging_mixin.py:188} INFO - [2024-05-05T04:10:26.757+0000] {dagbag.py:540} INFO - Filling up the DagBag from /home/airflow/.local/lib/python3.12/site-packages/airflow/example_dags/example_dag_decorator.py
[2024-05-05T04:10:30.770+0000] {processor.py:840} INFO - DAG(s) 'example_dag_decorator' retrieved from /home/airflow/.local/lib/python3.12/site-packages/airflow/example_dags/example_dag_decorator.py
[2024-05-05T04:10:36.193+0000] {logging_mixin.py:188} INFO - [2024-05-05T04:10:36.175+0000] {dag.py:3096} INFO - Sync 1 DAGs
[2024-05-05T04:10:36.850+0000] {logging_mixin.py:188} INFO - [2024-05-05T04:10:36.842+0000] {dag.py:3954} INFO - Setting next_dagrun for example_dag_decorator to None, run_after=None
[2024-05-05T04:10:38.101+0000] {processor.py:183} INFO - Processing /home/airflow/.local/lib/python3.12/site-packages/airflow/example_dags/example_dag_decorator.py took 11.665 seconds
[2024-05-05T04:12:56.445+0000] {processor.py:161} INFO - Started process (PID=9115) to work on /home/airflow/.local/lib/python3.12/site-packages/airflow/example_dags/example_dag_decorator.py
[2024-05-05T04:12:56.532+0000] {processor.py:830} INFO - Processing file /home/airflow/.local/lib/python3.12/site-packages/airflow/example_dags/example_dag_decorator.py for tasks to queue
[2024-05-05T04:12:56.591+0000] {logging_mixin.py:188} INFO - [2024-05-05T04:12:56.572+0000] {dagbag.py:540} INFO - Filling up the DagBag from /home/airflow/.local/lib/python3.12/site-packages/airflow/example_dags/example_dag_decorator.py
[2024-05-05T04:13:01.102+0000] {processor.py:840} INFO - DAG(s) 'example_dag_decorator' retrieved from /home/airflow/.local/lib/python3.12/site-packages/airflow/example_dags/example_dag_decorator.py
[2024-05-05T04:13:05.228+0000] {logging_mixin.py:188} INFO - [2024-05-05T04:13:05.226+0000] {dag.py:3096} INFO - Sync 1 DAGs
[2024-05-05T04:13:05.534+0000] {logging_mixin.py:188} INFO - [2024-05-05T04:13:05.529+0000] {dag.py:3954} INFO - Setting next_dagrun for example_dag_decorator to None, run_after=None
[2024-05-05T04:13:05.988+0000] {processor.py:183} INFO - Processing /home/airflow/.local/lib/python3.12/site-packages/airflow/example_dags/example_dag_decorator.py took 10.874 seconds
[2024-05-05T04:15:30.360+0000] {processor.py:161} INFO - Started process (PID=9219) to work on /home/airflow/.local/lib/python3.12/site-packages/airflow/example_dags/example_dag_decorator.py
[2024-05-05T04:15:30.466+0000] {processor.py:830} INFO - Processing file /home/airflow/.local/lib/python3.12/site-packages/airflow/example_dags/example_dag_decorator.py for tasks to queue
[2024-05-05T04:15:30.560+0000] {logging_mixin.py:188} INFO - [2024-05-05T04:15:30.519+0000] {dagbag.py:540} INFO - Filling up the DagBag from /home/airflow/.local/lib/python3.12/site-packages/airflow/example_dags/example_dag_decorator.py
[2024-05-05T04:15:35.482+0000] {processor.py:840} INFO - DAG(s) 'example_dag_decorator' retrieved from /home/airflow/.local/lib/python3.12/site-packages/airflow/example_dags/example_dag_decorator.py
[2024-05-05T04:15:39.548+0000] {logging_mixin.py:188} INFO - [2024-05-05T04:15:39.539+0000] {dag.py:3096} INFO - Sync 1 DAGs
[2024-05-05T04:15:39.863+0000] {logging_mixin.py:188} INFO - [2024-05-05T04:15:39.862+0000] {dag.py:3954} INFO - Setting next_dagrun for example_dag_decorator to None, run_after=None
[2024-05-05T04:15:40.471+0000] {processor.py:183} INFO - Processing /home/airflow/.local/lib/python3.12/site-packages/airflow/example_dags/example_dag_decorator.py took 10.663 seconds
[2024-05-05T04:18:01.889+0000] {processor.py:161} INFO - Started process (PID=9316) to work on /home/airflow/.local/lib/python3.12/site-packages/airflow/example_dags/example_dag_decorator.py
[2024-05-05T04:18:01.911+0000] {processor.py:830} INFO - Processing file /home/airflow/.local/lib/python3.12/site-packages/airflow/example_dags/example_dag_decorator.py for tasks to queue
[2024-05-05T04:18:01.925+0000] {logging_mixin.py:188} INFO - [2024-05-05T04:18:01.919+0000] {dagbag.py:540} INFO - Filling up the DagBag from /home/airflow/.local/lib/python3.12/site-packages/airflow/example_dags/example_dag_decorator.py
[2024-05-05T04:18:05.545+0000] {processor.py:840} INFO - DAG(s) 'example_dag_decorator' retrieved from /home/airflow/.local/lib/python3.12/site-packages/airflow/example_dags/example_dag_decorator.py
[2024-05-05T04:18:12.892+0000] {logging_mixin.py:188} INFO - [2024-05-05T04:18:12.886+0000] {dag.py:3096} INFO - Sync 1 DAGs
[2024-05-05T04:18:13.164+0000] {logging_mixin.py:188} INFO - [2024-05-05T04:18:13.162+0000] {dag.py:3954} INFO - Setting next_dagrun for example_dag_decorator to None, run_after=None
[2024-05-05T04:18:13.598+0000] {processor.py:183} INFO - Processing /home/airflow/.local/lib/python3.12/site-packages/airflow/example_dags/example_dag_decorator.py took 12.073 seconds
[2024-05-05T04:20:26.120+0000] {processor.py:161} INFO - Started process (PID=9416) to work on /home/airflow/.local/lib/python3.12/site-packages/airflow/example_dags/example_dag_decorator.py
[2024-05-05T04:20:26.155+0000] {processor.py:830} INFO - Processing file /home/airflow/.local/lib/python3.12/site-packages/airflow/example_dags/example_dag_decorator.py for tasks to queue
[2024-05-05T04:20:26.177+0000] {logging_mixin.py:188} INFO - [2024-05-05T04:20:26.174+0000] {dagbag.py:540} INFO - Filling up the DagBag from /home/airflow/.local/lib/python3.12/site-packages/airflow/example_dags/example_dag_decorator.py
[2024-05-05T04:20:29.748+0000] {processor.py:840} INFO - DAG(s) 'example_dag_decorator' retrieved from /home/airflow/.local/lib/python3.12/site-packages/airflow/example_dags/example_dag_decorator.py
[2024-05-05T04:20:32.708+0000] {logging_mixin.py:188} INFO - [2024-05-05T04:20:32.706+0000] {dag.py:3096} INFO - Sync 1 DAGs
[2024-05-05T04:20:33.066+0000] {logging_mixin.py:188} INFO - [2024-05-05T04:20:33.061+0000] {dag.py:3954} INFO - Setting next_dagrun for example_dag_decorator to None, run_after=None
[2024-05-05T04:20:33.446+0000] {processor.py:183} INFO - Processing /home/airflow/.local/lib/python3.12/site-packages/airflow/example_dags/example_dag_decorator.py took 7.559 seconds
[2024-05-05T04:22:54.633+0000] {processor.py:161} INFO - Started process (PID=9511) to work on /home/airflow/.local/lib/python3.12/site-packages/airflow/example_dags/example_dag_decorator.py
[2024-05-05T04:22:54.667+0000] {processor.py:830} INFO - Processing file /home/airflow/.local/lib/python3.12/site-packages/airflow/example_dags/example_dag_decorator.py for tasks to queue
[2024-05-05T04:22:54.700+0000] {logging_mixin.py:188} INFO - [2024-05-05T04:22:54.693+0000] {dagbag.py:540} INFO - Filling up the DagBag from /home/airflow/.local/lib/python3.12/site-packages/airflow/example_dags/example_dag_decorator.py
[2024-05-05T04:22:58.188+0000] {processor.py:840} INFO - DAG(s) 'example_dag_decorator' retrieved from /home/airflow/.local/lib/python3.12/site-packages/airflow/example_dags/example_dag_decorator.py
[2024-05-05T04:23:05.447+0000] {logging_mixin.py:188} INFO - [2024-05-05T04:23:05.446+0000] {dag.py:3096} INFO - Sync 1 DAGs
[2024-05-05T04:23:09.888+0000] {logging_mixin.py:188} INFO - [2024-05-05T04:23:09.874+0000] {dag.py:3954} INFO - Setting next_dagrun for example_dag_decorator to None, run_after=None
[2024-05-05T04:23:10.700+0000] {processor.py:183} INFO - Processing /home/airflow/.local/lib/python3.12/site-packages/airflow/example_dags/example_dag_decorator.py took 16.234 seconds
[2024-05-05T04:25:32.430+0000] {processor.py:161} INFO - Started process (PID=9613) to work on /home/airflow/.local/lib/python3.12/site-packages/airflow/example_dags/example_dag_decorator.py
[2024-05-05T04:25:32.483+0000] {processor.py:830} INFO - Processing file /home/airflow/.local/lib/python3.12/site-packages/airflow/example_dags/example_dag_decorator.py for tasks to queue
[2024-05-05T04:25:32.504+0000] {logging_mixin.py:188} INFO - [2024-05-05T04:25:32.502+0000] {dagbag.py:540} INFO - Filling up the DagBag from /home/airflow/.local/lib/python3.12/site-packages/airflow/example_dags/example_dag_decorator.py
[2024-05-05T04:25:35.945+0000] {processor.py:840} INFO - DAG(s) 'example_dag_decorator' retrieved from /home/airflow/.local/lib/python3.12/site-packages/airflow/example_dags/example_dag_decorator.py
[2024-05-05T04:25:42.297+0000] {logging_mixin.py:188} INFO - [2024-05-05T04:25:42.295+0000] {dag.py:3096} INFO - Sync 1 DAGs
[2024-05-05T04:25:48.162+0000] {logging_mixin.py:188} INFO - [2024-05-05T04:25:48.160+0000] {dag.py:3954} INFO - Setting next_dagrun for example_dag_decorator to None, run_after=None
[2024-05-05T04:25:48.553+0000] {processor.py:183} INFO - Processing /home/airflow/.local/lib/python3.12/site-packages/airflow/example_dags/example_dag_decorator.py took 16.554 seconds
[2024-05-05T04:28:12.258+0000] {processor.py:161} INFO - Started process (PID=9721) to work on /home/airflow/.local/lib/python3.12/site-packages/airflow/example_dags/example_dag_decorator.py
[2024-05-05T04:28:12.302+0000] {processor.py:830} INFO - Processing file /home/airflow/.local/lib/python3.12/site-packages/airflow/example_dags/example_dag_decorator.py for tasks to queue
[2024-05-05T04:28:12.354+0000] {logging_mixin.py:188} INFO - [2024-05-05T04:28:12.332+0000] {dagbag.py:540} INFO - Filling up the DagBag from /home/airflow/.local/lib/python3.12/site-packages/airflow/example_dags/example_dag_decorator.py
[2024-05-05T04:28:16.037+0000] {processor.py:840} INFO - DAG(s) 'example_dag_decorator' retrieved from /home/airflow/.local/lib/python3.12/site-packages/airflow/example_dags/example_dag_decorator.py
[2024-05-05T04:28:25.755+0000] {logging_mixin.py:188} INFO - [2024-05-05T04:28:25.754+0000] {dag.py:3096} INFO - Sync 1 DAGs
[2024-05-05T04:28:25.906+0000] {logging_mixin.py:188} INFO - [2024-05-05T04:28:25.904+0000] {dag.py:3954} INFO - Setting next_dagrun for example_dag_decorator to None, run_after=None
[2024-05-05T04:28:26.287+0000] {processor.py:183} INFO - Processing /home/airflow/.local/lib/python3.12/site-packages/airflow/example_dags/example_dag_decorator.py took 14.236 seconds
[2024-05-05T04:30:42.759+0000] {processor.py:161} INFO - Started process (PID=9824) to work on /home/airflow/.local/lib/python3.12/site-packages/airflow/example_dags/example_dag_decorator.py
[2024-05-05T04:30:42.795+0000] {processor.py:830} INFO - Processing file /home/airflow/.local/lib/python3.12/site-packages/airflow/example_dags/example_dag_decorator.py for tasks to queue
[2024-05-05T04:30:42.812+0000] {logging_mixin.py:188} INFO - [2024-05-05T04:30:42.810+0000] {dagbag.py:540} INFO - Filling up the DagBag from /home/airflow/.local/lib/python3.12/site-packages/airflow/example_dags/example_dag_decorator.py
[2024-05-05T04:30:48.434+0000] {processor.py:840} INFO - DAG(s) 'example_dag_decorator' retrieved from /home/airflow/.local/lib/python3.12/site-packages/airflow/example_dags/example_dag_decorator.py
[2024-05-05T04:30:58.491+0000] {logging_mixin.py:188} INFO - [2024-05-05T04:30:58.490+0000] {dag.py:3096} INFO - Sync 1 DAGs
[2024-05-05T04:30:59.098+0000] {logging_mixin.py:188} INFO - [2024-05-05T04:30:59.096+0000] {dag.py:3954} INFO - Setting next_dagrun for example_dag_decorator to None, run_after=None
[2024-05-05T04:30:59.977+0000] {processor.py:183} INFO - Processing /home/airflow/.local/lib/python3.12/site-packages/airflow/example_dags/example_dag_decorator.py took 17.452 seconds
[2024-05-05T04:33:15.837+0000] {processor.py:161} INFO - Started process (PID=9920) to work on /home/airflow/.local/lib/python3.12/site-packages/airflow/example_dags/example_dag_decorator.py
[2024-05-05T04:33:15.888+0000] {processor.py:830} INFO - Processing file /home/airflow/.local/lib/python3.12/site-packages/airflow/example_dags/example_dag_decorator.py for tasks to queue
[2024-05-05T04:33:15.921+0000] {logging_mixin.py:188} INFO - [2024-05-05T04:33:15.918+0000] {dagbag.py:540} INFO - Filling up the DagBag from /home/airflow/.local/lib/python3.12/site-packages/airflow/example_dags/example_dag_decorator.py
[2024-05-05T04:33:18.801+0000] {processor.py:840} INFO - DAG(s) 'example_dag_decorator' retrieved from /home/airflow/.local/lib/python3.12/site-packages/airflow/example_dags/example_dag_decorator.py
[2024-05-05T04:33:28.801+0000] {logging_mixin.py:188} INFO - [2024-05-05T04:33:28.799+0000] {dag.py:3096} INFO - Sync 1 DAGs
[2024-05-05T04:33:29.278+0000] {logging_mixin.py:188} INFO - [2024-05-05T04:33:29.277+0000] {dag.py:3954} INFO - Setting next_dagrun for example_dag_decorator to None, run_after=None
[2024-05-05T04:33:30.053+0000] {processor.py:183} INFO - Processing /home/airflow/.local/lib/python3.12/site-packages/airflow/example_dags/example_dag_decorator.py took 14.429 seconds
[2024-05-05T05:07:34.938+0000] {processor.py:161} INFO - Started process (PID=10028) to work on /home/airflow/.local/lib/python3.12/site-packages/airflow/example_dags/example_dag_decorator.py
[2024-05-05T05:07:35.020+0000] {processor.py:830} INFO - Processing file /home/airflow/.local/lib/python3.12/site-packages/airflow/example_dags/example_dag_decorator.py for tasks to queue
[2024-05-05T05:07:35.192+0000] {logging_mixin.py:188} INFO - [2024-05-05T05:07:35.079+0000] {dagbag.py:540} INFO - Filling up the DagBag from /home/airflow/.local/lib/python3.12/site-packages/airflow/example_dags/example_dag_decorator.py
[2024-05-05T05:08:07.018+0000] {logging_mixin.py:188} INFO - [2024-05-05T05:08:06.713+0000] {timeout.py:68} ERROR - Process timed out, PID: 10028
[2024-05-05T06:48:00.855+0000] {processor.py:161} INFO - Started process (PID=10089) to work on /home/airflow/.local/lib/python3.12/site-packages/airflow/example_dags/example_dag_decorator.py
[2024-05-05T06:48:00.883+0000] {processor.py:830} INFO - Processing file /home/airflow/.local/lib/python3.12/site-packages/airflow/example_dags/example_dag_decorator.py for tasks to queue
[2024-05-05T06:48:00.911+0000] {logging_mixin.py:188} INFO - [2024-05-05T06:48:00.905+0000] {dagbag.py:540} INFO - Filling up the DagBag from /home/airflow/.local/lib/python3.12/site-packages/airflow/example_dags/example_dag_decorator.py
[2024-05-05T06:48:07.131+0000] {processor.py:840} INFO - DAG(s) 'example_dag_decorator' retrieved from /home/airflow/.local/lib/python3.12/site-packages/airflow/example_dags/example_dag_decorator.py
[2024-05-05T06:48:18.648+0000] {logging_mixin.py:188} INFO - [2024-05-05T06:48:18.636+0000] {dag.py:3096} INFO - Sync 1 DAGs
[2024-05-05T06:48:20.188+0000] {logging_mixin.py:188} INFO - [2024-05-05T06:48:20.140+0000] {dag.py:3954} INFO - Setting next_dagrun for example_dag_decorator to None, run_after=None
[2024-05-05T06:48:21.120+0000] {processor.py:183} INFO - Processing /home/airflow/.local/lib/python3.12/site-packages/airflow/example_dags/example_dag_decorator.py took 20.479 seconds
[2024-05-05T06:52:43.123+0000] {processor.py:161} INFO - Started process (PID=10183) to work on /home/airflow/.local/lib/python3.12/site-packages/airflow/example_dags/example_dag_decorator.py
[2024-05-05T06:52:43.189+0000] {processor.py:830} INFO - Processing file /home/airflow/.local/lib/python3.12/site-packages/airflow/example_dags/example_dag_decorator.py for tasks to queue
[2024-05-05T06:52:43.217+0000] {logging_mixin.py:188} INFO - [2024-05-05T06:52:43.214+0000] {dagbag.py:540} INFO - Filling up the DagBag from /home/airflow/.local/lib/python3.12/site-packages/airflow/example_dags/example_dag_decorator.py
[2024-05-05T06:52:55.202+0000] {processor.py:840} INFO - DAG(s) 'example_dag_decorator' retrieved from /home/airflow/.local/lib/python3.12/site-packages/airflow/example_dags/example_dag_decorator.py
[2024-05-05T07:10:34.567+0000] {logging_mixin.py:188} INFO - [2024-05-05T07:10:34.335+0000] {dag.py:3096} INFO - Sync 1 DAGs
[2024-05-05T07:11:22.323+0000] {logging_mixin.py:188} INFO - [2024-05-05T07:11:22.215+0000] {dag.py:3954} INFO - Setting next_dagrun for example_dag_decorator to None, run_after=None
[2024-05-05T13:48:12.863+0000] {processor.py:161} INFO - Started process (PID=10271) to work on /home/airflow/.local/lib/python3.12/site-packages/airflow/example_dags/example_dag_decorator.py
[2024-05-05T13:48:12.868+0000] {processor.py:830} INFO - Processing file /home/airflow/.local/lib/python3.12/site-packages/airflow/example_dags/example_dag_decorator.py for tasks to queue
[2024-05-05T13:48:12.871+0000] {logging_mixin.py:188} INFO - [2024-05-05T13:48:12.870+0000] {dagbag.py:540} INFO - Filling up the DagBag from /home/airflow/.local/lib/python3.12/site-packages/airflow/example_dags/example_dag_decorator.py
[2024-05-05T13:48:13.895+0000] {processor.py:840} INFO - DAG(s) 'example_dag_decorator' retrieved from /home/airflow/.local/lib/python3.12/site-packages/airflow/example_dags/example_dag_decorator.py
[2024-05-05T13:48:14.993+0000] {logging_mixin.py:188} INFO - [2024-05-05T13:48:14.992+0000] {dag.py:3096} INFO - Sync 1 DAGs
[2024-05-05T13:48:15.134+0000] {logging_mixin.py:188} INFO - [2024-05-05T13:48:15.133+0000] {dag.py:3954} INFO - Setting next_dagrun for example_dag_decorator to None, run_after=None
[2024-05-05T13:48:15.329+0000] {processor.py:183} INFO - Processing /home/airflow/.local/lib/python3.12/site-packages/airflow/example_dags/example_dag_decorator.py took 2.524 seconds
[2024-05-05T22:08:53.545+0000] {processor.py:161} INFO - Started process (PID=10358) to work on /home/airflow/.local/lib/python3.12/site-packages/airflow/example_dags/example_dag_decorator.py
[2024-05-05T22:08:53.550+0000] {processor.py:830} INFO - Processing file /home/airflow/.local/lib/python3.12/site-packages/airflow/example_dags/example_dag_decorator.py for tasks to queue
[2024-05-05T22:08:53.553+0000] {logging_mixin.py:188} INFO - [2024-05-05T22:08:53.552+0000] {dagbag.py:540} INFO - Filling up the DagBag from /home/airflow/.local/lib/python3.12/site-packages/airflow/example_dags/example_dag_decorator.py
[2024-05-05T22:08:54.762+0000] {processor.py:840} INFO - DAG(s) 'example_dag_decorator' retrieved from /home/airflow/.local/lib/python3.12/site-packages/airflow/example_dags/example_dag_decorator.py
