[2024-05-05T00:00:31.668+0000] {processor.py:161} INFO - Started process (PID=7580) to work on /home/airflow/.local/lib/python3.12/site-packages/airflow/example_dags/example_latest_only_with_trigger.py
[2024-05-05T00:00:31.672+0000] {processor.py:830} INFO - Processing file /home/airflow/.local/lib/python3.12/site-packages/airflow/example_dags/example_latest_only_with_trigger.py for tasks to queue
[2024-05-05T00:00:31.677+0000] {logging_mixin.py:188} INFO - [2024-05-05T00:00:31.675+0000] {dagbag.py:540} INFO - Filling up the DagBag from /home/airflow/.local/lib/python3.12/site-packages/airflow/example_dags/example_latest_only_with_trigger.py
[2024-05-05T00:00:31.718+0000] {processor.py:840} INFO - DAG(s) 'latest_only_with_trigger' retrieved from /home/airflow/.local/lib/python3.12/site-packages/airflow/example_dags/example_latest_only_with_trigger.py
[2024-05-05T00:00:31.827+0000] {logging_mixin.py:188} INFO - [2024-05-05T00:00:31.826+0000] {dag.py:3096} INFO - Sync 1 DAGs
[2024-05-05T00:00:31.888+0000] {logging_mixin.py:188} INFO - [2024-05-05T00:00:31.888+0000] {dag.py:3954} INFO - Setting next_dagrun for latest_only_with_trigger to 2024-05-04 20:00:00+00:00, run_after=2024-05-05 00:00:00+00:00
[2024-05-05T00:00:31.942+0000] {processor.py:183} INFO - Processing /home/airflow/.local/lib/python3.12/site-packages/airflow/example_dags/example_latest_only_with_trigger.py took 0.296 seconds
[2024-05-05T00:01:04.035+0000] {processor.py:161} INFO - Started process (PID=7648) to work on /home/airflow/.local/lib/python3.12/site-packages/airflow/example_dags/example_latest_only_with_trigger.py
[2024-05-05T00:01:04.037+0000] {processor.py:830} INFO - Processing file /home/airflow/.local/lib/python3.12/site-packages/airflow/example_dags/example_latest_only_with_trigger.py for tasks to queue
[2024-05-05T00:01:04.040+0000] {logging_mixin.py:188} INFO - [2024-05-05T00:01:04.039+0000] {dagbag.py:540} INFO - Filling up the DagBag from /home/airflow/.local/lib/python3.12/site-packages/airflow/example_dags/example_latest_only_with_trigger.py
[2024-05-05T00:01:04.061+0000] {processor.py:840} INFO - DAG(s) 'latest_only_with_trigger' retrieved from /home/airflow/.local/lib/python3.12/site-packages/airflow/example_dags/example_latest_only_with_trigger.py
[2024-05-05T00:01:04.103+0000] {logging_mixin.py:188} INFO - [2024-05-05T00:01:04.102+0000] {dag.py:3096} INFO - Sync 1 DAGs
[2024-05-05T00:01:04.145+0000] {logging_mixin.py:188} INFO - [2024-05-05T00:01:04.145+0000] {dag.py:3954} INFO - Setting next_dagrun for latest_only_with_trigger to 2024-05-04 20:00:00+00:00, run_after=2024-05-05 00:00:00+00:00
[2024-05-05T00:01:04.192+0000] {processor.py:183} INFO - Processing /home/airflow/.local/lib/python3.12/site-packages/airflow/example_dags/example_latest_only_with_trigger.py took 0.169 seconds
[2024-05-05T00:32:33.934+0000] {processor.py:161} INFO - Started process (PID=7719) to work on /home/airflow/.local/lib/python3.12/site-packages/airflow/example_dags/example_latest_only_with_trigger.py
[2024-05-05T00:32:33.967+0000] {processor.py:830} INFO - Processing file /home/airflow/.local/lib/python3.12/site-packages/airflow/example_dags/example_latest_only_with_trigger.py for tasks to queue
[2024-05-05T00:32:33.999+0000] {logging_mixin.py:188} INFO - [2024-05-05T00:32:33.990+0000] {dagbag.py:540} INFO - Filling up the DagBag from /home/airflow/.local/lib/python3.12/site-packages/airflow/example_dags/example_latest_only_with_trigger.py
[2024-05-05T00:32:34.208+0000] {processor.py:840} INFO - DAG(s) 'latest_only_with_trigger' retrieved from /home/airflow/.local/lib/python3.12/site-packages/airflow/example_dags/example_latest_only_with_trigger.py
[2024-05-05T00:32:35.098+0000] {logging_mixin.py:188} INFO - [2024-05-05T00:32:35.090+0000] {dag.py:3096} INFO - Sync 1 DAGs
[2024-05-05T00:32:35.895+0000] {logging_mixin.py:188} INFO - [2024-05-05T00:32:35.893+0000] {dag.py:3954} INFO - Setting next_dagrun for latest_only_with_trigger to 2024-05-04 20:00:00+00:00, run_after=2024-05-05 00:00:00+00:00
[2024-05-05T00:32:36.346+0000] {processor.py:183} INFO - Processing /home/airflow/.local/lib/python3.12/site-packages/airflow/example_dags/example_latest_only_with_trigger.py took 2.804 seconds
[2024-05-05T00:50:59.877+0000] {processor.py:161} INFO - Started process (PID=7783) to work on /home/airflow/.local/lib/python3.12/site-packages/airflow/example_dags/example_latest_only_with_trigger.py
[2024-05-05T00:50:59.890+0000] {processor.py:830} INFO - Processing file /home/airflow/.local/lib/python3.12/site-packages/airflow/example_dags/example_latest_only_with_trigger.py for tasks to queue
[2024-05-05T00:50:59.915+0000] {logging_mixin.py:188} INFO - [2024-05-05T00:50:59.914+0000] {dagbag.py:540} INFO - Filling up the DagBag from /home/airflow/.local/lib/python3.12/site-packages/airflow/example_dags/example_latest_only_with_trigger.py
[2024-05-05T00:50:59.952+0000] {processor.py:840} INFO - DAG(s) 'latest_only_with_trigger' retrieved from /home/airflow/.local/lib/python3.12/site-packages/airflow/example_dags/example_latest_only_with_trigger.py
[2024-05-05T00:51:00.049+0000] {logging_mixin.py:188} INFO - [2024-05-05T00:51:00.047+0000] {dag.py:3096} INFO - Sync 1 DAGs
[2024-05-05T00:51:00.215+0000] {logging_mixin.py:188} INFO - [2024-05-05T00:51:00.215+0000] {dag.py:3954} INFO - Setting next_dagrun for latest_only_with_trigger to 2024-05-04 20:00:00+00:00, run_after=2024-05-05 00:00:00+00:00
[2024-05-05T00:51:00.302+0000] {processor.py:183} INFO - Processing /home/airflow/.local/lib/python3.12/site-packages/airflow/example_dags/example_latest_only_with_trigger.py took 0.477 seconds
[2024-05-05T00:53:16.326+0000] {processor.py:161} INFO - Started process (PID=7872) to work on /home/airflow/.local/lib/python3.12/site-packages/airflow/example_dags/example_latest_only_with_trigger.py
[2024-05-05T00:53:16.330+0000] {processor.py:830} INFO - Processing file /home/airflow/.local/lib/python3.12/site-packages/airflow/example_dags/example_latest_only_with_trigger.py for tasks to queue
[2024-05-05T00:53:16.339+0000] {logging_mixin.py:188} INFO - [2024-05-05T00:53:16.336+0000] {dagbag.py:540} INFO - Filling up the DagBag from /home/airflow/.local/lib/python3.12/site-packages/airflow/example_dags/example_latest_only_with_trigger.py
[2024-05-05T00:53:16.367+0000] {processor.py:840} INFO - DAG(s) 'latest_only_with_trigger' retrieved from /home/airflow/.local/lib/python3.12/site-packages/airflow/example_dags/example_latest_only_with_trigger.py
[2024-05-05T00:53:16.514+0000] {logging_mixin.py:188} INFO - [2024-05-05T00:53:16.514+0000] {dag.py:3096} INFO - Sync 1 DAGs
[2024-05-05T00:53:16.652+0000] {logging_mixin.py:188} INFO - [2024-05-05T00:53:16.651+0000] {dag.py:3954} INFO - Setting next_dagrun for latest_only_with_trigger to 2024-05-04 20:00:00+00:00, run_after=2024-05-05 00:00:00+00:00
[2024-05-05T00:53:16.776+0000] {processor.py:183} INFO - Processing /home/airflow/.local/lib/python3.12/site-packages/airflow/example_dags/example_latest_only_with_trigger.py took 0.488 seconds
[2024-05-05T01:11:07.386+0000] {processor.py:161} INFO - Started process (PID=7950) to work on /home/airflow/.local/lib/python3.12/site-packages/airflow/example_dags/example_latest_only_with_trigger.py
[2024-05-05T01:11:07.393+0000] {processor.py:830} INFO - Processing file /home/airflow/.local/lib/python3.12/site-packages/airflow/example_dags/example_latest_only_with_trigger.py for tasks to queue
[2024-05-05T01:11:07.412+0000] {logging_mixin.py:188} INFO - [2024-05-05T01:11:07.407+0000] {dagbag.py:540} INFO - Filling up the DagBag from /home/airflow/.local/lib/python3.12/site-packages/airflow/example_dags/example_latest_only_with_trigger.py
[2024-05-05T01:11:07.459+0000] {processor.py:840} INFO - DAG(s) 'latest_only_with_trigger' retrieved from /home/airflow/.local/lib/python3.12/site-packages/airflow/example_dags/example_latest_only_with_trigger.py
[2024-05-05T01:11:07.607+0000] {logging_mixin.py:188} INFO - [2024-05-05T01:11:07.607+0000] {dag.py:3096} INFO - Sync 1 DAGs
[2024-05-05T01:11:07.728+0000] {logging_mixin.py:188} INFO - [2024-05-05T01:11:07.728+0000] {dag.py:3954} INFO - Setting next_dagrun for latest_only_with_trigger to 2024-05-04 20:00:00+00:00, run_after=2024-05-05 00:00:00+00:00
[2024-05-05T01:11:07.820+0000] {processor.py:183} INFO - Processing /home/airflow/.local/lib/python3.12/site-packages/airflow/example_dags/example_latest_only_with_trigger.py took 0.491 seconds
[2024-05-05T01:45:04.475+0000] {processor.py:161} INFO - Started process (PID=7996) to work on /home/airflow/.local/lib/python3.12/site-packages/airflow/example_dags/example_latest_only_with_trigger.py
[2024-05-05T01:45:04.485+0000] {processor.py:830} INFO - Processing file /home/airflow/.local/lib/python3.12/site-packages/airflow/example_dags/example_latest_only_with_trigger.py for tasks to queue
[2024-05-05T01:45:04.488+0000] {logging_mixin.py:188} INFO - [2024-05-05T01:45:04.487+0000] {dagbag.py:540} INFO - Filling up the DagBag from /home/airflow/.local/lib/python3.12/site-packages/airflow/example_dags/example_latest_only_with_trigger.py
[2024-05-05T01:45:04.550+0000] {processor.py:840} INFO - DAG(s) 'latest_only_with_trigger' retrieved from /home/airflow/.local/lib/python3.12/site-packages/airflow/example_dags/example_latest_only_with_trigger.py
[2024-05-05T01:45:04.672+0000] {logging_mixin.py:188} INFO - [2024-05-05T01:45:04.672+0000] {dag.py:3096} INFO - Sync 1 DAGs
[2024-05-05T01:45:04.786+0000] {logging_mixin.py:188} INFO - [2024-05-05T01:45:04.785+0000] {dag.py:3954} INFO - Setting next_dagrun for latest_only_with_trigger to 2024-05-04 20:00:00+00:00, run_after=2024-05-05 00:00:00+00:00
[2024-05-05T01:45:04.901+0000] {processor.py:183} INFO - Processing /home/airflow/.local/lib/python3.12/site-packages/airflow/example_dags/example_latest_only_with_trigger.py took 0.471 seconds
[2024-05-05T02:03:02.432+0000] {processor.py:161} INFO - Started process (PID=8060) to work on /home/airflow/.local/lib/python3.12/site-packages/airflow/example_dags/example_latest_only_with_trigger.py
[2024-05-05T02:03:02.437+0000] {processor.py:830} INFO - Processing file /home/airflow/.local/lib/python3.12/site-packages/airflow/example_dags/example_latest_only_with_trigger.py for tasks to queue
[2024-05-05T02:03:02.443+0000] {logging_mixin.py:188} INFO - [2024-05-05T02:03:02.443+0000] {dagbag.py:540} INFO - Filling up the DagBag from /home/airflow/.local/lib/python3.12/site-packages/airflow/example_dags/example_latest_only_with_trigger.py
[2024-05-05T02:03:02.478+0000] {processor.py:840} INFO - DAG(s) 'latest_only_with_trigger' retrieved from /home/airflow/.local/lib/python3.12/site-packages/airflow/example_dags/example_latest_only_with_trigger.py
[2024-05-05T02:03:02.614+0000] {logging_mixin.py:188} INFO - [2024-05-05T02:03:02.607+0000] {dag.py:3096} INFO - Sync 1 DAGs
[2024-05-05T02:03:02.739+0000] {logging_mixin.py:188} INFO - [2024-05-05T02:03:02.739+0000] {dag.py:3954} INFO - Setting next_dagrun for latest_only_with_trigger to 2024-05-04 20:00:00+00:00, run_after=2024-05-05 00:00:00+00:00
[2024-05-05T02:03:02.836+0000] {processor.py:183} INFO - Processing /home/airflow/.local/lib/python3.12/site-packages/airflow/example_dags/example_latest_only_with_trigger.py took 0.443 seconds
[2024-05-05T02:04:27.747+0000] {processor.py:161} INFO - Started process (PID=8148) to work on /home/airflow/.local/lib/python3.12/site-packages/airflow/example_dags/example_latest_only_with_trigger.py
[2024-05-05T02:04:27.772+0000] {processor.py:830} INFO - Processing file /home/airflow/.local/lib/python3.12/site-packages/airflow/example_dags/example_latest_only_with_trigger.py for tasks to queue
[2024-05-05T02:04:27.793+0000] {logging_mixin.py:188} INFO - [2024-05-05T02:04:27.791+0000] {dagbag.py:540} INFO - Filling up the DagBag from /home/airflow/.local/lib/python3.12/site-packages/airflow/example_dags/example_latest_only_with_trigger.py
[2024-05-05T02:04:27.923+0000] {processor.py:840} INFO - DAG(s) 'latest_only_with_trigger' retrieved from /home/airflow/.local/lib/python3.12/site-packages/airflow/example_dags/example_latest_only_with_trigger.py
[2024-05-05T02:04:28.305+0000] {logging_mixin.py:188} INFO - [2024-05-05T02:04:28.303+0000] {dag.py:3096} INFO - Sync 1 DAGs
[2024-05-05T02:04:28.759+0000] {logging_mixin.py:188} INFO - [2024-05-05T02:04:28.755+0000] {dag.py:3954} INFO - Setting next_dagrun for latest_only_with_trigger to 2024-05-04 20:00:00+00:00, run_after=2024-05-05 00:00:00+00:00
[2024-05-05T02:04:29.139+0000] {processor.py:183} INFO - Processing /home/airflow/.local/lib/python3.12/site-packages/airflow/example_dags/example_latest_only_with_trigger.py took 1.608 seconds
[2024-05-05T02:04:59.948+0000] {processor.py:161} INFO - Started process (PID=8208) to work on /home/airflow/.local/lib/python3.12/site-packages/airflow/example_dags/example_latest_only_with_trigger.py
[2024-05-05T02:04:59.962+0000] {processor.py:830} INFO - Processing file /home/airflow/.local/lib/python3.12/site-packages/airflow/example_dags/example_latest_only_with_trigger.py for tasks to queue
[2024-05-05T02:04:59.993+0000] {logging_mixin.py:188} INFO - [2024-05-05T02:04:59.987+0000] {dagbag.py:540} INFO - Filling up the DagBag from /home/airflow/.local/lib/python3.12/site-packages/airflow/example_dags/example_latest_only_with_trigger.py
[2024-05-05T02:05:00.100+0000] {processor.py:840} INFO - DAG(s) 'latest_only_with_trigger' retrieved from /home/airflow/.local/lib/python3.12/site-packages/airflow/example_dags/example_latest_only_with_trigger.py
[2024-05-05T02:05:00.297+0000] {logging_mixin.py:188} INFO - [2024-05-05T02:05:00.295+0000] {dag.py:3096} INFO - Sync 1 DAGs
[2024-05-05T02:05:00.491+0000] {logging_mixin.py:188} INFO - [2024-05-05T02:05:00.489+0000] {dag.py:3954} INFO - Setting next_dagrun for latest_only_with_trigger to 2024-05-04 20:00:00+00:00, run_after=2024-05-05 00:00:00+00:00
[2024-05-05T02:05:00.701+0000] {processor.py:183} INFO - Processing /home/airflow/.local/lib/python3.12/site-packages/airflow/example_dags/example_latest_only_with_trigger.py took 0.937 seconds
[2024-05-05T03:15:23.289+0000] {processor.py:161} INFO - Started process (PID=8247) to work on /home/airflow/.local/lib/python3.12/site-packages/airflow/example_dags/example_latest_only_with_trigger.py
[2024-05-05T03:15:23.310+0000] {processor.py:830} INFO - Processing file /home/airflow/.local/lib/python3.12/site-packages/airflow/example_dags/example_latest_only_with_trigger.py for tasks to queue
[2024-05-05T03:15:23.326+0000] {logging_mixin.py:188} INFO - [2024-05-05T03:15:23.324+0000] {dagbag.py:540} INFO - Filling up the DagBag from /home/airflow/.local/lib/python3.12/site-packages/airflow/example_dags/example_latest_only_with_trigger.py
[2024-05-05T03:15:23.558+0000] {processor.py:840} INFO - DAG(s) 'latest_only_with_trigger' retrieved from /home/airflow/.local/lib/python3.12/site-packages/airflow/example_dags/example_latest_only_with_trigger.py
[2024-05-05T03:15:23.610+0000] {logging_mixin.py:188} INFO - [2024-05-05T03:15:23.610+0000] {dag.py:3096} INFO - Sync 1 DAGs
[2024-05-05T03:15:23.678+0000] {logging_mixin.py:188} INFO - [2024-05-05T03:15:23.678+0000] {dag.py:3954} INFO - Setting next_dagrun for latest_only_with_trigger to 2024-05-04 20:00:00+00:00, run_after=2024-05-05 00:00:00+00:00
[2024-05-05T03:15:24.315+0000] {processor.py:183} INFO - Processing /home/airflow/.local/lib/python3.12/site-packages/airflow/example_dags/example_latest_only_with_trigger.py took 2.790 seconds
[2024-05-05T04:00:06.074+0000] {processor.py:161} INFO - Started process (PID=8334) to work on /home/airflow/.local/lib/python3.12/site-packages/airflow/example_dags/example_latest_only_with_trigger.py
[2024-05-05T04:00:06.078+0000] {processor.py:830} INFO - Processing file /home/airflow/.local/lib/python3.12/site-packages/airflow/example_dags/example_latest_only_with_trigger.py for tasks to queue
[2024-05-05T04:00:06.085+0000] {logging_mixin.py:188} INFO - [2024-05-05T04:00:06.082+0000] {dagbag.py:540} INFO - Filling up the DagBag from /home/airflow/.local/lib/python3.12/site-packages/airflow/example_dags/example_latest_only_with_trigger.py
[2024-05-05T04:00:06.137+0000] {processor.py:840} INFO - DAG(s) 'latest_only_with_trigger' retrieved from /home/airflow/.local/lib/python3.12/site-packages/airflow/example_dags/example_latest_only_with_trigger.py
[2024-05-05T04:00:06.229+0000] {logging_mixin.py:188} INFO - [2024-05-05T04:00:06.229+0000] {dag.py:3096} INFO - Sync 1 DAGs
[2024-05-05T04:00:06.292+0000] {logging_mixin.py:188} INFO - [2024-05-05T04:00:06.291+0000] {dag.py:3954} INFO - Setting next_dagrun for latest_only_with_trigger to 2024-05-05 00:00:00+00:00, run_after=2024-05-05 04:00:00+00:00
[2024-05-05T04:00:06.344+0000] {processor.py:183} INFO - Processing /home/airflow/.local/lib/python3.12/site-packages/airflow/example_dags/example_latest_only_with_trigger.py took 0.311 seconds
[2024-05-05T04:00:44.677+0000] {processor.py:161} INFO - Started process (PID=8392) to work on /home/airflow/.local/lib/python3.12/site-packages/airflow/example_dags/example_latest_only_with_trigger.py
[2024-05-05T04:00:44.698+0000] {processor.py:830} INFO - Processing file /home/airflow/.local/lib/python3.12/site-packages/airflow/example_dags/example_latest_only_with_trigger.py for tasks to queue
[2024-05-05T04:00:44.713+0000] {logging_mixin.py:188} INFO - [2024-05-05T04:00:44.710+0000] {dagbag.py:540} INFO - Filling up the DagBag from /home/airflow/.local/lib/python3.12/site-packages/airflow/example_dags/example_latest_only_with_trigger.py
[2024-05-05T04:00:44.853+0000] {processor.py:840} INFO - DAG(s) 'latest_only_with_trigger' retrieved from /home/airflow/.local/lib/python3.12/site-packages/airflow/example_dags/example_latest_only_with_trigger.py
[2024-05-05T04:00:45.051+0000] {logging_mixin.py:188} INFO - [2024-05-05T04:00:45.050+0000] {dag.py:3096} INFO - Sync 1 DAGs
[2024-05-05T04:00:45.312+0000] {logging_mixin.py:188} INFO - [2024-05-05T04:00:45.310+0000] {dag.py:3954} INFO - Setting next_dagrun for latest_only_with_trigger to 2024-05-05 00:00:00+00:00, run_after=2024-05-05 04:00:00+00:00
[2024-05-05T04:00:45.487+0000] {processor.py:183} INFO - Processing /home/airflow/.local/lib/python3.12/site-packages/airflow/example_dags/example_latest_only_with_trigger.py took 0.932 seconds
[2024-05-05T04:01:44.443+0000] {processor.py:161} INFO - Started process (PID=8458) to work on /home/airflow/.local/lib/python3.12/site-packages/airflow/example_dags/example_latest_only_with_trigger.py
[2024-05-05T04:01:44.470+0000] {processor.py:830} INFO - Processing file /home/airflow/.local/lib/python3.12/site-packages/airflow/example_dags/example_latest_only_with_trigger.py for tasks to queue
[2024-05-05T04:01:44.492+0000] {logging_mixin.py:188} INFO - [2024-05-05T04:01:44.484+0000] {dagbag.py:540} INFO - Filling up the DagBag from /home/airflow/.local/lib/python3.12/site-packages/airflow/example_dags/example_latest_only_with_trigger.py
[2024-05-05T04:01:44.612+0000] {processor.py:840} INFO - DAG(s) 'latest_only_with_trigger' retrieved from /home/airflow/.local/lib/python3.12/site-packages/airflow/example_dags/example_latest_only_with_trigger.py
[2024-05-05T04:01:44.900+0000] {logging_mixin.py:188} INFO - [2024-05-05T04:01:44.899+0000] {dag.py:3096} INFO - Sync 1 DAGs
[2024-05-05T04:01:45.425+0000] {logging_mixin.py:188} INFO - [2024-05-05T04:01:45.424+0000] {dag.py:3954} INFO - Setting next_dagrun for latest_only_with_trigger to 2024-05-05 00:00:00+00:00, run_after=2024-05-05 04:00:00+00:00
[2024-05-05T04:01:45.832+0000] {processor.py:183} INFO - Processing /home/airflow/.local/lib/python3.12/site-packages/airflow/example_dags/example_latest_only_with_trigger.py took 1.526 seconds
[2024-05-05T04:02:17.678+0000] {processor.py:161} INFO - Started process (PID=8516) to work on /home/airflow/.local/lib/python3.12/site-packages/airflow/example_dags/example_latest_only_with_trigger.py
[2024-05-05T04:02:17.697+0000] {processor.py:830} INFO - Processing file /home/airflow/.local/lib/python3.12/site-packages/airflow/example_dags/example_latest_only_with_trigger.py for tasks to queue
[2024-05-05T04:02:17.711+0000] {logging_mixin.py:188} INFO - [2024-05-05T04:02:17.706+0000] {dagbag.py:540} INFO - Filling up the DagBag from /home/airflow/.local/lib/python3.12/site-packages/airflow/example_dags/example_latest_only_with_trigger.py
[2024-05-05T04:02:17.928+0000] {processor.py:840} INFO - DAG(s) 'latest_only_with_trigger' retrieved from /home/airflow/.local/lib/python3.12/site-packages/airflow/example_dags/example_latest_only_with_trigger.py
[2024-05-05T04:02:18.419+0000] {logging_mixin.py:188} INFO - [2024-05-05T04:02:18.403+0000] {dag.py:3096} INFO - Sync 1 DAGs
[2024-05-05T04:02:18.698+0000] {logging_mixin.py:188} INFO - [2024-05-05T04:02:18.690+0000] {dag.py:3954} INFO - Setting next_dagrun for latest_only_with_trigger to 2024-05-05 00:00:00+00:00, run_after=2024-05-05 04:00:00+00:00
[2024-05-05T04:02:18.930+0000] {processor.py:183} INFO - Processing /home/airflow/.local/lib/python3.12/site-packages/airflow/example_dags/example_latest_only_with_trigger.py took 1.316 seconds
[2024-05-05T04:02:49.952+0000] {processor.py:161} INFO - Started process (PID=8572) to work on /home/airflow/.local/lib/python3.12/site-packages/airflow/example_dags/example_latest_only_with_trigger.py
[2024-05-05T04:02:49.968+0000] {processor.py:830} INFO - Processing file /home/airflow/.local/lib/python3.12/site-packages/airflow/example_dags/example_latest_only_with_trigger.py for tasks to queue
[2024-05-05T04:02:49.983+0000] {logging_mixin.py:188} INFO - [2024-05-05T04:02:49.982+0000] {dagbag.py:540} INFO - Filling up the DagBag from /home/airflow/.local/lib/python3.12/site-packages/airflow/example_dags/example_latest_only_with_trigger.py
[2024-05-05T04:02:50.267+0000] {processor.py:840} INFO - DAG(s) 'latest_only_with_trigger' retrieved from /home/airflow/.local/lib/python3.12/site-packages/airflow/example_dags/example_latest_only_with_trigger.py
[2024-05-05T04:02:50.684+0000] {logging_mixin.py:188} INFO - [2024-05-05T04:02:50.682+0000] {dag.py:3096} INFO - Sync 1 DAGs
[2024-05-05T04:02:50.931+0000] {logging_mixin.py:188} INFO - [2024-05-05T04:02:50.930+0000] {dag.py:3954} INFO - Setting next_dagrun for latest_only_with_trigger to 2024-05-05 00:00:00+00:00, run_after=2024-05-05 04:00:00+00:00
[2024-05-05T04:02:51.168+0000] {processor.py:183} INFO - Processing /home/airflow/.local/lib/python3.12/site-packages/airflow/example_dags/example_latest_only_with_trigger.py took 1.344 seconds
[2024-05-05T04:03:28.695+0000] {processor.py:161} INFO - Started process (PID=8630) to work on /home/airflow/.local/lib/python3.12/site-packages/airflow/example_dags/example_latest_only_with_trigger.py
[2024-05-05T04:03:28.705+0000] {processor.py:830} INFO - Processing file /home/airflow/.local/lib/python3.12/site-packages/airflow/example_dags/example_latest_only_with_trigger.py for tasks to queue
[2024-05-05T04:03:28.714+0000] {logging_mixin.py:188} INFO - [2024-05-05T04:03:28.711+0000] {dagbag.py:540} INFO - Filling up the DagBag from /home/airflow/.local/lib/python3.12/site-packages/airflow/example_dags/example_latest_only_with_trigger.py
[2024-05-05T04:03:28.803+0000] {processor.py:840} INFO - DAG(s) 'latest_only_with_trigger' retrieved from /home/airflow/.local/lib/python3.12/site-packages/airflow/example_dags/example_latest_only_with_trigger.py
[2024-05-05T04:03:28.968+0000] {logging_mixin.py:188} INFO - [2024-05-05T04:03:28.966+0000] {dag.py:3096} INFO - Sync 1 DAGs
[2024-05-05T04:03:29.277+0000] {logging_mixin.py:188} INFO - [2024-05-05T04:03:29.265+0000] {dag.py:3954} INFO - Setting next_dagrun for latest_only_with_trigger to 2024-05-05 00:00:00+00:00, run_after=2024-05-05 04:00:00+00:00
[2024-05-05T04:03:29.483+0000] {processor.py:183} INFO - Processing /home/airflow/.local/lib/python3.12/site-packages/airflow/example_dags/example_latest_only_with_trigger.py took 0.830 seconds
[2024-05-05T04:04:05.823+0000] {processor.py:161} INFO - Started process (PID=8681) to work on /home/airflow/.local/lib/python3.12/site-packages/airflow/example_dags/example_latest_only_with_trigger.py
[2024-05-05T04:04:05.830+0000] {processor.py:830} INFO - Processing file /home/airflow/.local/lib/python3.12/site-packages/airflow/example_dags/example_latest_only_with_trigger.py for tasks to queue
[2024-05-05T04:04:05.836+0000] {logging_mixin.py:188} INFO - [2024-05-05T04:04:05.835+0000] {dagbag.py:540} INFO - Filling up the DagBag from /home/airflow/.local/lib/python3.12/site-packages/airflow/example_dags/example_latest_only_with_trigger.py
[2024-05-05T04:04:05.879+0000] {processor.py:840} INFO - DAG(s) 'latest_only_with_trigger' retrieved from /home/airflow/.local/lib/python3.12/site-packages/airflow/example_dags/example_latest_only_with_trigger.py
[2024-05-05T04:04:06.002+0000] {logging_mixin.py:188} INFO - [2024-05-05T04:04:06.000+0000] {dag.py:3096} INFO - Sync 1 DAGs
[2024-05-05T04:04:06.170+0000] {logging_mixin.py:188} INFO - [2024-05-05T04:04:06.166+0000] {dag.py:3954} INFO - Setting next_dagrun for latest_only_with_trigger to 2024-05-05 00:00:00+00:00, run_after=2024-05-05 04:00:00+00:00
[2024-05-05T04:04:06.318+0000] {processor.py:183} INFO - Processing /home/airflow/.local/lib/python3.12/site-packages/airflow/example_dags/example_latest_only_with_trigger.py took 0.526 seconds
[2024-05-05T04:04:45.691+0000] {processor.py:161} INFO - Started process (PID=8745) to work on /home/airflow/.local/lib/python3.12/site-packages/airflow/example_dags/example_latest_only_with_trigger.py
[2024-05-05T04:04:45.698+0000] {processor.py:830} INFO - Processing file /home/airflow/.local/lib/python3.12/site-packages/airflow/example_dags/example_latest_only_with_trigger.py for tasks to queue
[2024-05-05T04:04:45.704+0000] {logging_mixin.py:188} INFO - [2024-05-05T04:04:45.703+0000] {dagbag.py:540} INFO - Filling up the DagBag from /home/airflow/.local/lib/python3.12/site-packages/airflow/example_dags/example_latest_only_with_trigger.py
[2024-05-05T04:04:45.737+0000] {processor.py:840} INFO - DAG(s) 'latest_only_with_trigger' retrieved from /home/airflow/.local/lib/python3.12/site-packages/airflow/example_dags/example_latest_only_with_trigger.py
[2024-05-05T04:04:45.870+0000] {logging_mixin.py:188} INFO - [2024-05-05T04:04:45.869+0000] {dag.py:3096} INFO - Sync 1 DAGs
[2024-05-05T04:04:46.004+0000] {logging_mixin.py:188} INFO - [2024-05-05T04:04:46.003+0000] {dag.py:3954} INFO - Setting next_dagrun for latest_only_with_trigger to 2024-05-05 00:00:00+00:00, run_after=2024-05-05 04:00:00+00:00
[2024-05-05T04:04:46.288+0000] {processor.py:183} INFO - Processing /home/airflow/.local/lib/python3.12/site-packages/airflow/example_dags/example_latest_only_with_trigger.py took 0.622 seconds
[2024-05-05T04:05:27.284+0000] {processor.py:161} INFO - Started process (PID=8801) to work on /home/airflow/.local/lib/python3.12/site-packages/airflow/example_dags/example_latest_only_with_trigger.py
[2024-05-05T04:05:27.291+0000] {processor.py:830} INFO - Processing file /home/airflow/.local/lib/python3.12/site-packages/airflow/example_dags/example_latest_only_with_trigger.py for tasks to queue
[2024-05-05T04:05:27.298+0000] {logging_mixin.py:188} INFO - [2024-05-05T04:05:27.296+0000] {dagbag.py:540} INFO - Filling up the DagBag from /home/airflow/.local/lib/python3.12/site-packages/airflow/example_dags/example_latest_only_with_trigger.py
[2024-05-05T04:05:27.349+0000] {processor.py:840} INFO - DAG(s) 'latest_only_with_trigger' retrieved from /home/airflow/.local/lib/python3.12/site-packages/airflow/example_dags/example_latest_only_with_trigger.py
[2024-05-05T04:05:27.503+0000] {logging_mixin.py:188} INFO - [2024-05-05T04:05:27.502+0000] {dag.py:3096} INFO - Sync 1 DAGs
[2024-05-05T04:05:27.768+0000] {logging_mixin.py:188} INFO - [2024-05-05T04:05:27.767+0000] {dag.py:3954} INFO - Setting next_dagrun for latest_only_with_trigger to 2024-05-05 00:00:00+00:00, run_after=2024-05-05 04:00:00+00:00
[2024-05-05T04:05:27.972+0000] {processor.py:183} INFO - Processing /home/airflow/.local/lib/python3.12/site-packages/airflow/example_dags/example_latest_only_with_trigger.py took 0.745 seconds
[2024-05-05T04:06:41.947+0000] {processor.py:161} INFO - Started process (PID=8865) to work on /home/airflow/.local/lib/python3.12/site-packages/airflow/example_dags/example_latest_only_with_trigger.py
[2024-05-05T04:06:41.985+0000] {processor.py:830} INFO - Processing file /home/airflow/.local/lib/python3.12/site-packages/airflow/example_dags/example_latest_only_with_trigger.py for tasks to queue
[2024-05-05T04:06:42.014+0000] {logging_mixin.py:188} INFO - [2024-05-05T04:06:42.003+0000] {dagbag.py:540} INFO - Filling up the DagBag from /home/airflow/.local/lib/python3.12/site-packages/airflow/example_dags/example_latest_only_with_trigger.py
[2024-05-05T04:06:42.134+0000] {processor.py:840} INFO - DAG(s) 'latest_only_with_trigger' retrieved from /home/airflow/.local/lib/python3.12/site-packages/airflow/example_dags/example_latest_only_with_trigger.py
[2024-05-05T04:06:42.847+0000] {logging_mixin.py:188} INFO - [2024-05-05T04:06:42.845+0000] {dag.py:3096} INFO - Sync 1 DAGs
[2024-05-05T04:06:43.543+0000] {logging_mixin.py:188} INFO - [2024-05-05T04:06:43.535+0000] {dag.py:3954} INFO - Setting next_dagrun for latest_only_with_trigger to 2024-05-05 00:00:00+00:00, run_after=2024-05-05 04:00:00+00:00
[2024-05-05T04:06:44.011+0000] {processor.py:183} INFO - Processing /home/airflow/.local/lib/python3.12/site-packages/airflow/example_dags/example_latest_only_with_trigger.py took 2.170 seconds
[2024-05-05T04:09:07.383+0000] {processor.py:161} INFO - Started process (PID=8963) to work on /home/airflow/.local/lib/python3.12/site-packages/airflow/example_dags/example_latest_only_with_trigger.py
[2024-05-05T04:09:07.416+0000] {processor.py:830} INFO - Processing file /home/airflow/.local/lib/python3.12/site-packages/airflow/example_dags/example_latest_only_with_trigger.py for tasks to queue
[2024-05-05T04:09:07.449+0000] {logging_mixin.py:188} INFO - [2024-05-05T04:09:07.439+0000] {dagbag.py:540} INFO - Filling up the DagBag from /home/airflow/.local/lib/python3.12/site-packages/airflow/example_dags/example_latest_only_with_trigger.py
[2024-05-05T04:09:07.829+0000] {processor.py:840} INFO - DAG(s) 'latest_only_with_trigger' retrieved from /home/airflow/.local/lib/python3.12/site-packages/airflow/example_dags/example_latest_only_with_trigger.py
[2024-05-05T04:09:08.996+0000] {logging_mixin.py:188} INFO - [2024-05-05T04:09:08.986+0000] {dag.py:3096} INFO - Sync 1 DAGs
[2024-05-05T04:09:09.623+0000] {logging_mixin.py:188} INFO - [2024-05-05T04:09:09.616+0000] {dag.py:3954} INFO - Setting next_dagrun for latest_only_with_trigger to 2024-05-05 00:00:00+00:00, run_after=2024-05-05 04:00:00+00:00
[2024-05-05T04:09:10.427+0000] {processor.py:183} INFO - Processing /home/airflow/.local/lib/python3.12/site-packages/airflow/example_dags/example_latest_only_with_trigger.py took 3.371 seconds
[2024-05-05T04:11:34.851+0000] {processor.py:161} INFO - Started process (PID=9057) to work on /home/airflow/.local/lib/python3.12/site-packages/airflow/example_dags/example_latest_only_with_trigger.py
[2024-05-05T04:11:34.876+0000] {processor.py:830} INFO - Processing file /home/airflow/.local/lib/python3.12/site-packages/airflow/example_dags/example_latest_only_with_trigger.py for tasks to queue
[2024-05-05T04:11:34.896+0000] {logging_mixin.py:188} INFO - [2024-05-05T04:11:34.893+0000] {dagbag.py:540} INFO - Filling up the DagBag from /home/airflow/.local/lib/python3.12/site-packages/airflow/example_dags/example_latest_only_with_trigger.py
[2024-05-05T04:11:34.998+0000] {processor.py:840} INFO - DAG(s) 'latest_only_with_trigger' retrieved from /home/airflow/.local/lib/python3.12/site-packages/airflow/example_dags/example_latest_only_with_trigger.py
[2024-05-05T04:11:35.216+0000] {logging_mixin.py:188} INFO - [2024-05-05T04:11:35.214+0000] {dag.py:3096} INFO - Sync 1 DAGs
[2024-05-05T04:11:37.084+0000] {logging_mixin.py:188} INFO - [2024-05-05T04:11:37.003+0000] {dag.py:3954} INFO - Setting next_dagrun for latest_only_with_trigger to 2024-05-05 00:00:00+00:00, run_after=2024-05-05 04:00:00+00:00
[2024-05-05T04:11:37.761+0000] {processor.py:183} INFO - Processing /home/airflow/.local/lib/python3.12/site-packages/airflow/example_dags/example_latest_only_with_trigger.py took 3.009 seconds
[2024-05-05T04:14:08.826+0000] {processor.py:161} INFO - Started process (PID=9160) to work on /home/airflow/.local/lib/python3.12/site-packages/airflow/example_dags/example_latest_only_with_trigger.py
[2024-05-05T04:14:08.857+0000] {processor.py:830} INFO - Processing file /home/airflow/.local/lib/python3.12/site-packages/airflow/example_dags/example_latest_only_with_trigger.py for tasks to queue
[2024-05-05T04:14:08.898+0000] {logging_mixin.py:188} INFO - [2024-05-05T04:14:08.870+0000] {dagbag.py:540} INFO - Filling up the DagBag from /home/airflow/.local/lib/python3.12/site-packages/airflow/example_dags/example_latest_only_with_trigger.py
[2024-05-05T04:14:09.285+0000] {processor.py:840} INFO - DAG(s) 'latest_only_with_trigger' retrieved from /home/airflow/.local/lib/python3.12/site-packages/airflow/example_dags/example_latest_only_with_trigger.py
[2024-05-05T04:14:10.794+0000] {logging_mixin.py:188} INFO - [2024-05-05T04:14:10.783+0000] {dag.py:3096} INFO - Sync 1 DAGs
[2024-05-05T04:14:11.759+0000] {logging_mixin.py:188} INFO - [2024-05-05T04:14:11.738+0000] {dag.py:3954} INFO - Setting next_dagrun for latest_only_with_trigger to 2024-05-05 00:00:00+00:00, run_after=2024-05-05 04:00:00+00:00
[2024-05-05T04:14:12.476+0000] {processor.py:183} INFO - Processing /home/airflow/.local/lib/python3.12/site-packages/airflow/example_dags/example_latest_only_with_trigger.py took 3.938 seconds
[2024-05-05T04:16:38.268+0000] {processor.py:161} INFO - Started process (PID=9262) to work on /home/airflow/.local/lib/python3.12/site-packages/airflow/example_dags/example_latest_only_with_trigger.py
[2024-05-05T04:16:38.307+0000] {processor.py:830} INFO - Processing file /home/airflow/.local/lib/python3.12/site-packages/airflow/example_dags/example_latest_only_with_trigger.py for tasks to queue
[2024-05-05T04:16:38.327+0000] {logging_mixin.py:188} INFO - [2024-05-05T04:16:38.314+0000] {dagbag.py:540} INFO - Filling up the DagBag from /home/airflow/.local/lib/python3.12/site-packages/airflow/example_dags/example_latest_only_with_trigger.py
[2024-05-05T04:16:38.635+0000] {processor.py:840} INFO - DAG(s) 'latest_only_with_trigger' retrieved from /home/airflow/.local/lib/python3.12/site-packages/airflow/example_dags/example_latest_only_with_trigger.py
[2024-05-05T04:16:39.726+0000] {logging_mixin.py:188} INFO - [2024-05-05T04:16:39.725+0000] {dag.py:3096} INFO - Sync 1 DAGs
[2024-05-05T04:16:40.550+0000] {logging_mixin.py:188} INFO - [2024-05-05T04:16:40.534+0000] {dag.py:3954} INFO - Setting next_dagrun for latest_only_with_trigger to 2024-05-05 00:00:00+00:00, run_after=2024-05-05 04:00:00+00:00
[2024-05-05T04:16:41.202+0000] {processor.py:183} INFO - Processing /home/airflow/.local/lib/python3.12/site-packages/airflow/example_dags/example_latest_only_with_trigger.py took 3.149 seconds
[2024-05-05T04:19:10.040+0000] {processor.py:161} INFO - Started process (PID=9359) to work on /home/airflow/.local/lib/python3.12/site-packages/airflow/example_dags/example_latest_only_with_trigger.py
[2024-05-05T04:19:10.072+0000] {processor.py:830} INFO - Processing file /home/airflow/.local/lib/python3.12/site-packages/airflow/example_dags/example_latest_only_with_trigger.py for tasks to queue
[2024-05-05T04:19:10.168+0000] {logging_mixin.py:188} INFO - [2024-05-05T04:19:10.160+0000] {dagbag.py:540} INFO - Filling up the DagBag from /home/airflow/.local/lib/python3.12/site-packages/airflow/example_dags/example_latest_only_with_trigger.py
[2024-05-05T04:19:10.520+0000] {processor.py:840} INFO - DAG(s) 'latest_only_with_trigger' retrieved from /home/airflow/.local/lib/python3.12/site-packages/airflow/example_dags/example_latest_only_with_trigger.py
[2024-05-05T04:19:11.333+0000] {logging_mixin.py:188} INFO - [2024-05-05T04:19:11.332+0000] {dag.py:3096} INFO - Sync 1 DAGs
[2024-05-05T04:19:12.341+0000] {logging_mixin.py:188} INFO - [2024-05-05T04:19:12.328+0000] {dag.py:3954} INFO - Setting next_dagrun for latest_only_with_trigger to 2024-05-05 00:00:00+00:00, run_after=2024-05-05 04:00:00+00:00
[2024-05-05T04:19:12.833+0000] {processor.py:183} INFO - Processing /home/airflow/.local/lib/python3.12/site-packages/airflow/example_dags/example_latest_only_with_trigger.py took 2.936 seconds
[2024-05-05T04:21:36.231+0000] {processor.py:161} INFO - Started process (PID=9458) to work on /home/airflow/.local/lib/python3.12/site-packages/airflow/example_dags/example_latest_only_with_trigger.py
[2024-05-05T04:21:36.250+0000] {processor.py:830} INFO - Processing file /home/airflow/.local/lib/python3.12/site-packages/airflow/example_dags/example_latest_only_with_trigger.py for tasks to queue
[2024-05-05T04:21:36.280+0000] {logging_mixin.py:188} INFO - [2024-05-05T04:21:36.277+0000] {dagbag.py:540} INFO - Filling up the DagBag from /home/airflow/.local/lib/python3.12/site-packages/airflow/example_dags/example_latest_only_with_trigger.py
[2024-05-05T04:21:36.744+0000] {processor.py:840} INFO - DAG(s) 'latest_only_with_trigger' retrieved from /home/airflow/.local/lib/python3.12/site-packages/airflow/example_dags/example_latest_only_with_trigger.py
[2024-05-05T04:21:38.007+0000] {logging_mixin.py:188} INFO - [2024-05-05T04:21:38.005+0000] {dag.py:3096} INFO - Sync 1 DAGs
[2024-05-05T04:21:39.371+0000] {logging_mixin.py:188} INFO - [2024-05-05T04:21:39.360+0000] {dag.py:3954} INFO - Setting next_dagrun for latest_only_with_trigger to 2024-05-05 00:00:00+00:00, run_after=2024-05-05 04:00:00+00:00
[2024-05-05T04:21:40.821+0000] {processor.py:183} INFO - Processing /home/airflow/.local/lib/python3.12/site-packages/airflow/example_dags/example_latest_only_with_trigger.py took 4.856 seconds
[2024-05-05T04:24:16.508+0000] {processor.py:161} INFO - Started process (PID=9563) to work on /home/airflow/.local/lib/python3.12/site-packages/airflow/example_dags/example_latest_only_with_trigger.py
[2024-05-05T04:24:16.528+0000] {processor.py:830} INFO - Processing file /home/airflow/.local/lib/python3.12/site-packages/airflow/example_dags/example_latest_only_with_trigger.py for tasks to queue
[2024-05-05T04:24:16.545+0000] {logging_mixin.py:188} INFO - [2024-05-05T04:24:16.542+0000] {dagbag.py:540} INFO - Filling up the DagBag from /home/airflow/.local/lib/python3.12/site-packages/airflow/example_dags/example_latest_only_with_trigger.py
[2024-05-05T04:24:16.711+0000] {processor.py:840} INFO - DAG(s) 'latest_only_with_trigger' retrieved from /home/airflow/.local/lib/python3.12/site-packages/airflow/example_dags/example_latest_only_with_trigger.py
[2024-05-05T04:24:17.396+0000] {logging_mixin.py:188} INFO - [2024-05-05T04:24:17.377+0000] {dag.py:3096} INFO - Sync 1 DAGs
[2024-05-05T04:24:18.314+0000] {logging_mixin.py:188} INFO - [2024-05-05T04:24:18.312+0000] {dag.py:3954} INFO - Setting next_dagrun for latest_only_with_trigger to 2024-05-05 00:00:00+00:00, run_after=2024-05-05 04:00:00+00:00
[2024-05-05T04:24:18.770+0000] {processor.py:183} INFO - Processing /home/airflow/.local/lib/python3.12/site-packages/airflow/example_dags/example_latest_only_with_trigger.py took 2.471 seconds
[2024-05-05T04:26:54.846+0000] {processor.py:161} INFO - Started process (PID=9667) to work on /home/airflow/.local/lib/python3.12/site-packages/airflow/example_dags/example_latest_only_with_trigger.py
[2024-05-05T04:26:54.944+0000] {processor.py:830} INFO - Processing file /home/airflow/.local/lib/python3.12/site-packages/airflow/example_dags/example_latest_only_with_trigger.py for tasks to queue
[2024-05-05T04:26:54.970+0000] {logging_mixin.py:188} INFO - [2024-05-05T04:26:54.968+0000] {dagbag.py:540} INFO - Filling up the DagBag from /home/airflow/.local/lib/python3.12/site-packages/airflow/example_dags/example_latest_only_with_trigger.py
[2024-05-05T04:26:55.115+0000] {processor.py:840} INFO - DAG(s) 'latest_only_with_trigger' retrieved from /home/airflow/.local/lib/python3.12/site-packages/airflow/example_dags/example_latest_only_with_trigger.py
[2024-05-05T04:26:55.955+0000] {logging_mixin.py:188} INFO - [2024-05-05T04:26:55.936+0000] {dag.py:3096} INFO - Sync 1 DAGs
[2024-05-05T04:26:56.687+0000] {logging_mixin.py:188} INFO - [2024-05-05T04:26:56.685+0000] {dag.py:3954} INFO - Setting next_dagrun for latest_only_with_trigger to 2024-05-05 00:00:00+00:00, run_after=2024-05-05 04:00:00+00:00
[2024-05-05T04:26:57.195+0000] {processor.py:183} INFO - Processing /home/airflow/.local/lib/python3.12/site-packages/airflow/example_dags/example_latest_only_with_trigger.py took 2.592 seconds
[2024-05-05T04:29:24.597+0000] {processor.py:161} INFO - Started process (PID=9764) to work on /home/airflow/.local/lib/python3.12/site-packages/airflow/example_dags/example_latest_only_with_trigger.py
[2024-05-05T04:29:24.664+0000] {processor.py:830} INFO - Processing file /home/airflow/.local/lib/python3.12/site-packages/airflow/example_dags/example_latest_only_with_trigger.py for tasks to queue
[2024-05-05T04:29:24.711+0000] {logging_mixin.py:188} INFO - [2024-05-05T04:29:24.691+0000] {dagbag.py:540} INFO - Filling up the DagBag from /home/airflow/.local/lib/python3.12/site-packages/airflow/example_dags/example_latest_only_with_trigger.py
[2024-05-05T04:29:24.904+0000] {processor.py:840} INFO - DAG(s) 'latest_only_with_trigger' retrieved from /home/airflow/.local/lib/python3.12/site-packages/airflow/example_dags/example_latest_only_with_trigger.py
[2024-05-05T04:29:25.559+0000] {logging_mixin.py:188} INFO - [2024-05-05T04:29:25.557+0000] {dag.py:3096} INFO - Sync 1 DAGs
[2024-05-05T04:29:27.134+0000] {logging_mixin.py:188} INFO - [2024-05-05T04:29:27.128+0000] {dag.py:3954} INFO - Setting next_dagrun for latest_only_with_trigger to 2024-05-05 00:00:00+00:00, run_after=2024-05-05 04:00:00+00:00
[2024-05-05T04:29:27.617+0000] {processor.py:183} INFO - Processing /home/airflow/.local/lib/python3.12/site-packages/airflow/example_dags/example_latest_only_with_trigger.py took 3.304 seconds
[2024-05-05T04:32:00.842+0000] {processor.py:161} INFO - Started process (PID=9868) to work on /home/airflow/.local/lib/python3.12/site-packages/airflow/example_dags/example_latest_only_with_trigger.py
[2024-05-05T04:32:00.956+0000] {processor.py:830} INFO - Processing file /home/airflow/.local/lib/python3.12/site-packages/airflow/example_dags/example_latest_only_with_trigger.py for tasks to queue
[2024-05-05T04:32:01.045+0000] {logging_mixin.py:188} INFO - [2024-05-05T04:32:01.030+0000] {dagbag.py:540} INFO - Filling up the DagBag from /home/airflow/.local/lib/python3.12/site-packages/airflow/example_dags/example_latest_only_with_trigger.py
[2024-05-05T04:32:01.337+0000] {processor.py:840} INFO - DAG(s) 'latest_only_with_trigger' retrieved from /home/airflow/.local/lib/python3.12/site-packages/airflow/example_dags/example_latest_only_with_trigger.py
[2024-05-05T04:32:01.965+0000] {logging_mixin.py:188} INFO - [2024-05-05T04:32:01.964+0000] {dag.py:3096} INFO - Sync 1 DAGs
[2024-05-05T04:32:02.635+0000] {logging_mixin.py:188} INFO - [2024-05-05T04:32:02.608+0000] {dag.py:3954} INFO - Setting next_dagrun for latest_only_with_trigger to 2024-05-05 00:00:00+00:00, run_after=2024-05-05 04:00:00+00:00
[2024-05-05T04:32:03.530+0000] {processor.py:183} INFO - Processing /home/airflow/.local/lib/python3.12/site-packages/airflow/example_dags/example_latest_only_with_trigger.py took 2.987 seconds
[2024-05-05T04:34:54.408+0000] {processor.py:161} INFO - Started process (PID=9972) to work on /home/airflow/.local/lib/python3.12/site-packages/airflow/example_dags/example_latest_only_with_trigger.py
[2024-05-05T04:34:54.478+0000] {processor.py:830} INFO - Processing file /home/airflow/.local/lib/python3.12/site-packages/airflow/example_dags/example_latest_only_with_trigger.py for tasks to queue
[2024-05-05T04:34:54.492+0000] {logging_mixin.py:188} INFO - [2024-05-05T04:34:54.490+0000] {dagbag.py:540} INFO - Filling up the DagBag from /home/airflow/.local/lib/python3.12/site-packages/airflow/example_dags/example_latest_only_with_trigger.py
[2024-05-05T04:34:54.730+0000] {processor.py:840} INFO - DAG(s) 'latest_only_with_trigger' retrieved from /home/airflow/.local/lib/python3.12/site-packages/airflow/example_dags/example_latest_only_with_trigger.py
[2024-05-05T04:34:55.311+0000] {logging_mixin.py:188} INFO - [2024-05-05T04:34:55.309+0000] {dag.py:3096} INFO - Sync 1 DAGs
[2024-05-05T04:34:56.410+0000] {logging_mixin.py:188} INFO - [2024-05-05T04:34:56.409+0000] {dag.py:3954} INFO - Setting next_dagrun for latest_only_with_trigger to 2024-05-05 00:00:00+00:00, run_after=2024-05-05 04:00:00+00:00
[2024-05-05T04:34:58.005+0000] {processor.py:183} INFO - Processing /home/airflow/.local/lib/python3.12/site-packages/airflow/example_dags/example_latest_only_with_trigger.py took 4.002 seconds
[2024-05-05T06:47:54.517+0000] {processor.py:161} INFO - Started process (PID=10086) to work on /home/airflow/.local/lib/python3.12/site-packages/airflow/example_dags/example_latest_only_with_trigger.py
[2024-05-05T06:47:54.553+0000] {processor.py:830} INFO - Processing file /home/airflow/.local/lib/python3.12/site-packages/airflow/example_dags/example_latest_only_with_trigger.py for tasks to queue
[2024-05-05T06:47:54.570+0000] {logging_mixin.py:188} INFO - [2024-05-05T06:47:54.568+0000] {dagbag.py:540} INFO - Filling up the DagBag from /home/airflow/.local/lib/python3.12/site-packages/airflow/example_dags/example_latest_only_with_trigger.py
[2024-05-05T06:47:55.026+0000] {processor.py:840} INFO - DAG(s) 'latest_only_with_trigger' retrieved from /home/airflow/.local/lib/python3.12/site-packages/airflow/example_dags/example_latest_only_with_trigger.py
[2024-05-05T06:47:55.932+0000] {logging_mixin.py:188} INFO - [2024-05-05T06:47:55.924+0000] {dag.py:3096} INFO - Sync 1 DAGs
[2024-05-05T06:47:56.736+0000] {logging_mixin.py:188} INFO - [2024-05-05T06:47:56.734+0000] {dag.py:3954} INFO - Setting next_dagrun for latest_only_with_trigger to 2024-05-05 00:00:00+00:00, run_after=2024-05-05 04:00:00+00:00
[2024-05-05T06:47:57.838+0000] {processor.py:183} INFO - Processing /home/airflow/.local/lib/python3.12/site-packages/airflow/example_dags/example_latest_only_with_trigger.py took 3.547 seconds
[2024-05-05T06:52:31.356+0000] {processor.py:161} INFO - Started process (PID=10174) to work on /home/airflow/.local/lib/python3.12/site-packages/airflow/example_dags/example_latest_only_with_trigger.py
[2024-05-05T06:52:31.384+0000] {processor.py:830} INFO - Processing file /home/airflow/.local/lib/python3.12/site-packages/airflow/example_dags/example_latest_only_with_trigger.py for tasks to queue
[2024-05-05T06:52:31.397+0000] {logging_mixin.py:188} INFO - [2024-05-05T06:52:31.392+0000] {dagbag.py:540} INFO - Filling up the DagBag from /home/airflow/.local/lib/python3.12/site-packages/airflow/example_dags/example_latest_only_with_trigger.py
[2024-05-05T06:52:31.534+0000] {processor.py:840} INFO - DAG(s) 'latest_only_with_trigger' retrieved from /home/airflow/.local/lib/python3.12/site-packages/airflow/example_dags/example_latest_only_with_trigger.py
[2024-05-05T06:52:32.709+0000] {logging_mixin.py:188} INFO - [2024-05-05T06:52:32.706+0000] {dag.py:3096} INFO - Sync 1 DAGs
[2024-05-05T06:52:35.777+0000] {logging_mixin.py:188} INFO - [2024-05-05T06:52:35.737+0000] {dag.py:3954} INFO - Setting next_dagrun for latest_only_with_trigger to 2024-05-05 00:00:00+00:00, run_after=2024-05-05 04:00:00+00:00
[2024-05-05T06:52:37.585+0000] {processor.py:183} INFO - Processing /home/airflow/.local/lib/python3.12/site-packages/airflow/example_dags/example_latest_only_with_trigger.py took 6.360 seconds
[2024-05-05T13:48:11.400+0000] {processor.py:161} INFO - Started process (PID=10268) to work on /home/airflow/.local/lib/python3.12/site-packages/airflow/example_dags/example_latest_only_with_trigger.py
[2024-05-05T13:48:11.406+0000] {processor.py:830} INFO - Processing file /home/airflow/.local/lib/python3.12/site-packages/airflow/example_dags/example_latest_only_with_trigger.py for tasks to queue
[2024-05-05T13:48:11.414+0000] {logging_mixin.py:188} INFO - [2024-05-05T13:48:11.411+0000] {dagbag.py:540} INFO - Filling up the DagBag from /home/airflow/.local/lib/python3.12/site-packages/airflow/example_dags/example_latest_only_with_trigger.py
[2024-05-05T13:48:11.456+0000] {processor.py:840} INFO - DAG(s) 'latest_only_with_trigger' retrieved from /home/airflow/.local/lib/python3.12/site-packages/airflow/example_dags/example_latest_only_with_trigger.py
[2024-05-05T13:48:11.527+0000] {logging_mixin.py:188} INFO - [2024-05-05T13:48:11.523+0000] {dag.py:3096} INFO - Sync 1 DAGs
[2024-05-05T13:48:11.587+0000] {logging_mixin.py:188} INFO - [2024-05-05T13:48:11.586+0000] {dag.py:3954} INFO - Setting next_dagrun for latest_only_with_trigger to 2024-05-05 08:00:00+00:00, run_after=2024-05-05 12:00:00+00:00
[2024-05-05T13:48:11.656+0000] {processor.py:183} INFO - Processing /home/airflow/.local/lib/python3.12/site-packages/airflow/example_dags/example_latest_only_with_trigger.py took 0.278 seconds
[2024-05-05T22:08:47.682+0000] {processor.py:161} INFO - Started process (PID=10355) to work on /home/airflow/.local/lib/python3.12/site-packages/airflow/example_dags/example_latest_only_with_trigger.py
[2024-05-05T22:08:47.771+0000] {processor.py:830} INFO - Processing file /home/airflow/.local/lib/python3.12/site-packages/airflow/example_dags/example_latest_only_with_trigger.py for tasks to queue
[2024-05-05T22:08:47.898+0000] {logging_mixin.py:188} INFO - [2024-05-05T22:08:47.833+0000] {dagbag.py:540} INFO - Filling up the DagBag from /home/airflow/.local/lib/python3.12/site-packages/airflow/example_dags/example_latest_only_with_trigger.py
[2024-05-05T22:08:48.180+0000] {processor.py:840} INFO - DAG(s) 'latest_only_with_trigger' retrieved from /home/airflow/.local/lib/python3.12/site-packages/airflow/example_dags/example_latest_only_with_trigger.py
[2024-05-05T22:08:49.206+0000] {logging_mixin.py:188} INFO - [2024-05-05T22:08:49.205+0000] {dag.py:3096} INFO - Sync 1 DAGs
[2024-05-05T22:08:52.578+0000] {logging_mixin.py:188} INFO - [2024-05-05T22:08:52.556+0000] {dag.py:3954} INFO - Setting next_dagrun for latest_only_with_trigger to 2024-05-05 16:00:00+00:00, run_after=2024-05-05 20:00:00+00:00
[2024-05-05T22:08:53.163+0000] {processor.py:183} INFO - Processing /home/airflow/.local/lib/python3.12/site-packages/airflow/example_dags/example_latest_only_with_trigger.py took 5.742 seconds
