[2024-05-05T00:00:36.086+0000] {processor.py:161} INFO - Started process (PID=7601) to work on /home/airflow/.local/lib/python3.12/site-packages/airflow/example_dags/example_branch_operator.py
[2024-05-05T00:00:36.103+0000] {processor.py:830} INFO - Processing file /home/airflow/.local/lib/python3.12/site-packages/airflow/example_dags/example_branch_operator.py for tasks to queue
[2024-05-05T00:00:36.111+0000] {logging_mixin.py:188} INFO - [2024-05-05T00:00:36.110+0000] {dagbag.py:540} INFO - Filling up the DagBag from /home/airflow/.local/lib/python3.12/site-packages/airflow/example_dags/example_branch_operator.py
[2024-05-05T00:00:36.227+0000] {processor.py:840} INFO - DAG(s) 'example_branch_operator' retrieved from /home/airflow/.local/lib/python3.12/site-packages/airflow/example_dags/example_branch_operator.py
[2024-05-05T00:00:36.501+0000] {logging_mixin.py:188} INFO - [2024-05-05T00:00:36.501+0000] {dag.py:3096} INFO - Sync 1 DAGs
[2024-05-05T00:00:36.657+0000] {logging_mixin.py:188} INFO - [2024-05-05T00:00:36.657+0000] {dag.py:3954} INFO - Setting next_dagrun for example_branch_operator to 2024-05-04 00:00:00+00:00, run_after=2024-05-05 00:00:00+00:00
[2024-05-05T00:00:36.762+0000] {processor.py:183} INFO - Processing /home/airflow/.local/lib/python3.12/site-packages/airflow/example_dags/example_branch_operator.py took 0.706 seconds
[2024-05-05T00:01:07.037+0000] {processor.py:161} INFO - Started process (PID=7661) to work on /home/airflow/.local/lib/python3.12/site-packages/airflow/example_dags/example_branch_operator.py
[2024-05-05T00:01:07.041+0000] {processor.py:830} INFO - Processing file /home/airflow/.local/lib/python3.12/site-packages/airflow/example_dags/example_branch_operator.py for tasks to queue
[2024-05-05T00:01:07.046+0000] {logging_mixin.py:188} INFO - [2024-05-05T00:01:07.044+0000] {dagbag.py:540} INFO - Filling up the DagBag from /home/airflow/.local/lib/python3.12/site-packages/airflow/example_dags/example_branch_operator.py
[2024-05-05T00:01:07.098+0000] {processor.py:840} INFO - DAG(s) 'example_branch_operator' retrieved from /home/airflow/.local/lib/python3.12/site-packages/airflow/example_dags/example_branch_operator.py
[2024-05-05T00:01:07.177+0000] {logging_mixin.py:188} INFO - [2024-05-05T00:01:07.177+0000] {dag.py:3096} INFO - Sync 1 DAGs
[2024-05-05T00:01:07.238+0000] {logging_mixin.py:188} INFO - [2024-05-05T00:01:07.237+0000] {dag.py:3954} INFO - Setting next_dagrun for example_branch_operator to 2024-05-04 00:00:00+00:00, run_after=2024-05-05 00:00:00+00:00
[2024-05-05T00:01:07.273+0000] {processor.py:183} INFO - Processing /home/airflow/.local/lib/python3.12/site-packages/airflow/example_dags/example_branch_operator.py took 0.266 seconds
[2024-05-05T00:33:08.989+0000] {processor.py:161} INFO - Started process (PID=7738) to work on /home/airflow/.local/lib/python3.12/site-packages/airflow/example_dags/example_branch_operator.py
[2024-05-05T00:33:09.019+0000] {processor.py:830} INFO - Processing file /home/airflow/.local/lib/python3.12/site-packages/airflow/example_dags/example_branch_operator.py for tasks to queue
[2024-05-05T00:33:09.092+0000] {logging_mixin.py:188} INFO - [2024-05-05T00:33:09.063+0000] {dagbag.py:540} INFO - Filling up the DagBag from /home/airflow/.local/lib/python3.12/site-packages/airflow/example_dags/example_branch_operator.py
[2024-05-05T00:33:10.220+0000] {processor.py:840} INFO - DAG(s) 'example_branch_operator' retrieved from /home/airflow/.local/lib/python3.12/site-packages/airflow/example_dags/example_branch_operator.py
[2024-05-05T00:33:11.251+0000] {logging_mixin.py:188} INFO - [2024-05-05T00:33:11.242+0000] {dag.py:3096} INFO - Sync 1 DAGs
[2024-05-05T00:33:12.076+0000] {logging_mixin.py:188} INFO - [2024-05-05T00:33:12.036+0000] {dag.py:3954} INFO - Setting next_dagrun for example_branch_operator to 2024-05-04 00:00:00+00:00, run_after=2024-05-05 00:00:00+00:00
[2024-05-05T00:33:12.721+0000] {processor.py:183} INFO - Processing /home/airflow/.local/lib/python3.12/site-packages/airflow/example_dags/example_branch_operator.py took 4.172 seconds
[2024-05-05T00:51:53.129+0000] {processor.py:161} INFO - Started process (PID=7821) to work on /home/airflow/.local/lib/python3.12/site-packages/airflow/example_dags/example_branch_operator.py
[2024-05-05T00:51:53.196+0000] {processor.py:830} INFO - Processing file /home/airflow/.local/lib/python3.12/site-packages/airflow/example_dags/example_branch_operator.py for tasks to queue
[2024-05-05T00:51:53.277+0000] {logging_mixin.py:188} INFO - [2024-05-05T00:51:53.230+0000] {dagbag.py:540} INFO - Filling up the DagBag from /home/airflow/.local/lib/python3.12/site-packages/airflow/example_dags/example_branch_operator.py
[2024-05-05T00:51:54.832+0000] {processor.py:840} INFO - DAG(s) 'example_branch_operator' retrieved from /home/airflow/.local/lib/python3.12/site-packages/airflow/example_dags/example_branch_operator.py
[2024-05-05T00:51:56.478+0000] {logging_mixin.py:188} INFO - [2024-05-05T00:51:56.476+0000] {dag.py:3096} INFO - Sync 1 DAGs
[2024-05-05T00:51:57.390+0000] {logging_mixin.py:188} INFO - [2024-05-05T00:51:57.376+0000] {dag.py:3954} INFO - Setting next_dagrun for example_branch_operator to 2024-05-04 00:00:00+00:00, run_after=2024-05-05 00:00:00+00:00
[2024-05-05T00:51:57.864+0000] {processor.py:183} INFO - Processing /home/airflow/.local/lib/python3.12/site-packages/airflow/example_dags/example_branch_operator.py took 5.685 seconds
[2024-05-05T01:10:25.660+0000] {processor.py:161} INFO - Started process (PID=7905) to work on /home/airflow/.local/lib/python3.12/site-packages/airflow/example_dags/example_branch_operator.py
[2024-05-05T01:10:25.758+0000] {processor.py:830} INFO - Processing file /home/airflow/.local/lib/python3.12/site-packages/airflow/example_dags/example_branch_operator.py for tasks to queue
[2024-05-05T01:10:25.801+0000] {logging_mixin.py:188} INFO - [2024-05-05T01:10:25.786+0000] {dagbag.py:540} INFO - Filling up the DagBag from /home/airflow/.local/lib/python3.12/site-packages/airflow/example_dags/example_branch_operator.py
[2024-05-05T01:10:27.075+0000] {processor.py:840} INFO - DAG(s) 'example_branch_operator' retrieved from /home/airflow/.local/lib/python3.12/site-packages/airflow/example_dags/example_branch_operator.py
[2024-05-05T01:10:28.095+0000] {logging_mixin.py:188} INFO - [2024-05-05T01:10:28.083+0000] {dag.py:3096} INFO - Sync 1 DAGs
[2024-05-05T01:10:28.825+0000] {logging_mixin.py:188} INFO - [2024-05-05T01:10:28.824+0000] {dag.py:3954} INFO - Setting next_dagrun for example_branch_operator to 2024-05-04 00:00:00+00:00, run_after=2024-05-05 00:00:00+00:00
[2024-05-05T01:10:29.482+0000] {processor.py:183} INFO - Processing /home/airflow/.local/lib/python3.12/site-packages/airflow/example_dags/example_branch_operator.py took 4.417 seconds
[2024-05-05T01:45:07.751+0000] {processor.py:161} INFO - Started process (PID=8007) to work on /home/airflow/.local/lib/python3.12/site-packages/airflow/example_dags/example_branch_operator.py
[2024-05-05T01:45:07.756+0000] {processor.py:830} INFO - Processing file /home/airflow/.local/lib/python3.12/site-packages/airflow/example_dags/example_branch_operator.py for tasks to queue
[2024-05-05T01:45:07.765+0000] {logging_mixin.py:188} INFO - [2024-05-05T01:45:07.764+0000] {dagbag.py:540} INFO - Filling up the DagBag from /home/airflow/.local/lib/python3.12/site-packages/airflow/example_dags/example_branch_operator.py
[2024-05-05T01:45:07.827+0000] {processor.py:840} INFO - DAG(s) 'example_branch_operator' retrieved from /home/airflow/.local/lib/python3.12/site-packages/airflow/example_dags/example_branch_operator.py
[2024-05-05T01:45:08.455+0000] {logging_mixin.py:188} INFO - [2024-05-05T01:45:08.449+0000] {dag.py:3096} INFO - Sync 1 DAGs
[2024-05-05T01:45:09.491+0000] {logging_mixin.py:188} INFO - [2024-05-05T01:45:09.472+0000] {dag.py:3954} INFO - Setting next_dagrun for example_branch_operator to 2024-05-04 00:00:00+00:00, run_after=2024-05-05 00:00:00+00:00
[2024-05-05T01:45:10.565+0000] {processor.py:183} INFO - Processing /home/airflow/.local/lib/python3.12/site-packages/airflow/example_dags/example_branch_operator.py took 2.835 seconds
[2024-05-05T02:03:38.843+0000] {processor.py:161} INFO - Started process (PID=8105) to work on /home/airflow/.local/lib/python3.12/site-packages/airflow/example_dags/example_branch_operator.py
[2024-05-05T02:03:38.886+0000] {processor.py:830} INFO - Processing file /home/airflow/.local/lib/python3.12/site-packages/airflow/example_dags/example_branch_operator.py for tasks to queue
[2024-05-05T02:03:38.947+0000] {logging_mixin.py:188} INFO - [2024-05-05T02:03:38.936+0000] {dagbag.py:540} INFO - Filling up the DagBag from /home/airflow/.local/lib/python3.12/site-packages/airflow/example_dags/example_branch_operator.py
[2024-05-05T02:03:39.662+0000] {processor.py:840} INFO - DAG(s) 'example_branch_operator' retrieved from /home/airflow/.local/lib/python3.12/site-packages/airflow/example_dags/example_branch_operator.py
[2024-05-05T02:03:40.655+0000] {logging_mixin.py:188} INFO - [2024-05-05T02:03:40.648+0000] {dag.py:3096} INFO - Sync 1 DAGs
[2024-05-05T02:03:41.560+0000] {logging_mixin.py:188} INFO - [2024-05-05T02:03:41.551+0000] {dag.py:3954} INFO - Setting next_dagrun for example_branch_operator to 2024-05-04 00:00:00+00:00, run_after=2024-05-05 00:00:00+00:00
[2024-05-05T02:03:42.547+0000] {processor.py:183} INFO - Processing /home/airflow/.local/lib/python3.12/site-packages/airflow/example_dags/example_branch_operator.py took 3.899 seconds
[2024-05-05T02:04:53.288+0000] {processor.py:161} INFO - Started process (PID=8181) to work on /home/airflow/.local/lib/python3.12/site-packages/airflow/example_dags/example_branch_operator.py
[2024-05-05T02:04:53.291+0000] {processor.py:830} INFO - Processing file /home/airflow/.local/lib/python3.12/site-packages/airflow/example_dags/example_branch_operator.py for tasks to queue
[2024-05-05T02:04:53.295+0000] {logging_mixin.py:188} INFO - [2024-05-05T02:04:53.293+0000] {dagbag.py:540} INFO - Filling up the DagBag from /home/airflow/.local/lib/python3.12/site-packages/airflow/example_dags/example_branch_operator.py
[2024-05-05T02:04:53.339+0000] {processor.py:840} INFO - DAG(s) 'example_branch_operator' retrieved from /home/airflow/.local/lib/python3.12/site-packages/airflow/example_dags/example_branch_operator.py
[2024-05-05T02:04:53.461+0000] {logging_mixin.py:188} INFO - [2024-05-05T02:04:53.460+0000] {dag.py:3096} INFO - Sync 1 DAGs
[2024-05-05T02:04:53.530+0000] {logging_mixin.py:188} INFO - [2024-05-05T02:04:53.530+0000] {dag.py:3954} INFO - Setting next_dagrun for example_branch_operator to 2024-05-04 00:00:00+00:00, run_after=2024-05-05 00:00:00+00:00
[2024-05-05T02:04:53.592+0000] {processor.py:183} INFO - Processing /home/airflow/.local/lib/python3.12/site-packages/airflow/example_dags/example_branch_operator.py took 0.324 seconds
[2024-05-05T03:15:27.526+0000] {processor.py:161} INFO - Started process (PID=8259) to work on /home/airflow/.local/lib/python3.12/site-packages/airflow/example_dags/example_branch_operator.py
[2024-05-05T03:15:27.534+0000] {processor.py:830} INFO - Processing file /home/airflow/.local/lib/python3.12/site-packages/airflow/example_dags/example_branch_operator.py for tasks to queue
[2024-05-05T03:15:27.543+0000] {logging_mixin.py:188} INFO - [2024-05-05T03:15:27.542+0000] {dagbag.py:540} INFO - Filling up the DagBag from /home/airflow/.local/lib/python3.12/site-packages/airflow/example_dags/example_branch_operator.py
[2024-05-05T03:15:27.577+0000] {processor.py:840} INFO - DAG(s) 'example_branch_operator' retrieved from /home/airflow/.local/lib/python3.12/site-packages/airflow/example_dags/example_branch_operator.py
[2024-05-05T03:15:27.630+0000] {logging_mixin.py:188} INFO - [2024-05-05T03:15:27.630+0000] {dag.py:3096} INFO - Sync 1 DAGs
[2024-05-05T03:15:27.676+0000] {logging_mixin.py:188} INFO - [2024-05-05T03:15:27.676+0000] {dag.py:3954} INFO - Setting next_dagrun for example_branch_operator to 2024-05-04 00:00:00+00:00, run_after=2024-05-05 00:00:00+00:00
[2024-05-05T03:15:27.716+0000] {processor.py:183} INFO - Processing /home/airflow/.local/lib/python3.12/site-packages/airflow/example_dags/example_branch_operator.py took 0.212 seconds
[2024-05-05T04:00:08.685+0000] {processor.py:161} INFO - Started process (PID=8347) to work on /home/airflow/.local/lib/python3.12/site-packages/airflow/example_dags/example_branch_operator.py
[2024-05-05T04:00:08.689+0000] {processor.py:830} INFO - Processing file /home/airflow/.local/lib/python3.12/site-packages/airflow/example_dags/example_branch_operator.py for tasks to queue
[2024-05-05T04:00:08.693+0000] {logging_mixin.py:188} INFO - [2024-05-05T04:00:08.691+0000] {dagbag.py:540} INFO - Filling up the DagBag from /home/airflow/.local/lib/python3.12/site-packages/airflow/example_dags/example_branch_operator.py
[2024-05-05T04:00:08.734+0000] {processor.py:840} INFO - DAG(s) 'example_branch_operator' retrieved from /home/airflow/.local/lib/python3.12/site-packages/airflow/example_dags/example_branch_operator.py
[2024-05-05T04:00:08.858+0000] {logging_mixin.py:188} INFO - [2024-05-05T04:00:08.857+0000] {dag.py:3096} INFO - Sync 1 DAGs
[2024-05-05T04:00:08.973+0000] {logging_mixin.py:188} INFO - [2024-05-05T04:00:08.973+0000] {dag.py:3954} INFO - Setting next_dagrun for example_branch_operator to 2024-05-04 00:00:00+00:00, run_after=2024-05-05 00:00:00+00:00
[2024-05-05T04:00:09.050+0000] {processor.py:183} INFO - Processing /home/airflow/.local/lib/python3.12/site-packages/airflow/example_dags/example_branch_operator.py took 0.385 seconds
[2024-05-05T04:01:05.059+0000] {processor.py:161} INFO - Started process (PID=8405) to work on /home/airflow/.local/lib/python3.12/site-packages/airflow/example_dags/example_branch_operator.py
[2024-05-05T04:01:05.090+0000] {processor.py:830} INFO - Processing file /home/airflow/.local/lib/python3.12/site-packages/airflow/example_dags/example_branch_operator.py for tasks to queue
[2024-05-05T04:01:05.113+0000] {logging_mixin.py:188} INFO - [2024-05-05T04:01:05.100+0000] {dagbag.py:540} INFO - Filling up the DagBag from /home/airflow/.local/lib/python3.12/site-packages/airflow/example_dags/example_branch_operator.py
[2024-05-05T04:01:06.436+0000] {processor.py:840} INFO - DAG(s) 'example_branch_operator' retrieved from /home/airflow/.local/lib/python3.12/site-packages/airflow/example_dags/example_branch_operator.py
[2024-05-05T04:01:07.395+0000] {logging_mixin.py:188} INFO - [2024-05-05T04:01:07.381+0000] {dag.py:3096} INFO - Sync 1 DAGs
[2024-05-05T04:01:08.055+0000] {logging_mixin.py:188} INFO - [2024-05-05T04:01:08.054+0000] {dag.py:3954} INFO - Setting next_dagrun for example_branch_operator to 2024-05-04 00:00:00+00:00, run_after=2024-05-05 00:00:00+00:00
[2024-05-05T04:01:08.449+0000] {processor.py:183} INFO - Processing /home/airflow/.local/lib/python3.12/site-packages/airflow/example_dags/example_branch_operator.py took 3.731 seconds
[2024-05-05T04:02:01.963+0000] {processor.py:161} INFO - Started process (PID=8483) to work on /home/airflow/.local/lib/python3.12/site-packages/airflow/example_dags/example_branch_operator.py
[2024-05-05T04:02:01.969+0000] {processor.py:830} INFO - Processing file /home/airflow/.local/lib/python3.12/site-packages/airflow/example_dags/example_branch_operator.py for tasks to queue
[2024-05-05T04:02:01.982+0000] {logging_mixin.py:188} INFO - [2024-05-05T04:02:01.980+0000] {dagbag.py:540} INFO - Filling up the DagBag from /home/airflow/.local/lib/python3.12/site-packages/airflow/example_dags/example_branch_operator.py
[2024-05-05T04:02:02.103+0000] {processor.py:840} INFO - DAG(s) 'example_branch_operator' retrieved from /home/airflow/.local/lib/python3.12/site-packages/airflow/example_dags/example_branch_operator.py
[2024-05-05T04:02:02.325+0000] {logging_mixin.py:188} INFO - [2024-05-05T04:02:02.324+0000] {dag.py:3096} INFO - Sync 1 DAGs
[2024-05-05T04:02:02.480+0000] {logging_mixin.py:188} INFO - [2024-05-05T04:02:02.479+0000] {dag.py:3954} INFO - Setting next_dagrun for example_branch_operator to 2024-05-04 00:00:00+00:00, run_after=2024-05-05 00:00:00+00:00
[2024-05-05T04:02:02.609+0000] {processor.py:183} INFO - Processing /home/airflow/.local/lib/python3.12/site-packages/airflow/example_dags/example_branch_operator.py took 0.691 seconds
[2024-05-05T04:02:39.893+0000] {processor.py:161} INFO - Started process (PID=8549) to work on /home/airflow/.local/lib/python3.12/site-packages/airflow/example_dags/example_branch_operator.py
[2024-05-05T04:02:39.909+0000] {processor.py:830} INFO - Processing file /home/airflow/.local/lib/python3.12/site-packages/airflow/example_dags/example_branch_operator.py for tasks to queue
[2024-05-05T04:02:39.916+0000] {logging_mixin.py:188} INFO - [2024-05-05T04:02:39.914+0000] {dagbag.py:540} INFO - Filling up the DagBag from /home/airflow/.local/lib/python3.12/site-packages/airflow/example_dags/example_branch_operator.py
[2024-05-05T04:02:40.045+0000] {processor.py:840} INFO - DAG(s) 'example_branch_operator' retrieved from /home/airflow/.local/lib/python3.12/site-packages/airflow/example_dags/example_branch_operator.py
[2024-05-05T04:02:40.316+0000] {logging_mixin.py:188} INFO - [2024-05-05T04:02:40.315+0000] {dag.py:3096} INFO - Sync 1 DAGs
[2024-05-05T04:02:40.481+0000] {logging_mixin.py:188} INFO - [2024-05-05T04:02:40.480+0000] {dag.py:3954} INFO - Setting next_dagrun for example_branch_operator to 2024-05-04 00:00:00+00:00, run_after=2024-05-05 00:00:00+00:00
[2024-05-05T04:02:40.697+0000] {processor.py:183} INFO - Processing /home/airflow/.local/lib/python3.12/site-packages/airflow/example_dags/example_branch_operator.py took 0.834 seconds
[2024-05-05T04:03:19.339+0000] {processor.py:161} INFO - Started process (PID=8610) to work on /home/airflow/.local/lib/python3.12/site-packages/airflow/example_dags/example_branch_operator.py
[2024-05-05T04:03:19.354+0000] {processor.py:830} INFO - Processing file /home/airflow/.local/lib/python3.12/site-packages/airflow/example_dags/example_branch_operator.py for tasks to queue
[2024-05-05T04:03:19.376+0000] {logging_mixin.py:188} INFO - [2024-05-05T04:03:19.374+0000] {dagbag.py:540} INFO - Filling up the DagBag from /home/airflow/.local/lib/python3.12/site-packages/airflow/example_dags/example_branch_operator.py
[2024-05-05T04:03:19.500+0000] {processor.py:840} INFO - DAG(s) 'example_branch_operator' retrieved from /home/airflow/.local/lib/python3.12/site-packages/airflow/example_dags/example_branch_operator.py
[2024-05-05T04:03:19.666+0000] {logging_mixin.py:188} INFO - [2024-05-05T04:03:19.664+0000] {dag.py:3096} INFO - Sync 1 DAGs
[2024-05-05T04:03:19.828+0000] {logging_mixin.py:188} INFO - [2024-05-05T04:03:19.827+0000] {dag.py:3954} INFO - Setting next_dagrun for example_branch_operator to 2024-05-04 00:00:00+00:00, run_after=2024-05-05 00:00:00+00:00
[2024-05-05T04:03:19.928+0000] {processor.py:183} INFO - Processing /home/airflow/.local/lib/python3.12/site-packages/airflow/example_dags/example_branch_operator.py took 0.644 seconds
[2024-05-05T04:04:07.158+0000] {processor.py:161} INFO - Started process (PID=8684) to work on /home/airflow/.local/lib/python3.12/site-packages/airflow/example_dags/example_branch_operator.py
[2024-05-05T04:04:07.170+0000] {processor.py:830} INFO - Processing file /home/airflow/.local/lib/python3.12/site-packages/airflow/example_dags/example_branch_operator.py for tasks to queue
[2024-05-05T04:04:07.186+0000] {logging_mixin.py:188} INFO - [2024-05-05T04:04:07.185+0000] {dagbag.py:540} INFO - Filling up the DagBag from /home/airflow/.local/lib/python3.12/site-packages/airflow/example_dags/example_branch_operator.py
[2024-05-05T04:04:07.454+0000] {processor.py:840} INFO - DAG(s) 'example_branch_operator' retrieved from /home/airflow/.local/lib/python3.12/site-packages/airflow/example_dags/example_branch_operator.py
[2024-05-05T04:04:07.752+0000] {logging_mixin.py:188} INFO - [2024-05-05T04:04:07.751+0000] {dag.py:3096} INFO - Sync 1 DAGs
[2024-05-05T04:04:07.993+0000] {logging_mixin.py:188} INFO - [2024-05-05T04:04:07.984+0000] {dag.py:3954} INFO - Setting next_dagrun for example_branch_operator to 2024-05-04 00:00:00+00:00, run_after=2024-05-05 00:00:00+00:00
[2024-05-05T04:04:08.170+0000] {processor.py:183} INFO - Processing /home/airflow/.local/lib/python3.12/site-packages/airflow/example_dags/example_branch_operator.py took 1.179 seconds
[2024-05-05T04:04:49.490+0000] {processor.py:161} INFO - Started process (PID=8750) to work on /home/airflow/.local/lib/python3.12/site-packages/airflow/example_dags/example_branch_operator.py
[2024-05-05T04:04:49.508+0000] {processor.py:830} INFO - Processing file /home/airflow/.local/lib/python3.12/site-packages/airflow/example_dags/example_branch_operator.py for tasks to queue
[2024-05-05T04:04:49.522+0000] {logging_mixin.py:188} INFO - [2024-05-05T04:04:49.515+0000] {dagbag.py:540} INFO - Filling up the DagBag from /home/airflow/.local/lib/python3.12/site-packages/airflow/example_dags/example_branch_operator.py
[2024-05-05T04:04:49.910+0000] {processor.py:840} INFO - DAG(s) 'example_branch_operator' retrieved from /home/airflow/.local/lib/python3.12/site-packages/airflow/example_dags/example_branch_operator.py
[2024-05-05T04:04:50.348+0000] {logging_mixin.py:188} INFO - [2024-05-05T04:04:50.347+0000] {dag.py:3096} INFO - Sync 1 DAGs
[2024-05-05T04:04:50.987+0000] {logging_mixin.py:188} INFO - [2024-05-05T04:04:50.985+0000] {dag.py:3954} INFO - Setting next_dagrun for example_branch_operator to 2024-05-04 00:00:00+00:00, run_after=2024-05-05 00:00:00+00:00
[2024-05-05T04:04:51.344+0000] {processor.py:183} INFO - Processing /home/airflow/.local/lib/python3.12/site-packages/airflow/example_dags/example_branch_operator.py took 1.946 seconds
[2024-05-05T04:05:34.354+0000] {processor.py:161} INFO - Started process (PID=8809) to work on /home/airflow/.local/lib/python3.12/site-packages/airflow/example_dags/example_branch_operator.py
[2024-05-05T04:05:34.390+0000] {processor.py:830} INFO - Processing file /home/airflow/.local/lib/python3.12/site-packages/airflow/example_dags/example_branch_operator.py for tasks to queue
[2024-05-05T04:05:34.417+0000] {logging_mixin.py:188} INFO - [2024-05-05T04:05:34.415+0000] {dagbag.py:540} INFO - Filling up the DagBag from /home/airflow/.local/lib/python3.12/site-packages/airflow/example_dags/example_branch_operator.py
[2024-05-05T04:05:34.815+0000] {processor.py:840} INFO - DAG(s) 'example_branch_operator' retrieved from /home/airflow/.local/lib/python3.12/site-packages/airflow/example_dags/example_branch_operator.py
[2024-05-05T04:05:35.334+0000] {logging_mixin.py:188} INFO - [2024-05-05T04:05:35.322+0000] {dag.py:3096} INFO - Sync 1 DAGs
[2024-05-05T04:05:35.822+0000] {logging_mixin.py:188} INFO - [2024-05-05T04:05:35.821+0000] {dag.py:3954} INFO - Setting next_dagrun for example_branch_operator to 2024-05-04 00:00:00+00:00, run_after=2024-05-05 00:00:00+00:00
[2024-05-05T04:05:36.145+0000] {processor.py:183} INFO - Processing /home/airflow/.local/lib/python3.12/site-packages/airflow/example_dags/example_branch_operator.py took 1.919 seconds
[2024-05-05T04:06:55.785+0000] {processor.py:161} INFO - Started process (PID=8879) to work on /home/airflow/.local/lib/python3.12/site-packages/airflow/example_dags/example_branch_operator.py
[2024-05-05T04:06:55.837+0000] {processor.py:830} INFO - Processing file /home/airflow/.local/lib/python3.12/site-packages/airflow/example_dags/example_branch_operator.py for tasks to queue
[2024-05-05T04:06:55.876+0000] {logging_mixin.py:188} INFO - [2024-05-05T04:06:55.859+0000] {dagbag.py:540} INFO - Filling up the DagBag from /home/airflow/.local/lib/python3.12/site-packages/airflow/example_dags/example_branch_operator.py
[2024-05-05T04:06:56.503+0000] {processor.py:840} INFO - DAG(s) 'example_branch_operator' retrieved from /home/airflow/.local/lib/python3.12/site-packages/airflow/example_dags/example_branch_operator.py
[2024-05-05T04:06:57.884+0000] {logging_mixin.py:188} INFO - [2024-05-05T04:06:57.859+0000] {dag.py:3096} INFO - Sync 1 DAGs
[2024-05-05T04:06:58.728+0000] {logging_mixin.py:188} INFO - [2024-05-05T04:06:58.727+0000] {dag.py:3954} INFO - Setting next_dagrun for example_branch_operator to 2024-05-04 00:00:00+00:00, run_after=2024-05-05 00:00:00+00:00
[2024-05-05T04:06:59.224+0000] {processor.py:183} INFO - Processing /home/airflow/.local/lib/python3.12/site-packages/airflow/example_dags/example_branch_operator.py took 3.726 seconds
[2024-05-05T04:09:21.423+0000] {processor.py:161} INFO - Started process (PID=8971) to work on /home/airflow/.local/lib/python3.12/site-packages/airflow/example_dags/example_branch_operator.py
[2024-05-05T04:09:21.540+0000] {processor.py:830} INFO - Processing file /home/airflow/.local/lib/python3.12/site-packages/airflow/example_dags/example_branch_operator.py for tasks to queue
[2024-05-05T04:09:21.620+0000] {logging_mixin.py:188} INFO - [2024-05-05T04:09:21.605+0000] {dagbag.py:540} INFO - Filling up the DagBag from /home/airflow/.local/lib/python3.12/site-packages/airflow/example_dags/example_branch_operator.py
[2024-05-05T04:09:22.712+0000] {processor.py:840} INFO - DAG(s) 'example_branch_operator' retrieved from /home/airflow/.local/lib/python3.12/site-packages/airflow/example_dags/example_branch_operator.py
[2024-05-05T04:09:23.591+0000] {logging_mixin.py:188} INFO - [2024-05-05T04:09:23.589+0000] {dag.py:3096} INFO - Sync 1 DAGs
[2024-05-05T04:09:24.587+0000] {logging_mixin.py:188} INFO - [2024-05-05T04:09:24.583+0000] {dag.py:3954} INFO - Setting next_dagrun for example_branch_operator to 2024-05-04 00:00:00+00:00, run_after=2024-05-05 00:00:00+00:00
[2024-05-05T04:09:25.100+0000] {processor.py:183} INFO - Processing /home/airflow/.local/lib/python3.12/site-packages/airflow/example_dags/example_branch_operator.py took 4.207 seconds
[2024-05-05T04:11:51.015+0000] {processor.py:161} INFO - Started process (PID=9071) to work on /home/airflow/.local/lib/python3.12/site-packages/airflow/example_dags/example_branch_operator.py
[2024-05-05T04:11:51.046+0000] {processor.py:830} INFO - Processing file /home/airflow/.local/lib/python3.12/site-packages/airflow/example_dags/example_branch_operator.py for tasks to queue
[2024-05-05T04:11:51.075+0000] {logging_mixin.py:188} INFO - [2024-05-05T04:11:51.062+0000] {dagbag.py:540} INFO - Filling up the DagBag from /home/airflow/.local/lib/python3.12/site-packages/airflow/example_dags/example_branch_operator.py
[2024-05-05T04:11:51.814+0000] {processor.py:840} INFO - DAG(s) 'example_branch_operator' retrieved from /home/airflow/.local/lib/python3.12/site-packages/airflow/example_dags/example_branch_operator.py
[2024-05-05T04:11:52.662+0000] {logging_mixin.py:188} INFO - [2024-05-05T04:11:52.652+0000] {dag.py:3096} INFO - Sync 1 DAGs
[2024-05-05T04:11:53.734+0000] {logging_mixin.py:188} INFO - [2024-05-05T04:11:53.732+0000] {dag.py:3954} INFO - Setting next_dagrun for example_branch_operator to 2024-05-04 00:00:00+00:00, run_after=2024-05-05 00:00:00+00:00
[2024-05-05T04:11:54.419+0000] {processor.py:183} INFO - Processing /home/airflow/.local/lib/python3.12/site-packages/airflow/example_dags/example_branch_operator.py took 3.690 seconds
[2024-05-05T04:14:25.564+0000] {processor.py:161} INFO - Started process (PID=9175) to work on /home/airflow/.local/lib/python3.12/site-packages/airflow/example_dags/example_branch_operator.py
[2024-05-05T04:14:25.622+0000] {processor.py:830} INFO - Processing file /home/airflow/.local/lib/python3.12/site-packages/airflow/example_dags/example_branch_operator.py for tasks to queue
[2024-05-05T04:14:25.675+0000] {logging_mixin.py:188} INFO - [2024-05-05T04:14:25.658+0000] {dagbag.py:540} INFO - Filling up the DagBag from /home/airflow/.local/lib/python3.12/site-packages/airflow/example_dags/example_branch_operator.py
[2024-05-05T04:14:26.326+0000] {processor.py:840} INFO - DAG(s) 'example_branch_operator' retrieved from /home/airflow/.local/lib/python3.12/site-packages/airflow/example_dags/example_branch_operator.py
[2024-05-05T04:14:27.308+0000] {logging_mixin.py:188} INFO - [2024-05-05T04:14:27.295+0000] {dag.py:3096} INFO - Sync 1 DAGs
[2024-05-05T04:14:28.215+0000] {logging_mixin.py:188} INFO - [2024-05-05T04:14:28.196+0000] {dag.py:3954} INFO - Setting next_dagrun for example_branch_operator to 2024-05-04 00:00:00+00:00, run_after=2024-05-05 00:00:00+00:00
[2024-05-05T04:14:28.675+0000] {processor.py:183} INFO - Processing /home/airflow/.local/lib/python3.12/site-packages/airflow/example_dags/example_branch_operator.py took 3.707 seconds
[2024-05-05T04:16:55.238+0000] {processor.py:161} INFO - Started process (PID=9270) to work on /home/airflow/.local/lib/python3.12/site-packages/airflow/example_dags/example_branch_operator.py
[2024-05-05T04:16:55.330+0000] {processor.py:830} INFO - Processing file /home/airflow/.local/lib/python3.12/site-packages/airflow/example_dags/example_branch_operator.py for tasks to queue
[2024-05-05T04:16:55.408+0000] {logging_mixin.py:188} INFO - [2024-05-05T04:16:55.361+0000] {dagbag.py:540} INFO - Filling up the DagBag from /home/airflow/.local/lib/python3.12/site-packages/airflow/example_dags/example_branch_operator.py
[2024-05-05T04:16:56.078+0000] {processor.py:840} INFO - DAG(s) 'example_branch_operator' retrieved from /home/airflow/.local/lib/python3.12/site-packages/airflow/example_dags/example_branch_operator.py
[2024-05-05T04:16:57.900+0000] {logging_mixin.py:188} INFO - [2024-05-05T04:16:57.883+0000] {dag.py:3096} INFO - Sync 1 DAGs
[2024-05-05T04:16:59.196+0000] {logging_mixin.py:188} INFO - [2024-05-05T04:16:59.183+0000] {dag.py:3954} INFO - Setting next_dagrun for example_branch_operator to 2024-05-04 00:00:00+00:00, run_after=2024-05-05 00:00:00+00:00
[2024-05-05T04:16:59.694+0000] {processor.py:183} INFO - Processing /home/airflow/.local/lib/python3.12/site-packages/airflow/example_dags/example_branch_operator.py took 4.775 seconds
[2024-05-05T04:19:23.990+0000] {processor.py:161} INFO - Started process (PID=9373) to work on /home/airflow/.local/lib/python3.12/site-packages/airflow/example_dags/example_branch_operator.py
[2024-05-05T04:19:24.091+0000] {processor.py:830} INFO - Processing file /home/airflow/.local/lib/python3.12/site-packages/airflow/example_dags/example_branch_operator.py for tasks to queue
[2024-05-05T04:19:24.213+0000] {logging_mixin.py:188} INFO - [2024-05-05T04:19:24.129+0000] {dagbag.py:540} INFO - Filling up the DagBag from /home/airflow/.local/lib/python3.12/site-packages/airflow/example_dags/example_branch_operator.py
[2024-05-05T04:19:25.216+0000] {processor.py:840} INFO - DAG(s) 'example_branch_operator' retrieved from /home/airflow/.local/lib/python3.12/site-packages/airflow/example_dags/example_branch_operator.py
[2024-05-05T04:19:26.058+0000] {logging_mixin.py:188} INFO - [2024-05-05T04:19:26.048+0000] {dag.py:3096} INFO - Sync 1 DAGs
[2024-05-05T04:19:26.715+0000] {logging_mixin.py:188} INFO - [2024-05-05T04:19:26.714+0000] {dag.py:3954} INFO - Setting next_dagrun for example_branch_operator to 2024-05-04 00:00:00+00:00, run_after=2024-05-05 00:00:00+00:00
[2024-05-05T04:19:27.311+0000] {processor.py:183} INFO - Processing /home/airflow/.local/lib/python3.12/site-packages/airflow/example_dags/example_branch_operator.py took 3.636 seconds
[2024-05-05T04:21:52.633+0000] {processor.py:161} INFO - Started process (PID=9466) to work on /home/airflow/.local/lib/python3.12/site-packages/airflow/example_dags/example_branch_operator.py
[2024-05-05T04:21:52.674+0000] {processor.py:830} INFO - Processing file /home/airflow/.local/lib/python3.12/site-packages/airflow/example_dags/example_branch_operator.py for tasks to queue
[2024-05-05T04:21:52.685+0000] {logging_mixin.py:188} INFO - [2024-05-05T04:21:52.682+0000] {dagbag.py:540} INFO - Filling up the DagBag from /home/airflow/.local/lib/python3.12/site-packages/airflow/example_dags/example_branch_operator.py
[2024-05-05T04:21:53.395+0000] {processor.py:840} INFO - DAG(s) 'example_branch_operator' retrieved from /home/airflow/.local/lib/python3.12/site-packages/airflow/example_dags/example_branch_operator.py
[2024-05-05T04:21:54.295+0000] {logging_mixin.py:188} INFO - [2024-05-05T04:21:54.293+0000] {dag.py:3096} INFO - Sync 1 DAGs
[2024-05-05T04:21:55.056+0000] {logging_mixin.py:188} INFO - [2024-05-05T04:21:55.055+0000] {dag.py:3954} INFO - Setting next_dagrun for example_branch_operator to 2024-05-04 00:00:00+00:00, run_after=2024-05-05 00:00:00+00:00
[2024-05-05T04:21:55.349+0000] {processor.py:183} INFO - Processing /home/airflow/.local/lib/python3.12/site-packages/airflow/example_dags/example_branch_operator.py took 3.285 seconds
[2024-05-05T04:24:30.012+0000] {processor.py:161} INFO - Started process (PID=9571) to work on /home/airflow/.local/lib/python3.12/site-packages/airflow/example_dags/example_branch_operator.py
[2024-05-05T04:24:30.065+0000] {processor.py:830} INFO - Processing file /home/airflow/.local/lib/python3.12/site-packages/airflow/example_dags/example_branch_operator.py for tasks to queue
[2024-05-05T04:24:30.125+0000] {logging_mixin.py:188} INFO - [2024-05-05T04:24:30.098+0000] {dagbag.py:540} INFO - Filling up the DagBag from /home/airflow/.local/lib/python3.12/site-packages/airflow/example_dags/example_branch_operator.py
[2024-05-05T04:24:31.148+0000] {processor.py:840} INFO - DAG(s) 'example_branch_operator' retrieved from /home/airflow/.local/lib/python3.12/site-packages/airflow/example_dags/example_branch_operator.py
[2024-05-05T04:24:32.109+0000] {logging_mixin.py:188} INFO - [2024-05-05T04:24:32.107+0000] {dag.py:3096} INFO - Sync 1 DAGs
[2024-05-05T04:24:33.064+0000] {logging_mixin.py:188} INFO - [2024-05-05T04:24:33.062+0000] {dag.py:3954} INFO - Setting next_dagrun for example_branch_operator to 2024-05-04 00:00:00+00:00, run_after=2024-05-05 00:00:00+00:00
[2024-05-05T04:24:33.781+0000] {processor.py:183} INFO - Processing /home/airflow/.local/lib/python3.12/site-packages/airflow/example_dags/example_branch_operator.py took 3.973 seconds
[2024-05-05T04:27:09.438+0000] {processor.py:161} INFO - Started process (PID=9675) to work on /home/airflow/.local/lib/python3.12/site-packages/airflow/example_dags/example_branch_operator.py
[2024-05-05T04:27:09.456+0000] {processor.py:830} INFO - Processing file /home/airflow/.local/lib/python3.12/site-packages/airflow/example_dags/example_branch_operator.py for tasks to queue
[2024-05-05T04:27:09.479+0000] {logging_mixin.py:188} INFO - [2024-05-05T04:27:09.476+0000] {dagbag.py:540} INFO - Filling up the DagBag from /home/airflow/.local/lib/python3.12/site-packages/airflow/example_dags/example_branch_operator.py
[2024-05-05T04:27:10.706+0000] {processor.py:840} INFO - DAG(s) 'example_branch_operator' retrieved from /home/airflow/.local/lib/python3.12/site-packages/airflow/example_dags/example_branch_operator.py
[2024-05-05T04:27:11.473+0000] {logging_mixin.py:188} INFO - [2024-05-05T04:27:11.468+0000] {dag.py:3096} INFO - Sync 1 DAGs
[2024-05-05T04:27:12.300+0000] {logging_mixin.py:188} INFO - [2024-05-05T04:27:12.287+0000] {dag.py:3954} INFO - Setting next_dagrun for example_branch_operator to 2024-05-04 00:00:00+00:00, run_after=2024-05-05 00:00:00+00:00
[2024-05-05T04:27:12.713+0000] {processor.py:183} INFO - Processing /home/airflow/.local/lib/python3.12/site-packages/airflow/example_dags/example_branch_operator.py took 3.478 seconds
[2024-05-05T04:29:41.672+0000] {processor.py:161} INFO - Started process (PID=9778) to work on /home/airflow/.local/lib/python3.12/site-packages/airflow/example_dags/example_branch_operator.py
[2024-05-05T04:29:41.732+0000] {processor.py:830} INFO - Processing file /home/airflow/.local/lib/python3.12/site-packages/airflow/example_dags/example_branch_operator.py for tasks to queue
[2024-05-05T04:29:41.782+0000] {logging_mixin.py:188} INFO - [2024-05-05T04:29:41.764+0000] {dagbag.py:540} INFO - Filling up the DagBag from /home/airflow/.local/lib/python3.12/site-packages/airflow/example_dags/example_branch_operator.py
[2024-05-05T04:29:42.600+0000] {processor.py:840} INFO - DAG(s) 'example_branch_operator' retrieved from /home/airflow/.local/lib/python3.12/site-packages/airflow/example_dags/example_branch_operator.py
[2024-05-05T04:29:43.459+0000] {logging_mixin.py:188} INFO - [2024-05-05T04:29:43.441+0000] {dag.py:3096} INFO - Sync 1 DAGs
[2024-05-05T04:29:44.829+0000] {logging_mixin.py:188} INFO - [2024-05-05T04:29:44.828+0000] {dag.py:3954} INFO - Setting next_dagrun for example_branch_operator to 2024-05-04 00:00:00+00:00, run_after=2024-05-05 00:00:00+00:00
[2024-05-05T04:29:45.434+0000] {processor.py:183} INFO - Processing /home/airflow/.local/lib/python3.12/site-packages/airflow/example_dags/example_branch_operator.py took 3.885 seconds
[2024-05-05T04:32:18.057+0000] {processor.py:161} INFO - Started process (PID=9883) to work on /home/airflow/.local/lib/python3.12/site-packages/airflow/example_dags/example_branch_operator.py
[2024-05-05T04:32:18.090+0000] {processor.py:830} INFO - Processing file /home/airflow/.local/lib/python3.12/site-packages/airflow/example_dags/example_branch_operator.py for tasks to queue
[2024-05-05T04:32:18.122+0000] {logging_mixin.py:188} INFO - [2024-05-05T04:32:18.120+0000] {dagbag.py:540} INFO - Filling up the DagBag from /home/airflow/.local/lib/python3.12/site-packages/airflow/example_dags/example_branch_operator.py
[2024-05-05T04:32:18.732+0000] {processor.py:840} INFO - DAG(s) 'example_branch_operator' retrieved from /home/airflow/.local/lib/python3.12/site-packages/airflow/example_dags/example_branch_operator.py
[2024-05-05T04:32:19.684+0000] {logging_mixin.py:188} INFO - [2024-05-05T04:32:19.682+0000] {dag.py:3096} INFO - Sync 1 DAGs
[2024-05-05T04:32:20.733+0000] {logging_mixin.py:188} INFO - [2024-05-05T04:32:20.688+0000] {dag.py:3954} INFO - Setting next_dagrun for example_branch_operator to 2024-05-04 00:00:00+00:00, run_after=2024-05-05 00:00:00+00:00
[2024-05-05T04:32:21.177+0000] {processor.py:183} INFO - Processing /home/airflow/.local/lib/python3.12/site-packages/airflow/example_dags/example_branch_operator.py took 3.225 seconds
[2024-05-05T04:35:25.185+0000] {processor.py:161} INFO - Started process (PID=9986) to work on /home/airflow/.local/lib/python3.12/site-packages/airflow/example_dags/example_branch_operator.py
[2024-05-05T04:35:25.192+0000] {processor.py:830} INFO - Processing file /home/airflow/.local/lib/python3.12/site-packages/airflow/example_dags/example_branch_operator.py for tasks to queue
[2024-05-05T04:35:25.201+0000] {logging_mixin.py:188} INFO - [2024-05-05T04:35:25.200+0000] {dagbag.py:540} INFO - Filling up the DagBag from /home/airflow/.local/lib/python3.12/site-packages/airflow/example_dags/example_branch_operator.py
[2024-05-05T04:35:25.290+0000] {processor.py:840} INFO - DAG(s) 'example_branch_operator' retrieved from /home/airflow/.local/lib/python3.12/site-packages/airflow/example_dags/example_branch_operator.py
[2024-05-05T04:35:25.473+0000] {logging_mixin.py:188} INFO - [2024-05-05T04:35:25.463+0000] {dag.py:3096} INFO - Sync 1 DAGs
[2024-05-05T04:35:25.549+0000] {logging_mixin.py:188} INFO - [2024-05-05T04:35:25.549+0000] {dag.py:3954} INFO - Setting next_dagrun for example_branch_operator to 2024-05-04 00:00:00+00:00, run_after=2024-05-05 00:00:00+00:00
[2024-05-05T04:35:25.632+0000] {processor.py:183} INFO - Processing /home/airflow/.local/lib/python3.12/site-packages/airflow/example_dags/example_branch_operator.py took 0.471 seconds
[2024-05-05T06:48:42.455+0000] {processor.py:161} INFO - Started process (PID=10112) to work on /home/airflow/.local/lib/python3.12/site-packages/airflow/example_dags/example_branch_operator.py
[2024-05-05T06:48:42.472+0000] {processor.py:830} INFO - Processing file /home/airflow/.local/lib/python3.12/site-packages/airflow/example_dags/example_branch_operator.py for tasks to queue
[2024-05-05T06:48:42.485+0000] {logging_mixin.py:188} INFO - [2024-05-05T06:48:42.483+0000] {dagbag.py:540} INFO - Filling up the DagBag from /home/airflow/.local/lib/python3.12/site-packages/airflow/example_dags/example_branch_operator.py
[2024-05-05T06:48:43.788+0000] {processor.py:840} INFO - DAG(s) 'example_branch_operator' retrieved from /home/airflow/.local/lib/python3.12/site-packages/airflow/example_dags/example_branch_operator.py
[2024-05-05T06:48:44.796+0000] {logging_mixin.py:188} INFO - [2024-05-05T06:48:44.795+0000] {dag.py:3096} INFO - Sync 1 DAGs
[2024-05-05T06:48:45.458+0000] {logging_mixin.py:188} INFO - [2024-05-05T06:48:45.457+0000] {dag.py:3954} INFO - Setting next_dagrun for example_branch_operator to 2024-05-04 00:00:00+00:00, run_after=2024-05-05 00:00:00+00:00
[2024-05-05T06:48:46.319+0000] {processor.py:183} INFO - Processing /home/airflow/.local/lib/python3.12/site-packages/airflow/example_dags/example_branch_operator.py took 4.055 seconds
[2024-05-05T14:20:04.448+0000] {processor.py:161} INFO - Started process (PID=10281) to work on /home/airflow/.local/lib/python3.12/site-packages/airflow/example_dags/example_branch_operator.py
[2024-05-05T14:20:04.636+0000] {processor.py:830} INFO - Processing file /home/airflow/.local/lib/python3.12/site-packages/airflow/example_dags/example_branch_operator.py for tasks to queue
[2024-05-05T14:20:04.855+0000] {logging_mixin.py:188} INFO - [2024-05-05T14:20:04.751+0000] {dagbag.py:540} INFO - Filling up the DagBag from /home/airflow/.local/lib/python3.12/site-packages/airflow/example_dags/example_branch_operator.py
[2024-05-05T14:20:06.378+0000] {processor.py:840} INFO - DAG(s) 'example_branch_operator' retrieved from /home/airflow/.local/lib/python3.12/site-packages/airflow/example_dags/example_branch_operator.py
[2024-05-05T14:20:08.055+0000] {logging_mixin.py:188} INFO - [2024-05-05T14:20:08.053+0000] {dag.py:3096} INFO - Sync 1 DAGs
