[2024-05-05T00:00:30.569+0000] {processor.py:161} INFO - Started process (PID=7575) to work on /home/airflow/.local/lib/python3.12/site-packages/airflow/example_dags/example_dynamic_task_mapping.py
[2024-05-05T00:00:30.572+0000] {processor.py:830} INFO - Processing file /home/airflow/.local/lib/python3.12/site-packages/airflow/example_dags/example_dynamic_task_mapping.py for tasks to queue
[2024-05-05T00:00:30.575+0000] {logging_mixin.py:188} INFO - [2024-05-05T00:00:30.574+0000] {dagbag.py:540} INFO - Filling up the DagBag from /home/airflow/.local/lib/python3.12/site-packages/airflow/example_dags/example_dynamic_task_mapping.py
[2024-05-05T00:00:30.588+0000] {processor.py:840} INFO - DAG(s) 'example_dynamic_task_mapping' retrieved from /home/airflow/.local/lib/python3.12/site-packages/airflow/example_dags/example_dynamic_task_mapping.py
[2024-05-05T00:00:30.639+0000] {logging_mixin.py:188} INFO - [2024-05-05T00:00:30.639+0000] {dag.py:3096} INFO - Sync 1 DAGs
[2024-05-05T00:00:30.760+0000] {logging_mixin.py:188} INFO - [2024-05-05T00:00:30.757+0000] {dag.py:3954} INFO - Setting next_dagrun for example_dynamic_task_mapping to 2022-03-04 00:00:00+00:00, run_after=2022-03-05 00:00:00+00:00
[2024-05-05T00:00:30.864+0000] {processor.py:183} INFO - Processing /home/airflow/.local/lib/python3.12/site-packages/airflow/example_dags/example_dynamic_task_mapping.py took 0.306 seconds
[2024-05-05T00:01:03.208+0000] {processor.py:161} INFO - Started process (PID=7635) to work on /home/airflow/.local/lib/python3.12/site-packages/airflow/example_dags/example_dynamic_task_mapping.py
[2024-05-05T00:01:03.210+0000] {processor.py:830} INFO - Processing file /home/airflow/.local/lib/python3.12/site-packages/airflow/example_dags/example_dynamic_task_mapping.py for tasks to queue
[2024-05-05T00:01:03.212+0000] {logging_mixin.py:188} INFO - [2024-05-05T00:01:03.211+0000] {dagbag.py:540} INFO - Filling up the DagBag from /home/airflow/.local/lib/python3.12/site-packages/airflow/example_dags/example_dynamic_task_mapping.py
[2024-05-05T00:01:03.225+0000] {processor.py:840} INFO - DAG(s) 'example_dynamic_task_mapping' retrieved from /home/airflow/.local/lib/python3.12/site-packages/airflow/example_dags/example_dynamic_task_mapping.py
[2024-05-05T00:01:03.311+0000] {logging_mixin.py:188} INFO - [2024-05-05T00:01:03.311+0000] {dag.py:3096} INFO - Sync 1 DAGs
[2024-05-05T00:01:03.384+0000] {logging_mixin.py:188} INFO - [2024-05-05T00:01:03.383+0000] {dag.py:3954} INFO - Setting next_dagrun for example_dynamic_task_mapping to 2022-03-04 00:00:00+00:00, run_after=2022-03-05 00:00:00+00:00
[2024-05-05T00:01:03.465+0000] {processor.py:183} INFO - Processing /home/airflow/.local/lib/python3.12/site-packages/airflow/example_dags/example_dynamic_task_mapping.py took 0.269 seconds
[2024-05-05T00:32:23.229+0000] {processor.py:161} INFO - Started process (PID=7707) to work on /home/airflow/.local/lib/python3.12/site-packages/airflow/example_dags/example_dynamic_task_mapping.py
[2024-05-05T00:32:23.259+0000] {processor.py:830} INFO - Processing file /home/airflow/.local/lib/python3.12/site-packages/airflow/example_dags/example_dynamic_task_mapping.py for tasks to queue
[2024-05-05T00:32:23.284+0000] {logging_mixin.py:188} INFO - [2024-05-05T00:32:23.280+0000] {dagbag.py:540} INFO - Filling up the DagBag from /home/airflow/.local/lib/python3.12/site-packages/airflow/example_dags/example_dynamic_task_mapping.py
[2024-05-05T00:32:23.556+0000] {processor.py:840} INFO - DAG(s) 'example_dynamic_task_mapping' retrieved from /home/airflow/.local/lib/python3.12/site-packages/airflow/example_dags/example_dynamic_task_mapping.py
[2024-05-05T00:32:24.096+0000] {logging_mixin.py:188} INFO - [2024-05-05T00:32:24.089+0000] {dag.py:3096} INFO - Sync 1 DAGs
[2024-05-05T00:32:25.053+0000] {logging_mixin.py:188} INFO - [2024-05-05T00:32:25.044+0000] {dag.py:3954} INFO - Setting next_dagrun for example_dynamic_task_mapping to 2022-03-04 00:00:00+00:00, run_after=2022-03-05 00:00:00+00:00
[2024-05-05T00:32:25.529+0000] {processor.py:183} INFO - Processing /home/airflow/.local/lib/python3.12/site-packages/airflow/example_dags/example_dynamic_task_mapping.py took 2.708 seconds
[2024-05-05T00:50:58.507+0000] {processor.py:161} INFO - Started process (PID=7778) to work on /home/airflow/.local/lib/python3.12/site-packages/airflow/example_dags/example_dynamic_task_mapping.py
[2024-05-05T00:50:58.515+0000] {processor.py:830} INFO - Processing file /home/airflow/.local/lib/python3.12/site-packages/airflow/example_dags/example_dynamic_task_mapping.py for tasks to queue
[2024-05-05T00:50:58.528+0000] {logging_mixin.py:188} INFO - [2024-05-05T00:50:58.522+0000] {dagbag.py:540} INFO - Filling up the DagBag from /home/airflow/.local/lib/python3.12/site-packages/airflow/example_dags/example_dynamic_task_mapping.py
[2024-05-05T00:50:58.577+0000] {processor.py:840} INFO - DAG(s) 'example_dynamic_task_mapping' retrieved from /home/airflow/.local/lib/python3.12/site-packages/airflow/example_dags/example_dynamic_task_mapping.py
[2024-05-05T00:50:58.673+0000] {logging_mixin.py:188} INFO - [2024-05-05T00:50:58.673+0000] {dag.py:3096} INFO - Sync 1 DAGs
[2024-05-05T00:50:58.813+0000] {logging_mixin.py:188} INFO - [2024-05-05T00:50:58.813+0000] {dag.py:3954} INFO - Setting next_dagrun for example_dynamic_task_mapping to 2022-03-04 00:00:00+00:00, run_after=2022-03-05 00:00:00+00:00
[2024-05-05T00:50:58.881+0000] {processor.py:183} INFO - Processing /home/airflow/.local/lib/python3.12/site-packages/airflow/example_dags/example_dynamic_task_mapping.py took 0.423 seconds
[2024-05-05T00:53:09.697+0000] {processor.py:161} INFO - Started process (PID=7867) to work on /home/airflow/.local/lib/python3.12/site-packages/airflow/example_dags/example_dynamic_task_mapping.py
[2024-05-05T00:53:09.740+0000] {processor.py:830} INFO - Processing file /home/airflow/.local/lib/python3.12/site-packages/airflow/example_dags/example_dynamic_task_mapping.py for tasks to queue
[2024-05-05T00:53:09.777+0000] {logging_mixin.py:188} INFO - [2024-05-05T00:53:09.753+0000] {dagbag.py:540} INFO - Filling up the DagBag from /home/airflow/.local/lib/python3.12/site-packages/airflow/example_dags/example_dynamic_task_mapping.py
[2024-05-05T00:53:10.135+0000] {processor.py:840} INFO - DAG(s) 'example_dynamic_task_mapping' retrieved from /home/airflow/.local/lib/python3.12/site-packages/airflow/example_dags/example_dynamic_task_mapping.py
[2024-05-05T00:53:10.572+0000] {logging_mixin.py:188} INFO - [2024-05-05T00:53:10.567+0000] {dag.py:3096} INFO - Sync 1 DAGs
[2024-05-05T00:53:11.734+0000] {logging_mixin.py:188} INFO - [2024-05-05T00:53:11.732+0000] {dag.py:3954} INFO - Setting next_dagrun for example_dynamic_task_mapping to 2022-03-04 00:00:00+00:00, run_after=2022-03-05 00:00:00+00:00
[2024-05-05T00:53:12.406+0000] {processor.py:183} INFO - Processing /home/airflow/.local/lib/python3.12/site-packages/airflow/example_dags/example_dynamic_task_mapping.py took 3.060 seconds
[2024-05-05T01:11:05.941+0000] {processor.py:161} INFO - Started process (PID=7945) to work on /home/airflow/.local/lib/python3.12/site-packages/airflow/example_dags/example_dynamic_task_mapping.py
[2024-05-05T01:11:05.948+0000] {processor.py:830} INFO - Processing file /home/airflow/.local/lib/python3.12/site-packages/airflow/example_dags/example_dynamic_task_mapping.py for tasks to queue
[2024-05-05T01:11:05.956+0000] {logging_mixin.py:188} INFO - [2024-05-05T01:11:05.955+0000] {dagbag.py:540} INFO - Filling up the DagBag from /home/airflow/.local/lib/python3.12/site-packages/airflow/example_dags/example_dynamic_task_mapping.py
[2024-05-05T01:11:06.033+0000] {processor.py:840} INFO - DAG(s) 'example_dynamic_task_mapping' retrieved from /home/airflow/.local/lib/python3.12/site-packages/airflow/example_dags/example_dynamic_task_mapping.py
[2024-05-05T01:11:06.169+0000] {logging_mixin.py:188} INFO - [2024-05-05T01:11:06.168+0000] {dag.py:3096} INFO - Sync 1 DAGs
[2024-05-05T01:11:06.302+0000] {logging_mixin.py:188} INFO - [2024-05-05T01:11:06.302+0000] {dag.py:3954} INFO - Setting next_dagrun for example_dynamic_task_mapping to 2022-03-04 00:00:00+00:00, run_after=2022-03-05 00:00:00+00:00
[2024-05-05T01:11:06.411+0000] {processor.py:183} INFO - Processing /home/airflow/.local/lib/python3.12/site-packages/airflow/example_dags/example_dynamic_task_mapping.py took 0.555 seconds
[2024-05-05T01:45:03.210+0000] {processor.py:161} INFO - Started process (PID=7991) to work on /home/airflow/.local/lib/python3.12/site-packages/airflow/example_dags/example_dynamic_task_mapping.py
[2024-05-05T01:45:03.213+0000] {processor.py:830} INFO - Processing file /home/airflow/.local/lib/python3.12/site-packages/airflow/example_dags/example_dynamic_task_mapping.py for tasks to queue
[2024-05-05T01:45:03.215+0000] {logging_mixin.py:188} INFO - [2024-05-05T01:45:03.215+0000] {dagbag.py:540} INFO - Filling up the DagBag from /home/airflow/.local/lib/python3.12/site-packages/airflow/example_dags/example_dynamic_task_mapping.py
[2024-05-05T01:45:03.258+0000] {processor.py:840} INFO - DAG(s) 'example_dynamic_task_mapping' retrieved from /home/airflow/.local/lib/python3.12/site-packages/airflow/example_dags/example_dynamic_task_mapping.py
[2024-05-05T01:45:03.376+0000] {logging_mixin.py:188} INFO - [2024-05-05T01:45:03.375+0000] {dag.py:3096} INFO - Sync 1 DAGs
[2024-05-05T01:45:03.487+0000] {logging_mixin.py:188} INFO - [2024-05-05T01:45:03.486+0000] {dag.py:3954} INFO - Setting next_dagrun for example_dynamic_task_mapping to 2022-03-04 00:00:00+00:00, run_after=2022-03-05 00:00:00+00:00
[2024-05-05T01:45:03.562+0000] {processor.py:183} INFO - Processing /home/airflow/.local/lib/python3.12/site-packages/airflow/example_dags/example_dynamic_task_mapping.py took 0.402 seconds
[2024-05-05T01:45:59.125+0000] {processor.py:161} INFO - Started process (PID=8055) to work on /home/airflow/.local/lib/python3.12/site-packages/airflow/example_dags/example_dynamic_task_mapping.py
[2024-05-05T01:45:59.128+0000] {processor.py:830} INFO - Processing file /home/airflow/.local/lib/python3.12/site-packages/airflow/example_dags/example_dynamic_task_mapping.py for tasks to queue
[2024-05-05T01:45:59.137+0000] {logging_mixin.py:188} INFO - [2024-05-05T01:45:59.132+0000] {dagbag.py:540} INFO - Filling up the DagBag from /home/airflow/.local/lib/python3.12/site-packages/airflow/example_dags/example_dynamic_task_mapping.py
[2024-05-05T01:45:59.188+0000] {processor.py:840} INFO - DAG(s) 'example_dynamic_task_mapping' retrieved from /home/airflow/.local/lib/python3.12/site-packages/airflow/example_dags/example_dynamic_task_mapping.py
[2024-05-05T01:45:59.258+0000] {logging_mixin.py:188} INFO - [2024-05-05T01:45:59.257+0000] {dag.py:3096} INFO - Sync 1 DAGs
[2024-05-05T01:45:59.405+0000] {logging_mixin.py:188} INFO - [2024-05-05T01:45:59.404+0000] {dag.py:3954} INFO - Setting next_dagrun for example_dynamic_task_mapping to 2022-03-04 00:00:00+00:00, run_after=2022-03-05 00:00:00+00:00
[2024-05-05T01:45:59.479+0000] {processor.py:183} INFO - Processing /home/airflow/.local/lib/python3.12/site-packages/airflow/example_dags/example_dynamic_task_mapping.py took 0.406 seconds
[2024-05-05T02:03:32.820+0000] {processor.py:161} INFO - Started process (PID=8102) to work on /home/airflow/.local/lib/python3.12/site-packages/airflow/example_dags/example_dynamic_task_mapping.py
[2024-05-05T02:03:32.842+0000] {processor.py:830} INFO - Processing file /home/airflow/.local/lib/python3.12/site-packages/airflow/example_dags/example_dynamic_task_mapping.py for tasks to queue
[2024-05-05T02:03:32.879+0000] {logging_mixin.py:188} INFO - [2024-05-05T02:03:32.866+0000] {dagbag.py:540} INFO - Filling up the DagBag from /home/airflow/.local/lib/python3.12/site-packages/airflow/example_dags/example_dynamic_task_mapping.py
[2024-05-05T02:03:33.283+0000] {processor.py:840} INFO - DAG(s) 'example_dynamic_task_mapping' retrieved from /home/airflow/.local/lib/python3.12/site-packages/airflow/example_dags/example_dynamic_task_mapping.py
[2024-05-05T02:03:33.738+0000] {logging_mixin.py:188} INFO - [2024-05-05T02:03:33.724+0000] {dag.py:3096} INFO - Sync 1 DAGs
[2024-05-05T02:03:34.273+0000] {logging_mixin.py:188} INFO - [2024-05-05T02:03:34.262+0000] {dag.py:3954} INFO - Setting next_dagrun for example_dynamic_task_mapping to 2022-03-04 00:00:00+00:00, run_after=2022-03-05 00:00:00+00:00
[2024-05-05T02:03:34.946+0000] {processor.py:183} INFO - Processing /home/airflow/.local/lib/python3.12/site-packages/airflow/example_dags/example_dynamic_task_mapping.py took 2.335 seconds
[2024-05-05T02:04:52.717+0000] {processor.py:161} INFO - Started process (PID=8178) to work on /home/airflow/.local/lib/python3.12/site-packages/airflow/example_dags/example_dynamic_task_mapping.py
[2024-05-05T02:04:52.721+0000] {processor.py:830} INFO - Processing file /home/airflow/.local/lib/python3.12/site-packages/airflow/example_dags/example_dynamic_task_mapping.py for tasks to queue
[2024-05-05T02:04:52.738+0000] {logging_mixin.py:188} INFO - [2024-05-05T02:04:52.732+0000] {dagbag.py:540} INFO - Filling up the DagBag from /home/airflow/.local/lib/python3.12/site-packages/airflow/example_dags/example_dynamic_task_mapping.py
[2024-05-05T02:04:52.771+0000] {processor.py:840} INFO - DAG(s) 'example_dynamic_task_mapping' retrieved from /home/airflow/.local/lib/python3.12/site-packages/airflow/example_dags/example_dynamic_task_mapping.py
[2024-05-05T02:04:52.847+0000] {logging_mixin.py:188} INFO - [2024-05-05T02:04:52.847+0000] {dag.py:3096} INFO - Sync 1 DAGs
[2024-05-05T02:04:52.920+0000] {logging_mixin.py:188} INFO - [2024-05-05T02:04:52.919+0000] {dag.py:3954} INFO - Setting next_dagrun for example_dynamic_task_mapping to 2022-03-04 00:00:00+00:00, run_after=2022-03-05 00:00:00+00:00
[2024-05-05T02:04:52.977+0000] {processor.py:183} INFO - Processing /home/airflow/.local/lib/python3.12/site-packages/airflow/example_dags/example_dynamic_task_mapping.py took 0.306 seconds
[2024-05-05T03:15:12.764+0000] {processor.py:161} INFO - Started process (PID=8242) to work on /home/airflow/.local/lib/python3.12/site-packages/airflow/example_dags/example_dynamic_task_mapping.py
[2024-05-05T03:15:12.786+0000] {processor.py:830} INFO - Processing file /home/airflow/.local/lib/python3.12/site-packages/airflow/example_dags/example_dynamic_task_mapping.py for tasks to queue
[2024-05-05T03:15:12.812+0000] {logging_mixin.py:188} INFO - [2024-05-05T03:15:12.803+0000] {dagbag.py:540} INFO - Filling up the DagBag from /home/airflow/.local/lib/python3.12/site-packages/airflow/example_dags/example_dynamic_task_mapping.py
[2024-05-05T03:15:13.364+0000] {processor.py:840} INFO - DAG(s) 'example_dynamic_task_mapping' retrieved from /home/airflow/.local/lib/python3.12/site-packages/airflow/example_dags/example_dynamic_task_mapping.py
[2024-05-05T03:15:14.364+0000] {logging_mixin.py:188} INFO - [2024-05-05T03:15:14.291+0000] {dag.py:3096} INFO - Sync 1 DAGs
[2024-05-05T03:15:15.332+0000] {logging_mixin.py:188} INFO - [2024-05-05T03:15:15.324+0000] {dag.py:3954} INFO - Setting next_dagrun for example_dynamic_task_mapping to 2022-03-04 00:00:00+00:00, run_after=2022-03-05 00:00:00+00:00
[2024-05-05T03:15:16.045+0000] {processor.py:183} INFO - Processing /home/airflow/.local/lib/python3.12/site-packages/airflow/example_dags/example_dynamic_task_mapping.py took 3.541 seconds
[2024-05-05T04:00:04.666+0000] {processor.py:161} INFO - Started process (PID=8329) to work on /home/airflow/.local/lib/python3.12/site-packages/airflow/example_dags/example_dynamic_task_mapping.py
[2024-05-05T04:00:04.670+0000] {processor.py:830} INFO - Processing file /home/airflow/.local/lib/python3.12/site-packages/airflow/example_dags/example_dynamic_task_mapping.py for tasks to queue
[2024-05-05T04:00:04.672+0000] {logging_mixin.py:188} INFO - [2024-05-05T04:00:04.672+0000] {dagbag.py:540} INFO - Filling up the DagBag from /home/airflow/.local/lib/python3.12/site-packages/airflow/example_dags/example_dynamic_task_mapping.py
[2024-05-05T04:00:04.731+0000] {processor.py:840} INFO - DAG(s) 'example_dynamic_task_mapping' retrieved from /home/airflow/.local/lib/python3.12/site-packages/airflow/example_dags/example_dynamic_task_mapping.py
[2024-05-05T04:00:04.800+0000] {logging_mixin.py:188} INFO - [2024-05-05T04:00:04.799+0000] {dag.py:3096} INFO - Sync 1 DAGs
[2024-05-05T04:00:04.833+0000] {logging_mixin.py:188} INFO - [2024-05-05T04:00:04.832+0000] {dag.py:3954} INFO - Setting next_dagrun for example_dynamic_task_mapping to 2022-03-04 00:00:00+00:00, run_after=2022-03-05 00:00:00+00:00
[2024-05-05T04:00:04.861+0000] {processor.py:183} INFO - Processing /home/airflow/.local/lib/python3.12/site-packages/airflow/example_dags/example_dynamic_task_mapping.py took 0.249 seconds
[2024-05-05T04:00:39.535+0000] {processor.py:161} INFO - Started process (PID=8387) to work on /home/airflow/.local/lib/python3.12/site-packages/airflow/example_dags/example_dynamic_task_mapping.py
[2024-05-05T04:00:39.560+0000] {processor.py:830} INFO - Processing file /home/airflow/.local/lib/python3.12/site-packages/airflow/example_dags/example_dynamic_task_mapping.py for tasks to queue
[2024-05-05T04:00:39.589+0000] {logging_mixin.py:188} INFO - [2024-05-05T04:00:39.581+0000] {dagbag.py:540} INFO - Filling up the DagBag from /home/airflow/.local/lib/python3.12/site-packages/airflow/example_dags/example_dynamic_task_mapping.py
[2024-05-05T04:00:39.815+0000] {processor.py:840} INFO - DAG(s) 'example_dynamic_task_mapping' retrieved from /home/airflow/.local/lib/python3.12/site-packages/airflow/example_dags/example_dynamic_task_mapping.py
[2024-05-05T04:00:40.209+0000] {logging_mixin.py:188} INFO - [2024-05-05T04:00:40.207+0000] {dag.py:3096} INFO - Sync 1 DAGs
[2024-05-05T04:00:41.311+0000] {logging_mixin.py:188} INFO - [2024-05-05T04:00:41.286+0000] {dag.py:3954} INFO - Setting next_dagrun for example_dynamic_task_mapping to 2022-03-04 00:00:00+00:00, run_after=2022-03-05 00:00:00+00:00
[2024-05-05T04:00:41.962+0000] {processor.py:183} INFO - Processing /home/airflow/.local/lib/python3.12/site-packages/airflow/example_dags/example_dynamic_task_mapping.py took 2.575 seconds
[2024-05-05T04:01:37.467+0000] {processor.py:161} INFO - Started process (PID=8453) to work on /home/airflow/.local/lib/python3.12/site-packages/airflow/example_dags/example_dynamic_task_mapping.py
[2024-05-05T04:01:37.482+0000] {processor.py:830} INFO - Processing file /home/airflow/.local/lib/python3.12/site-packages/airflow/example_dags/example_dynamic_task_mapping.py for tasks to queue
[2024-05-05T04:01:37.546+0000] {logging_mixin.py:188} INFO - [2024-05-05T04:01:37.498+0000] {dagbag.py:540} INFO - Filling up the DagBag from /home/airflow/.local/lib/python3.12/site-packages/airflow/example_dags/example_dynamic_task_mapping.py
[2024-05-05T04:01:37.851+0000] {processor.py:840} INFO - DAG(s) 'example_dynamic_task_mapping' retrieved from /home/airflow/.local/lib/python3.12/site-packages/airflow/example_dags/example_dynamic_task_mapping.py
[2024-05-05T04:01:38.154+0000] {logging_mixin.py:188} INFO - [2024-05-05T04:01:38.145+0000] {dag.py:3096} INFO - Sync 1 DAGs
[2024-05-05T04:01:38.492+0000] {logging_mixin.py:188} INFO - [2024-05-05T04:01:38.491+0000] {dag.py:3954} INFO - Setting next_dagrun for example_dynamic_task_mapping to 2022-03-04 00:00:00+00:00, run_after=2022-03-05 00:00:00+00:00
[2024-05-05T04:01:38.697+0000] {processor.py:183} INFO - Processing /home/airflow/.local/lib/python3.12/site-packages/airflow/example_dags/example_dynamic_task_mapping.py took 1.399 seconds
[2024-05-05T04:02:11.684+0000] {processor.py:161} INFO - Started process (PID=8509) to work on /home/airflow/.local/lib/python3.12/site-packages/airflow/example_dags/example_dynamic_task_mapping.py
[2024-05-05T04:02:11.710+0000] {processor.py:830} INFO - Processing file /home/airflow/.local/lib/python3.12/site-packages/airflow/example_dags/example_dynamic_task_mapping.py for tasks to queue
[2024-05-05T04:02:11.726+0000] {logging_mixin.py:188} INFO - [2024-05-05T04:02:11.715+0000] {dagbag.py:540} INFO - Filling up the DagBag from /home/airflow/.local/lib/python3.12/site-packages/airflow/example_dags/example_dynamic_task_mapping.py
[2024-05-05T04:02:11.888+0000] {processor.py:840} INFO - DAG(s) 'example_dynamic_task_mapping' retrieved from /home/airflow/.local/lib/python3.12/site-packages/airflow/example_dags/example_dynamic_task_mapping.py
[2024-05-05T04:02:12.222+0000] {logging_mixin.py:188} INFO - [2024-05-05T04:02:12.221+0000] {dag.py:3096} INFO - Sync 1 DAGs
[2024-05-05T04:02:12.600+0000] {logging_mixin.py:188} INFO - [2024-05-05T04:02:12.599+0000] {dag.py:3954} INFO - Setting next_dagrun for example_dynamic_task_mapping to 2022-03-04 00:00:00+00:00, run_after=2022-03-05 00:00:00+00:00
[2024-05-05T04:02:12.958+0000] {processor.py:183} INFO - Processing /home/airflow/.local/lib/python3.12/site-packages/airflow/example_dags/example_dynamic_task_mapping.py took 1.370 seconds
[2024-05-05T04:02:46.884+0000] {processor.py:161} INFO - Started process (PID=8566) to work on /home/airflow/.local/lib/python3.12/site-packages/airflow/example_dags/example_dynamic_task_mapping.py
[2024-05-05T04:02:46.890+0000] {processor.py:830} INFO - Processing file /home/airflow/.local/lib/python3.12/site-packages/airflow/example_dags/example_dynamic_task_mapping.py for tasks to queue
[2024-05-05T04:02:46.897+0000] {logging_mixin.py:188} INFO - [2024-05-05T04:02:46.896+0000] {dagbag.py:540} INFO - Filling up the DagBag from /home/airflow/.local/lib/python3.12/site-packages/airflow/example_dags/example_dynamic_task_mapping.py
[2024-05-05T04:02:46.937+0000] {processor.py:840} INFO - DAG(s) 'example_dynamic_task_mapping' retrieved from /home/airflow/.local/lib/python3.12/site-packages/airflow/example_dags/example_dynamic_task_mapping.py
[2024-05-05T04:02:47.054+0000] {logging_mixin.py:188} INFO - [2024-05-05T04:02:47.053+0000] {dag.py:3096} INFO - Sync 1 DAGs
[2024-05-05T04:02:47.248+0000] {logging_mixin.py:188} INFO - [2024-05-05T04:02:47.247+0000] {dag.py:3954} INFO - Setting next_dagrun for example_dynamic_task_mapping to 2022-03-04 00:00:00+00:00, run_after=2022-03-05 00:00:00+00:00
[2024-05-05T04:02:47.374+0000] {processor.py:183} INFO - Processing /home/airflow/.local/lib/python3.12/site-packages/airflow/example_dags/example_dynamic_task_mapping.py took 0.523 seconds
[2024-05-05T04:03:24.077+0000] {processor.py:161} INFO - Started process (PID=8623) to work on /home/airflow/.local/lib/python3.12/site-packages/airflow/example_dags/example_dynamic_task_mapping.py
[2024-05-05T04:03:24.084+0000] {processor.py:830} INFO - Processing file /home/airflow/.local/lib/python3.12/site-packages/airflow/example_dags/example_dynamic_task_mapping.py for tasks to queue
[2024-05-05T04:03:24.091+0000] {logging_mixin.py:188} INFO - [2024-05-05T04:03:24.089+0000] {dagbag.py:540} INFO - Filling up the DagBag from /home/airflow/.local/lib/python3.12/site-packages/airflow/example_dags/example_dynamic_task_mapping.py
[2024-05-05T04:03:24.147+0000] {processor.py:840} INFO - DAG(s) 'example_dynamic_task_mapping' retrieved from /home/airflow/.local/lib/python3.12/site-packages/airflow/example_dags/example_dynamic_task_mapping.py
[2024-05-05T04:03:24.260+0000] {logging_mixin.py:188} INFO - [2024-05-05T04:03:24.258+0000] {dag.py:3096} INFO - Sync 1 DAGs
[2024-05-05T04:03:24.435+0000] {logging_mixin.py:188} INFO - [2024-05-05T04:03:24.434+0000] {dag.py:3954} INFO - Setting next_dagrun for example_dynamic_task_mapping to 2022-03-04 00:00:00+00:00, run_after=2022-03-05 00:00:00+00:00
[2024-05-05T04:03:24.696+0000] {processor.py:183} INFO - Processing /home/airflow/.local/lib/python3.12/site-packages/airflow/example_dags/example_dynamic_task_mapping.py took 0.657 seconds
[2024-05-05T04:04:04.113+0000] {processor.py:161} INFO - Started process (PID=8676) to work on /home/airflow/.local/lib/python3.12/site-packages/airflow/example_dags/example_dynamic_task_mapping.py
[2024-05-05T04:04:04.126+0000] {processor.py:830} INFO - Processing file /home/airflow/.local/lib/python3.12/site-packages/airflow/example_dags/example_dynamic_task_mapping.py for tasks to queue
[2024-05-05T04:04:04.145+0000] {logging_mixin.py:188} INFO - [2024-05-05T04:04:04.143+0000] {dagbag.py:540} INFO - Filling up the DagBag from /home/airflow/.local/lib/python3.12/site-packages/airflow/example_dags/example_dynamic_task_mapping.py
[2024-05-05T04:04:04.266+0000] {processor.py:840} INFO - DAG(s) 'example_dynamic_task_mapping' retrieved from /home/airflow/.local/lib/python3.12/site-packages/airflow/example_dags/example_dynamic_task_mapping.py
[2024-05-05T04:04:04.449+0000] {logging_mixin.py:188} INFO - [2024-05-05T04:04:04.448+0000] {dag.py:3096} INFO - Sync 1 DAGs
[2024-05-05T04:04:04.641+0000] {logging_mixin.py:188} INFO - [2024-05-05T04:04:04.640+0000] {dag.py:3954} INFO - Setting next_dagrun for example_dynamic_task_mapping to 2022-03-04 00:00:00+00:00, run_after=2022-03-05 00:00:00+00:00
[2024-05-05T04:04:04.725+0000] {processor.py:183} INFO - Processing /home/airflow/.local/lib/python3.12/site-packages/airflow/example_dags/example_dynamic_task_mapping.py took 0.683 seconds
[2024-05-05T04:04:41.673+0000] {processor.py:161} INFO - Started process (PID=8732) to work on /home/airflow/.local/lib/python3.12/site-packages/airflow/example_dags/example_dynamic_task_mapping.py
[2024-05-05T04:04:41.681+0000] {processor.py:830} INFO - Processing file /home/airflow/.local/lib/python3.12/site-packages/airflow/example_dags/example_dynamic_task_mapping.py for tasks to queue
[2024-05-05T04:04:41.687+0000] {logging_mixin.py:188} INFO - [2024-05-05T04:04:41.685+0000] {dagbag.py:540} INFO - Filling up the DagBag from /home/airflow/.local/lib/python3.12/site-packages/airflow/example_dags/example_dynamic_task_mapping.py
[2024-05-05T04:04:41.741+0000] {processor.py:840} INFO - DAG(s) 'example_dynamic_task_mapping' retrieved from /home/airflow/.local/lib/python3.12/site-packages/airflow/example_dags/example_dynamic_task_mapping.py
[2024-05-05T04:04:41.875+0000] {logging_mixin.py:188} INFO - [2024-05-05T04:04:41.873+0000] {dag.py:3096} INFO - Sync 1 DAGs
[2024-05-05T04:04:42.010+0000] {logging_mixin.py:188} INFO - [2024-05-05T04:04:42.009+0000] {dag.py:3954} INFO - Setting next_dagrun for example_dynamic_task_mapping to 2022-03-04 00:00:00+00:00, run_after=2022-03-05 00:00:00+00:00
[2024-05-05T04:04:42.107+0000] {processor.py:183} INFO - Processing /home/airflow/.local/lib/python3.12/site-packages/airflow/example_dags/example_dynamic_task_mapping.py took 0.477 seconds
[2024-05-05T04:05:25.399+0000] {processor.py:161} INFO - Started process (PID=8796) to work on /home/airflow/.local/lib/python3.12/site-packages/airflow/example_dags/example_dynamic_task_mapping.py
[2024-05-05T04:05:25.411+0000] {processor.py:830} INFO - Processing file /home/airflow/.local/lib/python3.12/site-packages/airflow/example_dags/example_dynamic_task_mapping.py for tasks to queue
[2024-05-05T04:05:25.429+0000] {logging_mixin.py:188} INFO - [2024-05-05T04:05:25.426+0000] {dagbag.py:540} INFO - Filling up the DagBag from /home/airflow/.local/lib/python3.12/site-packages/airflow/example_dags/example_dynamic_task_mapping.py
[2024-05-05T04:05:25.491+0000] {processor.py:840} INFO - DAG(s) 'example_dynamic_task_mapping' retrieved from /home/airflow/.local/lib/python3.12/site-packages/airflow/example_dags/example_dynamic_task_mapping.py
[2024-05-05T04:05:25.627+0000] {logging_mixin.py:188} INFO - [2024-05-05T04:05:25.626+0000] {dag.py:3096} INFO - Sync 1 DAGs
[2024-05-05T04:05:25.792+0000] {logging_mixin.py:188} INFO - [2024-05-05T04:05:25.791+0000] {dag.py:3954} INFO - Setting next_dagrun for example_dynamic_task_mapping to 2022-03-04 00:00:00+00:00, run_after=2022-03-05 00:00:00+00:00
[2024-05-05T04:05:25.970+0000] {processor.py:183} INFO - Processing /home/airflow/.local/lib/python3.12/site-packages/airflow/example_dags/example_dynamic_task_mapping.py took 0.606 seconds
[2024-05-05T04:06:34.628+0000] {processor.py:161} INFO - Started process (PID=8860) to work on /home/airflow/.local/lib/python3.12/site-packages/airflow/example_dags/example_dynamic_task_mapping.py
[2024-05-05T04:06:34.682+0000] {processor.py:830} INFO - Processing file /home/airflow/.local/lib/python3.12/site-packages/airflow/example_dags/example_dynamic_task_mapping.py for tasks to queue
[2024-05-05T04:06:34.750+0000] {logging_mixin.py:188} INFO - [2024-05-05T04:06:34.730+0000] {dagbag.py:540} INFO - Filling up the DagBag from /home/airflow/.local/lib/python3.12/site-packages/airflow/example_dags/example_dynamic_task_mapping.py
[2024-05-05T04:06:35.180+0000] {processor.py:840} INFO - DAG(s) 'example_dynamic_task_mapping' retrieved from /home/airflow/.local/lib/python3.12/site-packages/airflow/example_dags/example_dynamic_task_mapping.py
[2024-05-05T04:06:36.010+0000] {logging_mixin.py:188} INFO - [2024-05-05T04:06:36.007+0000] {dag.py:3096} INFO - Sync 1 DAGs
[2024-05-05T04:06:36.581+0000] {logging_mixin.py:188} INFO - [2024-05-05T04:06:36.579+0000] {dag.py:3954} INFO - Setting next_dagrun for example_dynamic_task_mapping to 2022-03-04 00:00:00+00:00, run_after=2022-03-05 00:00:00+00:00
[2024-05-05T04:06:37.003+0000] {processor.py:183} INFO - Processing /home/airflow/.local/lib/python3.12/site-packages/airflow/example_dags/example_dynamic_task_mapping.py took 2.806 seconds
[2024-05-05T04:08:54.318+0000] {processor.py:161} INFO - Started process (PID=8952) to work on /home/airflow/.local/lib/python3.12/site-packages/airflow/example_dags/example_dynamic_task_mapping.py
[2024-05-05T04:08:54.357+0000] {processor.py:830} INFO - Processing file /home/airflow/.local/lib/python3.12/site-packages/airflow/example_dags/example_dynamic_task_mapping.py for tasks to queue
[2024-05-05T04:08:54.410+0000] {logging_mixin.py:188} INFO - [2024-05-05T04:08:54.375+0000] {dagbag.py:540} INFO - Filling up the DagBag from /home/airflow/.local/lib/python3.12/site-packages/airflow/example_dags/example_dynamic_task_mapping.py
[2024-05-05T04:08:55.268+0000] {processor.py:840} INFO - DAG(s) 'example_dynamic_task_mapping' retrieved from /home/airflow/.local/lib/python3.12/site-packages/airflow/example_dags/example_dynamic_task_mapping.py
[2024-05-05T04:08:55.997+0000] {logging_mixin.py:188} INFO - [2024-05-05T04:08:55.996+0000] {dag.py:3096} INFO - Sync 1 DAGs
[2024-05-05T04:08:56.730+0000] {logging_mixin.py:188} INFO - [2024-05-05T04:08:56.716+0000] {dag.py:3954} INFO - Setting next_dagrun for example_dynamic_task_mapping to 2022-03-04 00:00:00+00:00, run_after=2022-03-05 00:00:00+00:00
[2024-05-05T04:08:57.479+0000] {processor.py:183} INFO - Processing /home/airflow/.local/lib/python3.12/site-packages/airflow/example_dags/example_dynamic_task_mapping.py took 3.509 seconds
[2024-05-05T04:10:24.995+0000] {processor.py:161} INFO - Started process (PID=9015) to work on /home/airflow/.local/lib/python3.12/site-packages/airflow/example_dags/example_dynamic_task_mapping.py
[2024-05-05T04:10:25.048+0000] {processor.py:830} INFO - Processing file /home/airflow/.local/lib/python3.12/site-packages/airflow/example_dags/example_dynamic_task_mapping.py for tasks to queue
[2024-05-05T04:10:25.096+0000] {logging_mixin.py:188} INFO - [2024-05-05T04:10:25.079+0000] {dagbag.py:540} INFO - Filling up the DagBag from /home/airflow/.local/lib/python3.12/site-packages/airflow/example_dags/example_dynamic_task_mapping.py
[2024-05-05T04:10:25.341+0000] {processor.py:840} INFO - DAG(s) 'example_dynamic_task_mapping' retrieved from /home/airflow/.local/lib/python3.12/site-packages/airflow/example_dags/example_dynamic_task_mapping.py
[2024-05-05T04:10:25.763+0000] {logging_mixin.py:188} INFO - [2024-05-05T04:10:25.752+0000] {dag.py:3096} INFO - Sync 1 DAGs
[2024-05-05T04:10:26.626+0000] {logging_mixin.py:188} INFO - [2024-05-05T04:10:26.625+0000] {dag.py:3954} INFO - Setting next_dagrun for example_dynamic_task_mapping to 2022-03-04 00:00:00+00:00, run_after=2022-03-05 00:00:00+00:00
[2024-05-05T04:10:27.043+0000] {processor.py:183} INFO - Processing /home/airflow/.local/lib/python3.12/site-packages/airflow/example_dags/example_dynamic_task_mapping.py took 2.308 seconds
[2024-05-05T04:12:52.424+0000] {processor.py:161} INFO - Started process (PID=9114) to work on /home/airflow/.local/lib/python3.12/site-packages/airflow/example_dags/example_dynamic_task_mapping.py
[2024-05-05T04:12:52.457+0000] {processor.py:830} INFO - Processing file /home/airflow/.local/lib/python3.12/site-packages/airflow/example_dags/example_dynamic_task_mapping.py for tasks to queue
[2024-05-05T04:12:52.519+0000] {logging_mixin.py:188} INFO - [2024-05-05T04:12:52.493+0000] {dagbag.py:540} INFO - Filling up the DagBag from /home/airflow/.local/lib/python3.12/site-packages/airflow/example_dags/example_dynamic_task_mapping.py
[2024-05-05T04:12:53.036+0000] {processor.py:840} INFO - DAG(s) 'example_dynamic_task_mapping' retrieved from /home/airflow/.local/lib/python3.12/site-packages/airflow/example_dags/example_dynamic_task_mapping.py
[2024-05-05T04:12:53.841+0000] {logging_mixin.py:188} INFO - [2024-05-05T04:12:53.828+0000] {dag.py:3096} INFO - Sync 1 DAGs
[2024-05-05T04:12:55.091+0000] {logging_mixin.py:188} INFO - [2024-05-05T04:12:55.075+0000] {dag.py:3954} INFO - Setting next_dagrun for example_dynamic_task_mapping to 2022-03-04 00:00:00+00:00, run_after=2022-03-05 00:00:00+00:00
[2024-05-05T04:12:56.899+0000] {processor.py:183} INFO - Processing /home/airflow/.local/lib/python3.12/site-packages/airflow/example_dags/example_dynamic_task_mapping.py took 4.819 seconds
[2024-05-05T04:15:28.367+0000] {processor.py:161} INFO - Started process (PID=9212) to work on /home/airflow/.local/lib/python3.12/site-packages/airflow/example_dags/example_dynamic_task_mapping.py
[2024-05-05T04:15:28.411+0000] {processor.py:830} INFO - Processing file /home/airflow/.local/lib/python3.12/site-packages/airflow/example_dags/example_dynamic_task_mapping.py for tasks to queue
[2024-05-05T04:15:28.449+0000] {logging_mixin.py:188} INFO - [2024-05-05T04:15:28.436+0000] {dagbag.py:540} INFO - Filling up the DagBag from /home/airflow/.local/lib/python3.12/site-packages/airflow/example_dags/example_dynamic_task_mapping.py
[2024-05-05T04:15:28.792+0000] {processor.py:840} INFO - DAG(s) 'example_dynamic_task_mapping' retrieved from /home/airflow/.local/lib/python3.12/site-packages/airflow/example_dags/example_dynamic_task_mapping.py
[2024-05-05T04:15:29.729+0000] {logging_mixin.py:188} INFO - [2024-05-05T04:15:29.715+0000] {dag.py:3096} INFO - Sync 1 DAGs
[2024-05-05T04:15:31.274+0000] {logging_mixin.py:188} INFO - [2024-05-05T04:15:31.257+0000] {dag.py:3954} INFO - Setting next_dagrun for example_dynamic_task_mapping to 2022-03-04 00:00:00+00:00, run_after=2022-03-05 00:00:00+00:00
[2024-05-05T04:15:31.732+0000] {processor.py:183} INFO - Processing /home/airflow/.local/lib/python3.12/site-packages/airflow/example_dags/example_dynamic_task_mapping.py took 3.752 seconds
[2024-05-05T04:17:57.699+0000] {processor.py:161} INFO - Started process (PID=9314) to work on /home/airflow/.local/lib/python3.12/site-packages/airflow/example_dags/example_dynamic_task_mapping.py
[2024-05-05T04:17:57.779+0000] {processor.py:830} INFO - Processing file /home/airflow/.local/lib/python3.12/site-packages/airflow/example_dags/example_dynamic_task_mapping.py for tasks to queue
[2024-05-05T04:17:57.822+0000] {logging_mixin.py:188} INFO - [2024-05-05T04:17:57.799+0000] {dagbag.py:540} INFO - Filling up the DagBag from /home/airflow/.local/lib/python3.12/site-packages/airflow/example_dags/example_dynamic_task_mapping.py
[2024-05-05T04:17:58.093+0000] {processor.py:840} INFO - DAG(s) 'example_dynamic_task_mapping' retrieved from /home/airflow/.local/lib/python3.12/site-packages/airflow/example_dags/example_dynamic_task_mapping.py
[2024-05-05T04:17:59.263+0000] {logging_mixin.py:188} INFO - [2024-05-05T04:17:59.261+0000] {dag.py:3096} INFO - Sync 1 DAGs
[2024-05-05T04:18:00.340+0000] {logging_mixin.py:188} INFO - [2024-05-05T04:18:00.315+0000] {dag.py:3954} INFO - Setting next_dagrun for example_dynamic_task_mapping to 2022-03-04 00:00:00+00:00, run_after=2022-03-05 00:00:00+00:00
[2024-05-05T04:18:00.873+0000] {processor.py:183} INFO - Processing /home/airflow/.local/lib/python3.12/site-packages/airflow/example_dags/example_dynamic_task_mapping.py took 3.982 seconds
[2024-05-05T04:20:22.411+0000] {processor.py:161} INFO - Started process (PID=9414) to work on /home/airflow/.local/lib/python3.12/site-packages/airflow/example_dags/example_dynamic_task_mapping.py
[2024-05-05T04:20:22.444+0000] {processor.py:830} INFO - Processing file /home/airflow/.local/lib/python3.12/site-packages/airflow/example_dags/example_dynamic_task_mapping.py for tasks to queue
[2024-05-05T04:20:22.459+0000] {logging_mixin.py:188} INFO - [2024-05-05T04:20:22.457+0000] {dagbag.py:540} INFO - Filling up the DagBag from /home/airflow/.local/lib/python3.12/site-packages/airflow/example_dags/example_dynamic_task_mapping.py
[2024-05-05T04:20:22.708+0000] {processor.py:840} INFO - DAG(s) 'example_dynamic_task_mapping' retrieved from /home/airflow/.local/lib/python3.12/site-packages/airflow/example_dags/example_dynamic_task_mapping.py
[2024-05-05T04:20:23.764+0000] {logging_mixin.py:188} INFO - [2024-05-05T04:20:23.763+0000] {dag.py:3096} INFO - Sync 1 DAGs
[2024-05-05T04:20:24.505+0000] {logging_mixin.py:188} INFO - [2024-05-05T04:20:24.504+0000] {dag.py:3954} INFO - Setting next_dagrun for example_dynamic_task_mapping to 2022-03-04 00:00:00+00:00, run_after=2022-03-05 00:00:00+00:00
[2024-05-05T04:20:25.179+0000] {processor.py:183} INFO - Processing /home/airflow/.local/lib/python3.12/site-packages/airflow/example_dags/example_dynamic_task_mapping.py took 3.023 seconds
[2024-05-05T04:22:50.150+0000] {processor.py:161} INFO - Started process (PID=9509) to work on /home/airflow/.local/lib/python3.12/site-packages/airflow/example_dags/example_dynamic_task_mapping.py
[2024-05-05T04:22:50.201+0000] {processor.py:830} INFO - Processing file /home/airflow/.local/lib/python3.12/site-packages/airflow/example_dags/example_dynamic_task_mapping.py for tasks to queue
[2024-05-05T04:22:50.301+0000] {logging_mixin.py:188} INFO - [2024-05-05T04:22:50.239+0000] {dagbag.py:540} INFO - Filling up the DagBag from /home/airflow/.local/lib/python3.12/site-packages/airflow/example_dags/example_dynamic_task_mapping.py
[2024-05-05T04:22:51.559+0000] {processor.py:840} INFO - DAG(s) 'example_dynamic_task_mapping' retrieved from /home/airflow/.local/lib/python3.12/site-packages/airflow/example_dags/example_dynamic_task_mapping.py
[2024-05-05T04:22:52.078+0000] {logging_mixin.py:188} INFO - [2024-05-05T04:22:52.069+0000] {dag.py:3096} INFO - Sync 1 DAGs
[2024-05-05T04:22:53.477+0000] {logging_mixin.py:188} INFO - [2024-05-05T04:22:53.476+0000] {dag.py:3954} INFO - Setting next_dagrun for example_dynamic_task_mapping to 2022-03-04 00:00:00+00:00, run_after=2022-03-05 00:00:00+00:00
[2024-05-05T04:22:53.830+0000] {processor.py:183} INFO - Processing /home/airflow/.local/lib/python3.12/site-packages/airflow/example_dags/example_dynamic_task_mapping.py took 4.151 seconds
[2024-05-05T04:25:28.431+0000] {processor.py:161} INFO - Started process (PID=9611) to work on /home/airflow/.local/lib/python3.12/site-packages/airflow/example_dags/example_dynamic_task_mapping.py
[2024-05-05T04:25:28.635+0000] {processor.py:830} INFO - Processing file /home/airflow/.local/lib/python3.12/site-packages/airflow/example_dags/example_dynamic_task_mapping.py for tasks to queue
[2024-05-05T04:25:28.761+0000] {logging_mixin.py:188} INFO - [2024-05-05T04:25:28.701+0000] {dagbag.py:540} INFO - Filling up the DagBag from /home/airflow/.local/lib/python3.12/site-packages/airflow/example_dags/example_dynamic_task_mapping.py
[2024-05-05T04:25:29.429+0000] {processor.py:840} INFO - DAG(s) 'example_dynamic_task_mapping' retrieved from /home/airflow/.local/lib/python3.12/site-packages/airflow/example_dags/example_dynamic_task_mapping.py
[2024-05-05T04:25:30.163+0000] {logging_mixin.py:188} INFO - [2024-05-05T04:25:30.147+0000] {dag.py:3096} INFO - Sync 1 DAGs
[2024-05-05T04:25:31.144+0000] {logging_mixin.py:188} INFO - [2024-05-05T04:25:31.143+0000] {dag.py:3954} INFO - Setting next_dagrun for example_dynamic_task_mapping to 2022-03-04 00:00:00+00:00, run_after=2022-03-05 00:00:00+00:00
[2024-05-05T04:25:31.527+0000] {processor.py:183} INFO - Processing /home/airflow/.local/lib/python3.12/site-packages/airflow/example_dags/example_dynamic_task_mapping.py took 3.512 seconds
[2024-05-05T04:28:08.681+0000] {processor.py:161} INFO - Started process (PID=9719) to work on /home/airflow/.local/lib/python3.12/site-packages/airflow/example_dags/example_dynamic_task_mapping.py
[2024-05-05T04:28:08.711+0000] {processor.py:830} INFO - Processing file /home/airflow/.local/lib/python3.12/site-packages/airflow/example_dags/example_dynamic_task_mapping.py for tasks to queue
[2024-05-05T04:28:08.734+0000] {logging_mixin.py:188} INFO - [2024-05-05T04:28:08.731+0000] {dagbag.py:540} INFO - Filling up the DagBag from /home/airflow/.local/lib/python3.12/site-packages/airflow/example_dags/example_dynamic_task_mapping.py
[2024-05-05T04:28:09.359+0000] {processor.py:840} INFO - DAG(s) 'example_dynamic_task_mapping' retrieved from /home/airflow/.local/lib/python3.12/site-packages/airflow/example_dags/example_dynamic_task_mapping.py
[2024-05-05T04:28:10.130+0000] {logging_mixin.py:188} INFO - [2024-05-05T04:28:10.128+0000] {dag.py:3096} INFO - Sync 1 DAGs
[2024-05-05T04:28:11.093+0000] {logging_mixin.py:188} INFO - [2024-05-05T04:28:11.080+0000] {dag.py:3954} INFO - Setting next_dagrun for example_dynamic_task_mapping to 2022-03-04 00:00:00+00:00, run_after=2022-03-05 00:00:00+00:00
[2024-05-05T04:28:11.567+0000] {processor.py:183} INFO - Processing /home/airflow/.local/lib/python3.12/site-packages/airflow/example_dags/example_dynamic_task_mapping.py took 3.026 seconds
[2024-05-05T04:30:39.697+0000] {processor.py:161} INFO - Started process (PID=9822) to work on /home/airflow/.local/lib/python3.12/site-packages/airflow/example_dags/example_dynamic_task_mapping.py
[2024-05-05T04:30:39.739+0000] {processor.py:830} INFO - Processing file /home/airflow/.local/lib/python3.12/site-packages/airflow/example_dags/example_dynamic_task_mapping.py for tasks to queue
[2024-05-05T04:30:39.785+0000] {logging_mixin.py:188} INFO - [2024-05-05T04:30:39.773+0000] {dagbag.py:540} INFO - Filling up the DagBag from /home/airflow/.local/lib/python3.12/site-packages/airflow/example_dags/example_dynamic_task_mapping.py
[2024-05-05T04:30:40.152+0000] {processor.py:840} INFO - DAG(s) 'example_dynamic_task_mapping' retrieved from /home/airflow/.local/lib/python3.12/site-packages/airflow/example_dags/example_dynamic_task_mapping.py
[2024-05-05T04:30:40.712+0000] {logging_mixin.py:188} INFO - [2024-05-05T04:30:40.706+0000] {dag.py:3096} INFO - Sync 1 DAGs
[2024-05-05T04:30:41.333+0000] {logging_mixin.py:188} INFO - [2024-05-05T04:30:41.332+0000] {dag.py:3954} INFO - Setting next_dagrun for example_dynamic_task_mapping to 2022-03-04 00:00:00+00:00, run_after=2022-03-05 00:00:00+00:00
[2024-05-05T04:30:41.844+0000] {processor.py:183} INFO - Processing /home/airflow/.local/lib/python3.12/site-packages/airflow/example_dags/example_dynamic_task_mapping.py took 2.365 seconds
[2024-05-05T04:33:11.381+0000] {processor.py:161} INFO - Started process (PID=9918) to work on /home/airflow/.local/lib/python3.12/site-packages/airflow/example_dags/example_dynamic_task_mapping.py
[2024-05-05T04:33:11.415+0000] {processor.py:830} INFO - Processing file /home/airflow/.local/lib/python3.12/site-packages/airflow/example_dags/example_dynamic_task_mapping.py for tasks to queue
[2024-05-05T04:33:11.482+0000] {logging_mixin.py:188} INFO - [2024-05-05T04:33:11.456+0000] {dagbag.py:540} INFO - Filling up the DagBag from /home/airflow/.local/lib/python3.12/site-packages/airflow/example_dags/example_dynamic_task_mapping.py
[2024-05-05T04:33:12.273+0000] {processor.py:840} INFO - DAG(s) 'example_dynamic_task_mapping' retrieved from /home/airflow/.local/lib/python3.12/site-packages/airflow/example_dags/example_dynamic_task_mapping.py
[2024-05-05T04:33:13.606+0000] {logging_mixin.py:188} INFO - [2024-05-05T04:33:13.588+0000] {dag.py:3096} INFO - Sync 1 DAGs
[2024-05-05T04:33:14.688+0000] {logging_mixin.py:188} INFO - [2024-05-05T04:33:14.674+0000] {dag.py:3954} INFO - Setting next_dagrun for example_dynamic_task_mapping to 2022-03-04 00:00:00+00:00, run_after=2022-03-05 00:00:00+00:00
[2024-05-05T04:33:15.181+0000] {processor.py:183} INFO - Processing /home/airflow/.local/lib/python3.12/site-packages/airflow/example_dags/example_dynamic_task_mapping.py took 4.060 seconds
[2024-05-05T05:07:24.983+0000] {processor.py:161} INFO - Started process (PID=10023) to work on /home/airflow/.local/lib/python3.12/site-packages/airflow/example_dags/example_dynamic_task_mapping.py
[2024-05-05T05:07:25.003+0000] {processor.py:830} INFO - Processing file /home/airflow/.local/lib/python3.12/site-packages/airflow/example_dags/example_dynamic_task_mapping.py for tasks to queue
[2024-05-05T05:07:25.052+0000] {logging_mixin.py:188} INFO - [2024-05-05T05:07:25.032+0000] {dagbag.py:540} INFO - Filling up the DagBag from /home/airflow/.local/lib/python3.12/site-packages/airflow/example_dags/example_dynamic_task_mapping.py
[2024-05-05T05:07:25.265+0000] {processor.py:840} INFO - DAG(s) 'example_dynamic_task_mapping' retrieved from /home/airflow/.local/lib/python3.12/site-packages/airflow/example_dags/example_dynamic_task_mapping.py
[2024-05-05T05:07:25.700+0000] {logging_mixin.py:188} INFO - [2024-05-05T05:07:25.699+0000] {dag.py:3096} INFO - Sync 1 DAGs
[2024-05-05T05:07:26.486+0000] {logging_mixin.py:188} INFO - [2024-05-05T05:07:26.485+0000] {dag.py:3954} INFO - Setting next_dagrun for example_dynamic_task_mapping to 2022-03-04 00:00:00+00:00, run_after=2022-03-05 00:00:00+00:00
[2024-05-05T05:07:26.732+0000] {processor.py:183} INFO - Processing /home/airflow/.local/lib/python3.12/site-packages/airflow/example_dags/example_dynamic_task_mapping.py took 1.970 seconds
[2024-05-05T06:47:43.185+0000] {processor.py:161} INFO - Started process (PID=10081) to work on /home/airflow/.local/lib/python3.12/site-packages/airflow/example_dags/example_dynamic_task_mapping.py
[2024-05-05T06:47:43.236+0000] {processor.py:830} INFO - Processing file /home/airflow/.local/lib/python3.12/site-packages/airflow/example_dags/example_dynamic_task_mapping.py for tasks to queue
[2024-05-05T06:47:43.298+0000] {logging_mixin.py:188} INFO - [2024-05-05T06:47:43.252+0000] {dagbag.py:540} INFO - Filling up the DagBag from /home/airflow/.local/lib/python3.12/site-packages/airflow/example_dags/example_dynamic_task_mapping.py
[2024-05-05T06:47:43.666+0000] {processor.py:840} INFO - DAG(s) 'example_dynamic_task_mapping' retrieved from /home/airflow/.local/lib/python3.12/site-packages/airflow/example_dags/example_dynamic_task_mapping.py
[2024-05-05T06:47:44.391+0000] {logging_mixin.py:188} INFO - [2024-05-05T06:47:44.367+0000] {dag.py:3096} INFO - Sync 1 DAGs
[2024-05-05T06:47:46.010+0000] {logging_mixin.py:188} INFO - [2024-05-05T06:47:46.008+0000] {dag.py:3954} INFO - Setting next_dagrun for example_dynamic_task_mapping to 2022-03-04 00:00:00+00:00, run_after=2022-03-05 00:00:00+00:00
[2024-05-05T06:47:47.167+0000] {processor.py:183} INFO - Processing /home/airflow/.local/lib/python3.12/site-packages/airflow/example_dags/example_dynamic_task_mapping.py took 4.390 seconds
[2024-05-05T06:52:13.967+0000] {processor.py:161} INFO - Started process (PID=10169) to work on /home/airflow/.local/lib/python3.12/site-packages/airflow/example_dags/example_dynamic_task_mapping.py
[2024-05-05T06:52:14.019+0000] {processor.py:830} INFO - Processing file /home/airflow/.local/lib/python3.12/site-packages/airflow/example_dags/example_dynamic_task_mapping.py for tasks to queue
[2024-05-05T06:52:14.063+0000] {logging_mixin.py:188} INFO - [2024-05-05T06:52:14.038+0000] {dagbag.py:540} INFO - Filling up the DagBag from /home/airflow/.local/lib/python3.12/site-packages/airflow/example_dags/example_dynamic_task_mapping.py
[2024-05-05T06:52:14.821+0000] {processor.py:840} INFO - DAG(s) 'example_dynamic_task_mapping' retrieved from /home/airflow/.local/lib/python3.12/site-packages/airflow/example_dags/example_dynamic_task_mapping.py
[2024-05-05T06:52:16.458+0000] {logging_mixin.py:188} INFO - [2024-05-05T06:52:16.456+0000] {dag.py:3096} INFO - Sync 1 DAGs
[2024-05-05T06:52:17.710+0000] {logging_mixin.py:188} INFO - [2024-05-05T06:52:17.708+0000] {dag.py:3954} INFO - Setting next_dagrun for example_dynamic_task_mapping to 2022-03-04 00:00:00+00:00, run_after=2022-03-05 00:00:00+00:00
[2024-05-05T06:52:17.981+0000] {processor.py:183} INFO - Processing /home/airflow/.local/lib/python3.12/site-packages/airflow/example_dags/example_dynamic_task_mapping.py took 4.666 seconds
[2024-05-05T13:48:09.172+0000] {processor.py:161} INFO - Started process (PID=10263) to work on /home/airflow/.local/lib/python3.12/site-packages/airflow/example_dags/example_dynamic_task_mapping.py
[2024-05-05T13:48:09.175+0000] {processor.py:830} INFO - Processing file /home/airflow/.local/lib/python3.12/site-packages/airflow/example_dags/example_dynamic_task_mapping.py for tasks to queue
[2024-05-05T13:48:09.181+0000] {logging_mixin.py:188} INFO - [2024-05-05T13:48:09.181+0000] {dagbag.py:540} INFO - Filling up the DagBag from /home/airflow/.local/lib/python3.12/site-packages/airflow/example_dags/example_dynamic_task_mapping.py
[2024-05-05T13:48:09.245+0000] {processor.py:840} INFO - DAG(s) 'example_dynamic_task_mapping' retrieved from /home/airflow/.local/lib/python3.12/site-packages/airflow/example_dags/example_dynamic_task_mapping.py
[2024-05-05T13:48:09.411+0000] {logging_mixin.py:188} INFO - [2024-05-05T13:48:09.411+0000] {dag.py:3096} INFO - Sync 1 DAGs
[2024-05-05T13:48:09.618+0000] {logging_mixin.py:188} INFO - [2024-05-05T13:48:09.617+0000] {dag.py:3954} INFO - Setting next_dagrun for example_dynamic_task_mapping to 2022-03-04 00:00:00+00:00, run_after=2022-03-05 00:00:00+00:00
[2024-05-05T13:48:09.840+0000] {processor.py:183} INFO - Processing /home/airflow/.local/lib/python3.12/site-packages/airflow/example_dags/example_dynamic_task_mapping.py took 0.718 seconds
[2024-05-05T22:08:24.156+0000] {processor.py:161} INFO - Started process (PID=10344) to work on /home/airflow/.local/lib/python3.12/site-packages/airflow/example_dags/example_dynamic_task_mapping.py
[2024-05-05T22:08:24.178+0000] {processor.py:830} INFO - Processing file /home/airflow/.local/lib/python3.12/site-packages/airflow/example_dags/example_dynamic_task_mapping.py for tasks to queue
[2024-05-05T22:08:24.192+0000] {logging_mixin.py:188} INFO - [2024-05-05T22:08:24.189+0000] {dagbag.py:540} INFO - Filling up the DagBag from /home/airflow/.local/lib/python3.12/site-packages/airflow/example_dags/example_dynamic_task_mapping.py
[2024-05-05T22:08:24.750+0000] {processor.py:840} INFO - DAG(s) 'example_dynamic_task_mapping' retrieved from /home/airflow/.local/lib/python3.12/site-packages/airflow/example_dags/example_dynamic_task_mapping.py
[2024-05-05T22:08:26.576+0000] {logging_mixin.py:188} INFO - [2024-05-05T22:08:26.574+0000] {dag.py:3096} INFO - Sync 1 DAGs
[2024-05-05T22:08:30.251+0000] {logging_mixin.py:188} INFO - [2024-05-05T22:08:30.248+0000] {dag.py:3954} INFO - Setting next_dagrun for example_dynamic_task_mapping to 2022-03-04 00:00:00+00:00, run_after=2022-03-05 00:00:00+00:00
[2024-05-05T22:08:32.349+0000] {processor.py:183} INFO - Processing /home/airflow/.local/lib/python3.12/site-packages/airflow/example_dags/example_dynamic_task_mapping.py took 8.887 seconds
