[2024-05-05T00:00:28.777+0000] {processor.py:161} INFO - Started process (PID=7566) to work on /home/airflow/.local/lib/python3.12/site-packages/airflow/example_dags/example_xcomargs.py
[2024-05-05T00:00:28.781+0000] {processor.py:830} INFO - Processing file /home/airflow/.local/lib/python3.12/site-packages/airflow/example_dags/example_xcomargs.py for tasks to queue
[2024-05-05T00:00:28.788+0000] {logging_mixin.py:188} INFO - [2024-05-05T00:00:28.787+0000] {dagbag.py:540} INFO - Filling up the DagBag from /home/airflow/.local/lib/python3.12/site-packages/airflow/example_dags/example_xcomargs.py
[2024-05-05T00:00:28.826+0000] {processor.py:840} INFO - DAG(s) 'example_xcom_args', 'example_xcom_args_with_operators' retrieved from /home/airflow/.local/lib/python3.12/site-packages/airflow/example_dags/example_xcomargs.py
[2024-05-05T00:00:28.870+0000] {logging_mixin.py:188} INFO - [2024-05-05T00:00:28.869+0000] {dag.py:3096} INFO - Sync 2 DAGs
[2024-05-05T00:00:28.900+0000] {logging_mixin.py:188} INFO - [2024-05-05T00:00:28.899+0000] {dag.py:3954} INFO - Setting next_dagrun for example_xcom_args to None, run_after=None
[2024-05-05T00:00:28.934+0000] {logging_mixin.py:188} INFO - [2024-05-05T00:00:28.934+0000] {dag.py:3954} INFO - Setting next_dagrun for example_xcom_args_with_operators to None, run_after=None
[2024-05-05T00:00:28.982+0000] {processor.py:183} INFO - Processing /home/airflow/.local/lib/python3.12/site-packages/airflow/example_dags/example_xcomargs.py took 0.226 seconds
[2024-05-05T00:01:01.941+0000] {processor.py:161} INFO - Started process (PID=7626) to work on /home/airflow/.local/lib/python3.12/site-packages/airflow/example_dags/example_xcomargs.py
[2024-05-05T00:01:01.947+0000] {processor.py:830} INFO - Processing file /home/airflow/.local/lib/python3.12/site-packages/airflow/example_dags/example_xcomargs.py for tasks to queue
[2024-05-05T00:01:01.951+0000] {logging_mixin.py:188} INFO - [2024-05-05T00:01:01.950+0000] {dagbag.py:540} INFO - Filling up the DagBag from /home/airflow/.local/lib/python3.12/site-packages/airflow/example_dags/example_xcomargs.py
[2024-05-05T00:01:01.975+0000] {processor.py:840} INFO - DAG(s) 'example_xcom_args_with_operators', 'example_xcom_args' retrieved from /home/airflow/.local/lib/python3.12/site-packages/airflow/example_dags/example_xcomargs.py
[2024-05-05T00:01:02.033+0000] {logging_mixin.py:188} INFO - [2024-05-05T00:01:02.033+0000] {dag.py:3096} INFO - Sync 2 DAGs
[2024-05-05T00:01:02.062+0000] {logging_mixin.py:188} INFO - [2024-05-05T00:01:02.062+0000] {dag.py:3954} INFO - Setting next_dagrun for example_xcom_args to None, run_after=None
[2024-05-05T00:01:02.070+0000] {logging_mixin.py:188} INFO - [2024-05-05T00:01:02.069+0000] {dag.py:3954} INFO - Setting next_dagrun for example_xcom_args_with_operators to None, run_after=None
[2024-05-05T00:01:02.109+0000] {processor.py:183} INFO - Processing /home/airflow/.local/lib/python3.12/site-packages/airflow/example_dags/example_xcomargs.py took 0.195 seconds
[2024-05-05T00:32:01.939+0000] {processor.py:161} INFO - Started process (PID=7698) to work on /home/airflow/.local/lib/python3.12/site-packages/airflow/example_dags/example_xcomargs.py
[2024-05-05T00:32:01.995+0000] {processor.py:830} INFO - Processing file /home/airflow/.local/lib/python3.12/site-packages/airflow/example_dags/example_xcomargs.py for tasks to queue
[2024-05-05T00:32:02.090+0000] {logging_mixin.py:188} INFO - [2024-05-05T00:32:02.071+0000] {dagbag.py:540} INFO - Filling up the DagBag from /home/airflow/.local/lib/python3.12/site-packages/airflow/example_dags/example_xcomargs.py
[2024-05-05T00:32:02.510+0000] {processor.py:840} INFO - DAG(s) 'example_xcom_args_with_operators', 'example_xcom_args' retrieved from /home/airflow/.local/lib/python3.12/site-packages/airflow/example_dags/example_xcomargs.py
[2024-05-05T00:32:03.024+0000] {logging_mixin.py:188} INFO - [2024-05-05T00:32:03.009+0000] {dag.py:3096} INFO - Sync 2 DAGs
[2024-05-05T00:32:03.466+0000] {logging_mixin.py:188} INFO - [2024-05-05T00:32:03.459+0000] {dag.py:3954} INFO - Setting next_dagrun for example_xcom_args to None, run_after=None
[2024-05-05T00:32:03.601+0000] {logging_mixin.py:188} INFO - [2024-05-05T00:32:03.599+0000] {dag.py:3954} INFO - Setting next_dagrun for example_xcom_args_with_operators to None, run_after=None
[2024-05-05T00:32:04.550+0000] {processor.py:183} INFO - Processing /home/airflow/.local/lib/python3.12/site-packages/airflow/example_dags/example_xcomargs.py took 2.873 seconds
[2024-05-05T00:50:55.735+0000] {processor.py:161} INFO - Started process (PID=7769) to work on /home/airflow/.local/lib/python3.12/site-packages/airflow/example_dags/example_xcomargs.py
[2024-05-05T00:50:55.750+0000] {processor.py:830} INFO - Processing file /home/airflow/.local/lib/python3.12/site-packages/airflow/example_dags/example_xcomargs.py for tasks to queue
[2024-05-05T00:50:55.763+0000] {logging_mixin.py:188} INFO - [2024-05-05T00:50:55.763+0000] {dagbag.py:540} INFO - Filling up the DagBag from /home/airflow/.local/lib/python3.12/site-packages/airflow/example_dags/example_xcomargs.py
[2024-05-05T00:50:55.832+0000] {processor.py:840} INFO - DAG(s) 'example_xcom_args', 'example_xcom_args_with_operators' retrieved from /home/airflow/.local/lib/python3.12/site-packages/airflow/example_dags/example_xcomargs.py
[2024-05-05T00:50:56.019+0000] {logging_mixin.py:188} INFO - [2024-05-05T00:50:56.018+0000] {dag.py:3096} INFO - Sync 2 DAGs
[2024-05-05T00:50:56.106+0000] {logging_mixin.py:188} INFO - [2024-05-05T00:50:56.106+0000] {dag.py:3954} INFO - Setting next_dagrun for example_xcom_args to None, run_after=None
[2024-05-05T00:50:56.148+0000] {logging_mixin.py:188} INFO - [2024-05-05T00:50:56.147+0000] {dag.py:3954} INFO - Setting next_dagrun for example_xcom_args_with_operators to None, run_after=None
[2024-05-05T00:50:56.240+0000] {processor.py:183} INFO - Processing /home/airflow/.local/lib/python3.12/site-packages/airflow/example_dags/example_xcomargs.py took 0.550 seconds
[2024-05-05T00:52:49.319+0000] {processor.py:161} INFO - Started process (PID=7852) to work on /home/airflow/.local/lib/python3.12/site-packages/airflow/example_dags/example_xcomargs.py
[2024-05-05T00:52:49.368+0000] {processor.py:830} INFO - Processing file /home/airflow/.local/lib/python3.12/site-packages/airflow/example_dags/example_xcomargs.py for tasks to queue
[2024-05-05T00:52:49.429+0000] {logging_mixin.py:188} INFO - [2024-05-05T00:52:49.397+0000] {dagbag.py:540} INFO - Filling up the DagBag from /home/airflow/.local/lib/python3.12/site-packages/airflow/example_dags/example_xcomargs.py
[2024-05-05T00:52:49.794+0000] {processor.py:840} INFO - DAG(s) 'example_xcom_args_with_operators', 'example_xcom_args' retrieved from /home/airflow/.local/lib/python3.12/site-packages/airflow/example_dags/example_xcomargs.py
[2024-05-05T00:52:50.372+0000] {logging_mixin.py:188} INFO - [2024-05-05T00:52:50.370+0000] {dag.py:3096} INFO - Sync 2 DAGs
[2024-05-05T00:52:50.900+0000] {logging_mixin.py:188} INFO - [2024-05-05T00:52:50.874+0000] {dag.py:3954} INFO - Setting next_dagrun for example_xcom_args to None, run_after=None
[2024-05-05T00:52:51.189+0000] {logging_mixin.py:188} INFO - [2024-05-05T00:52:51.183+0000] {dag.py:3954} INFO - Setting next_dagrun for example_xcom_args_with_operators to None, run_after=None
[2024-05-05T00:52:52.299+0000] {processor.py:183} INFO - Processing /home/airflow/.local/lib/python3.12/site-packages/airflow/example_dags/example_xcomargs.py took 3.449 seconds
[2024-05-05T01:11:03.202+0000] {processor.py:161} INFO - Started process (PID=7936) to work on /home/airflow/.local/lib/python3.12/site-packages/airflow/example_dags/example_xcomargs.py
[2024-05-05T01:11:03.206+0000] {processor.py:830} INFO - Processing file /home/airflow/.local/lib/python3.12/site-packages/airflow/example_dags/example_xcomargs.py for tasks to queue
[2024-05-05T01:11:03.209+0000] {logging_mixin.py:188} INFO - [2024-05-05T01:11:03.208+0000] {dagbag.py:540} INFO - Filling up the DagBag from /home/airflow/.local/lib/python3.12/site-packages/airflow/example_dags/example_xcomargs.py
[2024-05-05T01:11:03.252+0000] {processor.py:840} INFO - DAG(s) 'example_xcom_args_with_operators', 'example_xcom_args' retrieved from /home/airflow/.local/lib/python3.12/site-packages/airflow/example_dags/example_xcomargs.py
[2024-05-05T01:11:03.359+0000] {logging_mixin.py:188} INFO - [2024-05-05T01:11:03.359+0000] {dag.py:3096} INFO - Sync 2 DAGs
[2024-05-05T01:11:03.412+0000] {logging_mixin.py:188} INFO - [2024-05-05T01:11:03.412+0000] {dag.py:3954} INFO - Setting next_dagrun for example_xcom_args to None, run_after=None
[2024-05-05T01:11:03.437+0000] {logging_mixin.py:188} INFO - [2024-05-05T01:11:03.432+0000] {dag.py:3954} INFO - Setting next_dagrun for example_xcom_args_with_operators to None, run_after=None
[2024-05-05T01:11:03.522+0000] {processor.py:183} INFO - Processing /home/airflow/.local/lib/python3.12/site-packages/airflow/example_dags/example_xcomargs.py took 0.347 seconds
[2024-05-05T01:45:00.615+0000] {processor.py:161} INFO - Started process (PID=7982) to work on /home/airflow/.local/lib/python3.12/site-packages/airflow/example_dags/example_xcomargs.py
[2024-05-05T01:45:00.628+0000] {processor.py:830} INFO - Processing file /home/airflow/.local/lib/python3.12/site-packages/airflow/example_dags/example_xcomargs.py for tasks to queue
[2024-05-05T01:45:00.640+0000] {logging_mixin.py:188} INFO - [2024-05-05T01:45:00.636+0000] {dagbag.py:540} INFO - Filling up the DagBag from /home/airflow/.local/lib/python3.12/site-packages/airflow/example_dags/example_xcomargs.py
[2024-05-05T01:45:00.698+0000] {processor.py:840} INFO - DAG(s) 'example_xcom_args_with_operators', 'example_xcom_args' retrieved from /home/airflow/.local/lib/python3.12/site-packages/airflow/example_dags/example_xcomargs.py
[2024-05-05T01:45:00.844+0000] {logging_mixin.py:188} INFO - [2024-05-05T01:45:00.844+0000] {dag.py:3096} INFO - Sync 2 DAGs
[2024-05-05T01:45:00.919+0000] {logging_mixin.py:188} INFO - [2024-05-05T01:45:00.918+0000] {dag.py:3954} INFO - Setting next_dagrun for example_xcom_args to None, run_after=None
[2024-05-05T01:45:00.956+0000] {logging_mixin.py:188} INFO - [2024-05-05T01:45:00.956+0000] {dag.py:3954} INFO - Setting next_dagrun for example_xcom_args_with_operators to None, run_after=None
[2024-05-05T01:45:01.057+0000] {processor.py:183} INFO - Processing /home/airflow/.local/lib/python3.12/site-packages/airflow/example_dags/example_xcomargs.py took 0.499 seconds
[2024-05-05T01:45:53.341+0000] {processor.py:161} INFO - Started process (PID=8046) to work on /home/airflow/.local/lib/python3.12/site-packages/airflow/example_dags/example_xcomargs.py
[2024-05-05T01:45:53.389+0000] {processor.py:830} INFO - Processing file /home/airflow/.local/lib/python3.12/site-packages/airflow/example_dags/example_xcomargs.py for tasks to queue
[2024-05-05T01:45:53.451+0000] {logging_mixin.py:188} INFO - [2024-05-05T01:45:53.448+0000] {dagbag.py:540} INFO - Filling up the DagBag from /home/airflow/.local/lib/python3.12/site-packages/airflow/example_dags/example_xcomargs.py
[2024-05-05T01:45:53.806+0000] {processor.py:840} INFO - DAG(s) 'example_xcom_args_with_operators', 'example_xcom_args' retrieved from /home/airflow/.local/lib/python3.12/site-packages/airflow/example_dags/example_xcomargs.py
[2024-05-05T01:45:55.411+0000] {logging_mixin.py:188} INFO - [2024-05-05T01:45:55.411+0000] {dag.py:3096} INFO - Sync 2 DAGs
[2024-05-05T01:45:55.489+0000] {logging_mixin.py:188} INFO - [2024-05-05T01:45:55.489+0000] {dag.py:3954} INFO - Setting next_dagrun for example_xcom_args to None, run_after=None
[2024-05-05T01:45:55.507+0000] {logging_mixin.py:188} INFO - [2024-05-05T01:45:55.506+0000] {dag.py:3954} INFO - Setting next_dagrun for example_xcom_args_with_operators to None, run_after=None
[2024-05-05T01:45:56.369+0000] {processor.py:183} INFO - Processing /home/airflow/.local/lib/python3.12/site-packages/airflow/example_dags/example_xcomargs.py took 3.367 seconds
[2024-05-05T02:03:16.626+0000] {processor.py:161} INFO - Started process (PID=8087) to work on /home/airflow/.local/lib/python3.12/site-packages/airflow/example_dags/example_xcomargs.py
[2024-05-05T02:03:16.645+0000] {processor.py:830} INFO - Processing file /home/airflow/.local/lib/python3.12/site-packages/airflow/example_dags/example_xcomargs.py for tasks to queue
[2024-05-05T02:03:16.671+0000] {logging_mixin.py:188} INFO - [2024-05-05T02:03:16.669+0000] {dagbag.py:540} INFO - Filling up the DagBag from /home/airflow/.local/lib/python3.12/site-packages/airflow/example_dags/example_xcomargs.py
[2024-05-05T02:03:16.884+0000] {processor.py:840} INFO - DAG(s) 'example_xcom_args', 'example_xcom_args_with_operators' retrieved from /home/airflow/.local/lib/python3.12/site-packages/airflow/example_dags/example_xcomargs.py
[2024-05-05T02:03:17.416+0000] {logging_mixin.py:188} INFO - [2024-05-05T02:03:17.415+0000] {dag.py:3096} INFO - Sync 2 DAGs
[2024-05-05T02:03:17.598+0000] {logging_mixin.py:188} INFO - [2024-05-05T02:03:17.597+0000] {dag.py:3954} INFO - Setting next_dagrun for example_xcom_args to None, run_after=None
[2024-05-05T02:03:17.662+0000] {logging_mixin.py:188} INFO - [2024-05-05T02:03:17.661+0000] {dag.py:3954} INFO - Setting next_dagrun for example_xcom_args_with_operators to None, run_after=None
[2024-05-05T02:03:18.127+0000] {processor.py:183} INFO - Processing /home/airflow/.local/lib/python3.12/site-packages/airflow/example_dags/example_xcomargs.py took 1.554 seconds
[2024-05-05T02:04:17.540+0000] {processor.py:161} INFO - Started process (PID=8136) to work on /home/airflow/.local/lib/python3.12/site-packages/airflow/example_dags/example_xcomargs.py
[2024-05-05T02:04:17.604+0000] {processor.py:830} INFO - Processing file /home/airflow/.local/lib/python3.12/site-packages/airflow/example_dags/example_xcomargs.py for tasks to queue
[2024-05-05T02:04:17.637+0000] {logging_mixin.py:188} INFO - [2024-05-05T02:04:17.633+0000] {dagbag.py:540} INFO - Filling up the DagBag from /home/airflow/.local/lib/python3.12/site-packages/airflow/example_dags/example_xcomargs.py
[2024-05-05T02:04:17.997+0000] {processor.py:840} INFO - DAG(s) 'example_xcom_args', 'example_xcom_args_with_operators' retrieved from /home/airflow/.local/lib/python3.12/site-packages/airflow/example_dags/example_xcomargs.py
[2024-05-05T02:04:18.580+0000] {logging_mixin.py:188} INFO - [2024-05-05T02:04:18.574+0000] {dag.py:3096} INFO - Sync 2 DAGs
[2024-05-05T02:04:18.994+0000] {logging_mixin.py:188} INFO - [2024-05-05T02:04:18.983+0000] {dag.py:3954} INFO - Setting next_dagrun for example_xcom_args to None, run_after=None
[2024-05-05T02:04:19.126+0000] {logging_mixin.py:188} INFO - [2024-05-05T02:04:19.125+0000] {dag.py:3954} INFO - Setting next_dagrun for example_xcom_args_with_operators to None, run_after=None
[2024-05-05T02:04:19.556+0000] {processor.py:183} INFO - Processing /home/airflow/.local/lib/python3.12/site-packages/airflow/example_dags/example_xcomargs.py took 2.218 seconds
[2024-05-05T02:04:55.472+0000] {processor.py:161} INFO - Started process (PID=8195) to work on /home/airflow/.local/lib/python3.12/site-packages/airflow/example_dags/example_xcomargs.py
[2024-05-05T02:04:55.475+0000] {processor.py:830} INFO - Processing file /home/airflow/.local/lib/python3.12/site-packages/airflow/example_dags/example_xcomargs.py for tasks to queue
[2024-05-05T02:04:55.476+0000] {logging_mixin.py:188} INFO - [2024-05-05T02:04:55.476+0000] {dagbag.py:540} INFO - Filling up the DagBag from /home/airflow/.local/lib/python3.12/site-packages/airflow/example_dags/example_xcomargs.py
[2024-05-05T02:04:55.493+0000] {processor.py:840} INFO - DAG(s) 'example_xcom_args_with_operators', 'example_xcom_args' retrieved from /home/airflow/.local/lib/python3.12/site-packages/airflow/example_dags/example_xcomargs.py
[2024-05-05T02:04:55.550+0000] {logging_mixin.py:188} INFO - [2024-05-05T02:04:55.550+0000] {dag.py:3096} INFO - Sync 2 DAGs
[2024-05-05T02:04:55.574+0000] {logging_mixin.py:188} INFO - [2024-05-05T02:04:55.573+0000] {dag.py:3954} INFO - Setting next_dagrun for example_xcom_args to None, run_after=None
[2024-05-05T02:04:55.587+0000] {logging_mixin.py:188} INFO - [2024-05-05T02:04:55.586+0000] {dag.py:3954} INFO - Setting next_dagrun for example_xcom_args_with_operators to None, run_after=None
[2024-05-05T02:04:55.640+0000] {processor.py:183} INFO - Processing /home/airflow/.local/lib/python3.12/site-packages/airflow/example_dags/example_xcomargs.py took 0.180 seconds
[2024-05-05T03:14:58.692+0000] {processor.py:161} INFO - Started process (PID=8226) to work on /home/airflow/.local/lib/python3.12/site-packages/airflow/example_dags/example_xcomargs.py
[2024-05-05T03:14:58.702+0000] {processor.py:830} INFO - Processing file /home/airflow/.local/lib/python3.12/site-packages/airflow/example_dags/example_xcomargs.py for tasks to queue
[2024-05-05T03:14:58.725+0000] {logging_mixin.py:188} INFO - [2024-05-05T03:14:58.722+0000] {dagbag.py:540} INFO - Filling up the DagBag from /home/airflow/.local/lib/python3.12/site-packages/airflow/example_dags/example_xcomargs.py
[2024-05-05T03:14:58.932+0000] {processor.py:840} INFO - DAG(s) 'example_xcom_args', 'example_xcom_args_with_operators' retrieved from /home/airflow/.local/lib/python3.12/site-packages/airflow/example_dags/example_xcomargs.py
[2024-05-05T03:14:59.289+0000] {logging_mixin.py:188} INFO - [2024-05-05T03:14:59.287+0000] {dag.py:3096} INFO - Sync 2 DAGs
[2024-05-05T03:14:59.501+0000] {logging_mixin.py:188} INFO - [2024-05-05T03:14:59.500+0000] {dag.py:3954} INFO - Setting next_dagrun for example_xcom_args to None, run_after=None
[2024-05-05T03:14:59.565+0000] {logging_mixin.py:188} INFO - [2024-05-05T03:14:59.564+0000] {dag.py:3954} INFO - Setting next_dagrun for example_xcom_args_with_operators to None, run_after=None
[2024-05-05T03:14:59.901+0000] {processor.py:183} INFO - Processing /home/airflow/.local/lib/python3.12/site-packages/airflow/example_dags/example_xcomargs.py took 1.316 seconds
[2024-05-05T03:15:31.067+0000] {processor.py:161} INFO - Started process (PID=8285) to work on /home/airflow/.local/lib/python3.12/site-packages/airflow/example_dags/example_xcomargs.py
[2024-05-05T03:15:31.071+0000] {processor.py:830} INFO - Processing file /home/airflow/.local/lib/python3.12/site-packages/airflow/example_dags/example_xcomargs.py for tasks to queue
[2024-05-05T03:15:31.075+0000] {logging_mixin.py:188} INFO - [2024-05-05T03:15:31.074+0000] {dagbag.py:540} INFO - Filling up the DagBag from /home/airflow/.local/lib/python3.12/site-packages/airflow/example_dags/example_xcomargs.py
[2024-05-05T03:15:31.100+0000] {processor.py:840} INFO - DAG(s) 'example_xcom_args', 'example_xcom_args_with_operators' retrieved from /home/airflow/.local/lib/python3.12/site-packages/airflow/example_dags/example_xcomargs.py
[2024-05-05T03:15:31.169+0000] {logging_mixin.py:188} INFO - [2024-05-05T03:15:31.168+0000] {dag.py:3096} INFO - Sync 2 DAGs
[2024-05-05T03:15:31.213+0000] {logging_mixin.py:188} INFO - [2024-05-05T03:15:31.212+0000] {dag.py:3954} INFO - Setting next_dagrun for example_xcom_args to None, run_after=None
[2024-05-05T03:15:31.219+0000] {logging_mixin.py:188} INFO - [2024-05-05T03:15:31.219+0000] {dag.py:3954} INFO - Setting next_dagrun for example_xcom_args_with_operators to None, run_after=None
[2024-05-05T03:15:31.246+0000] {processor.py:183} INFO - Processing /home/airflow/.local/lib/python3.12/site-packages/airflow/example_dags/example_xcomargs.py took 0.193 seconds
[2024-05-05T03:48:49.010+0000] {processor.py:161} INFO - Started process (PID=8316) to work on /home/airflow/.local/lib/python3.12/site-packages/airflow/example_dags/example_xcomargs.py
[2024-05-05T03:48:49.038+0000] {processor.py:830} INFO - Processing file /home/airflow/.local/lib/python3.12/site-packages/airflow/example_dags/example_xcomargs.py for tasks to queue
[2024-05-05T03:48:49.081+0000] {logging_mixin.py:188} INFO - [2024-05-05T03:48:49.070+0000] {dagbag.py:540} INFO - Filling up the DagBag from /home/airflow/.local/lib/python3.12/site-packages/airflow/example_dags/example_xcomargs.py
[2024-05-05T03:48:49.311+0000] {processor.py:840} INFO - DAG(s) 'example_xcom_args', 'example_xcom_args_with_operators' retrieved from /home/airflow/.local/lib/python3.12/site-packages/airflow/example_dags/example_xcomargs.py
[2024-05-05T03:48:49.658+0000] {logging_mixin.py:188} INFO - [2024-05-05T03:48:49.657+0000] {dag.py:3096} INFO - Sync 2 DAGs
[2024-05-05T03:48:49.830+0000] {logging_mixin.py:188} INFO - [2024-05-05T03:48:49.821+0000] {dag.py:3954} INFO - Setting next_dagrun for example_xcom_args to None, run_after=None
[2024-05-05T03:48:49.910+0000] {logging_mixin.py:188} INFO - [2024-05-05T03:48:49.902+0000] {dag.py:3954} INFO - Setting next_dagrun for example_xcom_args_with_operators to None, run_after=None
[2024-05-05T03:48:50.153+0000] {processor.py:183} INFO - Processing /home/airflow/.local/lib/python3.12/site-packages/airflow/example_dags/example_xcomargs.py took 1.267 seconds
[2024-05-05T04:00:27.141+0000] {processor.py:161} INFO - Started process (PID=8372) to work on /home/airflow/.local/lib/python3.12/site-packages/airflow/example_dags/example_xcomargs.py
[2024-05-05T04:00:27.183+0000] {processor.py:830} INFO - Processing file /home/airflow/.local/lib/python3.12/site-packages/airflow/example_dags/example_xcomargs.py for tasks to queue
[2024-05-05T04:00:27.217+0000] {logging_mixin.py:188} INFO - [2024-05-05T04:00:27.214+0000] {dagbag.py:540} INFO - Filling up the DagBag from /home/airflow/.local/lib/python3.12/site-packages/airflow/example_dags/example_xcomargs.py
[2024-05-05T04:00:27.517+0000] {processor.py:840} INFO - DAG(s) 'example_xcom_args', 'example_xcom_args_with_operators' retrieved from /home/airflow/.local/lib/python3.12/site-packages/airflow/example_dags/example_xcomargs.py
[2024-05-05T04:00:27.917+0000] {logging_mixin.py:188} INFO - [2024-05-05T04:00:27.915+0000] {dag.py:3096} INFO - Sync 2 DAGs
[2024-05-05T04:00:28.167+0000] {logging_mixin.py:188} INFO - [2024-05-05T04:00:28.166+0000] {dag.py:3954} INFO - Setting next_dagrun for example_xcom_args to None, run_after=None
[2024-05-05T04:00:28.233+0000] {logging_mixin.py:188} INFO - [2024-05-05T04:00:28.231+0000] {dag.py:3954} INFO - Setting next_dagrun for example_xcom_args_with_operators to None, run_after=None
[2024-05-05T04:00:28.561+0000] {processor.py:183} INFO - Processing /home/airflow/.local/lib/python3.12/site-packages/airflow/example_dags/example_xcomargs.py took 1.712 seconds
[2024-05-05T04:01:27.355+0000] {processor.py:161} INFO - Started process (PID=8432) to work on /home/airflow/.local/lib/python3.12/site-packages/airflow/example_dags/example_xcomargs.py
[2024-05-05T04:01:27.375+0000] {processor.py:830} INFO - Processing file /home/airflow/.local/lib/python3.12/site-packages/airflow/example_dags/example_xcomargs.py for tasks to queue
[2024-05-05T04:01:27.385+0000] {logging_mixin.py:188} INFO - [2024-05-05T04:01:27.383+0000] {dagbag.py:540} INFO - Filling up the DagBag from /home/airflow/.local/lib/python3.12/site-packages/airflow/example_dags/example_xcomargs.py
[2024-05-05T04:01:27.511+0000] {processor.py:840} INFO - DAG(s) 'example_xcom_args', 'example_xcom_args_with_operators' retrieved from /home/airflow/.local/lib/python3.12/site-packages/airflow/example_dags/example_xcomargs.py
[2024-05-05T04:01:27.903+0000] {logging_mixin.py:188} INFO - [2024-05-05T04:01:27.901+0000] {dag.py:3096} INFO - Sync 2 DAGs
[2024-05-05T04:01:28.195+0000] {logging_mixin.py:188} INFO - [2024-05-05T04:01:28.194+0000] {dag.py:3954} INFO - Setting next_dagrun for example_xcom_args to None, run_after=None
[2024-05-05T04:01:28.296+0000] {logging_mixin.py:188} INFO - [2024-05-05T04:01:28.291+0000] {dag.py:3954} INFO - Setting next_dagrun for example_xcom_args_with_operators to None, run_after=None
[2024-05-05T04:01:28.480+0000] {processor.py:183} INFO - Processing /home/airflow/.local/lib/python3.12/site-packages/airflow/example_dags/example_xcomargs.py took 1.212 seconds
[2024-05-05T04:02:05.138+0000] {processor.py:161} INFO - Started process (PID=8492) to work on /home/airflow/.local/lib/python3.12/site-packages/airflow/example_dags/example_xcomargs.py
[2024-05-05T04:02:05.152+0000] {processor.py:830} INFO - Processing file /home/airflow/.local/lib/python3.12/site-packages/airflow/example_dags/example_xcomargs.py for tasks to queue
[2024-05-05T04:02:05.178+0000] {logging_mixin.py:188} INFO - [2024-05-05T04:02:05.169+0000] {dagbag.py:540} INFO - Filling up the DagBag from /home/airflow/.local/lib/python3.12/site-packages/airflow/example_dags/example_xcomargs.py
[2024-05-05T04:02:05.274+0000] {processor.py:840} INFO - DAG(s) 'example_xcom_args_with_operators', 'example_xcom_args' retrieved from /home/airflow/.local/lib/python3.12/site-packages/airflow/example_dags/example_xcomargs.py
[2024-05-05T04:02:05.452+0000] {logging_mixin.py:188} INFO - [2024-05-05T04:02:05.451+0000] {dag.py:3096} INFO - Sync 2 DAGs
[2024-05-05T04:02:05.573+0000] {logging_mixin.py:188} INFO - [2024-05-05T04:02:05.572+0000] {dag.py:3954} INFO - Setting next_dagrun for example_xcom_args to None, run_after=None
[2024-05-05T04:02:05.612+0000] {logging_mixin.py:188} INFO - [2024-05-05T04:02:05.607+0000] {dag.py:3954} INFO - Setting next_dagrun for example_xcom_args_with_operators to None, run_after=None
[2024-05-05T04:02:05.694+0000] {processor.py:183} INFO - Processing /home/airflow/.local/lib/python3.12/site-packages/airflow/example_dags/example_xcomargs.py took 0.589 seconds
[2024-05-05T04:02:42.813+0000] {processor.py:161} INFO - Started process (PID=8556) to work on /home/airflow/.local/lib/python3.12/site-packages/airflow/example_dags/example_xcomargs.py
[2024-05-05T04:02:42.828+0000] {processor.py:830} INFO - Processing file /home/airflow/.local/lib/python3.12/site-packages/airflow/example_dags/example_xcomargs.py for tasks to queue
[2024-05-05T04:02:42.846+0000] {logging_mixin.py:188} INFO - [2024-05-05T04:02:42.844+0000] {dagbag.py:540} INFO - Filling up the DagBag from /home/airflow/.local/lib/python3.12/site-packages/airflow/example_dags/example_xcomargs.py
[2024-05-05T04:02:42.891+0000] {processor.py:840} INFO - DAG(s) 'example_xcom_args', 'example_xcom_args_with_operators' retrieved from /home/airflow/.local/lib/python3.12/site-packages/airflow/example_dags/example_xcomargs.py
[2024-05-05T04:02:43.168+0000] {logging_mixin.py:188} INFO - [2024-05-05T04:02:43.167+0000] {dag.py:3096} INFO - Sync 2 DAGs
[2024-05-05T04:02:43.243+0000] {logging_mixin.py:188} INFO - [2024-05-05T04:02:43.242+0000] {dag.py:3954} INFO - Setting next_dagrun for example_xcom_args to None, run_after=None
[2024-05-05T04:02:43.273+0000] {logging_mixin.py:188} INFO - [2024-05-05T04:02:43.272+0000] {dag.py:3954} INFO - Setting next_dagrun for example_xcom_args_with_operators to None, run_after=None
[2024-05-05T04:02:43.427+0000] {processor.py:183} INFO - Processing /home/airflow/.local/lib/python3.12/site-packages/airflow/example_dags/example_xcomargs.py took 0.657 seconds
[2024-05-05T04:03:18.286+0000] {processor.py:161} INFO - Started process (PID=8608) to work on /home/airflow/.local/lib/python3.12/site-packages/airflow/example_dags/example_xcomargs.py
[2024-05-05T04:03:18.301+0000] {processor.py:830} INFO - Processing file /home/airflow/.local/lib/python3.12/site-packages/airflow/example_dags/example_xcomargs.py for tasks to queue
[2024-05-05T04:03:18.320+0000] {logging_mixin.py:188} INFO - [2024-05-05T04:03:18.317+0000] {dagbag.py:540} INFO - Filling up the DagBag from /home/airflow/.local/lib/python3.12/site-packages/airflow/example_dags/example_xcomargs.py
[2024-05-05T04:03:18.387+0000] {processor.py:840} INFO - DAG(s) 'example_xcom_args_with_operators', 'example_xcom_args' retrieved from /home/airflow/.local/lib/python3.12/site-packages/airflow/example_dags/example_xcomargs.py
[2024-05-05T04:03:18.597+0000] {logging_mixin.py:188} INFO - [2024-05-05T04:03:18.596+0000] {dag.py:3096} INFO - Sync 2 DAGs
[2024-05-05T04:03:18.703+0000] {logging_mixin.py:188} INFO - [2024-05-05T04:03:18.702+0000] {dag.py:3954} INFO - Setting next_dagrun for example_xcom_args to None, run_after=None
[2024-05-05T04:03:18.733+0000] {logging_mixin.py:188} INFO - [2024-05-05T04:03:18.731+0000] {dag.py:3954} INFO - Setting next_dagrun for example_xcom_args_with_operators to None, run_after=None
[2024-05-05T04:03:18.830+0000] {processor.py:183} INFO - Processing /home/airflow/.local/lib/python3.12/site-packages/airflow/example_dags/example_xcomargs.py took 0.574 seconds
[2024-05-05T04:03:59.320+0000] {processor.py:161} INFO - Started process (PID=8664) to work on /home/airflow/.local/lib/python3.12/site-packages/airflow/example_dags/example_xcomargs.py
[2024-05-05T04:03:59.337+0000] {processor.py:830} INFO - Processing file /home/airflow/.local/lib/python3.12/site-packages/airflow/example_dags/example_xcomargs.py for tasks to queue
[2024-05-05T04:03:59.357+0000] {logging_mixin.py:188} INFO - [2024-05-05T04:03:59.356+0000] {dagbag.py:540} INFO - Filling up the DagBag from /home/airflow/.local/lib/python3.12/site-packages/airflow/example_dags/example_xcomargs.py
[2024-05-05T04:03:59.498+0000] {processor.py:840} INFO - DAG(s) 'example_xcom_args_with_operators', 'example_xcom_args' retrieved from /home/airflow/.local/lib/python3.12/site-packages/airflow/example_dags/example_xcomargs.py
[2024-05-05T04:04:00.046+0000] {logging_mixin.py:188} INFO - [2024-05-05T04:04:00.046+0000] {dag.py:3096} INFO - Sync 2 DAGs
[2024-05-05T04:04:00.120+0000] {logging_mixin.py:188} INFO - [2024-05-05T04:04:00.119+0000] {dag.py:3954} INFO - Setting next_dagrun for example_xcom_args to None, run_after=None
[2024-05-05T04:04:00.139+0000] {logging_mixin.py:188} INFO - [2024-05-05T04:04:00.138+0000] {dag.py:3954} INFO - Setting next_dagrun for example_xcom_args_with_operators to None, run_after=None
[2024-05-05T04:04:00.219+0000] {processor.py:183} INFO - Processing /home/airflow/.local/lib/python3.12/site-packages/airflow/example_dags/example_xcomargs.py took 0.948 seconds
[2024-05-05T04:04:38.070+0000] {processor.py:161} INFO - Started process (PID=8723) to work on /home/airflow/.local/lib/python3.12/site-packages/airflow/example_dags/example_xcomargs.py
[2024-05-05T04:04:38.091+0000] {processor.py:830} INFO - Processing file /home/airflow/.local/lib/python3.12/site-packages/airflow/example_dags/example_xcomargs.py for tasks to queue
[2024-05-05T04:04:38.103+0000] {logging_mixin.py:188} INFO - [2024-05-05T04:04:38.101+0000] {dagbag.py:540} INFO - Filling up the DagBag from /home/airflow/.local/lib/python3.12/site-packages/airflow/example_dags/example_xcomargs.py
[2024-05-05T04:04:38.156+0000] {processor.py:840} INFO - DAG(s) 'example_xcom_args_with_operators', 'example_xcom_args' retrieved from /home/airflow/.local/lib/python3.12/site-packages/airflow/example_dags/example_xcomargs.py
[2024-05-05T04:04:38.323+0000] {logging_mixin.py:188} INFO - [2024-05-05T04:04:38.322+0000] {dag.py:3096} INFO - Sync 2 DAGs
[2024-05-05T04:04:38.412+0000] {logging_mixin.py:188} INFO - [2024-05-05T04:04:38.411+0000] {dag.py:3954} INFO - Setting next_dagrun for example_xcom_args to None, run_after=None
[2024-05-05T04:04:38.431+0000] {logging_mixin.py:188} INFO - [2024-05-05T04:04:38.430+0000] {dag.py:3954} INFO - Setting next_dagrun for example_xcom_args_with_operators to None, run_after=None
[2024-05-05T04:04:38.516+0000] {processor.py:183} INFO - Processing /home/airflow/.local/lib/python3.12/site-packages/airflow/example_dags/example_xcomargs.py took 0.477 seconds
[2024-05-05T04:05:21.958+0000] {processor.py:161} INFO - Started process (PID=8787) to work on /home/airflow/.local/lib/python3.12/site-packages/airflow/example_dags/example_xcomargs.py
[2024-05-05T04:05:21.970+0000] {processor.py:830} INFO - Processing file /home/airflow/.local/lib/python3.12/site-packages/airflow/example_dags/example_xcomargs.py for tasks to queue
[2024-05-05T04:05:21.991+0000] {logging_mixin.py:188} INFO - [2024-05-05T04:05:21.989+0000] {dagbag.py:540} INFO - Filling up the DagBag from /home/airflow/.local/lib/python3.12/site-packages/airflow/example_dags/example_xcomargs.py
[2024-05-05T04:05:22.047+0000] {processor.py:840} INFO - DAG(s) 'example_xcom_args_with_operators', 'example_xcom_args' retrieved from /home/airflow/.local/lib/python3.12/site-packages/airflow/example_dags/example_xcomargs.py
[2024-05-05T04:05:22.236+0000] {logging_mixin.py:188} INFO - [2024-05-05T04:05:22.235+0000] {dag.py:3096} INFO - Sync 2 DAGs
[2024-05-05T04:05:22.327+0000] {logging_mixin.py:188} INFO - [2024-05-05T04:05:22.326+0000] {dag.py:3954} INFO - Setting next_dagrun for example_xcom_args to None, run_after=None
[2024-05-05T04:05:22.347+0000] {logging_mixin.py:188} INFO - [2024-05-05T04:05:22.346+0000] {dag.py:3954} INFO - Setting next_dagrun for example_xcom_args_with_operators to None, run_after=None
[2024-05-05T04:05:22.433+0000] {processor.py:183} INFO - Processing /home/airflow/.local/lib/python3.12/site-packages/airflow/example_dags/example_xcomargs.py took 0.519 seconds
[2024-05-05T04:06:15.639+0000] {processor.py:161} INFO - Started process (PID=8845) to work on /home/airflow/.local/lib/python3.12/site-packages/airflow/example_dags/example_xcomargs.py
[2024-05-05T04:06:15.675+0000] {processor.py:830} INFO - Processing file /home/airflow/.local/lib/python3.12/site-packages/airflow/example_dags/example_xcomargs.py for tasks to queue
[2024-05-05T04:06:15.716+0000] {logging_mixin.py:188} INFO - [2024-05-05T04:06:15.704+0000] {dagbag.py:540} INFO - Filling up the DagBag from /home/airflow/.local/lib/python3.12/site-packages/airflow/example_dags/example_xcomargs.py
[2024-05-05T04:06:16.329+0000] {processor.py:840} INFO - DAG(s) 'example_xcom_args', 'example_xcom_args_with_operators' retrieved from /home/airflow/.local/lib/python3.12/site-packages/airflow/example_dags/example_xcomargs.py
[2024-05-05T04:06:17.364+0000] {logging_mixin.py:188} INFO - [2024-05-05T04:06:17.347+0000] {dag.py:3096} INFO - Sync 2 DAGs
[2024-05-05T04:06:17.990+0000] {logging_mixin.py:188} INFO - [2024-05-05T04:06:17.983+0000] {dag.py:3954} INFO - Setting next_dagrun for example_xcom_args to None, run_after=None
[2024-05-05T04:06:18.137+0000] {logging_mixin.py:188} INFO - [2024-05-05T04:06:18.136+0000] {dag.py:3954} INFO - Setting next_dagrun for example_xcom_args_with_operators to None, run_after=None
[2024-05-05T04:06:18.452+0000] {processor.py:183} INFO - Processing /home/airflow/.local/lib/python3.12/site-packages/airflow/example_dags/example_xcomargs.py took 2.956 seconds
[2024-05-05T04:07:41.369+0000] {processor.py:161} INFO - Started process (PID=8908) to work on /home/airflow/.local/lib/python3.12/site-packages/airflow/example_dags/example_xcomargs.py
[2024-05-05T04:07:41.422+0000] {processor.py:830} INFO - Processing file /home/airflow/.local/lib/python3.12/site-packages/airflow/example_dags/example_xcomargs.py for tasks to queue
[2024-05-05T04:07:41.461+0000] {logging_mixin.py:188} INFO - [2024-05-05T04:07:41.442+0000] {dagbag.py:540} INFO - Filling up the DagBag from /home/airflow/.local/lib/python3.12/site-packages/airflow/example_dags/example_xcomargs.py
[2024-05-05T04:07:42.031+0000] {processor.py:840} INFO - DAG(s) 'example_xcom_args', 'example_xcom_args_with_operators' retrieved from /home/airflow/.local/lib/python3.12/site-packages/airflow/example_dags/example_xcomargs.py
[2024-05-05T04:07:42.829+0000] {logging_mixin.py:188} INFO - [2024-05-05T04:07:42.818+0000] {dag.py:3096} INFO - Sync 2 DAGs
[2024-05-05T04:07:43.478+0000] {logging_mixin.py:188} INFO - [2024-05-05T04:07:43.465+0000] {dag.py:3954} INFO - Setting next_dagrun for example_xcom_args to None, run_after=None
[2024-05-05T04:07:43.627+0000] {logging_mixin.py:188} INFO - [2024-05-05T04:07:43.626+0000] {dag.py:3954} INFO - Setting next_dagrun for example_xcom_args_with_operators to None, run_after=None
[2024-05-05T04:07:44.333+0000] {processor.py:183} INFO - Processing /home/airflow/.local/lib/python3.12/site-packages/airflow/example_dags/example_xcomargs.py took 3.179 seconds
[2024-05-05T04:10:08.836+0000] {processor.py:161} INFO - Started process (PID=9006) to work on /home/airflow/.local/lib/python3.12/site-packages/airflow/example_dags/example_xcomargs.py
[2024-05-05T04:10:08.931+0000] {processor.py:830} INFO - Processing file /home/airflow/.local/lib/python3.12/site-packages/airflow/example_dags/example_xcomargs.py for tasks to queue
[2024-05-05T04:10:09.009+0000] {logging_mixin.py:188} INFO - [2024-05-05T04:10:09.003+0000] {dagbag.py:540} INFO - Filling up the DagBag from /home/airflow/.local/lib/python3.12/site-packages/airflow/example_dags/example_xcomargs.py
[2024-05-05T04:10:09.556+0000] {processor.py:840} INFO - DAG(s) 'example_xcom_args_with_operators', 'example_xcom_args' retrieved from /home/airflow/.local/lib/python3.12/site-packages/airflow/example_dags/example_xcomargs.py
[2024-05-05T04:10:10.380+0000] {logging_mixin.py:188} INFO - [2024-05-05T04:10:10.378+0000] {dag.py:3096} INFO - Sync 2 DAGs
[2024-05-05T04:10:11.197+0000] {logging_mixin.py:188} INFO - [2024-05-05T04:10:11.195+0000] {dag.py:3954} INFO - Setting next_dagrun for example_xcom_args to None, run_after=None
[2024-05-05T04:10:11.330+0000] {logging_mixin.py:188} INFO - [2024-05-05T04:10:11.317+0000] {dag.py:3954} INFO - Setting next_dagrun for example_xcom_args_with_operators to None, run_after=None
[2024-05-05T04:10:11.754+0000] {processor.py:183} INFO - Processing /home/airflow/.local/lib/python3.12/site-packages/airflow/example_dags/example_xcomargs.py took 3.385 seconds
[2024-05-05T04:11:24.097+0000] {processor.py:161} INFO - Started process (PID=9052) to work on /home/airflow/.local/lib/python3.12/site-packages/airflow/example_dags/example_xcomargs.py
[2024-05-05T04:11:24.122+0000] {processor.py:830} INFO - Processing file /home/airflow/.local/lib/python3.12/site-packages/airflow/example_dags/example_xcomargs.py for tasks to queue
[2024-05-05T04:11:24.149+0000] {logging_mixin.py:188} INFO - [2024-05-05T04:11:24.137+0000] {dagbag.py:540} INFO - Filling up the DagBag from /home/airflow/.local/lib/python3.12/site-packages/airflow/example_dags/example_xcomargs.py
[2024-05-05T04:11:24.831+0000] {processor.py:840} INFO - DAG(s) 'example_xcom_args', 'example_xcom_args_with_operators' retrieved from /home/airflow/.local/lib/python3.12/site-packages/airflow/example_dags/example_xcomargs.py
[2024-05-05T04:11:25.676+0000] {logging_mixin.py:188} INFO - [2024-05-05T04:11:25.670+0000] {dag.py:3096} INFO - Sync 2 DAGs
[2024-05-05T04:11:26.209+0000] {logging_mixin.py:188} INFO - [2024-05-05T04:11:26.207+0000] {dag.py:3954} INFO - Setting next_dagrun for example_xcom_args to None, run_after=None
[2024-05-05T04:11:26.386+0000] {logging_mixin.py:188} INFO - [2024-05-05T04:11:26.373+0000] {dag.py:3954} INFO - Setting next_dagrun for example_xcom_args_with_operators to None, run_after=None
[2024-05-05T04:11:27.132+0000] {processor.py:183} INFO - Processing /home/airflow/.local/lib/python3.12/site-packages/airflow/example_dags/example_xcomargs.py took 3.361 seconds
[2024-05-05T04:12:32.279+0000] {processor.py:161} INFO - Started process (PID=9099) to work on /home/airflow/.local/lib/python3.12/site-packages/airflow/example_dags/example_xcomargs.py
[2024-05-05T04:12:32.301+0000] {processor.py:830} INFO - Processing file /home/airflow/.local/lib/python3.12/site-packages/airflow/example_dags/example_xcomargs.py for tasks to queue
[2024-05-05T04:12:32.477+0000] {logging_mixin.py:188} INFO - [2024-05-05T04:12:32.338+0000] {dagbag.py:540} INFO - Filling up the DagBag from /home/airflow/.local/lib/python3.12/site-packages/airflow/example_dags/example_xcomargs.py
[2024-05-05T04:12:33.153+0000] {processor.py:840} INFO - DAG(s) 'example_xcom_args_with_operators', 'example_xcom_args' retrieved from /home/airflow/.local/lib/python3.12/site-packages/airflow/example_dags/example_xcomargs.py
[2024-05-05T04:12:33.898+0000] {logging_mixin.py:188} INFO - [2024-05-05T04:12:33.896+0000] {dag.py:3096} INFO - Sync 2 DAGs
[2024-05-05T04:12:34.293+0000] {logging_mixin.py:188} INFO - [2024-05-05T04:12:34.279+0000] {dag.py:3954} INFO - Setting next_dagrun for example_xcom_args to None, run_after=None
[2024-05-05T04:12:34.378+0000] {logging_mixin.py:188} INFO - [2024-05-05T04:12:34.374+0000] {dag.py:3954} INFO - Setting next_dagrun for example_xcom_args_with_operators to None, run_after=None
[2024-05-05T04:12:34.883+0000] {processor.py:183} INFO - Processing /home/airflow/.local/lib/python3.12/site-packages/airflow/example_dags/example_xcomargs.py took 3.117 seconds
[2024-05-05T04:13:52.576+0000] {processor.py:161} INFO - Started process (PID=9152) to work on /home/airflow/.local/lib/python3.12/site-packages/airflow/example_dags/example_xcomargs.py
[2024-05-05T04:13:52.631+0000] {processor.py:830} INFO - Processing file /home/airflow/.local/lib/python3.12/site-packages/airflow/example_dags/example_xcomargs.py for tasks to queue
[2024-05-05T04:13:52.668+0000] {logging_mixin.py:188} INFO - [2024-05-05T04:13:52.658+0000] {dagbag.py:540} INFO - Filling up the DagBag from /home/airflow/.local/lib/python3.12/site-packages/airflow/example_dags/example_xcomargs.py
[2024-05-05T04:13:52.938+0000] {processor.py:840} INFO - DAG(s) 'example_xcom_args', 'example_xcom_args_with_operators' retrieved from /home/airflow/.local/lib/python3.12/site-packages/airflow/example_dags/example_xcomargs.py
[2024-05-05T04:13:53.738+0000] {logging_mixin.py:188} INFO - [2024-05-05T04:13:53.737+0000] {dag.py:3096} INFO - Sync 2 DAGs
[2024-05-05T04:13:54.176+0000] {logging_mixin.py:188} INFO - [2024-05-05T04:13:54.174+0000] {dag.py:3954} INFO - Setting next_dagrun for example_xcom_args to None, run_after=None
[2024-05-05T04:13:54.433+0000] {logging_mixin.py:188} INFO - [2024-05-05T04:13:54.432+0000] {dag.py:3954} INFO - Setting next_dagrun for example_xcom_args_with_operators to None, run_after=None
[2024-05-05T04:13:54.873+0000] {processor.py:183} INFO - Processing /home/airflow/.local/lib/python3.12/site-packages/airflow/example_dags/example_xcomargs.py took 2.803 seconds
[2024-05-05T04:15:07.843+0000] {processor.py:161} INFO - Started process (PID=9203) to work on /home/airflow/.local/lib/python3.12/site-packages/airflow/example_dags/example_xcomargs.py
[2024-05-05T04:15:07.876+0000] {processor.py:830} INFO - Processing file /home/airflow/.local/lib/python3.12/site-packages/airflow/example_dags/example_xcomargs.py for tasks to queue
[2024-05-05T04:15:07.916+0000] {logging_mixin.py:188} INFO - [2024-05-05T04:15:07.900+0000] {dagbag.py:540} INFO - Filling up the DagBag from /home/airflow/.local/lib/python3.12/site-packages/airflow/example_dags/example_xcomargs.py
[2024-05-05T04:15:08.562+0000] {processor.py:840} INFO - DAG(s) 'example_xcom_args_with_operators', 'example_xcom_args' retrieved from /home/airflow/.local/lib/python3.12/site-packages/airflow/example_dags/example_xcomargs.py
[2024-05-05T04:15:10.826+0000] {logging_mixin.py:188} INFO - [2024-05-05T04:15:10.747+0000] {dag.py:3096} INFO - Sync 2 DAGs
[2024-05-05T04:15:11.232+0000] {logging_mixin.py:188} INFO - [2024-05-05T04:15:11.224+0000] {dag.py:3954} INFO - Setting next_dagrun for example_xcom_args to None, run_after=None
[2024-05-05T04:15:11.337+0000] {logging_mixin.py:188} INFO - [2024-05-05T04:15:11.334+0000] {dag.py:3954} INFO - Setting next_dagrun for example_xcom_args_with_operators to None, run_after=None
[2024-05-05T04:15:11.669+0000] {processor.py:183} INFO - Processing /home/airflow/.local/lib/python3.12/site-packages/airflow/example_dags/example_xcomargs.py took 4.278 seconds
[2024-05-05T04:16:26.186+0000] {processor.py:161} INFO - Started process (PID=9249) to work on /home/airflow/.local/lib/python3.12/site-packages/airflow/example_dags/example_xcomargs.py
[2024-05-05T04:16:26.219+0000] {processor.py:830} INFO - Processing file /home/airflow/.local/lib/python3.12/site-packages/airflow/example_dags/example_xcomargs.py for tasks to queue
[2024-05-05T04:16:26.247+0000] {logging_mixin.py:188} INFO - [2024-05-05T04:16:26.242+0000] {dagbag.py:540} INFO - Filling up the DagBag from /home/airflow/.local/lib/python3.12/site-packages/airflow/example_dags/example_xcomargs.py
[2024-05-05T04:16:26.516+0000] {processor.py:840} INFO - DAG(s) 'example_xcom_args', 'example_xcom_args_with_operators' retrieved from /home/airflow/.local/lib/python3.12/site-packages/airflow/example_dags/example_xcomargs.py
[2024-05-05T04:16:27.324+0000] {logging_mixin.py:188} INFO - [2024-05-05T04:16:27.310+0000] {dag.py:3096} INFO - Sync 2 DAGs
[2024-05-05T04:16:27.788+0000] {logging_mixin.py:188} INFO - [2024-05-05T04:16:27.786+0000] {dag.py:3954} INFO - Setting next_dagrun for example_xcom_args to None, run_after=None
[2024-05-05T04:16:28.063+0000] {logging_mixin.py:188} INFO - [2024-05-05T04:16:28.051+0000] {dag.py:3954} INFO - Setting next_dagrun for example_xcom_args_with_operators to None, run_after=None
[2024-05-05T04:16:28.952+0000] {processor.py:183} INFO - Processing /home/airflow/.local/lib/python3.12/site-packages/airflow/example_dags/example_xcomargs.py took 2.884 seconds
[2024-05-05T04:17:38.335+0000] {processor.py:161} INFO - Started process (PID=9305) to work on /home/airflow/.local/lib/python3.12/site-packages/airflow/example_dags/example_xcomargs.py
[2024-05-05T04:17:38.385+0000] {processor.py:830} INFO - Processing file /home/airflow/.local/lib/python3.12/site-packages/airflow/example_dags/example_xcomargs.py for tasks to queue
[2024-05-05T04:17:38.442+0000] {logging_mixin.py:188} INFO - [2024-05-05T04:17:38.411+0000] {dagbag.py:540} INFO - Filling up the DagBag from /home/airflow/.local/lib/python3.12/site-packages/airflow/example_dags/example_xcomargs.py
[2024-05-05T04:17:38.942+0000] {processor.py:840} INFO - DAG(s) 'example_xcom_args_with_operators', 'example_xcom_args' retrieved from /home/airflow/.local/lib/python3.12/site-packages/airflow/example_dags/example_xcomargs.py
[2024-05-05T04:17:40.069+0000] {logging_mixin.py:188} INFO - [2024-05-05T04:17:40.067+0000] {dag.py:3096} INFO - Sync 2 DAGs
[2024-05-05T04:17:40.416+0000] {logging_mixin.py:188} INFO - [2024-05-05T04:17:40.415+0000] {dag.py:3954} INFO - Setting next_dagrun for example_xcom_args to None, run_after=None
[2024-05-05T04:17:40.629+0000] {logging_mixin.py:188} INFO - [2024-05-05T04:17:40.627+0000] {dag.py:3954} INFO - Setting next_dagrun for example_xcom_args_with_operators to None, run_after=None
[2024-05-05T04:17:41.566+0000] {processor.py:183} INFO - Processing /home/airflow/.local/lib/python3.12/site-packages/airflow/example_dags/example_xcomargs.py took 3.623 seconds
[2024-05-05T04:18:58.990+0000] {processor.py:161} INFO - Started process (PID=9353) to work on /home/airflow/.local/lib/python3.12/site-packages/airflow/example_dags/example_xcomargs.py
[2024-05-05T04:18:59.026+0000] {processor.py:830} INFO - Processing file /home/airflow/.local/lib/python3.12/site-packages/airflow/example_dags/example_xcomargs.py for tasks to queue
[2024-05-05T04:18:59.097+0000] {logging_mixin.py:188} INFO - [2024-05-05T04:18:59.073+0000] {dagbag.py:540} INFO - Filling up the DagBag from /home/airflow/.local/lib/python3.12/site-packages/airflow/example_dags/example_xcomargs.py
[2024-05-05T04:18:59.590+0000] {processor.py:840} INFO - DAG(s) 'example_xcom_args', 'example_xcom_args_with_operators' retrieved from /home/airflow/.local/lib/python3.12/site-packages/airflow/example_dags/example_xcomargs.py
[2024-05-05T04:19:01.001+0000] {logging_mixin.py:188} INFO - [2024-05-05T04:19:00.999+0000] {dag.py:3096} INFO - Sync 2 DAGs
[2024-05-05T04:19:01.486+0000] {logging_mixin.py:188} INFO - [2024-05-05T04:19:01.453+0000] {dag.py:3954} INFO - Setting next_dagrun for example_xcom_args to None, run_after=None
[2024-05-05T04:19:01.624+0000] {logging_mixin.py:188} INFO - [2024-05-05T04:19:01.623+0000] {dag.py:3954} INFO - Setting next_dagrun for example_xcom_args_with_operators to None, run_after=None
[2024-05-05T04:19:02.323+0000] {processor.py:183} INFO - Processing /home/airflow/.local/lib/python3.12/site-packages/airflow/example_dags/example_xcomargs.py took 3.852 seconds
[2024-05-05T04:20:06.683+0000] {processor.py:161} INFO - Started process (PID=9401) to work on /home/airflow/.local/lib/python3.12/site-packages/airflow/example_dags/example_xcomargs.py
[2024-05-05T04:20:06.719+0000] {processor.py:830} INFO - Processing file /home/airflow/.local/lib/python3.12/site-packages/airflow/example_dags/example_xcomargs.py for tasks to queue
[2024-05-05T04:20:06.833+0000] {logging_mixin.py:188} INFO - [2024-05-05T04:20:06.782+0000] {dagbag.py:540} INFO - Filling up the DagBag from /home/airflow/.local/lib/python3.12/site-packages/airflow/example_dags/example_xcomargs.py
[2024-05-05T04:20:07.405+0000] {processor.py:840} INFO - DAG(s) 'example_xcom_args', 'example_xcom_args_with_operators' retrieved from /home/airflow/.local/lib/python3.12/site-packages/airflow/example_dags/example_xcomargs.py
[2024-05-05T04:20:08.239+0000] {logging_mixin.py:188} INFO - [2024-05-05T04:20:08.237+0000] {dag.py:3096} INFO - Sync 2 DAGs
[2024-05-05T04:20:08.697+0000] {logging_mixin.py:188} INFO - [2024-05-05T04:20:08.695+0000] {dag.py:3954} INFO - Setting next_dagrun for example_xcom_args to None, run_after=None
[2024-05-05T04:20:08.875+0000] {logging_mixin.py:188} INFO - [2024-05-05T04:20:08.873+0000] {dag.py:3954} INFO - Setting next_dagrun for example_xcom_args_with_operators to None, run_after=None
[2024-05-05T04:20:10.542+0000] {processor.py:183} INFO - Processing /home/airflow/.local/lib/python3.12/site-packages/airflow/example_dags/example_xcomargs.py took 3.993 seconds
[2024-05-05T04:21:21.994+0000] {processor.py:161} INFO - Started process (PID=9446) to work on /home/airflow/.local/lib/python3.12/site-packages/airflow/example_dags/example_xcomargs.py
[2024-05-05T04:21:22.099+0000] {processor.py:830} INFO - Processing file /home/airflow/.local/lib/python3.12/site-packages/airflow/example_dags/example_xcomargs.py for tasks to queue
[2024-05-05T04:21:22.189+0000] {logging_mixin.py:188} INFO - [2024-05-05T04:21:22.153+0000] {dagbag.py:540} INFO - Filling up the DagBag from /home/airflow/.local/lib/python3.12/site-packages/airflow/example_dags/example_xcomargs.py
[2024-05-05T04:21:22.756+0000] {processor.py:840} INFO - DAG(s) 'example_xcom_args', 'example_xcom_args_with_operators' retrieved from /home/airflow/.local/lib/python3.12/site-packages/airflow/example_dags/example_xcomargs.py
[2024-05-05T04:21:23.692+0000] {logging_mixin.py:188} INFO - [2024-05-05T04:21:23.685+0000] {dag.py:3096} INFO - Sync 2 DAGs
[2024-05-05T04:21:24.496+0000] {logging_mixin.py:188} INFO - [2024-05-05T04:21:24.466+0000] {dag.py:3954} INFO - Setting next_dagrun for example_xcom_args to None, run_after=None
[2024-05-05T04:21:24.820+0000] {logging_mixin.py:188} INFO - [2024-05-05T04:21:24.777+0000] {dag.py:3954} INFO - Setting next_dagrun for example_xcom_args_with_operators to None, run_after=None
[2024-05-05T04:21:25.867+0000] {processor.py:183} INFO - Processing /home/airflow/.local/lib/python3.12/site-packages/airflow/example_dags/example_xcomargs.py took 4.076 seconds
[2024-05-05T04:22:34.016+0000] {processor.py:161} INFO - Started process (PID=9501) to work on /home/airflow/.local/lib/python3.12/site-packages/airflow/example_dags/example_xcomargs.py
[2024-05-05T04:22:34.052+0000] {processor.py:830} INFO - Processing file /home/airflow/.local/lib/python3.12/site-packages/airflow/example_dags/example_xcomargs.py for tasks to queue
[2024-05-05T04:22:34.084+0000] {logging_mixin.py:188} INFO - [2024-05-05T04:22:34.072+0000] {dagbag.py:540} INFO - Filling up the DagBag from /home/airflow/.local/lib/python3.12/site-packages/airflow/example_dags/example_xcomargs.py
[2024-05-05T04:22:34.367+0000] {processor.py:840} INFO - DAG(s) 'example_xcom_args_with_operators', 'example_xcom_args' retrieved from /home/airflow/.local/lib/python3.12/site-packages/airflow/example_dags/example_xcomargs.py
[2024-05-05T04:22:35.062+0000] {logging_mixin.py:188} INFO - [2024-05-05T04:22:35.060+0000] {dag.py:3096} INFO - Sync 2 DAGs
[2024-05-05T04:22:35.496+0000] {logging_mixin.py:188} INFO - [2024-05-05T04:22:35.489+0000] {dag.py:3954} INFO - Setting next_dagrun for example_xcom_args to None, run_after=None
[2024-05-05T04:22:35.635+0000] {logging_mixin.py:188} INFO - [2024-05-05T04:22:35.621+0000] {dag.py:3954} INFO - Setting next_dagrun for example_xcom_args_with_operators to None, run_after=None
[2024-05-05T04:22:36.555+0000] {processor.py:183} INFO - Processing /home/airflow/.local/lib/python3.12/site-packages/airflow/example_dags/example_xcomargs.py took 2.746 seconds
[2024-05-05T04:23:56.930+0000] {processor.py:161} INFO - Started process (PID=9548) to work on /home/airflow/.local/lib/python3.12/site-packages/airflow/example_dags/example_xcomargs.py
[2024-05-05T04:23:56.966+0000] {processor.py:830} INFO - Processing file /home/airflow/.local/lib/python3.12/site-packages/airflow/example_dags/example_xcomargs.py for tasks to queue
[2024-05-05T04:23:57.013+0000] {logging_mixin.py:188} INFO - [2024-05-05T04:23:56.986+0000] {dagbag.py:540} INFO - Filling up the DagBag from /home/airflow/.local/lib/python3.12/site-packages/airflow/example_dags/example_xcomargs.py
[2024-05-05T04:23:57.402+0000] {processor.py:840} INFO - DAG(s) 'example_xcom_args_with_operators', 'example_xcom_args' retrieved from /home/airflow/.local/lib/python3.12/site-packages/airflow/example_dags/example_xcomargs.py
[2024-05-05T04:23:57.891+0000] {logging_mixin.py:188} INFO - [2024-05-05T04:23:57.879+0000] {dag.py:3096} INFO - Sync 2 DAGs
[2024-05-05T04:23:58.340+0000] {logging_mixin.py:188} INFO - [2024-05-05T04:23:58.330+0000] {dag.py:3954} INFO - Setting next_dagrun for example_xcom_args to None, run_after=None
[2024-05-05T04:23:58.496+0000] {logging_mixin.py:188} INFO - [2024-05-05T04:23:58.492+0000] {dag.py:3954} INFO - Setting next_dagrun for example_xcom_args_with_operators to None, run_after=None
[2024-05-05T04:23:58.895+0000] {processor.py:183} INFO - Processing /home/airflow/.local/lib/python3.12/site-packages/airflow/example_dags/example_xcomargs.py took 2.092 seconds
[2024-05-05T04:25:12.463+0000] {processor.py:161} INFO - Started process (PID=9598) to work on /home/airflow/.local/lib/python3.12/site-packages/airflow/example_dags/example_xcomargs.py
[2024-05-05T04:25:12.493+0000] {processor.py:830} INFO - Processing file /home/airflow/.local/lib/python3.12/site-packages/airflow/example_dags/example_xcomargs.py for tasks to queue
[2024-05-05T04:25:12.505+0000] {logging_mixin.py:188} INFO - [2024-05-05T04:25:12.503+0000] {dagbag.py:540} INFO - Filling up the DagBag from /home/airflow/.local/lib/python3.12/site-packages/airflow/example_dags/example_xcomargs.py
[2024-05-05T04:25:13.007+0000] {processor.py:840} INFO - DAG(s) 'example_xcom_args_with_operators', 'example_xcom_args' retrieved from /home/airflow/.local/lib/python3.12/site-packages/airflow/example_dags/example_xcomargs.py
[2024-05-05T04:25:15.060+0000] {logging_mixin.py:188} INFO - [2024-05-05T04:25:14.967+0000] {dag.py:3096} INFO - Sync 2 DAGs
[2024-05-05T04:25:16.308+0000] {logging_mixin.py:188} INFO - [2024-05-05T04:25:16.296+0000] {dag.py:3954} INFO - Setting next_dagrun for example_xcom_args to None, run_after=None
[2024-05-05T04:25:16.409+0000] {logging_mixin.py:188} INFO - [2024-05-05T04:25:16.396+0000] {dag.py:3954} INFO - Setting next_dagrun for example_xcom_args_with_operators to None, run_after=None
[2024-05-05T04:25:16.916+0000] {processor.py:183} INFO - Processing /home/airflow/.local/lib/python3.12/site-packages/airflow/example_dags/example_xcomargs.py took 4.712 seconds
[2024-05-05T04:26:33.368+0000] {processor.py:161} INFO - Started process (PID=9651) to work on /home/airflow/.local/lib/python3.12/site-packages/airflow/example_dags/example_xcomargs.py
[2024-05-05T04:26:33.401+0000] {processor.py:830} INFO - Processing file /home/airflow/.local/lib/python3.12/site-packages/airflow/example_dags/example_xcomargs.py for tasks to queue
[2024-05-05T04:26:33.412+0000] {logging_mixin.py:188} INFO - [2024-05-05T04:26:33.410+0000] {dagbag.py:540} INFO - Filling up the DagBag from /home/airflow/.local/lib/python3.12/site-packages/airflow/example_dags/example_xcomargs.py
[2024-05-05T04:26:33.807+0000] {processor.py:840} INFO - DAG(s) 'example_xcom_args', 'example_xcom_args_with_operators' retrieved from /home/airflow/.local/lib/python3.12/site-packages/airflow/example_dags/example_xcomargs.py
[2024-05-05T04:26:34.405+0000] {logging_mixin.py:188} INFO - [2024-05-05T04:26:34.401+0000] {dag.py:3096} INFO - Sync 2 DAGs
[2024-05-05T04:26:35.040+0000] {logging_mixin.py:188} INFO - [2024-05-05T04:26:35.004+0000] {dag.py:3954} INFO - Setting next_dagrun for example_xcom_args to None, run_after=None
[2024-05-05T04:26:35.362+0000] {logging_mixin.py:188} INFO - [2024-05-05T04:26:35.356+0000] {dag.py:3954} INFO - Setting next_dagrun for example_xcom_args_with_operators to None, run_after=None
[2024-05-05T04:26:35.759+0000] {processor.py:183} INFO - Processing /home/airflow/.local/lib/python3.12/site-packages/airflow/example_dags/example_xcomargs.py took 2.572 seconds
[2024-05-05T04:27:52.619+0000] {processor.py:161} INFO - Started process (PID=9704) to work on /home/airflow/.local/lib/python3.12/site-packages/airflow/example_dags/example_xcomargs.py
[2024-05-05T04:27:52.648+0000] {processor.py:830} INFO - Processing file /home/airflow/.local/lib/python3.12/site-packages/airflow/example_dags/example_xcomargs.py for tasks to queue
[2024-05-05T04:27:52.669+0000] {logging_mixin.py:188} INFO - [2024-05-05T04:27:52.666+0000] {dagbag.py:540} INFO - Filling up the DagBag from /home/airflow/.local/lib/python3.12/site-packages/airflow/example_dags/example_xcomargs.py
[2024-05-05T04:27:53.029+0000] {processor.py:840} INFO - DAG(s) 'example_xcom_args', 'example_xcom_args_with_operators' retrieved from /home/airflow/.local/lib/python3.12/site-packages/airflow/example_dags/example_xcomargs.py
[2024-05-05T04:27:53.737+0000] {logging_mixin.py:188} INFO - [2024-05-05T04:27:53.735+0000] {dag.py:3096} INFO - Sync 2 DAGs
[2024-05-05T04:27:54.233+0000] {logging_mixin.py:188} INFO - [2024-05-05T04:27:54.222+0000] {dag.py:3954} INFO - Setting next_dagrun for example_xcom_args to None, run_after=None
[2024-05-05T04:27:54.358+0000] {logging_mixin.py:188} INFO - [2024-05-05T04:27:54.344+0000] {dag.py:3954} INFO - Setting next_dagrun for example_xcom_args_with_operators to None, run_after=None
[2024-05-05T04:27:54.892+0000] {processor.py:183} INFO - Processing /home/airflow/.local/lib/python3.12/site-packages/airflow/example_dags/example_xcomargs.py took 2.456 seconds
[2024-05-05T04:29:12.599+0000] {processor.py:161} INFO - Started process (PID=9757) to work on /home/airflow/.local/lib/python3.12/site-packages/airflow/example_dags/example_xcomargs.py
[2024-05-05T04:29:12.649+0000] {processor.py:830} INFO - Processing file /home/airflow/.local/lib/python3.12/site-packages/airflow/example_dags/example_xcomargs.py for tasks to queue
[2024-05-05T04:29:12.705+0000] {logging_mixin.py:188} INFO - [2024-05-05T04:29:12.672+0000] {dagbag.py:540} INFO - Filling up the DagBag from /home/airflow/.local/lib/python3.12/site-packages/airflow/example_dags/example_xcomargs.py
[2024-05-05T04:29:13.095+0000] {processor.py:840} INFO - DAG(s) 'example_xcom_args', 'example_xcom_args_with_operators' retrieved from /home/airflow/.local/lib/python3.12/site-packages/airflow/example_dags/example_xcomargs.py
[2024-05-05T04:29:13.822+0000] {logging_mixin.py:188} INFO - [2024-05-05T04:29:13.804+0000] {dag.py:3096} INFO - Sync 2 DAGs
[2024-05-05T04:29:14.314+0000] {logging_mixin.py:188} INFO - [2024-05-05T04:29:14.303+0000] {dag.py:3954} INFO - Setting next_dagrun for example_xcom_args to None, run_after=None
[2024-05-05T04:29:14.432+0000] {logging_mixin.py:188} INFO - [2024-05-05T04:29:14.431+0000] {dag.py:3954} INFO - Setting next_dagrun for example_xcom_args_with_operators to None, run_after=None
[2024-05-05T04:29:15.312+0000] {processor.py:183} INFO - Processing /home/airflow/.local/lib/python3.12/site-packages/airflow/example_dags/example_xcomargs.py took 3.025 seconds
[2024-05-05T04:30:23.966+0000] {processor.py:161} INFO - Started process (PID=9807) to work on /home/airflow/.local/lib/python3.12/site-packages/airflow/example_dags/example_xcomargs.py
[2024-05-05T04:30:24.004+0000] {processor.py:830} INFO - Processing file /home/airflow/.local/lib/python3.12/site-packages/airflow/example_dags/example_xcomargs.py for tasks to queue
[2024-05-05T04:30:24.047+0000] {logging_mixin.py:188} INFO - [2024-05-05T04:30:24.033+0000] {dagbag.py:540} INFO - Filling up the DagBag from /home/airflow/.local/lib/python3.12/site-packages/airflow/example_dags/example_xcomargs.py
[2024-05-05T04:30:24.568+0000] {processor.py:840} INFO - DAG(s) 'example_xcom_args', 'example_xcom_args_with_operators' retrieved from /home/airflow/.local/lib/python3.12/site-packages/airflow/example_dags/example_xcomargs.py
[2024-05-05T04:30:25.309+0000] {logging_mixin.py:188} INFO - [2024-05-05T04:30:25.307+0000] {dag.py:3096} INFO - Sync 2 DAGs
[2024-05-05T04:30:26.411+0000] {logging_mixin.py:188} INFO - [2024-05-05T04:30:26.386+0000] {dag.py:3954} INFO - Setting next_dagrun for example_xcom_args to None, run_after=None
[2024-05-05T04:30:26.682+0000] {logging_mixin.py:188} INFO - [2024-05-05T04:30:26.680+0000] {dag.py:3954} INFO - Setting next_dagrun for example_xcom_args_with_operators to None, run_after=None
[2024-05-05T04:30:27.120+0000] {processor.py:183} INFO - Processing /home/airflow/.local/lib/python3.12/site-packages/airflow/example_dags/example_xcomargs.py took 3.320 seconds
[2024-05-05T04:31:45.706+0000] {processor.py:161} INFO - Started process (PID=9860) to work on /home/airflow/.local/lib/python3.12/site-packages/airflow/example_dags/example_xcomargs.py
[2024-05-05T04:31:45.751+0000] {processor.py:830} INFO - Processing file /home/airflow/.local/lib/python3.12/site-packages/airflow/example_dags/example_xcomargs.py for tasks to queue
[2024-05-05T04:31:45.760+0000] {logging_mixin.py:188} INFO - [2024-05-05T04:31:45.758+0000] {dagbag.py:540} INFO - Filling up the DagBag from /home/airflow/.local/lib/python3.12/site-packages/airflow/example_dags/example_xcomargs.py
[2024-05-05T04:31:46.148+0000] {processor.py:840} INFO - DAG(s) 'example_xcom_args', 'example_xcom_args_with_operators' retrieved from /home/airflow/.local/lib/python3.12/site-packages/airflow/example_dags/example_xcomargs.py
[2024-05-05T04:31:47.140+0000] {logging_mixin.py:188} INFO - [2024-05-05T04:31:47.104+0000] {dag.py:3096} INFO - Sync 2 DAGs
[2024-05-05T04:31:47.843+0000] {logging_mixin.py:188} INFO - [2024-05-05T04:31:47.816+0000] {dag.py:3954} INFO - Setting next_dagrun for example_xcom_args to None, run_after=None
[2024-05-05T04:31:48.041+0000] {logging_mixin.py:188} INFO - [2024-05-05T04:31:48.022+0000] {dag.py:3954} INFO - Setting next_dagrun for example_xcom_args_with_operators to None, run_after=None
[2024-05-05T04:31:48.493+0000] {processor.py:183} INFO - Processing /home/airflow/.local/lib/python3.12/site-packages/airflow/example_dags/example_xcomargs.py took 2.962 seconds
[2024-05-05T04:32:57.511+0000] {processor.py:161} INFO - Started process (PID=9911) to work on /home/airflow/.local/lib/python3.12/site-packages/airflow/example_dags/example_xcomargs.py
[2024-05-05T04:32:57.554+0000] {processor.py:830} INFO - Processing file /home/airflow/.local/lib/python3.12/site-packages/airflow/example_dags/example_xcomargs.py for tasks to queue
[2024-05-05T04:32:57.614+0000] {logging_mixin.py:188} INFO - [2024-05-05T04:32:57.611+0000] {dagbag.py:540} INFO - Filling up the DagBag from /home/airflow/.local/lib/python3.12/site-packages/airflow/example_dags/example_xcomargs.py
[2024-05-05T04:32:57.980+0000] {processor.py:840} INFO - DAG(s) 'example_xcom_args', 'example_xcom_args_with_operators' retrieved from /home/airflow/.local/lib/python3.12/site-packages/airflow/example_dags/example_xcomargs.py
[2024-05-05T04:32:58.870+0000] {logging_mixin.py:188} INFO - [2024-05-05T04:32:58.863+0000] {dag.py:3096} INFO - Sync 2 DAGs
[2024-05-05T04:32:59.372+0000] {logging_mixin.py:188} INFO - [2024-05-05T04:32:59.370+0000] {dag.py:3954} INFO - Setting next_dagrun for example_xcom_args to None, run_after=None
[2024-05-05T04:32:59.656+0000] {logging_mixin.py:188} INFO - [2024-05-05T04:32:59.650+0000] {dag.py:3954} INFO - Setting next_dagrun for example_xcom_args_with_operators to None, run_after=None
[2024-05-05T04:33:00.675+0000] {processor.py:183} INFO - Processing /home/airflow/.local/lib/python3.12/site-packages/airflow/example_dags/example_xcomargs.py took 3.411 seconds
[2024-05-05T04:34:36.078+0000] {processor.py:161} INFO - Started process (PID=9964) to work on /home/airflow/.local/lib/python3.12/site-packages/airflow/example_dags/example_xcomargs.py
[2024-05-05T04:34:36.138+0000] {processor.py:830} INFO - Processing file /home/airflow/.local/lib/python3.12/site-packages/airflow/example_dags/example_xcomargs.py for tasks to queue
[2024-05-05T04:34:36.156+0000] {logging_mixin.py:188} INFO - [2024-05-05T04:34:36.153+0000] {dagbag.py:540} INFO - Filling up the DagBag from /home/airflow/.local/lib/python3.12/site-packages/airflow/example_dags/example_xcomargs.py
[2024-05-05T04:34:36.741+0000] {processor.py:840} INFO - DAG(s) 'example_xcom_args', 'example_xcom_args_with_operators' retrieved from /home/airflow/.local/lib/python3.12/site-packages/airflow/example_dags/example_xcomargs.py
[2024-05-05T04:34:37.379+0000] {logging_mixin.py:188} INFO - [2024-05-05T04:34:37.367+0000] {dag.py:3096} INFO - Sync 2 DAGs
[2024-05-05T04:34:37.789+0000] {logging_mixin.py:188} INFO - [2024-05-05T04:34:37.787+0000] {dag.py:3954} INFO - Setting next_dagrun for example_xcom_args to None, run_after=None
[2024-05-05T04:34:37.917+0000] {logging_mixin.py:188} INFO - [2024-05-05T04:34:37.915+0000] {dag.py:3954} INFO - Setting next_dagrun for example_xcom_args_with_operators to None, run_after=None
[2024-05-05T04:34:38.338+0000] {processor.py:183} INFO - Processing /home/airflow/.local/lib/python3.12/site-packages/airflow/example_dags/example_xcomargs.py took 2.445 seconds
[2024-05-05T05:05:42.633+0000] {processor.py:161} INFO - Started process (PID=10014) to work on /home/airflow/.local/lib/python3.12/site-packages/airflow/example_dags/example_xcomargs.py
[2024-05-05T05:05:42.681+0000] {processor.py:830} INFO - Processing file /home/airflow/.local/lib/python3.12/site-packages/airflow/example_dags/example_xcomargs.py for tasks to queue
[2024-05-05T05:05:42.711+0000] {logging_mixin.py:188} INFO - [2024-05-05T05:05:42.707+0000] {dagbag.py:540} INFO - Filling up the DagBag from /home/airflow/.local/lib/python3.12/site-packages/airflow/example_dags/example_xcomargs.py
[2024-05-05T05:05:43.204+0000] {processor.py:840} INFO - DAG(s) 'example_xcom_args_with_operators', 'example_xcom_args' retrieved from /home/airflow/.local/lib/python3.12/site-packages/airflow/example_dags/example_xcomargs.py
[2024-05-05T05:05:45.161+0000] {logging_mixin.py:188} INFO - [2024-05-05T05:05:45.122+0000] {dag.py:3096} INFO - Sync 2 DAGs
[2024-05-05T05:05:45.683+0000] {logging_mixin.py:188} INFO - [2024-05-05T05:05:45.681+0000] {dag.py:3954} INFO - Setting next_dagrun for example_xcom_args to None, run_after=None
[2024-05-05T05:05:45.754+0000] {logging_mixin.py:188} INFO - [2024-05-05T05:05:45.752+0000] {dag.py:3954} INFO - Setting next_dagrun for example_xcom_args_with_operators to None, run_after=None
[2024-05-05T05:05:47.048+0000] {processor.py:183} INFO - Processing /home/airflow/.local/lib/python3.12/site-packages/airflow/example_dags/example_xcomargs.py took 4.833 seconds
[2024-05-05T06:47:12.902+0000] {processor.py:161} INFO - Started process (PID=10066) to work on /home/airflow/.local/lib/python3.12/site-packages/airflow/example_dags/example_xcomargs.py
[2024-05-05T06:47:12.914+0000] {processor.py:830} INFO - Processing file /home/airflow/.local/lib/python3.12/site-packages/airflow/example_dags/example_xcomargs.py for tasks to queue
[2024-05-05T06:47:12.938+0000] {logging_mixin.py:188} INFO - [2024-05-05T06:47:12.921+0000] {dagbag.py:540} INFO - Filling up the DagBag from /home/airflow/.local/lib/python3.12/site-packages/airflow/example_dags/example_xcomargs.py
[2024-05-05T06:47:13.556+0000] {processor.py:840} INFO - DAG(s) 'example_xcom_args', 'example_xcom_args_with_operators' retrieved from /home/airflow/.local/lib/python3.12/site-packages/airflow/example_dags/example_xcomargs.py
[2024-05-05T06:47:14.531+0000] {logging_mixin.py:188} INFO - [2024-05-05T06:47:14.517+0000] {dag.py:3096} INFO - Sync 2 DAGs
[2024-05-05T06:47:15.388+0000] {logging_mixin.py:188} INFO - [2024-05-05T06:47:15.378+0000] {dag.py:3954} INFO - Setting next_dagrun for example_xcom_args to None, run_after=None
[2024-05-05T06:47:15.545+0000] {logging_mixin.py:188} INFO - [2024-05-05T06:47:15.544+0000] {dag.py:3954} INFO - Setting next_dagrun for example_xcom_args_with_operators to None, run_after=None
[2024-05-05T06:47:16.089+0000] {processor.py:183} INFO - Processing /home/airflow/.local/lib/python3.12/site-packages/airflow/example_dags/example_xcomargs.py took 3.330 seconds
[2024-05-05T06:51:43.678+0000] {processor.py:161} INFO - Started process (PID=10154) to work on /home/airflow/.local/lib/python3.12/site-packages/airflow/example_dags/example_xcomargs.py
[2024-05-05T06:51:43.725+0000] {processor.py:830} INFO - Processing file /home/airflow/.local/lib/python3.12/site-packages/airflow/example_dags/example_xcomargs.py for tasks to queue
[2024-05-05T06:51:43.761+0000] {logging_mixin.py:188} INFO - [2024-05-05T06:51:43.759+0000] {dagbag.py:540} INFO - Filling up the DagBag from /home/airflow/.local/lib/python3.12/site-packages/airflow/example_dags/example_xcomargs.py
[2024-05-05T06:51:44.168+0000] {processor.py:840} INFO - DAG(s) 'example_xcom_args', 'example_xcom_args_with_operators' retrieved from /home/airflow/.local/lib/python3.12/site-packages/airflow/example_dags/example_xcomargs.py
[2024-05-05T06:51:45.345+0000] {logging_mixin.py:188} INFO - [2024-05-05T06:51:45.343+0000] {dag.py:3096} INFO - Sync 2 DAGs
[2024-05-05T06:51:45.742+0000] {logging_mixin.py:188} INFO - [2024-05-05T06:51:45.708+0000] {dag.py:3954} INFO - Setting next_dagrun for example_xcom_args to None, run_after=None
[2024-05-05T06:51:45.879+0000] {logging_mixin.py:188} INFO - [2024-05-05T06:51:45.878+0000] {dag.py:3954} INFO - Setting next_dagrun for example_xcom_args_with_operators to None, run_after=None
[2024-05-05T06:51:46.527+0000] {processor.py:183} INFO - Processing /home/airflow/.local/lib/python3.12/site-packages/airflow/example_dags/example_xcomargs.py took 2.921 seconds
[2024-05-05T13:47:40.512+0000] {processor.py:161} INFO - Started process (PID=10247) to work on /home/airflow/.local/lib/python3.12/site-packages/airflow/example_dags/example_xcomargs.py
[2024-05-05T13:47:40.683+0000] {processor.py:830} INFO - Processing file /home/airflow/.local/lib/python3.12/site-packages/airflow/example_dags/example_xcomargs.py for tasks to queue
[2024-05-05T13:47:40.797+0000] {logging_mixin.py:188} INFO - [2024-05-05T13:47:40.786+0000] {dagbag.py:540} INFO - Filling up the DagBag from /home/airflow/.local/lib/python3.12/site-packages/airflow/example_dags/example_xcomargs.py
[2024-05-05T13:47:42.349+0000] {processor.py:840} INFO - DAG(s) 'example_xcom_args_with_operators', 'example_xcom_args' retrieved from /home/airflow/.local/lib/python3.12/site-packages/airflow/example_dags/example_xcomargs.py
[2024-05-05T13:47:44.287+0000] {logging_mixin.py:188} INFO - [2024-05-05T13:47:44.285+0000] {dag.py:3096} INFO - Sync 2 DAGs
[2024-05-05T13:47:45.398+0000] {logging_mixin.py:188} INFO - [2024-05-05T13:47:45.351+0000] {dag.py:3954} INFO - Setting next_dagrun for example_xcom_args to None, run_after=None
[2024-05-05T13:47:45.833+0000] {logging_mixin.py:188} INFO - [2024-05-05T13:47:45.826+0000] {dag.py:3954} INFO - Setting next_dagrun for example_xcom_args_with_operators to None, run_after=None
[2024-05-05T13:47:46.875+0000] {processor.py:183} INFO - Processing /home/airflow/.local/lib/python3.12/site-packages/airflow/example_dags/example_xcomargs.py took 6.958 seconds
[2024-05-05T20:41:11.039+0000] {processor.py:161} INFO - Started process (PID=10329) to work on /home/airflow/.local/lib/python3.12/site-packages/airflow/example_dags/example_xcomargs.py
[2024-05-05T20:41:11.105+0000] {processor.py:830} INFO - Processing file /home/airflow/.local/lib/python3.12/site-packages/airflow/example_dags/example_xcomargs.py for tasks to queue
[2024-05-05T20:41:11.142+0000] {logging_mixin.py:188} INFO - [2024-05-05T20:41:11.140+0000] {dagbag.py:540} INFO - Filling up the DagBag from /home/airflow/.local/lib/python3.12/site-packages/airflow/example_dags/example_xcomargs.py
[2024-05-05T20:41:11.906+0000] {processor.py:840} INFO - DAG(s) 'example_xcom_args_with_operators', 'example_xcom_args' retrieved from /home/airflow/.local/lib/python3.12/site-packages/airflow/example_dags/example_xcomargs.py
[2024-05-05T20:41:14.180+0000] {logging_mixin.py:188} INFO - [2024-05-05T20:41:14.178+0000] {dag.py:3096} INFO - Sync 2 DAGs
[2024-05-05T20:41:15.192+0000] {logging_mixin.py:188} INFO - [2024-05-05T20:41:15.191+0000] {dag.py:3954} INFO - Setting next_dagrun for example_xcom_args to None, run_after=None
[2024-05-05T20:41:15.605+0000] {logging_mixin.py:188} INFO - [2024-05-05T20:41:15.603+0000] {dag.py:3954} INFO - Setting next_dagrun for example_xcom_args_with_operators to None, run_after=None
[2024-05-05T20:41:17.318+0000] {processor.py:183} INFO - Processing /home/airflow/.local/lib/python3.12/site-packages/airflow/example_dags/example_xcomargs.py took 6.500 seconds
