[2024-05-05T00:00:27.959+0000] {processor.py:161} INFO - Started process (PID=7561) to work on /home/airflow/.local/lib/python3.12/site-packages/airflow/example_dags/example_sensor_decorator.py
[2024-05-05T00:00:27.963+0000] {processor.py:830} INFO - Processing file /home/airflow/.local/lib/python3.12/site-packages/airflow/example_dags/example_sensor_decorator.py for tasks to queue
[2024-05-05T00:00:27.968+0000] {logging_mixin.py:188} INFO - [2024-05-05T00:00:27.967+0000] {dagbag.py:540} INFO - Filling up the DagBag from /home/airflow/.local/lib/python3.12/site-packages/airflow/example_dags/example_sensor_decorator.py
[2024-05-05T00:00:27.988+0000] {processor.py:840} INFO - DAG(s) 'example_sensor_decorator' retrieved from /home/airflow/.local/lib/python3.12/site-packages/airflow/example_dags/example_sensor_decorator.py
[2024-05-05T00:00:28.029+0000] {logging_mixin.py:188} INFO - [2024-05-05T00:00:28.028+0000] {dag.py:3096} INFO - Sync 1 DAGs
[2024-05-05T00:00:28.054+0000] {logging_mixin.py:188} INFO - [2024-05-05T00:00:28.053+0000] {dag.py:3954} INFO - Setting next_dagrun for example_sensor_decorator to None, run_after=None
[2024-05-05T00:00:28.106+0000] {processor.py:183} INFO - Processing /home/airflow/.local/lib/python3.12/site-packages/airflow/example_dags/example_sensor_decorator.py took 0.169 seconds
[2024-05-05T00:00:58.470+0000] {processor.py:161} INFO - Started process (PID=7621) to work on /home/airflow/.local/lib/python3.12/site-packages/airflow/example_dags/example_sensor_decorator.py
[2024-05-05T00:00:58.475+0000] {processor.py:830} INFO - Processing file /home/airflow/.local/lib/python3.12/site-packages/airflow/example_dags/example_sensor_decorator.py for tasks to queue
[2024-05-05T00:00:58.484+0000] {logging_mixin.py:188} INFO - [2024-05-05T00:00:58.480+0000] {dagbag.py:540} INFO - Filling up the DagBag from /home/airflow/.local/lib/python3.12/site-packages/airflow/example_dags/example_sensor_decorator.py
[2024-05-05T00:00:58.525+0000] {processor.py:840} INFO - DAG(s) 'example_sensor_decorator' retrieved from /home/airflow/.local/lib/python3.12/site-packages/airflow/example_dags/example_sensor_decorator.py
[2024-05-05T00:00:58.587+0000] {logging_mixin.py:188} INFO - [2024-05-05T00:00:58.586+0000] {dag.py:3096} INFO - Sync 1 DAGs
[2024-05-05T00:00:58.618+0000] {logging_mixin.py:188} INFO - [2024-05-05T00:00:58.615+0000] {dag.py:3954} INFO - Setting next_dagrun for example_sensor_decorator to None, run_after=None
[2024-05-05T00:00:58.655+0000] {processor.py:183} INFO - Processing /home/airflow/.local/lib/python3.12/site-packages/airflow/example_dags/example_sensor_decorator.py took 0.216 seconds
[2024-05-05T00:31:46.968+0000] {processor.py:161} INFO - Started process (PID=7687) to work on /home/airflow/.local/lib/python3.12/site-packages/airflow/example_dags/example_sensor_decorator.py
[2024-05-05T00:31:47.010+0000] {processor.py:830} INFO - Processing file /home/airflow/.local/lib/python3.12/site-packages/airflow/example_dags/example_sensor_decorator.py for tasks to queue
[2024-05-05T00:31:47.069+0000] {logging_mixin.py:188} INFO - [2024-05-05T00:31:47.041+0000] {dagbag.py:540} INFO - Filling up the DagBag from /home/airflow/.local/lib/python3.12/site-packages/airflow/example_dags/example_sensor_decorator.py
[2024-05-05T00:31:47.320+0000] {processor.py:840} INFO - DAG(s) 'example_sensor_decorator' retrieved from /home/airflow/.local/lib/python3.12/site-packages/airflow/example_dags/example_sensor_decorator.py
[2024-05-05T00:31:48.045+0000] {logging_mixin.py:188} INFO - [2024-05-05T00:31:48.043+0000] {dag.py:3096} INFO - Sync 1 DAGs
[2024-05-05T00:31:48.539+0000] {logging_mixin.py:188} INFO - [2024-05-05T00:31:48.537+0000] {dag.py:3954} INFO - Setting next_dagrun for example_sensor_decorator to None, run_after=None
[2024-05-05T00:31:49.251+0000] {processor.py:183} INFO - Processing /home/airflow/.local/lib/python3.12/site-packages/airflow/example_dags/example_sensor_decorator.py took 2.658 seconds
[2024-05-05T00:33:44.466+0000] {processor.py:161} INFO - Started process (PID=7764) to work on /home/airflow/.local/lib/python3.12/site-packages/airflow/example_dags/example_sensor_decorator.py
[2024-05-05T00:33:44.470+0000] {processor.py:830} INFO - Processing file /home/airflow/.local/lib/python3.12/site-packages/airflow/example_dags/example_sensor_decorator.py for tasks to queue
[2024-05-05T00:33:44.480+0000] {logging_mixin.py:188} INFO - [2024-05-05T00:33:44.476+0000] {dagbag.py:540} INFO - Filling up the DagBag from /home/airflow/.local/lib/python3.12/site-packages/airflow/example_dags/example_sensor_decorator.py
[2024-05-05T00:33:44.518+0000] {processor.py:840} INFO - DAG(s) 'example_sensor_decorator' retrieved from /home/airflow/.local/lib/python3.12/site-packages/airflow/example_dags/example_sensor_decorator.py
[2024-05-05T00:33:44.641+0000] {logging_mixin.py:188} INFO - [2024-05-05T00:33:44.641+0000] {dag.py:3096} INFO - Sync 1 DAGs
[2024-05-05T00:33:44.725+0000] {logging_mixin.py:188} INFO - [2024-05-05T00:33:44.725+0000] {dag.py:3954} INFO - Setting next_dagrun for example_sensor_decorator to None, run_after=None
[2024-05-05T00:33:44.831+0000] {processor.py:183} INFO - Processing /home/airflow/.local/lib/python3.12/site-packages/airflow/example_dags/example_sensor_decorator.py took 0.403 seconds
[2024-05-05T00:51:38.057+0000] {processor.py:161} INFO - Started process (PID=7808) to work on /home/airflow/.local/lib/python3.12/site-packages/airflow/example_dags/example_sensor_decorator.py
[2024-05-05T00:51:38.123+0000] {processor.py:830} INFO - Processing file /home/airflow/.local/lib/python3.12/site-packages/airflow/example_dags/example_sensor_decorator.py for tasks to queue
[2024-05-05T00:51:38.171+0000] {logging_mixin.py:188} INFO - [2024-05-05T00:51:38.158+0000] {dagbag.py:540} INFO - Filling up the DagBag from /home/airflow/.local/lib/python3.12/site-packages/airflow/example_dags/example_sensor_decorator.py
[2024-05-05T00:51:38.354+0000] {processor.py:840} INFO - DAG(s) 'example_sensor_decorator' retrieved from /home/airflow/.local/lib/python3.12/site-packages/airflow/example_dags/example_sensor_decorator.py
[2024-05-05T00:51:39.033+0000] {logging_mixin.py:188} INFO - [2024-05-05T00:51:39.031+0000] {dag.py:3096} INFO - Sync 1 DAGs
[2024-05-05T00:51:39.374+0000] {logging_mixin.py:188} INFO - [2024-05-05T00:51:39.372+0000] {dag.py:3954} INFO - Setting next_dagrun for example_sensor_decorator to None, run_after=None
[2024-05-05T00:51:39.805+0000] {processor.py:183} INFO - Processing /home/airflow/.local/lib/python3.12/site-packages/airflow/example_dags/example_sensor_decorator.py took 2.128 seconds
[2024-05-05T00:52:38.437+0000] {processor.py:161} INFO - Started process (PID=7847) to work on /home/airflow/.local/lib/python3.12/site-packages/airflow/example_dags/example_sensor_decorator.py
[2024-05-05T00:52:38.465+0000] {processor.py:830} INFO - Processing file /home/airflow/.local/lib/python3.12/site-packages/airflow/example_dags/example_sensor_decorator.py for tasks to queue
[2024-05-05T00:52:38.485+0000] {logging_mixin.py:188} INFO - [2024-05-05T00:52:38.473+0000] {dagbag.py:540} INFO - Filling up the DagBag from /home/airflow/.local/lib/python3.12/site-packages/airflow/example_dags/example_sensor_decorator.py
[2024-05-05T00:52:38.661+0000] {processor.py:840} INFO - DAG(s) 'example_sensor_decorator' retrieved from /home/airflow/.local/lib/python3.12/site-packages/airflow/example_dags/example_sensor_decorator.py
[2024-05-05T00:52:39.366+0000] {logging_mixin.py:188} INFO - [2024-05-05T00:52:39.347+0000] {dag.py:3096} INFO - Sync 1 DAGs
[2024-05-05T00:52:39.728+0000] {logging_mixin.py:188} INFO - [2024-05-05T00:52:39.722+0000] {dag.py:3954} INFO - Setting next_dagrun for example_sensor_decorator to None, run_after=None
[2024-05-05T00:52:40.141+0000] {processor.py:183} INFO - Processing /home/airflow/.local/lib/python3.12/site-packages/airflow/example_dags/example_sensor_decorator.py took 1.918 seconds
[2024-05-05T00:53:22.004+0000] {processor.py:161} INFO - Started process (PID=7890) to work on /home/airflow/.local/lib/python3.12/site-packages/airflow/example_dags/example_sensor_decorator.py
[2024-05-05T00:53:22.008+0000] {processor.py:830} INFO - Processing file /home/airflow/.local/lib/python3.12/site-packages/airflow/example_dags/example_sensor_decorator.py for tasks to queue
[2024-05-05T00:53:22.011+0000] {logging_mixin.py:188} INFO - [2024-05-05T00:53:22.010+0000] {dagbag.py:540} INFO - Filling up the DagBag from /home/airflow/.local/lib/python3.12/site-packages/airflow/example_dags/example_sensor_decorator.py
[2024-05-05T00:53:22.075+0000] {processor.py:840} INFO - DAG(s) 'example_sensor_decorator' retrieved from /home/airflow/.local/lib/python3.12/site-packages/airflow/example_dags/example_sensor_decorator.py
[2024-05-05T00:53:22.238+0000] {logging_mixin.py:188} INFO - [2024-05-05T00:53:22.238+0000] {dag.py:3096} INFO - Sync 1 DAGs
[2024-05-05T00:53:22.308+0000] {logging_mixin.py:188} INFO - [2024-05-05T00:53:22.308+0000] {dag.py:3954} INFO - Setting next_dagrun for example_sensor_decorator to None, run_after=None
[2024-05-05T00:53:22.400+0000] {processor.py:183} INFO - Processing /home/airflow/.local/lib/python3.12/site-packages/airflow/example_dags/example_sensor_decorator.py took 0.434 seconds
[2024-05-05T01:11:01.616+0000] {processor.py:161} INFO - Started process (PID=7931) to work on /home/airflow/.local/lib/python3.12/site-packages/airflow/example_dags/example_sensor_decorator.py
[2024-05-05T01:11:01.626+0000] {processor.py:830} INFO - Processing file /home/airflow/.local/lib/python3.12/site-packages/airflow/example_dags/example_sensor_decorator.py for tasks to queue
[2024-05-05T01:11:01.635+0000] {logging_mixin.py:188} INFO - [2024-05-05T01:11:01.632+0000] {dagbag.py:540} INFO - Filling up the DagBag from /home/airflow/.local/lib/python3.12/site-packages/airflow/example_dags/example_sensor_decorator.py
[2024-05-05T01:11:01.695+0000] {processor.py:840} INFO - DAG(s) 'example_sensor_decorator' retrieved from /home/airflow/.local/lib/python3.12/site-packages/airflow/example_dags/example_sensor_decorator.py
[2024-05-05T01:11:01.796+0000] {logging_mixin.py:188} INFO - [2024-05-05T01:11:01.796+0000] {dag.py:3096} INFO - Sync 1 DAGs
[2024-05-05T01:11:01.873+0000] {logging_mixin.py:188} INFO - [2024-05-05T01:11:01.872+0000] {dag.py:3954} INFO - Setting next_dagrun for example_sensor_decorator to None, run_after=None
[2024-05-05T01:11:01.978+0000] {processor.py:183} INFO - Processing /home/airflow/.local/lib/python3.12/site-packages/airflow/example_dags/example_sensor_decorator.py took 0.389 seconds
[2024-05-05T01:29:19.632+0000] {processor.py:161} INFO - Started process (PID=7977) to work on /home/airflow/.local/lib/python3.12/site-packages/airflow/example_dags/example_sensor_decorator.py
[2024-05-05T01:29:19.652+0000] {processor.py:830} INFO - Processing file /home/airflow/.local/lib/python3.12/site-packages/airflow/example_dags/example_sensor_decorator.py for tasks to queue
[2024-05-05T01:29:19.674+0000] {logging_mixin.py:188} INFO - [2024-05-05T01:29:19.668+0000] {dagbag.py:540} INFO - Filling up the DagBag from /home/airflow/.local/lib/python3.12/site-packages/airflow/example_dags/example_sensor_decorator.py
[2024-05-05T01:29:19.867+0000] {processor.py:840} INFO - DAG(s) 'example_sensor_decorator' retrieved from /home/airflow/.local/lib/python3.12/site-packages/airflow/example_dags/example_sensor_decorator.py
[2024-05-05T01:29:20.253+0000] {logging_mixin.py:188} INFO - [2024-05-05T01:29:20.251+0000] {dag.py:3096} INFO - Sync 1 DAGs
[2024-05-05T01:29:20.637+0000] {logging_mixin.py:188} INFO - [2024-05-05T01:29:20.625+0000] {dag.py:3954} INFO - Setting next_dagrun for example_sensor_decorator to None, run_after=None
[2024-05-05T01:29:21.471+0000] {processor.py:183} INFO - Processing /home/airflow/.local/lib/python3.12/site-packages/airflow/example_dags/example_sensor_decorator.py took 2.083 seconds
[2024-05-05T01:45:36.409+0000] {processor.py:161} INFO - Started process (PID=8033) to work on /home/airflow/.local/lib/python3.12/site-packages/airflow/example_dags/example_sensor_decorator.py
[2024-05-05T01:45:36.432+0000] {processor.py:830} INFO - Processing file /home/airflow/.local/lib/python3.12/site-packages/airflow/example_dags/example_sensor_decorator.py for tasks to queue
[2024-05-05T01:45:36.460+0000] {logging_mixin.py:188} INFO - [2024-05-05T01:45:36.448+0000] {dagbag.py:540} INFO - Filling up the DagBag from /home/airflow/.local/lib/python3.12/site-packages/airflow/example_dags/example_sensor_decorator.py
[2024-05-05T01:45:36.847+0000] {processor.py:840} INFO - DAG(s) 'example_sensor_decorator' retrieved from /home/airflow/.local/lib/python3.12/site-packages/airflow/example_dags/example_sensor_decorator.py
[2024-05-05T01:45:37.506+0000] {logging_mixin.py:188} INFO - [2024-05-05T01:45:37.504+0000] {dag.py:3096} INFO - Sync 1 DAGs
[2024-05-05T01:45:37.855+0000] {logging_mixin.py:188} INFO - [2024-05-05T01:45:37.816+0000] {dag.py:3954} INFO - Setting next_dagrun for example_sensor_decorator to None, run_after=None
[2024-05-05T01:45:38.336+0000] {processor.py:183} INFO - Processing /home/airflow/.local/lib/python3.12/site-packages/airflow/example_dags/example_sensor_decorator.py took 2.203 seconds
[2024-05-05T02:03:10.916+0000] {processor.py:161} INFO - Started process (PID=8082) to work on /home/airflow/.local/lib/python3.12/site-packages/airflow/example_dags/example_sensor_decorator.py
[2024-05-05T02:03:10.949+0000] {processor.py:830} INFO - Processing file /home/airflow/.local/lib/python3.12/site-packages/airflow/example_dags/example_sensor_decorator.py for tasks to queue
[2024-05-05T02:03:10.970+0000] {logging_mixin.py:188} INFO - [2024-05-05T02:03:10.958+0000] {dagbag.py:540} INFO - Filling up the DagBag from /home/airflow/.local/lib/python3.12/site-packages/airflow/example_dags/example_sensor_decorator.py
[2024-05-05T02:03:11.168+0000] {processor.py:840} INFO - DAG(s) 'example_sensor_decorator' retrieved from /home/airflow/.local/lib/python3.12/site-packages/airflow/example_dags/example_sensor_decorator.py
[2024-05-05T02:03:11.760+0000] {logging_mixin.py:188} INFO - [2024-05-05T02:03:11.755+0000] {dag.py:3096} INFO - Sync 1 DAGs
[2024-05-05T02:03:12.065+0000] {logging_mixin.py:188} INFO - [2024-05-05T02:03:12.064+0000] {dag.py:3954} INFO - Setting next_dagrun for example_sensor_decorator to None, run_after=None
[2024-05-05T02:03:12.683+0000] {processor.py:183} INFO - Processing /home/airflow/.local/lib/python3.12/site-packages/airflow/example_dags/example_sensor_decorator.py took 1.924 seconds
[2024-05-05T02:04:09.598+0000] {processor.py:161} INFO - Started process (PID=8131) to work on /home/airflow/.local/lib/python3.12/site-packages/airflow/example_dags/example_sensor_decorator.py
[2024-05-05T02:04:09.619+0000] {processor.py:830} INFO - Processing file /home/airflow/.local/lib/python3.12/site-packages/airflow/example_dags/example_sensor_decorator.py for tasks to queue
[2024-05-05T02:04:09.643+0000] {logging_mixin.py:188} INFO - [2024-05-05T02:04:09.635+0000] {dagbag.py:540} INFO - Filling up the DagBag from /home/airflow/.local/lib/python3.12/site-packages/airflow/example_dags/example_sensor_decorator.py
[2024-05-05T02:04:09.801+0000] {processor.py:840} INFO - DAG(s) 'example_sensor_decorator' retrieved from /home/airflow/.local/lib/python3.12/site-packages/airflow/example_dags/example_sensor_decorator.py
[2024-05-05T02:04:10.284+0000] {logging_mixin.py:188} INFO - [2024-05-05T02:04:10.271+0000] {dag.py:3096} INFO - Sync 1 DAGs
[2024-05-05T02:04:10.563+0000] {logging_mixin.py:188} INFO - [2024-05-05T02:04:10.562+0000] {dag.py:3954} INFO - Setting next_dagrun for example_sensor_decorator to None, run_after=None
[2024-05-05T02:04:10.958+0000] {processor.py:183} INFO - Processing /home/airflow/.local/lib/python3.12/site-packages/airflow/example_dags/example_sensor_decorator.py took 1.451 seconds
[2024-05-05T02:04:50.581+0000] {processor.py:161} INFO - Started process (PID=8169) to work on /home/airflow/.local/lib/python3.12/site-packages/airflow/example_dags/example_sensor_decorator.py
[2024-05-05T02:04:50.588+0000] {processor.py:830} INFO - Processing file /home/airflow/.local/lib/python3.12/site-packages/airflow/example_dags/example_sensor_decorator.py for tasks to queue
[2024-05-05T02:04:50.600+0000] {logging_mixin.py:188} INFO - [2024-05-05T02:04:50.596+0000] {dagbag.py:540} INFO - Filling up the DagBag from /home/airflow/.local/lib/python3.12/site-packages/airflow/example_dags/example_sensor_decorator.py
[2024-05-05T02:04:50.630+0000] {processor.py:840} INFO - DAG(s) 'example_sensor_decorator' retrieved from /home/airflow/.local/lib/python3.12/site-packages/airflow/example_dags/example_sensor_decorator.py
[2024-05-05T02:04:50.706+0000] {logging_mixin.py:188} INFO - [2024-05-05T02:04:50.706+0000] {dag.py:3096} INFO - Sync 1 DAGs
[2024-05-05T02:04:50.748+0000] {logging_mixin.py:188} INFO - [2024-05-05T02:04:50.748+0000] {dag.py:3954} INFO - Setting next_dagrun for example_sensor_decorator to None, run_after=None
[2024-05-05T02:04:50.820+0000] {processor.py:183} INFO - Processing /home/airflow/.local/lib/python3.12/site-packages/airflow/example_dags/example_sensor_decorator.py took 0.269 seconds
[2024-05-05T03:14:53.216+0000] {processor.py:161} INFO - Started process (PID=8221) to work on /home/airflow/.local/lib/python3.12/site-packages/airflow/example_dags/example_sensor_decorator.py
[2024-05-05T03:14:53.244+0000] {processor.py:830} INFO - Processing file /home/airflow/.local/lib/python3.12/site-packages/airflow/example_dags/example_sensor_decorator.py for tasks to queue
[2024-05-05T03:14:53.254+0000] {logging_mixin.py:188} INFO - [2024-05-05T03:14:53.251+0000] {dagbag.py:540} INFO - Filling up the DagBag from /home/airflow/.local/lib/python3.12/site-packages/airflow/example_dags/example_sensor_decorator.py
[2024-05-05T03:14:53.585+0000] {processor.py:840} INFO - DAG(s) 'example_sensor_decorator' retrieved from /home/airflow/.local/lib/python3.12/site-packages/airflow/example_dags/example_sensor_decorator.py
[2024-05-05T03:14:54.039+0000] {logging_mixin.py:188} INFO - [2024-05-05T03:14:54.037+0000] {dag.py:3096} INFO - Sync 1 DAGs
[2024-05-05T03:14:54.245+0000] {logging_mixin.py:188} INFO - [2024-05-05T03:14:54.243+0000] {dag.py:3954} INFO - Setting next_dagrun for example_sensor_decorator to None, run_after=None
[2024-05-05T03:14:54.583+0000] {processor.py:183} INFO - Processing /home/airflow/.local/lib/python3.12/site-packages/airflow/example_dags/example_sensor_decorator.py took 1.493 seconds
[2024-05-05T03:15:30.096+0000] {processor.py:161} INFO - Started process (PID=8279) to work on /home/airflow/.local/lib/python3.12/site-packages/airflow/example_dags/example_sensor_decorator.py
[2024-05-05T03:15:30.098+0000] {processor.py:830} INFO - Processing file /home/airflow/.local/lib/python3.12/site-packages/airflow/example_dags/example_sensor_decorator.py for tasks to queue
[2024-05-05T03:15:30.100+0000] {logging_mixin.py:188} INFO - [2024-05-05T03:15:30.100+0000] {dagbag.py:540} INFO - Filling up the DagBag from /home/airflow/.local/lib/python3.12/site-packages/airflow/example_dags/example_sensor_decorator.py
[2024-05-05T03:15:30.111+0000] {processor.py:840} INFO - DAG(s) 'example_sensor_decorator' retrieved from /home/airflow/.local/lib/python3.12/site-packages/airflow/example_dags/example_sensor_decorator.py
[2024-05-05T03:15:30.146+0000] {logging_mixin.py:188} INFO - [2024-05-05T03:15:30.146+0000] {dag.py:3096} INFO - Sync 1 DAGs
[2024-05-05T03:15:30.169+0000] {logging_mixin.py:188} INFO - [2024-05-05T03:15:30.169+0000] {dag.py:3954} INFO - Setting next_dagrun for example_sensor_decorator to None, run_after=None
[2024-05-05T03:15:30.211+0000] {processor.py:183} INFO - Processing /home/airflow/.local/lib/python3.12/site-packages/airflow/example_dags/example_sensor_decorator.py took 0.124 seconds
[2024-05-05T03:48:44.196+0000] {processor.py:161} INFO - Started process (PID=8311) to work on /home/airflow/.local/lib/python3.12/site-packages/airflow/example_dags/example_sensor_decorator.py
[2024-05-05T03:48:44.206+0000] {processor.py:830} INFO - Processing file /home/airflow/.local/lib/python3.12/site-packages/airflow/example_dags/example_sensor_decorator.py for tasks to queue
[2024-05-05T03:48:44.217+0000] {logging_mixin.py:188} INFO - [2024-05-05T03:48:44.212+0000] {dagbag.py:540} INFO - Filling up the DagBag from /home/airflow/.local/lib/python3.12/site-packages/airflow/example_dags/example_sensor_decorator.py
[2024-05-05T03:48:44.346+0000] {processor.py:840} INFO - DAG(s) 'example_sensor_decorator' retrieved from /home/airflow/.local/lib/python3.12/site-packages/airflow/example_dags/example_sensor_decorator.py
[2024-05-05T03:48:44.654+0000] {logging_mixin.py:188} INFO - [2024-05-05T03:48:44.639+0000] {dag.py:3096} INFO - Sync 1 DAGs
[2024-05-05T03:48:44.929+0000] {logging_mixin.py:188} INFO - [2024-05-05T03:48:44.928+0000] {dag.py:3954} INFO - Setting next_dagrun for example_sensor_decorator to None, run_after=None
[2024-05-05T03:48:45.370+0000] {processor.py:183} INFO - Processing /home/airflow/.local/lib/python3.12/site-packages/airflow/example_dags/example_sensor_decorator.py took 1.277 seconds
[2024-05-05T04:00:20.763+0000] {processor.py:161} INFO - Started process (PID=8367) to work on /home/airflow/.local/lib/python3.12/site-packages/airflow/example_dags/example_sensor_decorator.py
[2024-05-05T04:00:20.813+0000] {processor.py:830} INFO - Processing file /home/airflow/.local/lib/python3.12/site-packages/airflow/example_dags/example_sensor_decorator.py for tasks to queue
[2024-05-05T04:00:20.844+0000] {logging_mixin.py:188} INFO - [2024-05-05T04:00:20.841+0000] {dagbag.py:540} INFO - Filling up the DagBag from /home/airflow/.local/lib/python3.12/site-packages/airflow/example_dags/example_sensor_decorator.py
[2024-05-05T04:00:21.041+0000] {processor.py:840} INFO - DAG(s) 'example_sensor_decorator' retrieved from /home/airflow/.local/lib/python3.12/site-packages/airflow/example_dags/example_sensor_decorator.py
[2024-05-05T04:00:21.851+0000] {logging_mixin.py:188} INFO - [2024-05-05T04:00:21.849+0000] {dag.py:3096} INFO - Sync 1 DAGs
[2024-05-05T04:00:22.071+0000] {logging_mixin.py:188} INFO - [2024-05-05T04:00:22.069+0000] {dag.py:3954} INFO - Setting next_dagrun for example_sensor_decorator to None, run_after=None
[2024-05-05T04:00:22.444+0000] {processor.py:183} INFO - Processing /home/airflow/.local/lib/python3.12/site-packages/airflow/example_dags/example_sensor_decorator.py took 1.946 seconds
[2024-05-05T04:01:24.060+0000] {processor.py:161} INFO - Started process (PID=8427) to work on /home/airflow/.local/lib/python3.12/site-packages/airflow/example_dags/example_sensor_decorator.py
[2024-05-05T04:01:24.106+0000] {processor.py:830} INFO - Processing file /home/airflow/.local/lib/python3.12/site-packages/airflow/example_dags/example_sensor_decorator.py for tasks to queue
[2024-05-05T04:01:24.136+0000] {logging_mixin.py:188} INFO - [2024-05-05T04:01:24.134+0000] {dagbag.py:540} INFO - Filling up the DagBag from /home/airflow/.local/lib/python3.12/site-packages/airflow/example_dags/example_sensor_decorator.py
[2024-05-05T04:01:24.253+0000] {processor.py:840} INFO - DAG(s) 'example_sensor_decorator' retrieved from /home/airflow/.local/lib/python3.12/site-packages/airflow/example_dags/example_sensor_decorator.py
[2024-05-05T04:01:24.665+0000] {logging_mixin.py:188} INFO - [2024-05-05T04:01:24.664+0000] {dag.py:3096} INFO - Sync 1 DAGs
[2024-05-05T04:01:24.816+0000] {logging_mixin.py:188} INFO - [2024-05-05T04:01:24.813+0000] {dag.py:3954} INFO - Setting next_dagrun for example_sensor_decorator to None, run_after=None
[2024-05-05T04:01:25.116+0000] {processor.py:183} INFO - Processing /home/airflow/.local/lib/python3.12/site-packages/airflow/example_dags/example_sensor_decorator.py took 1.147 seconds
[2024-05-05T04:02:00.926+0000] {processor.py:161} INFO - Started process (PID=8481) to work on /home/airflow/.local/lib/python3.12/site-packages/airflow/example_dags/example_sensor_decorator.py
[2024-05-05T04:02:00.933+0000] {processor.py:830} INFO - Processing file /home/airflow/.local/lib/python3.12/site-packages/airflow/example_dags/example_sensor_decorator.py for tasks to queue
[2024-05-05T04:02:00.939+0000] {logging_mixin.py:188} INFO - [2024-05-05T04:02:00.937+0000] {dagbag.py:540} INFO - Filling up the DagBag from /home/airflow/.local/lib/python3.12/site-packages/airflow/example_dags/example_sensor_decorator.py
[2024-05-05T04:02:00.971+0000] {processor.py:840} INFO - DAG(s) 'example_sensor_decorator' retrieved from /home/airflow/.local/lib/python3.12/site-packages/airflow/example_dags/example_sensor_decorator.py
[2024-05-05T04:02:01.131+0000] {logging_mixin.py:188} INFO - [2024-05-05T04:02:01.129+0000] {dag.py:3096} INFO - Sync 1 DAGs
[2024-05-05T04:02:01.243+0000] {logging_mixin.py:188} INFO - [2024-05-05T04:02:01.240+0000] {dag.py:3954} INFO - Setting next_dagrun for example_sensor_decorator to None, run_after=None
[2024-05-05T04:02:01.355+0000] {processor.py:183} INFO - Processing /home/airflow/.local/lib/python3.12/site-packages/airflow/example_dags/example_sensor_decorator.py took 0.496 seconds
[2024-05-05T04:02:37.839+0000] {processor.py:161} INFO - Started process (PID=8539) to work on /home/airflow/.local/lib/python3.12/site-packages/airflow/example_dags/example_sensor_decorator.py
[2024-05-05T04:02:37.847+0000] {processor.py:830} INFO - Processing file /home/airflow/.local/lib/python3.12/site-packages/airflow/example_dags/example_sensor_decorator.py for tasks to queue
[2024-05-05T04:02:37.854+0000] {logging_mixin.py:188} INFO - [2024-05-05T04:02:37.852+0000] {dagbag.py:540} INFO - Filling up the DagBag from /home/airflow/.local/lib/python3.12/site-packages/airflow/example_dags/example_sensor_decorator.py
[2024-05-05T04:02:37.898+0000] {processor.py:840} INFO - DAG(s) 'example_sensor_decorator' retrieved from /home/airflow/.local/lib/python3.12/site-packages/airflow/example_dags/example_sensor_decorator.py
[2024-05-05T04:02:38.051+0000] {logging_mixin.py:188} INFO - [2024-05-05T04:02:38.050+0000] {dag.py:3096} INFO - Sync 1 DAGs
[2024-05-05T04:02:38.122+0000] {logging_mixin.py:188} INFO - [2024-05-05T04:02:38.121+0000] {dag.py:3954} INFO - Setting next_dagrun for example_sensor_decorator to None, run_after=None
[2024-05-05T04:02:38.222+0000] {processor.py:183} INFO - Processing /home/airflow/.local/lib/python3.12/site-packages/airflow/example_dags/example_sensor_decorator.py took 0.415 seconds
[2024-05-05T04:03:16.666+0000] {processor.py:161} INFO - Started process (PID=8603) to work on /home/airflow/.local/lib/python3.12/site-packages/airflow/example_dags/example_sensor_decorator.py
[2024-05-05T04:03:16.672+0000] {processor.py:830} INFO - Processing file /home/airflow/.local/lib/python3.12/site-packages/airflow/example_dags/example_sensor_decorator.py for tasks to queue
[2024-05-05T04:03:16.678+0000] {logging_mixin.py:188} INFO - [2024-05-05T04:03:16.677+0000] {dagbag.py:540} INFO - Filling up the DagBag from /home/airflow/.local/lib/python3.12/site-packages/airflow/example_dags/example_sensor_decorator.py
[2024-05-05T04:03:16.707+0000] {processor.py:840} INFO - DAG(s) 'example_sensor_decorator' retrieved from /home/airflow/.local/lib/python3.12/site-packages/airflow/example_dags/example_sensor_decorator.py
[2024-05-05T04:03:16.835+0000] {logging_mixin.py:188} INFO - [2024-05-05T04:03:16.834+0000] {dag.py:3096} INFO - Sync 1 DAGs
[2024-05-05T04:03:16.923+0000] {logging_mixin.py:188} INFO - [2024-05-05T04:03:16.922+0000] {dag.py:3954} INFO - Setting next_dagrun for example_sensor_decorator to None, run_after=None
[2024-05-05T04:03:17.019+0000] {processor.py:183} INFO - Processing /home/airflow/.local/lib/python3.12/site-packages/airflow/example_dags/example_sensor_decorator.py took 0.384 seconds
[2024-05-05T04:03:56.140+0000] {processor.py:161} INFO - Started process (PID=8659) to work on /home/airflow/.local/lib/python3.12/site-packages/airflow/example_dags/example_sensor_decorator.py
[2024-05-05T04:03:56.159+0000] {processor.py:830} INFO - Processing file /home/airflow/.local/lib/python3.12/site-packages/airflow/example_dags/example_sensor_decorator.py for tasks to queue
[2024-05-05T04:03:56.175+0000] {logging_mixin.py:188} INFO - [2024-05-05T04:03:56.171+0000] {dagbag.py:540} INFO - Filling up the DagBag from /home/airflow/.local/lib/python3.12/site-packages/airflow/example_dags/example_sensor_decorator.py
[2024-05-05T04:03:56.206+0000] {processor.py:840} INFO - DAG(s) 'example_sensor_decorator' retrieved from /home/airflow/.local/lib/python3.12/site-packages/airflow/example_dags/example_sensor_decorator.py
[2024-05-05T04:03:56.331+0000] {logging_mixin.py:188} INFO - [2024-05-05T04:03:56.330+0000] {dag.py:3096} INFO - Sync 1 DAGs
[2024-05-05T04:03:56.455+0000] {logging_mixin.py:188} INFO - [2024-05-05T04:03:56.454+0000] {dag.py:3954} INFO - Setting next_dagrun for example_sensor_decorator to None, run_after=None
[2024-05-05T04:03:56.652+0000] {processor.py:183} INFO - Processing /home/airflow/.local/lib/python3.12/site-packages/airflow/example_dags/example_sensor_decorator.py took 0.592 seconds
[2024-05-05T04:04:35.049+0000] {processor.py:161} INFO - Started process (PID=8718) to work on /home/airflow/.local/lib/python3.12/site-packages/airflow/example_dags/example_sensor_decorator.py
[2024-05-05T04:04:35.065+0000] {processor.py:830} INFO - Processing file /home/airflow/.local/lib/python3.12/site-packages/airflow/example_dags/example_sensor_decorator.py for tasks to queue
[2024-05-05T04:04:35.081+0000] {logging_mixin.py:188} INFO - [2024-05-05T04:04:35.077+0000] {dagbag.py:540} INFO - Filling up the DagBag from /home/airflow/.local/lib/python3.12/site-packages/airflow/example_dags/example_sensor_decorator.py
[2024-05-05T04:04:35.152+0000] {processor.py:840} INFO - DAG(s) 'example_sensor_decorator' retrieved from /home/airflow/.local/lib/python3.12/site-packages/airflow/example_dags/example_sensor_decorator.py
[2024-05-05T04:04:35.426+0000] {logging_mixin.py:188} INFO - [2024-05-05T04:04:35.424+0000] {dag.py:3096} INFO - Sync 1 DAGs
[2024-05-05T04:04:35.680+0000] {logging_mixin.py:188} INFO - [2024-05-05T04:04:35.672+0000] {dag.py:3954} INFO - Setting next_dagrun for example_sensor_decorator to None, run_after=None
[2024-05-05T04:04:35.869+0000] {processor.py:183} INFO - Processing /home/airflow/.local/lib/python3.12/site-packages/airflow/example_dags/example_sensor_decorator.py took 0.880 seconds
[2024-05-05T04:05:18.627+0000] {processor.py:161} INFO - Started process (PID=8782) to work on /home/airflow/.local/lib/python3.12/site-packages/airflow/example_dags/example_sensor_decorator.py
[2024-05-05T04:05:18.693+0000] {processor.py:830} INFO - Processing file /home/airflow/.local/lib/python3.12/site-packages/airflow/example_dags/example_sensor_decorator.py for tasks to queue
[2024-05-05T04:05:18.738+0000] {logging_mixin.py:188} INFO - [2024-05-05T04:05:18.701+0000] {dagbag.py:540} INFO - Filling up the DagBag from /home/airflow/.local/lib/python3.12/site-packages/airflow/example_dags/example_sensor_decorator.py
[2024-05-05T04:05:19.095+0000] {processor.py:840} INFO - DAG(s) 'example_sensor_decorator' retrieved from /home/airflow/.local/lib/python3.12/site-packages/airflow/example_dags/example_sensor_decorator.py
[2024-05-05T04:05:19.362+0000] {logging_mixin.py:188} INFO - [2024-05-05T04:05:19.327+0000] {dag.py:3096} INFO - Sync 1 DAGs
[2024-05-05T04:05:19.607+0000] {logging_mixin.py:188} INFO - [2024-05-05T04:05:19.604+0000] {dag.py:3954} INFO - Setting next_dagrun for example_sensor_decorator to None, run_after=None
[2024-05-05T04:05:19.813+0000] {processor.py:183} INFO - Processing /home/airflow/.local/lib/python3.12/site-packages/airflow/example_dags/example_sensor_decorator.py took 1.420 seconds
[2024-05-05T04:06:01.325+0000] {processor.py:161} INFO - Started process (PID=8836) to work on /home/airflow/.local/lib/python3.12/site-packages/airflow/example_dags/example_sensor_decorator.py
[2024-05-05T04:06:01.346+0000] {processor.py:830} INFO - Processing file /home/airflow/.local/lib/python3.12/site-packages/airflow/example_dags/example_sensor_decorator.py for tasks to queue
[2024-05-05T04:06:01.374+0000] {logging_mixin.py:188} INFO - [2024-05-05T04:06:01.372+0000] {dagbag.py:540} INFO - Filling up the DagBag from /home/airflow/.local/lib/python3.12/site-packages/airflow/example_dags/example_sensor_decorator.py
[2024-05-05T04:06:01.453+0000] {processor.py:840} INFO - DAG(s) 'example_sensor_decorator' retrieved from /home/airflow/.local/lib/python3.12/site-packages/airflow/example_dags/example_sensor_decorator.py
[2024-05-05T04:06:01.689+0000] {logging_mixin.py:188} INFO - [2024-05-05T04:06:01.671+0000] {dag.py:3096} INFO - Sync 1 DAGs
[2024-05-05T04:06:01.899+0000] {logging_mixin.py:188} INFO - [2024-05-05T04:06:01.898+0000] {dag.py:3954} INFO - Setting next_dagrun for example_sensor_decorator to None, run_after=None
[2024-05-05T04:06:02.571+0000] {processor.py:183} INFO - Processing /home/airflow/.local/lib/python3.12/site-packages/airflow/example_dags/example_sensor_decorator.py took 1.296 seconds
[2024-05-05T04:07:30.083+0000] {processor.py:161} INFO - Started process (PID=8903) to work on /home/airflow/.local/lib/python3.12/site-packages/airflow/example_dags/example_sensor_decorator.py
[2024-05-05T04:07:30.131+0000] {processor.py:830} INFO - Processing file /home/airflow/.local/lib/python3.12/site-packages/airflow/example_dags/example_sensor_decorator.py for tasks to queue
[2024-05-05T04:07:30.207+0000] {logging_mixin.py:188} INFO - [2024-05-05T04:07:30.177+0000] {dagbag.py:540} INFO - Filling up the DagBag from /home/airflow/.local/lib/python3.12/site-packages/airflow/example_dags/example_sensor_decorator.py
[2024-05-05T04:07:30.756+0000] {processor.py:840} INFO - DAG(s) 'example_sensor_decorator' retrieved from /home/airflow/.local/lib/python3.12/site-packages/airflow/example_dags/example_sensor_decorator.py
[2024-05-05T04:07:31.884+0000] {logging_mixin.py:188} INFO - [2024-05-05T04:07:31.870+0000] {dag.py:3096} INFO - Sync 1 DAGs
[2024-05-05T04:07:32.408+0000] {logging_mixin.py:188} INFO - [2024-05-05T04:07:32.403+0000] {dag.py:3954} INFO - Setting next_dagrun for example_sensor_decorator to None, run_after=None
[2024-05-05T04:07:33.060+0000] {processor.py:183} INFO - Processing /home/airflow/.local/lib/python3.12/site-packages/airflow/example_dags/example_sensor_decorator.py took 3.341 seconds
[2024-05-05T04:08:43.302+0000] {processor.py:161} INFO - Started process (PID=8946) to work on /home/airflow/.local/lib/python3.12/site-packages/airflow/example_dags/example_sensor_decorator.py
[2024-05-05T04:08:43.337+0000] {processor.py:830} INFO - Processing file /home/airflow/.local/lib/python3.12/site-packages/airflow/example_dags/example_sensor_decorator.py for tasks to queue
[2024-05-05T04:08:43.403+0000] {logging_mixin.py:188} INFO - [2024-05-05T04:08:43.389+0000] {dagbag.py:540} INFO - Filling up the DagBag from /home/airflow/.local/lib/python3.12/site-packages/airflow/example_dags/example_sensor_decorator.py
[2024-05-05T04:08:43.669+0000] {processor.py:840} INFO - DAG(s) 'example_sensor_decorator' retrieved from /home/airflow/.local/lib/python3.12/site-packages/airflow/example_dags/example_sensor_decorator.py
[2024-05-05T04:08:44.612+0000] {logging_mixin.py:188} INFO - [2024-05-05T04:08:44.605+0000] {dag.py:3096} INFO - Sync 1 DAGs
[2024-05-05T04:08:45.130+0000] {logging_mixin.py:188} INFO - [2024-05-05T04:08:45.129+0000] {dag.py:3954} INFO - Setting next_dagrun for example_sensor_decorator to None, run_after=None
[2024-05-05T04:08:45.673+0000] {processor.py:183} INFO - Processing /home/airflow/.local/lib/python3.12/site-packages/airflow/example_dags/example_sensor_decorator.py took 2.619 seconds
[2024-05-05T04:09:52.813+0000] {processor.py:161} INFO - Started process (PID=8994) to work on /home/airflow/.local/lib/python3.12/site-packages/airflow/example_dags/example_sensor_decorator.py
[2024-05-05T04:09:52.853+0000] {processor.py:830} INFO - Processing file /home/airflow/.local/lib/python3.12/site-packages/airflow/example_dags/example_sensor_decorator.py for tasks to queue
[2024-05-05T04:09:52.915+0000] {logging_mixin.py:188} INFO - [2024-05-05T04:09:52.902+0000] {dagbag.py:540} INFO - Filling up the DagBag from /home/airflow/.local/lib/python3.12/site-packages/airflow/example_dags/example_sensor_decorator.py
[2024-05-05T04:09:53.162+0000] {processor.py:840} INFO - DAG(s) 'example_sensor_decorator' retrieved from /home/airflow/.local/lib/python3.12/site-packages/airflow/example_dags/example_sensor_decorator.py
[2024-05-05T04:09:53.791+0000] {logging_mixin.py:188} INFO - [2024-05-05T04:09:53.775+0000] {dag.py:3096} INFO - Sync 1 DAGs
[2024-05-05T04:09:54.384+0000] {logging_mixin.py:188} INFO - [2024-05-05T04:09:54.382+0000] {dag.py:3954} INFO - Setting next_dagrun for example_sensor_decorator to None, run_after=None
[2024-05-05T04:09:55.388+0000] {processor.py:183} INFO - Processing /home/airflow/.local/lib/python3.12/site-packages/airflow/example_dags/example_sensor_decorator.py took 2.840 seconds
[2024-05-05T04:11:14.024+0000] {processor.py:161} INFO - Started process (PID=9047) to work on /home/airflow/.local/lib/python3.12/site-packages/airflow/example_dags/example_sensor_decorator.py
[2024-05-05T04:11:14.115+0000] {processor.py:830} INFO - Processing file /home/airflow/.local/lib/python3.12/site-packages/airflow/example_dags/example_sensor_decorator.py for tasks to queue
[2024-05-05T04:11:14.216+0000] {logging_mixin.py:188} INFO - [2024-05-05T04:11:14.152+0000] {dagbag.py:540} INFO - Filling up the DagBag from /home/airflow/.local/lib/python3.12/site-packages/airflow/example_dags/example_sensor_decorator.py
[2024-05-05T04:11:14.725+0000] {processor.py:840} INFO - DAG(s) 'example_sensor_decorator' retrieved from /home/airflow/.local/lib/python3.12/site-packages/airflow/example_dags/example_sensor_decorator.py
[2024-05-05T04:11:15.339+0000] {logging_mixin.py:188} INFO - [2024-05-05T04:11:15.321+0000] {dag.py:3096} INFO - Sync 1 DAGs
[2024-05-05T04:11:15.611+0000] {logging_mixin.py:188} INFO - [2024-05-05T04:11:15.604+0000] {dag.py:3954} INFO - Setting next_dagrun for example_sensor_decorator to None, run_after=None
[2024-05-05T04:11:15.960+0000] {processor.py:183} INFO - Processing /home/airflow/.local/lib/python3.12/site-packages/airflow/example_dags/example_sensor_decorator.py took 2.159 seconds
[2024-05-05T04:12:22.140+0000] {processor.py:161} INFO - Started process (PID=9094) to work on /home/airflow/.local/lib/python3.12/site-packages/airflow/example_dags/example_sensor_decorator.py
[2024-05-05T04:12:22.166+0000] {processor.py:830} INFO - Processing file /home/airflow/.local/lib/python3.12/site-packages/airflow/example_dags/example_sensor_decorator.py for tasks to queue
[2024-05-05T04:12:22.199+0000] {logging_mixin.py:188} INFO - [2024-05-05T04:12:22.189+0000] {dagbag.py:540} INFO - Filling up the DagBag from /home/airflow/.local/lib/python3.12/site-packages/airflow/example_dags/example_sensor_decorator.py
[2024-05-05T04:12:22.390+0000] {processor.py:840} INFO - DAG(s) 'example_sensor_decorator' retrieved from /home/airflow/.local/lib/python3.12/site-packages/airflow/example_dags/example_sensor_decorator.py
[2024-05-05T04:12:23.017+0000] {logging_mixin.py:188} INFO - [2024-05-05T04:12:23.015+0000] {dag.py:3096} INFO - Sync 1 DAGs
[2024-05-05T04:12:23.347+0000] {logging_mixin.py:188} INFO - [2024-05-05T04:12:23.345+0000] {dag.py:3954} INFO - Setting next_dagrun for example_sensor_decorator to None, run_after=None
[2024-05-05T04:12:23.780+0000] {processor.py:183} INFO - Processing /home/airflow/.local/lib/python3.12/site-packages/airflow/example_dags/example_sensor_decorator.py took 2.068 seconds
[2024-05-05T04:13:40.691+0000] {processor.py:161} INFO - Started process (PID=9141) to work on /home/airflow/.local/lib/python3.12/site-packages/airflow/example_dags/example_sensor_decorator.py
[2024-05-05T04:13:40.726+0000] {processor.py:830} INFO - Processing file /home/airflow/.local/lib/python3.12/site-packages/airflow/example_dags/example_sensor_decorator.py for tasks to queue
[2024-05-05T04:13:40.771+0000] {logging_mixin.py:188} INFO - [2024-05-05T04:13:40.755+0000] {dagbag.py:540} INFO - Filling up the DagBag from /home/airflow/.local/lib/python3.12/site-packages/airflow/example_dags/example_sensor_decorator.py
[2024-05-05T04:13:41.299+0000] {processor.py:840} INFO - DAG(s) 'example_sensor_decorator' retrieved from /home/airflow/.local/lib/python3.12/site-packages/airflow/example_dags/example_sensor_decorator.py
[2024-05-05T04:13:41.827+0000] {logging_mixin.py:188} INFO - [2024-05-05T04:13:41.818+0000] {dag.py:3096} INFO - Sync 1 DAGs
[2024-05-05T04:13:42.443+0000] {logging_mixin.py:188} INFO - [2024-05-05T04:13:42.420+0000] {dag.py:3954} INFO - Setting next_dagrun for example_sensor_decorator to None, run_after=None
[2024-05-05T04:13:43.408+0000] {processor.py:183} INFO - Processing /home/airflow/.local/lib/python3.12/site-packages/airflow/example_dags/example_sensor_decorator.py took 3.060 seconds
[2024-05-05T04:14:54.845+0000] {processor.py:161} INFO - Started process (PID=9192) to work on /home/airflow/.local/lib/python3.12/site-packages/airflow/example_dags/example_sensor_decorator.py
[2024-05-05T04:14:54.879+0000] {processor.py:830} INFO - Processing file /home/airflow/.local/lib/python3.12/site-packages/airflow/example_dags/example_sensor_decorator.py for tasks to queue
[2024-05-05T04:14:55.006+0000] {logging_mixin.py:188} INFO - [2024-05-05T04:14:54.979+0000] {dagbag.py:540} INFO - Filling up the DagBag from /home/airflow/.local/lib/python3.12/site-packages/airflow/example_dags/example_sensor_decorator.py
[2024-05-05T04:14:55.461+0000] {processor.py:840} INFO - DAG(s) 'example_sensor_decorator' retrieved from /home/airflow/.local/lib/python3.12/site-packages/airflow/example_dags/example_sensor_decorator.py
[2024-05-05T04:14:57.153+0000] {logging_mixin.py:188} INFO - [2024-05-05T04:14:57.144+0000] {dag.py:3096} INFO - Sync 1 DAGs
[2024-05-05T04:14:58.369+0000] {logging_mixin.py:188} INFO - [2024-05-05T04:14:58.351+0000] {dag.py:3954} INFO - Setting next_dagrun for example_sensor_decorator to None, run_after=None
[2024-05-05T04:14:59.416+0000] {processor.py:183} INFO - Processing /home/airflow/.local/lib/python3.12/site-packages/airflow/example_dags/example_sensor_decorator.py took 4.853 seconds
[2024-05-05T04:16:15.534+0000] {processor.py:161} INFO - Started process (PID=9244) to work on /home/airflow/.local/lib/python3.12/site-packages/airflow/example_dags/example_sensor_decorator.py
[2024-05-05T04:16:15.580+0000] {processor.py:830} INFO - Processing file /home/airflow/.local/lib/python3.12/site-packages/airflow/example_dags/example_sensor_decorator.py for tasks to queue
[2024-05-05T04:16:15.630+0000] {logging_mixin.py:188} INFO - [2024-05-05T04:16:15.626+0000] {dagbag.py:540} INFO - Filling up the DagBag from /home/airflow/.local/lib/python3.12/site-packages/airflow/example_dags/example_sensor_decorator.py
[2024-05-05T04:16:15.821+0000] {processor.py:840} INFO - DAG(s) 'example_sensor_decorator' retrieved from /home/airflow/.local/lib/python3.12/site-packages/airflow/example_dags/example_sensor_decorator.py
[2024-05-05T04:16:16.436+0000] {logging_mixin.py:188} INFO - [2024-05-05T04:16:16.434+0000] {dag.py:3096} INFO - Sync 1 DAGs
[2024-05-05T04:16:17.121+0000] {logging_mixin.py:188} INFO - [2024-05-05T04:16:17.107+0000] {dag.py:3954} INFO - Setting next_dagrun for example_sensor_decorator to None, run_after=None
[2024-05-05T04:16:17.975+0000] {processor.py:183} INFO - Processing /home/airflow/.local/lib/python3.12/site-packages/airflow/example_dags/example_sensor_decorator.py took 2.676 seconds
[2024-05-05T04:17:27.523+0000] {processor.py:161} INFO - Started process (PID=9293) to work on /home/airflow/.local/lib/python3.12/site-packages/airflow/example_dags/example_sensor_decorator.py
[2024-05-05T04:17:27.550+0000] {processor.py:830} INFO - Processing file /home/airflow/.local/lib/python3.12/site-packages/airflow/example_dags/example_sensor_decorator.py for tasks to queue
[2024-05-05T04:17:27.575+0000] {logging_mixin.py:188} INFO - [2024-05-05T04:17:27.561+0000] {dagbag.py:540} INFO - Filling up the DagBag from /home/airflow/.local/lib/python3.12/site-packages/airflow/example_dags/example_sensor_decorator.py
[2024-05-05T04:17:27.807+0000] {processor.py:840} INFO - DAG(s) 'example_sensor_decorator' retrieved from /home/airflow/.local/lib/python3.12/site-packages/airflow/example_dags/example_sensor_decorator.py
[2024-05-05T04:17:28.439+0000] {logging_mixin.py:188} INFO - [2024-05-05T04:17:28.421+0000] {dag.py:3096} INFO - Sync 1 DAGs
[2024-05-05T04:17:28.828+0000] {logging_mixin.py:188} INFO - [2024-05-05T04:17:28.827+0000] {dag.py:3954} INFO - Setting next_dagrun for example_sensor_decorator to None, run_after=None
[2024-05-05T04:17:29.380+0000] {processor.py:183} INFO - Processing /home/airflow/.local/lib/python3.12/site-packages/airflow/example_dags/example_sensor_decorator.py took 2.085 seconds
[2024-05-05T04:18:48.987+0000] {processor.py:161} INFO - Started process (PID=9348) to work on /home/airflow/.local/lib/python3.12/site-packages/airflow/example_dags/example_sensor_decorator.py
[2024-05-05T04:18:49.019+0000] {processor.py:830} INFO - Processing file /home/airflow/.local/lib/python3.12/site-packages/airflow/example_dags/example_sensor_decorator.py for tasks to queue
[2024-05-05T04:18:49.048+0000] {logging_mixin.py:188} INFO - [2024-05-05T04:18:49.038+0000] {dagbag.py:540} INFO - Filling up the DagBag from /home/airflow/.local/lib/python3.12/site-packages/airflow/example_dags/example_sensor_decorator.py
[2024-05-05T04:18:49.227+0000] {processor.py:840} INFO - DAG(s) 'example_sensor_decorator' retrieved from /home/airflow/.local/lib/python3.12/site-packages/airflow/example_dags/example_sensor_decorator.py
[2024-05-05T04:18:49.785+0000] {logging_mixin.py:188} INFO - [2024-05-05T04:18:49.776+0000] {dag.py:3096} INFO - Sync 1 DAGs
[2024-05-05T04:18:50.192+0000] {logging_mixin.py:188} INFO - [2024-05-05T04:18:50.182+0000] {dag.py:3954} INFO - Setting next_dagrun for example_sensor_decorator to None, run_after=None
[2024-05-05T04:18:51.150+0000] {processor.py:183} INFO - Processing /home/airflow/.local/lib/python3.12/site-packages/airflow/example_dags/example_sensor_decorator.py took 2.405 seconds
[2024-05-05T04:19:54.002+0000] {processor.py:161} INFO - Started process (PID=9396) to work on /home/airflow/.local/lib/python3.12/site-packages/airflow/example_dags/example_sensor_decorator.py
[2024-05-05T04:19:54.036+0000] {processor.py:830} INFO - Processing file /home/airflow/.local/lib/python3.12/site-packages/airflow/example_dags/example_sensor_decorator.py for tasks to queue
[2024-05-05T04:19:54.105+0000] {logging_mixin.py:188} INFO - [2024-05-05T04:19:54.096+0000] {dagbag.py:540} INFO - Filling up the DagBag from /home/airflow/.local/lib/python3.12/site-packages/airflow/example_dags/example_sensor_decorator.py
[2024-05-05T04:19:54.376+0000] {processor.py:840} INFO - DAG(s) 'example_sensor_decorator' retrieved from /home/airflow/.local/lib/python3.12/site-packages/airflow/example_dags/example_sensor_decorator.py
[2024-05-05T04:19:54.836+0000] {logging_mixin.py:188} INFO - [2024-05-05T04:19:54.835+0000] {dag.py:3096} INFO - Sync 1 DAGs
[2024-05-05T04:19:55.339+0000] {logging_mixin.py:188} INFO - [2024-05-05T04:19:55.327+0000] {dag.py:3954} INFO - Setting next_dagrun for example_sensor_decorator to None, run_after=None
[2024-05-05T04:19:56.157+0000] {processor.py:183} INFO - Processing /home/airflow/.local/lib/python3.12/site-packages/airflow/example_dags/example_sensor_decorator.py took 2.252 seconds
[2024-05-05T04:21:12.557+0000] {processor.py:161} INFO - Started process (PID=9441) to work on /home/airflow/.local/lib/python3.12/site-packages/airflow/example_dags/example_sensor_decorator.py
[2024-05-05T04:21:12.602+0000] {processor.py:830} INFO - Processing file /home/airflow/.local/lib/python3.12/site-packages/airflow/example_dags/example_sensor_decorator.py for tasks to queue
[2024-05-05T04:21:12.644+0000] {logging_mixin.py:188} INFO - [2024-05-05T04:21:12.635+0000] {dagbag.py:540} INFO - Filling up the DagBag from /home/airflow/.local/lib/python3.12/site-packages/airflow/example_dags/example_sensor_decorator.py
[2024-05-05T04:21:13.080+0000] {processor.py:840} INFO - DAG(s) 'example_sensor_decorator' retrieved from /home/airflow/.local/lib/python3.12/site-packages/airflow/example_dags/example_sensor_decorator.py
[2024-05-05T04:21:13.921+0000] {logging_mixin.py:188} INFO - [2024-05-05T04:21:13.914+0000] {dag.py:3096} INFO - Sync 1 DAGs
[2024-05-05T04:21:14.342+0000] {logging_mixin.py:188} INFO - [2024-05-05T04:21:14.340+0000] {dag.py:3954} INFO - Setting next_dagrun for example_sensor_decorator to None, run_after=None
[2024-05-05T04:21:14.838+0000] {processor.py:183} INFO - Processing /home/airflow/.local/lib/python3.12/site-packages/airflow/example_dags/example_sensor_decorator.py took 2.594 seconds
[2024-05-05T04:22:22.911+0000] {processor.py:161} INFO - Started process (PID=9489) to work on /home/airflow/.local/lib/python3.12/site-packages/airflow/example_dags/example_sensor_decorator.py
[2024-05-05T04:22:22.950+0000] {processor.py:830} INFO - Processing file /home/airflow/.local/lib/python3.12/site-packages/airflow/example_dags/example_sensor_decorator.py for tasks to queue
[2024-05-05T04:22:22.994+0000] {logging_mixin.py:188} INFO - [2024-05-05T04:22:22.981+0000] {dagbag.py:540} INFO - Filling up the DagBag from /home/airflow/.local/lib/python3.12/site-packages/airflow/example_dags/example_sensor_decorator.py
[2024-05-05T04:22:23.146+0000] {processor.py:840} INFO - DAG(s) 'example_sensor_decorator' retrieved from /home/airflow/.local/lib/python3.12/site-packages/airflow/example_dags/example_sensor_decorator.py
[2024-05-05T04:22:23.595+0000] {logging_mixin.py:188} INFO - [2024-05-05T04:22:23.584+0000] {dag.py:3096} INFO - Sync 1 DAGs
[2024-05-05T04:22:24.009+0000] {logging_mixin.py:188} INFO - [2024-05-05T04:22:23.998+0000] {dag.py:3954} INFO - Setting next_dagrun for example_sensor_decorator to None, run_after=None
[2024-05-05T04:22:24.953+0000] {processor.py:183} INFO - Processing /home/airflow/.local/lib/python3.12/site-packages/airflow/example_dags/example_sensor_decorator.py took 2.421 seconds
[2024-05-05T04:23:46.553+0000] {processor.py:161} INFO - Started process (PID=9543) to work on /home/airflow/.local/lib/python3.12/site-packages/airflow/example_dags/example_sensor_decorator.py
[2024-05-05T04:23:46.604+0000] {processor.py:830} INFO - Processing file /home/airflow/.local/lib/python3.12/site-packages/airflow/example_dags/example_sensor_decorator.py for tasks to queue
[2024-05-05T04:23:46.635+0000] {logging_mixin.py:188} INFO - [2024-05-05T04:23:46.632+0000] {dagbag.py:540} INFO - Filling up the DagBag from /home/airflow/.local/lib/python3.12/site-packages/airflow/example_dags/example_sensor_decorator.py
[2024-05-05T04:23:46.788+0000] {processor.py:840} INFO - DAG(s) 'example_sensor_decorator' retrieved from /home/airflow/.local/lib/python3.12/site-packages/airflow/example_dags/example_sensor_decorator.py
[2024-05-05T04:23:47.538+0000] {logging_mixin.py:188} INFO - [2024-05-05T04:23:47.525+0000] {dag.py:3096} INFO - Sync 1 DAGs
[2024-05-05T04:23:48.189+0000] {logging_mixin.py:188} INFO - [2024-05-05T04:23:48.160+0000] {dag.py:3954} INFO - Setting next_dagrun for example_sensor_decorator to None, run_after=None
[2024-05-05T04:23:49.100+0000] {processor.py:183} INFO - Processing /home/airflow/.local/lib/python3.12/site-packages/airflow/example_dags/example_sensor_decorator.py took 2.710 seconds
[2024-05-05T04:25:01.258+0000] {processor.py:161} INFO - Started process (PID=9593) to work on /home/airflow/.local/lib/python3.12/site-packages/airflow/example_dags/example_sensor_decorator.py
[2024-05-05T04:25:01.286+0000] {processor.py:830} INFO - Processing file /home/airflow/.local/lib/python3.12/site-packages/airflow/example_dags/example_sensor_decorator.py for tasks to queue
[2024-05-05T04:25:01.314+0000] {logging_mixin.py:188} INFO - [2024-05-05T04:25:01.311+0000] {dagbag.py:540} INFO - Filling up the DagBag from /home/airflow/.local/lib/python3.12/site-packages/airflow/example_dags/example_sensor_decorator.py
[2024-05-05T04:25:01.589+0000] {processor.py:840} INFO - DAG(s) 'example_sensor_decorator' retrieved from /home/airflow/.local/lib/python3.12/site-packages/airflow/example_dags/example_sensor_decorator.py
[2024-05-05T04:25:02.822+0000] {logging_mixin.py:188} INFO - [2024-05-05T04:25:02.809+0000] {dag.py:3096} INFO - Sync 1 DAGs
[2024-05-05T04:25:03.338+0000] {logging_mixin.py:188} INFO - [2024-05-05T04:25:03.337+0000] {dag.py:3954} INFO - Setting next_dagrun for example_sensor_decorator to None, run_after=None
[2024-05-05T04:25:03.900+0000] {processor.py:183} INFO - Processing /home/airflow/.local/lib/python3.12/site-packages/airflow/example_dags/example_sensor_decorator.py took 2.832 seconds
[2024-05-05T04:26:23.438+0000] {processor.py:161} INFO - Started process (PID=9646) to work on /home/airflow/.local/lib/python3.12/site-packages/airflow/example_dags/example_sensor_decorator.py
[2024-05-05T04:26:23.483+0000] {processor.py:830} INFO - Processing file /home/airflow/.local/lib/python3.12/site-packages/airflow/example_dags/example_sensor_decorator.py for tasks to queue
[2024-05-05T04:26:23.563+0000] {logging_mixin.py:188} INFO - [2024-05-05T04:26:23.560+0000] {dagbag.py:540} INFO - Filling up the DagBag from /home/airflow/.local/lib/python3.12/site-packages/airflow/example_dags/example_sensor_decorator.py
[2024-05-05T04:26:23.857+0000] {processor.py:840} INFO - DAG(s) 'example_sensor_decorator' retrieved from /home/airflow/.local/lib/python3.12/site-packages/airflow/example_dags/example_sensor_decorator.py
[2024-05-05T04:26:24.511+0000] {logging_mixin.py:188} INFO - [2024-05-05T04:26:24.509+0000] {dag.py:3096} INFO - Sync 1 DAGs
[2024-05-05T04:26:24.835+0000] {logging_mixin.py:188} INFO - [2024-05-05T04:26:24.834+0000] {dag.py:3954} INFO - Setting next_dagrun for example_sensor_decorator to None, run_after=None
[2024-05-05T04:26:25.713+0000] {processor.py:183} INFO - Processing /home/airflow/.local/lib/python3.12/site-packages/airflow/example_dags/example_sensor_decorator.py took 2.518 seconds
[2024-05-05T04:27:41.434+0000] {processor.py:161} INFO - Started process (PID=9699) to work on /home/airflow/.local/lib/python3.12/site-packages/airflow/example_dags/example_sensor_decorator.py
[2024-05-05T04:27:41.483+0000] {processor.py:830} INFO - Processing file /home/airflow/.local/lib/python3.12/site-packages/airflow/example_dags/example_sensor_decorator.py for tasks to queue
[2024-05-05T04:27:41.503+0000] {logging_mixin.py:188} INFO - [2024-05-05T04:27:41.501+0000] {dagbag.py:540} INFO - Filling up the DagBag from /home/airflow/.local/lib/python3.12/site-packages/airflow/example_dags/example_sensor_decorator.py
[2024-05-05T04:27:41.681+0000] {processor.py:840} INFO - DAG(s) 'example_sensor_decorator' retrieved from /home/airflow/.local/lib/python3.12/site-packages/airflow/example_dags/example_sensor_decorator.py
[2024-05-05T04:27:42.813+0000] {logging_mixin.py:188} INFO - [2024-05-05T04:27:42.811+0000] {dag.py:3096} INFO - Sync 1 DAGs
[2024-05-05T04:27:44.139+0000] {logging_mixin.py:188} INFO - [2024-05-05T04:27:44.116+0000] {dag.py:3954} INFO - Setting next_dagrun for example_sensor_decorator to None, run_after=None
[2024-05-05T04:27:45.264+0000] {processor.py:183} INFO - Processing /home/airflow/.local/lib/python3.12/site-packages/airflow/example_dags/example_sensor_decorator.py took 4.034 seconds
[2024-05-05T04:28:59.362+0000] {processor.py:161} INFO - Started process (PID=9746) to work on /home/airflow/.local/lib/python3.12/site-packages/airflow/example_dags/example_sensor_decorator.py
[2024-05-05T04:28:59.436+0000] {processor.py:830} INFO - Processing file /home/airflow/.local/lib/python3.12/site-packages/airflow/example_dags/example_sensor_decorator.py for tasks to queue
[2024-05-05T04:28:59.473+0000] {logging_mixin.py:188} INFO - [2024-05-05T04:28:59.456+0000] {dagbag.py:540} INFO - Filling up the DagBag from /home/airflow/.local/lib/python3.12/site-packages/airflow/example_dags/example_sensor_decorator.py
[2024-05-05T04:28:59.708+0000] {processor.py:840} INFO - DAG(s) 'example_sensor_decorator' retrieved from /home/airflow/.local/lib/python3.12/site-packages/airflow/example_dags/example_sensor_decorator.py
[2024-05-05T04:29:00.715+0000] {logging_mixin.py:188} INFO - [2024-05-05T04:29:00.703+0000] {dag.py:3096} INFO - Sync 1 DAGs
[2024-05-05T04:29:01.446+0000] {logging_mixin.py:188} INFO - [2024-05-05T04:29:01.427+0000] {dag.py:3954} INFO - Setting next_dagrun for example_sensor_decorator to None, run_after=None
[2024-05-05T04:29:02.455+0000] {processor.py:183} INFO - Processing /home/airflow/.local/lib/python3.12/site-packages/airflow/example_dags/example_sensor_decorator.py took 3.548 seconds
[2024-05-05T04:30:13.252+0000] {processor.py:161} INFO - Started process (PID=9802) to work on /home/airflow/.local/lib/python3.12/site-packages/airflow/example_dags/example_sensor_decorator.py
[2024-05-05T04:30:13.286+0000] {processor.py:830} INFO - Processing file /home/airflow/.local/lib/python3.12/site-packages/airflow/example_dags/example_sensor_decorator.py for tasks to queue
[2024-05-05T04:30:13.353+0000] {logging_mixin.py:188} INFO - [2024-05-05T04:30:13.337+0000] {dagbag.py:540} INFO - Filling up the DagBag from /home/airflow/.local/lib/python3.12/site-packages/airflow/example_dags/example_sensor_decorator.py
[2024-05-05T04:30:13.551+0000] {processor.py:840} INFO - DAG(s) 'example_sensor_decorator' retrieved from /home/airflow/.local/lib/python3.12/site-packages/airflow/example_dags/example_sensor_decorator.py
[2024-05-05T04:30:14.014+0000] {logging_mixin.py:188} INFO - [2024-05-05T04:30:14.013+0000] {dag.py:3096} INFO - Sync 1 DAGs
[2024-05-05T04:30:14.488+0000] {logging_mixin.py:188} INFO - [2024-05-05T04:30:14.486+0000] {dag.py:3954} INFO - Setting next_dagrun for example_sensor_decorator to None, run_after=None
[2024-05-05T04:30:15.286+0000] {processor.py:183} INFO - Processing /home/airflow/.local/lib/python3.12/site-packages/airflow/example_dags/example_sensor_decorator.py took 2.290 seconds
[2024-05-05T04:31:33.531+0000] {processor.py:161} INFO - Started process (PID=9850) to work on /home/airflow/.local/lib/python3.12/site-packages/airflow/example_dags/example_sensor_decorator.py
[2024-05-05T04:31:33.581+0000] {processor.py:830} INFO - Processing file /home/airflow/.local/lib/python3.12/site-packages/airflow/example_dags/example_sensor_decorator.py for tasks to queue
[2024-05-05T04:31:33.594+0000] {logging_mixin.py:188} INFO - [2024-05-05T04:31:33.591+0000] {dagbag.py:540} INFO - Filling up the DagBag from /home/airflow/.local/lib/python3.12/site-packages/airflow/example_dags/example_sensor_decorator.py
[2024-05-05T04:31:33.919+0000] {processor.py:840} INFO - DAG(s) 'example_sensor_decorator' retrieved from /home/airflow/.local/lib/python3.12/site-packages/airflow/example_dags/example_sensor_decorator.py
[2024-05-05T04:31:34.519+0000] {logging_mixin.py:188} INFO - [2024-05-05T04:31:34.517+0000] {dag.py:3096} INFO - Sync 1 DAGs
[2024-05-05T04:31:35.114+0000] {logging_mixin.py:188} INFO - [2024-05-05T04:31:35.112+0000] {dag.py:3954} INFO - Setting next_dagrun for example_sensor_decorator to None, run_after=None
[2024-05-05T04:31:35.711+0000] {processor.py:183} INFO - Processing /home/airflow/.local/lib/python3.12/site-packages/airflow/example_dags/example_sensor_decorator.py took 2.448 seconds
[2024-05-05T04:32:47.464+0000] {processor.py:161} INFO - Started process (PID=9900) to work on /home/airflow/.local/lib/python3.12/site-packages/airflow/example_dags/example_sensor_decorator.py
[2024-05-05T04:32:47.485+0000] {processor.py:830} INFO - Processing file /home/airflow/.local/lib/python3.12/site-packages/airflow/example_dags/example_sensor_decorator.py for tasks to queue
[2024-05-05T04:32:47.617+0000] {logging_mixin.py:188} INFO - [2024-05-05T04:32:47.528+0000] {dagbag.py:540} INFO - Filling up the DagBag from /home/airflow/.local/lib/python3.12/site-packages/airflow/example_dags/example_sensor_decorator.py
[2024-05-05T04:32:48.012+0000] {processor.py:840} INFO - DAG(s) 'example_sensor_decorator' retrieved from /home/airflow/.local/lib/python3.12/site-packages/airflow/example_dags/example_sensor_decorator.py
[2024-05-05T04:32:49.554+0000] {logging_mixin.py:188} INFO - [2024-05-05T04:32:49.489+0000] {dag.py:3096} INFO - Sync 1 DAGs
[2024-05-05T04:32:50.718+0000] {logging_mixin.py:188} INFO - [2024-05-05T04:32:50.716+0000] {dag.py:3954} INFO - Setting next_dagrun for example_sensor_decorator to None, run_after=None
[2024-05-05T04:32:51.331+0000] {processor.py:183} INFO - Processing /home/airflow/.local/lib/python3.12/site-packages/airflow/example_dags/example_sensor_decorator.py took 4.123 seconds
[2024-05-05T04:34:23.686+0000] {processor.py:161} INFO - Started process (PID=9952) to work on /home/airflow/.local/lib/python3.12/site-packages/airflow/example_dags/example_sensor_decorator.py
[2024-05-05T04:34:23.723+0000] {processor.py:830} INFO - Processing file /home/airflow/.local/lib/python3.12/site-packages/airflow/example_dags/example_sensor_decorator.py for tasks to queue
[2024-05-05T04:34:23.793+0000] {logging_mixin.py:188} INFO - [2024-05-05T04:34:23.790+0000] {dagbag.py:540} INFO - Filling up the DagBag from /home/airflow/.local/lib/python3.12/site-packages/airflow/example_dags/example_sensor_decorator.py
[2024-05-05T04:34:24.024+0000] {processor.py:840} INFO - DAG(s) 'example_sensor_decorator' retrieved from /home/airflow/.local/lib/python3.12/site-packages/airflow/example_dags/example_sensor_decorator.py
[2024-05-05T04:34:24.736+0000] {logging_mixin.py:188} INFO - [2024-05-05T04:34:24.733+0000] {dag.py:3096} INFO - Sync 1 DAGs
[2024-05-05T04:34:25.550+0000] {logging_mixin.py:188} INFO - [2024-05-05T04:34:25.499+0000] {dag.py:3954} INFO - Setting next_dagrun for example_sensor_decorator to None, run_after=None
[2024-05-05T04:34:26.410+0000] {processor.py:183} INFO - Processing /home/airflow/.local/lib/python3.12/site-packages/airflow/example_dags/example_sensor_decorator.py took 3.104 seconds
[2024-05-05T04:35:32.199+0000] {processor.py:161} INFO - Started process (PID=10003) to work on /home/airflow/.local/lib/python3.12/site-packages/airflow/example_dags/example_sensor_decorator.py
[2024-05-05T04:35:32.203+0000] {processor.py:830} INFO - Processing file /home/airflow/.local/lib/python3.12/site-packages/airflow/example_dags/example_sensor_decorator.py for tasks to queue
[2024-05-05T04:35:32.211+0000] {logging_mixin.py:188} INFO - [2024-05-05T04:35:32.208+0000] {dagbag.py:540} INFO - Filling up the DagBag from /home/airflow/.local/lib/python3.12/site-packages/airflow/example_dags/example_sensor_decorator.py
[2024-05-05T04:35:32.237+0000] {processor.py:840} INFO - DAG(s) 'example_sensor_decorator' retrieved from /home/airflow/.local/lib/python3.12/site-packages/airflow/example_dags/example_sensor_decorator.py
[2024-05-05T05:05:27.119+0000] {logging_mixin.py:188} INFO - [2024-05-05T05:05:27.113+0000] {dag.py:3096} INFO - Sync 1 DAGs
[2024-05-05T05:05:28.783+0000] {logging_mixin.py:188} INFO - [2024-05-05T05:05:28.781+0000] {dag.py:3954} INFO - Setting next_dagrun for example_sensor_decorator to None, run_after=None
[2024-05-05T05:05:30.424+0000] {processor.py:183} INFO - Processing /home/airflow/.local/lib/python3.12/site-packages/airflow/example_dags/example_sensor_decorator.py took 3.978 seconds
[2024-05-05T05:29:43.001+0000] {processor.py:161} INFO - Started process (PID=10061) to work on /home/airflow/.local/lib/python3.12/site-packages/airflow/example_dags/example_sensor_decorator.py
[2024-05-05T05:29:43.268+0000] {processor.py:830} INFO - Processing file /home/airflow/.local/lib/python3.12/site-packages/airflow/example_dags/example_sensor_decorator.py for tasks to queue
[2024-05-05T05:29:43.372+0000] {logging_mixin.py:188} INFO - [2024-05-05T05:29:43.314+0000] {dagbag.py:540} INFO - Filling up the DagBag from /home/airflow/.local/lib/python3.12/site-packages/airflow/example_dags/example_sensor_decorator.py
[2024-05-05T05:29:45.189+0000] {processor.py:840} INFO - DAG(s) 'example_sensor_decorator' retrieved from /home/airflow/.local/lib/python3.12/site-packages/airflow/example_dags/example_sensor_decorator.py
[2024-05-05T05:29:53.543+0000] {logging_mixin.py:188} INFO - [2024-05-05T05:29:53.540+0000] {dag.py:3096} INFO - Sync 1 DAGs
[2024-05-05T05:29:54.323+0000] {logging_mixin.py:188} INFO - [2024-05-05T05:29:54.225+0000] {dag.py:3954} INFO - Setting next_dagrun for example_sensor_decorator to None, run_after=None
[2024-05-05T06:47:01.851+0000] {processor.py:183} INFO - Processing /home/airflow/.local/lib/python3.12/site-packages/airflow/example_dags/example_sensor_decorator.py took 78.597 seconds
[2024-05-05T06:50:48.099+0000] {processor.py:161} INFO - Started process (PID=10143) to work on /home/airflow/.local/lib/python3.12/site-packages/airflow/example_dags/example_sensor_decorator.py
[2024-05-05T06:50:48.186+0000] {processor.py:830} INFO - Processing file /home/airflow/.local/lib/python3.12/site-packages/airflow/example_dags/example_sensor_decorator.py for tasks to queue
[2024-05-05T06:50:48.284+0000] {logging_mixin.py:188} INFO - [2024-05-05T06:50:48.235+0000] {dagbag.py:540} INFO - Filling up the DagBag from /home/airflow/.local/lib/python3.12/site-packages/airflow/example_dags/example_sensor_decorator.py
[2024-05-05T06:50:48.846+0000] {processor.py:840} INFO - DAG(s) 'example_sensor_decorator' retrieved from /home/airflow/.local/lib/python3.12/site-packages/airflow/example_dags/example_sensor_decorator.py
[2024-05-05T06:51:03.346+0000] {logging_mixin.py:188} INFO - [2024-05-05T06:51:03.297+0000] {dag.py:3096} INFO - Sync 1 DAGs
[2024-05-05T06:51:16.998+0000] {logging_mixin.py:188} INFO - [2024-05-05T06:51:16.988+0000] {dag.py:3954} INFO - Setting next_dagrun for example_sensor_decorator to None, run_after=None
[2024-05-05T06:51:26.087+0000] {processor.py:183} INFO - Processing /home/airflow/.local/lib/python3.12/site-packages/airflow/example_dags/example_sensor_decorator.py took 38.725 seconds
[2024-05-05T13:20:09.181+0000] {processor.py:161} INFO - Started process (PID=10242) to work on /home/airflow/.local/lib/python3.12/site-packages/airflow/example_dags/example_sensor_decorator.py
[2024-05-05T13:20:09.216+0000] {processor.py:830} INFO - Processing file /home/airflow/.local/lib/python3.12/site-packages/airflow/example_dags/example_sensor_decorator.py for tasks to queue
[2024-05-05T13:20:09.240+0000] {logging_mixin.py:188} INFO - [2024-05-05T13:20:09.237+0000] {dagbag.py:540} INFO - Filling up the DagBag from /home/airflow/.local/lib/python3.12/site-packages/airflow/example_dags/example_sensor_decorator.py
[2024-05-05T13:20:09.299+0000] {processor.py:840} INFO - DAG(s) 'example_sensor_decorator' retrieved from /home/airflow/.local/lib/python3.12/site-packages/airflow/example_dags/example_sensor_decorator.py
[2024-05-05T13:21:02.507+0000] {logging_mixin.py:188} INFO - [2024-05-05T13:21:02.491+0000] {dag.py:3096} INFO - Sync 1 DAGs
[2024-05-05T13:21:02.655+0000] {logging_mixin.py:188} INFO - [2024-05-05T13:21:02.647+0000] {dag.py:3954} INFO - Setting next_dagrun for example_sensor_decorator to None, run_after=None
[2024-05-05T13:21:02.786+0000] {processor.py:183} INFO - Processing /home/airflow/.local/lib/python3.12/site-packages/airflow/example_dags/example_sensor_decorator.py took 53.736 seconds
[2024-05-05T18:12:27.269+0000] {processor.py:161} INFO - Started process (PID=10318) to work on /home/airflow/.local/lib/python3.12/site-packages/airflow/example_dags/example_sensor_decorator.py
[2024-05-05T18:12:27.398+0000] {processor.py:830} INFO - Processing file /home/airflow/.local/lib/python3.12/site-packages/airflow/example_dags/example_sensor_decorator.py for tasks to queue
[2024-05-05T18:12:27.514+0000] {logging_mixin.py:188} INFO - [2024-05-05T18:12:27.432+0000] {dagbag.py:540} INFO - Filling up the DagBag from /home/airflow/.local/lib/python3.12/site-packages/airflow/example_dags/example_sensor_decorator.py
[2024-05-05T18:12:28.389+0000] {processor.py:840} INFO - DAG(s) 'example_sensor_decorator' retrieved from /home/airflow/.local/lib/python3.12/site-packages/airflow/example_dags/example_sensor_decorator.py
[2024-05-05T18:12:29.940+0000] {logging_mixin.py:188} INFO - [2024-05-05T18:12:29.935+0000] {dag.py:3096} INFO - Sync 1 DAGs
[2024-05-05T18:12:30.722+0000] {logging_mixin.py:188} INFO - [2024-05-05T18:12:30.720+0000] {dag.py:3954} INFO - Setting next_dagrun for example_sensor_decorator to None, run_after=None
[2024-05-05T18:12:34.602+0000] {processor.py:183} INFO - Processing /home/airflow/.local/lib/python3.12/site-packages/airflow/example_dags/example_sensor_decorator.py took 7.623 seconds
