[2024-05-05T00:00:26.940+0000] {processor.py:161} INFO - Started process (PID=7555) to work on /home/airflow/.local/lib/python3.12/site-packages/airflow/example_dags/example_latest_only.py
[2024-05-05T00:00:26.946+0000] {processor.py:830} INFO - Processing file /home/airflow/.local/lib/python3.12/site-packages/airflow/example_dags/example_latest_only.py for tasks to queue
[2024-05-05T00:00:26.953+0000] {logging_mixin.py:188} INFO - [2024-05-05T00:00:26.952+0000] {dagbag.py:540} INFO - Filling up the DagBag from /home/airflow/.local/lib/python3.12/site-packages/airflow/example_dags/example_latest_only.py
[2024-05-05T00:00:26.974+0000] {processor.py:840} INFO - DAG(s) 'latest_only' retrieved from /home/airflow/.local/lib/python3.12/site-packages/airflow/example_dags/example_latest_only.py
[2024-05-05T00:00:27.030+0000] {logging_mixin.py:188} INFO - [2024-05-05T00:00:27.029+0000] {dag.py:3096} INFO - Sync 1 DAGs
[2024-05-05T00:00:27.107+0000] {logging_mixin.py:188} INFO - [2024-05-05T00:00:27.107+0000] {dag.py:3954} INFO - Setting next_dagrun for latest_only to 2024-05-04 20:00:00+00:00, run_after=2024-05-05 00:00:00+00:00
[2024-05-05T00:00:27.153+0000] {processor.py:183} INFO - Processing /home/airflow/.local/lib/python3.12/site-packages/airflow/example_dags/example_latest_only.py took 0.238 seconds
[2024-05-05T00:00:57.404+0000] {processor.py:161} INFO - Started process (PID=7615) to work on /home/airflow/.local/lib/python3.12/site-packages/airflow/example_dags/example_latest_only.py
[2024-05-05T00:00:57.407+0000] {processor.py:830} INFO - Processing file /home/airflow/.local/lib/python3.12/site-packages/airflow/example_dags/example_latest_only.py for tasks to queue
[2024-05-05T00:00:57.409+0000] {logging_mixin.py:188} INFO - [2024-05-05T00:00:57.409+0000] {dagbag.py:540} INFO - Filling up the DagBag from /home/airflow/.local/lib/python3.12/site-packages/airflow/example_dags/example_latest_only.py
[2024-05-05T00:00:57.419+0000] {processor.py:840} INFO - DAG(s) 'latest_only' retrieved from /home/airflow/.local/lib/python3.12/site-packages/airflow/example_dags/example_latest_only.py
[2024-05-05T00:00:57.457+0000] {logging_mixin.py:188} INFO - [2024-05-05T00:00:57.456+0000] {dag.py:3096} INFO - Sync 1 DAGs
[2024-05-05T00:00:57.506+0000] {logging_mixin.py:188} INFO - [2024-05-05T00:00:57.506+0000] {dag.py:3954} INFO - Setting next_dagrun for latest_only to 2024-05-04 20:00:00+00:00, run_after=2024-05-05 00:00:00+00:00
[2024-05-05T00:00:57.549+0000] {processor.py:183} INFO - Processing /home/airflow/.local/lib/python3.12/site-packages/airflow/example_dags/example_latest_only.py took 0.156 seconds
[2024-05-05T00:31:30.768+0000] {processor.py:161} INFO - Started process (PID=7681) to work on /home/airflow/.local/lib/python3.12/site-packages/airflow/example_dags/example_latest_only.py
[2024-05-05T00:31:30.809+0000] {processor.py:830} INFO - Processing file /home/airflow/.local/lib/python3.12/site-packages/airflow/example_dags/example_latest_only.py for tasks to queue
[2024-05-05T00:31:30.883+0000] {logging_mixin.py:188} INFO - [2024-05-05T00:31:30.854+0000] {dagbag.py:540} INFO - Filling up the DagBag from /home/airflow/.local/lib/python3.12/site-packages/airflow/example_dags/example_latest_only.py
[2024-05-05T00:31:31.317+0000] {processor.py:840} INFO - DAG(s) 'latest_only' retrieved from /home/airflow/.local/lib/python3.12/site-packages/airflow/example_dags/example_latest_only.py
[2024-05-05T00:31:32.189+0000] {logging_mixin.py:188} INFO - [2024-05-05T00:31:32.184+0000] {dag.py:3096} INFO - Sync 1 DAGs
[2024-05-05T00:31:33.652+0000] {logging_mixin.py:188} INFO - [2024-05-05T00:31:33.645+0000] {dag.py:3954} INFO - Setting next_dagrun for latest_only to 2024-05-04 20:00:00+00:00, run_after=2024-05-05 00:00:00+00:00
[2024-05-05T00:31:34.465+0000] {processor.py:183} INFO - Processing /home/airflow/.local/lib/python3.12/site-packages/airflow/example_dags/example_latest_only.py took 4.136 seconds
[2024-05-05T00:33:39.449+0000] {processor.py:161} INFO - Started process (PID=7758) to work on /home/airflow/.local/lib/python3.12/site-packages/airflow/example_dags/example_latest_only.py
[2024-05-05T00:33:39.485+0000] {processor.py:830} INFO - Processing file /home/airflow/.local/lib/python3.12/site-packages/airflow/example_dags/example_latest_only.py for tasks to queue
[2024-05-05T00:33:39.533+0000] {logging_mixin.py:188} INFO - [2024-05-05T00:33:39.503+0000] {dagbag.py:540} INFO - Filling up the DagBag from /home/airflow/.local/lib/python3.12/site-packages/airflow/example_dags/example_latest_only.py
[2024-05-05T00:33:39.863+0000] {processor.py:840} INFO - DAG(s) 'latest_only' retrieved from /home/airflow/.local/lib/python3.12/site-packages/airflow/example_dags/example_latest_only.py
[2024-05-05T00:33:41.598+0000] {logging_mixin.py:188} INFO - [2024-05-05T00:33:41.598+0000] {dag.py:3096} INFO - Sync 1 DAGs
[2024-05-05T00:33:41.746+0000] {logging_mixin.py:188} INFO - [2024-05-05T00:33:41.746+0000] {dag.py:3954} INFO - Setting next_dagrun for latest_only to 2024-05-04 20:00:00+00:00, run_after=2024-05-05 00:00:00+00:00
[2024-05-05T00:33:42.670+0000] {processor.py:183} INFO - Processing /home/airflow/.local/lib/python3.12/site-packages/airflow/example_dags/example_latest_only.py took 3.645 seconds
[2024-05-05T00:51:25.421+0000] {processor.py:161} INFO - Started process (PID=7802) to work on /home/airflow/.local/lib/python3.12/site-packages/airflow/example_dags/example_latest_only.py
[2024-05-05T00:51:25.479+0000] {processor.py:830} INFO - Processing file /home/airflow/.local/lib/python3.12/site-packages/airflow/example_dags/example_latest_only.py for tasks to queue
[2024-05-05T00:51:25.508+0000] {logging_mixin.py:188} INFO - [2024-05-05T00:51:25.497+0000] {dagbag.py:540} INFO - Filling up the DagBag from /home/airflow/.local/lib/python3.12/site-packages/airflow/example_dags/example_latest_only.py
[2024-05-05T00:51:25.658+0000] {processor.py:840} INFO - DAG(s) 'latest_only' retrieved from /home/airflow/.local/lib/python3.12/site-packages/airflow/example_dags/example_latest_only.py
[2024-05-05T00:51:26.361+0000] {logging_mixin.py:188} INFO - [2024-05-05T00:51:26.347+0000] {dag.py:3096} INFO - Sync 1 DAGs
[2024-05-05T00:51:27.093+0000] {logging_mixin.py:188} INFO - [2024-05-05T00:51:27.081+0000] {dag.py:3954} INFO - Setting next_dagrun for latest_only to 2024-05-04 20:00:00+00:00, run_after=2024-05-05 00:00:00+00:00
[2024-05-05T00:51:27.929+0000] {processor.py:183} INFO - Processing /home/airflow/.local/lib/python3.12/site-packages/airflow/example_dags/example_latest_only.py took 2.736 seconds
[2024-05-05T00:52:26.446+0000] {processor.py:161} INFO - Started process (PID=7841) to work on /home/airflow/.local/lib/python3.12/site-packages/airflow/example_dags/example_latest_only.py
[2024-05-05T00:52:26.479+0000] {processor.py:830} INFO - Processing file /home/airflow/.local/lib/python3.12/site-packages/airflow/example_dags/example_latest_only.py for tasks to queue
[2024-05-05T00:52:26.539+0000] {logging_mixin.py:188} INFO - [2024-05-05T00:52:26.511+0000] {dagbag.py:540} INFO - Filling up the DagBag from /home/airflow/.local/lib/python3.12/site-packages/airflow/example_dags/example_latest_only.py
[2024-05-05T00:52:26.875+0000] {processor.py:840} INFO - DAG(s) 'latest_only' retrieved from /home/airflow/.local/lib/python3.12/site-packages/airflow/example_dags/example_latest_only.py
[2024-05-05T00:52:27.476+0000] {logging_mixin.py:188} INFO - [2024-05-05T00:52:27.465+0000] {dag.py:3096} INFO - Sync 1 DAGs
[2024-05-05T00:52:28.111+0000] {logging_mixin.py:188} INFO - [2024-05-05T00:52:28.109+0000] {dag.py:3954} INFO - Setting next_dagrun for latest_only to 2024-05-04 20:00:00+00:00, run_after=2024-05-05 00:00:00+00:00
[2024-05-05T00:52:28.890+0000] {processor.py:183} INFO - Processing /home/airflow/.local/lib/python3.12/site-packages/airflow/example_dags/example_latest_only.py took 2.632 seconds
[2024-05-05T00:53:20.226+0000] {processor.py:161} INFO - Started process (PID=7884) to work on /home/airflow/.local/lib/python3.12/site-packages/airflow/example_dags/example_latest_only.py
[2024-05-05T00:53:20.232+0000] {processor.py:830} INFO - Processing file /home/airflow/.local/lib/python3.12/site-packages/airflow/example_dags/example_latest_only.py for tasks to queue
[2024-05-05T00:53:20.244+0000] {logging_mixin.py:188} INFO - [2024-05-05T00:53:20.243+0000] {dagbag.py:540} INFO - Filling up the DagBag from /home/airflow/.local/lib/python3.12/site-packages/airflow/example_dags/example_latest_only.py
[2024-05-05T00:53:20.289+0000] {processor.py:840} INFO - DAG(s) 'latest_only' retrieved from /home/airflow/.local/lib/python3.12/site-packages/airflow/example_dags/example_latest_only.py
[2024-05-05T00:53:20.403+0000] {logging_mixin.py:188} INFO - [2024-05-05T00:53:20.398+0000] {dag.py:3096} INFO - Sync 1 DAGs
[2024-05-05T00:53:20.534+0000] {logging_mixin.py:188} INFO - [2024-05-05T00:53:20.531+0000] {dag.py:3954} INFO - Setting next_dagrun for latest_only to 2024-05-04 20:00:00+00:00, run_after=2024-05-05 00:00:00+00:00
[2024-05-05T00:53:20.633+0000] {processor.py:183} INFO - Processing /home/airflow/.local/lib/python3.12/site-packages/airflow/example_dags/example_latest_only.py took 0.441 seconds
[2024-05-05T01:10:52.592+0000] {processor.py:161} INFO - Started process (PID=7919) to work on /home/airflow/.local/lib/python3.12/site-packages/airflow/example_dags/example_latest_only.py
[2024-05-05T01:10:52.612+0000] {processor.py:830} INFO - Processing file /home/airflow/.local/lib/python3.12/site-packages/airflow/example_dags/example_latest_only.py for tasks to queue
[2024-05-05T01:10:52.643+0000] {logging_mixin.py:188} INFO - [2024-05-05T01:10:52.632+0000] {dagbag.py:540} INFO - Filling up the DagBag from /home/airflow/.local/lib/python3.12/site-packages/airflow/example_dags/example_latest_only.py
[2024-05-05T01:10:52.824+0000] {processor.py:840} INFO - DAG(s) 'latest_only' retrieved from /home/airflow/.local/lib/python3.12/site-packages/airflow/example_dags/example_latest_only.py
[2024-05-05T01:10:53.553+0000] {logging_mixin.py:188} INFO - [2024-05-05T01:10:53.552+0000] {dag.py:3096} INFO - Sync 1 DAGs
[2024-05-05T01:10:54.901+0000] {logging_mixin.py:188} INFO - [2024-05-05T01:10:54.893+0000] {dag.py:3954} INFO - Setting next_dagrun for latest_only to 2024-05-04 20:00:00+00:00, run_after=2024-05-05 00:00:00+00:00
[2024-05-05T01:10:55.835+0000] {processor.py:183} INFO - Processing /home/airflow/.local/lib/python3.12/site-packages/airflow/example_dags/example_latest_only.py took 3.508 seconds
[2024-05-05T01:29:08.498+0000] {processor.py:161} INFO - Started process (PID=7971) to work on /home/airflow/.local/lib/python3.12/site-packages/airflow/example_dags/example_latest_only.py
[2024-05-05T01:29:08.525+0000] {processor.py:830} INFO - Processing file /home/airflow/.local/lib/python3.12/site-packages/airflow/example_dags/example_latest_only.py for tasks to queue
[2024-05-05T01:29:08.570+0000] {logging_mixin.py:188} INFO - [2024-05-05T01:29:08.548+0000] {dagbag.py:540} INFO - Filling up the DagBag from /home/airflow/.local/lib/python3.12/site-packages/airflow/example_dags/example_latest_only.py
[2024-05-05T01:29:08.868+0000] {processor.py:840} INFO - DAG(s) 'latest_only' retrieved from /home/airflow/.local/lib/python3.12/site-packages/airflow/example_dags/example_latest_only.py
[2024-05-05T01:29:09.491+0000] {logging_mixin.py:188} INFO - [2024-05-05T01:29:09.478+0000] {dag.py:3096} INFO - Sync 1 DAGs
[2024-05-05T01:29:10.636+0000] {logging_mixin.py:188} INFO - [2024-05-05T01:29:10.612+0000] {dag.py:3954} INFO - Setting next_dagrun for latest_only to 2024-05-04 20:00:00+00:00, run_after=2024-05-05 00:00:00+00:00
[2024-05-05T01:29:11.507+0000] {processor.py:183} INFO - Processing /home/airflow/.local/lib/python3.12/site-packages/airflow/example_dags/example_latest_only.py took 3.496 seconds
[2024-05-05T01:45:26.672+0000] {processor.py:161} INFO - Started process (PID=8027) to work on /home/airflow/.local/lib/python3.12/site-packages/airflow/example_dags/example_latest_only.py
[2024-05-05T01:45:26.693+0000] {processor.py:830} INFO - Processing file /home/airflow/.local/lib/python3.12/site-packages/airflow/example_dags/example_latest_only.py for tasks to queue
[2024-05-05T01:45:26.720+0000] {logging_mixin.py:188} INFO - [2024-05-05T01:45:26.710+0000] {dagbag.py:540} INFO - Filling up the DagBag from /home/airflow/.local/lib/python3.12/site-packages/airflow/example_dags/example_latest_only.py
[2024-05-05T01:45:26.889+0000] {processor.py:840} INFO - DAG(s) 'latest_only' retrieved from /home/airflow/.local/lib/python3.12/site-packages/airflow/example_dags/example_latest_only.py
[2024-05-05T01:45:27.312+0000] {logging_mixin.py:188} INFO - [2024-05-05T01:45:27.303+0000] {dag.py:3096} INFO - Sync 1 DAGs
[2024-05-05T01:45:27.776+0000] {logging_mixin.py:188} INFO - [2024-05-05T01:45:27.770+0000] {dag.py:3954} INFO - Setting next_dagrun for latest_only to 2024-05-04 20:00:00+00:00, run_after=2024-05-05 00:00:00+00:00
[2024-05-05T01:45:29.848+0000] {processor.py:183} INFO - Processing /home/airflow/.local/lib/python3.12/site-packages/airflow/example_dags/example_latest_only.py took 1.562 seconds
[2024-05-05T02:03:06.148+0000] {processor.py:161} INFO - Started process (PID=8076) to work on /home/airflow/.local/lib/python3.12/site-packages/airflow/example_dags/example_latest_only.py
[2024-05-05T02:03:06.157+0000] {processor.py:830} INFO - Processing file /home/airflow/.local/lib/python3.12/site-packages/airflow/example_dags/example_latest_only.py for tasks to queue
[2024-05-05T02:03:06.159+0000] {logging_mixin.py:188} INFO - [2024-05-05T02:03:06.158+0000] {dagbag.py:540} INFO - Filling up the DagBag from /home/airflow/.local/lib/python3.12/site-packages/airflow/example_dags/example_latest_only.py
[2024-05-05T02:03:06.176+0000] {processor.py:840} INFO - DAG(s) 'latest_only' retrieved from /home/airflow/.local/lib/python3.12/site-packages/airflow/example_dags/example_latest_only.py
[2024-05-05T02:03:06.247+0000] {logging_mixin.py:188} INFO - [2024-05-05T02:03:06.247+0000] {dag.py:3096} INFO - Sync 1 DAGs
[2024-05-05T02:03:06.319+0000] {logging_mixin.py:188} INFO - [2024-05-05T02:03:06.319+0000] {dag.py:3954} INFO - Setting next_dagrun for latest_only to 2024-05-04 20:00:00+00:00, run_after=2024-05-05 00:00:00+00:00
[2024-05-05T02:03:06.385+0000] {processor.py:183} INFO - Processing /home/airflow/.local/lib/python3.12/site-packages/airflow/example_dags/example_latest_only.py took 0.255 seconds
[2024-05-05T02:04:03.722+0000] {processor.py:161} INFO - Started process (PID=8125) to work on /home/airflow/.local/lib/python3.12/site-packages/airflow/example_dags/example_latest_only.py
[2024-05-05T02:04:03.755+0000] {processor.py:830} INFO - Processing file /home/airflow/.local/lib/python3.12/site-packages/airflow/example_dags/example_latest_only.py for tasks to queue
[2024-05-05T02:04:03.781+0000] {logging_mixin.py:188} INFO - [2024-05-05T02:04:03.779+0000] {dagbag.py:540} INFO - Filling up the DagBag from /home/airflow/.local/lib/python3.12/site-packages/airflow/example_dags/example_latest_only.py
[2024-05-05T02:04:03.931+0000] {processor.py:840} INFO - DAG(s) 'latest_only' retrieved from /home/airflow/.local/lib/python3.12/site-packages/airflow/example_dags/example_latest_only.py
[2024-05-05T02:04:04.492+0000] {logging_mixin.py:188} INFO - [2024-05-05T02:04:04.468+0000] {dag.py:3096} INFO - Sync 1 DAGs
[2024-05-05T02:04:05.155+0000] {logging_mixin.py:188} INFO - [2024-05-05T02:04:05.154+0000] {dag.py:3954} INFO - Setting next_dagrun for latest_only to 2024-05-04 20:00:00+00:00, run_after=2024-05-05 00:00:00+00:00
[2024-05-05T02:04:05.455+0000] {processor.py:183} INFO - Processing /home/airflow/.local/lib/python3.12/site-packages/airflow/example_dags/example_latest_only.py took 1.976 seconds
[2024-05-05T02:04:49.250+0000] {processor.py:161} INFO - Started process (PID=8164) to work on /home/airflow/.local/lib/python3.12/site-packages/airflow/example_dags/example_latest_only.py
[2024-05-05T02:04:49.259+0000] {processor.py:830} INFO - Processing file /home/airflow/.local/lib/python3.12/site-packages/airflow/example_dags/example_latest_only.py for tasks to queue
[2024-05-05T02:04:49.267+0000] {logging_mixin.py:188} INFO - [2024-05-05T02:04:49.264+0000] {dagbag.py:540} INFO - Filling up the DagBag from /home/airflow/.local/lib/python3.12/site-packages/airflow/example_dags/example_latest_only.py
[2024-05-05T02:04:49.303+0000] {processor.py:840} INFO - DAG(s) 'latest_only' retrieved from /home/airflow/.local/lib/python3.12/site-packages/airflow/example_dags/example_latest_only.py
[2024-05-05T02:04:49.413+0000] {logging_mixin.py:188} INFO - [2024-05-05T02:04:49.412+0000] {dag.py:3096} INFO - Sync 1 DAGs
[2024-05-05T02:04:49.575+0000] {logging_mixin.py:188} INFO - [2024-05-05T02:04:49.575+0000] {dag.py:3954} INFO - Setting next_dagrun for latest_only to 2024-05-04 20:00:00+00:00, run_after=2024-05-05 00:00:00+00:00
[2024-05-05T02:04:49.678+0000] {processor.py:183} INFO - Processing /home/airflow/.local/lib/python3.12/site-packages/airflow/example_dags/example_latest_only.py took 0.476 seconds
[2024-05-05T03:14:49.001+0000] {processor.py:161} INFO - Started process (PID=8215) to work on /home/airflow/.local/lib/python3.12/site-packages/airflow/example_dags/example_latest_only.py
[2024-05-05T03:14:49.022+0000] {processor.py:830} INFO - Processing file /home/airflow/.local/lib/python3.12/site-packages/airflow/example_dags/example_latest_only.py for tasks to queue
[2024-05-05T03:14:49.035+0000] {logging_mixin.py:188} INFO - [2024-05-05T03:14:49.033+0000] {dagbag.py:540} INFO - Filling up the DagBag from /home/airflow/.local/lib/python3.12/site-packages/airflow/example_dags/example_latest_only.py
[2024-05-05T03:14:49.097+0000] {processor.py:840} INFO - DAG(s) 'latest_only' retrieved from /home/airflow/.local/lib/python3.12/site-packages/airflow/example_dags/example_latest_only.py
[2024-05-05T03:14:49.368+0000] {logging_mixin.py:188} INFO - [2024-05-05T03:14:49.366+0000] {dag.py:3096} INFO - Sync 1 DAGs
[2024-05-05T03:14:49.621+0000] {logging_mixin.py:188} INFO - [2024-05-05T03:14:49.620+0000] {dag.py:3954} INFO - Setting next_dagrun for latest_only to 2024-05-04 20:00:00+00:00, run_after=2024-05-05 00:00:00+00:00
[2024-05-05T03:14:49.778+0000] {processor.py:183} INFO - Processing /home/airflow/.local/lib/python3.12/site-packages/airflow/example_dags/example_latest_only.py took 0.846 seconds
[2024-05-05T03:15:29.398+0000] {processor.py:161} INFO - Started process (PID=8273) to work on /home/airflow/.local/lib/python3.12/site-packages/airflow/example_dags/example_latest_only.py
[2024-05-05T03:15:29.401+0000] {processor.py:830} INFO - Processing file /home/airflow/.local/lib/python3.12/site-packages/airflow/example_dags/example_latest_only.py for tasks to queue
[2024-05-05T03:15:29.405+0000] {logging_mixin.py:188} INFO - [2024-05-05T03:15:29.404+0000] {dagbag.py:540} INFO - Filling up the DagBag from /home/airflow/.local/lib/python3.12/site-packages/airflow/example_dags/example_latest_only.py
[2024-05-05T03:15:29.421+0000] {processor.py:840} INFO - DAG(s) 'latest_only' retrieved from /home/airflow/.local/lib/python3.12/site-packages/airflow/example_dags/example_latest_only.py
[2024-05-05T03:15:29.472+0000] {logging_mixin.py:188} INFO - [2024-05-05T03:15:29.472+0000] {dag.py:3096} INFO - Sync 1 DAGs
[2024-05-05T03:15:29.526+0000] {logging_mixin.py:188} INFO - [2024-05-05T03:15:29.526+0000] {dag.py:3954} INFO - Setting next_dagrun for latest_only to 2024-05-04 20:00:00+00:00, run_after=2024-05-05 00:00:00+00:00
[2024-05-05T03:15:29.556+0000] {processor.py:183} INFO - Processing /home/airflow/.local/lib/python3.12/site-packages/airflow/example_dags/example_latest_only.py took 0.170 seconds
[2024-05-05T03:48:38.348+0000] {processor.py:161} INFO - Started process (PID=8305) to work on /home/airflow/.local/lib/python3.12/site-packages/airflow/example_dags/example_latest_only.py
[2024-05-05T03:48:38.363+0000] {processor.py:830} INFO - Processing file /home/airflow/.local/lib/python3.12/site-packages/airflow/example_dags/example_latest_only.py for tasks to queue
[2024-05-05T03:48:38.385+0000] {logging_mixin.py:188} INFO - [2024-05-05T03:48:38.378+0000] {dagbag.py:540} INFO - Filling up the DagBag from /home/airflow/.local/lib/python3.12/site-packages/airflow/example_dags/example_latest_only.py
[2024-05-05T03:48:38.552+0000] {processor.py:840} INFO - DAG(s) 'latest_only' retrieved from /home/airflow/.local/lib/python3.12/site-packages/airflow/example_dags/example_latest_only.py
[2024-05-05T03:48:38.931+0000] {logging_mixin.py:188} INFO - [2024-05-05T03:48:38.916+0000] {dag.py:3096} INFO - Sync 1 DAGs
[2024-05-05T03:48:39.366+0000] {logging_mixin.py:188} INFO - [2024-05-05T03:48:39.365+0000] {dag.py:3954} INFO - Setting next_dagrun for latest_only to 2024-05-04 20:00:00+00:00, run_after=2024-05-05 00:00:00+00:00
[2024-05-05T03:48:39.620+0000] {processor.py:183} INFO - Processing /home/airflow/.local/lib/python3.12/site-packages/airflow/example_dags/example_latest_only.py took 1.386 seconds
[2024-05-05T04:00:12.496+0000] {processor.py:161} INFO - Started process (PID=8361) to work on /home/airflow/.local/lib/python3.12/site-packages/airflow/example_dags/example_latest_only.py
[2024-05-05T04:00:12.499+0000] {processor.py:830} INFO - Processing file /home/airflow/.local/lib/python3.12/site-packages/airflow/example_dags/example_latest_only.py for tasks to queue
[2024-05-05T04:00:12.504+0000] {logging_mixin.py:188} INFO - [2024-05-05T04:00:12.503+0000] {dagbag.py:540} INFO - Filling up the DagBag from /home/airflow/.local/lib/python3.12/site-packages/airflow/example_dags/example_latest_only.py
[2024-05-05T04:00:12.545+0000] {processor.py:840} INFO - DAG(s) 'latest_only' retrieved from /home/airflow/.local/lib/python3.12/site-packages/airflow/example_dags/example_latest_only.py
[2024-05-05T04:00:12.656+0000] {logging_mixin.py:188} INFO - [2024-05-05T04:00:12.656+0000] {dag.py:3096} INFO - Sync 1 DAGs
[2024-05-05T04:00:12.811+0000] {logging_mixin.py:188} INFO - [2024-05-05T04:00:12.810+0000] {dag.py:3954} INFO - Setting next_dagrun for latest_only to 2024-05-05 00:00:00+00:00, run_after=2024-05-05 04:00:00+00:00
[2024-05-05T04:00:13.304+0000] {processor.py:183} INFO - Processing /home/airflow/.local/lib/python3.12/site-packages/airflow/example_dags/example_latest_only.py took 0.876 seconds
[2024-05-05T04:01:18.393+0000] {processor.py:161} INFO - Started process (PID=8421) to work on /home/airflow/.local/lib/python3.12/site-packages/airflow/example_dags/example_latest_only.py
[2024-05-05T04:01:18.410+0000] {processor.py:830} INFO - Processing file /home/airflow/.local/lib/python3.12/site-packages/airflow/example_dags/example_latest_only.py for tasks to queue
[2024-05-05T04:01:18.417+0000] {logging_mixin.py:188} INFO - [2024-05-05T04:01:18.416+0000] {dagbag.py:540} INFO - Filling up the DagBag from /home/airflow/.local/lib/python3.12/site-packages/airflow/example_dags/example_latest_only.py
[2024-05-05T04:01:18.515+0000] {processor.py:840} INFO - DAG(s) 'latest_only' retrieved from /home/airflow/.local/lib/python3.12/site-packages/airflow/example_dags/example_latest_only.py
[2024-05-05T04:01:18.924+0000] {logging_mixin.py:188} INFO - [2024-05-05T04:01:18.913+0000] {dag.py:3096} INFO - Sync 1 DAGs
[2024-05-05T04:01:19.330+0000] {logging_mixin.py:188} INFO - [2024-05-05T04:01:19.326+0000] {dag.py:3954} INFO - Setting next_dagrun for latest_only to 2024-05-05 00:00:00+00:00, run_after=2024-05-05 04:00:00+00:00
[2024-05-05T04:01:19.707+0000] {processor.py:183} INFO - Processing /home/airflow/.local/lib/python3.12/site-packages/airflow/example_dags/example_latest_only.py took 1.422 seconds
[2024-05-05T04:01:58.762+0000] {processor.py:161} INFO - Started process (PID=8475) to work on /home/airflow/.local/lib/python3.12/site-packages/airflow/example_dags/example_latest_only.py
[2024-05-05T04:01:58.778+0000] {processor.py:830} INFO - Processing file /home/airflow/.local/lib/python3.12/site-packages/airflow/example_dags/example_latest_only.py for tasks to queue
[2024-05-05T04:01:58.787+0000] {logging_mixin.py:188} INFO - [2024-05-05T04:01:58.784+0000] {dagbag.py:540} INFO - Filling up the DagBag from /home/airflow/.local/lib/python3.12/site-packages/airflow/example_dags/example_latest_only.py
[2024-05-05T04:01:58.820+0000] {processor.py:840} INFO - DAG(s) 'latest_only' retrieved from /home/airflow/.local/lib/python3.12/site-packages/airflow/example_dags/example_latest_only.py
[2024-05-05T04:01:58.919+0000] {logging_mixin.py:188} INFO - [2024-05-05T04:01:58.918+0000] {dag.py:3096} INFO - Sync 1 DAGs
[2024-05-05T04:01:59.055+0000] {logging_mixin.py:188} INFO - [2024-05-05T04:01:59.054+0000] {dag.py:3954} INFO - Setting next_dagrun for latest_only to 2024-05-05 00:00:00+00:00, run_after=2024-05-05 04:00:00+00:00
[2024-05-05T04:01:59.146+0000] {processor.py:183} INFO - Processing /home/airflow/.local/lib/python3.12/site-packages/airflow/example_dags/example_latest_only.py took 0.505 seconds
[2024-05-05T04:02:35.088+0000] {processor.py:161} INFO - Started process (PID=8533) to work on /home/airflow/.local/lib/python3.12/site-packages/airflow/example_dags/example_latest_only.py
[2024-05-05T04:02:35.101+0000] {processor.py:830} INFO - Processing file /home/airflow/.local/lib/python3.12/site-packages/airflow/example_dags/example_latest_only.py for tasks to queue
[2024-05-05T04:02:35.117+0000] {logging_mixin.py:188} INFO - [2024-05-05T04:02:35.115+0000] {dagbag.py:540} INFO - Filling up the DagBag from /home/airflow/.local/lib/python3.12/site-packages/airflow/example_dags/example_latest_only.py
[2024-05-05T04:02:35.202+0000] {processor.py:840} INFO - DAG(s) 'latest_only' retrieved from /home/airflow/.local/lib/python3.12/site-packages/airflow/example_dags/example_latest_only.py
[2024-05-05T04:02:35.538+0000] {logging_mixin.py:188} INFO - [2024-05-05T04:02:35.537+0000] {dag.py:3096} INFO - Sync 1 DAGs
[2024-05-05T04:02:35.826+0000] {logging_mixin.py:188} INFO - [2024-05-05T04:02:35.812+0000] {dag.py:3954} INFO - Setting next_dagrun for latest_only to 2024-05-05 00:00:00+00:00, run_after=2024-05-05 04:00:00+00:00
[2024-05-05T04:02:36.065+0000] {processor.py:183} INFO - Processing /home/airflow/.local/lib/python3.12/site-packages/airflow/example_dags/example_latest_only.py took 1.077 seconds
[2024-05-05T04:03:10.355+0000] {processor.py:161} INFO - Started process (PID=8594) to work on /home/airflow/.local/lib/python3.12/site-packages/airflow/example_dags/example_latest_only.py
[2024-05-05T04:03:10.379+0000] {processor.py:830} INFO - Processing file /home/airflow/.local/lib/python3.12/site-packages/airflow/example_dags/example_latest_only.py for tasks to queue
[2024-05-05T04:03:10.405+0000] {logging_mixin.py:188} INFO - [2024-05-05T04:03:10.403+0000] {dagbag.py:540} INFO - Filling up the DagBag from /home/airflow/.local/lib/python3.12/site-packages/airflow/example_dags/example_latest_only.py
[2024-05-05T04:03:10.580+0000] {processor.py:840} INFO - DAG(s) 'latest_only' retrieved from /home/airflow/.local/lib/python3.12/site-packages/airflow/example_dags/example_latest_only.py
[2024-05-05T04:03:11.099+0000] {logging_mixin.py:188} INFO - [2024-05-05T04:03:11.098+0000] {dag.py:3096} INFO - Sync 1 DAGs
[2024-05-05T04:03:11.509+0000] {logging_mixin.py:188} INFO - [2024-05-05T04:03:11.508+0000] {dag.py:3954} INFO - Setting next_dagrun for latest_only to 2024-05-05 00:00:00+00:00, run_after=2024-05-05 04:00:00+00:00
[2024-05-05T04:03:11.668+0000] {processor.py:183} INFO - Processing /home/airflow/.local/lib/python3.12/site-packages/airflow/example_dags/example_latest_only.py took 1.475 seconds
[2024-05-05T04:03:50.917+0000] {processor.py:161} INFO - Started process (PID=8653) to work on /home/airflow/.local/lib/python3.12/site-packages/airflow/example_dags/example_latest_only.py
[2024-05-05T04:03:50.938+0000] {processor.py:830} INFO - Processing file /home/airflow/.local/lib/python3.12/site-packages/airflow/example_dags/example_latest_only.py for tasks to queue
[2024-05-05T04:03:50.959+0000] {logging_mixin.py:188} INFO - [2024-05-05T04:03:50.956+0000] {dagbag.py:540} INFO - Filling up the DagBag from /home/airflow/.local/lib/python3.12/site-packages/airflow/example_dags/example_latest_only.py
[2024-05-05T04:03:51.070+0000] {processor.py:840} INFO - DAG(s) 'latest_only' retrieved from /home/airflow/.local/lib/python3.12/site-packages/airflow/example_dags/example_latest_only.py
[2024-05-05T04:03:51.257+0000] {logging_mixin.py:188} INFO - [2024-05-05T04:03:51.254+0000] {dag.py:3096} INFO - Sync 1 DAGs
[2024-05-05T04:03:51.565+0000] {logging_mixin.py:188} INFO - [2024-05-05T04:03:51.564+0000] {dag.py:3954} INFO - Setting next_dagrun for latest_only to 2024-05-05 00:00:00+00:00, run_after=2024-05-05 04:00:00+00:00
[2024-05-05T04:03:51.941+0000] {processor.py:183} INFO - Processing /home/airflow/.local/lib/python3.12/site-packages/airflow/example_dags/example_latest_only.py took 1.092 seconds
[2024-05-05T04:04:30.217+0000] {processor.py:161} INFO - Started process (PID=8712) to work on /home/airflow/.local/lib/python3.12/site-packages/airflow/example_dags/example_latest_only.py
[2024-05-05T04:04:30.225+0000] {processor.py:830} INFO - Processing file /home/airflow/.local/lib/python3.12/site-packages/airflow/example_dags/example_latest_only.py for tasks to queue
[2024-05-05T04:04:30.254+0000] {logging_mixin.py:188} INFO - [2024-05-05T04:04:30.252+0000] {dagbag.py:540} INFO - Filling up the DagBag from /home/airflow/.local/lib/python3.12/site-packages/airflow/example_dags/example_latest_only.py
[2024-05-05T04:04:30.365+0000] {processor.py:840} INFO - DAG(s) 'latest_only' retrieved from /home/airflow/.local/lib/python3.12/site-packages/airflow/example_dags/example_latest_only.py
[2024-05-05T04:04:30.711+0000] {logging_mixin.py:188} INFO - [2024-05-05T04:04:30.710+0000] {dag.py:3096} INFO - Sync 1 DAGs
[2024-05-05T04:04:31.069+0000] {logging_mixin.py:188} INFO - [2024-05-05T04:04:31.063+0000] {dag.py:3954} INFO - Setting next_dagrun for latest_only to 2024-05-05 00:00:00+00:00, run_after=2024-05-05 04:00:00+00:00
[2024-05-05T04:04:31.507+0000] {processor.py:183} INFO - Processing /home/airflow/.local/lib/python3.12/site-packages/airflow/example_dags/example_latest_only.py took 1.434 seconds
[2024-05-05T04:05:06.404+0000] {processor.py:161} INFO - Started process (PID=8765) to work on /home/airflow/.local/lib/python3.12/site-packages/airflow/example_dags/example_latest_only.py
[2024-05-05T04:05:06.425+0000] {processor.py:830} INFO - Processing file /home/airflow/.local/lib/python3.12/site-packages/airflow/example_dags/example_latest_only.py for tasks to queue
[2024-05-05T04:05:06.460+0000] {logging_mixin.py:188} INFO - [2024-05-05T04:05:06.454+0000] {dagbag.py:540} INFO - Filling up the DagBag from /home/airflow/.local/lib/python3.12/site-packages/airflow/example_dags/example_latest_only.py
[2024-05-05T04:05:06.594+0000] {processor.py:840} INFO - DAG(s) 'latest_only' retrieved from /home/airflow/.local/lib/python3.12/site-packages/airflow/example_dags/example_latest_only.py
[2024-05-05T04:05:07.105+0000] {logging_mixin.py:188} INFO - [2024-05-05T04:05:07.102+0000] {dag.py:3096} INFO - Sync 1 DAGs
[2024-05-05T04:05:07.807+0000] {logging_mixin.py:188} INFO - [2024-05-05T04:05:07.806+0000] {dag.py:3954} INFO - Setting next_dagrun for latest_only to 2024-05-05 00:00:00+00:00, run_after=2024-05-05 04:00:00+00:00
[2024-05-05T04:05:08.136+0000] {processor.py:183} INFO - Processing /home/airflow/.local/lib/python3.12/site-packages/airflow/example_dags/example_latest_only.py took 1.944 seconds
[2024-05-05T04:05:53.810+0000] {processor.py:161} INFO - Started process (PID=8830) to work on /home/airflow/.local/lib/python3.12/site-packages/airflow/example_dags/example_latest_only.py
[2024-05-05T04:05:53.920+0000] {processor.py:830} INFO - Processing file /home/airflow/.local/lib/python3.12/site-packages/airflow/example_dags/example_latest_only.py for tasks to queue
[2024-05-05T04:05:53.973+0000] {logging_mixin.py:188} INFO - [2024-05-05T04:05:53.933+0000] {dagbag.py:540} INFO - Filling up the DagBag from /home/airflow/.local/lib/python3.12/site-packages/airflow/example_dags/example_latest_only.py
[2024-05-05T04:05:54.253+0000] {processor.py:840} INFO - DAG(s) 'latest_only' retrieved from /home/airflow/.local/lib/python3.12/site-packages/airflow/example_dags/example_latest_only.py
[2024-05-05T04:05:54.888+0000] {logging_mixin.py:188} INFO - [2024-05-05T04:05:54.876+0000] {dag.py:3096} INFO - Sync 1 DAGs
[2024-05-05T04:05:55.613+0000] {logging_mixin.py:188} INFO - [2024-05-05T04:05:55.610+0000] {dag.py:3954} INFO - Setting next_dagrun for latest_only to 2024-05-05 00:00:00+00:00, run_after=2024-05-05 04:00:00+00:00
[2024-05-05T04:05:56.086+0000] {processor.py:183} INFO - Processing /home/airflow/.local/lib/python3.12/site-packages/airflow/example_dags/example_latest_only.py took 2.742 seconds
[2024-05-05T04:07:14.382+0000] {processor.py:161} INFO - Started process (PID=8890) to work on /home/airflow/.local/lib/python3.12/site-packages/airflow/example_dags/example_latest_only.py
[2024-05-05T04:07:14.411+0000] {processor.py:830} INFO - Processing file /home/airflow/.local/lib/python3.12/site-packages/airflow/example_dags/example_latest_only.py for tasks to queue
[2024-05-05T04:07:14.466+0000] {logging_mixin.py:188} INFO - [2024-05-05T04:07:14.430+0000] {dagbag.py:540} INFO - Filling up the DagBag from /home/airflow/.local/lib/python3.12/site-packages/airflow/example_dags/example_latest_only.py
[2024-05-05T04:07:14.660+0000] {processor.py:840} INFO - DAG(s) 'latest_only' retrieved from /home/airflow/.local/lib/python3.12/site-packages/airflow/example_dags/example_latest_only.py
[2024-05-05T04:07:17.812+0000] {logging_mixin.py:188} INFO - [2024-05-05T04:07:17.794+0000] {dag.py:3096} INFO - Sync 1 DAGs
[2024-05-05T04:07:19.143+0000] {logging_mixin.py:188} INFO - [2024-05-05T04:07:19.142+0000] {dag.py:3954} INFO - Setting next_dagrun for latest_only to 2024-05-05 00:00:00+00:00, run_after=2024-05-05 04:00:00+00:00
[2024-05-05T04:07:21.206+0000] {processor.py:183} INFO - Processing /home/airflow/.local/lib/python3.12/site-packages/airflow/example_dags/example_latest_only.py took 7.169 seconds
[2024-05-05T04:08:32.730+0000] {processor.py:161} INFO - Started process (PID=8940) to work on /home/airflow/.local/lib/python3.12/site-packages/airflow/example_dags/example_latest_only.py
[2024-05-05T04:08:32.786+0000] {processor.py:830} INFO - Processing file /home/airflow/.local/lib/python3.12/site-packages/airflow/example_dags/example_latest_only.py for tasks to queue
[2024-05-05T04:08:32.874+0000] {logging_mixin.py:188} INFO - [2024-05-05T04:08:32.839+0000] {dagbag.py:540} INFO - Filling up the DagBag from /home/airflow/.local/lib/python3.12/site-packages/airflow/example_dags/example_latest_only.py
[2024-05-05T04:08:33.203+0000] {processor.py:840} INFO - DAG(s) 'latest_only' retrieved from /home/airflow/.local/lib/python3.12/site-packages/airflow/example_dags/example_latest_only.py
[2024-05-05T04:08:33.870+0000] {logging_mixin.py:188} INFO - [2024-05-05T04:08:33.868+0000] {dag.py:3096} INFO - Sync 1 DAGs
[2024-05-05T04:08:34.531+0000] {logging_mixin.py:188} INFO - [2024-05-05T04:08:34.518+0000] {dag.py:3954} INFO - Setting next_dagrun for latest_only to 2024-05-05 00:00:00+00:00, run_after=2024-05-05 04:00:00+00:00
[2024-05-05T04:08:35.228+0000] {processor.py:183} INFO - Processing /home/airflow/.local/lib/python3.12/site-packages/airflow/example_dags/example_latest_only.py took 2.802 seconds
[2024-05-05T04:09:42.094+0000] {processor.py:161} INFO - Started process (PID=8988) to work on /home/airflow/.local/lib/python3.12/site-packages/airflow/example_dags/example_latest_only.py
[2024-05-05T04:09:42.141+0000] {processor.py:830} INFO - Processing file /home/airflow/.local/lib/python3.12/site-packages/airflow/example_dags/example_latest_only.py for tasks to queue
[2024-05-05T04:09:42.193+0000] {logging_mixin.py:188} INFO - [2024-05-05T04:09:42.180+0000] {dagbag.py:540} INFO - Filling up the DagBag from /home/airflow/.local/lib/python3.12/site-packages/airflow/example_dags/example_latest_only.py
[2024-05-05T04:09:42.389+0000] {processor.py:840} INFO - DAG(s) 'latest_only' retrieved from /home/airflow/.local/lib/python3.12/site-packages/airflow/example_dags/example_latest_only.py
[2024-05-05T04:09:43.544+0000] {logging_mixin.py:188} INFO - [2024-05-05T04:09:43.520+0000] {dag.py:3096} INFO - Sync 1 DAGs
[2024-05-05T04:09:44.761+0000] {logging_mixin.py:188} INFO - [2024-05-05T04:09:44.760+0000] {dag.py:3954} INFO - Setting next_dagrun for latest_only to 2024-05-05 00:00:00+00:00, run_after=2024-05-05 04:00:00+00:00
[2024-05-05T04:09:45.665+0000] {processor.py:183} INFO - Processing /home/airflow/.local/lib/python3.12/site-packages/airflow/example_dags/example_latest_only.py took 3.842 seconds
[2024-05-05T04:11:01.047+0000] {processor.py:161} INFO - Started process (PID=9035) to work on /home/airflow/.local/lib/python3.12/site-packages/airflow/example_dags/example_latest_only.py
[2024-05-05T04:11:01.087+0000] {processor.py:830} INFO - Processing file /home/airflow/.local/lib/python3.12/site-packages/airflow/example_dags/example_latest_only.py for tasks to queue
[2024-05-05T04:11:01.110+0000] {logging_mixin.py:188} INFO - [2024-05-05T04:11:01.097+0000] {dagbag.py:540} INFO - Filling up the DagBag from /home/airflow/.local/lib/python3.12/site-packages/airflow/example_dags/example_latest_only.py
[2024-05-05T04:11:01.387+0000] {processor.py:840} INFO - DAG(s) 'latest_only' retrieved from /home/airflow/.local/lib/python3.12/site-packages/airflow/example_dags/example_latest_only.py
[2024-05-05T04:11:02.211+0000] {logging_mixin.py:188} INFO - [2024-05-05T04:11:02.190+0000] {dag.py:3096} INFO - Sync 1 DAGs
[2024-05-05T04:11:03.311+0000] {logging_mixin.py:188} INFO - [2024-05-05T04:11:03.304+0000] {dag.py:3954} INFO - Setting next_dagrun for latest_only to 2024-05-05 00:00:00+00:00, run_after=2024-05-05 04:00:00+00:00
[2024-05-05T04:11:03.828+0000] {processor.py:183} INFO - Processing /home/airflow/.local/lib/python3.12/site-packages/airflow/example_dags/example_latest_only.py took 3.172 seconds
[2024-05-05T04:12:10.850+0000] {processor.py:161} INFO - Started process (PID=9082) to work on /home/airflow/.local/lib/python3.12/site-packages/airflow/example_dags/example_latest_only.py
[2024-05-05T04:12:10.908+0000] {processor.py:830} INFO - Processing file /home/airflow/.local/lib/python3.12/site-packages/airflow/example_dags/example_latest_only.py for tasks to queue
[2024-05-05T04:12:10.953+0000] {logging_mixin.py:188} INFO - [2024-05-05T04:12:10.944+0000] {dagbag.py:540} INFO - Filling up the DagBag from /home/airflow/.local/lib/python3.12/site-packages/airflow/example_dags/example_latest_only.py
[2024-05-05T04:12:11.109+0000] {processor.py:840} INFO - DAG(s) 'latest_only' retrieved from /home/airflow/.local/lib/python3.12/site-packages/airflow/example_dags/example_latest_only.py
[2024-05-05T04:12:11.789+0000] {logging_mixin.py:188} INFO - [2024-05-05T04:12:11.781+0000] {dag.py:3096} INFO - Sync 1 DAGs
[2024-05-05T04:12:12.400+0000] {logging_mixin.py:188} INFO - [2024-05-05T04:12:12.395+0000] {dag.py:3954} INFO - Setting next_dagrun for latest_only to 2024-05-05 00:00:00+00:00, run_after=2024-05-05 04:00:00+00:00
[2024-05-05T04:12:13.379+0000] {processor.py:183} INFO - Processing /home/airflow/.local/lib/python3.12/site-packages/airflow/example_dags/example_latest_only.py took 3.219 seconds
[2024-05-05T04:13:30.381+0000] {processor.py:161} INFO - Started process (PID=9135) to work on /home/airflow/.local/lib/python3.12/site-packages/airflow/example_dags/example_latest_only.py
[2024-05-05T04:13:30.422+0000] {processor.py:830} INFO - Processing file /home/airflow/.local/lib/python3.12/site-packages/airflow/example_dags/example_latest_only.py for tasks to queue
[2024-05-05T04:13:30.633+0000] {logging_mixin.py:188} INFO - [2024-05-05T04:13:30.573+0000] {dagbag.py:540} INFO - Filling up the DagBag from /home/airflow/.local/lib/python3.12/site-packages/airflow/example_dags/example_latest_only.py
[2024-05-05T04:13:30.905+0000] {processor.py:840} INFO - DAG(s) 'latest_only' retrieved from /home/airflow/.local/lib/python3.12/site-packages/airflow/example_dags/example_latest_only.py
[2024-05-05T04:13:31.377+0000] {logging_mixin.py:188} INFO - [2024-05-05T04:13:31.375+0000] {dag.py:3096} INFO - Sync 1 DAGs
[2024-05-05T04:13:32.526+0000] {logging_mixin.py:188} INFO - [2024-05-05T04:13:32.510+0000] {dag.py:3954} INFO - Setting next_dagrun for latest_only to 2024-05-05 00:00:00+00:00, run_after=2024-05-05 04:00:00+00:00
[2024-05-05T04:13:33.170+0000] {processor.py:183} INFO - Processing /home/airflow/.local/lib/python3.12/site-packages/airflow/example_dags/example_latest_only.py took 3.173 seconds
[2024-05-05T04:14:42.756+0000] {processor.py:161} INFO - Started process (PID=9186) to work on /home/airflow/.local/lib/python3.12/site-packages/airflow/example_dags/example_latest_only.py
[2024-05-05T04:14:42.795+0000] {processor.py:830} INFO - Processing file /home/airflow/.local/lib/python3.12/site-packages/airflow/example_dags/example_latest_only.py for tasks to queue
[2024-05-05T04:14:42.825+0000] {logging_mixin.py:188} INFO - [2024-05-05T04:14:42.811+0000] {dagbag.py:540} INFO - Filling up the DagBag from /home/airflow/.local/lib/python3.12/site-packages/airflow/example_dags/example_latest_only.py
[2024-05-05T04:14:43.195+0000] {processor.py:840} INFO - DAG(s) 'latest_only' retrieved from /home/airflow/.local/lib/python3.12/site-packages/airflow/example_dags/example_latest_only.py
[2024-05-05T04:14:44.219+0000] {logging_mixin.py:188} INFO - [2024-05-05T04:14:44.218+0000] {dag.py:3096} INFO - Sync 1 DAGs
[2024-05-05T04:14:45.442+0000] {logging_mixin.py:188} INFO - [2024-05-05T04:14:45.440+0000] {dag.py:3954} INFO - Setting next_dagrun for latest_only to 2024-05-05 00:00:00+00:00, run_after=2024-05-05 04:00:00+00:00
[2024-05-05T04:14:46.766+0000] {processor.py:183} INFO - Processing /home/airflow/.local/lib/python3.12/site-packages/airflow/example_dags/example_latest_only.py took 4.361 seconds
[2024-05-05T04:16:03.895+0000] {processor.py:161} INFO - Started process (PID=9238) to work on /home/airflow/.local/lib/python3.12/site-packages/airflow/example_dags/example_latest_only.py
[2024-05-05T04:16:03.919+0000] {processor.py:830} INFO - Processing file /home/airflow/.local/lib/python3.12/site-packages/airflow/example_dags/example_latest_only.py for tasks to queue
[2024-05-05T04:16:03.982+0000] {logging_mixin.py:188} INFO - [2024-05-05T04:16:03.934+0000] {dagbag.py:540} INFO - Filling up the DagBag from /home/airflow/.local/lib/python3.12/site-packages/airflow/example_dags/example_latest_only.py
[2024-05-05T04:16:04.217+0000] {processor.py:840} INFO - DAG(s) 'latest_only' retrieved from /home/airflow/.local/lib/python3.12/site-packages/airflow/example_dags/example_latest_only.py
[2024-05-05T04:16:04.842+0000] {logging_mixin.py:188} INFO - [2024-05-05T04:16:04.793+0000] {dag.py:3096} INFO - Sync 1 DAGs
[2024-05-05T04:16:06.042+0000] {logging_mixin.py:188} INFO - [2024-05-05T04:16:06.034+0000] {dag.py:3954} INFO - Setting next_dagrun for latest_only to 2024-05-05 00:00:00+00:00, run_after=2024-05-05 04:00:00+00:00
[2024-05-05T04:16:07.103+0000] {processor.py:183} INFO - Processing /home/airflow/.local/lib/python3.12/site-packages/airflow/example_dags/example_latest_only.py took 3.426 seconds
[2024-05-05T04:17:15.698+0000] {processor.py:161} INFO - Started process (PID=9287) to work on /home/airflow/.local/lib/python3.12/site-packages/airflow/example_dags/example_latest_only.py
[2024-05-05T04:17:15.731+0000] {processor.py:830} INFO - Processing file /home/airflow/.local/lib/python3.12/site-packages/airflow/example_dags/example_latest_only.py for tasks to queue
[2024-05-05T04:17:15.761+0000] {logging_mixin.py:188} INFO - [2024-05-05T04:17:15.753+0000] {dagbag.py:540} INFO - Filling up the DagBag from /home/airflow/.local/lib/python3.12/site-packages/airflow/example_dags/example_latest_only.py
[2024-05-05T04:17:15.879+0000] {processor.py:840} INFO - DAG(s) 'latest_only' retrieved from /home/airflow/.local/lib/python3.12/site-packages/airflow/example_dags/example_latest_only.py
[2024-05-05T04:17:16.445+0000] {logging_mixin.py:188} INFO - [2024-05-05T04:17:16.435+0000] {dag.py:3096} INFO - Sync 1 DAGs
[2024-05-05T04:17:17.322+0000] {logging_mixin.py:188} INFO - [2024-05-05T04:17:17.304+0000] {dag.py:3954} INFO - Setting next_dagrun for latest_only to 2024-05-05 00:00:00+00:00, run_after=2024-05-05 04:00:00+00:00
[2024-05-05T04:17:17.752+0000] {processor.py:183} INFO - Processing /home/airflow/.local/lib/python3.12/site-packages/airflow/example_dags/example_latest_only.py took 2.225 seconds
[2024-05-05T04:18:37.434+0000] {processor.py:161} INFO - Started process (PID=9335) to work on /home/airflow/.local/lib/python3.12/site-packages/airflow/example_dags/example_latest_only.py
[2024-05-05T04:18:37.482+0000] {processor.py:830} INFO - Processing file /home/airflow/.local/lib/python3.12/site-packages/airflow/example_dags/example_latest_only.py for tasks to queue
[2024-05-05T04:18:37.522+0000] {logging_mixin.py:188} INFO - [2024-05-05T04:18:37.519+0000] {dagbag.py:540} INFO - Filling up the DagBag from /home/airflow/.local/lib/python3.12/site-packages/airflow/example_dags/example_latest_only.py
[2024-05-05T04:18:37.736+0000] {processor.py:840} INFO - DAG(s) 'latest_only' retrieved from /home/airflow/.local/lib/python3.12/site-packages/airflow/example_dags/example_latest_only.py
[2024-05-05T04:18:38.286+0000] {logging_mixin.py:188} INFO - [2024-05-05T04:18:38.285+0000] {dag.py:3096} INFO - Sync 1 DAGs
[2024-05-05T04:18:39.078+0000] {logging_mixin.py:188} INFO - [2024-05-05T04:18:39.076+0000] {dag.py:3954} INFO - Setting next_dagrun for latest_only to 2024-05-05 00:00:00+00:00, run_after=2024-05-05 04:00:00+00:00
[2024-05-05T04:18:39.596+0000] {processor.py:183} INFO - Processing /home/airflow/.local/lib/python3.12/site-packages/airflow/example_dags/example_latest_only.py took 2.399 seconds
[2024-05-05T04:19:42.374+0000] {processor.py:161} INFO - Started process (PID=9384) to work on /home/airflow/.local/lib/python3.12/site-packages/airflow/example_dags/example_latest_only.py
[2024-05-05T04:19:42.408+0000] {processor.py:830} INFO - Processing file /home/airflow/.local/lib/python3.12/site-packages/airflow/example_dags/example_latest_only.py for tasks to queue
[2024-05-05T04:19:42.446+0000] {logging_mixin.py:188} INFO - [2024-05-05T04:19:42.438+0000] {dagbag.py:540} INFO - Filling up the DagBag from /home/airflow/.local/lib/python3.12/site-packages/airflow/example_dags/example_latest_only.py
[2024-05-05T04:19:42.663+0000] {processor.py:840} INFO - DAG(s) 'latest_only' retrieved from /home/airflow/.local/lib/python3.12/site-packages/airflow/example_dags/example_latest_only.py
[2024-05-05T04:19:43.231+0000] {logging_mixin.py:188} INFO - [2024-05-05T04:19:43.222+0000] {dag.py:3096} INFO - Sync 1 DAGs
[2024-05-05T04:19:43.866+0000] {logging_mixin.py:188} INFO - [2024-05-05T04:19:43.865+0000] {dag.py:3954} INFO - Setting next_dagrun for latest_only to 2024-05-05 00:00:00+00:00, run_after=2024-05-05 04:00:00+00:00
[2024-05-05T04:19:44.625+0000] {processor.py:183} INFO - Processing /home/airflow/.local/lib/python3.12/site-packages/airflow/example_dags/example_latest_only.py took 2.405 seconds
[2024-05-05T04:21:01.422+0000] {processor.py:161} INFO - Started process (PID=9435) to work on /home/airflow/.local/lib/python3.12/site-packages/airflow/example_dags/example_latest_only.py
[2024-05-05T04:21:01.449+0000] {processor.py:830} INFO - Processing file /home/airflow/.local/lib/python3.12/site-packages/airflow/example_dags/example_latest_only.py for tasks to queue
[2024-05-05T04:21:01.459+0000] {logging_mixin.py:188} INFO - [2024-05-05T04:21:01.457+0000] {dagbag.py:540} INFO - Filling up the DagBag from /home/airflow/.local/lib/python3.12/site-packages/airflow/example_dags/example_latest_only.py
[2024-05-05T04:21:01.656+0000] {processor.py:840} INFO - DAG(s) 'latest_only' retrieved from /home/airflow/.local/lib/python3.12/site-packages/airflow/example_dags/example_latest_only.py
[2024-05-05T04:21:02.122+0000] {logging_mixin.py:188} INFO - [2024-05-05T04:21:02.105+0000] {dag.py:3096} INFO - Sync 1 DAGs
[2024-05-05T04:21:02.924+0000] {logging_mixin.py:188} INFO - [2024-05-05T04:21:02.911+0000] {dag.py:3954} INFO - Setting next_dagrun for latest_only to 2024-05-05 00:00:00+00:00, run_after=2024-05-05 04:00:00+00:00
[2024-05-05T04:21:03.475+0000] {processor.py:183} INFO - Processing /home/airflow/.local/lib/python3.12/site-packages/airflow/example_dags/example_latest_only.py took 2.626 seconds
[2024-05-05T04:22:12.581+0000] {processor.py:161} INFO - Started process (PID=9483) to work on /home/airflow/.local/lib/python3.12/site-packages/airflow/example_dags/example_latest_only.py
[2024-05-05T04:22:12.617+0000] {processor.py:830} INFO - Processing file /home/airflow/.local/lib/python3.12/site-packages/airflow/example_dags/example_latest_only.py for tasks to queue
[2024-05-05T04:22:12.694+0000] {logging_mixin.py:188} INFO - [2024-05-05T04:22:12.681+0000] {dagbag.py:540} INFO - Filling up the DagBag from /home/airflow/.local/lib/python3.12/site-packages/airflow/example_dags/example_latest_only.py
[2024-05-05T04:22:12.980+0000] {processor.py:840} INFO - DAG(s) 'latest_only' retrieved from /home/airflow/.local/lib/python3.12/site-packages/airflow/example_dags/example_latest_only.py
[2024-05-05T04:22:13.645+0000] {logging_mixin.py:188} INFO - [2024-05-05T04:22:13.632+0000] {dag.py:3096} INFO - Sync 1 DAGs
[2024-05-05T04:22:14.623+0000] {logging_mixin.py:188} INFO - [2024-05-05T04:22:14.621+0000] {dag.py:3954} INFO - Setting next_dagrun for latest_only to 2024-05-05 00:00:00+00:00, run_after=2024-05-05 04:00:00+00:00
[2024-05-05T04:22:15.019+0000] {processor.py:183} INFO - Processing /home/airflow/.local/lib/python3.12/site-packages/airflow/example_dags/example_latest_only.py took 2.836 seconds
[2024-05-05T04:23:34.621+0000] {processor.py:161} INFO - Started process (PID=9530) to work on /home/airflow/.local/lib/python3.12/site-packages/airflow/example_dags/example_latest_only.py
[2024-05-05T04:23:34.647+0000] {processor.py:830} INFO - Processing file /home/airflow/.local/lib/python3.12/site-packages/airflow/example_dags/example_latest_only.py for tasks to queue
[2024-05-05T04:23:34.678+0000] {logging_mixin.py:188} INFO - [2024-05-05T04:23:34.666+0000] {dagbag.py:540} INFO - Filling up the DagBag from /home/airflow/.local/lib/python3.12/site-packages/airflow/example_dags/example_latest_only.py
[2024-05-05T04:23:34.826+0000] {processor.py:840} INFO - DAG(s) 'latest_only' retrieved from /home/airflow/.local/lib/python3.12/site-packages/airflow/example_dags/example_latest_only.py
[2024-05-05T04:23:35.418+0000] {logging_mixin.py:188} INFO - [2024-05-05T04:23:35.402+0000] {dag.py:3096} INFO - Sync 1 DAGs
[2024-05-05T04:23:37.476+0000] {logging_mixin.py:188} INFO - [2024-05-05T04:23:37.421+0000] {dag.py:3954} INFO - Setting next_dagrun for latest_only to 2024-05-05 00:00:00+00:00, run_after=2024-05-05 04:00:00+00:00
[2024-05-05T04:23:38.674+0000] {processor.py:183} INFO - Processing /home/airflow/.local/lib/python3.12/site-packages/airflow/example_dags/example_latest_only.py took 4.296 seconds
[2024-05-05T04:24:50.054+0000] {processor.py:161} INFO - Started process (PID=9587) to work on /home/airflow/.local/lib/python3.12/site-packages/airflow/example_dags/example_latest_only.py
[2024-05-05T04:24:50.091+0000] {processor.py:830} INFO - Processing file /home/airflow/.local/lib/python3.12/site-packages/airflow/example_dags/example_latest_only.py for tasks to queue
[2024-05-05T04:24:50.142+0000] {logging_mixin.py:188} INFO - [2024-05-05T04:24:50.118+0000] {dagbag.py:540} INFO - Filling up the DagBag from /home/airflow/.local/lib/python3.12/site-packages/airflow/example_dags/example_latest_only.py
[2024-05-05T04:24:50.719+0000] {processor.py:840} INFO - DAG(s) 'latest_only' retrieved from /home/airflow/.local/lib/python3.12/site-packages/airflow/example_dags/example_latest_only.py
[2024-05-05T04:24:51.913+0000] {logging_mixin.py:188} INFO - [2024-05-05T04:24:51.911+0000] {dag.py:3096} INFO - Sync 1 DAGs
[2024-05-05T04:24:52.816+0000] {logging_mixin.py:188} INFO - [2024-05-05T04:24:52.804+0000] {dag.py:3954} INFO - Setting next_dagrun for latest_only to 2024-05-05 00:00:00+00:00, run_after=2024-05-05 04:00:00+00:00
[2024-05-05T04:24:53.459+0000] {processor.py:183} INFO - Processing /home/airflow/.local/lib/python3.12/site-packages/airflow/example_dags/example_latest_only.py took 3.782 seconds
[2024-05-05T04:26:11.662+0000] {processor.py:161} INFO - Started process (PID=9633) to work on /home/airflow/.local/lib/python3.12/site-packages/airflow/example_dags/example_latest_only.py
[2024-05-05T04:26:11.706+0000] {processor.py:830} INFO - Processing file /home/airflow/.local/lib/python3.12/site-packages/airflow/example_dags/example_latest_only.py for tasks to queue
[2024-05-05T04:26:11.744+0000] {logging_mixin.py:188} INFO - [2024-05-05T04:26:11.742+0000] {dagbag.py:540} INFO - Filling up the DagBag from /home/airflow/.local/lib/python3.12/site-packages/airflow/example_dags/example_latest_only.py
[2024-05-05T04:26:11.901+0000] {processor.py:840} INFO - DAG(s) 'latest_only' retrieved from /home/airflow/.local/lib/python3.12/site-packages/airflow/example_dags/example_latest_only.py
[2024-05-05T04:26:12.632+0000] {logging_mixin.py:188} INFO - [2024-05-05T04:26:12.624+0000] {dag.py:3096} INFO - Sync 1 DAGs
[2024-05-05T04:26:13.498+0000] {logging_mixin.py:188} INFO - [2024-05-05T04:26:13.492+0000] {dag.py:3954} INFO - Setting next_dagrun for latest_only to 2024-05-05 00:00:00+00:00, run_after=2024-05-05 04:00:00+00:00
[2024-05-05T04:26:14.187+0000] {processor.py:183} INFO - Processing /home/airflow/.local/lib/python3.12/site-packages/airflow/example_dags/example_latest_only.py took 2.690 seconds
[2024-05-05T04:27:30.465+0000] {processor.py:161} INFO - Started process (PID=9693) to work on /home/airflow/.local/lib/python3.12/site-packages/airflow/example_dags/example_latest_only.py
[2024-05-05T04:27:30.579+0000] {processor.py:830} INFO - Processing file /home/airflow/.local/lib/python3.12/site-packages/airflow/example_dags/example_latest_only.py for tasks to queue
[2024-05-05T04:27:30.698+0000] {logging_mixin.py:188} INFO - [2024-05-05T04:27:30.671+0000] {dagbag.py:540} INFO - Filling up the DagBag from /home/airflow/.local/lib/python3.12/site-packages/airflow/example_dags/example_latest_only.py
[2024-05-05T04:27:30.953+0000] {processor.py:840} INFO - DAG(s) 'latest_only' retrieved from /home/airflow/.local/lib/python3.12/site-packages/airflow/example_dags/example_latest_only.py
[2024-05-05T04:27:31.992+0000] {logging_mixin.py:188} INFO - [2024-05-05T04:27:31.939+0000] {dag.py:3096} INFO - Sync 1 DAGs
[2024-05-05T04:27:33.759+0000] {logging_mixin.py:188} INFO - [2024-05-05T04:27:33.727+0000] {dag.py:3954} INFO - Setting next_dagrun for latest_only to 2024-05-05 00:00:00+00:00, run_after=2024-05-05 04:00:00+00:00
[2024-05-05T04:27:34.299+0000] {processor.py:183} INFO - Processing /home/airflow/.local/lib/python3.12/site-packages/airflow/example_dags/example_latest_only.py took 4.334 seconds
[2024-05-05T04:28:48.680+0000] {processor.py:161} INFO - Started process (PID=9740) to work on /home/airflow/.local/lib/python3.12/site-packages/airflow/example_dags/example_latest_only.py
[2024-05-05T04:28:48.709+0000] {processor.py:830} INFO - Processing file /home/airflow/.local/lib/python3.12/site-packages/airflow/example_dags/example_latest_only.py for tasks to queue
[2024-05-05T04:28:48.719+0000] {logging_mixin.py:188} INFO - [2024-05-05T04:28:48.716+0000] {dagbag.py:540} INFO - Filling up the DagBag from /home/airflow/.local/lib/python3.12/site-packages/airflow/example_dags/example_latest_only.py
[2024-05-05T04:28:48.874+0000] {processor.py:840} INFO - DAG(s) 'latest_only' retrieved from /home/airflow/.local/lib/python3.12/site-packages/airflow/example_dags/example_latest_only.py
[2024-05-05T04:28:49.427+0000] {logging_mixin.py:188} INFO - [2024-05-05T04:28:49.417+0000] {dag.py:3096} INFO - Sync 1 DAGs
[2024-05-05T04:28:50.348+0000] {logging_mixin.py:188} INFO - [2024-05-05T04:28:50.251+0000] {dag.py:3954} INFO - Setting next_dagrun for latest_only to 2024-05-05 00:00:00+00:00, run_after=2024-05-05 04:00:00+00:00
[2024-05-05T04:28:51.280+0000] {processor.py:183} INFO - Processing /home/airflow/.local/lib/python3.12/site-packages/airflow/example_dags/example_latest_only.py took 2.756 seconds
[2024-05-05T04:29:58.134+0000] {processor.py:161} INFO - Started process (PID=9789) to work on /home/airflow/.local/lib/python3.12/site-packages/airflow/example_dags/example_latest_only.py
[2024-05-05T04:29:58.182+0000] {processor.py:830} INFO - Processing file /home/airflow/.local/lib/python3.12/site-packages/airflow/example_dags/example_latest_only.py for tasks to queue
[2024-05-05T04:29:58.206+0000] {logging_mixin.py:188} INFO - [2024-05-05T04:29:58.203+0000] {dagbag.py:540} INFO - Filling up the DagBag from /home/airflow/.local/lib/python3.12/site-packages/airflow/example_dags/example_latest_only.py
[2024-05-05T04:29:58.384+0000] {processor.py:840} INFO - DAG(s) 'latest_only' retrieved from /home/airflow/.local/lib/python3.12/site-packages/airflow/example_dags/example_latest_only.py
[2024-05-05T04:29:59.078+0000] {logging_mixin.py:188} INFO - [2024-05-05T04:29:59.076+0000] {dag.py:3096} INFO - Sync 1 DAGs
[2024-05-05T04:30:00.642+0000] {logging_mixin.py:188} INFO - [2024-05-05T04:30:00.640+0000] {dag.py:3954} INFO - Setting next_dagrun for latest_only to 2024-05-05 00:00:00+00:00, run_after=2024-05-05 04:00:00+00:00
[2024-05-05T04:30:01.072+0000] {processor.py:183} INFO - Processing /home/airflow/.local/lib/python3.12/site-packages/airflow/example_dags/example_latest_only.py took 3.202 seconds
[2024-05-05T04:31:22.820+0000] {processor.py:161} INFO - Started process (PID=9844) to work on /home/airflow/.local/lib/python3.12/site-packages/airflow/example_dags/example_latest_only.py
[2024-05-05T04:31:22.910+0000] {processor.py:830} INFO - Processing file /home/airflow/.local/lib/python3.12/site-packages/airflow/example_dags/example_latest_only.py for tasks to queue
[2024-05-05T04:31:22.993+0000] {logging_mixin.py:188} INFO - [2024-05-05T04:31:22.925+0000] {dagbag.py:540} INFO - Filling up the DagBag from /home/airflow/.local/lib/python3.12/site-packages/airflow/example_dags/example_latest_only.py
[2024-05-05T04:31:23.321+0000] {processor.py:840} INFO - DAG(s) 'latest_only' retrieved from /home/airflow/.local/lib/python3.12/site-packages/airflow/example_dags/example_latest_only.py
[2024-05-05T04:31:24.183+0000] {logging_mixin.py:188} INFO - [2024-05-05T04:31:24.175+0000] {dag.py:3096} INFO - Sync 1 DAGs
[2024-05-05T04:31:25.114+0000] {logging_mixin.py:188} INFO - [2024-05-05T04:31:25.113+0000] {dag.py:3954} INFO - Setting next_dagrun for latest_only to 2024-05-05 00:00:00+00:00, run_after=2024-05-05 04:00:00+00:00
[2024-05-05T04:31:25.498+0000] {processor.py:183} INFO - Processing /home/airflow/.local/lib/python3.12/site-packages/airflow/example_dags/example_latest_only.py took 3.168 seconds
[2024-05-05T04:32:34.667+0000] {processor.py:161} INFO - Started process (PID=9894) to work on /home/airflow/.local/lib/python3.12/site-packages/airflow/example_dags/example_latest_only.py
[2024-05-05T04:32:34.698+0000] {processor.py:830} INFO - Processing file /home/airflow/.local/lib/python3.12/site-packages/airflow/example_dags/example_latest_only.py for tasks to queue
[2024-05-05T04:32:34.717+0000] {logging_mixin.py:188} INFO - [2024-05-05T04:32:34.714+0000] {dagbag.py:540} INFO - Filling up the DagBag from /home/airflow/.local/lib/python3.12/site-packages/airflow/example_dags/example_latest_only.py
[2024-05-05T04:32:34.857+0000] {processor.py:840} INFO - DAG(s) 'latest_only' retrieved from /home/airflow/.local/lib/python3.12/site-packages/airflow/example_dags/example_latest_only.py
[2024-05-05T04:32:35.399+0000] {logging_mixin.py:188} INFO - [2024-05-05T04:32:35.397+0000] {dag.py:3096} INFO - Sync 1 DAGs
[2024-05-05T04:32:36.734+0000] {logging_mixin.py:188} INFO - [2024-05-05T04:32:36.689+0000] {dag.py:3954} INFO - Setting next_dagrun for latest_only to 2024-05-05 00:00:00+00:00, run_after=2024-05-05 04:00:00+00:00
[2024-05-05T04:32:37.849+0000] {processor.py:183} INFO - Processing /home/airflow/.local/lib/python3.12/site-packages/airflow/example_dags/example_latest_only.py took 3.606 seconds
[2024-05-05T04:34:09.466+0000] {processor.py:161} INFO - Started process (PID=9946) to work on /home/airflow/.local/lib/python3.12/site-packages/airflow/example_dags/example_latest_only.py
[2024-05-05T04:34:09.512+0000] {processor.py:830} INFO - Processing file /home/airflow/.local/lib/python3.12/site-packages/airflow/example_dags/example_latest_only.py for tasks to queue
[2024-05-05T04:34:09.579+0000] {logging_mixin.py:188} INFO - [2024-05-05T04:34:09.557+0000] {dagbag.py:540} INFO - Filling up the DagBag from /home/airflow/.local/lib/python3.12/site-packages/airflow/example_dags/example_latest_only.py
[2024-05-05T04:34:10.008+0000] {processor.py:840} INFO - DAG(s) 'latest_only' retrieved from /home/airflow/.local/lib/python3.12/site-packages/airflow/example_dags/example_latest_only.py
[2024-05-05T04:34:10.920+0000] {logging_mixin.py:188} INFO - [2024-05-05T04:34:10.916+0000] {dag.py:3096} INFO - Sync 1 DAGs
[2024-05-05T04:34:12.184+0000] {logging_mixin.py:188} INFO - [2024-05-05T04:34:12.182+0000] {dag.py:3954} INFO - Setting next_dagrun for latest_only to 2024-05-05 00:00:00+00:00, run_after=2024-05-05 04:00:00+00:00
[2024-05-05T04:34:12.615+0000] {processor.py:183} INFO - Processing /home/airflow/.local/lib/python3.12/site-packages/airflow/example_dags/example_latest_only.py took 3.487 seconds
[2024-05-05T04:35:29.204+0000] {processor.py:161} INFO - Started process (PID=9997) to work on /home/airflow/.local/lib/python3.12/site-packages/airflow/example_dags/example_latest_only.py
[2024-05-05T04:35:29.211+0000] {processor.py:830} INFO - Processing file /home/airflow/.local/lib/python3.12/site-packages/airflow/example_dags/example_latest_only.py for tasks to queue
[2024-05-05T04:35:29.217+0000] {logging_mixin.py:188} INFO - [2024-05-05T04:35:29.216+0000] {dagbag.py:540} INFO - Filling up the DagBag from /home/airflow/.local/lib/python3.12/site-packages/airflow/example_dags/example_latest_only.py
[2024-05-05T04:35:29.268+0000] {processor.py:840} INFO - DAG(s) 'latest_only' retrieved from /home/airflow/.local/lib/python3.12/site-packages/airflow/example_dags/example_latest_only.py
[2024-05-05T04:35:29.437+0000] {logging_mixin.py:188} INFO - [2024-05-05T04:35:29.436+0000] {dag.py:3096} INFO - Sync 1 DAGs
[2024-05-05T04:35:29.643+0000] {logging_mixin.py:188} INFO - [2024-05-05T04:35:29.642+0000] {dag.py:3954} INFO - Setting next_dagrun for latest_only to 2024-05-05 00:00:00+00:00, run_after=2024-05-05 04:00:00+00:00
[2024-05-05T04:35:29.815+0000] {processor.py:183} INFO - Processing /home/airflow/.local/lib/python3.12/site-packages/airflow/example_dags/example_latest_only.py took 0.668 seconds
[2024-05-05T05:20:31.521+0000] {processor.py:161} INFO - Started process (PID=10048) to work on /home/airflow/.local/lib/python3.12/site-packages/airflow/example_dags/example_latest_only.py
[2024-05-05T05:20:31.593+0000] {processor.py:830} INFO - Processing file /home/airflow/.local/lib/python3.12/site-packages/airflow/example_dags/example_latest_only.py for tasks to queue
[2024-05-05T05:20:31.612+0000] {logging_mixin.py:188} INFO - [2024-05-05T05:20:31.610+0000] {dagbag.py:540} INFO - Filling up the DagBag from /home/airflow/.local/lib/python3.12/site-packages/airflow/example_dags/example_latest_only.py
[2024-05-05T05:20:31.898+0000] {processor.py:840} INFO - DAG(s) 'latest_only' retrieved from /home/airflow/.local/lib/python3.12/site-packages/airflow/example_dags/example_latest_only.py
[2024-05-05T05:20:32.607+0000] {logging_mixin.py:188} INFO - [2024-05-05T05:20:32.592+0000] {dag.py:3096} INFO - Sync 1 DAGs
[2024-05-05T05:20:35.121+0000] {logging_mixin.py:188} INFO - [2024-05-05T05:20:35.074+0000] {dag.py:3954} INFO - Setting next_dagrun for latest_only to 2024-05-05 00:00:00+00:00, run_after=2024-05-05 04:00:00+00:00
[2024-05-05T05:20:36.722+0000] {processor.py:183} INFO - Processing /home/airflow/.local/lib/python3.12/site-packages/airflow/example_dags/example_latest_only.py took 5.463 seconds
[2024-05-05T06:49:11.990+0000] {processor.py:161} INFO - Started process (PID=10130) to work on /home/airflow/.local/lib/python3.12/site-packages/airflow/example_dags/example_latest_only.py
[2024-05-05T06:49:12.033+0000] {processor.py:830} INFO - Processing file /home/airflow/.local/lib/python3.12/site-packages/airflow/example_dags/example_latest_only.py for tasks to queue
[2024-05-05T06:49:12.084+0000] {logging_mixin.py:188} INFO - [2024-05-05T06:49:12.081+0000] {dagbag.py:540} INFO - Filling up the DagBag from /home/airflow/.local/lib/python3.12/site-packages/airflow/example_dags/example_latest_only.py
[2024-05-05T06:49:12.445+0000] {processor.py:840} INFO - DAG(s) 'latest_only' retrieved from /home/airflow/.local/lib/python3.12/site-packages/airflow/example_dags/example_latest_only.py
[2024-05-05T06:49:13.539+0000] {logging_mixin.py:188} INFO - [2024-05-05T06:49:13.504+0000] {dag.py:3096} INFO - Sync 1 DAGs
[2024-05-05T06:49:15.121+0000] {logging_mixin.py:188} INFO - [2024-05-05T06:49:15.118+0000] {dag.py:3954} INFO - Setting next_dagrun for latest_only to 2024-05-05 00:00:00+00:00, run_after=2024-05-05 04:00:00+00:00
[2024-05-05T06:49:16.563+0000] {processor.py:183} INFO - Processing /home/airflow/.local/lib/python3.12/site-packages/airflow/example_dags/example_latest_only.py took 4.936 seconds
[2024-05-05T07:12:08.017+0000] {processor.py:161} INFO - Started process (PID=10213) to work on /home/airflow/.local/lib/python3.12/site-packages/airflow/example_dags/example_latest_only.py
[2024-05-05T07:12:08.080+0000] {processor.py:830} INFO - Processing file /home/airflow/.local/lib/python3.12/site-packages/airflow/example_dags/example_latest_only.py for tasks to queue
[2024-05-05T07:12:08.093+0000] {logging_mixin.py:188} INFO - [2024-05-05T07:12:08.091+0000] {dagbag.py:540} INFO - Filling up the DagBag from /home/airflow/.local/lib/python3.12/site-packages/airflow/example_dags/example_latest_only.py
[2024-05-05T07:12:08.205+0000] {processor.py:840} INFO - DAG(s) 'latest_only' retrieved from /home/airflow/.local/lib/python3.12/site-packages/airflow/example_dags/example_latest_only.py
[2024-05-05T07:12:08.814+0000] {logging_mixin.py:188} INFO - [2024-05-05T07:12:08.765+0000] {dag.py:3096} INFO - Sync 1 DAGs
[2024-05-05T07:12:09.938+0000] {logging_mixin.py:188} INFO - [2024-05-05T07:12:09.937+0000] {dag.py:3954} INFO - Setting next_dagrun for latest_only to 2024-05-05 00:00:00+00:00, run_after=2024-05-05 04:00:00+00:00
[2024-05-05T07:12:15.073+0000] {processor.py:183} INFO - Processing /home/airflow/.local/lib/python3.12/site-packages/airflow/example_dags/example_latest_only.py took 7.391 seconds
[2024-05-05T12:12:31.059+0000] {processor.py:161} INFO - Started process (PID=10236) to work on /home/airflow/.local/lib/python3.12/site-packages/airflow/example_dags/example_latest_only.py
[2024-05-05T12:12:31.077+0000] {processor.py:830} INFO - Processing file /home/airflow/.local/lib/python3.12/site-packages/airflow/example_dags/example_latest_only.py for tasks to queue
[2024-05-05T12:12:31.096+0000] {logging_mixin.py:188} INFO - [2024-05-05T12:12:31.095+0000] {dagbag.py:540} INFO - Filling up the DagBag from /home/airflow/.local/lib/python3.12/site-packages/airflow/example_dags/example_latest_only.py
[2024-05-05T12:12:31.184+0000] {processor.py:840} INFO - DAG(s) 'latest_only' retrieved from /home/airflow/.local/lib/python3.12/site-packages/airflow/example_dags/example_latest_only.py
[2024-05-05T12:12:31.346+0000] {logging_mixin.py:188} INFO - [2024-05-05T12:12:31.344+0000] {dag.py:3096} INFO - Sync 1 DAGs
[2024-05-05T12:12:31.592+0000] {logging_mixin.py:188} INFO - [2024-05-05T12:12:31.591+0000] {dag.py:3954} INFO - Setting next_dagrun for latest_only to 2024-05-05 08:00:00+00:00, run_after=2024-05-05 12:00:00+00:00
[2024-05-05T12:12:31.750+0000] {processor.py:183} INFO - Processing /home/airflow/.local/lib/python3.12/site-packages/airflow/example_dags/example_latest_only.py took 0.762 seconds
[2024-05-05T14:20:56.971+0000] {processor.py:161} INFO - Started process (PID=10306) to work on /home/airflow/.local/lib/python3.12/site-packages/airflow/example_dags/example_latest_only.py
[2024-05-05T14:20:57.111+0000] {processor.py:830} INFO - Processing file /home/airflow/.local/lib/python3.12/site-packages/airflow/example_dags/example_latest_only.py for tasks to queue
[2024-05-05T14:20:57.143+0000] {logging_mixin.py:188} INFO - [2024-05-05T14:20:57.141+0000] {dagbag.py:540} INFO - Filling up the DagBag from /home/airflow/.local/lib/python3.12/site-packages/airflow/example_dags/example_latest_only.py
[2024-05-05T14:20:57.398+0000] {processor.py:840} INFO - DAG(s) 'latest_only' retrieved from /home/airflow/.local/lib/python3.12/site-packages/airflow/example_dags/example_latest_only.py
[2024-05-05T14:21:02.496+0000] {logging_mixin.py:188} INFO - [2024-05-05T14:21:02.344+0000] {dag.py:3096} INFO - Sync 1 DAGs
[2024-05-05T14:21:17.259+0000] {logging_mixin.py:188} INFO - [2024-05-05T14:21:17.258+0000] {dag.py:3954} INFO - Setting next_dagrun for latest_only to 2024-05-05 08:00:00+00:00, run_after=2024-05-05 12:00:00+00:00
[2024-05-05T14:21:17.646+0000] {processor.py:183} INFO - Processing /home/airflow/.local/lib/python3.12/site-packages/airflow/example_dags/example_latest_only.py took 21.365 seconds
