[2024-05-05T00:00:28.937+0000] {processor.py:161} INFO - Started process (PID=7567) to work on /home/airflow/.local/lib/python3.12/site-packages/airflow/example_dags/example_branch_labels.py
[2024-05-05T00:00:28.940+0000] {processor.py:830} INFO - Processing file /home/airflow/.local/lib/python3.12/site-packages/airflow/example_dags/example_branch_labels.py for tasks to queue
[2024-05-05T00:00:28.942+0000] {logging_mixin.py:188} INFO - [2024-05-05T00:00:28.942+0000] {dagbag.py:540} INFO - Filling up the DagBag from /home/airflow/.local/lib/python3.12/site-packages/airflow/example_dags/example_branch_labels.py
[2024-05-05T00:00:28.957+0000] {processor.py:840} INFO - DAG(s) 'example_branch_labels' retrieved from /home/airflow/.local/lib/python3.12/site-packages/airflow/example_dags/example_branch_labels.py
[2024-05-05T00:00:29.005+0000] {logging_mixin.py:188} INFO - [2024-05-05T00:00:29.005+0000] {dag.py:3096} INFO - Sync 1 DAGs
[2024-05-05T00:00:29.072+0000] {logging_mixin.py:188} INFO - [2024-05-05T00:00:29.072+0000] {dag.py:3954} INFO - Setting next_dagrun for example_branch_labels to 2024-05-04 00:00:00+00:00, run_after=2024-05-05 00:00:00+00:00
[2024-05-05T00:00:29.117+0000] {processor.py:183} INFO - Processing /home/airflow/.local/lib/python3.12/site-packages/airflow/example_dags/example_branch_labels.py took 0.192 seconds
[2024-05-05T00:01:02.103+0000] {processor.py:161} INFO - Started process (PID=7627) to work on /home/airflow/.local/lib/python3.12/site-packages/airflow/example_dags/example_branch_labels.py
[2024-05-05T00:01:02.106+0000] {processor.py:830} INFO - Processing file /home/airflow/.local/lib/python3.12/site-packages/airflow/example_dags/example_branch_labels.py for tasks to queue
[2024-05-05T00:01:02.111+0000] {logging_mixin.py:188} INFO - [2024-05-05T00:01:02.109+0000] {dagbag.py:540} INFO - Filling up the DagBag from /home/airflow/.local/lib/python3.12/site-packages/airflow/example_dags/example_branch_labels.py
[2024-05-05T00:01:02.132+0000] {processor.py:840} INFO - DAG(s) 'example_branch_labels' retrieved from /home/airflow/.local/lib/python3.12/site-packages/airflow/example_dags/example_branch_labels.py
[2024-05-05T00:01:02.184+0000] {logging_mixin.py:188} INFO - [2024-05-05T00:01:02.184+0000] {dag.py:3096} INFO - Sync 1 DAGs
[2024-05-05T00:01:02.236+0000] {logging_mixin.py:188} INFO - [2024-05-05T00:01:02.236+0000] {dag.py:3954} INFO - Setting next_dagrun for example_branch_labels to 2024-05-04 00:00:00+00:00, run_after=2024-05-05 00:00:00+00:00
[2024-05-05T00:01:02.268+0000] {processor.py:183} INFO - Processing /home/airflow/.local/lib/python3.12/site-packages/airflow/example_dags/example_branch_labels.py took 0.183 seconds
[2024-05-05T00:32:05.237+0000] {processor.py:161} INFO - Started process (PID=7699) to work on /home/airflow/.local/lib/python3.12/site-packages/airflow/example_dags/example_branch_labels.py
[2024-05-05T00:32:05.371+0000] {processor.py:830} INFO - Processing file /home/airflow/.local/lib/python3.12/site-packages/airflow/example_dags/example_branch_labels.py for tasks to queue
[2024-05-05T00:32:05.579+0000] {logging_mixin.py:188} INFO - [2024-05-05T00:32:05.517+0000] {dagbag.py:540} INFO - Filling up the DagBag from /home/airflow/.local/lib/python3.12/site-packages/airflow/example_dags/example_branch_labels.py
[2024-05-05T00:32:06.444+0000] {processor.py:840} INFO - DAG(s) 'example_branch_labels' retrieved from /home/airflow/.local/lib/python3.12/site-packages/airflow/example_dags/example_branch_labels.py
[2024-05-05T00:32:07.954+0000] {logging_mixin.py:188} INFO - [2024-05-05T00:32:07.943+0000] {dag.py:3096} INFO - Sync 1 DAGs
[2024-05-05T00:32:08.832+0000] {logging_mixin.py:188} INFO - [2024-05-05T00:32:08.825+0000] {dag.py:3954} INFO - Setting next_dagrun for example_branch_labels to 2024-05-04 00:00:00+00:00, run_after=2024-05-05 00:00:00+00:00
[2024-05-05T00:32:09.291+0000] {processor.py:183} INFO - Processing /home/airflow/.local/lib/python3.12/site-packages/airflow/example_dags/example_branch_labels.py took 4.315 seconds
[2024-05-05T00:50:55.970+0000] {processor.py:161} INFO - Started process (PID=7770) to work on /home/airflow/.local/lib/python3.12/site-packages/airflow/example_dags/example_branch_labels.py
[2024-05-05T00:50:55.980+0000] {processor.py:830} INFO - Processing file /home/airflow/.local/lib/python3.12/site-packages/airflow/example_dags/example_branch_labels.py for tasks to queue
[2024-05-05T00:50:55.990+0000] {logging_mixin.py:188} INFO - [2024-05-05T00:50:55.986+0000] {dagbag.py:540} INFO - Filling up the DagBag from /home/airflow/.local/lib/python3.12/site-packages/airflow/example_dags/example_branch_labels.py
[2024-05-05T00:50:56.048+0000] {processor.py:840} INFO - DAG(s) 'example_branch_labels' retrieved from /home/airflow/.local/lib/python3.12/site-packages/airflow/example_dags/example_branch_labels.py
[2024-05-05T00:50:56.187+0000] {logging_mixin.py:188} INFO - [2024-05-05T00:50:56.187+0000] {dag.py:3096} INFO - Sync 1 DAGs
[2024-05-05T00:50:56.351+0000] {logging_mixin.py:188} INFO - [2024-05-05T00:50:56.351+0000] {dag.py:3954} INFO - Setting next_dagrun for example_branch_labels to 2024-05-04 00:00:00+00:00, run_after=2024-05-05 00:00:00+00:00
[2024-05-05T00:50:56.493+0000] {processor.py:183} INFO - Processing /home/airflow/.local/lib/python3.12/site-packages/airflow/example_dags/example_branch_labels.py took 0.564 seconds
[2024-05-05T00:52:51.573+0000] {processor.py:161} INFO - Started process (PID=7853) to work on /home/airflow/.local/lib/python3.12/site-packages/airflow/example_dags/example_branch_labels.py
[2024-05-05T00:52:51.665+0000] {processor.py:830} INFO - Processing file /home/airflow/.local/lib/python3.12/site-packages/airflow/example_dags/example_branch_labels.py for tasks to queue
[2024-05-05T00:52:51.789+0000] {logging_mixin.py:188} INFO - [2024-05-05T00:52:51.758+0000] {dagbag.py:540} INFO - Filling up the DagBag from /home/airflow/.local/lib/python3.12/site-packages/airflow/example_dags/example_branch_labels.py
[2024-05-05T00:52:52.416+0000] {processor.py:840} INFO - DAG(s) 'example_branch_labels' retrieved from /home/airflow/.local/lib/python3.12/site-packages/airflow/example_dags/example_branch_labels.py
[2024-05-05T00:52:53.155+0000] {logging_mixin.py:188} INFO - [2024-05-05T00:52:53.147+0000] {dag.py:3096} INFO - Sync 1 DAGs
[2024-05-05T00:52:54.051+0000] {logging_mixin.py:188} INFO - [2024-05-05T00:52:53.975+0000] {dag.py:3954} INFO - Setting next_dagrun for example_branch_labels to 2024-05-04 00:00:00+00:00, run_after=2024-05-05 00:00:00+00:00
[2024-05-05T00:52:55.702+0000] {processor.py:183} INFO - Processing /home/airflow/.local/lib/python3.12/site-packages/airflow/example_dags/example_branch_labels.py took 4.756 seconds
[2024-05-05T01:11:03.670+0000] {processor.py:161} INFO - Started process (PID=7937) to work on /home/airflow/.local/lib/python3.12/site-packages/airflow/example_dags/example_branch_labels.py
[2024-05-05T01:11:03.672+0000] {processor.py:830} INFO - Processing file /home/airflow/.local/lib/python3.12/site-packages/airflow/example_dags/example_branch_labels.py for tasks to queue
[2024-05-05T01:11:03.676+0000] {logging_mixin.py:188} INFO - [2024-05-05T01:11:03.674+0000] {dagbag.py:540} INFO - Filling up the DagBag from /home/airflow/.local/lib/python3.12/site-packages/airflow/example_dags/example_branch_labels.py
[2024-05-05T01:11:03.702+0000] {processor.py:840} INFO - DAG(s) 'example_branch_labels' retrieved from /home/airflow/.local/lib/python3.12/site-packages/airflow/example_dags/example_branch_labels.py
[2024-05-05T01:11:03.762+0000] {logging_mixin.py:188} INFO - [2024-05-05T01:11:03.761+0000] {dag.py:3096} INFO - Sync 1 DAGs
[2024-05-05T01:11:03.828+0000] {logging_mixin.py:188} INFO - [2024-05-05T01:11:03.827+0000] {dag.py:3954} INFO - Setting next_dagrun for example_branch_labels to 2024-05-04 00:00:00+00:00, run_after=2024-05-05 00:00:00+00:00
[2024-05-05T01:11:03.873+0000] {processor.py:183} INFO - Processing /home/airflow/.local/lib/python3.12/site-packages/airflow/example_dags/example_branch_labels.py took 0.224 seconds
[2024-05-05T01:45:01.027+0000] {processor.py:161} INFO - Started process (PID=7983) to work on /home/airflow/.local/lib/python3.12/site-packages/airflow/example_dags/example_branch_labels.py
[2024-05-05T01:45:01.036+0000] {processor.py:830} INFO - Processing file /home/airflow/.local/lib/python3.12/site-packages/airflow/example_dags/example_branch_labels.py for tasks to queue
[2024-05-05T01:45:01.046+0000] {logging_mixin.py:188} INFO - [2024-05-05T01:45:01.042+0000] {dagbag.py:540} INFO - Filling up the DagBag from /home/airflow/.local/lib/python3.12/site-packages/airflow/example_dags/example_branch_labels.py
[2024-05-05T01:45:01.094+0000] {processor.py:840} INFO - DAG(s) 'example_branch_labels' retrieved from /home/airflow/.local/lib/python3.12/site-packages/airflow/example_dags/example_branch_labels.py
[2024-05-05T01:45:01.192+0000] {logging_mixin.py:188} INFO - [2024-05-05T01:45:01.192+0000] {dag.py:3096} INFO - Sync 1 DAGs
[2024-05-05T01:45:01.293+0000] {logging_mixin.py:188} INFO - [2024-05-05T01:45:01.288+0000] {dag.py:3954} INFO - Setting next_dagrun for example_branch_labels to 2024-05-04 00:00:00+00:00, run_after=2024-05-05 00:00:00+00:00
[2024-05-05T01:45:01.348+0000] {processor.py:183} INFO - Processing /home/airflow/.local/lib/python3.12/site-packages/airflow/example_dags/example_branch_labels.py took 0.353 seconds
[2024-05-05T01:45:56.525+0000] {processor.py:161} INFO - Started process (PID=8047) to work on /home/airflow/.local/lib/python3.12/site-packages/airflow/example_dags/example_branch_labels.py
[2024-05-05T01:45:56.531+0000] {processor.py:830} INFO - Processing file /home/airflow/.local/lib/python3.12/site-packages/airflow/example_dags/example_branch_labels.py for tasks to queue
[2024-05-05T01:45:56.540+0000] {logging_mixin.py:188} INFO - [2024-05-05T01:45:56.537+0000] {dagbag.py:540} INFO - Filling up the DagBag from /home/airflow/.local/lib/python3.12/site-packages/airflow/example_dags/example_branch_labels.py
[2024-05-05T01:45:56.575+0000] {processor.py:840} INFO - DAG(s) 'example_branch_labels' retrieved from /home/airflow/.local/lib/python3.12/site-packages/airflow/example_dags/example_branch_labels.py
[2024-05-05T01:45:56.807+0000] {logging_mixin.py:188} INFO - [2024-05-05T01:45:56.807+0000] {dag.py:3096} INFO - Sync 1 DAGs
[2024-05-05T01:45:56.871+0000] {logging_mixin.py:188} INFO - [2024-05-05T01:45:56.871+0000] {dag.py:3954} INFO - Setting next_dagrun for example_branch_labels to 2024-05-04 00:00:00+00:00, run_after=2024-05-05 00:00:00+00:00
[2024-05-05T01:45:56.919+0000] {processor.py:183} INFO - Processing /home/airflow/.local/lib/python3.12/site-packages/airflow/example_dags/example_branch_labels.py took 0.424 seconds
[2024-05-05T02:03:17.472+0000] {processor.py:161} INFO - Started process (PID=8088) to work on /home/airflow/.local/lib/python3.12/site-packages/airflow/example_dags/example_branch_labels.py
[2024-05-05T02:03:17.492+0000] {processor.py:830} INFO - Processing file /home/airflow/.local/lib/python3.12/site-packages/airflow/example_dags/example_branch_labels.py for tasks to queue
[2024-05-05T02:03:17.522+0000] {logging_mixin.py:188} INFO - [2024-05-05T02:03:17.512+0000] {dagbag.py:540} INFO - Filling up the DagBag from /home/airflow/.local/lib/python3.12/site-packages/airflow/example_dags/example_branch_labels.py
[2024-05-05T02:03:17.702+0000] {processor.py:840} INFO - DAG(s) 'example_branch_labels' retrieved from /home/airflow/.local/lib/python3.12/site-packages/airflow/example_dags/example_branch_labels.py
[2024-05-05T02:03:18.469+0000] {logging_mixin.py:188} INFO - [2024-05-05T02:03:18.461+0000] {dag.py:3096} INFO - Sync 1 DAGs
[2024-05-05T02:03:20.166+0000] {logging_mixin.py:188} INFO - [2024-05-05T02:03:20.165+0000] {dag.py:3954} INFO - Setting next_dagrun for example_branch_labels to 2024-05-04 00:00:00+00:00, run_after=2024-05-05 00:00:00+00:00
[2024-05-05T02:03:21.075+0000] {processor.py:183} INFO - Processing /home/airflow/.local/lib/python3.12/site-packages/airflow/example_dags/example_branch_labels.py took 3.698 seconds
[2024-05-05T02:04:50.978+0000] {processor.py:161} INFO - Started process (PID=8170) to work on /home/airflow/.local/lib/python3.12/site-packages/airflow/example_dags/example_branch_labels.py
[2024-05-05T02:04:50.985+0000] {processor.py:830} INFO - Processing file /home/airflow/.local/lib/python3.12/site-packages/airflow/example_dags/example_branch_labels.py for tasks to queue
[2024-05-05T02:04:50.994+0000] {logging_mixin.py:188} INFO - [2024-05-05T02:04:50.990+0000] {dagbag.py:540} INFO - Filling up the DagBag from /home/airflow/.local/lib/python3.12/site-packages/airflow/example_dags/example_branch_labels.py
[2024-05-05T02:04:51.036+0000] {processor.py:840} INFO - DAG(s) 'example_branch_labels' retrieved from /home/airflow/.local/lib/python3.12/site-packages/airflow/example_dags/example_branch_labels.py
[2024-05-05T02:04:51.083+0000] {logging_mixin.py:188} INFO - [2024-05-05T02:04:51.083+0000] {dag.py:3096} INFO - Sync 1 DAGs
[2024-05-05T02:04:51.125+0000] {logging_mixin.py:188} INFO - [2024-05-05T02:04:51.124+0000] {dag.py:3954} INFO - Setting next_dagrun for example_branch_labels to 2024-05-04 00:00:00+00:00, run_after=2024-05-05 00:00:00+00:00
[2024-05-05T02:04:51.158+0000] {processor.py:183} INFO - Processing /home/airflow/.local/lib/python3.12/site-packages/airflow/example_dags/example_branch_labels.py took 0.216 seconds
[2024-05-05T03:14:59.604+0000] {processor.py:161} INFO - Started process (PID=8227) to work on /home/airflow/.local/lib/python3.12/site-packages/airflow/example_dags/example_branch_labels.py
[2024-05-05T03:14:59.624+0000] {processor.py:830} INFO - Processing file /home/airflow/.local/lib/python3.12/site-packages/airflow/example_dags/example_branch_labels.py for tasks to queue
[2024-05-05T03:14:59.644+0000] {logging_mixin.py:188} INFO - [2024-05-05T03:14:59.642+0000] {dagbag.py:540} INFO - Filling up the DagBag from /home/airflow/.local/lib/python3.12/site-packages/airflow/example_dags/example_branch_labels.py
[2024-05-05T03:14:59.791+0000] {processor.py:840} INFO - DAG(s) 'example_branch_labels' retrieved from /home/airflow/.local/lib/python3.12/site-packages/airflow/example_dags/example_branch_labels.py
[2024-05-05T03:15:00.305+0000] {logging_mixin.py:188} INFO - [2024-05-05T03:15:00.304+0000] {dag.py:3096} INFO - Sync 1 DAGs
[2024-05-05T03:15:00.568+0000] {logging_mixin.py:188} INFO - [2024-05-05T03:15:00.567+0000] {dag.py:3954} INFO - Setting next_dagrun for example_branch_labels to 2024-05-04 00:00:00+00:00, run_after=2024-05-05 00:00:00+00:00
[2024-05-05T03:15:00.888+0000] {processor.py:183} INFO - Processing /home/airflow/.local/lib/python3.12/site-packages/airflow/example_dags/example_branch_labels.py took 1.419 seconds
[2024-05-05T03:15:31.154+0000] {processor.py:161} INFO - Started process (PID=8286) to work on /home/airflow/.local/lib/python3.12/site-packages/airflow/example_dags/example_branch_labels.py
[2024-05-05T03:15:31.157+0000] {processor.py:830} INFO - Processing file /home/airflow/.local/lib/python3.12/site-packages/airflow/example_dags/example_branch_labels.py for tasks to queue
[2024-05-05T03:15:31.159+0000] {logging_mixin.py:188} INFO - [2024-05-05T03:15:31.158+0000] {dagbag.py:540} INFO - Filling up the DagBag from /home/airflow/.local/lib/python3.12/site-packages/airflow/example_dags/example_branch_labels.py
[2024-05-05T03:15:31.173+0000] {processor.py:840} INFO - DAG(s) 'example_branch_labels' retrieved from /home/airflow/.local/lib/python3.12/site-packages/airflow/example_dags/example_branch_labels.py
[2024-05-05T03:15:31.233+0000] {logging_mixin.py:188} INFO - [2024-05-05T03:15:31.233+0000] {dag.py:3096} INFO - Sync 1 DAGs
[2024-05-05T03:15:31.288+0000] {logging_mixin.py:188} INFO - [2024-05-05T03:15:31.288+0000] {dag.py:3954} INFO - Setting next_dagrun for example_branch_labels to 2024-05-04 00:00:00+00:00, run_after=2024-05-05 00:00:00+00:00
[2024-05-05T03:15:31.314+0000] {processor.py:183} INFO - Processing /home/airflow/.local/lib/python3.12/site-packages/airflow/example_dags/example_branch_labels.py took 0.172 seconds
[2024-05-05T03:48:50.190+0000] {processor.py:161} INFO - Started process (PID=8317) to work on /home/airflow/.local/lib/python3.12/site-packages/airflow/example_dags/example_branch_labels.py
[2024-05-05T03:48:50.217+0000] {processor.py:830} INFO - Processing file /home/airflow/.local/lib/python3.12/site-packages/airflow/example_dags/example_branch_labels.py for tasks to queue
[2024-05-05T03:48:50.245+0000] {logging_mixin.py:188} INFO - [2024-05-05T03:48:50.241+0000] {dagbag.py:540} INFO - Filling up the DagBag from /home/airflow/.local/lib/python3.12/site-packages/airflow/example_dags/example_branch_labels.py
[2024-05-05T03:48:50.385+0000] {processor.py:840} INFO - DAG(s) 'example_branch_labels' retrieved from /home/airflow/.local/lib/python3.12/site-packages/airflow/example_dags/example_branch_labels.py
[2024-05-05T03:48:50.730+0000] {logging_mixin.py:188} INFO - [2024-05-05T03:48:50.729+0000] {dag.py:3096} INFO - Sync 1 DAGs
[2024-05-05T03:48:51.137+0000] {logging_mixin.py:188} INFO - [2024-05-05T03:48:51.136+0000] {dag.py:3954} INFO - Setting next_dagrun for example_branch_labels to 2024-05-04 00:00:00+00:00, run_after=2024-05-05 00:00:00+00:00
[2024-05-05T03:48:51.466+0000] {processor.py:183} INFO - Processing /home/airflow/.local/lib/python3.12/site-packages/airflow/example_dags/example_branch_labels.py took 1.409 seconds
[2024-05-05T04:00:28.948+0000] {processor.py:161} INFO - Started process (PID=8373) to work on /home/airflow/.local/lib/python3.12/site-packages/airflow/example_dags/example_branch_labels.py
[2024-05-05T04:00:28.969+0000] {processor.py:830} INFO - Processing file /home/airflow/.local/lib/python3.12/site-packages/airflow/example_dags/example_branch_labels.py for tasks to queue
[2024-05-05T04:00:28.994+0000] {logging_mixin.py:188} INFO - [2024-05-05T04:00:28.991+0000] {dagbag.py:540} INFO - Filling up the DagBag from /home/airflow/.local/lib/python3.12/site-packages/airflow/example_dags/example_branch_labels.py
[2024-05-05T04:00:29.071+0000] {processor.py:840} INFO - DAG(s) 'example_branch_labels' retrieved from /home/airflow/.local/lib/python3.12/site-packages/airflow/example_dags/example_branch_labels.py
[2024-05-05T04:00:29.433+0000] {logging_mixin.py:188} INFO - [2024-05-05T04:00:29.431+0000] {dag.py:3096} INFO - Sync 1 DAGs
[2024-05-05T04:00:30.156+0000] {logging_mixin.py:188} INFO - [2024-05-05T04:00:30.142+0000] {dag.py:3954} INFO - Setting next_dagrun for example_branch_labels to 2024-05-04 00:00:00+00:00, run_after=2024-05-05 00:00:00+00:00
[2024-05-05T04:00:30.882+0000] {processor.py:183} INFO - Processing /home/airflow/.local/lib/python3.12/site-packages/airflow/example_dags/example_branch_labels.py took 2.044 seconds
[2024-05-05T04:01:28.664+0000] {processor.py:161} INFO - Started process (PID=8433) to work on /home/airflow/.local/lib/python3.12/site-packages/airflow/example_dags/example_branch_labels.py
[2024-05-05T04:01:28.670+0000] {processor.py:830} INFO - Processing file /home/airflow/.local/lib/python3.12/site-packages/airflow/example_dags/example_branch_labels.py for tasks to queue
[2024-05-05T04:01:28.686+0000] {logging_mixin.py:188} INFO - [2024-05-05T04:01:28.682+0000] {dagbag.py:540} INFO - Filling up the DagBag from /home/airflow/.local/lib/python3.12/site-packages/airflow/example_dags/example_branch_labels.py
[2024-05-05T04:01:28.747+0000] {processor.py:840} INFO - DAG(s) 'example_branch_labels' retrieved from /home/airflow/.local/lib/python3.12/site-packages/airflow/example_dags/example_branch_labels.py
[2024-05-05T04:01:28.918+0000] {logging_mixin.py:188} INFO - [2024-05-05T04:01:28.910+0000] {dag.py:3096} INFO - Sync 1 DAGs
[2024-05-05T04:01:29.030+0000] {logging_mixin.py:188} INFO - [2024-05-05T04:01:29.029+0000] {dag.py:3954} INFO - Setting next_dagrun for example_branch_labels to 2024-05-04 00:00:00+00:00, run_after=2024-05-05 00:00:00+00:00
[2024-05-05T04:01:29.115+0000] {processor.py:183} INFO - Processing /home/airflow/.local/lib/python3.12/site-packages/airflow/example_dags/example_branch_labels.py took 0.479 seconds
[2024-05-05T04:02:05.379+0000] {processor.py:161} INFO - Started process (PID=8493) to work on /home/airflow/.local/lib/python3.12/site-packages/airflow/example_dags/example_branch_labels.py
[2024-05-05T04:02:05.386+0000] {processor.py:830} INFO - Processing file /home/airflow/.local/lib/python3.12/site-packages/airflow/example_dags/example_branch_labels.py for tasks to queue
[2024-05-05T04:02:05.395+0000] {logging_mixin.py:188} INFO - [2024-05-05T04:02:05.393+0000] {dagbag.py:540} INFO - Filling up the DagBag from /home/airflow/.local/lib/python3.12/site-packages/airflow/example_dags/example_branch_labels.py
[2024-05-05T04:02:05.460+0000] {processor.py:840} INFO - DAG(s) 'example_branch_labels' retrieved from /home/airflow/.local/lib/python3.12/site-packages/airflow/example_dags/example_branch_labels.py
[2024-05-05T04:02:05.637+0000] {logging_mixin.py:188} INFO - [2024-05-05T04:02:05.636+0000] {dag.py:3096} INFO - Sync 1 DAGs
[2024-05-05T04:02:05.804+0000] {logging_mixin.py:188} INFO - [2024-05-05T04:02:05.803+0000] {dag.py:3954} INFO - Setting next_dagrun for example_branch_labels to 2024-05-04 00:00:00+00:00, run_after=2024-05-05 00:00:00+00:00
[2024-05-05T04:02:05.968+0000] {processor.py:183} INFO - Processing /home/airflow/.local/lib/python3.12/site-packages/airflow/example_dags/example_branch_labels.py took 0.644 seconds
[2024-05-05T04:02:43.514+0000] {processor.py:161} INFO - Started process (PID=8557) to work on /home/airflow/.local/lib/python3.12/site-packages/airflow/example_dags/example_branch_labels.py
[2024-05-05T04:02:43.526+0000] {processor.py:830} INFO - Processing file /home/airflow/.local/lib/python3.12/site-packages/airflow/example_dags/example_branch_labels.py for tasks to queue
[2024-05-05T04:02:43.545+0000] {logging_mixin.py:188} INFO - [2024-05-05T04:02:43.540+0000] {dagbag.py:540} INFO - Filling up the DagBag from /home/airflow/.local/lib/python3.12/site-packages/airflow/example_dags/example_branch_labels.py
[2024-05-05T04:02:43.632+0000] {processor.py:840} INFO - DAG(s) 'example_branch_labels' retrieved from /home/airflow/.local/lib/python3.12/site-packages/airflow/example_dags/example_branch_labels.py
[2024-05-05T04:02:43.783+0000] {logging_mixin.py:188} INFO - [2024-05-05T04:02:43.782+0000] {dag.py:3096} INFO - Sync 1 DAGs
[2024-05-05T04:02:43.890+0000] {logging_mixin.py:188} INFO - [2024-05-05T04:02:43.888+0000] {dag.py:3954} INFO - Setting next_dagrun for example_branch_labels to 2024-05-04 00:00:00+00:00, run_after=2024-05-05 00:00:00+00:00
[2024-05-05T04:02:43.983+0000] {processor.py:183} INFO - Processing /home/airflow/.local/lib/python3.12/site-packages/airflow/example_dags/example_branch_labels.py took 0.526 seconds
[2024-05-05T04:03:20.862+0000] {processor.py:161} INFO - Started process (PID=8615) to work on /home/airflow/.local/lib/python3.12/site-packages/airflow/example_dags/example_branch_labels.py
[2024-05-05T04:03:20.873+0000] {processor.py:830} INFO - Processing file /home/airflow/.local/lib/python3.12/site-packages/airflow/example_dags/example_branch_labels.py for tasks to queue
[2024-05-05T04:03:20.900+0000] {logging_mixin.py:188} INFO - [2024-05-05T04:03:20.898+0000] {dagbag.py:540} INFO - Filling up the DagBag from /home/airflow/.local/lib/python3.12/site-packages/airflow/example_dags/example_branch_labels.py
[2024-05-05T04:03:20.997+0000] {processor.py:840} INFO - DAG(s) 'example_branch_labels' retrieved from /home/airflow/.local/lib/python3.12/site-packages/airflow/example_dags/example_branch_labels.py
[2024-05-05T04:03:21.223+0000] {logging_mixin.py:188} INFO - [2024-05-05T04:03:21.222+0000] {dag.py:3096} INFO - Sync 1 DAGs
[2024-05-05T04:03:21.381+0000] {logging_mixin.py:188} INFO - [2024-05-05T04:03:21.380+0000] {dag.py:3954} INFO - Setting next_dagrun for example_branch_labels to 2024-05-04 00:00:00+00:00, run_after=2024-05-05 00:00:00+00:00
[2024-05-05T04:03:21.588+0000] {processor.py:183} INFO - Processing /home/airflow/.local/lib/python3.12/site-packages/airflow/example_dags/example_branch_labels.py took 0.774 seconds
[2024-05-05T04:04:01.265+0000] {processor.py:161} INFO - Started process (PID=8668) to work on /home/airflow/.local/lib/python3.12/site-packages/airflow/example_dags/example_branch_labels.py
[2024-05-05T04:04:01.278+0000] {processor.py:830} INFO - Processing file /home/airflow/.local/lib/python3.12/site-packages/airflow/example_dags/example_branch_labels.py for tasks to queue
[2024-05-05T04:04:01.301+0000] {logging_mixin.py:188} INFO - [2024-05-05T04:04:01.299+0000] {dagbag.py:540} INFO - Filling up the DagBag from /home/airflow/.local/lib/python3.12/site-packages/airflow/example_dags/example_branch_labels.py
[2024-05-05T04:04:01.353+0000] {processor.py:840} INFO - DAG(s) 'example_branch_labels' retrieved from /home/airflow/.local/lib/python3.12/site-packages/airflow/example_dags/example_branch_labels.py
[2024-05-05T04:04:01.484+0000] {logging_mixin.py:188} INFO - [2024-05-05T04:04:01.483+0000] {dag.py:3096} INFO - Sync 1 DAGs
[2024-05-05T04:04:01.602+0000] {logging_mixin.py:188} INFO - [2024-05-05T04:04:01.601+0000] {dag.py:3954} INFO - Setting next_dagrun for example_branch_labels to 2024-05-04 00:00:00+00:00, run_after=2024-05-05 00:00:00+00:00
[2024-05-05T04:04:01.683+0000] {processor.py:183} INFO - Processing /home/airflow/.local/lib/python3.12/site-packages/airflow/example_dags/example_branch_labels.py took 0.465 seconds
[2024-05-05T04:04:38.852+0000] {processor.py:161} INFO - Started process (PID=8724) to work on /home/airflow/.local/lib/python3.12/site-packages/airflow/example_dags/example_branch_labels.py
[2024-05-05T04:04:38.866+0000] {processor.py:830} INFO - Processing file /home/airflow/.local/lib/python3.12/site-packages/airflow/example_dags/example_branch_labels.py for tasks to queue
[2024-05-05T04:04:38.878+0000] {logging_mixin.py:188} INFO - [2024-05-05T04:04:38.875+0000] {dagbag.py:540} INFO - Filling up the DagBag from /home/airflow/.local/lib/python3.12/site-packages/airflow/example_dags/example_branch_labels.py
[2024-05-05T04:04:38.969+0000] {processor.py:840} INFO - DAG(s) 'example_branch_labels' retrieved from /home/airflow/.local/lib/python3.12/site-packages/airflow/example_dags/example_branch_labels.py
[2024-05-05T04:04:39.130+0000] {logging_mixin.py:188} INFO - [2024-05-05T04:04:39.129+0000] {dag.py:3096} INFO - Sync 1 DAGs
[2024-05-05T04:04:39.262+0000] {logging_mixin.py:188} INFO - [2024-05-05T04:04:39.261+0000] {dag.py:3954} INFO - Setting next_dagrun for example_branch_labels to 2024-05-04 00:00:00+00:00, run_after=2024-05-05 00:00:00+00:00
[2024-05-05T04:04:39.380+0000] {processor.py:183} INFO - Processing /home/airflow/.local/lib/python3.12/site-packages/airflow/example_dags/example_branch_labels.py took 0.580 seconds
[2024-05-05T04:05:22.638+0000] {processor.py:161} INFO - Started process (PID=8788) to work on /home/airflow/.local/lib/python3.12/site-packages/airflow/example_dags/example_branch_labels.py
[2024-05-05T04:05:22.653+0000] {processor.py:830} INFO - Processing file /home/airflow/.local/lib/python3.12/site-packages/airflow/example_dags/example_branch_labels.py for tasks to queue
[2024-05-05T04:05:22.665+0000] {logging_mixin.py:188} INFO - [2024-05-05T04:05:22.658+0000] {dagbag.py:540} INFO - Filling up the DagBag from /home/airflow/.local/lib/python3.12/site-packages/airflow/example_dags/example_branch_labels.py
[2024-05-05T04:05:22.740+0000] {processor.py:840} INFO - DAG(s) 'example_branch_labels' retrieved from /home/airflow/.local/lib/python3.12/site-packages/airflow/example_dags/example_branch_labels.py
[2024-05-05T04:05:22.914+0000] {logging_mixin.py:188} INFO - [2024-05-05T04:05:22.913+0000] {dag.py:3096} INFO - Sync 1 DAGs
[2024-05-05T04:05:23.024+0000] {logging_mixin.py:188} INFO - [2024-05-05T04:05:23.022+0000] {dag.py:3954} INFO - Setting next_dagrun for example_branch_labels to 2024-05-04 00:00:00+00:00, run_after=2024-05-05 00:00:00+00:00
[2024-05-05T04:05:23.107+0000] {processor.py:183} INFO - Processing /home/airflow/.local/lib/python3.12/site-packages/airflow/example_dags/example_branch_labels.py took 0.504 seconds
[2024-05-05T04:06:19.083+0000] {processor.py:161} INFO - Started process (PID=8852) to work on /home/airflow/.local/lib/python3.12/site-packages/airflow/example_dags/example_branch_labels.py
[2024-05-05T04:06:19.113+0000] {processor.py:830} INFO - Processing file /home/airflow/.local/lib/python3.12/site-packages/airflow/example_dags/example_branch_labels.py for tasks to queue
[2024-05-05T04:06:19.149+0000] {logging_mixin.py:188} INFO - [2024-05-05T04:06:19.139+0000] {dagbag.py:540} INFO - Filling up the DagBag from /home/airflow/.local/lib/python3.12/site-packages/airflow/example_dags/example_branch_labels.py
[2024-05-05T04:06:19.363+0000] {processor.py:840} INFO - DAG(s) 'example_branch_labels' retrieved from /home/airflow/.local/lib/python3.12/site-packages/airflow/example_dags/example_branch_labels.py
[2024-05-05T04:06:19.916+0000] {logging_mixin.py:188} INFO - [2024-05-05T04:06:19.905+0000] {dag.py:3096} INFO - Sync 1 DAGs
[2024-05-05T04:06:20.416+0000] {logging_mixin.py:188} INFO - [2024-05-05T04:06:20.413+0000] {dag.py:3954} INFO - Setting next_dagrun for example_branch_labels to 2024-05-04 00:00:00+00:00, run_after=2024-05-05 00:00:00+00:00
[2024-05-05T04:06:20.667+0000] {processor.py:183} INFO - Processing /home/airflow/.local/lib/python3.12/site-packages/airflow/example_dags/example_branch_labels.py took 1.792 seconds
[2024-05-05T04:07:44.951+0000] {processor.py:161} INFO - Started process (PID=8909) to work on /home/airflow/.local/lib/python3.12/site-packages/airflow/example_dags/example_branch_labels.py
[2024-05-05T04:07:44.982+0000] {processor.py:830} INFO - Processing file /home/airflow/.local/lib/python3.12/site-packages/airflow/example_dags/example_branch_labels.py for tasks to queue
[2024-05-05T04:07:45.001+0000] {logging_mixin.py:188} INFO - [2024-05-05T04:07:44.995+0000] {dagbag.py:540} INFO - Filling up the DagBag from /home/airflow/.local/lib/python3.12/site-packages/airflow/example_dags/example_branch_labels.py
[2024-05-05T04:07:45.241+0000] {processor.py:840} INFO - DAG(s) 'example_branch_labels' retrieved from /home/airflow/.local/lib/python3.12/site-packages/airflow/example_dags/example_branch_labels.py
[2024-05-05T04:07:46.038+0000] {logging_mixin.py:188} INFO - [2024-05-05T04:07:46.036+0000] {dag.py:3096} INFO - Sync 1 DAGs
[2024-05-05T04:07:46.605+0000] {logging_mixin.py:188} INFO - [2024-05-05T04:07:46.603+0000] {dag.py:3954} INFO - Setting next_dagrun for example_branch_labels to 2024-05-04 00:00:00+00:00, run_after=2024-05-05 00:00:00+00:00
[2024-05-05T04:07:47.110+0000] {processor.py:183} INFO - Processing /home/airflow/.local/lib/python3.12/site-packages/airflow/example_dags/example_branch_labels.py took 2.485 seconds
[2024-05-05T04:10:11.035+0000] {processor.py:161} INFO - Started process (PID=9007) to work on /home/airflow/.local/lib/python3.12/site-packages/airflow/example_dags/example_branch_labels.py
[2024-05-05T04:10:11.073+0000] {processor.py:830} INFO - Processing file /home/airflow/.local/lib/python3.12/site-packages/airflow/example_dags/example_branch_labels.py for tasks to queue
[2024-05-05T04:10:11.097+0000] {logging_mixin.py:188} INFO - [2024-05-05T04:10:11.082+0000] {dagbag.py:540} INFO - Filling up the DagBag from /home/airflow/.local/lib/python3.12/site-packages/airflow/example_dags/example_branch_labels.py
[2024-05-05T04:10:11.397+0000] {processor.py:840} INFO - DAG(s) 'example_branch_labels' retrieved from /home/airflow/.local/lib/python3.12/site-packages/airflow/example_dags/example_branch_labels.py
[2024-05-05T04:10:11.962+0000] {logging_mixin.py:188} INFO - [2024-05-05T04:10:11.958+0000] {dag.py:3096} INFO - Sync 1 DAGs
[2024-05-05T04:10:12.812+0000] {logging_mixin.py:188} INFO - [2024-05-05T04:10:12.804+0000] {dag.py:3954} INFO - Setting next_dagrun for example_branch_labels to 2024-05-04 00:00:00+00:00, run_after=2024-05-05 00:00:00+00:00
[2024-05-05T04:10:13.618+0000] {processor.py:183} INFO - Processing /home/airflow/.local/lib/python3.12/site-packages/airflow/example_dags/example_branch_labels.py took 3.003 seconds
[2024-05-05T04:12:35.409+0000] {processor.py:161} INFO - Started process (PID=9100) to work on /home/airflow/.local/lib/python3.12/site-packages/airflow/example_dags/example_branch_labels.py
[2024-05-05T04:12:35.430+0000] {processor.py:830} INFO - Processing file /home/airflow/.local/lib/python3.12/site-packages/airflow/example_dags/example_branch_labels.py for tasks to queue
[2024-05-05T04:12:35.456+0000] {logging_mixin.py:188} INFO - [2024-05-05T04:12:35.452+0000] {dagbag.py:540} INFO - Filling up the DagBag from /home/airflow/.local/lib/python3.12/site-packages/airflow/example_dags/example_branch_labels.py
[2024-05-05T04:12:35.578+0000] {processor.py:840} INFO - DAG(s) 'example_branch_labels' retrieved from /home/airflow/.local/lib/python3.12/site-packages/airflow/example_dags/example_branch_labels.py
[2024-05-05T04:12:36.207+0000] {logging_mixin.py:188} INFO - [2024-05-05T04:12:36.205+0000] {dag.py:3096} INFO - Sync 1 DAGs
[2024-05-05T04:12:36.865+0000] {logging_mixin.py:188} INFO - [2024-05-05T04:12:36.856+0000] {dag.py:3954} INFO - Setting next_dagrun for example_branch_labels to 2024-05-04 00:00:00+00:00, run_after=2024-05-05 00:00:00+00:00
[2024-05-05T04:12:37.478+0000] {processor.py:183} INFO - Processing /home/airflow/.local/lib/python3.12/site-packages/airflow/example_dags/example_branch_labels.py took 2.155 seconds
[2024-05-05T04:13:55.459+0000] {processor.py:161} INFO - Started process (PID=9153) to work on /home/airflow/.local/lib/python3.12/site-packages/airflow/example_dags/example_branch_labels.py
[2024-05-05T04:13:55.478+0000] {processor.py:830} INFO - Processing file /home/airflow/.local/lib/python3.12/site-packages/airflow/example_dags/example_branch_labels.py for tasks to queue
[2024-05-05T04:13:55.501+0000] {logging_mixin.py:188} INFO - [2024-05-05T04:13:55.491+0000] {dagbag.py:540} INFO - Filling up the DagBag from /home/airflow/.local/lib/python3.12/site-packages/airflow/example_dags/example_branch_labels.py
[2024-05-05T04:13:55.629+0000] {processor.py:840} INFO - DAG(s) 'example_branch_labels' retrieved from /home/airflow/.local/lib/python3.12/site-packages/airflow/example_dags/example_branch_labels.py
[2024-05-05T04:13:56.580+0000] {logging_mixin.py:188} INFO - [2024-05-05T04:13:56.579+0000] {dag.py:3096} INFO - Sync 1 DAGs
[2024-05-05T04:13:57.726+0000] {logging_mixin.py:188} INFO - [2024-05-05T04:13:57.724+0000] {dag.py:3954} INFO - Setting next_dagrun for example_branch_labels to 2024-05-04 00:00:00+00:00, run_after=2024-05-05 00:00:00+00:00
[2024-05-05T04:13:58.030+0000] {processor.py:183} INFO - Processing /home/airflow/.local/lib/python3.12/site-packages/airflow/example_dags/example_branch_labels.py took 2.762 seconds
[2024-05-05T04:15:12.007+0000] {processor.py:161} INFO - Started process (PID=9204) to work on /home/airflow/.local/lib/python3.12/site-packages/airflow/example_dags/example_branch_labels.py
[2024-05-05T04:15:12.042+0000] {processor.py:830} INFO - Processing file /home/airflow/.local/lib/python3.12/site-packages/airflow/example_dags/example_branch_labels.py for tasks to queue
[2024-05-05T04:15:12.080+0000] {logging_mixin.py:188} INFO - [2024-05-05T04:15:12.061+0000] {dagbag.py:540} INFO - Filling up the DagBag from /home/airflow/.local/lib/python3.12/site-packages/airflow/example_dags/example_branch_labels.py
[2024-05-05T04:15:12.505+0000] {processor.py:840} INFO - DAG(s) 'example_branch_labels' retrieved from /home/airflow/.local/lib/python3.12/site-packages/airflow/example_dags/example_branch_labels.py
[2024-05-05T04:15:13.120+0000] {logging_mixin.py:188} INFO - [2024-05-05T04:15:13.118+0000] {dag.py:3096} INFO - Sync 1 DAGs
[2024-05-05T04:15:14.243+0000] {logging_mixin.py:188} INFO - [2024-05-05T04:15:14.232+0000] {dag.py:3954} INFO - Setting next_dagrun for example_branch_labels to 2024-05-04 00:00:00+00:00, run_after=2024-05-05 00:00:00+00:00
[2024-05-05T04:15:14.838+0000] {processor.py:183} INFO - Processing /home/airflow/.local/lib/python3.12/site-packages/airflow/example_dags/example_branch_labels.py took 3.202 seconds
[2024-05-05T04:16:28.957+0000] {processor.py:161} INFO - Started process (PID=9250) to work on /home/airflow/.local/lib/python3.12/site-packages/airflow/example_dags/example_branch_labels.py
[2024-05-05T04:16:29.014+0000] {processor.py:830} INFO - Processing file /home/airflow/.local/lib/python3.12/site-packages/airflow/example_dags/example_branch_labels.py for tasks to queue
[2024-05-05T04:16:29.179+0000] {logging_mixin.py:188} INFO - [2024-05-05T04:16:29.045+0000] {dagbag.py:540} INFO - Filling up the DagBag from /home/airflow/.local/lib/python3.12/site-packages/airflow/example_dags/example_branch_labels.py
[2024-05-05T04:16:29.647+0000] {processor.py:840} INFO - DAG(s) 'example_branch_labels' retrieved from /home/airflow/.local/lib/python3.12/site-packages/airflow/example_dags/example_branch_labels.py
[2024-05-05T04:16:30.682+0000] {logging_mixin.py:188} INFO - [2024-05-05T04:16:30.680+0000] {dag.py:3096} INFO - Sync 1 DAGs
[2024-05-05T04:16:31.205+0000] {logging_mixin.py:188} INFO - [2024-05-05T04:16:31.192+0000] {dag.py:3954} INFO - Setting next_dagrun for example_branch_labels to 2024-05-04 00:00:00+00:00, run_after=2024-05-05 00:00:00+00:00
[2024-05-05T04:16:31.667+0000] {processor.py:183} INFO - Processing /home/airflow/.local/lib/python3.12/site-packages/airflow/example_dags/example_branch_labels.py took 3.153 seconds
[2024-05-05T04:17:41.979+0000] {processor.py:161} INFO - Started process (PID=9306) to work on /home/airflow/.local/lib/python3.12/site-packages/airflow/example_dags/example_branch_labels.py
[2024-05-05T04:17:42.003+0000] {processor.py:830} INFO - Processing file /home/airflow/.local/lib/python3.12/site-packages/airflow/example_dags/example_branch_labels.py for tasks to queue
[2024-05-05T04:17:42.047+0000] {logging_mixin.py:188} INFO - [2024-05-05T04:17:42.044+0000] {dagbag.py:540} INFO - Filling up the DagBag from /home/airflow/.local/lib/python3.12/site-packages/airflow/example_dags/example_branch_labels.py
[2024-05-05T04:17:42.297+0000] {processor.py:840} INFO - DAG(s) 'example_branch_labels' retrieved from /home/airflow/.local/lib/python3.12/site-packages/airflow/example_dags/example_branch_labels.py
[2024-05-05T04:17:43.432+0000] {logging_mixin.py:188} INFO - [2024-05-05T04:17:43.430+0000] {dag.py:3096} INFO - Sync 1 DAGs
[2024-05-05T04:17:44.534+0000] {logging_mixin.py:188} INFO - [2024-05-05T04:17:44.533+0000] {dag.py:3954} INFO - Setting next_dagrun for example_branch_labels to 2024-05-04 00:00:00+00:00, run_after=2024-05-05 00:00:00+00:00
[2024-05-05T04:17:45.336+0000] {processor.py:183} INFO - Processing /home/airflow/.local/lib/python3.12/site-packages/airflow/example_dags/example_branch_labels.py took 3.537 seconds
[2024-05-05T04:19:02.179+0000] {processor.py:161} INFO - Started process (PID=9354) to work on /home/airflow/.local/lib/python3.12/site-packages/airflow/example_dags/example_branch_labels.py
[2024-05-05T04:19:02.220+0000] {processor.py:830} INFO - Processing file /home/airflow/.local/lib/python3.12/site-packages/airflow/example_dags/example_branch_labels.py for tasks to queue
[2024-05-05T04:19:02.260+0000] {logging_mixin.py:188} INFO - [2024-05-05T04:19:02.253+0000] {dagbag.py:540} INFO - Filling up the DagBag from /home/airflow/.local/lib/python3.12/site-packages/airflow/example_dags/example_branch_labels.py
[2024-05-05T04:19:02.466+0000] {processor.py:840} INFO - DAG(s) 'example_branch_labels' retrieved from /home/airflow/.local/lib/python3.12/site-packages/airflow/example_dags/example_branch_labels.py
[2024-05-05T04:19:02.882+0000] {logging_mixin.py:188} INFO - [2024-05-05T04:19:02.881+0000] {dag.py:3096} INFO - Sync 1 DAGs
[2024-05-05T04:19:03.541+0000] {logging_mixin.py:188} INFO - [2024-05-05T04:19:03.528+0000] {dag.py:3954} INFO - Setting next_dagrun for example_branch_labels to 2024-05-04 00:00:00+00:00, run_after=2024-05-05 00:00:00+00:00
[2024-05-05T04:19:04.027+0000] {processor.py:183} INFO - Processing /home/airflow/.local/lib/python3.12/site-packages/airflow/example_dags/example_branch_labels.py took 2.063 seconds
[2024-05-05T04:21:26.680+0000] {processor.py:161} INFO - Started process (PID=9453) to work on /home/airflow/.local/lib/python3.12/site-packages/airflow/example_dags/example_branch_labels.py
[2024-05-05T04:21:26.700+0000] {processor.py:830} INFO - Processing file /home/airflow/.local/lib/python3.12/site-packages/airflow/example_dags/example_branch_labels.py for tasks to queue
[2024-05-05T04:21:26.716+0000] {logging_mixin.py:188} INFO - [2024-05-05T04:21:26.711+0000] {dagbag.py:540} INFO - Filling up the DagBag from /home/airflow/.local/lib/python3.12/site-packages/airflow/example_dags/example_branch_labels.py
[2024-05-05T04:21:27.510+0000] {processor.py:840} INFO - DAG(s) 'example_branch_labels' retrieved from /home/airflow/.local/lib/python3.12/site-packages/airflow/example_dags/example_branch_labels.py
[2024-05-05T04:21:28.268+0000] {logging_mixin.py:188} INFO - [2024-05-05T04:21:28.262+0000] {dag.py:3096} INFO - Sync 1 DAGs
[2024-05-05T04:21:29.401+0000] {logging_mixin.py:188} INFO - [2024-05-05T04:21:29.335+0000] {dag.py:3954} INFO - Setting next_dagrun for example_branch_labels to 2024-05-04 00:00:00+00:00, run_after=2024-05-05 00:00:00+00:00
[2024-05-05T04:21:30.584+0000] {processor.py:183} INFO - Processing /home/airflow/.local/lib/python3.12/site-packages/airflow/example_dags/example_branch_labels.py took 4.464 seconds
[2024-05-05T04:22:36.606+0000] {processor.py:161} INFO - Started process (PID=9502) to work on /home/airflow/.local/lib/python3.12/site-packages/airflow/example_dags/example_branch_labels.py
[2024-05-05T04:22:36.672+0000] {processor.py:830} INFO - Processing file /home/airflow/.local/lib/python3.12/site-packages/airflow/example_dags/example_branch_labels.py for tasks to queue
[2024-05-05T04:22:36.720+0000] {logging_mixin.py:188} INFO - [2024-05-05T04:22:36.705+0000] {dagbag.py:540} INFO - Filling up the DagBag from /home/airflow/.local/lib/python3.12/site-packages/airflow/example_dags/example_branch_labels.py
[2024-05-05T04:22:37.060+0000] {processor.py:840} INFO - DAG(s) 'example_branch_labels' retrieved from /home/airflow/.local/lib/python3.12/site-packages/airflow/example_dags/example_branch_labels.py
[2024-05-05T04:22:37.644+0000] {logging_mixin.py:188} INFO - [2024-05-05T04:22:37.627+0000] {dag.py:3096} INFO - Sync 1 DAGs
[2024-05-05T04:22:38.686+0000] {logging_mixin.py:188} INFO - [2024-05-05T04:22:38.684+0000] {dag.py:3954} INFO - Setting next_dagrun for example_branch_labels to 2024-05-04 00:00:00+00:00, run_after=2024-05-05 00:00:00+00:00
[2024-05-05T04:22:39.185+0000] {processor.py:183} INFO - Processing /home/airflow/.local/lib/python3.12/site-packages/airflow/example_dags/example_branch_labels.py took 2.931 seconds
[2024-05-05T04:24:00.286+0000] {processor.py:161} INFO - Started process (PID=9549) to work on /home/airflow/.local/lib/python3.12/site-packages/airflow/example_dags/example_branch_labels.py
[2024-05-05T04:24:00.323+0000] {processor.py:830} INFO - Processing file /home/airflow/.local/lib/python3.12/site-packages/airflow/example_dags/example_branch_labels.py for tasks to queue
[2024-05-05T04:24:00.380+0000] {logging_mixin.py:188} INFO - [2024-05-05T04:24:00.362+0000] {dagbag.py:540} INFO - Filling up the DagBag from /home/airflow/.local/lib/python3.12/site-packages/airflow/example_dags/example_branch_labels.py
[2024-05-05T04:24:00.758+0000] {processor.py:840} INFO - DAG(s) 'example_branch_labels' retrieved from /home/airflow/.local/lib/python3.12/site-packages/airflow/example_dags/example_branch_labels.py
[2024-05-05T04:24:01.464+0000] {logging_mixin.py:188} INFO - [2024-05-05T04:24:01.462+0000] {dag.py:3096} INFO - Sync 1 DAGs
[2024-05-05T04:24:02.806+0000] {logging_mixin.py:188} INFO - [2024-05-05T04:24:02.804+0000] {dag.py:3954} INFO - Setting next_dagrun for example_branch_labels to 2024-05-04 00:00:00+00:00, run_after=2024-05-05 00:00:00+00:00
[2024-05-05T04:24:03.521+0000] {processor.py:183} INFO - Processing /home/airflow/.local/lib/python3.12/site-packages/airflow/example_dags/example_branch_labels.py took 3.755 seconds
[2024-05-05T04:25:16.700+0000] {processor.py:161} INFO - Started process (PID=9605) to work on /home/airflow/.local/lib/python3.12/site-packages/airflow/example_dags/example_branch_labels.py
[2024-05-05T04:25:16.731+0000] {processor.py:830} INFO - Processing file /home/airflow/.local/lib/python3.12/site-packages/airflow/example_dags/example_branch_labels.py for tasks to queue
[2024-05-05T04:25:16.877+0000] {logging_mixin.py:188} INFO - [2024-05-05T04:25:16.847+0000] {dagbag.py:540} INFO - Filling up the DagBag from /home/airflow/.local/lib/python3.12/site-packages/airflow/example_dags/example_branch_labels.py
[2024-05-05T04:25:17.712+0000] {processor.py:840} INFO - DAG(s) 'example_branch_labels' retrieved from /home/airflow/.local/lib/python3.12/site-packages/airflow/example_dags/example_branch_labels.py
[2024-05-05T04:25:18.515+0000] {logging_mixin.py:188} INFO - [2024-05-05T04:25:18.513+0000] {dag.py:3096} INFO - Sync 1 DAGs
[2024-05-05T04:25:19.470+0000] {logging_mixin.py:188} INFO - [2024-05-05T04:25:19.458+0000] {dag.py:3954} INFO - Setting next_dagrun for example_branch_labels to 2024-05-04 00:00:00+00:00, run_after=2024-05-05 00:00:00+00:00
[2024-05-05T04:25:19.957+0000] {processor.py:183} INFO - Processing /home/airflow/.local/lib/python3.12/site-packages/airflow/example_dags/example_branch_labels.py took 3.404 seconds
[2024-05-05T04:26:36.769+0000] {processor.py:161} INFO - Started process (PID=9652) to work on /home/airflow/.local/lib/python3.12/site-packages/airflow/example_dags/example_branch_labels.py
[2024-05-05T04:26:36.805+0000] {processor.py:830} INFO - Processing file /home/airflow/.local/lib/python3.12/site-packages/airflow/example_dags/example_branch_labels.py for tasks to queue
[2024-05-05T04:26:36.832+0000] {logging_mixin.py:188} INFO - [2024-05-05T04:26:36.816+0000] {dagbag.py:540} INFO - Filling up the DagBag from /home/airflow/.local/lib/python3.12/site-packages/airflow/example_dags/example_branch_labels.py
[2024-05-05T04:26:37.210+0000] {processor.py:840} INFO - DAG(s) 'example_branch_labels' retrieved from /home/airflow/.local/lib/python3.12/site-packages/airflow/example_dags/example_branch_labels.py
[2024-05-05T04:26:38.340+0000] {logging_mixin.py:188} INFO - [2024-05-05T04:26:38.330+0000] {dag.py:3096} INFO - Sync 1 DAGs
[2024-05-05T04:26:39.387+0000] {logging_mixin.py:188} INFO - [2024-05-05T04:26:39.385+0000] {dag.py:3954} INFO - Setting next_dagrun for example_branch_labels to 2024-05-04 00:00:00+00:00, run_after=2024-05-05 00:00:00+00:00
[2024-05-05T04:26:40.224+0000] {processor.py:183} INFO - Processing /home/airflow/.local/lib/python3.12/site-packages/airflow/example_dags/example_branch_labels.py took 3.693 seconds
[2024-05-05T04:27:56.175+0000] {processor.py:161} INFO - Started process (PID=9705) to work on /home/airflow/.local/lib/python3.12/site-packages/airflow/example_dags/example_branch_labels.py
[2024-05-05T04:27:56.269+0000] {processor.py:830} INFO - Processing file /home/airflow/.local/lib/python3.12/site-packages/airflow/example_dags/example_branch_labels.py for tasks to queue
[2024-05-05T04:27:56.444+0000] {logging_mixin.py:188} INFO - [2024-05-05T04:27:56.334+0000] {dagbag.py:540} INFO - Filling up the DagBag from /home/airflow/.local/lib/python3.12/site-packages/airflow/example_dags/example_branch_labels.py
[2024-05-05T04:27:57.846+0000] {processor.py:840} INFO - DAG(s) 'example_branch_labels' retrieved from /home/airflow/.local/lib/python3.12/site-packages/airflow/example_dags/example_branch_labels.py
[2024-05-05T04:27:59.128+0000] {logging_mixin.py:188} INFO - [2024-05-05T04:27:59.126+0000] {dag.py:3096} INFO - Sync 1 DAGs
[2024-05-05T04:27:59.984+0000] {logging_mixin.py:188} INFO - [2024-05-05T04:27:59.971+0000] {dag.py:3954} INFO - Setting next_dagrun for example_branch_labels to 2024-05-04 00:00:00+00:00, run_after=2024-05-05 00:00:00+00:00
[2024-05-05T04:28:00.302+0000] {processor.py:183} INFO - Processing /home/airflow/.local/lib/python3.12/site-packages/airflow/example_dags/example_branch_labels.py took 5.066 seconds
[2024-05-05T04:29:14.400+0000] {processor.py:161} INFO - Started process (PID=9758) to work on /home/airflow/.local/lib/python3.12/site-packages/airflow/example_dags/example_branch_labels.py
[2024-05-05T04:29:14.421+0000] {processor.py:830} INFO - Processing file /home/airflow/.local/lib/python3.12/site-packages/airflow/example_dags/example_branch_labels.py for tasks to queue
[2024-05-05T04:29:14.447+0000] {logging_mixin.py:188} INFO - [2024-05-05T04:29:14.440+0000] {dagbag.py:540} INFO - Filling up the DagBag from /home/airflow/.local/lib/python3.12/site-packages/airflow/example_dags/example_branch_labels.py
[2024-05-05T04:29:14.939+0000] {processor.py:840} INFO - DAG(s) 'example_branch_labels' retrieved from /home/airflow/.local/lib/python3.12/site-packages/airflow/example_dags/example_branch_labels.py
[2024-05-05T04:29:15.781+0000] {logging_mixin.py:188} INFO - [2024-05-05T04:29:15.767+0000] {dag.py:3096} INFO - Sync 1 DAGs
[2024-05-05T04:29:16.461+0000] {logging_mixin.py:188} INFO - [2024-05-05T04:29:16.459+0000] {dag.py:3954} INFO - Setting next_dagrun for example_branch_labels to 2024-05-04 00:00:00+00:00, run_after=2024-05-05 00:00:00+00:00
[2024-05-05T04:29:17.711+0000] {processor.py:183} INFO - Processing /home/airflow/.local/lib/python3.12/site-packages/airflow/example_dags/example_branch_labels.py took 3.535 seconds
[2024-05-05T04:30:27.676+0000] {processor.py:161} INFO - Started process (PID=9808) to work on /home/airflow/.local/lib/python3.12/site-packages/airflow/example_dags/example_branch_labels.py
[2024-05-05T04:30:27.725+0000] {processor.py:830} INFO - Processing file /home/airflow/.local/lib/python3.12/site-packages/airflow/example_dags/example_branch_labels.py for tasks to queue
[2024-05-05T04:30:27.772+0000] {logging_mixin.py:188} INFO - [2024-05-05T04:30:27.753+0000] {dagbag.py:540} INFO - Filling up the DagBag from /home/airflow/.local/lib/python3.12/site-packages/airflow/example_dags/example_branch_labels.py
[2024-05-05T04:30:28.143+0000] {processor.py:840} INFO - DAG(s) 'example_branch_labels' retrieved from /home/airflow/.local/lib/python3.12/site-packages/airflow/example_dags/example_branch_labels.py
[2024-05-05T04:30:28.987+0000] {logging_mixin.py:188} INFO - [2024-05-05T04:30:28.983+0000] {dag.py:3096} INFO - Sync 1 DAGs
[2024-05-05T04:30:29.760+0000] {logging_mixin.py:188} INFO - [2024-05-05T04:30:29.758+0000] {dag.py:3954} INFO - Setting next_dagrun for example_branch_labels to 2024-05-04 00:00:00+00:00, run_after=2024-05-05 00:00:00+00:00
[2024-05-05T04:30:30.380+0000] {processor.py:183} INFO - Processing /home/airflow/.local/lib/python3.12/site-packages/airflow/example_dags/example_branch_labels.py took 2.991 seconds
[2024-05-05T04:31:48.462+0000] {processor.py:161} INFO - Started process (PID=9861) to work on /home/airflow/.local/lib/python3.12/site-packages/airflow/example_dags/example_branch_labels.py
[2024-05-05T04:31:48.486+0000] {processor.py:830} INFO - Processing file /home/airflow/.local/lib/python3.12/site-packages/airflow/example_dags/example_branch_labels.py for tasks to queue
[2024-05-05T04:31:48.533+0000] {logging_mixin.py:188} INFO - [2024-05-05T04:31:48.524+0000] {dagbag.py:540} INFO - Filling up the DagBag from /home/airflow/.local/lib/python3.12/site-packages/airflow/example_dags/example_branch_labels.py
[2024-05-05T04:31:48.990+0000] {processor.py:840} INFO - DAG(s) 'example_branch_labels' retrieved from /home/airflow/.local/lib/python3.12/site-packages/airflow/example_dags/example_branch_labels.py
[2024-05-05T04:31:49.774+0000] {logging_mixin.py:188} INFO - [2024-05-05T04:31:49.760+0000] {dag.py:3096} INFO - Sync 1 DAGs
[2024-05-05T04:31:50.369+0000] {logging_mixin.py:188} INFO - [2024-05-05T04:31:50.367+0000] {dag.py:3954} INFO - Setting next_dagrun for example_branch_labels to 2024-05-04 00:00:00+00:00, run_after=2024-05-05 00:00:00+00:00
[2024-05-05T04:31:50.824+0000] {processor.py:183} INFO - Processing /home/airflow/.local/lib/python3.12/site-packages/airflow/example_dags/example_branch_labels.py took 2.573 seconds
[2024-05-05T04:33:01.789+0000] {processor.py:161} INFO - Started process (PID=9912) to work on /home/airflow/.local/lib/python3.12/site-packages/airflow/example_dags/example_branch_labels.py
[2024-05-05T04:33:01.824+0000] {processor.py:830} INFO - Processing file /home/airflow/.local/lib/python3.12/site-packages/airflow/example_dags/example_branch_labels.py for tasks to queue
[2024-05-05T04:33:01.861+0000] {logging_mixin.py:188} INFO - [2024-05-05T04:33:01.846+0000] {dagbag.py:540} INFO - Filling up the DagBag from /home/airflow/.local/lib/python3.12/site-packages/airflow/example_dags/example_branch_labels.py
[2024-05-05T04:33:02.166+0000] {processor.py:840} INFO - DAG(s) 'example_branch_labels' retrieved from /home/airflow/.local/lib/python3.12/site-packages/airflow/example_dags/example_branch_labels.py
[2024-05-05T04:33:03.163+0000] {logging_mixin.py:188} INFO - [2024-05-05T04:33:03.161+0000] {dag.py:3096} INFO - Sync 1 DAGs
[2024-05-05T04:33:03.842+0000] {logging_mixin.py:188} INFO - [2024-05-05T04:33:03.841+0000] {dag.py:3954} INFO - Setting next_dagrun for example_branch_labels to 2024-05-04 00:00:00+00:00, run_after=2024-05-05 00:00:00+00:00
[2024-05-05T04:33:04.373+0000] {processor.py:183} INFO - Processing /home/airflow/.local/lib/python3.12/site-packages/airflow/example_dags/example_branch_labels.py took 2.731 seconds
[2024-05-05T04:34:39.359+0000] {processor.py:161} INFO - Started process (PID=9965) to work on /home/airflow/.local/lib/python3.12/site-packages/airflow/example_dags/example_branch_labels.py
[2024-05-05T04:34:39.397+0000] {processor.py:830} INFO - Processing file /home/airflow/.local/lib/python3.12/site-packages/airflow/example_dags/example_branch_labels.py for tasks to queue
[2024-05-05T04:34:39.430+0000] {logging_mixin.py:188} INFO - [2024-05-05T04:34:39.427+0000] {dagbag.py:540} INFO - Filling up the DagBag from /home/airflow/.local/lib/python3.12/site-packages/airflow/example_dags/example_branch_labels.py
[2024-05-05T04:34:39.825+0000] {processor.py:840} INFO - DAG(s) 'example_branch_labels' retrieved from /home/airflow/.local/lib/python3.12/site-packages/airflow/example_dags/example_branch_labels.py
[2024-05-05T04:34:40.589+0000] {logging_mixin.py:188} INFO - [2024-05-05T04:34:40.587+0000] {dag.py:3096} INFO - Sync 1 DAGs
[2024-05-05T04:34:41.381+0000] {logging_mixin.py:188} INFO - [2024-05-05T04:34:41.379+0000] {dag.py:3954} INFO - Setting next_dagrun for example_branch_labels to 2024-05-04 00:00:00+00:00, run_after=2024-05-05 00:00:00+00:00
[2024-05-05T04:34:41.678+0000] {processor.py:183} INFO - Processing /home/airflow/.local/lib/python3.12/site-packages/airflow/example_dags/example_branch_labels.py took 2.574 seconds
[2024-05-05T05:05:48.412+0000] {processor.py:161} INFO - Started process (PID=10015) to work on /home/airflow/.local/lib/python3.12/site-packages/airflow/example_dags/example_branch_labels.py
[2024-05-05T05:05:48.464+0000] {processor.py:830} INFO - Processing file /home/airflow/.local/lib/python3.12/site-packages/airflow/example_dags/example_branch_labels.py for tasks to queue
[2024-05-05T05:05:48.509+0000] {logging_mixin.py:188} INFO - [2024-05-05T05:05:48.488+0000] {dagbag.py:540} INFO - Filling up the DagBag from /home/airflow/.local/lib/python3.12/site-packages/airflow/example_dags/example_branch_labels.py
[2024-05-05T05:05:50.711+0000] {processor.py:840} INFO - DAG(s) 'example_branch_labels' retrieved from /home/airflow/.local/lib/python3.12/site-packages/airflow/example_dags/example_branch_labels.py
[2024-05-05T05:06:05.052+0000] {logging_mixin.py:188} INFO - [2024-05-05T05:06:02.083+0000] {dag.py:3096} INFO - Sync 1 DAGs
[2024-05-05T05:06:19.635+0000] {logging_mixin.py:188} INFO - [2024-05-05T05:06:19.461+0000] {dag.py:3954} INFO - Setting next_dagrun for example_branch_labels to 2024-05-04 00:00:00+00:00, run_after=2024-05-05 00:00:00+00:00
[2024-05-05T05:06:23.832+0000] {processor.py:183} INFO - Processing /home/airflow/.local/lib/python3.12/site-packages/airflow/example_dags/example_branch_labels.py took 35.692 seconds
[2024-05-05T06:47:16.650+0000] {processor.py:161} INFO - Started process (PID=10067) to work on /home/airflow/.local/lib/python3.12/site-packages/airflow/example_dags/example_branch_labels.py
[2024-05-05T06:47:16.659+0000] {processor.py:830} INFO - Processing file /home/airflow/.local/lib/python3.12/site-packages/airflow/example_dags/example_branch_labels.py for tasks to queue
[2024-05-05T06:47:16.670+0000] {logging_mixin.py:188} INFO - [2024-05-05T06:47:16.668+0000] {dagbag.py:540} INFO - Filling up the DagBag from /home/airflow/.local/lib/python3.12/site-packages/airflow/example_dags/example_branch_labels.py
[2024-05-05T06:47:16.886+0000] {processor.py:840} INFO - DAG(s) 'example_branch_labels' retrieved from /home/airflow/.local/lib/python3.12/site-packages/airflow/example_dags/example_branch_labels.py
[2024-05-05T06:47:17.618+0000] {logging_mixin.py:188} INFO - [2024-05-05T06:47:17.616+0000] {dag.py:3096} INFO - Sync 1 DAGs
[2024-05-05T06:47:18.228+0000] {logging_mixin.py:188} INFO - [2024-05-05T06:47:18.226+0000] {dag.py:3954} INFO - Setting next_dagrun for example_branch_labels to 2024-05-04 00:00:00+00:00, run_after=2024-05-05 00:00:00+00:00
[2024-05-05T06:47:18.959+0000] {processor.py:183} INFO - Processing /home/airflow/.local/lib/python3.12/site-packages/airflow/example_dags/example_branch_labels.py took 2.541 seconds
[2024-05-05T06:51:47.339+0000] {processor.py:161} INFO - Started process (PID=10155) to work on /home/airflow/.local/lib/python3.12/site-packages/airflow/example_dags/example_branch_labels.py
[2024-05-05T06:51:47.354+0000] {processor.py:830} INFO - Processing file /home/airflow/.local/lib/python3.12/site-packages/airflow/example_dags/example_branch_labels.py for tasks to queue
[2024-05-05T06:51:47.369+0000] {logging_mixin.py:188} INFO - [2024-05-05T06:51:47.364+0000] {dagbag.py:540} INFO - Filling up the DagBag from /home/airflow/.local/lib/python3.12/site-packages/airflow/example_dags/example_branch_labels.py
[2024-05-05T06:51:47.535+0000] {processor.py:840} INFO - DAG(s) 'example_branch_labels' retrieved from /home/airflow/.local/lib/python3.12/site-packages/airflow/example_dags/example_branch_labels.py
[2024-05-05T06:51:48.396+0000] {logging_mixin.py:188} INFO - [2024-05-05T06:51:48.394+0000] {dag.py:3096} INFO - Sync 1 DAGs
[2024-05-05T06:51:49.842+0000] {logging_mixin.py:188} INFO - [2024-05-05T06:51:49.815+0000] {dag.py:3954} INFO - Setting next_dagrun for example_branch_labels to 2024-05-04 00:00:00+00:00, run_after=2024-05-05 00:00:00+00:00
[2024-05-05T06:51:51.258+0000] {processor.py:183} INFO - Processing /home/airflow/.local/lib/python3.12/site-packages/airflow/example_dags/example_branch_labels.py took 4.011 seconds
[2024-05-05T13:47:47.754+0000] {processor.py:161} INFO - Started process (PID=10248) to work on /home/airflow/.local/lib/python3.12/site-packages/airflow/example_dags/example_branch_labels.py
[2024-05-05T13:47:47.879+0000] {processor.py:830} INFO - Processing file /home/airflow/.local/lib/python3.12/site-packages/airflow/example_dags/example_branch_labels.py for tasks to queue
[2024-05-05T13:47:47.910+0000] {logging_mixin.py:188} INFO - [2024-05-05T13:47:47.899+0000] {dagbag.py:540} INFO - Filling up the DagBag from /home/airflow/.local/lib/python3.12/site-packages/airflow/example_dags/example_branch_labels.py
[2024-05-05T13:47:48.178+0000] {processor.py:840} INFO - DAG(s) 'example_branch_labels' retrieved from /home/airflow/.local/lib/python3.12/site-packages/airflow/example_dags/example_branch_labels.py
[2024-05-05T13:47:49.493+0000] {logging_mixin.py:188} INFO - [2024-05-05T13:47:49.482+0000] {dag.py:3096} INFO - Sync 1 DAGs
[2024-05-05T13:47:51.145+0000] {logging_mixin.py:188} INFO - [2024-05-05T13:47:51.139+0000] {dag.py:3954} INFO - Setting next_dagrun for example_branch_labels to 2024-05-04 00:00:00+00:00, run_after=2024-05-05 00:00:00+00:00
[2024-05-05T13:47:52.000+0000] {processor.py:183} INFO - Processing /home/airflow/.local/lib/python3.12/site-packages/airflow/example_dags/example_branch_labels.py took 4.809 seconds
[2024-05-05T20:41:33.621+0000] {processor.py:161} INFO - Started process (PID=10330) to work on /home/airflow/.local/lib/python3.12/site-packages/airflow/example_dags/example_branch_labels.py
[2024-05-05T20:41:34.415+0000] {processor.py:830} INFO - Processing file /home/airflow/.local/lib/python3.12/site-packages/airflow/example_dags/example_branch_labels.py for tasks to queue
[2024-05-05T20:41:35.065+0000] {logging_mixin.py:188} INFO - [2024-05-05T20:41:34.846+0000] {dagbag.py:540} INFO - Filling up the DagBag from /home/airflow/.local/lib/python3.12/site-packages/airflow/example_dags/example_branch_labels.py
[2024-05-05T20:41:37.718+0000] {processor.py:840} INFO - DAG(s) 'example_branch_labels' retrieved from /home/airflow/.local/lib/python3.12/site-packages/airflow/example_dags/example_branch_labels.py
[2024-05-05T21:50:44.481+0000] {logging_mixin.py:188} INFO - [2024-05-05T21:50:44.334+0000] {dag.py:3096} INFO - Sync 1 DAGs
[2024-05-05T21:50:47.202+0000] {logging_mixin.py:188} INFO - [2024-05-05T21:50:47.140+0000] {dag.py:3954} INFO - Setting next_dagrun for example_branch_labels to 2024-05-04 00:00:00+00:00, run_after=2024-05-05 00:00:00+00:00
[2024-05-05T21:50:50.270+0000] {processor.py:183} INFO - Processing /home/airflow/.local/lib/python3.12/site-packages/airflow/example_dags/example_branch_labels.py took 77.179 seconds
