[2024-05-05T00:00:28.200+0000] {processor.py:161} INFO - Started process (PID=7562) to work on /home/airflow/.local/lib/python3.12/site-packages/airflow/example_dags/example_external_task_marker_dag.py
[2024-05-05T00:00:28.207+0000] {processor.py:830} INFO - Processing file /home/airflow/.local/lib/python3.12/site-packages/airflow/example_dags/example_external_task_marker_dag.py for tasks to queue
[2024-05-05T00:00:28.216+0000] {logging_mixin.py:188} INFO - [2024-05-05T00:00:28.214+0000] {dagbag.py:540} INFO - Filling up the DagBag from /home/airflow/.local/lib/python3.12/site-packages/airflow/example_dags/example_external_task_marker_dag.py
[2024-05-05T00:00:28.229+0000] {processor.py:840} INFO - DAG(s) 'example_external_task_marker_child', 'example_external_task_marker_parent' retrieved from /home/airflow/.local/lib/python3.12/site-packages/airflow/example_dags/example_external_task_marker_dag.py
[2024-05-05T00:00:28.278+0000] {logging_mixin.py:188} INFO - [2024-05-05T00:00:28.278+0000] {dag.py:3096} INFO - Sync 2 DAGs
[2024-05-05T00:00:28.299+0000] {logging_mixin.py:188} INFO - [2024-05-05T00:00:28.299+0000] {dag.py:3954} INFO - Setting next_dagrun for example_external_task_marker_child to None, run_after=None
[2024-05-05T00:00:28.309+0000] {logging_mixin.py:188} INFO - [2024-05-05T00:00:28.309+0000] {dag.py:3954} INFO - Setting next_dagrun for example_external_task_marker_parent to None, run_after=None
[2024-05-05T00:00:28.353+0000] {processor.py:183} INFO - Processing /home/airflow/.local/lib/python3.12/site-packages/airflow/example_dags/example_external_task_marker_dag.py took 0.168 seconds
[2024-05-05T00:00:58.711+0000] {processor.py:161} INFO - Started process (PID=7622) to work on /home/airflow/.local/lib/python3.12/site-packages/airflow/example_dags/example_external_task_marker_dag.py
[2024-05-05T00:00:58.714+0000] {processor.py:830} INFO - Processing file /home/airflow/.local/lib/python3.12/site-packages/airflow/example_dags/example_external_task_marker_dag.py for tasks to queue
[2024-05-05T00:00:58.718+0000] {logging_mixin.py:188} INFO - [2024-05-05T00:00:58.717+0000] {dagbag.py:540} INFO - Filling up the DagBag from /home/airflow/.local/lib/python3.12/site-packages/airflow/example_dags/example_external_task_marker_dag.py
[2024-05-05T00:00:58.735+0000] {processor.py:840} INFO - DAG(s) 'example_external_task_marker_parent', 'example_external_task_marker_child' retrieved from /home/airflow/.local/lib/python3.12/site-packages/airflow/example_dags/example_external_task_marker_dag.py
[2024-05-05T00:00:58.789+0000] {logging_mixin.py:188} INFO - [2024-05-05T00:00:58.789+0000] {dag.py:3096} INFO - Sync 2 DAGs
[2024-05-05T00:00:58.815+0000] {logging_mixin.py:188} INFO - [2024-05-05T00:00:58.814+0000] {dag.py:3954} INFO - Setting next_dagrun for example_external_task_marker_child to None, run_after=None
[2024-05-05T00:00:58.855+0000] {logging_mixin.py:188} INFO - [2024-05-05T00:00:58.854+0000] {dag.py:3954} INFO - Setting next_dagrun for example_external_task_marker_parent to None, run_after=None
[2024-05-05T00:00:58.892+0000] {processor.py:183} INFO - Processing /home/airflow/.local/lib/python3.12/site-packages/airflow/example_dags/example_external_task_marker_dag.py took 0.191 seconds
[2024-05-05T00:31:50.774+0000] {processor.py:161} INFO - Started process (PID=7688) to work on /home/airflow/.local/lib/python3.12/site-packages/airflow/example_dags/example_external_task_marker_dag.py
[2024-05-05T00:31:50.784+0000] {processor.py:830} INFO - Processing file /home/airflow/.local/lib/python3.12/site-packages/airflow/example_dags/example_external_task_marker_dag.py for tasks to queue
[2024-05-05T00:31:50.831+0000] {logging_mixin.py:188} INFO - [2024-05-05T00:31:50.800+0000] {dagbag.py:540} INFO - Filling up the DagBag from /home/airflow/.local/lib/python3.12/site-packages/airflow/example_dags/example_external_task_marker_dag.py
[2024-05-05T00:31:51.402+0000] {processor.py:840} INFO - DAG(s) 'example_external_task_marker_parent', 'example_external_task_marker_child' retrieved from /home/airflow/.local/lib/python3.12/site-packages/airflow/example_dags/example_external_task_marker_dag.py
[2024-05-05T00:31:53.677+0000] {logging_mixin.py:188} INFO - [2024-05-05T00:31:53.672+0000] {dag.py:3096} INFO - Sync 2 DAGs
[2024-05-05T00:31:54.949+0000] {logging_mixin.py:188} INFO - [2024-05-05T00:31:54.926+0000] {dag.py:3954} INFO - Setting next_dagrun for example_external_task_marker_child to None, run_after=None
[2024-05-05T00:31:55.287+0000] {logging_mixin.py:188} INFO - [2024-05-05T00:31:55.217+0000] {dag.py:3954} INFO - Setting next_dagrun for example_external_task_marker_parent to None, run_after=None
[2024-05-05T00:31:55.852+0000] {processor.py:183} INFO - Processing /home/airflow/.local/lib/python3.12/site-packages/airflow/example_dags/example_external_task_marker_dag.py took 5.878 seconds
[2024-05-05T00:33:44.700+0000] {processor.py:161} INFO - Started process (PID=7765) to work on /home/airflow/.local/lib/python3.12/site-packages/airflow/example_dags/example_external_task_marker_dag.py
[2024-05-05T00:33:44.705+0000] {processor.py:830} INFO - Processing file /home/airflow/.local/lib/python3.12/site-packages/airflow/example_dags/example_external_task_marker_dag.py for tasks to queue
[2024-05-05T00:33:44.712+0000] {logging_mixin.py:188} INFO - [2024-05-05T00:33:44.710+0000] {dagbag.py:540} INFO - Filling up the DagBag from /home/airflow/.local/lib/python3.12/site-packages/airflow/example_dags/example_external_task_marker_dag.py
[2024-05-05T00:33:44.752+0000] {processor.py:840} INFO - DAG(s) 'example_external_task_marker_child', 'example_external_task_marker_parent' retrieved from /home/airflow/.local/lib/python3.12/site-packages/airflow/example_dags/example_external_task_marker_dag.py
[2024-05-05T00:33:44.886+0000] {logging_mixin.py:188} INFO - [2024-05-05T00:33:44.885+0000] {dag.py:3096} INFO - Sync 2 DAGs
[2024-05-05T00:50:54.206+0000] {logging_mixin.py:188} INFO - [2024-05-05T00:50:54.206+0000] {dag.py:3954} INFO - Setting next_dagrun for example_external_task_marker_child to None, run_after=None
[2024-05-05T00:50:54.265+0000] {logging_mixin.py:188} INFO - [2024-05-05T00:50:54.264+0000] {dag.py:3954} INFO - Setting next_dagrun for example_external_task_marker_parent to None, run_after=None
[2024-05-05T00:50:54.351+0000] {processor.py:183} INFO - Processing /home/airflow/.local/lib/python3.12/site-packages/airflow/example_dags/example_external_task_marker_dag.py took 0.434 seconds
[2024-05-05T00:52:41.315+0000] {processor.py:161} INFO - Started process (PID=7848) to work on /home/airflow/.local/lib/python3.12/site-packages/airflow/example_dags/example_external_task_marker_dag.py
[2024-05-05T00:52:41.374+0000] {processor.py:830} INFO - Processing file /home/airflow/.local/lib/python3.12/site-packages/airflow/example_dags/example_external_task_marker_dag.py for tasks to queue
[2024-05-05T00:52:41.462+0000] {logging_mixin.py:188} INFO - [2024-05-05T00:52:41.412+0000] {dagbag.py:540} INFO - Filling up the DagBag from /home/airflow/.local/lib/python3.12/site-packages/airflow/example_dags/example_external_task_marker_dag.py
[2024-05-05T00:52:41.707+0000] {processor.py:840} INFO - DAG(s) 'example_external_task_marker_parent', 'example_external_task_marker_child' retrieved from /home/airflow/.local/lib/python3.12/site-packages/airflow/example_dags/example_external_task_marker_dag.py
[2024-05-05T00:52:42.618+0000] {logging_mixin.py:188} INFO - [2024-05-05T00:52:42.554+0000] {dag.py:3096} INFO - Sync 2 DAGs
[2024-05-05T00:52:43.580+0000] {logging_mixin.py:188} INFO - [2024-05-05T00:52:43.550+0000] {dag.py:3954} INFO - Setting next_dagrun for example_external_task_marker_child to None, run_after=None
[2024-05-05T00:52:43.745+0000] {logging_mixin.py:188} INFO - [2024-05-05T00:52:43.735+0000] {dag.py:3954} INFO - Setting next_dagrun for example_external_task_marker_parent to None, run_after=None
[2024-05-05T00:52:44.269+0000] {processor.py:183} INFO - Processing /home/airflow/.local/lib/python3.12/site-packages/airflow/example_dags/example_external_task_marker_dag.py took 3.543 seconds
[2024-05-05T00:53:22.531+0000] {processor.py:161} INFO - Started process (PID=7891) to work on /home/airflow/.local/lib/python3.12/site-packages/airflow/example_dags/example_external_task_marker_dag.py
[2024-05-05T00:53:22.535+0000] {processor.py:830} INFO - Processing file /home/airflow/.local/lib/python3.12/site-packages/airflow/example_dags/example_external_task_marker_dag.py for tasks to queue
[2024-05-05T00:53:22.538+0000] {logging_mixin.py:188} INFO - [2024-05-05T00:53:22.537+0000] {dagbag.py:540} INFO - Filling up the DagBag from /home/airflow/.local/lib/python3.12/site-packages/airflow/example_dags/example_external_task_marker_dag.py
[2024-05-05T00:53:22.558+0000] {processor.py:840} INFO - DAG(s) 'example_external_task_marker_parent', 'example_external_task_marker_child' retrieved from /home/airflow/.local/lib/python3.12/site-packages/airflow/example_dags/example_external_task_marker_dag.py
[2024-05-05T00:53:22.629+0000] {logging_mixin.py:188} INFO - [2024-05-05T00:53:22.628+0000] {dag.py:3096} INFO - Sync 2 DAGs
[2024-05-05T00:53:22.660+0000] {logging_mixin.py:188} INFO - [2024-05-05T00:53:22.659+0000] {dag.py:3954} INFO - Setting next_dagrun for example_external_task_marker_child to None, run_after=None
[2024-05-05T00:53:22.671+0000] {logging_mixin.py:188} INFO - [2024-05-05T00:53:22.671+0000] {dag.py:3954} INFO - Setting next_dagrun for example_external_task_marker_parent to None, run_after=None
[2024-05-05T00:53:22.707+0000] {processor.py:183} INFO - Processing /home/airflow/.local/lib/python3.12/site-packages/airflow/example_dags/example_external_task_marker_dag.py took 0.197 seconds
[2024-05-05T01:11:01.762+0000] {processor.py:161} INFO - Started process (PID=7932) to work on /home/airflow/.local/lib/python3.12/site-packages/airflow/example_dags/example_external_task_marker_dag.py
[2024-05-05T01:11:01.770+0000] {processor.py:830} INFO - Processing file /home/airflow/.local/lib/python3.12/site-packages/airflow/example_dags/example_external_task_marker_dag.py for tasks to queue
[2024-05-05T01:11:01.772+0000] {logging_mixin.py:188} INFO - [2024-05-05T01:11:01.772+0000] {dagbag.py:540} INFO - Filling up the DagBag from /home/airflow/.local/lib/python3.12/site-packages/airflow/example_dags/example_external_task_marker_dag.py
[2024-05-05T01:11:01.822+0000] {processor.py:840} INFO - DAG(s) 'example_external_task_marker_parent', 'example_external_task_marker_child' retrieved from /home/airflow/.local/lib/python3.12/site-packages/airflow/example_dags/example_external_task_marker_dag.py
[2024-05-05T01:11:01.990+0000] {logging_mixin.py:188} INFO - [2024-05-05T01:11:01.989+0000] {dag.py:3096} INFO - Sync 2 DAGs
[2024-05-05T01:11:02.086+0000] {logging_mixin.py:188} INFO - [2024-05-05T01:11:02.086+0000] {dag.py:3954} INFO - Setting next_dagrun for example_external_task_marker_child to None, run_after=None
[2024-05-05T01:11:02.109+0000] {logging_mixin.py:188} INFO - [2024-05-05T01:11:02.108+0000] {dag.py:3954} INFO - Setting next_dagrun for example_external_task_marker_parent to None, run_after=None
[2024-05-05T01:11:02.227+0000] {processor.py:183} INFO - Processing /home/airflow/.local/lib/python3.12/site-packages/airflow/example_dags/example_external_task_marker_dag.py took 0.517 seconds
[2024-05-05T01:29:22.173+0000] {processor.py:161} INFO - Started process (PID=7978) to work on /home/airflow/.local/lib/python3.12/site-packages/airflow/example_dags/example_external_task_marker_dag.py
[2024-05-05T01:29:22.199+0000] {processor.py:830} INFO - Processing file /home/airflow/.local/lib/python3.12/site-packages/airflow/example_dags/example_external_task_marker_dag.py for tasks to queue
[2024-05-05T01:29:22.234+0000] {logging_mixin.py:188} INFO - [2024-05-05T01:29:22.212+0000] {dagbag.py:540} INFO - Filling up the DagBag from /home/airflow/.local/lib/python3.12/site-packages/airflow/example_dags/example_external_task_marker_dag.py
[2024-05-05T01:29:22.503+0000] {processor.py:840} INFO - DAG(s) 'example_external_task_marker_parent', 'example_external_task_marker_child' retrieved from /home/airflow/.local/lib/python3.12/site-packages/airflow/example_dags/example_external_task_marker_dag.py
[2024-05-05T01:29:23.625+0000] {logging_mixin.py:188} INFO - [2024-05-05T01:29:23.608+0000] {dag.py:3096} INFO - Sync 2 DAGs
[2024-05-05T01:44:59.162+0000] {logging_mixin.py:188} INFO - [2024-05-05T01:44:59.162+0000] {dag.py:3954} INFO - Setting next_dagrun for example_external_task_marker_child to None, run_after=None
[2024-05-05T01:44:59.508+0000] {logging_mixin.py:188} INFO - [2024-05-05T01:44:59.508+0000] {dag.py:3954} INFO - Setting next_dagrun for example_external_task_marker_parent to None, run_after=None
[2024-05-05T01:44:59.598+0000] {processor.py:183} INFO - Processing /home/airflow/.local/lib/python3.12/site-packages/airflow/example_dags/example_external_task_marker_dag.py took 5.041 seconds
[2024-05-05T01:45:42.349+0000] {processor.py:161} INFO - Started process (PID=8036) to work on /home/airflow/.local/lib/python3.12/site-packages/airflow/example_dags/example_external_task_marker_dag.py
[2024-05-05T01:45:42.386+0000] {processor.py:830} INFO - Processing file /home/airflow/.local/lib/python3.12/site-packages/airflow/example_dags/example_external_task_marker_dag.py for tasks to queue
[2024-05-05T01:45:42.435+0000] {logging_mixin.py:188} INFO - [2024-05-05T01:45:42.426+0000] {dagbag.py:540} INFO - Filling up the DagBag from /home/airflow/.local/lib/python3.12/site-packages/airflow/example_dags/example_external_task_marker_dag.py
[2024-05-05T01:45:42.608+0000] {processor.py:840} INFO - DAG(s) 'example_external_task_marker_child', 'example_external_task_marker_parent' retrieved from /home/airflow/.local/lib/python3.12/site-packages/airflow/example_dags/example_external_task_marker_dag.py
[2024-05-05T01:45:43.200+0000] {logging_mixin.py:188} INFO - [2024-05-05T01:45:43.198+0000] {dag.py:3096} INFO - Sync 2 DAGs
[2024-05-05T01:45:43.506+0000] {logging_mixin.py:188} INFO - [2024-05-05T01:45:43.499+0000] {dag.py:3954} INFO - Setting next_dagrun for example_external_task_marker_child to None, run_after=None
[2024-05-05T01:45:43.615+0000] {logging_mixin.py:188} INFO - [2024-05-05T01:45:43.595+0000] {dag.py:3954} INFO - Setting next_dagrun for example_external_task_marker_parent to None, run_after=None
[2024-05-05T01:45:44.437+0000] {processor.py:183} INFO - Processing /home/airflow/.local/lib/python3.12/site-packages/airflow/example_dags/example_external_task_marker_dag.py took 2.273 seconds
[2024-05-05T02:03:12.800+0000] {processor.py:161} INFO - Started process (PID=8083) to work on /home/airflow/.local/lib/python3.12/site-packages/airflow/example_dags/example_external_task_marker_dag.py
[2024-05-05T02:03:12.830+0000] {processor.py:830} INFO - Processing file /home/airflow/.local/lib/python3.12/site-packages/airflow/example_dags/example_external_task_marker_dag.py for tasks to queue
[2024-05-05T02:03:12.889+0000] {logging_mixin.py:188} INFO - [2024-05-05T02:03:12.886+0000] {dagbag.py:540} INFO - Filling up the DagBag from /home/airflow/.local/lib/python3.12/site-packages/airflow/example_dags/example_external_task_marker_dag.py
[2024-05-05T02:03:13.203+0000] {processor.py:840} INFO - DAG(s) 'example_external_task_marker_child', 'example_external_task_marker_parent' retrieved from /home/airflow/.local/lib/python3.12/site-packages/airflow/example_dags/example_external_task_marker_dag.py
[2024-05-05T02:03:13.475+0000] {logging_mixin.py:188} INFO - [2024-05-05T02:03:13.474+0000] {dag.py:3096} INFO - Sync 2 DAGs
[2024-05-05T02:03:13.591+0000] {logging_mixin.py:188} INFO - [2024-05-05T02:03:13.590+0000] {dag.py:3954} INFO - Setting next_dagrun for example_external_task_marker_child to None, run_after=None
[2024-05-05T02:03:13.619+0000] {logging_mixin.py:188} INFO - [2024-05-05T02:03:13.618+0000] {dag.py:3954} INFO - Setting next_dagrun for example_external_task_marker_parent to None, run_after=None
[2024-05-05T02:03:13.739+0000] {processor.py:183} INFO - Processing /home/airflow/.local/lib/python3.12/site-packages/airflow/example_dags/example_external_task_marker_dag.py took 1.095 seconds
[2024-05-05T02:04:11.723+0000] {processor.py:161} INFO - Started process (PID=8132) to work on /home/airflow/.local/lib/python3.12/site-packages/airflow/example_dags/example_external_task_marker_dag.py
[2024-05-05T02:04:11.789+0000] {processor.py:830} INFO - Processing file /home/airflow/.local/lib/python3.12/site-packages/airflow/example_dags/example_external_task_marker_dag.py for tasks to queue
[2024-05-05T02:04:11.807+0000] {logging_mixin.py:188} INFO - [2024-05-05T02:04:11.805+0000] {dagbag.py:540} INFO - Filling up the DagBag from /home/airflow/.local/lib/python3.12/site-packages/airflow/example_dags/example_external_task_marker_dag.py
[2024-05-05T02:04:11.955+0000] {processor.py:840} INFO - DAG(s) 'example_external_task_marker_child', 'example_external_task_marker_parent' retrieved from /home/airflow/.local/lib/python3.12/site-packages/airflow/example_dags/example_external_task_marker_dag.py
[2024-05-05T02:04:12.556+0000] {logging_mixin.py:188} INFO - [2024-05-05T02:04:12.555+0000] {dag.py:3096} INFO - Sync 2 DAGs
[2024-05-05T02:04:12.793+0000] {logging_mixin.py:188} INFO - [2024-05-05T02:04:12.790+0000] {dag.py:3954} INFO - Setting next_dagrun for example_external_task_marker_child to None, run_after=None
[2024-05-05T02:04:12.899+0000] {logging_mixin.py:188} INFO - [2024-05-05T02:04:12.886+0000] {dag.py:3954} INFO - Setting next_dagrun for example_external_task_marker_parent to None, run_after=None
[2024-05-05T02:04:13.246+0000] {processor.py:183} INFO - Processing /home/airflow/.local/lib/python3.12/site-packages/airflow/example_dags/example_external_task_marker_dag.py took 1.747 seconds
[2024-05-05T02:04:55.008+0000] {processor.py:161} INFO - Started process (PID=8191) to work on /home/airflow/.local/lib/python3.12/site-packages/airflow/example_dags/example_external_task_marker_dag.py
[2024-05-05T02:04:55.010+0000] {processor.py:830} INFO - Processing file /home/airflow/.local/lib/python3.12/site-packages/airflow/example_dags/example_external_task_marker_dag.py for tasks to queue
[2024-05-05T02:04:55.013+0000] {logging_mixin.py:188} INFO - [2024-05-05T02:04:55.012+0000] {dagbag.py:540} INFO - Filling up the DagBag from /home/airflow/.local/lib/python3.12/site-packages/airflow/example_dags/example_external_task_marker_dag.py
[2024-05-05T02:04:55.023+0000] {processor.py:840} INFO - DAG(s) 'example_external_task_marker_parent', 'example_external_task_marker_child' retrieved from /home/airflow/.local/lib/python3.12/site-packages/airflow/example_dags/example_external_task_marker_dag.py
[2024-05-05T02:04:55.066+0000] {logging_mixin.py:188} INFO - [2024-05-05T02:04:55.066+0000] {dag.py:3096} INFO - Sync 2 DAGs
[2024-05-05T02:04:55.087+0000] {logging_mixin.py:188} INFO - [2024-05-05T02:04:55.086+0000] {dag.py:3954} INFO - Setting next_dagrun for example_external_task_marker_child to None, run_after=None
[2024-05-05T02:04:55.094+0000] {logging_mixin.py:188} INFO - [2024-05-05T02:04:55.094+0000] {dag.py:3954} INFO - Setting next_dagrun for example_external_task_marker_parent to None, run_after=None
[2024-05-05T02:04:55.128+0000] {processor.py:183} INFO - Processing /home/airflow/.local/lib/python3.12/site-packages/airflow/example_dags/example_external_task_marker_dag.py took 0.129 seconds
[2024-05-05T03:14:54.260+0000] {processor.py:161} INFO - Started process (PID=8222) to work on /home/airflow/.local/lib/python3.12/site-packages/airflow/example_dags/example_external_task_marker_dag.py
[2024-05-05T03:14:54.342+0000] {processor.py:830} INFO - Processing file /home/airflow/.local/lib/python3.12/site-packages/airflow/example_dags/example_external_task_marker_dag.py for tasks to queue
[2024-05-05T03:14:54.368+0000] {logging_mixin.py:188} INFO - [2024-05-05T03:14:54.365+0000] {dagbag.py:540} INFO - Filling up the DagBag from /home/airflow/.local/lib/python3.12/site-packages/airflow/example_dags/example_external_task_marker_dag.py
[2024-05-05T03:14:54.439+0000] {processor.py:840} INFO - DAG(s) 'example_external_task_marker_child', 'example_external_task_marker_parent' retrieved from /home/airflow/.local/lib/python3.12/site-packages/airflow/example_dags/example_external_task_marker_dag.py
[2024-05-05T03:14:54.907+0000] {logging_mixin.py:188} INFO - [2024-05-05T03:14:54.905+0000] {dag.py:3096} INFO - Sync 2 DAGs
[2024-05-05T03:14:55.459+0000] {logging_mixin.py:188} INFO - [2024-05-05T03:14:55.457+0000] {dag.py:3954} INFO - Setting next_dagrun for example_external_task_marker_child to None, run_after=None
[2024-05-05T03:14:55.506+0000] {logging_mixin.py:188} INFO - [2024-05-05T03:14:55.497+0000] {dag.py:3954} INFO - Setting next_dagrun for example_external_task_marker_parent to None, run_after=None
[2024-05-05T03:14:55.812+0000] {processor.py:183} INFO - Processing /home/airflow/.local/lib/python3.12/site-packages/airflow/example_dags/example_external_task_marker_dag.py took 1.653 seconds
[2024-05-05T03:15:30.270+0000] {processor.py:161} INFO - Started process (PID=8280) to work on /home/airflow/.local/lib/python3.12/site-packages/airflow/example_dags/example_external_task_marker_dag.py
[2024-05-05T03:15:30.272+0000] {processor.py:830} INFO - Processing file /home/airflow/.local/lib/python3.12/site-packages/airflow/example_dags/example_external_task_marker_dag.py for tasks to queue
[2024-05-05T03:15:30.276+0000] {logging_mixin.py:188} INFO - [2024-05-05T03:15:30.274+0000] {dagbag.py:540} INFO - Filling up the DagBag from /home/airflow/.local/lib/python3.12/site-packages/airflow/example_dags/example_external_task_marker_dag.py
[2024-05-05T03:15:30.289+0000] {processor.py:840} INFO - DAG(s) 'example_external_task_marker_child', 'example_external_task_marker_parent' retrieved from /home/airflow/.local/lib/python3.12/site-packages/airflow/example_dags/example_external_task_marker_dag.py
[2024-05-05T03:15:30.329+0000] {logging_mixin.py:188} INFO - [2024-05-05T03:15:30.329+0000] {dag.py:3096} INFO - Sync 2 DAGs
[2024-05-05T03:15:30.356+0000] {logging_mixin.py:188} INFO - [2024-05-05T03:15:30.355+0000] {dag.py:3954} INFO - Setting next_dagrun for example_external_task_marker_child to None, run_after=None
[2024-05-05T03:15:30.369+0000] {logging_mixin.py:188} INFO - [2024-05-05T03:15:30.369+0000] {dag.py:3954} INFO - Setting next_dagrun for example_external_task_marker_parent to None, run_after=None
[2024-05-05T03:15:30.396+0000] {processor.py:183} INFO - Processing /home/airflow/.local/lib/python3.12/site-packages/airflow/example_dags/example_external_task_marker_dag.py took 0.141 seconds
[2024-05-05T03:48:45.720+0000] {processor.py:161} INFO - Started process (PID=8312) to work on /home/airflow/.local/lib/python3.12/site-packages/airflow/example_dags/example_external_task_marker_dag.py
[2024-05-05T03:48:45.726+0000] {processor.py:830} INFO - Processing file /home/airflow/.local/lib/python3.12/site-packages/airflow/example_dags/example_external_task_marker_dag.py for tasks to queue
[2024-05-05T03:48:45.744+0000] {logging_mixin.py:188} INFO - [2024-05-05T03:48:45.742+0000] {dagbag.py:540} INFO - Filling up the DagBag from /home/airflow/.local/lib/python3.12/site-packages/airflow/example_dags/example_external_task_marker_dag.py
[2024-05-05T03:48:45.853+0000] {processor.py:840} INFO - DAG(s) 'example_external_task_marker_child', 'example_external_task_marker_parent' retrieved from /home/airflow/.local/lib/python3.12/site-packages/airflow/example_dags/example_external_task_marker_dag.py
[2024-05-05T03:48:46.220+0000] {logging_mixin.py:188} INFO - [2024-05-05T03:48:46.219+0000] {dag.py:3096} INFO - Sync 2 DAGs
[2024-05-05T03:48:46.432+0000] {logging_mixin.py:188} INFO - [2024-05-05T03:48:46.421+0000] {dag.py:3954} INFO - Setting next_dagrun for example_external_task_marker_child to None, run_after=None
[2024-05-05T03:48:46.535+0000] {logging_mixin.py:188} INFO - [2024-05-05T03:48:46.522+0000] {dag.py:3954} INFO - Setting next_dagrun for example_external_task_marker_parent to None, run_after=None
[2024-05-05T03:48:46.757+0000] {processor.py:183} INFO - Processing /home/airflow/.local/lib/python3.12/site-packages/airflow/example_dags/example_external_task_marker_dag.py took 1.191 seconds
[2024-05-05T04:00:22.753+0000] {processor.py:161} INFO - Started process (PID=8368) to work on /home/airflow/.local/lib/python3.12/site-packages/airflow/example_dags/example_external_task_marker_dag.py
[2024-05-05T04:00:22.775+0000] {processor.py:830} INFO - Processing file /home/airflow/.local/lib/python3.12/site-packages/airflow/example_dags/example_external_task_marker_dag.py for tasks to queue
[2024-05-05T04:00:22.844+0000] {logging_mixin.py:188} INFO - [2024-05-05T04:00:22.841+0000] {dagbag.py:540} INFO - Filling up the DagBag from /home/airflow/.local/lib/python3.12/site-packages/airflow/example_dags/example_external_task_marker_dag.py
[2024-05-05T04:00:22.951+0000] {processor.py:840} INFO - DAG(s) 'example_external_task_marker_parent', 'example_external_task_marker_child' retrieved from /home/airflow/.local/lib/python3.12/site-packages/airflow/example_dags/example_external_task_marker_dag.py
[2024-05-05T04:00:23.206+0000] {logging_mixin.py:188} INFO - [2024-05-05T04:00:23.204+0000] {dag.py:3096} INFO - Sync 2 DAGs
[2024-05-05T04:00:23.351+0000] {logging_mixin.py:188} INFO - [2024-05-05T04:00:23.350+0000] {dag.py:3954} INFO - Setting next_dagrun for example_external_task_marker_child to None, run_after=None
[2024-05-05T04:00:23.398+0000] {logging_mixin.py:188} INFO - [2024-05-05T04:00:23.396+0000] {dag.py:3954} INFO - Setting next_dagrun for example_external_task_marker_parent to None, run_after=None
[2024-05-05T04:00:23.655+0000] {processor.py:183} INFO - Processing /home/airflow/.local/lib/python3.12/site-packages/airflow/example_dags/example_external_task_marker_dag.py took 0.962 seconds
[2024-05-05T04:01:24.608+0000] {processor.py:161} INFO - Started process (PID=8428) to work on /home/airflow/.local/lib/python3.12/site-packages/airflow/example_dags/example_external_task_marker_dag.py
[2024-05-05T04:01:24.625+0000] {processor.py:830} INFO - Processing file /home/airflow/.local/lib/python3.12/site-packages/airflow/example_dags/example_external_task_marker_dag.py for tasks to queue
[2024-05-05T04:01:24.642+0000] {logging_mixin.py:188} INFO - [2024-05-05T04:01:24.640+0000] {dagbag.py:540} INFO - Filling up the DagBag from /home/airflow/.local/lib/python3.12/site-packages/airflow/example_dags/example_external_task_marker_dag.py
[2024-05-05T04:01:24.752+0000] {processor.py:840} INFO - DAG(s) 'example_external_task_marker_parent', 'example_external_task_marker_child' retrieved from /home/airflow/.local/lib/python3.12/site-packages/airflow/example_dags/example_external_task_marker_dag.py
[2024-05-05T04:01:25.193+0000] {logging_mixin.py:188} INFO - [2024-05-05T04:01:25.192+0000] {dag.py:3096} INFO - Sync 2 DAGs
[2024-05-05T04:01:25.527+0000] {logging_mixin.py:188} INFO - [2024-05-05T04:01:25.526+0000] {dag.py:3954} INFO - Setting next_dagrun for example_external_task_marker_child to None, run_after=None
[2024-05-05T04:01:25.554+0000] {logging_mixin.py:188} INFO - [2024-05-05T04:01:25.553+0000] {dag.py:3954} INFO - Setting next_dagrun for example_external_task_marker_parent to None, run_after=None
[2024-05-05T04:01:25.705+0000] {processor.py:183} INFO - Processing /home/airflow/.local/lib/python3.12/site-packages/airflow/example_dags/example_external_task_marker_dag.py took 1.191 seconds
[2024-05-05T04:02:03.617+0000] {processor.py:161} INFO - Started process (PID=8488) to work on /home/airflow/.local/lib/python3.12/site-packages/airflow/example_dags/example_external_task_marker_dag.py
[2024-05-05T04:02:03.632+0000] {processor.py:830} INFO - Processing file /home/airflow/.local/lib/python3.12/site-packages/airflow/example_dags/example_external_task_marker_dag.py for tasks to queue
[2024-05-05T04:02:03.653+0000] {logging_mixin.py:188} INFO - [2024-05-05T04:02:03.650+0000] {dagbag.py:540} INFO - Filling up the DagBag from /home/airflow/.local/lib/python3.12/site-packages/airflow/example_dags/example_external_task_marker_dag.py
[2024-05-05T04:02:03.691+0000] {processor.py:840} INFO - DAG(s) 'example_external_task_marker_parent', 'example_external_task_marker_child' retrieved from /home/airflow/.local/lib/python3.12/site-packages/airflow/example_dags/example_external_task_marker_dag.py
[2024-05-05T04:02:03.865+0000] {logging_mixin.py:188} INFO - [2024-05-05T04:02:03.865+0000] {dag.py:3096} INFO - Sync 2 DAGs
[2024-05-05T04:02:03.938+0000] {logging_mixin.py:188} INFO - [2024-05-05T04:02:03.937+0000] {dag.py:3954} INFO - Setting next_dagrun for example_external_task_marker_child to None, run_after=None
[2024-05-05T04:02:03.939+0000] {logging_mixin.py:188} INFO - [2024-05-05T04:02:03.938+0000] {dag.py:3954} INFO - Setting next_dagrun for example_external_task_marker_parent to None, run_after=None
[2024-05-05T04:02:04.048+0000] {processor.py:183} INFO - Processing /home/airflow/.local/lib/python3.12/site-packages/airflow/example_dags/example_external_task_marker_dag.py took 0.519 seconds
[2024-05-05T04:02:38.312+0000] {processor.py:161} INFO - Started process (PID=8540) to work on /home/airflow/.local/lib/python3.12/site-packages/airflow/example_dags/example_external_task_marker_dag.py
[2024-05-05T04:02:38.319+0000] {processor.py:830} INFO - Processing file /home/airflow/.local/lib/python3.12/site-packages/airflow/example_dags/example_external_task_marker_dag.py for tasks to queue
[2024-05-05T04:02:38.325+0000] {logging_mixin.py:188} INFO - [2024-05-05T04:02:38.323+0000] {dagbag.py:540} INFO - Filling up the DagBag from /home/airflow/.local/lib/python3.12/site-packages/airflow/example_dags/example_external_task_marker_dag.py
[2024-05-05T04:02:38.357+0000] {processor.py:840} INFO - DAG(s) 'example_external_task_marker_child', 'example_external_task_marker_parent' retrieved from /home/airflow/.local/lib/python3.12/site-packages/airflow/example_dags/example_external_task_marker_dag.py
[2024-05-05T04:02:38.567+0000] {logging_mixin.py:188} INFO - [2024-05-05T04:02:38.565+0000] {dag.py:3096} INFO - Sync 2 DAGs
[2024-05-05T04:02:38.761+0000] {logging_mixin.py:188} INFO - [2024-05-05T04:02:38.760+0000] {dag.py:3954} INFO - Setting next_dagrun for example_external_task_marker_child to None, run_after=None
[2024-05-05T04:02:38.841+0000] {logging_mixin.py:188} INFO - [2024-05-05T04:02:38.838+0000] {dag.py:3954} INFO - Setting next_dagrun for example_external_task_marker_parent to None, run_after=None
[2024-05-05T04:02:39.335+0000] {processor.py:183} INFO - Processing /home/airflow/.local/lib/python3.12/site-packages/airflow/example_dags/example_external_task_marker_dag.py took 1.053 seconds
[2024-05-05T04:03:16.830+0000] {processor.py:161} INFO - Started process (PID=8604) to work on /home/airflow/.local/lib/python3.12/site-packages/airflow/example_dags/example_external_task_marker_dag.py
[2024-05-05T04:03:16.865+0000] {processor.py:830} INFO - Processing file /home/airflow/.local/lib/python3.12/site-packages/airflow/example_dags/example_external_task_marker_dag.py for tasks to queue
[2024-05-05T04:03:16.871+0000] {logging_mixin.py:188} INFO - [2024-05-05T04:03:16.870+0000] {dagbag.py:540} INFO - Filling up the DagBag from /home/airflow/.local/lib/python3.12/site-packages/airflow/example_dags/example_external_task_marker_dag.py
[2024-05-05T04:03:16.928+0000] {processor.py:840} INFO - DAG(s) 'example_external_task_marker_parent', 'example_external_task_marker_child' retrieved from /home/airflow/.local/lib/python3.12/site-packages/airflow/example_dags/example_external_task_marker_dag.py
[2024-05-05T04:03:17.060+0000] {logging_mixin.py:188} INFO - [2024-05-05T04:03:17.059+0000] {dag.py:3096} INFO - Sync 2 DAGs
[2024-05-05T04:03:17.149+0000] {logging_mixin.py:188} INFO - [2024-05-05T04:03:17.148+0000] {dag.py:3954} INFO - Setting next_dagrun for example_external_task_marker_child to None, run_after=None
[2024-05-05T04:03:17.179+0000] {logging_mixin.py:188} INFO - [2024-05-05T04:03:17.178+0000] {dag.py:3954} INFO - Setting next_dagrun for example_external_task_marker_parent to None, run_after=None
[2024-05-05T04:03:17.304+0000] {processor.py:183} INFO - Processing /home/airflow/.local/lib/python3.12/site-packages/airflow/example_dags/example_external_task_marker_dag.py took 0.522 seconds
[2024-05-05T04:03:56.882+0000] {processor.py:161} INFO - Started process (PID=8660) to work on /home/airflow/.local/lib/python3.12/site-packages/airflow/example_dags/example_external_task_marker_dag.py
[2024-05-05T04:03:56.906+0000] {processor.py:830} INFO - Processing file /home/airflow/.local/lib/python3.12/site-packages/airflow/example_dags/example_external_task_marker_dag.py for tasks to queue
[2024-05-05T04:03:56.930+0000] {logging_mixin.py:188} INFO - [2024-05-05T04:03:56.927+0000] {dagbag.py:540} INFO - Filling up the DagBag from /home/airflow/.local/lib/python3.12/site-packages/airflow/example_dags/example_external_task_marker_dag.py
[2024-05-05T04:03:56.997+0000] {processor.py:840} INFO - DAG(s) 'example_external_task_marker_child', 'example_external_task_marker_parent' retrieved from /home/airflow/.local/lib/python3.12/site-packages/airflow/example_dags/example_external_task_marker_dag.py
[2024-05-05T04:03:57.240+0000] {logging_mixin.py:188} INFO - [2024-05-05T04:03:57.239+0000] {dag.py:3096} INFO - Sync 2 DAGs
[2024-05-05T04:03:57.361+0000] {logging_mixin.py:188} INFO - [2024-05-05T04:03:57.360+0000] {dag.py:3954} INFO - Setting next_dagrun for example_external_task_marker_child to None, run_after=None
[2024-05-05T04:03:57.411+0000] {logging_mixin.py:188} INFO - [2024-05-05T04:03:57.410+0000] {dag.py:3954} INFO - Setting next_dagrun for example_external_task_marker_parent to None, run_after=None
[2024-05-05T04:03:57.567+0000] {processor.py:183} INFO - Processing /home/airflow/.local/lib/python3.12/site-packages/airflow/example_dags/example_external_task_marker_dag.py took 0.789 seconds
[2024-05-05T04:04:35.360+0000] {processor.py:161} INFO - Started process (PID=8719) to work on /home/airflow/.local/lib/python3.12/site-packages/airflow/example_dags/example_external_task_marker_dag.py
[2024-05-05T04:04:35.373+0000] {processor.py:830} INFO - Processing file /home/airflow/.local/lib/python3.12/site-packages/airflow/example_dags/example_external_task_marker_dag.py for tasks to queue
[2024-05-05T04:04:35.380+0000] {logging_mixin.py:188} INFO - [2024-05-05T04:04:35.378+0000] {dagbag.py:540} INFO - Filling up the DagBag from /home/airflow/.local/lib/python3.12/site-packages/airflow/example_dags/example_external_task_marker_dag.py
[2024-05-05T04:04:35.450+0000] {processor.py:840} INFO - DAG(s) 'example_external_task_marker_parent', 'example_external_task_marker_child' retrieved from /home/airflow/.local/lib/python3.12/site-packages/airflow/example_dags/example_external_task_marker_dag.py
[2024-05-05T04:04:35.803+0000] {logging_mixin.py:188} INFO - [2024-05-05T04:04:35.802+0000] {dag.py:3096} INFO - Sync 2 DAGs
[2024-05-05T04:04:36.028+0000] {logging_mixin.py:188} INFO - [2024-05-05T04:04:36.001+0000] {dag.py:3954} INFO - Setting next_dagrun for example_external_task_marker_child to None, run_after=None
[2024-05-05T04:04:36.139+0000] {logging_mixin.py:188} INFO - [2024-05-05T04:04:36.129+0000] {dag.py:3954} INFO - Setting next_dagrun for example_external_task_marker_parent to None, run_after=None
[2024-05-05T04:04:36.361+0000] {processor.py:183} INFO - Processing /home/airflow/.local/lib/python3.12/site-packages/airflow/example_dags/example_external_task_marker_dag.py took 1.148 seconds
[2024-05-05T04:05:20.078+0000] {processor.py:161} INFO - Started process (PID=8783) to work on /home/airflow/.local/lib/python3.12/site-packages/airflow/example_dags/example_external_task_marker_dag.py
[2024-05-05T04:05:20.107+0000] {processor.py:830} INFO - Processing file /home/airflow/.local/lib/python3.12/site-packages/airflow/example_dags/example_external_task_marker_dag.py for tasks to queue
[2024-05-05T04:05:20.125+0000] {logging_mixin.py:188} INFO - [2024-05-05T04:05:20.123+0000] {dagbag.py:540} INFO - Filling up the DagBag from /home/airflow/.local/lib/python3.12/site-packages/airflow/example_dags/example_external_task_marker_dag.py
[2024-05-05T04:05:20.204+0000] {processor.py:840} INFO - DAG(s) 'example_external_task_marker_parent', 'example_external_task_marker_child' retrieved from /home/airflow/.local/lib/python3.12/site-packages/airflow/example_dags/example_external_task_marker_dag.py
[2024-05-05T04:05:20.384+0000] {logging_mixin.py:188} INFO - [2024-05-05T04:05:20.383+0000] {dag.py:3096} INFO - Sync 2 DAGs
[2024-05-05T04:05:20.574+0000] {logging_mixin.py:188} INFO - [2024-05-05T04:05:20.573+0000] {dag.py:3954} INFO - Setting next_dagrun for example_external_task_marker_child to None, run_after=None
[2024-05-05T04:05:20.648+0000] {logging_mixin.py:188} INFO - [2024-05-05T04:05:20.647+0000] {dag.py:3954} INFO - Setting next_dagrun for example_external_task_marker_parent to None, run_after=None
[2024-05-05T04:05:20.733+0000] {processor.py:183} INFO - Processing /home/airflow/.local/lib/python3.12/site-packages/airflow/example_dags/example_external_task_marker_dag.py took 0.733 seconds
[2024-05-05T04:06:02.819+0000] {processor.py:161} INFO - Started process (PID=8837) to work on /home/airflow/.local/lib/python3.12/site-packages/airflow/example_dags/example_external_task_marker_dag.py
[2024-05-05T04:06:02.857+0000] {processor.py:830} INFO - Processing file /home/airflow/.local/lib/python3.12/site-packages/airflow/example_dags/example_external_task_marker_dag.py for tasks to queue
[2024-05-05T04:06:02.882+0000] {logging_mixin.py:188} INFO - [2024-05-05T04:06:02.876+0000] {dagbag.py:540} INFO - Filling up the DagBag from /home/airflow/.local/lib/python3.12/site-packages/airflow/example_dags/example_external_task_marker_dag.py
[2024-05-05T04:06:03.070+0000] {processor.py:840} INFO - DAG(s) 'example_external_task_marker_parent', 'example_external_task_marker_child' retrieved from /home/airflow/.local/lib/python3.12/site-packages/airflow/example_dags/example_external_task_marker_dag.py
[2024-05-05T04:06:03.442+0000] {logging_mixin.py:188} INFO - [2024-05-05T04:06:03.440+0000] {dag.py:3096} INFO - Sync 2 DAGs
[2024-05-05T04:06:03.869+0000] {logging_mixin.py:188} INFO - [2024-05-05T04:06:03.849+0000] {dag.py:3954} INFO - Setting next_dagrun for example_external_task_marker_child to None, run_after=None
[2024-05-05T04:06:03.932+0000] {logging_mixin.py:188} INFO - [2024-05-05T04:06:03.930+0000] {dag.py:3954} INFO - Setting next_dagrun for example_external_task_marker_parent to None, run_after=None
[2024-05-05T04:06:04.191+0000] {processor.py:183} INFO - Processing /home/airflow/.local/lib/python3.12/site-packages/airflow/example_dags/example_external_task_marker_dag.py took 1.620 seconds
[2024-05-05T04:07:33.872+0000] {processor.py:161} INFO - Started process (PID=8904) to work on /home/airflow/.local/lib/python3.12/site-packages/airflow/example_dags/example_external_task_marker_dag.py
[2024-05-05T04:07:33.898+0000] {processor.py:830} INFO - Processing file /home/airflow/.local/lib/python3.12/site-packages/airflow/example_dags/example_external_task_marker_dag.py for tasks to queue
[2024-05-05T04:07:33.932+0000] {logging_mixin.py:188} INFO - [2024-05-05T04:07:33.921+0000] {dagbag.py:540} INFO - Filling up the DagBag from /home/airflow/.local/lib/python3.12/site-packages/airflow/example_dags/example_external_task_marker_dag.py
[2024-05-05T04:07:34.258+0000] {processor.py:840} INFO - DAG(s) 'example_external_task_marker_parent', 'example_external_task_marker_child' retrieved from /home/airflow/.local/lib/python3.12/site-packages/airflow/example_dags/example_external_task_marker_dag.py
[2024-05-05T04:07:34.868+0000] {logging_mixin.py:188} INFO - [2024-05-05T04:07:34.860+0000] {dag.py:3096} INFO - Sync 2 DAGs
[2024-05-05T04:07:35.197+0000] {logging_mixin.py:188} INFO - [2024-05-05T04:07:35.189+0000] {dag.py:3954} INFO - Setting next_dagrun for example_external_task_marker_child to None, run_after=None
[2024-05-05T04:07:35.290+0000] {logging_mixin.py:188} INFO - [2024-05-05T04:07:35.282+0000] {dag.py:3954} INFO - Setting next_dagrun for example_external_task_marker_parent to None, run_after=None
[2024-05-05T04:07:35.706+0000] {processor.py:183} INFO - Processing /home/airflow/.local/lib/python3.12/site-packages/airflow/example_dags/example_external_task_marker_dag.py took 2.030 seconds
[2024-05-05T04:08:46.072+0000] {processor.py:161} INFO - Started process (PID=8947) to work on /home/airflow/.local/lib/python3.12/site-packages/airflow/example_dags/example_external_task_marker_dag.py
[2024-05-05T04:08:46.107+0000] {processor.py:830} INFO - Processing file /home/airflow/.local/lib/python3.12/site-packages/airflow/example_dags/example_external_task_marker_dag.py for tasks to queue
[2024-05-05T04:08:46.146+0000] {logging_mixin.py:188} INFO - [2024-05-05T04:08:46.137+0000] {dagbag.py:540} INFO - Filling up the DagBag from /home/airflow/.local/lib/python3.12/site-packages/airflow/example_dags/example_external_task_marker_dag.py
[2024-05-05T04:08:46.372+0000] {processor.py:840} INFO - DAG(s) 'example_external_task_marker_parent', 'example_external_task_marker_child' retrieved from /home/airflow/.local/lib/python3.12/site-packages/airflow/example_dags/example_external_task_marker_dag.py
[2024-05-05T04:08:47.433+0000] {logging_mixin.py:188} INFO - [2024-05-05T04:08:47.420+0000] {dag.py:3096} INFO - Sync 2 DAGs
[2024-05-05T04:08:47.982+0000] {logging_mixin.py:188} INFO - [2024-05-05T04:08:47.964+0000] {dag.py:3954} INFO - Setting next_dagrun for example_external_task_marker_child to None, run_after=None
[2024-05-05T04:08:48.206+0000] {logging_mixin.py:188} INFO - [2024-05-05T04:08:48.191+0000] {dag.py:3954} INFO - Setting next_dagrun for example_external_task_marker_parent to None, run_after=None
[2024-05-05T04:08:48.961+0000] {processor.py:183} INFO - Processing /home/airflow/.local/lib/python3.12/site-packages/airflow/example_dags/example_external_task_marker_dag.py took 2.996 seconds
[2024-05-05T04:09:56.549+0000] {processor.py:161} INFO - Started process (PID=8995) to work on /home/airflow/.local/lib/python3.12/site-packages/airflow/example_dags/example_external_task_marker_dag.py
[2024-05-05T04:09:56.575+0000] {processor.py:830} INFO - Processing file /home/airflow/.local/lib/python3.12/site-packages/airflow/example_dags/example_external_task_marker_dag.py for tasks to queue
[2024-05-05T04:09:56.599+0000] {logging_mixin.py:188} INFO - [2024-05-05T04:09:56.596+0000] {dagbag.py:540} INFO - Filling up the DagBag from /home/airflow/.local/lib/python3.12/site-packages/airflow/example_dags/example_external_task_marker_dag.py
[2024-05-05T04:09:56.699+0000] {processor.py:840} INFO - DAG(s) 'example_external_task_marker_parent', 'example_external_task_marker_child' retrieved from /home/airflow/.local/lib/python3.12/site-packages/airflow/example_dags/example_external_task_marker_dag.py
[2024-05-05T04:09:57.909+0000] {logging_mixin.py:188} INFO - [2024-05-05T04:09:57.892+0000] {dag.py:3096} INFO - Sync 2 DAGs
[2024-05-05T04:09:58.467+0000] {logging_mixin.py:188} INFO - [2024-05-05T04:09:58.452+0000] {dag.py:3954} INFO - Setting next_dagrun for example_external_task_marker_child to None, run_after=None
[2024-05-05T04:09:58.574+0000] {logging_mixin.py:188} INFO - [2024-05-05T04:09:58.560+0000] {dag.py:3954} INFO - Setting next_dagrun for example_external_task_marker_parent to None, run_after=None
[2024-05-05T04:09:59.010+0000] {processor.py:183} INFO - Processing /home/airflow/.local/lib/python3.12/site-packages/airflow/example_dags/example_external_task_marker_dag.py took 2.565 seconds
[2024-05-05T04:11:16.622+0000] {processor.py:161} INFO - Started process (PID=9048) to work on /home/airflow/.local/lib/python3.12/site-packages/airflow/example_dags/example_external_task_marker_dag.py
[2024-05-05T04:11:16.649+0000] {processor.py:830} INFO - Processing file /home/airflow/.local/lib/python3.12/site-packages/airflow/example_dags/example_external_task_marker_dag.py for tasks to queue
[2024-05-05T04:11:16.673+0000] {logging_mixin.py:188} INFO - [2024-05-05T04:11:16.663+0000] {dagbag.py:540} INFO - Filling up the DagBag from /home/airflow/.local/lib/python3.12/site-packages/airflow/example_dags/example_external_task_marker_dag.py
[2024-05-05T04:11:16.863+0000] {processor.py:840} INFO - DAG(s) 'example_external_task_marker_child', 'example_external_task_marker_parent' retrieved from /home/airflow/.local/lib/python3.12/site-packages/airflow/example_dags/example_external_task_marker_dag.py
[2024-05-05T04:11:17.532+0000] {logging_mixin.py:188} INFO - [2024-05-05T04:11:17.523+0000] {dag.py:3096} INFO - Sync 2 DAGs
[2024-05-05T04:11:18.142+0000] {logging_mixin.py:188} INFO - [2024-05-05T04:11:18.124+0000] {dag.py:3954} INFO - Setting next_dagrun for example_external_task_marker_child to None, run_after=None
[2024-05-05T04:11:18.251+0000] {logging_mixin.py:188} INFO - [2024-05-05T04:11:18.237+0000] {dag.py:3954} INFO - Setting next_dagrun for example_external_task_marker_parent to None, run_after=None
[2024-05-05T04:11:18.661+0000] {processor.py:183} INFO - Processing /home/airflow/.local/lib/python3.12/site-packages/airflow/example_dags/example_external_task_marker_dag.py took 2.259 seconds
[2024-05-05T04:12:24.599+0000] {processor.py:161} INFO - Started process (PID=9095) to work on /home/airflow/.local/lib/python3.12/site-packages/airflow/example_dags/example_external_task_marker_dag.py
[2024-05-05T04:12:24.625+0000] {processor.py:830} INFO - Processing file /home/airflow/.local/lib/python3.12/site-packages/airflow/example_dags/example_external_task_marker_dag.py for tasks to queue
[2024-05-05T04:12:24.643+0000] {logging_mixin.py:188} INFO - [2024-05-05T04:12:24.640+0000] {dagbag.py:540} INFO - Filling up the DagBag from /home/airflow/.local/lib/python3.12/site-packages/airflow/example_dags/example_external_task_marker_dag.py
[2024-05-05T04:12:24.929+0000] {processor.py:840} INFO - DAG(s) 'example_external_task_marker_child', 'example_external_task_marker_parent' retrieved from /home/airflow/.local/lib/python3.12/site-packages/airflow/example_dags/example_external_task_marker_dag.py
[2024-05-05T04:12:25.812+0000] {logging_mixin.py:188} INFO - [2024-05-05T04:12:25.800+0000] {dag.py:3096} INFO - Sync 2 DAGs
[2024-05-05T04:12:26.229+0000] {logging_mixin.py:188} INFO - [2024-05-05T04:12:26.227+0000] {dag.py:3954} INFO - Setting next_dagrun for example_external_task_marker_child to None, run_after=None
[2024-05-05T04:12:26.346+0000] {logging_mixin.py:188} INFO - [2024-05-05T04:12:26.344+0000] {dag.py:3954} INFO - Setting next_dagrun for example_external_task_marker_parent to None, run_after=None
[2024-05-05T04:12:26.733+0000] {processor.py:183} INFO - Processing /home/airflow/.local/lib/python3.12/site-packages/airflow/example_dags/example_external_task_marker_dag.py took 2.435 seconds
[2024-05-05T04:13:43.968+0000] {processor.py:161} INFO - Started process (PID=9142) to work on /home/airflow/.local/lib/python3.12/site-packages/airflow/example_dags/example_external_task_marker_dag.py
[2024-05-05T04:13:43.986+0000] {processor.py:830} INFO - Processing file /home/airflow/.local/lib/python3.12/site-packages/airflow/example_dags/example_external_task_marker_dag.py for tasks to queue
[2024-05-05T04:13:44.015+0000] {logging_mixin.py:188} INFO - [2024-05-05T04:13:44.007+0000] {dagbag.py:540} INFO - Filling up the DagBag from /home/airflow/.local/lib/python3.12/site-packages/airflow/example_dags/example_external_task_marker_dag.py
[2024-05-05T04:13:44.189+0000] {processor.py:840} INFO - DAG(s) 'example_external_task_marker_child', 'example_external_task_marker_parent' retrieved from /home/airflow/.local/lib/python3.12/site-packages/airflow/example_dags/example_external_task_marker_dag.py
[2024-05-05T04:13:45.189+0000] {logging_mixin.py:188} INFO - [2024-05-05T04:13:45.188+0000] {dag.py:3096} INFO - Sync 2 DAGs
[2024-05-05T04:13:45.812+0000] {logging_mixin.py:188} INFO - [2024-05-05T04:13:45.792+0000] {dag.py:3954} INFO - Setting next_dagrun for example_external_task_marker_child to None, run_after=None
[2024-05-05T04:13:45.983+0000] {logging_mixin.py:188} INFO - [2024-05-05T04:13:45.966+0000] {dag.py:3954} INFO - Setting next_dagrun for example_external_task_marker_parent to None, run_after=None
[2024-05-05T04:13:46.500+0000] {processor.py:183} INFO - Processing /home/airflow/.local/lib/python3.12/site-packages/airflow/example_dags/example_external_task_marker_dag.py took 3.025 seconds
[2024-05-05T04:15:00.168+0000] {processor.py:161} INFO - Started process (PID=9199) to work on /home/airflow/.local/lib/python3.12/site-packages/airflow/example_dags/example_external_task_marker_dag.py
[2024-05-05T04:15:00.194+0000] {processor.py:830} INFO - Processing file /home/airflow/.local/lib/python3.12/site-packages/airflow/example_dags/example_external_task_marker_dag.py for tasks to queue
[2024-05-05T04:15:00.219+0000] {logging_mixin.py:188} INFO - [2024-05-05T04:15:00.216+0000] {dagbag.py:540} INFO - Filling up the DagBag from /home/airflow/.local/lib/python3.12/site-packages/airflow/example_dags/example_external_task_marker_dag.py
[2024-05-05T04:15:00.602+0000] {processor.py:840} INFO - DAG(s) 'example_external_task_marker_parent', 'example_external_task_marker_child' retrieved from /home/airflow/.local/lib/python3.12/site-packages/airflow/example_dags/example_external_task_marker_dag.py
[2024-05-05T04:15:01.447+0000] {logging_mixin.py:188} INFO - [2024-05-05T04:15:01.446+0000] {dag.py:3096} INFO - Sync 2 DAGs
[2024-05-05T04:15:01.819+0000] {logging_mixin.py:188} INFO - [2024-05-05T04:15:01.817+0000] {dag.py:3954} INFO - Setting next_dagrun for example_external_task_marker_child to None, run_after=None
[2024-05-05T04:15:01.923+0000] {logging_mixin.py:188} INFO - [2024-05-05T04:15:01.920+0000] {dag.py:3954} INFO - Setting next_dagrun for example_external_task_marker_parent to None, run_after=None
[2024-05-05T04:15:02.400+0000] {processor.py:183} INFO - Processing /home/airflow/.local/lib/python3.12/site-packages/airflow/example_dags/example_external_task_marker_dag.py took 2.506 seconds
[2024-05-05T04:16:18.415+0000] {processor.py:161} INFO - Started process (PID=9245) to work on /home/airflow/.local/lib/python3.12/site-packages/airflow/example_dags/example_external_task_marker_dag.py
[2024-05-05T04:16:18.460+0000] {processor.py:830} INFO - Processing file /home/airflow/.local/lib/python3.12/site-packages/airflow/example_dags/example_external_task_marker_dag.py for tasks to queue
[2024-05-05T04:16:18.519+0000] {logging_mixin.py:188} INFO - [2024-05-05T04:16:18.496+0000] {dagbag.py:540} INFO - Filling up the DagBag from /home/airflow/.local/lib/python3.12/site-packages/airflow/example_dags/example_external_task_marker_dag.py
[2024-05-05T04:16:18.731+0000] {processor.py:840} INFO - DAG(s) 'example_external_task_marker_parent', 'example_external_task_marker_child' retrieved from /home/airflow/.local/lib/python3.12/site-packages/airflow/example_dags/example_external_task_marker_dag.py
[2024-05-05T04:16:19.672+0000] {logging_mixin.py:188} INFO - [2024-05-05T04:16:19.659+0000] {dag.py:3096} INFO - Sync 2 DAGs
[2024-05-05T04:16:20.297+0000] {logging_mixin.py:188} INFO - [2024-05-05T04:16:20.279+0000] {dag.py:3954} INFO - Setting next_dagrun for example_external_task_marker_child to None, run_after=None
[2024-05-05T04:16:20.663+0000] {logging_mixin.py:188} INFO - [2024-05-05T04:16:20.647+0000] {dag.py:3954} INFO - Setting next_dagrun for example_external_task_marker_parent to None, run_after=None
[2024-05-05T04:16:21.505+0000] {processor.py:183} INFO - Processing /home/airflow/.local/lib/python3.12/site-packages/airflow/example_dags/example_external_task_marker_dag.py took 3.280 seconds
[2024-05-05T04:17:28.606+0000] {processor.py:161} INFO - Started process (PID=9294) to work on /home/airflow/.local/lib/python3.12/site-packages/airflow/example_dags/example_external_task_marker_dag.py
[2024-05-05T04:17:28.627+0000] {processor.py:830} INFO - Processing file /home/airflow/.local/lib/python3.12/site-packages/airflow/example_dags/example_external_task_marker_dag.py for tasks to queue
[2024-05-05T04:17:28.657+0000] {logging_mixin.py:188} INFO - [2024-05-05T04:17:28.644+0000] {dagbag.py:540} INFO - Filling up the DagBag from /home/airflow/.local/lib/python3.12/site-packages/airflow/example_dags/example_external_task_marker_dag.py
[2024-05-05T04:17:28.847+0000] {processor.py:840} INFO - DAG(s) 'example_external_task_marker_child', 'example_external_task_marker_parent' retrieved from /home/airflow/.local/lib/python3.12/site-packages/airflow/example_dags/example_external_task_marker_dag.py
[2024-05-05T04:17:29.718+0000] {logging_mixin.py:188} INFO - [2024-05-05T04:17:29.716+0000] {dag.py:3096} INFO - Sync 2 DAGs
[2024-05-05T04:17:30.222+0000] {logging_mixin.py:188} INFO - [2024-05-05T04:17:30.211+0000] {dag.py:3954} INFO - Setting next_dagrun for example_external_task_marker_child to None, run_after=None
[2024-05-05T04:17:30.347+0000] {logging_mixin.py:188} INFO - [2024-05-05T04:17:30.338+0000] {dag.py:3954} INFO - Setting next_dagrun for example_external_task_marker_parent to None, run_after=None
[2024-05-05T04:17:31.170+0000] {processor.py:183} INFO - Processing /home/airflow/.local/lib/python3.12/site-packages/airflow/example_dags/example_external_task_marker_dag.py took 2.793 seconds
[2024-05-05T04:18:51.477+0000] {processor.py:161} INFO - Started process (PID=9349) to work on /home/airflow/.local/lib/python3.12/site-packages/airflow/example_dags/example_external_task_marker_dag.py
[2024-05-05T04:18:51.504+0000] {processor.py:830} INFO - Processing file /home/airflow/.local/lib/python3.12/site-packages/airflow/example_dags/example_external_task_marker_dag.py for tasks to queue
[2024-05-05T04:18:51.536+0000] {logging_mixin.py:188} INFO - [2024-05-05T04:18:51.533+0000] {dagbag.py:540} INFO - Filling up the DagBag from /home/airflow/.local/lib/python3.12/site-packages/airflow/example_dags/example_external_task_marker_dag.py
[2024-05-05T04:18:51.647+0000] {processor.py:840} INFO - DAG(s) 'example_external_task_marker_child', 'example_external_task_marker_parent' retrieved from /home/airflow/.local/lib/python3.12/site-packages/airflow/example_dags/example_external_task_marker_dag.py
[2024-05-05T04:18:52.359+0000] {logging_mixin.py:188} INFO - [2024-05-05T04:18:52.357+0000] {dag.py:3096} INFO - Sync 2 DAGs
[2024-05-05T04:18:52.761+0000] {logging_mixin.py:188} INFO - [2024-05-05T04:18:52.748+0000] {dag.py:3954} INFO - Setting next_dagrun for example_external_task_marker_child to None, run_after=None
[2024-05-05T04:18:52.852+0000] {logging_mixin.py:188} INFO - [2024-05-05T04:18:52.847+0000] {dag.py:3954} INFO - Setting next_dagrun for example_external_task_marker_parent to None, run_after=None
[2024-05-05T04:18:53.231+0000] {processor.py:183} INFO - Processing /home/airflow/.local/lib/python3.12/site-packages/airflow/example_dags/example_external_task_marker_dag.py took 1.915 seconds
[2024-05-05T04:19:56.691+0000] {processor.py:161} INFO - Started process (PID=9397) to work on /home/airflow/.local/lib/python3.12/site-packages/airflow/example_dags/example_external_task_marker_dag.py
[2024-05-05T04:19:56.720+0000] {processor.py:830} INFO - Processing file /home/airflow/.local/lib/python3.12/site-packages/airflow/example_dags/example_external_task_marker_dag.py for tasks to queue
[2024-05-05T04:19:56.742+0000] {logging_mixin.py:188} INFO - [2024-05-05T04:19:56.739+0000] {dagbag.py:540} INFO - Filling up the DagBag from /home/airflow/.local/lib/python3.12/site-packages/airflow/example_dags/example_external_task_marker_dag.py
[2024-05-05T04:19:56.826+0000] {processor.py:840} INFO - DAG(s) 'example_external_task_marker_parent', 'example_external_task_marker_child' retrieved from /home/airflow/.local/lib/python3.12/site-packages/airflow/example_dags/example_external_task_marker_dag.py
[2024-05-05T04:19:57.143+0000] {logging_mixin.py:188} INFO - [2024-05-05T04:19:57.141+0000] {dag.py:3096} INFO - Sync 2 DAGs
[2024-05-05T04:19:57.692+0000] {logging_mixin.py:188} INFO - [2024-05-05T04:19:57.639+0000] {dag.py:3954} INFO - Setting next_dagrun for example_external_task_marker_child to None, run_after=None
[2024-05-05T04:19:57.827+0000] {logging_mixin.py:188} INFO - [2024-05-05T04:19:57.825+0000] {dag.py:3954} INFO - Setting next_dagrun for example_external_task_marker_parent to None, run_after=None
[2024-05-05T04:19:58.779+0000] {processor.py:183} INFO - Processing /home/airflow/.local/lib/python3.12/site-packages/airflow/example_dags/example_external_task_marker_dag.py took 2.151 seconds
[2024-05-05T04:21:15.234+0000] {processor.py:161} INFO - Started process (PID=9442) to work on /home/airflow/.local/lib/python3.12/site-packages/airflow/example_dags/example_external_task_marker_dag.py
[2024-05-05T04:21:15.252+0000] {processor.py:830} INFO - Processing file /home/airflow/.local/lib/python3.12/site-packages/airflow/example_dags/example_external_task_marker_dag.py for tasks to queue
[2024-05-05T04:21:15.262+0000] {logging_mixin.py:188} INFO - [2024-05-05T04:21:15.259+0000] {dagbag.py:540} INFO - Filling up the DagBag from /home/airflow/.local/lib/python3.12/site-packages/airflow/example_dags/example_external_task_marker_dag.py
[2024-05-05T04:21:15.353+0000] {processor.py:840} INFO - DAG(s) 'example_external_task_marker_child', 'example_external_task_marker_parent' retrieved from /home/airflow/.local/lib/python3.12/site-packages/airflow/example_dags/example_external_task_marker_dag.py
[2024-05-05T04:21:16.093+0000] {logging_mixin.py:188} INFO - [2024-05-05T04:21:16.091+0000] {dag.py:3096} INFO - Sync 2 DAGs
[2024-05-05T04:21:16.552+0000] {logging_mixin.py:188} INFO - [2024-05-05T04:21:16.542+0000] {dag.py:3954} INFO - Setting next_dagrun for example_external_task_marker_child to None, run_after=None
[2024-05-05T04:21:16.730+0000] {logging_mixin.py:188} INFO - [2024-05-05T04:21:16.716+0000] {dag.py:3954} INFO - Setting next_dagrun for example_external_task_marker_parent to None, run_after=None
[2024-05-05T04:21:17.302+0000] {processor.py:183} INFO - Processing /home/airflow/.local/lib/python3.12/site-packages/airflow/example_dags/example_external_task_marker_dag.py took 2.154 seconds
[2024-05-05T04:22:25.854+0000] {processor.py:161} INFO - Started process (PID=9490) to work on /home/airflow/.local/lib/python3.12/site-packages/airflow/example_dags/example_external_task_marker_dag.py
[2024-05-05T04:22:25.902+0000] {processor.py:830} INFO - Processing file /home/airflow/.local/lib/python3.12/site-packages/airflow/example_dags/example_external_task_marker_dag.py for tasks to queue
[2024-05-05T04:22:25.957+0000] {logging_mixin.py:188} INFO - [2024-05-05T04:22:25.938+0000] {dagbag.py:540} INFO - Filling up the DagBag from /home/airflow/.local/lib/python3.12/site-packages/airflow/example_dags/example_external_task_marker_dag.py
[2024-05-05T04:22:26.211+0000] {processor.py:840} INFO - DAG(s) 'example_external_task_marker_parent', 'example_external_task_marker_child' retrieved from /home/airflow/.local/lib/python3.12/site-packages/airflow/example_dags/example_external_task_marker_dag.py
[2024-05-05T04:22:26.877+0000] {logging_mixin.py:188} INFO - [2024-05-05T04:22:26.875+0000] {dag.py:3096} INFO - Sync 2 DAGs
[2024-05-05T04:22:27.539+0000] {logging_mixin.py:188} INFO - [2024-05-05T04:22:27.537+0000] {dag.py:3954} INFO - Setting next_dagrun for example_external_task_marker_child to None, run_after=None
[2024-05-05T04:22:27.649+0000] {logging_mixin.py:188} INFO - [2024-05-05T04:22:27.647+0000] {dag.py:3954} INFO - Setting next_dagrun for example_external_task_marker_parent to None, run_after=None
[2024-05-05T04:22:28.006+0000] {processor.py:183} INFO - Processing /home/airflow/.local/lib/python3.12/site-packages/airflow/example_dags/example_external_task_marker_dag.py took 2.544 seconds
[2024-05-05T04:23:50.082+0000] {processor.py:161} INFO - Started process (PID=9544) to work on /home/airflow/.local/lib/python3.12/site-packages/airflow/example_dags/example_external_task_marker_dag.py
[2024-05-05T04:23:50.135+0000] {processor.py:830} INFO - Processing file /home/airflow/.local/lib/python3.12/site-packages/airflow/example_dags/example_external_task_marker_dag.py for tasks to queue
[2024-05-05T04:23:50.201+0000] {logging_mixin.py:188} INFO - [2024-05-05T04:23:50.174+0000] {dagbag.py:540} INFO - Filling up the DagBag from /home/airflow/.local/lib/python3.12/site-packages/airflow/example_dags/example_external_task_marker_dag.py
[2024-05-05T04:23:50.626+0000] {processor.py:840} INFO - DAG(s) 'example_external_task_marker_child', 'example_external_task_marker_parent' retrieved from /home/airflow/.local/lib/python3.12/site-packages/airflow/example_dags/example_external_task_marker_dag.py
[2024-05-05T04:23:51.495+0000] {logging_mixin.py:188} INFO - [2024-05-05T04:23:51.493+0000] {dag.py:3096} INFO - Sync 2 DAGs
[2024-05-05T04:23:51.895+0000] {logging_mixin.py:188} INFO - [2024-05-05T04:23:51.881+0000] {dag.py:3954} INFO - Setting next_dagrun for example_external_task_marker_child to None, run_after=None
[2024-05-05T04:23:52.028+0000] {logging_mixin.py:188} INFO - [2024-05-05T04:23:52.026+0000] {dag.py:3954} INFO - Setting next_dagrun for example_external_task_marker_parent to None, run_after=None
[2024-05-05T04:23:52.625+0000] {processor.py:183} INFO - Processing /home/airflow/.local/lib/python3.12/site-packages/airflow/example_dags/example_external_task_marker_dag.py took 2.955 seconds
[2024-05-05T04:25:04.600+0000] {processor.py:161} INFO - Started process (PID=9594) to work on /home/airflow/.local/lib/python3.12/site-packages/airflow/example_dags/example_external_task_marker_dag.py
[2024-05-05T04:25:04.621+0000] {processor.py:830} INFO - Processing file /home/airflow/.local/lib/python3.12/site-packages/airflow/example_dags/example_external_task_marker_dag.py for tasks to queue
[2024-05-05T04:25:04.646+0000] {logging_mixin.py:188} INFO - [2024-05-05T04:25:04.644+0000] {dagbag.py:540} INFO - Filling up the DagBag from /home/airflow/.local/lib/python3.12/site-packages/airflow/example_dags/example_external_task_marker_dag.py
[2024-05-05T04:25:04.716+0000] {processor.py:840} INFO - DAG(s) 'example_external_task_marker_child', 'example_external_task_marker_parent' retrieved from /home/airflow/.local/lib/python3.12/site-packages/airflow/example_dags/example_external_task_marker_dag.py
[2024-05-05T04:25:05.285+0000] {logging_mixin.py:188} INFO - [2024-05-05T04:25:05.283+0000] {dag.py:3096} INFO - Sync 2 DAGs
[2024-05-05T04:25:06.242+0000] {logging_mixin.py:188} INFO - [2024-05-05T04:25:06.240+0000] {dag.py:3954} INFO - Setting next_dagrun for example_external_task_marker_child to None, run_after=None
[2024-05-05T04:25:06.441+0000] {logging_mixin.py:188} INFO - [2024-05-05T04:25:06.426+0000] {dag.py:3954} INFO - Setting next_dagrun for example_external_task_marker_parent to None, run_after=None
[2024-05-05T04:25:07.228+0000] {processor.py:183} INFO - Processing /home/airflow/.local/lib/python3.12/site-packages/airflow/example_dags/example_external_task_marker_dag.py took 2.719 seconds
[2024-05-05T04:26:26.550+0000] {processor.py:161} INFO - Started process (PID=9647) to work on /home/airflow/.local/lib/python3.12/site-packages/airflow/example_dags/example_external_task_marker_dag.py
[2024-05-05T04:26:26.576+0000] {processor.py:830} INFO - Processing file /home/airflow/.local/lib/python3.12/site-packages/airflow/example_dags/example_external_task_marker_dag.py for tasks to queue
[2024-05-05T04:26:26.600+0000] {logging_mixin.py:188} INFO - [2024-05-05T04:26:26.597+0000] {dagbag.py:540} INFO - Filling up the DagBag from /home/airflow/.local/lib/python3.12/site-packages/airflow/example_dags/example_external_task_marker_dag.py
[2024-05-05T04:26:26.678+0000] {processor.py:840} INFO - DAG(s) 'example_external_task_marker_child', 'example_external_task_marker_parent' retrieved from /home/airflow/.local/lib/python3.12/site-packages/airflow/example_dags/example_external_task_marker_dag.py
[2024-05-05T04:26:27.352+0000] {logging_mixin.py:188} INFO - [2024-05-05T04:26:27.351+0000] {dag.py:3096} INFO - Sync 2 DAGs
[2024-05-05T04:26:27.959+0000] {logging_mixin.py:188} INFO - [2024-05-05T04:26:27.958+0000] {dag.py:3954} INFO - Setting next_dagrun for example_external_task_marker_child to None, run_after=None
[2024-05-05T04:26:28.072+0000] {logging_mixin.py:188} INFO - [2024-05-05T04:26:28.070+0000] {dag.py:3954} INFO - Setting next_dagrun for example_external_task_marker_parent to None, run_after=None
[2024-05-05T04:26:28.462+0000] {processor.py:183} INFO - Processing /home/airflow/.local/lib/python3.12/site-packages/airflow/example_dags/example_external_task_marker_dag.py took 1.996 seconds
[2024-05-05T04:27:46.164+0000] {processor.py:161} INFO - Started process (PID=9700) to work on /home/airflow/.local/lib/python3.12/site-packages/airflow/example_dags/example_external_task_marker_dag.py
[2024-05-05T04:27:46.200+0000] {processor.py:830} INFO - Processing file /home/airflow/.local/lib/python3.12/site-packages/airflow/example_dags/example_external_task_marker_dag.py for tasks to queue
[2024-05-05T04:27:46.255+0000] {logging_mixin.py:188} INFO - [2024-05-05T04:27:46.238+0000] {dagbag.py:540} INFO - Filling up the DagBag from /home/airflow/.local/lib/python3.12/site-packages/airflow/example_dags/example_external_task_marker_dag.py
[2024-05-05T04:27:46.424+0000] {processor.py:840} INFO - DAG(s) 'example_external_task_marker_child', 'example_external_task_marker_parent' retrieved from /home/airflow/.local/lib/python3.12/site-packages/airflow/example_dags/example_external_task_marker_dag.py
[2024-05-05T04:27:47.069+0000] {logging_mixin.py:188} INFO - [2024-05-05T04:27:47.067+0000] {dag.py:3096} INFO - Sync 2 DAGs
[2024-05-05T04:27:47.425+0000] {logging_mixin.py:188} INFO - [2024-05-05T04:27:47.423+0000] {dag.py:3954} INFO - Setting next_dagrun for example_external_task_marker_child to None, run_after=None
[2024-05-05T04:27:47.642+0000] {logging_mixin.py:188} INFO - [2024-05-05T04:27:47.640+0000] {dag.py:3954} INFO - Setting next_dagrun for example_external_task_marker_parent to None, run_after=None
[2024-05-05T04:27:48.227+0000] {processor.py:183} INFO - Processing /home/airflow/.local/lib/python3.12/site-packages/airflow/example_dags/example_external_task_marker_dag.py took 2.239 seconds
[2024-05-05T04:29:03.253+0000] {processor.py:161} INFO - Started process (PID=9753) to work on /home/airflow/.local/lib/python3.12/site-packages/airflow/example_dags/example_external_task_marker_dag.py
[2024-05-05T04:29:03.278+0000] {processor.py:830} INFO - Processing file /home/airflow/.local/lib/python3.12/site-packages/airflow/example_dags/example_external_task_marker_dag.py for tasks to queue
[2024-05-05T04:29:03.299+0000] {logging_mixin.py:188} INFO - [2024-05-05T04:29:03.291+0000] {dagbag.py:540} INFO - Filling up the DagBag from /home/airflow/.local/lib/python3.12/site-packages/airflow/example_dags/example_external_task_marker_dag.py
[2024-05-05T04:29:03.557+0000] {processor.py:840} INFO - DAG(s) 'example_external_task_marker_child', 'example_external_task_marker_parent' retrieved from /home/airflow/.local/lib/python3.12/site-packages/airflow/example_dags/example_external_task_marker_dag.py
[2024-05-05T04:29:04.874+0000] {logging_mixin.py:188} INFO - [2024-05-05T04:29:04.872+0000] {dag.py:3096} INFO - Sync 2 DAGs
[2024-05-05T04:29:05.470+0000] {logging_mixin.py:188} INFO - [2024-05-05T04:29:05.459+0000] {dag.py:3954} INFO - Setting next_dagrun for example_external_task_marker_child to None, run_after=None
[2024-05-05T04:29:05.566+0000] {logging_mixin.py:188} INFO - [2024-05-05T04:29:05.557+0000] {dag.py:3954} INFO - Setting next_dagrun for example_external_task_marker_parent to None, run_after=None
[2024-05-05T04:29:05.933+0000] {processor.py:183} INFO - Processing /home/airflow/.local/lib/python3.12/site-packages/airflow/example_dags/example_external_task_marker_dag.py took 2.909 seconds
[2024-05-05T04:30:15.037+0000] {processor.py:161} INFO - Started process (PID=9803) to work on /home/airflow/.local/lib/python3.12/site-packages/airflow/example_dags/example_external_task_marker_dag.py
[2024-05-05T04:30:15.085+0000] {processor.py:830} INFO - Processing file /home/airflow/.local/lib/python3.12/site-packages/airflow/example_dags/example_external_task_marker_dag.py for tasks to queue
[2024-05-05T04:30:15.150+0000] {logging_mixin.py:188} INFO - [2024-05-05T04:30:15.130+0000] {dagbag.py:540} INFO - Filling up the DagBag from /home/airflow/.local/lib/python3.12/site-packages/airflow/example_dags/example_external_task_marker_dag.py
[2024-05-05T04:30:15.402+0000] {processor.py:840} INFO - DAG(s) 'example_external_task_marker_child', 'example_external_task_marker_parent' retrieved from /home/airflow/.local/lib/python3.12/site-packages/airflow/example_dags/example_external_task_marker_dag.py
[2024-05-05T04:30:16.040+0000] {logging_mixin.py:188} INFO - [2024-05-05T04:30:16.037+0000] {dag.py:3096} INFO - Sync 2 DAGs
[2024-05-05T04:30:16.565+0000] {logging_mixin.py:188} INFO - [2024-05-05T04:30:16.533+0000] {dag.py:3954} INFO - Setting next_dagrun for example_external_task_marker_child to None, run_after=None
[2024-05-05T04:30:16.798+0000] {logging_mixin.py:188} INFO - [2024-05-05T04:30:16.797+0000] {dag.py:3954} INFO - Setting next_dagrun for example_external_task_marker_parent to None, run_after=None
[2024-05-05T04:30:17.344+0000] {processor.py:183} INFO - Processing /home/airflow/.local/lib/python3.12/site-packages/airflow/example_dags/example_external_task_marker_dag.py took 2.532 seconds
[2024-05-05T04:31:36.499+0000] {processor.py:161} INFO - Started process (PID=9851) to work on /home/airflow/.local/lib/python3.12/site-packages/airflow/example_dags/example_external_task_marker_dag.py
[2024-05-05T04:31:36.544+0000] {processor.py:830} INFO - Processing file /home/airflow/.local/lib/python3.12/site-packages/airflow/example_dags/example_external_task_marker_dag.py for tasks to queue
[2024-05-05T04:31:36.567+0000] {logging_mixin.py:188} INFO - [2024-05-05T04:31:36.564+0000] {dagbag.py:540} INFO - Filling up the DagBag from /home/airflow/.local/lib/python3.12/site-packages/airflow/example_dags/example_external_task_marker_dag.py
[2024-05-05T04:31:36.839+0000] {processor.py:840} INFO - DAG(s) 'example_external_task_marker_child', 'example_external_task_marker_parent' retrieved from /home/airflow/.local/lib/python3.12/site-packages/airflow/example_dags/example_external_task_marker_dag.py
[2024-05-05T04:31:37.959+0000] {logging_mixin.py:188} INFO - [2024-05-05T04:31:37.957+0000] {dag.py:3096} INFO - Sync 2 DAGs
[2024-05-05T04:31:38.374+0000] {logging_mixin.py:188} INFO - [2024-05-05T04:31:38.372+0000] {dag.py:3954} INFO - Setting next_dagrun for example_external_task_marker_child to None, run_after=None
[2024-05-05T04:31:38.459+0000] {logging_mixin.py:188} INFO - [2024-05-05T04:31:38.458+0000] {dag.py:3954} INFO - Setting next_dagrun for example_external_task_marker_parent to None, run_after=None
[2024-05-05T04:31:38.977+0000] {processor.py:183} INFO - Processing /home/airflow/.local/lib/python3.12/site-packages/airflow/example_dags/example_external_task_marker_dag.py took 2.672 seconds
[2024-05-05T04:32:49.626+0000] {processor.py:161} INFO - Started process (PID=9907) to work on /home/airflow/.local/lib/python3.12/site-packages/airflow/example_dags/example_external_task_marker_dag.py
[2024-05-05T04:32:49.725+0000] {processor.py:830} INFO - Processing file /home/airflow/.local/lib/python3.12/site-packages/airflow/example_dags/example_external_task_marker_dag.py for tasks to queue
[2024-05-05T04:32:49.860+0000] {logging_mixin.py:188} INFO - [2024-05-05T04:32:49.818+0000] {dagbag.py:540} INFO - Filling up the DagBag from /home/airflow/.local/lib/python3.12/site-packages/airflow/example_dags/example_external_task_marker_dag.py
[2024-05-05T04:32:50.423+0000] {processor.py:840} INFO - DAG(s) 'example_external_task_marker_child', 'example_external_task_marker_parent' retrieved from /home/airflow/.local/lib/python3.12/site-packages/airflow/example_dags/example_external_task_marker_dag.py
[2024-05-05T04:32:51.428+0000] {logging_mixin.py:188} INFO - [2024-05-05T04:32:51.399+0000] {dag.py:3096} INFO - Sync 2 DAGs
[2024-05-05T04:32:51.787+0000] {logging_mixin.py:188} INFO - [2024-05-05T04:32:51.780+0000] {dag.py:3954} INFO - Setting next_dagrun for example_external_task_marker_child to None, run_after=None
[2024-05-05T04:32:51.908+0000] {logging_mixin.py:188} INFO - [2024-05-05T04:32:51.899+0000] {dag.py:3954} INFO - Setting next_dagrun for example_external_task_marker_parent to None, run_after=None
[2024-05-05T04:32:52.347+0000] {processor.py:183} INFO - Processing /home/airflow/.local/lib/python3.12/site-packages/airflow/example_dags/example_external_task_marker_dag.py took 3.505 seconds
[2024-05-05T04:34:24.847+0000] {processor.py:161} INFO - Started process (PID=9953) to work on /home/airflow/.local/lib/python3.12/site-packages/airflow/example_dags/example_external_task_marker_dag.py
[2024-05-05T04:34:24.921+0000] {processor.py:830} INFO - Processing file /home/airflow/.local/lib/python3.12/site-packages/airflow/example_dags/example_external_task_marker_dag.py for tasks to queue
[2024-05-05T04:34:25.028+0000] {logging_mixin.py:188} INFO - [2024-05-05T04:34:25.007+0000] {dagbag.py:540} INFO - Filling up the DagBag from /home/airflow/.local/lib/python3.12/site-packages/airflow/example_dags/example_external_task_marker_dag.py
[2024-05-05T04:34:25.415+0000] {processor.py:840} INFO - DAG(s) 'example_external_task_marker_parent', 'example_external_task_marker_child' retrieved from /home/airflow/.local/lib/python3.12/site-packages/airflow/example_dags/example_external_task_marker_dag.py
[2024-05-05T04:34:26.460+0000] {logging_mixin.py:188} INFO - [2024-05-05T04:34:26.421+0000] {dag.py:3096} INFO - Sync 2 DAGs
[2024-05-05T04:34:27.223+0000] {logging_mixin.py:188} INFO - [2024-05-05T04:34:27.222+0000] {dag.py:3954} INFO - Setting next_dagrun for example_external_task_marker_child to None, run_after=None
[2024-05-05T04:34:27.423+0000] {logging_mixin.py:188} INFO - [2024-05-05T04:34:27.421+0000] {dag.py:3954} INFO - Setting next_dagrun for example_external_task_marker_parent to None, run_after=None
[2024-05-05T04:34:27.979+0000] {processor.py:183} INFO - Processing /home/airflow/.local/lib/python3.12/site-packages/airflow/example_dags/example_external_task_marker_dag.py took 3.461 seconds
[2024-05-05T05:05:28.548+0000] {processor.py:161} INFO - Started process (PID=10004) to work on /home/airflow/.local/lib/python3.12/site-packages/airflow/example_dags/example_external_task_marker_dag.py
[2024-05-05T05:05:28.582+0000] {processor.py:830} INFO - Processing file /home/airflow/.local/lib/python3.12/site-packages/airflow/example_dags/example_external_task_marker_dag.py for tasks to queue
[2024-05-05T05:05:28.681+0000] {logging_mixin.py:188} INFO - [2024-05-05T05:05:28.678+0000] {dagbag.py:540} INFO - Filling up the DagBag from /home/airflow/.local/lib/python3.12/site-packages/airflow/example_dags/example_external_task_marker_dag.py
[2024-05-05T05:05:29.611+0000] {processor.py:840} INFO - DAG(s) 'example_external_task_marker_parent', 'example_external_task_marker_child' retrieved from /home/airflow/.local/lib/python3.12/site-packages/airflow/example_dags/example_external_task_marker_dag.py
[2024-05-05T05:05:31.002+0000] {logging_mixin.py:188} INFO - [2024-05-05T05:05:30.989+0000] {dag.py:3096} INFO - Sync 2 DAGs
[2024-05-05T05:05:33.043+0000] {logging_mixin.py:188} INFO - [2024-05-05T05:05:33.023+0000] {dag.py:3954} INFO - Setting next_dagrun for example_external_task_marker_child to None, run_after=None
[2024-05-05T05:05:33.226+0000] {logging_mixin.py:188} INFO - [2024-05-05T05:05:33.223+0000] {dag.py:3954} INFO - Setting next_dagrun for example_external_task_marker_parent to None, run_after=None
[2024-05-05T05:05:34.055+0000] {processor.py:183} INFO - Processing /home/airflow/.local/lib/python3.12/site-packages/airflow/example_dags/example_external_task_marker_dag.py took 7.042 seconds
[2024-05-05T06:47:04.260+0000] {processor.py:161} INFO - Started process (PID=10062) to work on /home/airflow/.local/lib/python3.12/site-packages/airflow/example_dags/example_external_task_marker_dag.py
[2024-05-05T06:47:04.319+0000] {processor.py:830} INFO - Processing file /home/airflow/.local/lib/python3.12/site-packages/airflow/example_dags/example_external_task_marker_dag.py for tasks to queue
[2024-05-05T06:47:04.420+0000] {logging_mixin.py:188} INFO - [2024-05-05T06:47:04.378+0000] {dagbag.py:540} INFO - Filling up the DagBag from /home/airflow/.local/lib/python3.12/site-packages/airflow/example_dags/example_external_task_marker_dag.py
[2024-05-05T06:47:05.644+0000] {processor.py:840} INFO - DAG(s) 'example_external_task_marker_child', 'example_external_task_marker_parent' retrieved from /home/airflow/.local/lib/python3.12/site-packages/airflow/example_dags/example_external_task_marker_dag.py
[2024-05-05T06:47:07.108+0000] {logging_mixin.py:188} INFO - [2024-05-05T06:47:07.106+0000] {dag.py:3096} INFO - Sync 2 DAGs
[2024-05-05T06:47:07.844+0000] {logging_mixin.py:188} INFO - [2024-05-05T06:47:07.842+0000] {dag.py:3954} INFO - Setting next_dagrun for example_external_task_marker_child to None, run_after=None
[2024-05-05T06:47:08.361+0000] {logging_mixin.py:188} INFO - [2024-05-05T06:47:08.359+0000] {dag.py:3954} INFO - Setting next_dagrun for example_external_task_marker_parent to None, run_after=None
[2024-05-05T06:47:08.589+0000] {processor.py:183} INFO - Processing /home/airflow/.local/lib/python3.12/site-packages/airflow/example_dags/example_external_task_marker_dag.py took 5.306 seconds
[2024-05-05T06:51:31.506+0000] {processor.py:161} INFO - Started process (PID=10150) to work on /home/airflow/.local/lib/python3.12/site-packages/airflow/example_dags/example_external_task_marker_dag.py
[2024-05-05T06:51:31.531+0000] {processor.py:830} INFO - Processing file /home/airflow/.local/lib/python3.12/site-packages/airflow/example_dags/example_external_task_marker_dag.py for tasks to queue
[2024-05-05T06:51:31.564+0000] {logging_mixin.py:188} INFO - [2024-05-05T06:51:31.561+0000] {dagbag.py:540} INFO - Filling up the DagBag from /home/airflow/.local/lib/python3.12/site-packages/airflow/example_dags/example_external_task_marker_dag.py
[2024-05-05T06:51:31.708+0000] {processor.py:840} INFO - DAG(s) 'example_external_task_marker_parent', 'example_external_task_marker_child' retrieved from /home/airflow/.local/lib/python3.12/site-packages/airflow/example_dags/example_external_task_marker_dag.py
[2024-05-05T06:51:33.610+0000] {logging_mixin.py:188} INFO - [2024-05-05T06:51:33.590+0000] {dag.py:3096} INFO - Sync 2 DAGs
[2024-05-05T06:51:35.412+0000] {logging_mixin.py:188} INFO - [2024-05-05T06:51:35.411+0000] {dag.py:3954} INFO - Setting next_dagrun for example_external_task_marker_child to None, run_after=None
[2024-05-05T06:51:35.871+0000] {logging_mixin.py:188} INFO - [2024-05-05T06:51:35.843+0000] {dag.py:3954} INFO - Setting next_dagrun for example_external_task_marker_parent to None, run_after=None
[2024-05-05T06:51:36.896+0000] {processor.py:183} INFO - Processing /home/airflow/.local/lib/python3.12/site-packages/airflow/example_dags/example_external_task_marker_dag.py took 5.682 seconds
[2024-05-05T13:21:04.234+0000] {processor.py:161} INFO - Started process (PID=10243) to work on /home/airflow/.local/lib/python3.12/site-packages/airflow/example_dags/example_external_task_marker_dag.py
[2024-05-05T13:21:04.373+0000] {processor.py:830} INFO - Processing file /home/airflow/.local/lib/python3.12/site-packages/airflow/example_dags/example_external_task_marker_dag.py for tasks to queue
[2024-05-05T13:21:04.712+0000] {logging_mixin.py:188} INFO - [2024-05-05T13:21:04.660+0000] {dagbag.py:540} INFO - Filling up the DagBag from /home/airflow/.local/lib/python3.12/site-packages/airflow/example_dags/example_external_task_marker_dag.py
[2024-05-05T13:21:05.814+0000] {processor.py:840} INFO - DAG(s) 'example_external_task_marker_parent', 'example_external_task_marker_child' retrieved from /home/airflow/.local/lib/python3.12/site-packages/airflow/example_dags/example_external_task_marker_dag.py
[2024-05-05T13:47:26.751+0000] {logging_mixin.py:188} INFO - [2024-05-05T13:47:26.675+0000] {dag.py:3096} INFO - Sync 2 DAGs
[2024-05-05T13:47:28.419+0000] {logging_mixin.py:188} INFO - [2024-05-05T13:47:28.417+0000] {dag.py:3954} INFO - Setting next_dagrun for example_external_task_marker_child to None, run_after=None
[2024-05-05T13:47:28.645+0000] {logging_mixin.py:188} INFO - [2024-05-05T13:47:28.643+0000] {dag.py:3954} INFO - Setting next_dagrun for example_external_task_marker_parent to None, run_after=None
[2024-05-05T13:47:32.024+0000] {processor.py:183} INFO - Processing /home/airflow/.local/lib/python3.12/site-packages/airflow/example_dags/example_external_task_marker_dag.py took 10.892 seconds
[2024-05-05T18:12:38.422+0000] {processor.py:161} INFO - Started process (PID=10325) to work on /home/airflow/.local/lib/python3.12/site-packages/airflow/example_dags/example_external_task_marker_dag.py
[2024-05-05T18:12:39.677+0000] {processor.py:830} INFO - Processing file /home/airflow/.local/lib/python3.12/site-packages/airflow/example_dags/example_external_task_marker_dag.py for tasks to queue
[2024-05-05T18:12:39.948+0000] {logging_mixin.py:188} INFO - [2024-05-05T18:12:39.725+0000] {dagbag.py:540} INFO - Filling up the DagBag from /home/airflow/.local/lib/python3.12/site-packages/airflow/example_dags/example_external_task_marker_dag.py
[2024-05-05T18:12:45.331+0000] {processor.py:840} INFO - DAG(s) 'example_external_task_marker_parent', 'example_external_task_marker_child' retrieved from /home/airflow/.local/lib/python3.12/site-packages/airflow/example_dags/example_external_task_marker_dag.py
[2024-05-05T18:12:50.137+0000] {logging_mixin.py:188} INFO - [2024-05-05T18:12:48.151+0000] {dag.py:3096} INFO - Sync 2 DAGs
[2024-05-05T19:20:40.923+0000] {logging_mixin.py:188} INFO - [2024-05-05T19:20:40.880+0000] {dag.py:3954} INFO - Setting next_dagrun for example_external_task_marker_child to None, run_after=None
[2024-05-05T19:21:12.018+0000] {logging_mixin.py:188} INFO - [2024-05-05T19:21:11.790+0000] {dag.py:3954} INFO - Setting next_dagrun for example_external_task_marker_parent to None, run_after=None
[2024-05-05T19:21:15.372+0000] {processor.py:183} INFO - Processing /home/airflow/.local/lib/python3.12/site-packages/airflow/example_dags/example_external_task_marker_dag.py took 76.103 seconds
