[2024-05-05T00:00:28.247+0000] {processor.py:161} INFO - Started process (PID=7563) to work on /home/airflow/.local/lib/python3.12/site-packages/airflow/example_dags/example_sensors.py
[2024-05-05T00:00:28.272+0000] {processor.py:830} INFO - Processing file /home/airflow/.local/lib/python3.12/site-packages/airflow/example_dags/example_sensors.py for tasks to queue
[2024-05-05T00:00:28.277+0000] {logging_mixin.py:188} INFO - [2024-05-05T00:00:28.276+0000] {dagbag.py:540} INFO - Filling up the DagBag from /home/airflow/.local/lib/python3.12/site-packages/airflow/example_dags/example_sensors.py
[2024-05-05T00:00:28.309+0000] {processor.py:840} INFO - DAG(s) 'example_sensors' retrieved from /home/airflow/.local/lib/python3.12/site-packages/airflow/example_dags/example_sensors.py
[2024-05-05T00:00:28.366+0000] {logging_mixin.py:188} INFO - [2024-05-05T00:00:28.365+0000] {dag.py:3096} INFO - Sync 1 DAGs
[2024-05-05T00:00:28.390+0000] {logging_mixin.py:188} INFO - [2024-05-05T00:00:28.390+0000] {dag.py:3954} INFO - Setting next_dagrun for example_sensors to None, run_after=None
[2024-05-05T00:00:28.438+0000] {processor.py:183} INFO - Processing /home/airflow/.local/lib/python3.12/site-packages/airflow/example_dags/example_sensors.py took 0.220 seconds
[2024-05-05T00:00:58.784+0000] {processor.py:161} INFO - Started process (PID=7623) to work on /home/airflow/.local/lib/python3.12/site-packages/airflow/example_dags/example_sensors.py
[2024-05-05T00:00:58.787+0000] {processor.py:830} INFO - Processing file /home/airflow/.local/lib/python3.12/site-packages/airflow/example_dags/example_sensors.py for tasks to queue
[2024-05-05T00:00:58.791+0000] {logging_mixin.py:188} INFO - [2024-05-05T00:00:58.789+0000] {dagbag.py:540} INFO - Filling up the DagBag from /home/airflow/.local/lib/python3.12/site-packages/airflow/example_dags/example_sensors.py
[2024-05-05T00:00:58.817+0000] {processor.py:840} INFO - DAG(s) 'example_sensors' retrieved from /home/airflow/.local/lib/python3.12/site-packages/airflow/example_dags/example_sensors.py
[2024-05-05T00:00:58.868+0000] {logging_mixin.py:188} INFO - [2024-05-05T00:00:58.868+0000] {dag.py:3096} INFO - Sync 1 DAGs
[2024-05-05T00:00:58.892+0000] {logging_mixin.py:188} INFO - [2024-05-05T00:00:58.892+0000] {dag.py:3954} INFO - Setting next_dagrun for example_sensors to None, run_after=None
[2024-05-05T00:00:58.933+0000] {processor.py:183} INFO - Processing /home/airflow/.local/lib/python3.12/site-packages/airflow/example_dags/example_sensors.py took 0.166 seconds
[2024-05-05T00:31:51.841+0000] {processor.py:161} INFO - Started process (PID=7689) to work on /home/airflow/.local/lib/python3.12/site-packages/airflow/example_dags/example_sensors.py
[2024-05-05T00:31:51.879+0000] {processor.py:830} INFO - Processing file /home/airflow/.local/lib/python3.12/site-packages/airflow/example_dags/example_sensors.py for tasks to queue
[2024-05-05T00:31:51.917+0000] {logging_mixin.py:188} INFO - [2024-05-05T00:31:51.899+0000] {dagbag.py:540} INFO - Filling up the DagBag from /home/airflow/.local/lib/python3.12/site-packages/airflow/example_dags/example_sensors.py
[2024-05-05T00:31:52.433+0000] {processor.py:840} INFO - DAG(s) 'example_sensors' retrieved from /home/airflow/.local/lib/python3.12/site-packages/airflow/example_dags/example_sensors.py
[2024-05-05T00:31:53.685+0000] {logging_mixin.py:188} INFO - [2024-05-05T00:31:53.673+0000] {dag.py:3096} INFO - Sync 1 DAGs
[2024-05-05T00:31:54.687+0000] {logging_mixin.py:188} INFO - [2024-05-05T00:31:54.686+0000] {dag.py:3954} INFO - Setting next_dagrun for example_sensors to None, run_after=None
[2024-05-05T00:31:55.691+0000] {processor.py:183} INFO - Processing /home/airflow/.local/lib/python3.12/site-packages/airflow/example_dags/example_sensors.py took 4.431 seconds
[2024-05-05T00:50:54.219+0000] {processor.py:161} INFO - Started process (PID=7766) to work on /home/airflow/.local/lib/python3.12/site-packages/airflow/example_dags/example_sensors.py
[2024-05-05T00:50:54.228+0000] {processor.py:830} INFO - Processing file /home/airflow/.local/lib/python3.12/site-packages/airflow/example_dags/example_sensors.py for tasks to queue
[2024-05-05T00:50:54.251+0000] {logging_mixin.py:188} INFO - [2024-05-05T00:50:54.241+0000] {dagbag.py:540} INFO - Filling up the DagBag from /home/airflow/.local/lib/python3.12/site-packages/airflow/example_dags/example_sensors.py
[2024-05-05T00:50:54.333+0000] {processor.py:840} INFO - DAG(s) 'example_sensors' retrieved from /home/airflow/.local/lib/python3.12/site-packages/airflow/example_dags/example_sensors.py
[2024-05-05T00:50:54.510+0000] {logging_mixin.py:188} INFO - [2024-05-05T00:50:54.507+0000] {dag.py:3096} INFO - Sync 1 DAGs
[2024-05-05T00:50:54.570+0000] {logging_mixin.py:188} INFO - [2024-05-05T00:50:54.568+0000] {dag.py:3954} INFO - Setting next_dagrun for example_sensors to None, run_after=None
[2024-05-05T00:52:41.628+0000] {processor.py:161} INFO - Started process (PID=7849) to work on /home/airflow/.local/lib/python3.12/site-packages/airflow/example_dags/example_sensors.py
[2024-05-05T00:52:41.655+0000] {processor.py:830} INFO - Processing file /home/airflow/.local/lib/python3.12/site-packages/airflow/example_dags/example_sensors.py for tasks to queue
[2024-05-05T00:52:41.690+0000] {logging_mixin.py:188} INFO - [2024-05-05T00:52:41.673+0000] {dagbag.py:540} INFO - Filling up the DagBag from /home/airflow/.local/lib/python3.12/site-packages/airflow/example_dags/example_sensors.py
[2024-05-05T00:52:42.034+0000] {processor.py:840} INFO - DAG(s) 'example_sensors' retrieved from /home/airflow/.local/lib/python3.12/site-packages/airflow/example_dags/example_sensors.py
[2024-05-05T00:52:43.514+0000] {logging_mixin.py:188} INFO - [2024-05-05T00:52:43.512+0000] {dag.py:3096} INFO - Sync 1 DAGs
[2024-05-05T00:52:43.967+0000] {logging_mixin.py:188} INFO - [2024-05-05T00:52:43.965+0000] {dag.py:3954} INFO - Setting next_dagrun for example_sensors to None, run_after=None
[2024-05-05T00:52:44.641+0000] {processor.py:183} INFO - Processing /home/airflow/.local/lib/python3.12/site-packages/airflow/example_dags/example_sensors.py took 3.356 seconds
[2024-05-05T00:53:22.804+0000] {processor.py:161} INFO - Started process (PID=7892) to work on /home/airflow/.local/lib/python3.12/site-packages/airflow/example_dags/example_sensors.py
[2024-05-05T00:53:22.810+0000] {processor.py:830} INFO - Processing file /home/airflow/.local/lib/python3.12/site-packages/airflow/example_dags/example_sensors.py for tasks to queue
[2024-05-05T00:53:22.820+0000] {logging_mixin.py:188} INFO - [2024-05-05T00:53:22.819+0000] {dagbag.py:540} INFO - Filling up the DagBag from /home/airflow/.local/lib/python3.12/site-packages/airflow/example_dags/example_sensors.py
[2024-05-05T00:53:22.900+0000] {processor.py:840} INFO - DAG(s) 'example_sensors' retrieved from /home/airflow/.local/lib/python3.12/site-packages/airflow/example_dags/example_sensors.py
[2024-05-05T00:53:23.056+0000] {logging_mixin.py:188} INFO - [2024-05-05T00:53:23.056+0000] {dag.py:3096} INFO - Sync 1 DAGs
[2024-05-05T00:53:23.141+0000] {logging_mixin.py:188} INFO - [2024-05-05T00:53:23.140+0000] {dag.py:3954} INFO - Setting next_dagrun for example_sensors to None, run_after=None
[2024-05-05T00:53:23.239+0000] {processor.py:183} INFO - Processing /home/airflow/.local/lib/python3.12/site-packages/airflow/example_dags/example_sensors.py took 0.469 seconds
[2024-05-05T01:11:02.181+0000] {processor.py:161} INFO - Started process (PID=7933) to work on /home/airflow/.local/lib/python3.12/site-packages/airflow/example_dags/example_sensors.py
[2024-05-05T01:11:02.196+0000] {processor.py:830} INFO - Processing file /home/airflow/.local/lib/python3.12/site-packages/airflow/example_dags/example_sensors.py for tasks to queue
[2024-05-05T01:11:02.207+0000] {logging_mixin.py:188} INFO - [2024-05-05T01:11:02.202+0000] {dagbag.py:540} INFO - Filling up the DagBag from /home/airflow/.local/lib/python3.12/site-packages/airflow/example_dags/example_sensors.py
[2024-05-05T01:11:02.340+0000] {processor.py:840} INFO - DAG(s) 'example_sensors' retrieved from /home/airflow/.local/lib/python3.12/site-packages/airflow/example_dags/example_sensors.py
[2024-05-05T01:11:02.527+0000] {logging_mixin.py:188} INFO - [2024-05-05T01:11:02.526+0000] {dag.py:3096} INFO - Sync 1 DAGs
[2024-05-05T01:11:02.572+0000] {logging_mixin.py:188} INFO - [2024-05-05T01:11:02.571+0000] {dag.py:3954} INFO - Setting next_dagrun for example_sensors to None, run_after=None
[2024-05-05T01:11:02.662+0000] {processor.py:183} INFO - Processing /home/airflow/.local/lib/python3.12/site-packages/airflow/example_dags/example_sensors.py took 0.532 seconds
[2024-05-05T01:29:23.274+0000] {processor.py:161} INFO - Started process (PID=7979) to work on /home/airflow/.local/lib/python3.12/site-packages/airflow/example_dags/example_sensors.py
[2024-05-05T01:29:23.315+0000] {processor.py:830} INFO - Processing file /home/airflow/.local/lib/python3.12/site-packages/airflow/example_dags/example_sensors.py for tasks to queue
[2024-05-05T01:29:23.436+0000] {logging_mixin.py:188} INFO - [2024-05-05T01:29:23.397+0000] {dagbag.py:540} INFO - Filling up the DagBag from /home/airflow/.local/lib/python3.12/site-packages/airflow/example_dags/example_sensors.py
[2024-05-05T01:44:58.223+0000] {processor.py:840} INFO - DAG(s) 'example_sensors' retrieved from /home/airflow/.local/lib/python3.12/site-packages/airflow/example_dags/example_sensors.py
[2024-05-05T01:44:59.695+0000] {logging_mixin.py:188} INFO - [2024-05-05T01:44:59.695+0000] {dag.py:3096} INFO - Sync 1 DAGs
[2024-05-05T01:44:59.765+0000] {logging_mixin.py:188} INFO - [2024-05-05T01:44:59.764+0000] {dag.py:3954} INFO - Setting next_dagrun for example_sensors to None, run_after=None
[2024-05-05T01:45:45.797+0000] {processor.py:161} INFO - Started process (PID=8037) to work on /home/airflow/.local/lib/python3.12/site-packages/airflow/example_dags/example_sensors.py
[2024-05-05T01:45:45.833+0000] {processor.py:830} INFO - Processing file /home/airflow/.local/lib/python3.12/site-packages/airflow/example_dags/example_sensors.py for tasks to queue
[2024-05-05T01:45:45.944+0000] {logging_mixin.py:188} INFO - [2024-05-05T01:45:45.882+0000] {dagbag.py:540} INFO - Filling up the DagBag from /home/airflow/.local/lib/python3.12/site-packages/airflow/example_dags/example_sensors.py
[2024-05-05T01:45:46.607+0000] {processor.py:840} INFO - DAG(s) 'example_sensors' retrieved from /home/airflow/.local/lib/python3.12/site-packages/airflow/example_dags/example_sensors.py
[2024-05-05T01:45:48.353+0000] {logging_mixin.py:188} INFO - [2024-05-05T01:45:48.342+0000] {dag.py:3096} INFO - Sync 1 DAGs
[2024-05-05T01:45:49.291+0000] {logging_mixin.py:188} INFO - [2024-05-05T01:45:49.286+0000] {dag.py:3954} INFO - Setting next_dagrun for example_sensors to None, run_after=None
[2024-05-05T01:45:50.326+0000] {processor.py:183} INFO - Processing /home/airflow/.local/lib/python3.12/site-packages/airflow/example_dags/example_sensors.py took 5.015 seconds
[2024-05-05T02:03:13.275+0000] {processor.py:161} INFO - Started process (PID=8084) to work on /home/airflow/.local/lib/python3.12/site-packages/airflow/example_dags/example_sensors.py
[2024-05-05T02:03:13.303+0000] {processor.py:830} INFO - Processing file /home/airflow/.local/lib/python3.12/site-packages/airflow/example_dags/example_sensors.py for tasks to queue
[2024-05-05T02:03:13.316+0000] {logging_mixin.py:188} INFO - [2024-05-05T02:03:13.314+0000] {dagbag.py:540} INFO - Filling up the DagBag from /home/airflow/.local/lib/python3.12/site-packages/airflow/example_dags/example_sensors.py
[2024-05-05T02:03:13.452+0000] {processor.py:840} INFO - DAG(s) 'example_sensors' retrieved from /home/airflow/.local/lib/python3.12/site-packages/airflow/example_dags/example_sensors.py
[2024-05-05T02:03:13.711+0000] {logging_mixin.py:188} INFO - [2024-05-05T02:03:13.710+0000] {dag.py:3096} INFO - Sync 1 DAGs
[2024-05-05T02:03:13.937+0000] {logging_mixin.py:188} INFO - [2024-05-05T02:03:13.934+0000] {dag.py:3954} INFO - Setting next_dagrun for example_sensors to None, run_after=None
[2024-05-05T02:03:14.146+0000] {processor.py:183} INFO - Processing /home/airflow/.local/lib/python3.12/site-packages/airflow/example_dags/example_sensors.py took 0.974 seconds
[2024-05-05T02:04:12.369+0000] {processor.py:161} INFO - Started process (PID=8133) to work on /home/airflow/.local/lib/python3.12/site-packages/airflow/example_dags/example_sensors.py
[2024-05-05T02:04:12.389+0000] {processor.py:830} INFO - Processing file /home/airflow/.local/lib/python3.12/site-packages/airflow/example_dags/example_sensors.py for tasks to queue
[2024-05-05T02:04:12.418+0000] {logging_mixin.py:188} INFO - [2024-05-05T02:04:12.416+0000] {dagbag.py:540} INFO - Filling up the DagBag from /home/airflow/.local/lib/python3.12/site-packages/airflow/example_dags/example_sensors.py
[2024-05-05T02:04:12.649+0000] {processor.py:840} INFO - DAG(s) 'example_sensors' retrieved from /home/airflow/.local/lib/python3.12/site-packages/airflow/example_dags/example_sensors.py
[2024-05-05T02:04:13.212+0000] {logging_mixin.py:188} INFO - [2024-05-05T02:04:13.201+0000] {dag.py:3096} INFO - Sync 1 DAGs
[2024-05-05T02:04:13.595+0000] {logging_mixin.py:188} INFO - [2024-05-05T02:04:13.594+0000] {dag.py:3954} INFO - Setting next_dagrun for example_sensors to None, run_after=None
[2024-05-05T02:04:13.984+0000] {processor.py:183} INFO - Processing /home/airflow/.local/lib/python3.12/site-packages/airflow/example_dags/example_sensors.py took 1.692 seconds
[2024-05-05T02:04:55.052+0000] {processor.py:161} INFO - Started process (PID=8192) to work on /home/airflow/.local/lib/python3.12/site-packages/airflow/example_dags/example_sensors.py
[2024-05-05T02:04:55.055+0000] {processor.py:830} INFO - Processing file /home/airflow/.local/lib/python3.12/site-packages/airflow/example_dags/example_sensors.py for tasks to queue
[2024-05-05T02:04:55.058+0000] {logging_mixin.py:188} INFO - [2024-05-05T02:04:55.057+0000] {dagbag.py:540} INFO - Filling up the DagBag from /home/airflow/.local/lib/python3.12/site-packages/airflow/example_dags/example_sensors.py
[2024-05-05T02:04:55.086+0000] {processor.py:840} INFO - DAG(s) 'example_sensors' retrieved from /home/airflow/.local/lib/python3.12/site-packages/airflow/example_dags/example_sensors.py
[2024-05-05T02:04:55.145+0000] {logging_mixin.py:188} INFO - [2024-05-05T02:04:55.145+0000] {dag.py:3096} INFO - Sync 1 DAGs
[2024-05-05T02:04:55.170+0000] {logging_mixin.py:188} INFO - [2024-05-05T02:04:55.169+0000] {dag.py:3954} INFO - Setting next_dagrun for example_sensors to None, run_after=None
[2024-05-05T02:04:55.202+0000] {processor.py:183} INFO - Processing /home/airflow/.local/lib/python3.12/site-packages/airflow/example_dags/example_sensors.py took 0.165 seconds
[2024-05-05T03:14:55.098+0000] {processor.py:161} INFO - Started process (PID=8223) to work on /home/airflow/.local/lib/python3.12/site-packages/airflow/example_dags/example_sensors.py
[2024-05-05T03:14:55.191+0000] {processor.py:830} INFO - Processing file /home/airflow/.local/lib/python3.12/site-packages/airflow/example_dags/example_sensors.py for tasks to queue
[2024-05-05T03:14:55.313+0000] {logging_mixin.py:188} INFO - [2024-05-05T03:14:55.304+0000] {dagbag.py:540} INFO - Filling up the DagBag from /home/airflow/.local/lib/python3.12/site-packages/airflow/example_dags/example_sensors.py
[2024-05-05T03:14:55.543+0000] {processor.py:840} INFO - DAG(s) 'example_sensors' retrieved from /home/airflow/.local/lib/python3.12/site-packages/airflow/example_dags/example_sensors.py
[2024-05-05T03:14:56.039+0000] {logging_mixin.py:188} INFO - [2024-05-05T03:14:56.038+0000] {dag.py:3096} INFO - Sync 1 DAGs
[2024-05-05T03:14:56.146+0000] {logging_mixin.py:188} INFO - [2024-05-05T03:14:56.144+0000] {dag.py:3954} INFO - Setting next_dagrun for example_sensors to None, run_after=None
[2024-05-05T03:14:56.299+0000] {processor.py:183} INFO - Processing /home/airflow/.local/lib/python3.12/site-packages/airflow/example_dags/example_sensors.py took 1.289 seconds
[2024-05-05T03:15:30.453+0000] {processor.py:161} INFO - Started process (PID=8281) to work on /home/airflow/.local/lib/python3.12/site-packages/airflow/example_dags/example_sensors.py
[2024-05-05T03:15:30.455+0000] {processor.py:830} INFO - Processing file /home/airflow/.local/lib/python3.12/site-packages/airflow/example_dags/example_sensors.py for tasks to queue
[2024-05-05T03:15:30.458+0000] {logging_mixin.py:188} INFO - [2024-05-05T03:15:30.458+0000] {dagbag.py:540} INFO - Filling up the DagBag from /home/airflow/.local/lib/python3.12/site-packages/airflow/example_dags/example_sensors.py
[2024-05-05T03:15:30.475+0000] {processor.py:840} INFO - DAG(s) 'example_sensors' retrieved from /home/airflow/.local/lib/python3.12/site-packages/airflow/example_dags/example_sensors.py
[2024-05-05T03:15:30.534+0000] {logging_mixin.py:188} INFO - [2024-05-05T03:15:30.534+0000] {dag.py:3096} INFO - Sync 1 DAGs
[2024-05-05T03:15:30.553+0000] {logging_mixin.py:188} INFO - [2024-05-05T03:15:30.553+0000] {dag.py:3954} INFO - Setting next_dagrun for example_sensors to None, run_after=None
[2024-05-05T03:15:30.600+0000] {processor.py:183} INFO - Processing /home/airflow/.local/lib/python3.12/site-packages/airflow/example_dags/example_sensors.py took 0.164 seconds
[2024-05-05T03:48:45.988+0000] {processor.py:161} INFO - Started process (PID=8313) to work on /home/airflow/.local/lib/python3.12/site-packages/airflow/example_dags/example_sensors.py
[2024-05-05T03:48:45.996+0000] {processor.py:830} INFO - Processing file /home/airflow/.local/lib/python3.12/site-packages/airflow/example_dags/example_sensors.py for tasks to queue
[2024-05-05T03:48:46.009+0000] {logging_mixin.py:188} INFO - [2024-05-05T03:48:46.008+0000] {dagbag.py:540} INFO - Filling up the DagBag from /home/airflow/.local/lib/python3.12/site-packages/airflow/example_dags/example_sensors.py
[2024-05-05T03:48:46.231+0000] {processor.py:840} INFO - DAG(s) 'example_sensors' retrieved from /home/airflow/.local/lib/python3.12/site-packages/airflow/example_dags/example_sensors.py
[2024-05-05T03:48:46.601+0000] {logging_mixin.py:188} INFO - [2024-05-05T03:48:46.600+0000] {dag.py:3096} INFO - Sync 1 DAGs
[2024-05-05T03:48:46.796+0000] {logging_mixin.py:188} INFO - [2024-05-05T03:48:46.795+0000] {dag.py:3954} INFO - Setting next_dagrun for example_sensors to None, run_after=None
[2024-05-05T03:48:47.088+0000] {processor.py:183} INFO - Processing /home/airflow/.local/lib/python3.12/site-packages/airflow/example_dags/example_sensors.py took 1.223 seconds
[2024-05-05T04:00:23.756+0000] {processor.py:161} INFO - Started process (PID=8369) to work on /home/airflow/.local/lib/python3.12/site-packages/airflow/example_dags/example_sensors.py
[2024-05-05T04:00:23.777+0000] {processor.py:830} INFO - Processing file /home/airflow/.local/lib/python3.12/site-packages/airflow/example_dags/example_sensors.py for tasks to queue
[2024-05-05T04:00:23.810+0000] {logging_mixin.py:188} INFO - [2024-05-05T04:00:23.798+0000] {dagbag.py:540} INFO - Filling up the DagBag from /home/airflow/.local/lib/python3.12/site-packages/airflow/example_dags/example_sensors.py
[2024-05-05T04:00:24.010+0000] {processor.py:840} INFO - DAG(s) 'example_sensors' retrieved from /home/airflow/.local/lib/python3.12/site-packages/airflow/example_dags/example_sensors.py
[2024-05-05T04:00:24.590+0000] {logging_mixin.py:188} INFO - [2024-05-05T04:00:24.580+0000] {dag.py:3096} INFO - Sync 1 DAGs
[2024-05-05T04:00:24.891+0000] {logging_mixin.py:188} INFO - [2024-05-05T04:00:24.887+0000] {dag.py:3954} INFO - Setting next_dagrun for example_sensors to None, run_after=None
[2024-05-05T04:00:25.064+0000] {processor.py:183} INFO - Processing /home/airflow/.local/lib/python3.12/site-packages/airflow/example_dags/example_sensors.py took 1.451 seconds
[2024-05-05T04:01:25.695+0000] {processor.py:161} INFO - Started process (PID=8429) to work on /home/airflow/.local/lib/python3.12/site-packages/airflow/example_dags/example_sensors.py
[2024-05-05T04:01:25.727+0000] {processor.py:830} INFO - Processing file /home/airflow/.local/lib/python3.12/site-packages/airflow/example_dags/example_sensors.py for tasks to queue
[2024-05-05T04:01:25.748+0000] {logging_mixin.py:188} INFO - [2024-05-05T04:01:25.743+0000] {dagbag.py:540} INFO - Filling up the DagBag from /home/airflow/.local/lib/python3.12/site-packages/airflow/example_dags/example_sensors.py
[2024-05-05T04:01:25.843+0000] {processor.py:840} INFO - DAG(s) 'example_sensors' retrieved from /home/airflow/.local/lib/python3.12/site-packages/airflow/example_dags/example_sensors.py
[2024-05-05T04:01:26.102+0000] {logging_mixin.py:188} INFO - [2024-05-05T04:01:26.101+0000] {dag.py:3096} INFO - Sync 1 DAGs
[2024-05-05T04:01:26.171+0000] {logging_mixin.py:188} INFO - [2024-05-05T04:01:26.171+0000] {dag.py:3954} INFO - Setting next_dagrun for example_sensors to None, run_after=None
[2024-05-05T04:01:26.319+0000] {processor.py:183} INFO - Processing /home/airflow/.local/lib/python3.12/site-packages/airflow/example_dags/example_sensors.py took 0.789 seconds
[2024-05-05T04:02:03.623+0000] {processor.py:161} INFO - Started process (PID=8489) to work on /home/airflow/.local/lib/python3.12/site-packages/airflow/example_dags/example_sensors.py
[2024-05-05T04:02:03.630+0000] {processor.py:830} INFO - Processing file /home/airflow/.local/lib/python3.12/site-packages/airflow/example_dags/example_sensors.py for tasks to queue
[2024-05-05T04:02:03.636+0000] {logging_mixin.py:188} INFO - [2024-05-05T04:02:03.635+0000] {dagbag.py:540} INFO - Filling up the DagBag from /home/airflow/.local/lib/python3.12/site-packages/airflow/example_dags/example_sensors.py
[2024-05-05T04:02:03.692+0000] {processor.py:840} INFO - DAG(s) 'example_sensors' retrieved from /home/airflow/.local/lib/python3.12/site-packages/airflow/example_dags/example_sensors.py
[2024-05-05T04:02:03.858+0000] {logging_mixin.py:188} INFO - [2024-05-05T04:02:03.857+0000] {dag.py:3096} INFO - Sync 1 DAGs
[2024-05-05T04:02:03.938+0000] {logging_mixin.py:188} INFO - [2024-05-05T04:02:03.937+0000] {dag.py:3954} INFO - Setting next_dagrun for example_sensors to None, run_after=None
[2024-05-05T04:02:04.005+0000] {processor.py:183} INFO - Processing /home/airflow/.local/lib/python3.12/site-packages/airflow/example_dags/example_sensors.py took 0.450 seconds
[2024-05-05T04:02:38.448+0000] {processor.py:161} INFO - Started process (PID=8541) to work on /home/airflow/.local/lib/python3.12/site-packages/airflow/example_dags/example_sensors.py
[2024-05-05T04:02:38.455+0000] {processor.py:830} INFO - Processing file /home/airflow/.local/lib/python3.12/site-packages/airflow/example_dags/example_sensors.py for tasks to queue
[2024-05-05T04:02:38.461+0000] {logging_mixin.py:188} INFO - [2024-05-05T04:02:38.460+0000] {dagbag.py:540} INFO - Filling up the DagBag from /home/airflow/.local/lib/python3.12/site-packages/airflow/example_dags/example_sensors.py
[2024-05-05T04:02:38.512+0000] {processor.py:840} INFO - DAG(s) 'example_sensors' retrieved from /home/airflow/.local/lib/python3.12/site-packages/airflow/example_dags/example_sensors.py
[2024-05-05T04:02:38.842+0000] {logging_mixin.py:188} INFO - [2024-05-05T04:02:38.841+0000] {dag.py:3096} INFO - Sync 1 DAGs
[2024-05-05T04:02:39.222+0000] {logging_mixin.py:188} INFO - [2024-05-05T04:02:39.221+0000] {dag.py:3954} INFO - Setting next_dagrun for example_sensors to None, run_after=None
[2024-05-05T04:02:39.709+0000] {processor.py:183} INFO - Processing /home/airflow/.local/lib/python3.12/site-packages/airflow/example_dags/example_sensors.py took 1.293 seconds
[2024-05-05T04:03:17.298+0000] {processor.py:161} INFO - Started process (PID=8605) to work on /home/airflow/.local/lib/python3.12/site-packages/airflow/example_dags/example_sensors.py
[2024-05-05T04:03:17.314+0000] {processor.py:830} INFO - Processing file /home/airflow/.local/lib/python3.12/site-packages/airflow/example_dags/example_sensors.py for tasks to queue
[2024-05-05T04:03:17.334+0000] {logging_mixin.py:188} INFO - [2024-05-05T04:03:17.331+0000] {dagbag.py:540} INFO - Filling up the DagBag from /home/airflow/.local/lib/python3.12/site-packages/airflow/example_dags/example_sensors.py
[2024-05-05T04:03:17.383+0000] {processor.py:840} INFO - DAG(s) 'example_sensors' retrieved from /home/airflow/.local/lib/python3.12/site-packages/airflow/example_dags/example_sensors.py
[2024-05-05T04:03:17.556+0000] {logging_mixin.py:188} INFO - [2024-05-05T04:03:17.556+0000] {dag.py:3096} INFO - Sync 1 DAGs
[2024-05-05T04:03:17.633+0000] {logging_mixin.py:188} INFO - [2024-05-05T04:03:17.632+0000] {dag.py:3954} INFO - Setting next_dagrun for example_sensors to None, run_after=None
[2024-05-05T04:03:17.752+0000] {processor.py:183} INFO - Processing /home/airflow/.local/lib/python3.12/site-packages/airflow/example_dags/example_sensors.py took 0.523 seconds
[2024-05-05T04:03:56.994+0000] {processor.py:161} INFO - Started process (PID=8661) to work on /home/airflow/.local/lib/python3.12/site-packages/airflow/example_dags/example_sensors.py
[2024-05-05T04:03:57.006+0000] {processor.py:830} INFO - Processing file /home/airflow/.local/lib/python3.12/site-packages/airflow/example_dags/example_sensors.py for tasks to queue
[2024-05-05T04:03:57.031+0000] {logging_mixin.py:188} INFO - [2024-05-05T04:03:57.030+0000] {dagbag.py:540} INFO - Filling up the DagBag from /home/airflow/.local/lib/python3.12/site-packages/airflow/example_dags/example_sensors.py
[2024-05-05T04:03:57.128+0000] {processor.py:840} INFO - DAG(s) 'example_sensors' retrieved from /home/airflow/.local/lib/python3.12/site-packages/airflow/example_dags/example_sensors.py
[2024-05-05T04:03:57.381+0000] {logging_mixin.py:188} INFO - [2024-05-05T04:03:57.380+0000] {dag.py:3096} INFO - Sync 1 DAGs
[2024-05-05T04:03:57.489+0000] {logging_mixin.py:188} INFO - [2024-05-05T04:03:57.489+0000] {dag.py:3954} INFO - Setting next_dagrun for example_sensors to None, run_after=None
[2024-05-05T04:03:57.676+0000] {processor.py:183} INFO - Processing /home/airflow/.local/lib/python3.12/site-packages/airflow/example_dags/example_sensors.py took 0.787 seconds
[2024-05-05T04:04:36.269+0000] {processor.py:161} INFO - Started process (PID=8720) to work on /home/airflow/.local/lib/python3.12/site-packages/airflow/example_dags/example_sensors.py
[2024-05-05T04:04:36.280+0000] {processor.py:830} INFO - Processing file /home/airflow/.local/lib/python3.12/site-packages/airflow/example_dags/example_sensors.py for tasks to queue
[2024-05-05T04:04:36.307+0000] {logging_mixin.py:188} INFO - [2024-05-05T04:04:36.298+0000] {dagbag.py:540} INFO - Filling up the DagBag from /home/airflow/.local/lib/python3.12/site-packages/airflow/example_dags/example_sensors.py
[2024-05-05T04:04:36.542+0000] {processor.py:840} INFO - DAG(s) 'example_sensors' retrieved from /home/airflow/.local/lib/python3.12/site-packages/airflow/example_dags/example_sensors.py
[2024-05-05T04:04:36.931+0000] {logging_mixin.py:188} INFO - [2024-05-05T04:04:36.930+0000] {dag.py:3096} INFO - Sync 1 DAGs
[2024-05-05T04:04:37.012+0000] {logging_mixin.py:188} INFO - [2024-05-05T04:04:37.012+0000] {dag.py:3954} INFO - Setting next_dagrun for example_sensors to None, run_after=None
[2024-05-05T04:04:37.095+0000] {processor.py:183} INFO - Processing /home/airflow/.local/lib/python3.12/site-packages/airflow/example_dags/example_sensors.py took 0.869 seconds
[2024-05-05T04:05:20.335+0000] {processor.py:161} INFO - Started process (PID=8784) to work on /home/airflow/.local/lib/python3.12/site-packages/airflow/example_dags/example_sensors.py
[2024-05-05T04:05:20.353+0000] {processor.py:830} INFO - Processing file /home/airflow/.local/lib/python3.12/site-packages/airflow/example_dags/example_sensors.py for tasks to queue
[2024-05-05T04:05:20.369+0000] {logging_mixin.py:188} INFO - [2024-05-05T04:05:20.358+0000] {dagbag.py:540} INFO - Filling up the DagBag from /home/airflow/.local/lib/python3.12/site-packages/airflow/example_dags/example_sensors.py
[2024-05-05T04:05:20.508+0000] {processor.py:840} INFO - DAG(s) 'example_sensors' retrieved from /home/airflow/.local/lib/python3.12/site-packages/airflow/example_dags/example_sensors.py
[2024-05-05T04:05:20.798+0000] {logging_mixin.py:188} INFO - [2024-05-05T04:05:20.797+0000] {dag.py:3096} INFO - Sync 1 DAGs
[2024-05-05T04:05:21.034+0000] {logging_mixin.py:188} INFO - [2024-05-05T04:05:21.033+0000] {dag.py:3954} INFO - Setting next_dagrun for example_sensors to None, run_after=None
[2024-05-05T04:05:21.125+0000] {processor.py:183} INFO - Processing /home/airflow/.local/lib/python3.12/site-packages/airflow/example_dags/example_sensors.py took 0.921 seconds
[2024-05-05T04:06:03.390+0000] {processor.py:161} INFO - Started process (PID=8838) to work on /home/airflow/.local/lib/python3.12/site-packages/airflow/example_dags/example_sensors.py
[2024-05-05T04:06:03.408+0000] {processor.py:830} INFO - Processing file /home/airflow/.local/lib/python3.12/site-packages/airflow/example_dags/example_sensors.py for tasks to queue
[2024-05-05T04:06:03.419+0000] {logging_mixin.py:188} INFO - [2024-05-05T04:06:03.416+0000] {dagbag.py:540} INFO - Filling up the DagBag from /home/airflow/.local/lib/python3.12/site-packages/airflow/example_dags/example_sensors.py
[2024-05-05T04:06:03.805+0000] {processor.py:840} INFO - DAG(s) 'example_sensors' retrieved from /home/airflow/.local/lib/python3.12/site-packages/airflow/example_dags/example_sensors.py
[2024-05-05T04:06:04.838+0000] {logging_mixin.py:188} INFO - [2024-05-05T04:06:04.825+0000] {dag.py:3096} INFO - Sync 1 DAGs
[2024-05-05T04:06:05.208+0000] {logging_mixin.py:188} INFO - [2024-05-05T04:06:05.206+0000] {dag.py:3954} INFO - Setting next_dagrun for example_sensors to None, run_after=None
[2024-05-05T04:06:05.396+0000] {processor.py:183} INFO - Processing /home/airflow/.local/lib/python3.12/site-packages/airflow/example_dags/example_sensors.py took 2.140 seconds
[2024-05-05T04:07:34.506+0000] {processor.py:161} INFO - Started process (PID=8905) to work on /home/airflow/.local/lib/python3.12/site-packages/airflow/example_dags/example_sensors.py
[2024-05-05T04:07:34.528+0000] {processor.py:830} INFO - Processing file /home/airflow/.local/lib/python3.12/site-packages/airflow/example_dags/example_sensors.py for tasks to queue
[2024-05-05T04:07:34.554+0000] {logging_mixin.py:188} INFO - [2024-05-05T04:07:34.543+0000] {dagbag.py:540} INFO - Filling up the DagBag from /home/airflow/.local/lib/python3.12/site-packages/airflow/example_dags/example_sensors.py
[2024-05-05T04:07:34.939+0000] {processor.py:840} INFO - DAG(s) 'example_sensors' retrieved from /home/airflow/.local/lib/python3.12/site-packages/airflow/example_dags/example_sensors.py
[2024-05-05T04:07:35.646+0000] {logging_mixin.py:188} INFO - [2024-05-05T04:07:35.644+0000] {dag.py:3096} INFO - Sync 1 DAGs
[2024-05-05T04:07:36.198+0000] {logging_mixin.py:188} INFO - [2024-05-05T04:07:36.197+0000] {dag.py:3954} INFO - Setting next_dagrun for example_sensors to None, run_after=None
[2024-05-05T04:07:36.682+0000] {processor.py:183} INFO - Processing /home/airflow/.local/lib/python3.12/site-packages/airflow/example_dags/example_sensors.py took 2.502 seconds
[2024-05-05T04:08:46.674+0000] {processor.py:161} INFO - Started process (PID=8948) to work on /home/airflow/.local/lib/python3.12/site-packages/airflow/example_dags/example_sensors.py
[2024-05-05T04:08:46.711+0000] {processor.py:830} INFO - Processing file /home/airflow/.local/lib/python3.12/site-packages/airflow/example_dags/example_sensors.py for tasks to queue
[2024-05-05T04:08:46.764+0000] {logging_mixin.py:188} INFO - [2024-05-05T04:08:46.756+0000] {dagbag.py:540} INFO - Filling up the DagBag from /home/airflow/.local/lib/python3.12/site-packages/airflow/example_dags/example_sensors.py
[2024-05-05T04:08:47.478+0000] {processor.py:840} INFO - DAG(s) 'example_sensors' retrieved from /home/airflow/.local/lib/python3.12/site-packages/airflow/example_dags/example_sensors.py
[2024-05-05T04:08:48.741+0000] {logging_mixin.py:188} INFO - [2024-05-05T04:08:48.735+0000] {dag.py:3096} INFO - Sync 1 DAGs
[2024-05-05T04:08:49.190+0000] {logging_mixin.py:188} INFO - [2024-05-05T04:08:49.185+0000] {dag.py:3954} INFO - Setting next_dagrun for example_sensors to None, run_after=None
[2024-05-05T04:08:49.650+0000] {processor.py:183} INFO - Processing /home/airflow/.local/lib/python3.12/site-packages/airflow/example_dags/example_sensors.py took 3.328 seconds
[2024-05-05T04:09:57.479+0000] {processor.py:161} INFO - Started process (PID=8996) to work on /home/airflow/.local/lib/python3.12/site-packages/airflow/example_dags/example_sensors.py
[2024-05-05T04:09:57.526+0000] {processor.py:830} INFO - Processing file /home/airflow/.local/lib/python3.12/site-packages/airflow/example_dags/example_sensors.py for tasks to queue
[2024-05-05T04:09:57.644+0000] {logging_mixin.py:188} INFO - [2024-05-05T04:09:57.572+0000] {dagbag.py:540} INFO - Filling up the DagBag from /home/airflow/.local/lib/python3.12/site-packages/airflow/example_dags/example_sensors.py
[2024-05-05T04:09:58.242+0000] {processor.py:840} INFO - DAG(s) 'example_sensors' retrieved from /home/airflow/.local/lib/python3.12/site-packages/airflow/example_dags/example_sensors.py
[2024-05-05T04:09:59.037+0000] {logging_mixin.py:188} INFO - [2024-05-05T04:09:59.022+0000] {dag.py:3096} INFO - Sync 1 DAGs
[2024-05-05T04:09:59.734+0000] {logging_mixin.py:188} INFO - [2024-05-05T04:09:59.681+0000] {dag.py:3954} INFO - Setting next_dagrun for example_sensors to None, run_after=None
[2024-05-05T04:10:00.318+0000] {processor.py:183} INFO - Processing /home/airflow/.local/lib/python3.12/site-packages/airflow/example_dags/example_sensors.py took 3.227 seconds
[2024-05-05T04:11:17.339+0000] {processor.py:161} INFO - Started process (PID=9049) to work on /home/airflow/.local/lib/python3.12/site-packages/airflow/example_dags/example_sensors.py
[2024-05-05T04:11:17.358+0000] {processor.py:830} INFO - Processing file /home/airflow/.local/lib/python3.12/site-packages/airflow/example_dags/example_sensors.py for tasks to queue
[2024-05-05T04:11:17.374+0000] {logging_mixin.py:188} INFO - [2024-05-05T04:11:17.372+0000] {dagbag.py:540} INFO - Filling up the DagBag from /home/airflow/.local/lib/python3.12/site-packages/airflow/example_dags/example_sensors.py
[2024-05-05T04:11:17.779+0000] {processor.py:840} INFO - DAG(s) 'example_sensors' retrieved from /home/airflow/.local/lib/python3.12/site-packages/airflow/example_dags/example_sensors.py
[2024-05-05T04:11:18.446+0000] {logging_mixin.py:188} INFO - [2024-05-05T04:11:18.444+0000] {dag.py:3096} INFO - Sync 1 DAGs
[2024-05-05T04:11:18.795+0000] {logging_mixin.py:188} INFO - [2024-05-05T04:11:18.782+0000] {dag.py:3954} INFO - Setting next_dagrun for example_sensors to None, run_after=None
[2024-05-05T04:11:19.301+0000] {processor.py:183} INFO - Processing /home/airflow/.local/lib/python3.12/site-packages/airflow/example_dags/example_sensors.py took 2.158 seconds
[2024-05-05T04:12:25.166+0000] {processor.py:161} INFO - Started process (PID=9096) to work on /home/airflow/.local/lib/python3.12/site-packages/airflow/example_dags/example_sensors.py
[2024-05-05T04:12:25.212+0000] {processor.py:830} INFO - Processing file /home/airflow/.local/lib/python3.12/site-packages/airflow/example_dags/example_sensors.py for tasks to queue
[2024-05-05T04:12:25.264+0000] {logging_mixin.py:188} INFO - [2024-05-05T04:12:25.249+0000] {dagbag.py:540} INFO - Filling up the DagBag from /home/airflow/.local/lib/python3.12/site-packages/airflow/example_dags/example_sensors.py
[2024-05-05T04:12:25.778+0000] {processor.py:840} INFO - DAG(s) 'example_sensors' retrieved from /home/airflow/.local/lib/python3.12/site-packages/airflow/example_dags/example_sensors.py
[2024-05-05T04:12:26.495+0000] {logging_mixin.py:188} INFO - [2024-05-05T04:12:26.489+0000] {dag.py:3096} INFO - Sync 1 DAGs
[2024-05-05T04:12:26.964+0000] {logging_mixin.py:188} INFO - [2024-05-05T04:12:26.963+0000] {dag.py:3954} INFO - Setting next_dagrun for example_sensors to None, run_after=None
[2024-05-05T04:12:27.581+0000] {processor.py:183} INFO - Processing /home/airflow/.local/lib/python3.12/site-packages/airflow/example_dags/example_sensors.py took 2.750 seconds
[2024-05-05T04:13:45.157+0000] {processor.py:161} INFO - Started process (PID=9143) to work on /home/airflow/.local/lib/python3.12/site-packages/airflow/example_dags/example_sensors.py
[2024-05-05T04:13:45.204+0000] {processor.py:830} INFO - Processing file /home/airflow/.local/lib/python3.12/site-packages/airflow/example_dags/example_sensors.py for tasks to queue
[2024-05-05T04:13:45.269+0000] {logging_mixin.py:188} INFO - [2024-05-05T04:13:45.237+0000] {dagbag.py:540} INFO - Filling up the DagBag from /home/airflow/.local/lib/python3.12/site-packages/airflow/example_dags/example_sensors.py
[2024-05-05T04:13:45.763+0000] {processor.py:840} INFO - DAG(s) 'example_sensors' retrieved from /home/airflow/.local/lib/python3.12/site-packages/airflow/example_dags/example_sensors.py
[2024-05-05T04:13:46.661+0000] {logging_mixin.py:188} INFO - [2024-05-05T04:13:46.649+0000] {dag.py:3096} INFO - Sync 1 DAGs
[2024-05-05T04:13:46.999+0000] {logging_mixin.py:188} INFO - [2024-05-05T04:13:46.995+0000] {dag.py:3954} INFO - Setting next_dagrun for example_sensors to None, run_after=None
[2024-05-05T04:13:47.524+0000] {processor.py:183} INFO - Processing /home/airflow/.local/lib/python3.12/site-packages/airflow/example_dags/example_sensors.py took 2.729 seconds
[2024-05-05T04:15:01.079+0000] {processor.py:161} INFO - Started process (PID=9200) to work on /home/airflow/.local/lib/python3.12/site-packages/airflow/example_dags/example_sensors.py
[2024-05-05T04:15:01.115+0000] {processor.py:830} INFO - Processing file /home/airflow/.local/lib/python3.12/site-packages/airflow/example_dags/example_sensors.py for tasks to queue
[2024-05-05T04:15:01.143+0000] {logging_mixin.py:188} INFO - [2024-05-05T04:15:01.123+0000] {dagbag.py:540} INFO - Filling up the DagBag from /home/airflow/.local/lib/python3.12/site-packages/airflow/example_dags/example_sensors.py
[2024-05-05T04:15:01.460+0000] {processor.py:840} INFO - DAG(s) 'example_sensors' retrieved from /home/airflow/.local/lib/python3.12/site-packages/airflow/example_dags/example_sensors.py
[2024-05-05T04:15:02.122+0000] {logging_mixin.py:188} INFO - [2024-05-05T04:15:02.104+0000] {dag.py:3096} INFO - Sync 1 DAGs
[2024-05-05T04:15:02.664+0000] {logging_mixin.py:188} INFO - [2024-05-05T04:15:02.662+0000] {dag.py:3954} INFO - Setting next_dagrun for example_sensors to None, run_after=None
[2024-05-05T04:15:03.122+0000] {processor.py:183} INFO - Processing /home/airflow/.local/lib/python3.12/site-packages/airflow/example_dags/example_sensors.py took 2.428 seconds
[2024-05-05T04:16:19.022+0000] {processor.py:161} INFO - Started process (PID=9246) to work on /home/airflow/.local/lib/python3.12/site-packages/airflow/example_dags/example_sensors.py
[2024-05-05T04:16:19.049+0000] {processor.py:830} INFO - Processing file /home/airflow/.local/lib/python3.12/site-packages/airflow/example_dags/example_sensors.py for tasks to queue
[2024-05-05T04:16:19.088+0000] {logging_mixin.py:188} INFO - [2024-05-05T04:16:19.070+0000] {dagbag.py:540} INFO - Filling up the DagBag from /home/airflow/.local/lib/python3.12/site-packages/airflow/example_dags/example_sensors.py
[2024-05-05T04:16:19.723+0000] {processor.py:840} INFO - DAG(s) 'example_sensors' retrieved from /home/airflow/.local/lib/python3.12/site-packages/airflow/example_dags/example_sensors.py
[2024-05-05T04:16:21.302+0000] {logging_mixin.py:188} INFO - [2024-05-05T04:16:21.297+0000] {dag.py:3096} INFO - Sync 1 DAGs
[2024-05-05T04:16:21.800+0000] {logging_mixin.py:188} INFO - [2024-05-05T04:16:21.799+0000] {dag.py:3954} INFO - Setting next_dagrun for example_sensors to None, run_after=None
[2024-05-05T04:16:22.370+0000] {processor.py:183} INFO - Processing /home/airflow/.local/lib/python3.12/site-packages/airflow/example_dags/example_sensors.py took 3.635 seconds
[2024-05-05T04:17:30.182+0000] {processor.py:161} INFO - Started process (PID=9295) to work on /home/airflow/.local/lib/python3.12/site-packages/airflow/example_dags/example_sensors.py
[2024-05-05T04:17:30.214+0000] {processor.py:830} INFO - Processing file /home/airflow/.local/lib/python3.12/site-packages/airflow/example_dags/example_sensors.py for tasks to queue
[2024-05-05T04:17:30.259+0000] {logging_mixin.py:188} INFO - [2024-05-05T04:17:30.252+0000] {dagbag.py:540} INFO - Filling up the DagBag from /home/airflow/.local/lib/python3.12/site-packages/airflow/example_dags/example_sensors.py
[2024-05-05T04:17:30.787+0000] {processor.py:840} INFO - DAG(s) 'example_sensors' retrieved from /home/airflow/.local/lib/python3.12/site-packages/airflow/example_dags/example_sensors.py
[2024-05-05T04:17:32.010+0000] {logging_mixin.py:188} INFO - [2024-05-05T04:17:32.004+0000] {dag.py:3096} INFO - Sync 1 DAGs
[2024-05-05T04:17:32.524+0000] {logging_mixin.py:188} INFO - [2024-05-05T04:17:32.502+0000] {dag.py:3954} INFO - Setting next_dagrun for example_sensors to None, run_after=None
[2024-05-05T04:17:33.148+0000] {processor.py:183} INFO - Processing /home/airflow/.local/lib/python3.12/site-packages/airflow/example_dags/example_sensors.py took 3.201 seconds
[2024-05-05T04:18:51.940+0000] {processor.py:161} INFO - Started process (PID=9350) to work on /home/airflow/.local/lib/python3.12/site-packages/airflow/example_dags/example_sensors.py
[2024-05-05T04:18:51.971+0000] {processor.py:830} INFO - Processing file /home/airflow/.local/lib/python3.12/site-packages/airflow/example_dags/example_sensors.py for tasks to queue
[2024-05-05T04:18:51.982+0000] {logging_mixin.py:188} INFO - [2024-05-05T04:18:51.979+0000] {dagbag.py:540} INFO - Filling up the DagBag from /home/airflow/.local/lib/python3.12/site-packages/airflow/example_dags/example_sensors.py
[2024-05-05T04:18:52.450+0000] {processor.py:840} INFO - DAG(s) 'example_sensors' retrieved from /home/airflow/.local/lib/python3.12/site-packages/airflow/example_dags/example_sensors.py
[2024-05-05T04:18:53.128+0000] {logging_mixin.py:188} INFO - [2024-05-05T04:18:53.115+0000] {dag.py:3096} INFO - Sync 1 DAGs
[2024-05-05T04:18:53.429+0000] {logging_mixin.py:188} INFO - [2024-05-05T04:18:53.423+0000] {dag.py:3954} INFO - Setting next_dagrun for example_sensors to None, run_after=None
[2024-05-05T04:18:53.968+0000] {processor.py:183} INFO - Processing /home/airflow/.local/lib/python3.12/site-packages/airflow/example_dags/example_sensors.py took 2.222 seconds
[2024-05-05T04:19:57.901+0000] {processor.py:161} INFO - Started process (PID=9398) to work on /home/airflow/.local/lib/python3.12/site-packages/airflow/example_dags/example_sensors.py
[2024-05-05T04:19:57.944+0000] {processor.py:830} INFO - Processing file /home/airflow/.local/lib/python3.12/site-packages/airflow/example_dags/example_sensors.py for tasks to queue
[2024-05-05T04:19:58.061+0000] {logging_mixin.py:188} INFO - [2024-05-05T04:19:58.042+0000] {dagbag.py:540} INFO - Filling up the DagBag from /home/airflow/.local/lib/python3.12/site-packages/airflow/example_dags/example_sensors.py
[2024-05-05T04:19:58.942+0000] {processor.py:840} INFO - DAG(s) 'example_sensors' retrieved from /home/airflow/.local/lib/python3.12/site-packages/airflow/example_dags/example_sensors.py
[2024-05-05T04:20:00.321+0000] {logging_mixin.py:188} INFO - [2024-05-05T04:20:00.309+0000] {dag.py:3096} INFO - Sync 1 DAGs
[2024-05-05T04:20:00.861+0000] {logging_mixin.py:188} INFO - [2024-05-05T04:20:00.860+0000] {dag.py:3954} INFO - Setting next_dagrun for example_sensors to None, run_after=None
[2024-05-05T04:20:01.258+0000] {processor.py:183} INFO - Processing /home/airflow/.local/lib/python3.12/site-packages/airflow/example_dags/example_sensors.py took 3.521 seconds
[2024-05-05T04:21:16.033+0000] {processor.py:161} INFO - Started process (PID=9443) to work on /home/airflow/.local/lib/python3.12/site-packages/airflow/example_dags/example_sensors.py
[2024-05-05T04:21:16.066+0000] {processor.py:830} INFO - Processing file /home/airflow/.local/lib/python3.12/site-packages/airflow/example_dags/example_sensors.py for tasks to queue
[2024-05-05T04:21:16.107+0000] {logging_mixin.py:188} INFO - [2024-05-05T04:21:16.099+0000] {dagbag.py:540} INFO - Filling up the DagBag from /home/airflow/.local/lib/python3.12/site-packages/airflow/example_dags/example_sensors.py
[2024-05-05T04:21:16.510+0000] {processor.py:840} INFO - DAG(s) 'example_sensors' retrieved from /home/airflow/.local/lib/python3.12/site-packages/airflow/example_dags/example_sensors.py
[2024-05-05T04:21:17.190+0000] {logging_mixin.py:188} INFO - [2024-05-05T04:21:17.188+0000] {dag.py:3096} INFO - Sync 1 DAGs
[2024-05-05T04:21:17.670+0000] {logging_mixin.py:188} INFO - [2024-05-05T04:21:17.665+0000] {dag.py:3954} INFO - Setting next_dagrun for example_sensors to None, run_after=None
[2024-05-05T04:21:18.167+0000] {processor.py:183} INFO - Processing /home/airflow/.local/lib/python3.12/site-packages/airflow/example_dags/example_sensors.py took 2.429 seconds
[2024-05-05T04:22:26.498+0000] {processor.py:161} INFO - Started process (PID=9491) to work on /home/airflow/.local/lib/python3.12/site-packages/airflow/example_dags/example_sensors.py
[2024-05-05T04:22:26.527+0000] {processor.py:830} INFO - Processing file /home/airflow/.local/lib/python3.12/site-packages/airflow/example_dags/example_sensors.py for tasks to queue
[2024-05-05T04:22:26.577+0000] {logging_mixin.py:188} INFO - [2024-05-05T04:22:26.553+0000] {dagbag.py:540} INFO - Filling up the DagBag from /home/airflow/.local/lib/python3.12/site-packages/airflow/example_dags/example_sensors.py
[2024-05-05T04:22:26.942+0000] {processor.py:840} INFO - DAG(s) 'example_sensors' retrieved from /home/airflow/.local/lib/python3.12/site-packages/airflow/example_dags/example_sensors.py
[2024-05-05T04:22:27.647+0000] {logging_mixin.py:188} INFO - [2024-05-05T04:22:27.645+0000] {dag.py:3096} INFO - Sync 1 DAGs
[2024-05-05T04:22:27.986+0000] {logging_mixin.py:188} INFO - [2024-05-05T04:22:27.977+0000] {dag.py:3954} INFO - Setting next_dagrun for example_sensors to None, run_after=None
[2024-05-05T04:22:28.453+0000] {processor.py:183} INFO - Processing /home/airflow/.local/lib/python3.12/site-packages/airflow/example_dags/example_sensors.py took 2.248 seconds
[2024-05-05T04:23:50.872+0000] {processor.py:161} INFO - Started process (PID=9545) to work on /home/airflow/.local/lib/python3.12/site-packages/airflow/example_dags/example_sensors.py
[2024-05-05T04:23:50.914+0000] {processor.py:830} INFO - Processing file /home/airflow/.local/lib/python3.12/site-packages/airflow/example_dags/example_sensors.py for tasks to queue
[2024-05-05T04:23:50.936+0000] {logging_mixin.py:188} INFO - [2024-05-05T04:23:50.923+0000] {dagbag.py:540} INFO - Filling up the DagBag from /home/airflow/.local/lib/python3.12/site-packages/airflow/example_dags/example_sensors.py
[2024-05-05T04:23:51.330+0000] {processor.py:840} INFO - DAG(s) 'example_sensors' retrieved from /home/airflow/.local/lib/python3.12/site-packages/airflow/example_dags/example_sensors.py
[2024-05-05T04:23:52.213+0000] {logging_mixin.py:188} INFO - [2024-05-05T04:23:52.212+0000] {dag.py:3096} INFO - Sync 1 DAGs
[2024-05-05T04:23:52.714+0000] {logging_mixin.py:188} INFO - [2024-05-05T04:23:52.712+0000] {dag.py:3954} INFO - Setting next_dagrun for example_sensors to None, run_after=None
[2024-05-05T04:23:53.238+0000] {processor.py:183} INFO - Processing /home/airflow/.local/lib/python3.12/site-packages/airflow/example_dags/example_sensors.py took 2.832 seconds
[2024-05-05T04:25:05.188+0000] {processor.py:161} INFO - Started process (PID=9595) to work on /home/airflow/.local/lib/python3.12/site-packages/airflow/example_dags/example_sensors.py
[2024-05-05T04:25:05.214+0000] {processor.py:830} INFO - Processing file /home/airflow/.local/lib/python3.12/site-packages/airflow/example_dags/example_sensors.py for tasks to queue
[2024-05-05T04:25:05.253+0000] {logging_mixin.py:188} INFO - [2024-05-05T04:25:05.242+0000] {dagbag.py:540} INFO - Filling up the DagBag from /home/airflow/.local/lib/python3.12/site-packages/airflow/example_dags/example_sensors.py
[2024-05-05T04:25:06.015+0000] {processor.py:840} INFO - DAG(s) 'example_sensors' retrieved from /home/airflow/.local/lib/python3.12/site-packages/airflow/example_dags/example_sensors.py
[2024-05-05T04:25:07.371+0000] {logging_mixin.py:188} INFO - [2024-05-05T04:25:07.359+0000] {dag.py:3096} INFO - Sync 1 DAGs
[2024-05-05T04:25:07.845+0000] {logging_mixin.py:188} INFO - [2024-05-05T04:25:07.831+0000] {dag.py:3954} INFO - Setting next_dagrun for example_sensors to None, run_after=None
[2024-05-05T04:25:08.281+0000] {processor.py:183} INFO - Processing /home/airflow/.local/lib/python3.12/site-packages/airflow/example_dags/example_sensors.py took 3.220 seconds
[2024-05-05T04:26:27.352+0000] {processor.py:161} INFO - Started process (PID=9648) to work on /home/airflow/.local/lib/python3.12/site-packages/airflow/example_dags/example_sensors.py
[2024-05-05T04:26:27.396+0000] {processor.py:830} INFO - Processing file /home/airflow/.local/lib/python3.12/site-packages/airflow/example_dags/example_sensors.py for tasks to queue
[2024-05-05T04:26:27.450+0000] {logging_mixin.py:188} INFO - [2024-05-05T04:26:27.447+0000] {dagbag.py:540} INFO - Filling up the DagBag from /home/airflow/.local/lib/python3.12/site-packages/airflow/example_dags/example_sensors.py
[2024-05-05T04:26:27.927+0000] {processor.py:840} INFO - DAG(s) 'example_sensors' retrieved from /home/airflow/.local/lib/python3.12/site-packages/airflow/example_dags/example_sensors.py
[2024-05-05T04:26:29.294+0000] {logging_mixin.py:188} INFO - [2024-05-05T04:26:29.268+0000] {dag.py:3096} INFO - Sync 1 DAGs
[2024-05-05T04:26:30.024+0000] {logging_mixin.py:188} INFO - [2024-05-05T04:26:30.016+0000] {dag.py:3954} INFO - Setting next_dagrun for example_sensors to None, run_after=None
[2024-05-05T04:26:30.552+0000] {processor.py:183} INFO - Processing /home/airflow/.local/lib/python3.12/site-packages/airflow/example_dags/example_sensors.py took 3.469 seconds
[2024-05-05T04:27:47.025+0000] {processor.py:161} INFO - Started process (PID=9701) to work on /home/airflow/.local/lib/python3.12/site-packages/airflow/example_dags/example_sensors.py
[2024-05-05T04:27:47.049+0000] {processor.py:830} INFO - Processing file /home/airflow/.local/lib/python3.12/site-packages/airflow/example_dags/example_sensors.py for tasks to queue
[2024-05-05T04:27:47.102+0000] {logging_mixin.py:188} INFO - [2024-05-05T04:27:47.086+0000] {dagbag.py:540} INFO - Filling up the DagBag from /home/airflow/.local/lib/python3.12/site-packages/airflow/example_dags/example_sensors.py
[2024-05-05T04:27:47.382+0000] {processor.py:840} INFO - DAG(s) 'example_sensors' retrieved from /home/airflow/.local/lib/python3.12/site-packages/airflow/example_dags/example_sensors.py
[2024-05-05T04:27:48.436+0000] {logging_mixin.py:188} INFO - [2024-05-05T04:27:48.421+0000] {dag.py:3096} INFO - Sync 1 DAGs
[2024-05-05T04:27:49.002+0000] {logging_mixin.py:188} INFO - [2024-05-05T04:27:48.958+0000] {dag.py:3954} INFO - Setting next_dagrun for example_sensors to None, run_after=None
[2024-05-05T04:27:49.492+0000] {processor.py:183} INFO - Processing /home/airflow/.local/lib/python3.12/site-packages/airflow/example_dags/example_sensors.py took 2.636 seconds
[2024-05-05T04:29:04.243+0000] {processor.py:161} INFO - Started process (PID=9754) to work on /home/airflow/.local/lib/python3.12/site-packages/airflow/example_dags/example_sensors.py
[2024-05-05T04:29:04.294+0000] {processor.py:830} INFO - Processing file /home/airflow/.local/lib/python3.12/site-packages/airflow/example_dags/example_sensors.py for tasks to queue
[2024-05-05T04:29:04.313+0000] {logging_mixin.py:188} INFO - [2024-05-05T04:29:04.306+0000] {dagbag.py:540} INFO - Filling up the DagBag from /home/airflow/.local/lib/python3.12/site-packages/airflow/example_dags/example_sensors.py
[2024-05-05T04:29:04.882+0000] {processor.py:840} INFO - DAG(s) 'example_sensors' retrieved from /home/airflow/.local/lib/python3.12/site-packages/airflow/example_dags/example_sensors.py
[2024-05-05T04:29:05.793+0000] {logging_mixin.py:188} INFO - [2024-05-05T04:29:05.792+0000] {dag.py:3096} INFO - Sync 1 DAGs
[2024-05-05T04:29:06.276+0000] {logging_mixin.py:188} INFO - [2024-05-05T04:29:06.265+0000] {dag.py:3954} INFO - Setting next_dagrun for example_sensors to None, run_after=None
[2024-05-05T04:29:06.980+0000] {processor.py:183} INFO - Processing /home/airflow/.local/lib/python3.12/site-packages/airflow/example_dags/example_sensors.py took 3.302 seconds
[2024-05-05T04:30:15.972+0000] {processor.py:161} INFO - Started process (PID=9804) to work on /home/airflow/.local/lib/python3.12/site-packages/airflow/example_dags/example_sensors.py
[2024-05-05T04:30:16.005+0000] {processor.py:830} INFO - Processing file /home/airflow/.local/lib/python3.12/site-packages/airflow/example_dags/example_sensors.py for tasks to queue
[2024-05-05T04:30:16.049+0000] {logging_mixin.py:188} INFO - [2024-05-05T04:30:16.025+0000] {dagbag.py:540} INFO - Filling up the DagBag from /home/airflow/.local/lib/python3.12/site-packages/airflow/example_dags/example_sensors.py
[2024-05-05T04:30:16.476+0000] {processor.py:840} INFO - DAG(s) 'example_sensors' retrieved from /home/airflow/.local/lib/python3.12/site-packages/airflow/example_dags/example_sensors.py
[2024-05-05T04:30:17.493+0000] {logging_mixin.py:188} INFO - [2024-05-05T04:30:17.483+0000] {dag.py:3096} INFO - Sync 1 DAGs
[2024-05-05T04:30:17.871+0000] {logging_mixin.py:188} INFO - [2024-05-05T04:30:17.869+0000] {dag.py:3954} INFO - Setting next_dagrun for example_sensors to None, run_after=None
[2024-05-05T04:30:18.355+0000] {processor.py:183} INFO - Processing /home/airflow/.local/lib/python3.12/site-packages/airflow/example_dags/example_sensors.py took 2.562 seconds
[2024-05-05T04:31:37.303+0000] {processor.py:161} INFO - Started process (PID=9852) to work on /home/airflow/.local/lib/python3.12/site-packages/airflow/example_dags/example_sensors.py
[2024-05-05T04:31:37.336+0000] {processor.py:830} INFO - Processing file /home/airflow/.local/lib/python3.12/site-packages/airflow/example_dags/example_sensors.py for tasks to queue
[2024-05-05T04:31:37.416+0000] {logging_mixin.py:188} INFO - [2024-05-05T04:31:37.398+0000] {dagbag.py:540} INFO - Filling up the DagBag from /home/airflow/.local/lib/python3.12/site-packages/airflow/example_dags/example_sensors.py
[2024-05-05T04:31:38.105+0000] {processor.py:840} INFO - DAG(s) 'example_sensors' retrieved from /home/airflow/.local/lib/python3.12/site-packages/airflow/example_dags/example_sensors.py
[2024-05-05T04:31:38.736+0000] {logging_mixin.py:188} INFO - [2024-05-05T04:31:38.734+0000] {dag.py:3096} INFO - Sync 1 DAGs
[2024-05-05T04:31:39.238+0000] {logging_mixin.py:188} INFO - [2024-05-05T04:31:39.230+0000] {dag.py:3954} INFO - Setting next_dagrun for example_sensors to None, run_after=None
[2024-05-05T04:31:39.847+0000] {processor.py:183} INFO - Processing /home/airflow/.local/lib/python3.12/site-packages/airflow/example_dags/example_sensors.py took 3.036 seconds
[2024-05-05T04:32:52.152+0000] {processor.py:161} INFO - Started process (PID=9908) to work on /home/airflow/.local/lib/python3.12/site-packages/airflow/example_dags/example_sensors.py
[2024-05-05T04:32:52.191+0000] {processor.py:830} INFO - Processing file /home/airflow/.local/lib/python3.12/site-packages/airflow/example_dags/example_sensors.py for tasks to queue
[2024-05-05T04:32:52.206+0000] {logging_mixin.py:188} INFO - [2024-05-05T04:32:52.204+0000] {dagbag.py:540} INFO - Filling up the DagBag from /home/airflow/.local/lib/python3.12/site-packages/airflow/example_dags/example_sensors.py
[2024-05-05T04:32:52.622+0000] {processor.py:840} INFO - DAG(s) 'example_sensors' retrieved from /home/airflow/.local/lib/python3.12/site-packages/airflow/example_dags/example_sensors.py
[2024-05-05T04:32:53.436+0000] {logging_mixin.py:188} INFO - [2024-05-05T04:32:53.435+0000] {dag.py:3096} INFO - Sync 1 DAGs
[2024-05-05T04:32:53.576+0000] {logging_mixin.py:188} INFO - [2024-05-05T04:32:53.575+0000] {dag.py:3954} INFO - Setting next_dagrun for example_sensors to None, run_after=None
[2024-05-05T04:32:53.973+0000] {processor.py:183} INFO - Processing /home/airflow/.local/lib/python3.12/site-packages/airflow/example_dags/example_sensors.py took 2.026 seconds
[2024-05-05T04:34:27.346+0000] {processor.py:161} INFO - Started process (PID=9954) to work on /home/airflow/.local/lib/python3.12/site-packages/airflow/example_dags/example_sensors.py
[2024-05-05T04:34:27.369+0000] {processor.py:830} INFO - Processing file /home/airflow/.local/lib/python3.12/site-packages/airflow/example_dags/example_sensors.py for tasks to queue
[2024-05-05T04:34:27.396+0000] {logging_mixin.py:188} INFO - [2024-05-05T04:34:27.393+0000] {dagbag.py:540} INFO - Filling up the DagBag from /home/airflow/.local/lib/python3.12/site-packages/airflow/example_dags/example_sensors.py
[2024-05-05T04:34:27.829+0000] {processor.py:840} INFO - DAG(s) 'example_sensors' retrieved from /home/airflow/.local/lib/python3.12/site-packages/airflow/example_dags/example_sensors.py
[2024-05-05T04:34:29.820+0000] {logging_mixin.py:188} INFO - [2024-05-05T04:34:29.802+0000] {dag.py:3096} INFO - Sync 1 DAGs
[2024-05-05T04:34:30.634+0000] {logging_mixin.py:188} INFO - [2024-05-05T04:34:30.632+0000] {dag.py:3954} INFO - Setting next_dagrun for example_sensors to None, run_after=None
[2024-05-05T04:34:31.802+0000] {processor.py:183} INFO - Processing /home/airflow/.local/lib/python3.12/site-packages/airflow/example_dags/example_sensors.py took 4.514 seconds
[2024-05-05T05:05:35.797+0000] {processor.py:161} INFO - Started process (PID=10011) to work on /home/airflow/.local/lib/python3.12/site-packages/airflow/example_dags/example_sensors.py
[2024-05-05T05:05:35.992+0000] {processor.py:830} INFO - Processing file /home/airflow/.local/lib/python3.12/site-packages/airflow/example_dags/example_sensors.py for tasks to queue
[2024-05-05T05:05:36.265+0000] {logging_mixin.py:188} INFO - [2024-05-05T05:05:36.106+0000] {dagbag.py:540} INFO - Filling up the DagBag from /home/airflow/.local/lib/python3.12/site-packages/airflow/example_dags/example_sensors.py
[2024-05-05T05:05:37.687+0000] {processor.py:840} INFO - DAG(s) 'example_sensors' retrieved from /home/airflow/.local/lib/python3.12/site-packages/airflow/example_dags/example_sensors.py
[2024-05-05T05:05:39.250+0000] {logging_mixin.py:188} INFO - [2024-05-05T05:05:39.249+0000] {dag.py:3096} INFO - Sync 1 DAGs
[2024-05-05T05:05:40.220+0000] {logging_mixin.py:188} INFO - [2024-05-05T05:05:40.218+0000] {dag.py:3954} INFO - Setting next_dagrun for example_sensors to None, run_after=None
[2024-05-05T05:05:40.683+0000] {processor.py:183} INFO - Processing /home/airflow/.local/lib/python3.12/site-packages/airflow/example_dags/example_sensors.py took 5.565 seconds
[2024-05-05T06:47:04.905+0000] {processor.py:161} INFO - Started process (PID=10063) to work on /home/airflow/.local/lib/python3.12/site-packages/airflow/example_dags/example_sensors.py
[2024-05-05T06:47:05.165+0000] {processor.py:830} INFO - Processing file /home/airflow/.local/lib/python3.12/site-packages/airflow/example_dags/example_sensors.py for tasks to queue
[2024-05-05T06:47:05.298+0000] {logging_mixin.py:188} INFO - [2024-05-05T06:47:05.255+0000] {dagbag.py:540} INFO - Filling up the DagBag from /home/airflow/.local/lib/python3.12/site-packages/airflow/example_dags/example_sensors.py
[2024-05-05T06:47:06.191+0000] {processor.py:840} INFO - DAG(s) 'example_sensors' retrieved from /home/airflow/.local/lib/python3.12/site-packages/airflow/example_dags/example_sensors.py
[2024-05-05T06:47:07.541+0000] {logging_mixin.py:188} INFO - [2024-05-05T06:47:07.540+0000] {dag.py:3096} INFO - Sync 1 DAGs
[2024-05-05T06:47:08.019+0000] {logging_mixin.py:188} INFO - [2024-05-05T06:47:08.018+0000] {dag.py:3954} INFO - Setting next_dagrun for example_sensors to None, run_after=None
[2024-05-05T06:47:08.825+0000] {processor.py:183} INFO - Processing /home/airflow/.local/lib/python3.12/site-packages/airflow/example_dags/example_sensors.py took 4.866 seconds
[2024-05-05T06:51:32.844+0000] {processor.py:161} INFO - Started process (PID=10151) to work on /home/airflow/.local/lib/python3.12/site-packages/airflow/example_dags/example_sensors.py
[2024-05-05T06:51:32.906+0000] {processor.py:830} INFO - Processing file /home/airflow/.local/lib/python3.12/site-packages/airflow/example_dags/example_sensors.py for tasks to queue
[2024-05-05T06:51:32.932+0000] {logging_mixin.py:188} INFO - [2024-05-05T06:51:32.919+0000] {dagbag.py:540} INFO - Filling up the DagBag from /home/airflow/.local/lib/python3.12/site-packages/airflow/example_dags/example_sensors.py
[2024-05-05T06:51:33.594+0000] {processor.py:840} INFO - DAG(s) 'example_sensors' retrieved from /home/airflow/.local/lib/python3.12/site-packages/airflow/example_dags/example_sensors.py
[2024-05-05T06:51:35.781+0000] {logging_mixin.py:188} INFO - [2024-05-05T06:51:35.772+0000] {dag.py:3096} INFO - Sync 1 DAGs
[2024-05-05T06:51:36.420+0000] {logging_mixin.py:188} INFO - [2024-05-05T06:51:36.419+0000] {dag.py:3954} INFO - Setting next_dagrun for example_sensors to None, run_after=None
[2024-05-05T06:51:37.680+0000] {processor.py:183} INFO - Processing /home/airflow/.local/lib/python3.12/site-packages/airflow/example_dags/example_sensors.py took 4.915 seconds
[2024-05-05T13:21:05.340+0000] {processor.py:161} INFO - Started process (PID=10244) to work on /home/airflow/.local/lib/python3.12/site-packages/airflow/example_dags/example_sensors.py
[2024-05-05T13:21:05.464+0000] {processor.py:830} INFO - Processing file /home/airflow/.local/lib/python3.12/site-packages/airflow/example_dags/example_sensors.py for tasks to queue
[2024-05-05T13:21:05.638+0000] {logging_mixin.py:188} INFO - [2024-05-05T13:21:05.621+0000] {dagbag.py:540} INFO - Filling up the DagBag from /home/airflow/.local/lib/python3.12/site-packages/airflow/example_dags/example_sensors.py
[2024-05-05T13:21:06.463+0000] {processor.py:840} INFO - DAG(s) 'example_sensors' retrieved from /home/airflow/.local/lib/python3.12/site-packages/airflow/example_dags/example_sensors.py
[2024-05-05T13:47:26.070+0000] {logging_mixin.py:188} INFO - [2024-05-05T13:47:25.948+0000] {dag.py:3096} INFO - Sync 1 DAGs
[2024-05-05T13:47:28.038+0000] {logging_mixin.py:188} INFO - [2024-05-05T13:47:28.036+0000] {dag.py:3954} INFO - Setting next_dagrun for example_sensors to None, run_after=None
[2024-05-05T13:47:29.643+0000] {processor.py:183} INFO - Processing /home/airflow/.local/lib/python3.12/site-packages/airflow/example_dags/example_sensors.py took 7.667 seconds
[2024-05-05T19:21:17.012+0000] {processor.py:161} INFO - Started process (PID=10326) to work on /home/airflow/.local/lib/python3.12/site-packages/airflow/example_dags/example_sensors.py
[2024-05-05T19:21:17.022+0000] {processor.py:830} INFO - Processing file /home/airflow/.local/lib/python3.12/site-packages/airflow/example_dags/example_sensors.py for tasks to queue
[2024-05-05T19:21:17.039+0000] {logging_mixin.py:188} INFO - [2024-05-05T19:21:17.034+0000] {dagbag.py:540} INFO - Filling up the DagBag from /home/airflow/.local/lib/python3.12/site-packages/airflow/example_dags/example_sensors.py
[2024-05-05T19:21:17.192+0000] {processor.py:840} INFO - DAG(s) 'example_sensors' retrieved from /home/airflow/.local/lib/python3.12/site-packages/airflow/example_dags/example_sensors.py
[2024-05-05T19:21:18.519+0000] {logging_mixin.py:188} INFO - [2024-05-05T19:21:18.463+0000] {dag.py:3096} INFO - Sync 1 DAGs
[2024-05-05T19:21:19.455+0000] {logging_mixin.py:188} INFO - [2024-05-05T19:21:19.438+0000] {dag.py:3954} INFO - Setting next_dagrun for example_sensors to None, run_after=None
[2024-05-05T19:21:20.003+0000] {processor.py:183} INFO - Processing /home/airflow/.local/lib/python3.12/site-packages/airflow/example_dags/example_sensors.py took 3.121 seconds
