[2024-05-05T00:00:32.697+0000] {processor.py:161} INFO - Started process (PID=7585) to work on /home/airflow/.local/lib/python3.12/site-packages/airflow/example_dags/example_branch_python_dop_operator_3.py
[2024-05-05T00:00:32.707+0000] {processor.py:830} INFO - Processing file /home/airflow/.local/lib/python3.12/site-packages/airflow/example_dags/example_branch_python_dop_operator_3.py for tasks to queue
[2024-05-05T00:00:32.710+0000] {logging_mixin.py:188} INFO - [2024-05-05T00:00:32.709+0000] {dagbag.py:540} INFO - Filling up the DagBag from /home/airflow/.local/lib/python3.12/site-packages/airflow/example_dags/example_branch_python_dop_operator_3.py
[2024-05-05T00:00:32.739+0000] {processor.py:840} INFO - DAG(s) 'example_branch_dop_operator_v3' retrieved from /home/airflow/.local/lib/python3.12/site-packages/airflow/example_dags/example_branch_python_dop_operator_3.py
[2024-05-05T00:00:32.803+0000] {logging_mixin.py:188} INFO - [2024-05-05T00:00:32.802+0000] {dag.py:3096} INFO - Sync 1 DAGs
[2024-05-05T00:00:32.884+0000] {logging_mixin.py:188} INFO - [2024-05-05T00:00:32.883+0000] {dag.py:3954} INFO - Setting next_dagrun for example_branch_dop_operator_v3 to 2024-05-04 23:59:00+00:00, run_after=2024-05-05 00:00:00+00:00
[2024-05-05T00:00:32.948+0000] {processor.py:183} INFO - Processing /home/airflow/.local/lib/python3.12/site-packages/airflow/example_dags/example_branch_python_dop_operator_3.py took 0.264 seconds
[2024-05-05T00:01:04.557+0000] {processor.py:161} INFO - Started process (PID=7652) to work on /home/airflow/.local/lib/python3.12/site-packages/airflow/example_dags/example_branch_python_dop_operator_3.py
[2024-05-05T00:01:04.562+0000] {processor.py:830} INFO - Processing file /home/airflow/.local/lib/python3.12/site-packages/airflow/example_dags/example_branch_python_dop_operator_3.py for tasks to queue
[2024-05-05T00:01:04.567+0000] {logging_mixin.py:188} INFO - [2024-05-05T00:01:04.566+0000] {dagbag.py:540} INFO - Filling up the DagBag from /home/airflow/.local/lib/python3.12/site-packages/airflow/example_dags/example_branch_python_dop_operator_3.py
[2024-05-05T00:01:04.593+0000] {processor.py:840} INFO - DAG(s) 'example_branch_dop_operator_v3' retrieved from /home/airflow/.local/lib/python3.12/site-packages/airflow/example_dags/example_branch_python_dop_operator_3.py
[2024-05-05T00:01:04.643+0000] {logging_mixin.py:188} INFO - [2024-05-05T00:01:04.643+0000] {dag.py:3096} INFO - Sync 1 DAGs
[2024-05-05T00:01:04.741+0000] {logging_mixin.py:188} INFO - [2024-05-05T00:01:04.741+0000] {dag.py:3954} INFO - Setting next_dagrun for example_branch_dop_operator_v3 to 2024-05-05 00:00:00+00:00, run_after=2024-05-05 00:01:00+00:00
[2024-05-05T00:01:04.785+0000] {processor.py:183} INFO - Processing /home/airflow/.local/lib/python3.12/site-packages/airflow/example_dags/example_branch_python_dop_operator_3.py took 0.252 seconds
[2024-05-05T00:32:45.544+0000] {processor.py:161} INFO - Started process (PID=7724) to work on /home/airflow/.local/lib/python3.12/site-packages/airflow/example_dags/example_branch_python_dop_operator_3.py
[2024-05-05T00:32:45.574+0000] {processor.py:830} INFO - Processing file /home/airflow/.local/lib/python3.12/site-packages/airflow/example_dags/example_branch_python_dop_operator_3.py for tasks to queue
[2024-05-05T00:32:45.592+0000] {logging_mixin.py:188} INFO - [2024-05-05T00:32:45.590+0000] {dagbag.py:540} INFO - Filling up the DagBag from /home/airflow/.local/lib/python3.12/site-packages/airflow/example_dags/example_branch_python_dop_operator_3.py
[2024-05-05T00:32:45.872+0000] {processor.py:840} INFO - DAG(s) 'example_branch_dop_operator_v3' retrieved from /home/airflow/.local/lib/python3.12/site-packages/airflow/example_dags/example_branch_python_dop_operator_3.py
[2024-05-05T00:32:46.408+0000] {logging_mixin.py:188} INFO - [2024-05-05T00:32:46.406+0000] {dag.py:3096} INFO - Sync 1 DAGs
[2024-05-05T00:32:47.847+0000] {logging_mixin.py:188} INFO - [2024-05-05T00:32:47.832+0000] {dag.py:3954} INFO - Setting next_dagrun for example_branch_dop_operator_v3 to 2024-05-05 00:31:00+00:00, run_after=2024-05-05 00:32:00+00:00
[2024-05-05T00:32:48.577+0000] {processor.py:183} INFO - Processing /home/airflow/.local/lib/python3.12/site-packages/airflow/example_dags/example_branch_python_dop_operator_3.py took 3.336 seconds
[2024-05-05T00:51:07.356+0000] {processor.py:161} INFO - Started process (PID=7788) to work on /home/airflow/.local/lib/python3.12/site-packages/airflow/example_dags/example_branch_python_dop_operator_3.py
[2024-05-05T00:51:07.413+0000] {processor.py:830} INFO - Processing file /home/airflow/.local/lib/python3.12/site-packages/airflow/example_dags/example_branch_python_dop_operator_3.py for tasks to queue
[2024-05-05T00:51:07.498+0000] {logging_mixin.py:188} INFO - [2024-05-05T00:51:07.470+0000] {dagbag.py:540} INFO - Filling up the DagBag from /home/airflow/.local/lib/python3.12/site-packages/airflow/example_dags/example_branch_python_dop_operator_3.py
[2024-05-05T00:51:07.925+0000] {processor.py:840} INFO - DAG(s) 'example_branch_dop_operator_v3' retrieved from /home/airflow/.local/lib/python3.12/site-packages/airflow/example_dags/example_branch_python_dop_operator_3.py
[2024-05-05T00:51:08.576+0000] {logging_mixin.py:188} INFO - [2024-05-05T00:51:08.574+0000] {dag.py:3096} INFO - Sync 1 DAGs
[2024-05-05T00:51:09.751+0000] {logging_mixin.py:188} INFO - [2024-05-05T00:51:09.733+0000] {dag.py:3954} INFO - Setting next_dagrun for example_branch_dop_operator_v3 to 2024-05-05 00:50:00+00:00, run_after=2024-05-05 00:51:00+00:00
[2024-05-05T00:51:10.443+0000] {processor.py:183} INFO - Processing /home/airflow/.local/lib/python3.12/site-packages/airflow/example_dags/example_branch_python_dop_operator_3.py took 3.429 seconds
[2024-05-05T00:53:17.963+0000] {processor.py:161} INFO - Started process (PID=7877) to work on /home/airflow/.local/lib/python3.12/site-packages/airflow/example_dags/example_branch_python_dop_operator_3.py
[2024-05-05T00:53:17.969+0000] {processor.py:830} INFO - Processing file /home/airflow/.local/lib/python3.12/site-packages/airflow/example_dags/example_branch_python_dop_operator_3.py for tasks to queue
[2024-05-05T00:53:17.978+0000] {logging_mixin.py:188} INFO - [2024-05-05T00:53:17.977+0000] {dagbag.py:540} INFO - Filling up the DagBag from /home/airflow/.local/lib/python3.12/site-packages/airflow/example_dags/example_branch_python_dop_operator_3.py
[2024-05-05T00:53:18.025+0000] {processor.py:840} INFO - DAG(s) 'example_branch_dop_operator_v3' retrieved from /home/airflow/.local/lib/python3.12/site-packages/airflow/example_dags/example_branch_python_dop_operator_3.py
[2024-05-05T00:53:18.136+0000] {logging_mixin.py:188} INFO - [2024-05-05T00:53:18.136+0000] {dag.py:3096} INFO - Sync 1 DAGs
[2024-05-05T00:53:18.299+0000] {logging_mixin.py:188} INFO - [2024-05-05T00:53:18.299+0000] {dag.py:3954} INFO - Setting next_dagrun for example_branch_dop_operator_v3 to 2024-05-05 00:52:00+00:00, run_after=2024-05-05 00:53:00+00:00
[2024-05-05T00:53:18.436+0000] {processor.py:183} INFO - Processing /home/airflow/.local/lib/python3.12/site-packages/airflow/example_dags/example_branch_python_dop_operator_3.py took 0.505 seconds
[2024-05-05T01:11:08.922+0000] {processor.py:161} INFO - Started process (PID=7955) to work on /home/airflow/.local/lib/python3.12/site-packages/airflow/example_dags/example_branch_python_dop_operator_3.py
[2024-05-05T01:11:08.925+0000] {processor.py:830} INFO - Processing file /home/airflow/.local/lib/python3.12/site-packages/airflow/example_dags/example_branch_python_dop_operator_3.py for tasks to queue
[2024-05-05T01:11:08.935+0000] {logging_mixin.py:188} INFO - [2024-05-05T01:11:08.935+0000] {dagbag.py:540} INFO - Filling up the DagBag from /home/airflow/.local/lib/python3.12/site-packages/airflow/example_dags/example_branch_python_dop_operator_3.py
[2024-05-05T01:11:08.977+0000] {processor.py:840} INFO - DAG(s) 'example_branch_dop_operator_v3' retrieved from /home/airflow/.local/lib/python3.12/site-packages/airflow/example_dags/example_branch_python_dop_operator_3.py
[2024-05-05T01:11:09.481+0000] {logging_mixin.py:188} INFO - [2024-05-05T01:11:09.461+0000] {dag.py:3096} INFO - Sync 1 DAGs
[2024-05-05T01:11:10.424+0000] {logging_mixin.py:188} INFO - [2024-05-05T01:11:10.422+0000] {dag.py:3954} INFO - Setting next_dagrun for example_branch_dop_operator_v3 to 2024-05-05 01:10:00+00:00, run_after=2024-05-05 01:11:00+00:00
[2024-05-05T01:11:10.830+0000] {processor.py:183} INFO - Processing /home/airflow/.local/lib/python3.12/site-packages/airflow/example_dags/example_branch_python_dop_operator_3.py took 1.936 seconds
[2024-05-05T01:45:05.961+0000] {processor.py:161} INFO - Started process (PID=8001) to work on /home/airflow/.local/lib/python3.12/site-packages/airflow/example_dags/example_branch_python_dop_operator_3.py
[2024-05-05T01:45:05.970+0000] {processor.py:830} INFO - Processing file /home/airflow/.local/lib/python3.12/site-packages/airflow/example_dags/example_branch_python_dop_operator_3.py for tasks to queue
[2024-05-05T01:45:05.980+0000] {logging_mixin.py:188} INFO - [2024-05-05T01:45:05.976+0000] {dagbag.py:540} INFO - Filling up the DagBag from /home/airflow/.local/lib/python3.12/site-packages/airflow/example_dags/example_branch_python_dop_operator_3.py
[2024-05-05T01:45:06.028+0000] {processor.py:840} INFO - DAG(s) 'example_branch_dop_operator_v3' retrieved from /home/airflow/.local/lib/python3.12/site-packages/airflow/example_dags/example_branch_python_dop_operator_3.py
[2024-05-05T01:45:06.132+0000] {logging_mixin.py:188} INFO - [2024-05-05T01:45:06.131+0000] {dag.py:3096} INFO - Sync 1 DAGs
[2024-05-05T01:45:06.233+0000] {logging_mixin.py:188} INFO - [2024-05-05T01:45:06.232+0000] {dag.py:3954} INFO - Setting next_dagrun for example_branch_dop_operator_v3 to 2024-05-05 01:44:00+00:00, run_after=2024-05-05 01:45:00+00:00
[2024-05-05T01:45:06.320+0000] {processor.py:183} INFO - Processing /home/airflow/.local/lib/python3.12/site-packages/airflow/example_dags/example_branch_python_dop_operator_3.py took 0.389 seconds
[2024-05-05T02:03:03.686+0000] {processor.py:161} INFO - Started process (PID=8065) to work on /home/airflow/.local/lib/python3.12/site-packages/airflow/example_dags/example_branch_python_dop_operator_3.py
[2024-05-05T02:03:03.694+0000] {processor.py:830} INFO - Processing file /home/airflow/.local/lib/python3.12/site-packages/airflow/example_dags/example_branch_python_dop_operator_3.py for tasks to queue
[2024-05-05T02:03:03.705+0000] {logging_mixin.py:188} INFO - [2024-05-05T02:03:03.699+0000] {dagbag.py:540} INFO - Filling up the DagBag from /home/airflow/.local/lib/python3.12/site-packages/airflow/example_dags/example_branch_python_dop_operator_3.py
[2024-05-05T02:03:03.733+0000] {processor.py:840} INFO - DAG(s) 'example_branch_dop_operator_v3' retrieved from /home/airflow/.local/lib/python3.12/site-packages/airflow/example_dags/example_branch_python_dop_operator_3.py
[2024-05-05T02:03:03.803+0000] {logging_mixin.py:188} INFO - [2024-05-05T02:03:03.802+0000] {dag.py:3096} INFO - Sync 1 DAGs
[2024-05-05T02:03:03.874+0000] {logging_mixin.py:188} INFO - [2024-05-05T02:03:03.873+0000] {dag.py:3954} INFO - Setting next_dagrun for example_branch_dop_operator_v3 to 2024-05-05 02:02:00+00:00, run_after=2024-05-05 02:03:00+00:00
[2024-05-05T02:03:03.926+0000] {processor.py:183} INFO - Processing /home/airflow/.local/lib/python3.12/site-packages/airflow/example_dags/example_branch_python_dop_operator_3.py took 0.295 seconds
[2024-05-05T02:04:33.562+0000] {processor.py:161} INFO - Started process (PID=8153) to work on /home/airflow/.local/lib/python3.12/site-packages/airflow/example_dags/example_branch_python_dop_operator_3.py
[2024-05-05T02:04:33.588+0000] {processor.py:830} INFO - Processing file /home/airflow/.local/lib/python3.12/site-packages/airflow/example_dags/example_branch_python_dop_operator_3.py for tasks to queue
[2024-05-05T02:04:33.608+0000] {logging_mixin.py:188} INFO - [2024-05-05T02:04:33.606+0000] {dagbag.py:540} INFO - Filling up the DagBag from /home/airflow/.local/lib/python3.12/site-packages/airflow/example_dags/example_branch_python_dop_operator_3.py
[2024-05-05T02:04:33.775+0000] {processor.py:840} INFO - DAG(s) 'example_branch_dop_operator_v3' retrieved from /home/airflow/.local/lib/python3.12/site-packages/airflow/example_dags/example_branch_python_dop_operator_3.py
[2024-05-05T02:04:34.387+0000] {logging_mixin.py:188} INFO - [2024-05-05T02:04:34.385+0000] {dag.py:3096} INFO - Sync 1 DAGs
[2024-05-05T02:04:34.885+0000] {logging_mixin.py:188} INFO - [2024-05-05T02:04:34.879+0000] {dag.py:3954} INFO - Setting next_dagrun for example_branch_dop_operator_v3 to 2024-05-05 02:03:00+00:00, run_after=2024-05-05 02:04:00+00:00
[2024-05-05T02:04:35.319+0000] {processor.py:183} INFO - Processing /home/airflow/.local/lib/python3.12/site-packages/airflow/example_dags/example_branch_python_dop_operator_3.py took 2.015 seconds
[2024-05-05T03:15:25.995+0000] {processor.py:161} INFO - Started process (PID=8251) to work on /home/airflow/.local/lib/python3.12/site-packages/airflow/example_dags/example_branch_python_dop_operator_3.py
[2024-05-05T03:15:26.004+0000] {processor.py:830} INFO - Processing file /home/airflow/.local/lib/python3.12/site-packages/airflow/example_dags/example_branch_python_dop_operator_3.py for tasks to queue
[2024-05-05T03:15:26.006+0000] {logging_mixin.py:188} INFO - [2024-05-05T03:15:26.006+0000] {dagbag.py:540} INFO - Filling up the DagBag from /home/airflow/.local/lib/python3.12/site-packages/airflow/example_dags/example_branch_python_dop_operator_3.py
[2024-05-05T03:15:26.044+0000] {processor.py:840} INFO - DAG(s) 'example_branch_dop_operator_v3' retrieved from /home/airflow/.local/lib/python3.12/site-packages/airflow/example_dags/example_branch_python_dop_operator_3.py
[2024-05-05T03:15:26.145+0000] {logging_mixin.py:188} INFO - [2024-05-05T03:15:26.145+0000] {dag.py:3096} INFO - Sync 1 DAGs
[2024-05-05T03:15:26.249+0000] {logging_mixin.py:188} INFO - [2024-05-05T03:15:26.247+0000] {dag.py:3954} INFO - Setting next_dagrun for example_branch_dop_operator_v3 to 2024-05-05 03:14:00+00:00, run_after=2024-05-05 03:15:00+00:00
[2024-05-05T03:15:26.321+0000] {processor.py:183} INFO - Processing /home/airflow/.local/lib/python3.12/site-packages/airflow/example_dags/example_branch_python_dop_operator_3.py took 0.347 seconds
[2024-05-05T04:00:06.907+0000] {processor.py:161} INFO - Started process (PID=8339) to work on /home/airflow/.local/lib/python3.12/site-packages/airflow/example_dags/example_branch_python_dop_operator_3.py
[2024-05-05T04:00:06.910+0000] {processor.py:830} INFO - Processing file /home/airflow/.local/lib/python3.12/site-packages/airflow/example_dags/example_branch_python_dop_operator_3.py for tasks to queue
[2024-05-05T04:00:06.912+0000] {logging_mixin.py:188} INFO - [2024-05-05T04:00:06.912+0000] {dagbag.py:540} INFO - Filling up the DagBag from /home/airflow/.local/lib/python3.12/site-packages/airflow/example_dags/example_branch_python_dop_operator_3.py
[2024-05-05T04:00:06.931+0000] {processor.py:840} INFO - DAG(s) 'example_branch_dop_operator_v3' retrieved from /home/airflow/.local/lib/python3.12/site-packages/airflow/example_dags/example_branch_python_dop_operator_3.py
[2024-05-05T04:00:06.972+0000] {logging_mixin.py:188} INFO - [2024-05-05T04:00:06.971+0000] {dag.py:3096} INFO - Sync 1 DAGs
[2024-05-05T04:00:07.019+0000] {logging_mixin.py:188} INFO - [2024-05-05T04:00:07.019+0000] {dag.py:3954} INFO - Setting next_dagrun for example_branch_dop_operator_v3 to 2024-05-05 03:59:00+00:00, run_after=2024-05-05 04:00:00+00:00
[2024-05-05T04:00:07.054+0000] {processor.py:183} INFO - Processing /home/airflow/.local/lib/python3.12/site-packages/airflow/example_dags/example_branch_python_dop_operator_3.py took 0.167 seconds
[2024-05-05T04:00:49.815+0000] {processor.py:161} INFO - Started process (PID=8397) to work on /home/airflow/.local/lib/python3.12/site-packages/airflow/example_dags/example_branch_python_dop_operator_3.py
[2024-05-05T04:00:49.848+0000] {processor.py:830} INFO - Processing file /home/airflow/.local/lib/python3.12/site-packages/airflow/example_dags/example_branch_python_dop_operator_3.py for tasks to queue
[2024-05-05T04:00:49.890+0000] {logging_mixin.py:188} INFO - [2024-05-05T04:00:49.887+0000] {dagbag.py:540} INFO - Filling up the DagBag from /home/airflow/.local/lib/python3.12/site-packages/airflow/example_dags/example_branch_python_dop_operator_3.py
[2024-05-05T04:00:50.237+0000] {processor.py:840} INFO - DAG(s) 'example_branch_dop_operator_v3' retrieved from /home/airflow/.local/lib/python3.12/site-packages/airflow/example_dags/example_branch_python_dop_operator_3.py
[2024-05-05T04:00:50.552+0000] {logging_mixin.py:188} INFO - [2024-05-05T04:00:50.550+0000] {dag.py:3096} INFO - Sync 1 DAGs
[2024-05-05T04:00:51.551+0000] {logging_mixin.py:188} INFO - [2024-05-05T04:00:51.514+0000] {dag.py:3954} INFO - Setting next_dagrun for example_branch_dop_operator_v3 to 2024-05-05 03:59:00+00:00, run_after=2024-05-05 04:00:00+00:00
[2024-05-05T04:00:52.183+0000] {processor.py:183} INFO - Processing /home/airflow/.local/lib/python3.12/site-packages/airflow/example_dags/example_branch_python_dop_operator_3.py took 2.709 seconds
[2024-05-05T04:01:50.722+0000] {processor.py:161} INFO - Started process (PID=8463) to work on /home/airflow/.local/lib/python3.12/site-packages/airflow/example_dags/example_branch_python_dop_operator_3.py
[2024-05-05T04:01:50.748+0000] {processor.py:830} INFO - Processing file /home/airflow/.local/lib/python3.12/site-packages/airflow/example_dags/example_branch_python_dop_operator_3.py for tasks to queue
[2024-05-05T04:01:50.758+0000] {logging_mixin.py:188} INFO - [2024-05-05T04:01:50.756+0000] {dagbag.py:540} INFO - Filling up the DagBag from /home/airflow/.local/lib/python3.12/site-packages/airflow/example_dags/example_branch_python_dop_operator_3.py
[2024-05-05T04:01:50.906+0000] {processor.py:840} INFO - DAG(s) 'example_branch_dop_operator_v3' retrieved from /home/airflow/.local/lib/python3.12/site-packages/airflow/example_dags/example_branch_python_dop_operator_3.py
[2024-05-05T04:01:51.194+0000] {logging_mixin.py:188} INFO - [2024-05-05T04:01:51.190+0000] {dag.py:3096} INFO - Sync 1 DAGs
[2024-05-05T04:01:51.513+0000] {logging_mixin.py:188} INFO - [2024-05-05T04:01:51.509+0000] {dag.py:3954} INFO - Setting next_dagrun for example_branch_dop_operator_v3 to 2024-05-05 04:00:00+00:00, run_after=2024-05-05 04:01:00+00:00
[2024-05-05T04:01:51.679+0000] {processor.py:183} INFO - Processing /home/airflow/.local/lib/python3.12/site-packages/airflow/example_dags/example_branch_python_dop_operator_3.py took 1.079 seconds
[2024-05-05T04:02:24.347+0000] {processor.py:161} INFO - Started process (PID=8521) to work on /home/airflow/.local/lib/python3.12/site-packages/airflow/example_dags/example_branch_python_dop_operator_3.py
[2024-05-05T04:02:24.366+0000] {processor.py:830} INFO - Processing file /home/airflow/.local/lib/python3.12/site-packages/airflow/example_dags/example_branch_python_dop_operator_3.py for tasks to queue
[2024-05-05T04:02:24.372+0000] {logging_mixin.py:188} INFO - [2024-05-05T04:02:24.371+0000] {dagbag.py:540} INFO - Filling up the DagBag from /home/airflow/.local/lib/python3.12/site-packages/airflow/example_dags/example_branch_python_dop_operator_3.py
[2024-05-05T04:02:24.510+0000] {processor.py:840} INFO - DAG(s) 'example_branch_dop_operator_v3' retrieved from /home/airflow/.local/lib/python3.12/site-packages/airflow/example_dags/example_branch_python_dop_operator_3.py
[2024-05-05T04:02:24.899+0000] {logging_mixin.py:188} INFO - [2024-05-05T04:02:24.898+0000] {dag.py:3096} INFO - Sync 1 DAGs
[2024-05-05T04:02:25.338+0000] {logging_mixin.py:188} INFO - [2024-05-05T04:02:25.337+0000] {dag.py:3954} INFO - Setting next_dagrun for example_branch_dop_operator_v3 to 2024-05-05 04:01:00+00:00, run_after=2024-05-05 04:02:00+00:00
[2024-05-05T04:02:25.651+0000] {processor.py:183} INFO - Processing /home/airflow/.local/lib/python3.12/site-packages/airflow/example_dags/example_branch_python_dop_operator_3.py took 1.380 seconds
[2024-05-05T04:02:56.647+0000] {processor.py:161} INFO - Started process (PID=8578) to work on /home/airflow/.local/lib/python3.12/site-packages/airflow/example_dags/example_branch_python_dop_operator_3.py
[2024-05-05T04:02:56.673+0000] {processor.py:830} INFO - Processing file /home/airflow/.local/lib/python3.12/site-packages/airflow/example_dags/example_branch_python_dop_operator_3.py for tasks to queue
[2024-05-05T04:02:56.698+0000] {logging_mixin.py:188} INFO - [2024-05-05T04:02:56.697+0000] {dagbag.py:540} INFO - Filling up the DagBag from /home/airflow/.local/lib/python3.12/site-packages/airflow/example_dags/example_branch_python_dop_operator_3.py
[2024-05-05T04:02:56.857+0000] {processor.py:840} INFO - DAG(s) 'example_branch_dop_operator_v3' retrieved from /home/airflow/.local/lib/python3.12/site-packages/airflow/example_dags/example_branch_python_dop_operator_3.py
[2024-05-05T04:02:57.167+0000] {logging_mixin.py:188} INFO - [2024-05-05T04:02:57.166+0000] {dag.py:3096} INFO - Sync 1 DAGs
[2024-05-05T04:02:57.518+0000] {logging_mixin.py:188} INFO - [2024-05-05T04:02:57.517+0000] {dag.py:3954} INFO - Setting next_dagrun for example_branch_dop_operator_v3 to 2024-05-05 04:01:00+00:00, run_after=2024-05-05 04:02:00+00:00
[2024-05-05T04:02:57.814+0000] {processor.py:183} INFO - Processing /home/airflow/.local/lib/python3.12/site-packages/airflow/example_dags/example_branch_python_dop_operator_3.py took 1.302 seconds
[2024-05-05T04:03:32.331+0000] {processor.py:161} INFO - Started process (PID=8634) to work on /home/airflow/.local/lib/python3.12/site-packages/airflow/example_dags/example_branch_python_dop_operator_3.py
[2024-05-05T04:03:32.358+0000] {processor.py:830} INFO - Processing file /home/airflow/.local/lib/python3.12/site-packages/airflow/example_dags/example_branch_python_dop_operator_3.py for tasks to queue
[2024-05-05T04:03:32.395+0000] {logging_mixin.py:188} INFO - [2024-05-05T04:03:32.385+0000] {dagbag.py:540} INFO - Filling up the DagBag from /home/airflow/.local/lib/python3.12/site-packages/airflow/example_dags/example_branch_python_dop_operator_3.py
[2024-05-05T04:03:32.733+0000] {processor.py:840} INFO - DAG(s) 'example_branch_dop_operator_v3' retrieved from /home/airflow/.local/lib/python3.12/site-packages/airflow/example_dags/example_branch_python_dop_operator_3.py
[2024-05-05T04:03:33.332+0000] {logging_mixin.py:188} INFO - [2024-05-05T04:03:33.317+0000] {dag.py:3096} INFO - Sync 1 DAGs
[2024-05-05T04:03:33.988+0000] {logging_mixin.py:188} INFO - [2024-05-05T04:03:33.987+0000] {dag.py:3954} INFO - Setting next_dagrun for example_branch_dop_operator_v3 to 2024-05-05 04:02:00+00:00, run_after=2024-05-05 04:03:00+00:00
[2024-05-05T04:03:34.415+0000] {processor.py:183} INFO - Processing /home/airflow/.local/lib/python3.12/site-packages/airflow/example_dags/example_branch_python_dop_operator_3.py took 2.401 seconds
[2024-05-05T04:04:14.322+0000] {processor.py:161} INFO - Started process (PID=8701) to work on /home/airflow/.local/lib/python3.12/site-packages/airflow/example_dags/example_branch_python_dop_operator_3.py
[2024-05-05T04:04:14.330+0000] {processor.py:830} INFO - Processing file /home/airflow/.local/lib/python3.12/site-packages/airflow/example_dags/example_branch_python_dop_operator_3.py for tasks to queue
[2024-05-05T04:04:14.347+0000] {logging_mixin.py:188} INFO - [2024-05-05T04:04:14.345+0000] {dagbag.py:540} INFO - Filling up the DagBag from /home/airflow/.local/lib/python3.12/site-packages/airflow/example_dags/example_branch_python_dop_operator_3.py
[2024-05-05T04:04:14.671+0000] {processor.py:840} INFO - DAG(s) 'example_branch_dop_operator_v3' retrieved from /home/airflow/.local/lib/python3.12/site-packages/airflow/example_dags/example_branch_python_dop_operator_3.py
[2024-05-05T04:04:15.122+0000] {logging_mixin.py:188} INFO - [2024-05-05T04:04:15.121+0000] {dag.py:3096} INFO - Sync 1 DAGs
[2024-05-05T04:04:15.505+0000] {logging_mixin.py:188} INFO - [2024-05-05T04:04:15.501+0000] {dag.py:3954} INFO - Setting next_dagrun for example_branch_dop_operator_v3 to 2024-05-05 04:03:00+00:00, run_after=2024-05-05 04:04:00+00:00
[2024-05-05T04:04:15.907+0000] {processor.py:183} INFO - Processing /home/airflow/.local/lib/python3.12/site-packages/airflow/example_dags/example_branch_python_dop_operator_3.py took 1.713 seconds
[2024-05-05T04:05:01.261+0000] {processor.py:161} INFO - Started process (PID=8762) to work on /home/airflow/.local/lib/python3.12/site-packages/airflow/example_dags/example_branch_python_dop_operator_3.py
[2024-05-05T04:05:01.276+0000] {processor.py:830} INFO - Processing file /home/airflow/.local/lib/python3.12/site-packages/airflow/example_dags/example_branch_python_dop_operator_3.py for tasks to queue
[2024-05-05T04:05:01.289+0000] {logging_mixin.py:188} INFO - [2024-05-05T04:05:01.283+0000] {dagbag.py:540} INFO - Filling up the DagBag from /home/airflow/.local/lib/python3.12/site-packages/airflow/example_dags/example_branch_python_dop_operator_3.py
[2024-05-05T04:05:01.442+0000] {processor.py:840} INFO - DAG(s) 'example_branch_dop_operator_v3' retrieved from /home/airflow/.local/lib/python3.12/site-packages/airflow/example_dags/example_branch_python_dop_operator_3.py
[2024-05-05T04:05:01.667+0000] {logging_mixin.py:188} INFO - [2024-05-05T04:05:01.656+0000] {dag.py:3096} INFO - Sync 1 DAGs
[2024-05-05T04:05:02.241+0000] {logging_mixin.py:188} INFO - [2024-05-05T04:05:02.233+0000] {dag.py:3954} INFO - Setting next_dagrun for example_branch_dop_operator_v3 to 2024-05-05 04:04:00+00:00, run_after=2024-05-05 04:05:00+00:00
[2024-05-05T04:05:02.485+0000] {processor.py:183} INFO - Processing /home/airflow/.local/lib/python3.12/site-packages/airflow/example_dags/example_branch_python_dop_operator_3.py took 1.322 seconds
[2024-05-05T04:05:44.533+0000] {processor.py:161} INFO - Started process (PID=8821) to work on /home/airflow/.local/lib/python3.12/site-packages/airflow/example_dags/example_branch_python_dop_operator_3.py
[2024-05-05T04:05:44.552+0000] {processor.py:830} INFO - Processing file /home/airflow/.local/lib/python3.12/site-packages/airflow/example_dags/example_branch_python_dop_operator_3.py for tasks to queue
[2024-05-05T04:05:44.585+0000] {logging_mixin.py:188} INFO - [2024-05-05T04:05:44.573+0000] {dagbag.py:540} INFO - Filling up the DagBag from /home/airflow/.local/lib/python3.12/site-packages/airflow/example_dags/example_branch_python_dop_operator_3.py
[2024-05-05T04:05:44.849+0000] {processor.py:840} INFO - DAG(s) 'example_branch_dop_operator_v3' retrieved from /home/airflow/.local/lib/python3.12/site-packages/airflow/example_dags/example_branch_python_dop_operator_3.py
[2024-05-05T04:05:45.736+0000] {logging_mixin.py:188} INFO - [2024-05-05T04:05:45.735+0000] {dag.py:3096} INFO - Sync 1 DAGs
[2024-05-05T04:05:46.676+0000] {logging_mixin.py:188} INFO - [2024-05-05T04:05:46.675+0000] {dag.py:3954} INFO - Setting next_dagrun for example_branch_dop_operator_v3 to 2024-05-05 04:04:00+00:00, run_after=2024-05-05 04:05:00+00:00
[2024-05-05T04:05:47.001+0000] {processor.py:183} INFO - Processing /home/airflow/.local/lib/python3.12/site-packages/airflow/example_dags/example_branch_python_dop_operator_3.py took 2.589 seconds
[2024-05-05T04:07:59.120+0000] {processor.py:161} INFO - Started process (PID=8922) to work on /home/airflow/.local/lib/python3.12/site-packages/airflow/example_dags/example_branch_python_dop_operator_3.py
[2024-05-05T04:07:59.146+0000] {processor.py:830} INFO - Processing file /home/airflow/.local/lib/python3.12/site-packages/airflow/example_dags/example_branch_python_dop_operator_3.py for tasks to queue
[2024-05-05T04:07:59.176+0000] {logging_mixin.py:188} INFO - [2024-05-05T04:07:59.165+0000] {dagbag.py:540} INFO - Filling up the DagBag from /home/airflow/.local/lib/python3.12/site-packages/airflow/example_dags/example_branch_python_dop_operator_3.py
[2024-05-05T04:07:59.575+0000] {processor.py:840} INFO - DAG(s) 'example_branch_dop_operator_v3' retrieved from /home/airflow/.local/lib/python3.12/site-packages/airflow/example_dags/example_branch_python_dop_operator_3.py
[2024-05-05T04:08:00.215+0000] {logging_mixin.py:188} INFO - [2024-05-05T04:08:00.206+0000] {dag.py:3096} INFO - Sync 1 DAGs
[2024-05-05T04:08:01.386+0000] {logging_mixin.py:188} INFO - [2024-05-05T04:08:01.368+0000] {dag.py:3954} INFO - Setting next_dagrun for example_branch_dop_operator_v3 to 2024-05-05 04:07:00+00:00, run_after=2024-05-05 04:08:00+00:00
[2024-05-05T04:08:02.153+0000] {processor.py:183} INFO - Processing /home/airflow/.local/lib/python3.12/site-packages/airflow/example_dags/example_branch_python_dop_operator_3.py took 3.288 seconds
[2024-05-05T04:10:27.634+0000] {processor.py:161} INFO - Started process (PID=9017) to work on /home/airflow/.local/lib/python3.12/site-packages/airflow/example_dags/example_branch_python_dop_operator_3.py
[2024-05-05T04:10:27.666+0000] {processor.py:830} INFO - Processing file /home/airflow/.local/lib/python3.12/site-packages/airflow/example_dags/example_branch_python_dop_operator_3.py for tasks to queue
[2024-05-05T04:10:27.697+0000] {logging_mixin.py:188} INFO - [2024-05-05T04:10:27.678+0000] {dagbag.py:540} INFO - Filling up the DagBag from /home/airflow/.local/lib/python3.12/site-packages/airflow/example_dags/example_branch_python_dop_operator_3.py
[2024-05-05T04:10:28.116+0000] {processor.py:840} INFO - DAG(s) 'example_branch_dop_operator_v3' retrieved from /home/airflow/.local/lib/python3.12/site-packages/airflow/example_dags/example_branch_python_dop_operator_3.py
[2024-05-05T04:10:28.913+0000] {logging_mixin.py:188} INFO - [2024-05-05T04:10:28.911+0000] {dag.py:3096} INFO - Sync 1 DAGs
[2024-05-05T04:10:30.141+0000] {logging_mixin.py:188} INFO - [2024-05-05T04:10:30.134+0000] {dag.py:3954} INFO - Setting next_dagrun for example_branch_dop_operator_v3 to 2024-05-05 04:09:00+00:00, run_after=2024-05-05 04:10:00+00:00
[2024-05-05T04:10:30.808+0000] {processor.py:183} INFO - Processing /home/airflow/.local/lib/python3.12/site-packages/airflow/example_dags/example_branch_python_dop_operator_3.py took 3.307 seconds
[2024-05-05T04:12:57.773+0000] {processor.py:161} INFO - Started process (PID=9116) to work on /home/airflow/.local/lib/python3.12/site-packages/airflow/example_dags/example_branch_python_dop_operator_3.py
[2024-05-05T04:12:57.819+0000] {processor.py:830} INFO - Processing file /home/airflow/.local/lib/python3.12/site-packages/airflow/example_dags/example_branch_python_dop_operator_3.py for tasks to queue
[2024-05-05T04:12:57.864+0000] {logging_mixin.py:188} INFO - [2024-05-05T04:12:57.855+0000] {dagbag.py:540} INFO - Filling up the DagBag from /home/airflow/.local/lib/python3.12/site-packages/airflow/example_dags/example_branch_python_dop_operator_3.py
[2024-05-05T04:12:58.390+0000] {processor.py:840} INFO - DAG(s) 'example_branch_dop_operator_v3' retrieved from /home/airflow/.local/lib/python3.12/site-packages/airflow/example_dags/example_branch_python_dop_operator_3.py
[2024-05-05T04:12:58.805+0000] {logging_mixin.py:188} INFO - [2024-05-05T04:12:58.803+0000] {dag.py:3096} INFO - Sync 1 DAGs
[2024-05-05T04:12:59.740+0000] {logging_mixin.py:188} INFO - [2024-05-05T04:12:59.731+0000] {dag.py:3954} INFO - Setting next_dagrun for example_branch_dop_operator_v3 to 2024-05-05 04:11:00+00:00, run_after=2024-05-05 04:12:00+00:00
[2024-05-05T04:13:00.236+0000] {processor.py:183} INFO - Processing /home/airflow/.local/lib/python3.12/site-packages/airflow/example_dags/example_branch_python_dop_operator_3.py took 2.662 seconds
[2024-05-05T04:15:32.703+0000] {processor.py:161} INFO - Started process (PID=9220) to work on /home/airflow/.local/lib/python3.12/site-packages/airflow/example_dags/example_branch_python_dop_operator_3.py
[2024-05-05T04:15:32.754+0000] {processor.py:830} INFO - Processing file /home/airflow/.local/lib/python3.12/site-packages/airflow/example_dags/example_branch_python_dop_operator_3.py for tasks to queue
[2024-05-05T04:15:32.815+0000] {logging_mixin.py:188} INFO - [2024-05-05T04:15:32.790+0000] {dagbag.py:540} INFO - Filling up the DagBag from /home/airflow/.local/lib/python3.12/site-packages/airflow/example_dags/example_branch_python_dop_operator_3.py
[2024-05-05T04:15:33.661+0000] {processor.py:840} INFO - DAG(s) 'example_branch_dop_operator_v3' retrieved from /home/airflow/.local/lib/python3.12/site-packages/airflow/example_dags/example_branch_python_dop_operator_3.py
[2024-05-05T04:15:34.408+0000] {logging_mixin.py:188} INFO - [2024-05-05T04:15:34.384+0000] {dag.py:3096} INFO - Sync 1 DAGs
[2024-05-05T04:15:35.677+0000] {logging_mixin.py:188} INFO - [2024-05-05T04:15:35.666+0000] {dag.py:3954} INFO - Setting next_dagrun for example_branch_dop_operator_v3 to 2024-05-05 04:14:00+00:00, run_after=2024-05-05 04:15:00+00:00
[2024-05-05T04:15:36.041+0000] {processor.py:183} INFO - Processing /home/airflow/.local/lib/python3.12/site-packages/airflow/example_dags/example_branch_python_dop_operator_3.py took 3.820 seconds
[2024-05-05T04:18:03.225+0000] {processor.py:161} INFO - Started process (PID=9317) to work on /home/airflow/.local/lib/python3.12/site-packages/airflow/example_dags/example_branch_python_dop_operator_3.py
[2024-05-05T04:18:03.256+0000] {processor.py:830} INFO - Processing file /home/airflow/.local/lib/python3.12/site-packages/airflow/example_dags/example_branch_python_dop_operator_3.py for tasks to queue
[2024-05-05T04:18:03.283+0000] {logging_mixin.py:188} INFO - [2024-05-05T04:18:03.280+0000] {dagbag.py:540} INFO - Filling up the DagBag from /home/airflow/.local/lib/python3.12/site-packages/airflow/example_dags/example_branch_python_dop_operator_3.py
[2024-05-05T04:18:03.485+0000] {processor.py:840} INFO - DAG(s) 'example_branch_dop_operator_v3' retrieved from /home/airflow/.local/lib/python3.12/site-packages/airflow/example_dags/example_branch_python_dop_operator_3.py
[2024-05-05T04:18:04.093+0000] {logging_mixin.py:188} INFO - [2024-05-05T04:18:04.092+0000] {dag.py:3096} INFO - Sync 1 DAGs
[2024-05-05T04:18:04.827+0000] {logging_mixin.py:188} INFO - [2024-05-05T04:18:04.820+0000] {dag.py:3954} INFO - Setting next_dagrun for example_branch_dop_operator_v3 to 2024-05-05 04:17:00+00:00, run_after=2024-05-05 04:18:00+00:00
[2024-05-05T04:18:05.231+0000] {processor.py:183} INFO - Processing /home/airflow/.local/lib/python3.12/site-packages/airflow/example_dags/example_branch_python_dop_operator_3.py took 2.135 seconds
[2024-05-05T04:20:27.831+0000] {processor.py:161} INFO - Started process (PID=9417) to work on /home/airflow/.local/lib/python3.12/site-packages/airflow/example_dags/example_branch_python_dop_operator_3.py
[2024-05-05T04:20:27.853+0000] {processor.py:830} INFO - Processing file /home/airflow/.local/lib/python3.12/site-packages/airflow/example_dags/example_branch_python_dop_operator_3.py for tasks to queue
[2024-05-05T04:20:27.876+0000] {logging_mixin.py:188} INFO - [2024-05-05T04:20:27.865+0000] {dagbag.py:540} INFO - Filling up the DagBag from /home/airflow/.local/lib/python3.12/site-packages/airflow/example_dags/example_branch_python_dop_operator_3.py
[2024-05-05T04:20:28.197+0000] {processor.py:840} INFO - DAG(s) 'example_branch_dop_operator_v3' retrieved from /home/airflow/.local/lib/python3.12/site-packages/airflow/example_dags/example_branch_python_dop_operator_3.py
[2024-05-05T04:20:28.956+0000] {logging_mixin.py:188} INFO - [2024-05-05T04:20:28.954+0000] {dag.py:3096} INFO - Sync 1 DAGs
[2024-05-05T04:20:29.693+0000] {logging_mixin.py:188} INFO - [2024-05-05T04:20:29.681+0000] {dag.py:3954} INFO - Setting next_dagrun for example_branch_dop_operator_v3 to 2024-05-05 04:19:00+00:00, run_after=2024-05-05 04:20:00+00:00
[2024-05-05T04:20:30.294+0000] {processor.py:183} INFO - Processing /home/airflow/.local/lib/python3.12/site-packages/airflow/example_dags/example_branch_python_dop_operator_3.py took 2.651 seconds
[2024-05-05T04:22:57.458+0000] {processor.py:161} INFO - Started process (PID=9512) to work on /home/airflow/.local/lib/python3.12/site-packages/airflow/example_dags/example_branch_python_dop_operator_3.py
[2024-05-05T04:22:57.536+0000] {processor.py:830} INFO - Processing file /home/airflow/.local/lib/python3.12/site-packages/airflow/example_dags/example_branch_python_dop_operator_3.py for tasks to queue
[2024-05-05T04:22:57.579+0000] {logging_mixin.py:188} INFO - [2024-05-05T04:22:57.565+0000] {dagbag.py:540} INFO - Filling up the DagBag from /home/airflow/.local/lib/python3.12/site-packages/airflow/example_dags/example_branch_python_dop_operator_3.py
[2024-05-05T04:22:58.007+0000] {processor.py:840} INFO - DAG(s) 'example_branch_dop_operator_v3' retrieved from /home/airflow/.local/lib/python3.12/site-packages/airflow/example_dags/example_branch_python_dop_operator_3.py
[2024-05-05T04:22:58.560+0000] {logging_mixin.py:188} INFO - [2024-05-05T04:22:58.558+0000] {dag.py:3096} INFO - Sync 1 DAGs
[2024-05-05T04:22:59.519+0000] {logging_mixin.py:188} INFO - [2024-05-05T04:22:59.507+0000] {dag.py:3954} INFO - Setting next_dagrun for example_branch_dop_operator_v3 to 2024-05-05 04:21:00+00:00, run_after=2024-05-05 04:22:00+00:00
[2024-05-05T04:23:00.197+0000] {processor.py:183} INFO - Processing /home/airflow/.local/lib/python3.12/site-packages/airflow/example_dags/example_branch_python_dop_operator_3.py took 3.131 seconds
[2024-05-05T04:25:36.588+0000] {processor.py:161} INFO - Started process (PID=9614) to work on /home/airflow/.local/lib/python3.12/site-packages/airflow/example_dags/example_branch_python_dop_operator_3.py
[2024-05-05T04:25:36.611+0000] {processor.py:830} INFO - Processing file /home/airflow/.local/lib/python3.12/site-packages/airflow/example_dags/example_branch_python_dop_operator_3.py for tasks to queue
[2024-05-05T04:25:36.628+0000] {logging_mixin.py:188} INFO - [2024-05-05T04:25:36.625+0000] {dagbag.py:540} INFO - Filling up the DagBag from /home/airflow/.local/lib/python3.12/site-packages/airflow/example_dags/example_branch_python_dop_operator_3.py
[2024-05-05T04:25:36.971+0000] {processor.py:840} INFO - DAG(s) 'example_branch_dop_operator_v3' retrieved from /home/airflow/.local/lib/python3.12/site-packages/airflow/example_dags/example_branch_python_dop_operator_3.py
[2024-05-05T04:25:37.603+0000] {logging_mixin.py:188} INFO - [2024-05-05T04:25:37.601+0000] {dag.py:3096} INFO - Sync 1 DAGs
[2024-05-05T04:25:38.577+0000] {logging_mixin.py:188} INFO - [2024-05-05T04:25:38.575+0000] {dag.py:3954} INFO - Setting next_dagrun for example_branch_dop_operator_v3 to 2024-05-05 04:24:00+00:00, run_after=2024-05-05 04:25:00+00:00
[2024-05-05T04:25:40.105+0000] {processor.py:183} INFO - Processing /home/airflow/.local/lib/python3.12/site-packages/airflow/example_dags/example_branch_python_dop_operator_3.py took 3.767 seconds
[2024-05-05T04:28:13.574+0000] {processor.py:161} INFO - Started process (PID=9722) to work on /home/airflow/.local/lib/python3.12/site-packages/airflow/example_dags/example_branch_python_dop_operator_3.py
[2024-05-05T04:28:13.596+0000] {processor.py:830} INFO - Processing file /home/airflow/.local/lib/python3.12/site-packages/airflow/example_dags/example_branch_python_dop_operator_3.py for tasks to queue
[2024-05-05T04:28:13.614+0000] {logging_mixin.py:188} INFO - [2024-05-05T04:28:13.611+0000] {dagbag.py:540} INFO - Filling up the DagBag from /home/airflow/.local/lib/python3.12/site-packages/airflow/example_dags/example_branch_python_dop_operator_3.py
[2024-05-05T04:28:14.279+0000] {processor.py:840} INFO - DAG(s) 'example_branch_dop_operator_v3' retrieved from /home/airflow/.local/lib/python3.12/site-packages/airflow/example_dags/example_branch_python_dop_operator_3.py
[2024-05-05T04:28:14.858+0000] {logging_mixin.py:188} INFO - [2024-05-05T04:28:14.857+0000] {dag.py:3096} INFO - Sync 1 DAGs
[2024-05-05T04:28:15.499+0000] {logging_mixin.py:188} INFO - [2024-05-05T04:28:15.498+0000] {dag.py:3954} INFO - Setting next_dagrun for example_branch_dop_operator_v3 to 2024-05-05 04:27:00+00:00, run_after=2024-05-05 04:28:00+00:00
[2024-05-05T04:28:16.062+0000] {processor.py:183} INFO - Processing /home/airflow/.local/lib/python3.12/site-packages/airflow/example_dags/example_branch_python_dop_operator_3.py took 2.560 seconds
[2024-05-05T04:30:43.287+0000] {processor.py:161} INFO - Started process (PID=9825) to work on /home/airflow/.local/lib/python3.12/site-packages/airflow/example_dags/example_branch_python_dop_operator_3.py
[2024-05-05T04:30:43.306+0000] {processor.py:830} INFO - Processing file /home/airflow/.local/lib/python3.12/site-packages/airflow/example_dags/example_branch_python_dop_operator_3.py for tasks to queue
[2024-05-05T04:30:43.323+0000] {logging_mixin.py:188} INFO - [2024-05-05T04:30:43.321+0000] {dagbag.py:540} INFO - Filling up the DagBag from /home/airflow/.local/lib/python3.12/site-packages/airflow/example_dags/example_branch_python_dop_operator_3.py
[2024-05-05T04:30:43.648+0000] {processor.py:840} INFO - DAG(s) 'example_branch_dop_operator_v3' retrieved from /home/airflow/.local/lib/python3.12/site-packages/airflow/example_dags/example_branch_python_dop_operator_3.py
[2024-05-05T04:30:45.266+0000] {logging_mixin.py:188} INFO - [2024-05-05T04:30:45.230+0000] {dag.py:3096} INFO - Sync 1 DAGs
[2024-05-05T04:30:47.327+0000] {logging_mixin.py:188} INFO - [2024-05-05T04:30:47.325+0000] {dag.py:3954} INFO - Setting next_dagrun for example_branch_dop_operator_v3 to 2024-05-05 04:29:00+00:00, run_after=2024-05-05 04:30:00+00:00
[2024-05-05T04:30:47.795+0000] {processor.py:183} INFO - Processing /home/airflow/.local/lib/python3.12/site-packages/airflow/example_dags/example_branch_python_dop_operator_3.py took 4.788 seconds
[2024-05-05T04:33:18.377+0000] {processor.py:161} INFO - Started process (PID=9921) to work on /home/airflow/.local/lib/python3.12/site-packages/airflow/example_dags/example_branch_python_dop_operator_3.py
[2024-05-05T04:33:18.414+0000] {processor.py:830} INFO - Processing file /home/airflow/.local/lib/python3.12/site-packages/airflow/example_dags/example_branch_python_dop_operator_3.py for tasks to queue
[2024-05-05T04:33:18.452+0000] {logging_mixin.py:188} INFO - [2024-05-05T04:33:18.439+0000] {dagbag.py:540} INFO - Filling up the DagBag from /home/airflow/.local/lib/python3.12/site-packages/airflow/example_dags/example_branch_python_dop_operator_3.py
[2024-05-05T04:33:18.768+0000] {processor.py:840} INFO - DAG(s) 'example_branch_dop_operator_v3' retrieved from /home/airflow/.local/lib/python3.12/site-packages/airflow/example_dags/example_branch_python_dop_operator_3.py
[2024-05-05T04:33:19.419+0000] {logging_mixin.py:188} INFO - [2024-05-05T04:33:19.396+0000] {dag.py:3096} INFO - Sync 1 DAGs
[2024-05-05T04:33:20.472+0000] {logging_mixin.py:188} INFO - [2024-05-05T04:33:20.469+0000] {dag.py:3954} INFO - Setting next_dagrun for example_branch_dop_operator_v3 to 2024-05-05 04:32:00+00:00, run_after=2024-05-05 04:33:00+00:00
[2024-05-05T04:33:21.063+0000] {processor.py:183} INFO - Processing /home/airflow/.local/lib/python3.12/site-packages/airflow/example_dags/example_branch_python_dop_operator_3.py took 2.991 seconds
[2024-05-05T05:07:36.230+0000] {processor.py:161} INFO - Started process (PID=10029) to work on /home/airflow/.local/lib/python3.12/site-packages/airflow/example_dags/example_branch_python_dop_operator_3.py
[2024-05-05T05:07:36.277+0000] {processor.py:830} INFO - Processing file /home/airflow/.local/lib/python3.12/site-packages/airflow/example_dags/example_branch_python_dop_operator_3.py for tasks to queue
[2024-05-05T05:07:36.296+0000] {logging_mixin.py:188} INFO - [2024-05-05T05:07:36.293+0000] {dagbag.py:540} INFO - Filling up the DagBag from /home/airflow/.local/lib/python3.12/site-packages/airflow/example_dags/example_branch_python_dop_operator_3.py
[2024-05-05T05:07:37.720+0000] {processor.py:840} INFO - DAG(s) 'example_branch_dop_operator_v3' retrieved from /home/airflow/.local/lib/python3.12/site-packages/airflow/example_dags/example_branch_python_dop_operator_3.py
[2024-05-05T05:07:48.369+0000] {logging_mixin.py:188} INFO - [2024-05-05T05:07:47.980+0000] {dag.py:3096} INFO - Sync 1 DAGs
[2024-05-05T05:08:09.496+0000] {logging_mixin.py:188} INFO - [2024-05-05T05:08:09.213+0000] {dag.py:3954} INFO - Setting next_dagrun for example_branch_dop_operator_v3 to 2024-05-05 05:07:00+00:00, run_after=2024-05-05 05:08:00+00:00
[2024-05-05T06:48:09.171+0000] {processor.py:161} INFO - Started process (PID=10098) to work on /home/airflow/.local/lib/python3.12/site-packages/airflow/example_dags/example_branch_python_dop_operator_3.py
[2024-05-05T06:48:09.294+0000] {processor.py:830} INFO - Processing file /home/airflow/.local/lib/python3.12/site-packages/airflow/example_dags/example_branch_python_dop_operator_3.py for tasks to queue
[2024-05-05T06:48:09.348+0000] {logging_mixin.py:188} INFO - [2024-05-05T06:48:09.317+0000] {dagbag.py:540} INFO - Filling up the DagBag from /home/airflow/.local/lib/python3.12/site-packages/airflow/example_dags/example_branch_python_dop_operator_3.py
[2024-05-05T06:48:09.765+0000] {processor.py:840} INFO - DAG(s) 'example_branch_dop_operator_v3' retrieved from /home/airflow/.local/lib/python3.12/site-packages/airflow/example_dags/example_branch_python_dop_operator_3.py
[2024-05-05T06:48:23.183+0000] {logging_mixin.py:188} INFO - [2024-05-05T06:48:23.178+0000] {dag.py:3096} INFO - Sync 1 DAGs
[2024-05-05T06:48:23.880+0000] {logging_mixin.py:188} INFO - [2024-05-05T06:48:23.878+0000] {dag.py:3954} INFO - Setting next_dagrun for example_branch_dop_operator_v3 to 2024-05-05 06:47:00+00:00, run_after=2024-05-05 06:48:00+00:00
[2024-05-05T06:48:24.699+0000] {processor.py:183} INFO - Processing /home/airflow/.local/lib/python3.12/site-packages/airflow/example_dags/example_branch_python_dop_operator_3.py took 15.888 seconds
[2024-05-05T13:48:13.624+0000] {processor.py:161} INFO - Started process (PID=10273) to work on /home/airflow/.local/lib/python3.12/site-packages/airflow/example_dags/example_branch_python_dop_operator_3.py
[2024-05-05T13:48:13.634+0000] {processor.py:830} INFO - Processing file /home/airflow/.local/lib/python3.12/site-packages/airflow/example_dags/example_branch_python_dop_operator_3.py for tasks to queue
[2024-05-05T13:48:13.648+0000] {logging_mixin.py:188} INFO - [2024-05-05T13:48:13.643+0000] {dagbag.py:540} INFO - Filling up the DagBag from /home/airflow/.local/lib/python3.12/site-packages/airflow/example_dags/example_branch_python_dop_operator_3.py
[2024-05-05T13:48:13.706+0000] {processor.py:840} INFO - DAG(s) 'example_branch_dop_operator_v3' retrieved from /home/airflow/.local/lib/python3.12/site-packages/airflow/example_dags/example_branch_python_dop_operator_3.py
[2024-05-05T13:48:13.813+0000] {logging_mixin.py:188} INFO - [2024-05-05T13:48:13.813+0000] {dag.py:3096} INFO - Sync 1 DAGs
[2024-05-05T13:48:14.061+0000] {logging_mixin.py:188} INFO - [2024-05-05T13:48:14.061+0000] {dag.py:3954} INFO - Setting next_dagrun for example_branch_dop_operator_v3 to 2024-05-05 13:47:00+00:00, run_after=2024-05-05 13:48:00+00:00
[2024-05-05T13:48:14.143+0000] {processor.py:183} INFO - Processing /home/airflow/.local/lib/python3.12/site-packages/airflow/example_dags/example_branch_python_dop_operator_3.py took 0.581 seconds
