[2024-05-05T00:00:27.582+0000] {processor.py:161} INFO - Started process (PID=7559) to work on /home/airflow/.local/lib/python3.12/site-packages/airflow/example_dags/example_short_circuit_decorator.py
[2024-05-05T00:00:27.585+0000] {processor.py:830} INFO - Processing file /home/airflow/.local/lib/python3.12/site-packages/airflow/example_dags/example_short_circuit_decorator.py for tasks to queue
[2024-05-05T00:00:27.590+0000] {logging_mixin.py:188} INFO - [2024-05-05T00:00:27.588+0000] {dagbag.py:540} INFO - Filling up the DagBag from /home/airflow/.local/lib/python3.12/site-packages/airflow/example_dags/example_short_circuit_decorator.py
[2024-05-05T00:00:27.617+0000] {processor.py:840} INFO - DAG(s) 'example_short_circuit_decorator' retrieved from /home/airflow/.local/lib/python3.12/site-packages/airflow/example_dags/example_short_circuit_decorator.py
[2024-05-05T00:00:27.655+0000] {logging_mixin.py:188} INFO - [2024-05-05T00:00:27.655+0000] {dag.py:3096} INFO - Sync 1 DAGs
[2024-05-05T00:00:27.734+0000] {logging_mixin.py:188} INFO - [2024-05-05T00:00:27.734+0000] {dag.py:3954} INFO - Setting next_dagrun for example_short_circuit_decorator to 2024-05-04 00:00:00+00:00, run_after=2024-05-05 00:00:00+00:00
[2024-05-05T00:00:27.865+0000] {processor.py:183} INFO - Processing /home/airflow/.local/lib/python3.12/site-packages/airflow/example_dags/example_short_circuit_decorator.py took 0.307 seconds
[2024-05-05T00:00:58.093+0000] {processor.py:161} INFO - Started process (PID=7619) to work on /home/airflow/.local/lib/python3.12/site-packages/airflow/example_dags/example_short_circuit_decorator.py
[2024-05-05T00:00:58.096+0000] {processor.py:830} INFO - Processing file /home/airflow/.local/lib/python3.12/site-packages/airflow/example_dags/example_short_circuit_decorator.py for tasks to queue
[2024-05-05T00:00:58.101+0000] {logging_mixin.py:188} INFO - [2024-05-05T00:00:58.100+0000] {dagbag.py:540} INFO - Filling up the DagBag from /home/airflow/.local/lib/python3.12/site-packages/airflow/example_dags/example_short_circuit_decorator.py
[2024-05-05T00:00:58.128+0000] {processor.py:840} INFO - DAG(s) 'example_short_circuit_decorator' retrieved from /home/airflow/.local/lib/python3.12/site-packages/airflow/example_dags/example_short_circuit_decorator.py
[2024-05-05T00:00:58.217+0000] {logging_mixin.py:188} INFO - [2024-05-05T00:00:58.215+0000] {dag.py:3096} INFO - Sync 1 DAGs
[2024-05-05T00:00:58.290+0000] {logging_mixin.py:188} INFO - [2024-05-05T00:00:58.275+0000] {dag.py:3954} INFO - Setting next_dagrun for example_short_circuit_decorator to 2024-05-04 00:00:00+00:00, run_after=2024-05-05 00:00:00+00:00
[2024-05-05T00:00:58.356+0000] {processor.py:183} INFO - Processing /home/airflow/.local/lib/python3.12/site-packages/airflow/example_dags/example_short_circuit_decorator.py took 0.279 seconds
[2024-05-05T00:31:41.121+0000] {processor.py:161} INFO - Started process (PID=7685) to work on /home/airflow/.local/lib/python3.12/site-packages/airflow/example_dags/example_short_circuit_decorator.py
[2024-05-05T00:31:41.169+0000] {processor.py:830} INFO - Processing file /home/airflow/.local/lib/python3.12/site-packages/airflow/example_dags/example_short_circuit_decorator.py for tasks to queue
[2024-05-05T00:31:41.251+0000] {logging_mixin.py:188} INFO - [2024-05-05T00:31:41.248+0000] {dagbag.py:540} INFO - Filling up the DagBag from /home/airflow/.local/lib/python3.12/site-packages/airflow/example_dags/example_short_circuit_decorator.py
[2024-05-05T00:31:41.903+0000] {processor.py:840} INFO - DAG(s) 'example_short_circuit_decorator' retrieved from /home/airflow/.local/lib/python3.12/site-packages/airflow/example_dags/example_short_circuit_decorator.py
[2024-05-05T00:31:43.762+0000] {logging_mixin.py:188} INFO - [2024-05-05T00:31:43.744+0000] {dag.py:3096} INFO - Sync 1 DAGs
[2024-05-05T00:31:44.801+0000] {logging_mixin.py:188} INFO - [2024-05-05T00:31:44.788+0000] {dag.py:3954} INFO - Setting next_dagrun for example_short_circuit_decorator to 2024-05-04 00:00:00+00:00, run_after=2024-05-05 00:00:00+00:00
[2024-05-05T00:31:45.837+0000] {processor.py:183} INFO - Processing /home/airflow/.local/lib/python3.12/site-packages/airflow/example_dags/example_short_circuit_decorator.py took 5.123 seconds
[2024-05-05T00:33:43.606+0000] {processor.py:161} INFO - Started process (PID=7762) to work on /home/airflow/.local/lib/python3.12/site-packages/airflow/example_dags/example_short_circuit_decorator.py
[2024-05-05T00:33:43.615+0000] {processor.py:830} INFO - Processing file /home/airflow/.local/lib/python3.12/site-packages/airflow/example_dags/example_short_circuit_decorator.py for tasks to queue
[2024-05-05T00:33:43.617+0000] {logging_mixin.py:188} INFO - [2024-05-05T00:33:43.617+0000] {dagbag.py:540} INFO - Filling up the DagBag from /home/airflow/.local/lib/python3.12/site-packages/airflow/example_dags/example_short_circuit_decorator.py
[2024-05-05T00:33:43.694+0000] {processor.py:840} INFO - DAG(s) 'example_short_circuit_decorator' retrieved from /home/airflow/.local/lib/python3.12/site-packages/airflow/example_dags/example_short_circuit_decorator.py
[2024-05-05T00:33:44.009+0000] {logging_mixin.py:188} INFO - [2024-05-05T00:33:44.001+0000] {dag.py:3096} INFO - Sync 1 DAGs
[2024-05-05T00:33:44.203+0000] {logging_mixin.py:188} INFO - [2024-05-05T00:33:44.202+0000] {dag.py:3954} INFO - Setting next_dagrun for example_short_circuit_decorator to 2024-05-04 00:00:00+00:00, run_after=2024-05-05 00:00:00+00:00
[2024-05-05T00:33:44.307+0000] {processor.py:183} INFO - Processing /home/airflow/.local/lib/python3.12/site-packages/airflow/example_dags/example_short_circuit_decorator.py took 0.739 seconds
[2024-05-05T00:51:34.126+0000] {processor.py:161} INFO - Started process (PID=7806) to work on /home/airflow/.local/lib/python3.12/site-packages/airflow/example_dags/example_short_circuit_decorator.py
[2024-05-05T00:51:34.159+0000] {processor.py:830} INFO - Processing file /home/airflow/.local/lib/python3.12/site-packages/airflow/example_dags/example_short_circuit_decorator.py for tasks to queue
[2024-05-05T00:51:34.208+0000] {logging_mixin.py:188} INFO - [2024-05-05T00:51:34.183+0000] {dagbag.py:540} INFO - Filling up the DagBag from /home/airflow/.local/lib/python3.12/site-packages/airflow/example_dags/example_short_circuit_decorator.py
[2024-05-05T00:51:34.709+0000] {processor.py:840} INFO - DAG(s) 'example_short_circuit_decorator' retrieved from /home/airflow/.local/lib/python3.12/site-packages/airflow/example_dags/example_short_circuit_decorator.py
[2024-05-05T00:51:35.250+0000] {logging_mixin.py:188} INFO - [2024-05-05T00:51:35.243+0000] {dag.py:3096} INFO - Sync 1 DAGs
[2024-05-05T00:51:36.004+0000] {logging_mixin.py:188} INFO - [2024-05-05T00:51:36.002+0000] {dag.py:3954} INFO - Setting next_dagrun for example_short_circuit_decorator to 2024-05-04 00:00:00+00:00, run_after=2024-05-05 00:00:00+00:00
[2024-05-05T00:51:36.517+0000] {processor.py:183} INFO - Processing /home/airflow/.local/lib/python3.12/site-packages/airflow/example_dags/example_short_circuit_decorator.py took 2.772 seconds
[2024-05-05T00:52:34.266+0000] {processor.py:161} INFO - Started process (PID=7845) to work on /home/airflow/.local/lib/python3.12/site-packages/airflow/example_dags/example_short_circuit_decorator.py
[2024-05-05T00:52:34.455+0000] {processor.py:830} INFO - Processing file /home/airflow/.local/lib/python3.12/site-packages/airflow/example_dags/example_short_circuit_decorator.py for tasks to queue
[2024-05-05T00:52:34.550+0000] {logging_mixin.py:188} INFO - [2024-05-05T00:52:34.533+0000] {dagbag.py:540} INFO - Filling up the DagBag from /home/airflow/.local/lib/python3.12/site-packages/airflow/example_dags/example_short_circuit_decorator.py
[2024-05-05T00:52:35.073+0000] {processor.py:840} INFO - DAG(s) 'example_short_circuit_decorator' retrieved from /home/airflow/.local/lib/python3.12/site-packages/airflow/example_dags/example_short_circuit_decorator.py
[2024-05-05T00:52:36.188+0000] {logging_mixin.py:188} INFO - [2024-05-05T00:52:36.186+0000] {dag.py:3096} INFO - Sync 1 DAGs
[2024-05-05T00:52:36.917+0000] {logging_mixin.py:188} INFO - [2024-05-05T00:52:36.915+0000] {dag.py:3954} INFO - Setting next_dagrun for example_short_circuit_decorator to 2024-05-04 00:00:00+00:00, run_after=2024-05-05 00:00:00+00:00
[2024-05-05T00:52:37.601+0000] {processor.py:183} INFO - Processing /home/airflow/.local/lib/python3.12/site-packages/airflow/example_dags/example_short_circuit_decorator.py took 3.585 seconds
[2024-05-05T00:53:21.414+0000] {processor.py:161} INFO - Started process (PID=7888) to work on /home/airflow/.local/lib/python3.12/site-packages/airflow/example_dags/example_short_circuit_decorator.py
[2024-05-05T00:53:21.425+0000] {processor.py:830} INFO - Processing file /home/airflow/.local/lib/python3.12/site-packages/airflow/example_dags/example_short_circuit_decorator.py for tasks to queue
[2024-05-05T00:53:21.428+0000] {logging_mixin.py:188} INFO - [2024-05-05T00:53:21.428+0000] {dagbag.py:540} INFO - Filling up the DagBag from /home/airflow/.local/lib/python3.12/site-packages/airflow/example_dags/example_short_circuit_decorator.py
[2024-05-05T00:53:21.509+0000] {processor.py:840} INFO - DAG(s) 'example_short_circuit_decorator' retrieved from /home/airflow/.local/lib/python3.12/site-packages/airflow/example_dags/example_short_circuit_decorator.py
[2024-05-05T00:53:21.631+0000] {logging_mixin.py:188} INFO - [2024-05-05T00:53:21.631+0000] {dag.py:3096} INFO - Sync 1 DAGs
[2024-05-05T00:53:21.752+0000] {logging_mixin.py:188} INFO - [2024-05-05T00:53:21.752+0000] {dag.py:3954} INFO - Setting next_dagrun for example_short_circuit_decorator to 2024-05-04 00:00:00+00:00, run_after=2024-05-05 00:00:00+00:00
[2024-05-05T00:53:21.850+0000] {processor.py:183} INFO - Processing /home/airflow/.local/lib/python3.12/site-packages/airflow/example_dags/example_short_circuit_decorator.py took 0.489 seconds
[2024-05-05T01:11:00.942+0000] {processor.py:161} INFO - Started process (PID=7929) to work on /home/airflow/.local/lib/python3.12/site-packages/airflow/example_dags/example_short_circuit_decorator.py
[2024-05-05T01:11:00.950+0000] {processor.py:830} INFO - Processing file /home/airflow/.local/lib/python3.12/site-packages/airflow/example_dags/example_short_circuit_decorator.py for tasks to queue
[2024-05-05T01:11:00.958+0000] {logging_mixin.py:188} INFO - [2024-05-05T01:11:00.956+0000] {dagbag.py:540} INFO - Filling up the DagBag from /home/airflow/.local/lib/python3.12/site-packages/airflow/example_dags/example_short_circuit_decorator.py
[2024-05-05T01:11:01.010+0000] {processor.py:840} INFO - DAG(s) 'example_short_circuit_decorator' retrieved from /home/airflow/.local/lib/python3.12/site-packages/airflow/example_dags/example_short_circuit_decorator.py
[2024-05-05T01:11:01.139+0000] {logging_mixin.py:188} INFO - [2024-05-05T01:11:01.139+0000] {dag.py:3096} INFO - Sync 1 DAGs
[2024-05-05T01:11:01.306+0000] {logging_mixin.py:188} INFO - [2024-05-05T01:11:01.306+0000] {dag.py:3954} INFO - Setting next_dagrun for example_short_circuit_decorator to 2024-05-04 00:00:00+00:00, run_after=2024-05-05 00:00:00+00:00
[2024-05-05T01:11:01.444+0000] {processor.py:183} INFO - Processing /home/airflow/.local/lib/python3.12/site-packages/airflow/example_dags/example_short_circuit_decorator.py took 0.523 seconds
[2024-05-05T01:29:16.636+0000] {processor.py:161} INFO - Started process (PID=7975) to work on /home/airflow/.local/lib/python3.12/site-packages/airflow/example_dags/example_short_circuit_decorator.py
[2024-05-05T01:29:16.681+0000] {processor.py:830} INFO - Processing file /home/airflow/.local/lib/python3.12/site-packages/airflow/example_dags/example_short_circuit_decorator.py for tasks to queue
[2024-05-05T01:29:16.751+0000] {logging_mixin.py:188} INFO - [2024-05-05T01:29:16.704+0000] {dagbag.py:540} INFO - Filling up the DagBag from /home/airflow/.local/lib/python3.12/site-packages/airflow/example_dags/example_short_circuit_decorator.py
[2024-05-05T01:29:17.046+0000] {processor.py:840} INFO - DAG(s) 'example_short_circuit_decorator' retrieved from /home/airflow/.local/lib/python3.12/site-packages/airflow/example_dags/example_short_circuit_decorator.py
[2024-05-05T01:29:17.458+0000] {logging_mixin.py:188} INFO - [2024-05-05T01:29:17.453+0000] {dag.py:3096} INFO - Sync 1 DAGs
[2024-05-05T01:29:18.062+0000] {logging_mixin.py:188} INFO - [2024-05-05T01:29:18.052+0000] {dag.py:3954} INFO - Setting next_dagrun for example_short_circuit_decorator to 2024-05-04 00:00:00+00:00, run_after=2024-05-05 00:00:00+00:00
[2024-05-05T01:29:18.579+0000] {processor.py:183} INFO - Processing /home/airflow/.local/lib/python3.12/site-packages/airflow/example_dags/example_short_circuit_decorator.py took 2.211 seconds
[2024-05-05T01:45:32.341+0000] {processor.py:161} INFO - Started process (PID=8031) to work on /home/airflow/.local/lib/python3.12/site-packages/airflow/example_dags/example_short_circuit_decorator.py
[2024-05-05T01:45:32.369+0000] {processor.py:830} INFO - Processing file /home/airflow/.local/lib/python3.12/site-packages/airflow/example_dags/example_short_circuit_decorator.py for tasks to queue
[2024-05-05T01:45:32.399+0000] {logging_mixin.py:188} INFO - [2024-05-05T01:45:32.387+0000] {dagbag.py:540} INFO - Filling up the DagBag from /home/airflow/.local/lib/python3.12/site-packages/airflow/example_dags/example_short_circuit_decorator.py
[2024-05-05T01:45:32.586+0000] {processor.py:840} INFO - DAG(s) 'example_short_circuit_decorator' retrieved from /home/airflow/.local/lib/python3.12/site-packages/airflow/example_dags/example_short_circuit_decorator.py
[2024-05-05T01:45:33.737+0000] {logging_mixin.py:188} INFO - [2024-05-05T01:45:33.735+0000] {dag.py:3096} INFO - Sync 1 DAGs
[2024-05-05T01:45:34.581+0000] {logging_mixin.py:188} INFO - [2024-05-05T01:45:34.579+0000] {dag.py:3954} INFO - Setting next_dagrun for example_short_circuit_decorator to 2024-05-04 00:00:00+00:00, run_after=2024-05-05 00:00:00+00:00
[2024-05-05T01:45:35.596+0000] {processor.py:183} INFO - Processing /home/airflow/.local/lib/python3.12/site-packages/airflow/example_dags/example_short_circuit_decorator.py took 3.401 seconds
[2024-05-05T02:03:07.675+0000] {processor.py:161} INFO - Started process (PID=8080) to work on /home/airflow/.local/lib/python3.12/site-packages/airflow/example_dags/example_short_circuit_decorator.py
[2024-05-05T02:03:07.685+0000] {processor.py:830} INFO - Processing file /home/airflow/.local/lib/python3.12/site-packages/airflow/example_dags/example_short_circuit_decorator.py for tasks to queue
[2024-05-05T02:03:07.705+0000] {logging_mixin.py:188} INFO - [2024-05-05T02:03:07.703+0000] {dagbag.py:540} INFO - Filling up the DagBag from /home/airflow/.local/lib/python3.12/site-packages/airflow/example_dags/example_short_circuit_decorator.py
[2024-05-05T02:03:08.113+0000] {processor.py:840} INFO - DAG(s) 'example_short_circuit_decorator' retrieved from /home/airflow/.local/lib/python3.12/site-packages/airflow/example_dags/example_short_circuit_decorator.py
[2024-05-05T02:03:08.706+0000] {logging_mixin.py:188} INFO - [2024-05-05T02:03:08.691+0000] {dag.py:3096} INFO - Sync 1 DAGs
[2024-05-05T02:03:09.504+0000] {logging_mixin.py:188} INFO - [2024-05-05T02:03:09.497+0000] {dag.py:3954} INFO - Setting next_dagrun for example_short_circuit_decorator to 2024-05-04 00:00:00+00:00, run_after=2024-05-05 00:00:00+00:00
[2024-05-05T02:03:09.846+0000] {processor.py:183} INFO - Processing /home/airflow/.local/lib/python3.12/site-packages/airflow/example_dags/example_short_circuit_decorator.py took 2.220 seconds
[2024-05-05T02:04:07.929+0000] {processor.py:161} INFO - Started process (PID=8129) to work on /home/airflow/.local/lib/python3.12/site-packages/airflow/example_dags/example_short_circuit_decorator.py
[2024-05-05T02:04:07.958+0000] {processor.py:830} INFO - Processing file /home/airflow/.local/lib/python3.12/site-packages/airflow/example_dags/example_short_circuit_decorator.py for tasks to queue
[2024-05-05T02:04:07.981+0000] {logging_mixin.py:188} INFO - [2024-05-05T02:04:07.979+0000] {dagbag.py:540} INFO - Filling up the DagBag from /home/airflow/.local/lib/python3.12/site-packages/airflow/example_dags/example_short_circuit_decorator.py
[2024-05-05T02:04:08.155+0000] {processor.py:840} INFO - DAG(s) 'example_short_circuit_decorator' retrieved from /home/airflow/.local/lib/python3.12/site-packages/airflow/example_dags/example_short_circuit_decorator.py
[2024-05-05T02:04:08.717+0000] {logging_mixin.py:188} INFO - [2024-05-05T02:04:08.708+0000] {dag.py:3096} INFO - Sync 1 DAGs
[2024-05-05T02:04:08.960+0000] {logging_mixin.py:188} INFO - [2024-05-05T02:04:08.959+0000] {dag.py:3954} INFO - Setting next_dagrun for example_short_circuit_decorator to 2024-05-04 00:00:00+00:00, run_after=2024-05-05 00:00:00+00:00
[2024-05-05T02:04:09.099+0000] {processor.py:183} INFO - Processing /home/airflow/.local/lib/python3.12/site-packages/airflow/example_dags/example_short_circuit_decorator.py took 1.294 seconds
[2024-05-05T02:04:50.467+0000] {processor.py:161} INFO - Started process (PID=8168) to work on /home/airflow/.local/lib/python3.12/site-packages/airflow/example_dags/example_short_circuit_decorator.py
[2024-05-05T02:04:50.483+0000] {processor.py:830} INFO - Processing file /home/airflow/.local/lib/python3.12/site-packages/airflow/example_dags/example_short_circuit_decorator.py for tasks to queue
[2024-05-05T02:04:50.497+0000] {logging_mixin.py:188} INFO - [2024-05-05T02:04:50.493+0000] {dagbag.py:540} INFO - Filling up the DagBag from /home/airflow/.local/lib/python3.12/site-packages/airflow/example_dags/example_short_circuit_decorator.py
[2024-05-05T02:04:50.571+0000] {processor.py:840} INFO - DAG(s) 'example_short_circuit_decorator' retrieved from /home/airflow/.local/lib/python3.12/site-packages/airflow/example_dags/example_short_circuit_decorator.py
[2024-05-05T02:04:50.681+0000] {logging_mixin.py:188} INFO - [2024-05-05T02:04:50.681+0000] {dag.py:3096} INFO - Sync 1 DAGs
[2024-05-05T02:04:50.765+0000] {logging_mixin.py:188} INFO - [2024-05-05T02:04:50.764+0000] {dag.py:3954} INFO - Setting next_dagrun for example_short_circuit_decorator to 2024-05-04 00:00:00+00:00, run_after=2024-05-05 00:00:00+00:00
[2024-05-05T02:04:50.851+0000] {processor.py:183} INFO - Processing /home/airflow/.local/lib/python3.12/site-packages/airflow/example_dags/example_short_circuit_decorator.py took 0.441 seconds
[2024-05-05T03:14:51.874+0000] {processor.py:161} INFO - Started process (PID=8219) to work on /home/airflow/.local/lib/python3.12/site-packages/airflow/example_dags/example_short_circuit_decorator.py
[2024-05-05T03:14:51.894+0000] {processor.py:830} INFO - Processing file /home/airflow/.local/lib/python3.12/site-packages/airflow/example_dags/example_short_circuit_decorator.py for tasks to queue
[2024-05-05T03:14:51.928+0000] {logging_mixin.py:188} INFO - [2024-05-05T03:14:51.923+0000] {dagbag.py:540} INFO - Filling up the DagBag from /home/airflow/.local/lib/python3.12/site-packages/airflow/example_dags/example_short_circuit_decorator.py
[2024-05-05T03:14:52.048+0000] {processor.py:840} INFO - DAG(s) 'example_short_circuit_decorator' retrieved from /home/airflow/.local/lib/python3.12/site-packages/airflow/example_dags/example_short_circuit_decorator.py
[2024-05-05T03:14:52.378+0000] {logging_mixin.py:188} INFO - [2024-05-05T03:14:52.376+0000] {dag.py:3096} INFO - Sync 1 DAGs
[2024-05-05T03:14:52.563+0000] {logging_mixin.py:188} INFO - [2024-05-05T03:14:52.562+0000] {dag.py:3954} INFO - Setting next_dagrun for example_short_circuit_decorator to 2024-05-04 00:00:00+00:00, run_after=2024-05-05 00:00:00+00:00
[2024-05-05T03:14:52.846+0000] {processor.py:183} INFO - Processing /home/airflow/.local/lib/python3.12/site-packages/airflow/example_dags/example_short_circuit_decorator.py took 1.048 seconds
[2024-05-05T03:15:29.855+0000] {processor.py:161} INFO - Started process (PID=8277) to work on /home/airflow/.local/lib/python3.12/site-packages/airflow/example_dags/example_short_circuit_decorator.py
[2024-05-05T03:15:29.858+0000] {processor.py:830} INFO - Processing file /home/airflow/.local/lib/python3.12/site-packages/airflow/example_dags/example_short_circuit_decorator.py for tasks to queue
[2024-05-05T03:15:29.862+0000] {logging_mixin.py:188} INFO - [2024-05-05T03:15:29.861+0000] {dagbag.py:540} INFO - Filling up the DagBag from /home/airflow/.local/lib/python3.12/site-packages/airflow/example_dags/example_short_circuit_decorator.py
[2024-05-05T03:15:29.893+0000] {processor.py:840} INFO - DAG(s) 'example_short_circuit_decorator' retrieved from /home/airflow/.local/lib/python3.12/site-packages/airflow/example_dags/example_short_circuit_decorator.py
[2024-05-05T03:15:29.937+0000] {logging_mixin.py:188} INFO - [2024-05-05T03:15:29.936+0000] {dag.py:3096} INFO - Sync 1 DAGs
[2024-05-05T03:15:29.992+0000] {logging_mixin.py:188} INFO - [2024-05-05T03:15:29.992+0000] {dag.py:3954} INFO - Setting next_dagrun for example_short_circuit_decorator to 2024-05-04 00:00:00+00:00, run_after=2024-05-05 00:00:00+00:00
[2024-05-05T03:15:30.044+0000] {processor.py:183} INFO - Processing /home/airflow/.local/lib/python3.12/site-packages/airflow/example_dags/example_short_circuit_decorator.py took 0.207 seconds
[2024-05-05T03:48:42.247+0000] {processor.py:161} INFO - Started process (PID=8309) to work on /home/airflow/.local/lib/python3.12/site-packages/airflow/example_dags/example_short_circuit_decorator.py
[2024-05-05T03:48:42.274+0000] {processor.py:830} INFO - Processing file /home/airflow/.local/lib/python3.12/site-packages/airflow/example_dags/example_short_circuit_decorator.py for tasks to queue
[2024-05-05T03:48:42.292+0000] {logging_mixin.py:188} INFO - [2024-05-05T03:48:42.291+0000] {dagbag.py:540} INFO - Filling up the DagBag from /home/airflow/.local/lib/python3.12/site-packages/airflow/example_dags/example_short_circuit_decorator.py
[2024-05-05T03:48:42.583+0000] {processor.py:840} INFO - DAG(s) 'example_short_circuit_decorator' retrieved from /home/airflow/.local/lib/python3.12/site-packages/airflow/example_dags/example_short_circuit_decorator.py
[2024-05-05T03:48:42.935+0000] {logging_mixin.py:188} INFO - [2024-05-05T03:48:42.934+0000] {dag.py:3096} INFO - Sync 1 DAGs
[2024-05-05T03:48:43.289+0000] {logging_mixin.py:188} INFO - [2024-05-05T03:48:43.288+0000] {dag.py:3954} INFO - Setting next_dagrun for example_short_circuit_decorator to 2024-05-04 00:00:00+00:00, run_after=2024-05-05 00:00:00+00:00
[2024-05-05T03:48:43.684+0000] {processor.py:183} INFO - Processing /home/airflow/.local/lib/python3.12/site-packages/airflow/example_dags/example_short_circuit_decorator.py took 1.546 seconds
[2024-05-05T04:00:17.417+0000] {processor.py:161} INFO - Started process (PID=8365) to work on /home/airflow/.local/lib/python3.12/site-packages/airflow/example_dags/example_short_circuit_decorator.py
[2024-05-05T04:00:17.454+0000] {processor.py:830} INFO - Processing file /home/airflow/.local/lib/python3.12/site-packages/airflow/example_dags/example_short_circuit_decorator.py for tasks to queue
[2024-05-05T04:00:17.485+0000] {logging_mixin.py:188} INFO - [2024-05-05T04:00:17.482+0000] {dagbag.py:540} INFO - Filling up the DagBag from /home/airflow/.local/lib/python3.12/site-packages/airflow/example_dags/example_short_circuit_decorator.py
[2024-05-05T04:00:17.758+0000] {processor.py:840} INFO - DAG(s) 'example_short_circuit_decorator' retrieved from /home/airflow/.local/lib/python3.12/site-packages/airflow/example_dags/example_short_circuit_decorator.py
[2024-05-05T04:00:18.791+0000] {logging_mixin.py:188} INFO - [2024-05-05T04:00:18.781+0000] {dag.py:3096} INFO - Sync 1 DAGs
[2024-05-05T04:00:19.341+0000] {logging_mixin.py:188} INFO - [2024-05-05T04:00:19.338+0000] {dag.py:3954} INFO - Setting next_dagrun for example_short_circuit_decorator to 2024-05-04 00:00:00+00:00, run_after=2024-05-05 00:00:00+00:00
[2024-05-05T04:00:19.574+0000] {processor.py:183} INFO - Processing /home/airflow/.local/lib/python3.12/site-packages/airflow/example_dags/example_short_circuit_decorator.py took 2.399 seconds
[2024-05-05T04:01:21.858+0000] {processor.py:161} INFO - Started process (PID=8425) to work on /home/airflow/.local/lib/python3.12/site-packages/airflow/example_dags/example_short_circuit_decorator.py
[2024-05-05T04:01:21.872+0000] {processor.py:830} INFO - Processing file /home/airflow/.local/lib/python3.12/site-packages/airflow/example_dags/example_short_circuit_decorator.py for tasks to queue
[2024-05-05T04:01:21.879+0000] {logging_mixin.py:188} INFO - [2024-05-05T04:01:21.878+0000] {dagbag.py:540} INFO - Filling up the DagBag from /home/airflow/.local/lib/python3.12/site-packages/airflow/example_dags/example_short_circuit_decorator.py
[2024-05-05T04:01:22.055+0000] {processor.py:840} INFO - DAG(s) 'example_short_circuit_decorator' retrieved from /home/airflow/.local/lib/python3.12/site-packages/airflow/example_dags/example_short_circuit_decorator.py
[2024-05-05T04:01:22.395+0000] {logging_mixin.py:188} INFO - [2024-05-05T04:01:22.394+0000] {dag.py:3096} INFO - Sync 1 DAGs
[2024-05-05T04:01:22.772+0000] {logging_mixin.py:188} INFO - [2024-05-05T04:01:22.761+0000] {dag.py:3954} INFO - Setting next_dagrun for example_short_circuit_decorator to 2024-05-04 00:00:00+00:00, run_after=2024-05-05 00:00:00+00:00
[2024-05-05T04:01:23.149+0000] {processor.py:183} INFO - Processing /home/airflow/.local/lib/python3.12/site-packages/airflow/example_dags/example_short_circuit_decorator.py took 1.386 seconds
[2024-05-05T04:02:00.098+0000] {processor.py:161} INFO - Started process (PID=8479) to work on /home/airflow/.local/lib/python3.12/site-packages/airflow/example_dags/example_short_circuit_decorator.py
[2024-05-05T04:02:00.109+0000] {processor.py:830} INFO - Processing file /home/airflow/.local/lib/python3.12/site-packages/airflow/example_dags/example_short_circuit_decorator.py for tasks to queue
[2024-05-05T04:02:00.116+0000] {logging_mixin.py:188} INFO - [2024-05-05T04:02:00.114+0000] {dagbag.py:540} INFO - Filling up the DagBag from /home/airflow/.local/lib/python3.12/site-packages/airflow/example_dags/example_short_circuit_decorator.py
[2024-05-05T04:02:00.171+0000] {processor.py:840} INFO - DAG(s) 'example_short_circuit_decorator' retrieved from /home/airflow/.local/lib/python3.12/site-packages/airflow/example_dags/example_short_circuit_decorator.py
[2024-05-05T04:02:00.342+0000] {logging_mixin.py:188} INFO - [2024-05-05T04:02:00.341+0000] {dag.py:3096} INFO - Sync 1 DAGs
[2024-05-05T04:02:00.499+0000] {logging_mixin.py:188} INFO - [2024-05-05T04:02:00.498+0000] {dag.py:3954} INFO - Setting next_dagrun for example_short_circuit_decorator to 2024-05-04 00:00:00+00:00, run_after=2024-05-05 00:00:00+00:00
[2024-05-05T04:02:00.722+0000] {processor.py:183} INFO - Processing /home/airflow/.local/lib/python3.12/site-packages/airflow/example_dags/example_short_circuit_decorator.py took 0.655 seconds
[2024-05-05T04:02:37.127+0000] {processor.py:161} INFO - Started process (PID=8537) to work on /home/airflow/.local/lib/python3.12/site-packages/airflow/example_dags/example_short_circuit_decorator.py
[2024-05-05T04:02:37.139+0000] {processor.py:830} INFO - Processing file /home/airflow/.local/lib/python3.12/site-packages/airflow/example_dags/example_short_circuit_decorator.py for tasks to queue
[2024-05-05T04:02:37.160+0000] {logging_mixin.py:188} INFO - [2024-05-05T04:02:37.158+0000] {dagbag.py:540} INFO - Filling up the DagBag from /home/airflow/.local/lib/python3.12/site-packages/airflow/example_dags/example_short_circuit_decorator.py
[2024-05-05T04:02:37.240+0000] {processor.py:840} INFO - DAG(s) 'example_short_circuit_decorator' retrieved from /home/airflow/.local/lib/python3.12/site-packages/airflow/example_dags/example_short_circuit_decorator.py
[2024-05-05T04:02:37.394+0000] {logging_mixin.py:188} INFO - [2024-05-05T04:02:37.393+0000] {dag.py:3096} INFO - Sync 1 DAGs
[2024-05-05T04:02:37.515+0000] {logging_mixin.py:188} INFO - [2024-05-05T04:02:37.514+0000] {dag.py:3954} INFO - Setting next_dagrun for example_short_circuit_decorator to 2024-05-04 00:00:00+00:00, run_after=2024-05-05 00:00:00+00:00
[2024-05-05T04:02:37.615+0000] {processor.py:183} INFO - Processing /home/airflow/.local/lib/python3.12/site-packages/airflow/example_dags/example_short_circuit_decorator.py took 0.529 seconds
[2024-05-05T04:03:15.661+0000] {processor.py:161} INFO - Started process (PID=8601) to work on /home/airflow/.local/lib/python3.12/site-packages/airflow/example_dags/example_short_circuit_decorator.py
[2024-05-05T04:03:15.683+0000] {processor.py:830} INFO - Processing file /home/airflow/.local/lib/python3.12/site-packages/airflow/example_dags/example_short_circuit_decorator.py for tasks to queue
[2024-05-05T04:03:15.702+0000] {logging_mixin.py:188} INFO - [2024-05-05T04:03:15.701+0000] {dagbag.py:540} INFO - Filling up the DagBag from /home/airflow/.local/lib/python3.12/site-packages/airflow/example_dags/example_short_circuit_decorator.py
[2024-05-05T04:03:15.983+0000] {processor.py:840} INFO - DAG(s) 'example_short_circuit_decorator' retrieved from /home/airflow/.local/lib/python3.12/site-packages/airflow/example_dags/example_short_circuit_decorator.py
[2024-05-05T04:03:16.336+0000] {logging_mixin.py:188} INFO - [2024-05-05T04:03:16.335+0000] {dag.py:3096} INFO - Sync 1 DAGs
[2024-05-05T04:03:16.430+0000] {logging_mixin.py:188} INFO - [2024-05-05T04:03:16.429+0000] {dag.py:3954} INFO - Setting next_dagrun for example_short_circuit_decorator to 2024-05-04 00:00:00+00:00, run_after=2024-05-05 00:00:00+00:00
[2024-05-05T04:03:16.509+0000] {processor.py:183} INFO - Processing /home/airflow/.local/lib/python3.12/site-packages/airflow/example_dags/example_short_circuit_decorator.py took 0.948 seconds
[2024-05-05T04:03:54.867+0000] {processor.py:161} INFO - Started process (PID=8657) to work on /home/airflow/.local/lib/python3.12/site-packages/airflow/example_dags/example_short_circuit_decorator.py
[2024-05-05T04:03:54.880+0000] {processor.py:830} INFO - Processing file /home/airflow/.local/lib/python3.12/site-packages/airflow/example_dags/example_short_circuit_decorator.py for tasks to queue
[2024-05-05T04:03:54.885+0000] {logging_mixin.py:188} INFO - [2024-05-05T04:03:54.884+0000] {dagbag.py:540} INFO - Filling up the DagBag from /home/airflow/.local/lib/python3.12/site-packages/airflow/example_dags/example_short_circuit_decorator.py
[2024-05-05T04:03:54.983+0000] {processor.py:840} INFO - DAG(s) 'example_short_circuit_decorator' retrieved from /home/airflow/.local/lib/python3.12/site-packages/airflow/example_dags/example_short_circuit_decorator.py
[2024-05-05T04:03:55.174+0000] {logging_mixin.py:188} INFO - [2024-05-05T04:03:55.173+0000] {dag.py:3096} INFO - Sync 1 DAGs
[2024-05-05T04:03:55.419+0000] {logging_mixin.py:188} INFO - [2024-05-05T04:03:55.416+0000] {dag.py:3954} INFO - Setting next_dagrun for example_short_circuit_decorator to 2024-05-04 00:00:00+00:00, run_after=2024-05-05 00:00:00+00:00
[2024-05-05T04:03:55.675+0000] {processor.py:183} INFO - Processing /home/airflow/.local/lib/python3.12/site-packages/airflow/example_dags/example_short_circuit_decorator.py took 0.886 seconds
[2024-05-05T04:04:33.846+0000] {processor.py:161} INFO - Started process (PID=8716) to work on /home/airflow/.local/lib/python3.12/site-packages/airflow/example_dags/example_short_circuit_decorator.py
[2024-05-05T04:04:33.864+0000] {processor.py:830} INFO - Processing file /home/airflow/.local/lib/python3.12/site-packages/airflow/example_dags/example_short_circuit_decorator.py for tasks to queue
[2024-05-05T04:04:33.875+0000] {logging_mixin.py:188} INFO - [2024-05-05T04:04:33.872+0000] {dagbag.py:540} INFO - Filling up the DagBag from /home/airflow/.local/lib/python3.12/site-packages/airflow/example_dags/example_short_circuit_decorator.py
[2024-05-05T04:04:34.028+0000] {processor.py:840} INFO - DAG(s) 'example_short_circuit_decorator' retrieved from /home/airflow/.local/lib/python3.12/site-packages/airflow/example_dags/example_short_circuit_decorator.py
[2024-05-05T04:04:34.295+0000] {logging_mixin.py:188} INFO - [2024-05-05T04:04:34.294+0000] {dag.py:3096} INFO - Sync 1 DAGs
[2024-05-05T04:04:34.583+0000] {logging_mixin.py:188} INFO - [2024-05-05T04:04:34.582+0000] {dag.py:3954} INFO - Setting next_dagrun for example_short_circuit_decorator to 2024-05-04 00:00:00+00:00, run_after=2024-05-05 00:00:00+00:00
[2024-05-05T04:04:34.785+0000] {processor.py:183} INFO - Processing /home/airflow/.local/lib/python3.12/site-packages/airflow/example_dags/example_short_circuit_decorator.py took 1.017 seconds
[2024-05-05T04:05:15.619+0000] {processor.py:161} INFO - Started process (PID=8780) to work on /home/airflow/.local/lib/python3.12/site-packages/airflow/example_dags/example_short_circuit_decorator.py
[2024-05-05T04:05:15.630+0000] {processor.py:830} INFO - Processing file /home/airflow/.local/lib/python3.12/site-packages/airflow/example_dags/example_short_circuit_decorator.py for tasks to queue
[2024-05-05T04:05:15.636+0000] {logging_mixin.py:188} INFO - [2024-05-05T04:05:15.635+0000] {dagbag.py:540} INFO - Filling up the DagBag from /home/airflow/.local/lib/python3.12/site-packages/airflow/example_dags/example_short_circuit_decorator.py
[2024-05-05T04:05:15.756+0000] {processor.py:840} INFO - DAG(s) 'example_short_circuit_decorator' retrieved from /home/airflow/.local/lib/python3.12/site-packages/airflow/example_dags/example_short_circuit_decorator.py
[2024-05-05T04:05:16.023+0000] {logging_mixin.py:188} INFO - [2024-05-05T04:05:16.022+0000] {dag.py:3096} INFO - Sync 1 DAGs
[2024-05-05T04:05:16.297+0000] {logging_mixin.py:188} INFO - [2024-05-05T04:05:16.296+0000] {dag.py:3954} INFO - Setting next_dagrun for example_short_circuit_decorator to 2024-05-04 00:00:00+00:00, run_after=2024-05-05 00:00:00+00:00
[2024-05-05T04:05:16.595+0000] {processor.py:183} INFO - Processing /home/airflow/.local/lib/python3.12/site-packages/airflow/example_dags/example_short_circuit_decorator.py took 1.043 seconds
[2024-05-05T04:05:59.532+0000] {processor.py:161} INFO - Started process (PID=8834) to work on /home/airflow/.local/lib/python3.12/site-packages/airflow/example_dags/example_short_circuit_decorator.py
[2024-05-05T04:05:59.551+0000] {processor.py:830} INFO - Processing file /home/airflow/.local/lib/python3.12/site-packages/airflow/example_dags/example_short_circuit_decorator.py for tasks to queue
[2024-05-05T04:05:59.590+0000] {logging_mixin.py:188} INFO - [2024-05-05T04:05:59.579+0000] {dagbag.py:540} INFO - Filling up the DagBag from /home/airflow/.local/lib/python3.12/site-packages/airflow/example_dags/example_short_circuit_decorator.py
[2024-05-05T04:05:59.689+0000] {processor.py:840} INFO - DAG(s) 'example_short_circuit_decorator' retrieved from /home/airflow/.local/lib/python3.12/site-packages/airflow/example_dags/example_short_circuit_decorator.py
[2024-05-05T04:06:00.082+0000] {logging_mixin.py:188} INFO - [2024-05-05T04:06:00.080+0000] {dag.py:3096} INFO - Sync 1 DAGs
[2024-05-05T04:06:00.625+0000] {logging_mixin.py:188} INFO - [2024-05-05T04:06:00.615+0000] {dag.py:3954} INFO - Setting next_dagrun for example_short_circuit_decorator to 2024-05-04 00:00:00+00:00, run_after=2024-05-05 00:00:00+00:00
[2024-05-05T04:06:00.901+0000] {processor.py:183} INFO - Processing /home/airflow/.local/lib/python3.12/site-packages/airflow/example_dags/example_short_circuit_decorator.py took 1.512 seconds
[2024-05-05T04:07:26.684+0000] {processor.py:161} INFO - Started process (PID=8901) to work on /home/airflow/.local/lib/python3.12/site-packages/airflow/example_dags/example_short_circuit_decorator.py
[2024-05-05T04:07:26.733+0000] {processor.py:830} INFO - Processing file /home/airflow/.local/lib/python3.12/site-packages/airflow/example_dags/example_short_circuit_decorator.py for tasks to queue
[2024-05-05T04:07:26.777+0000] {logging_mixin.py:188} INFO - [2024-05-05T04:07:26.758+0000] {dagbag.py:540} INFO - Filling up the DagBag from /home/airflow/.local/lib/python3.12/site-packages/airflow/example_dags/example_short_circuit_decorator.py
[2024-05-05T04:07:27.335+0000] {processor.py:840} INFO - DAG(s) 'example_short_circuit_decorator' retrieved from /home/airflow/.local/lib/python3.12/site-packages/airflow/example_dags/example_short_circuit_decorator.py
[2024-05-05T04:07:28.107+0000] {logging_mixin.py:188} INFO - [2024-05-05T04:07:28.079+0000] {dag.py:3096} INFO - Sync 1 DAGs
[2024-05-05T04:07:28.717+0000] {logging_mixin.py:188} INFO - [2024-05-05T04:07:28.712+0000] {dag.py:3954} INFO - Setting next_dagrun for example_short_circuit_decorator to 2024-05-04 00:00:00+00:00, run_after=2024-05-05 00:00:00+00:00
[2024-05-05T04:07:29.151+0000] {processor.py:183} INFO - Processing /home/airflow/.local/lib/python3.12/site-packages/airflow/example_dags/example_short_circuit_decorator.py took 2.786 seconds
[2024-05-05T04:08:39.889+0000] {processor.py:161} INFO - Started process (PID=8944) to work on /home/airflow/.local/lib/python3.12/site-packages/airflow/example_dags/example_short_circuit_decorator.py
[2024-05-05T04:08:39.911+0000] {processor.py:830} INFO - Processing file /home/airflow/.local/lib/python3.12/site-packages/airflow/example_dags/example_short_circuit_decorator.py for tasks to queue
[2024-05-05T04:08:39.928+0000] {logging_mixin.py:188} INFO - [2024-05-05T04:08:39.926+0000] {dagbag.py:540} INFO - Filling up the DagBag from /home/airflow/.local/lib/python3.12/site-packages/airflow/example_dags/example_short_circuit_decorator.py
[2024-05-05T04:08:40.317+0000] {processor.py:840} INFO - DAG(s) 'example_short_circuit_decorator' retrieved from /home/airflow/.local/lib/python3.12/site-packages/airflow/example_dags/example_short_circuit_decorator.py
[2024-05-05T04:08:40.989+0000] {logging_mixin.py:188} INFO - [2024-05-05T04:08:40.978+0000] {dag.py:3096} INFO - Sync 1 DAGs
[2024-05-05T04:08:41.732+0000] {logging_mixin.py:188} INFO - [2024-05-05T04:08:41.720+0000] {dag.py:3954} INFO - Setting next_dagrun for example_short_circuit_decorator to 2024-05-04 00:00:00+00:00, run_after=2024-05-05 00:00:00+00:00
[2024-05-05T04:08:42.257+0000] {processor.py:183} INFO - Processing /home/airflow/.local/lib/python3.12/site-packages/airflow/example_dags/example_short_circuit_decorator.py took 2.642 seconds
[2024-05-05T04:09:49.098+0000] {processor.py:161} INFO - Started process (PID=8992) to work on /home/airflow/.local/lib/python3.12/site-packages/airflow/example_dags/example_short_circuit_decorator.py
[2024-05-05T04:09:49.142+0000] {processor.py:830} INFO - Processing file /home/airflow/.local/lib/python3.12/site-packages/airflow/example_dags/example_short_circuit_decorator.py for tasks to queue
[2024-05-05T04:09:49.167+0000] {logging_mixin.py:188} INFO - [2024-05-05T04:09:49.164+0000] {dagbag.py:540} INFO - Filling up the DagBag from /home/airflow/.local/lib/python3.12/site-packages/airflow/example_dags/example_short_circuit_decorator.py
[2024-05-05T04:09:49.631+0000] {processor.py:840} INFO - DAG(s) 'example_short_circuit_decorator' retrieved from /home/airflow/.local/lib/python3.12/site-packages/airflow/example_dags/example_short_circuit_decorator.py
[2024-05-05T04:09:50.351+0000] {logging_mixin.py:188} INFO - [2024-05-05T04:09:50.343+0000] {dag.py:3096} INFO - Sync 1 DAGs
[2024-05-05T04:09:51.504+0000] {logging_mixin.py:188} INFO - [2024-05-05T04:09:51.502+0000] {dag.py:3954} INFO - Setting next_dagrun for example_short_circuit_decorator to 2024-05-04 00:00:00+00:00, run_after=2024-05-05 00:00:00+00:00
[2024-05-05T04:09:52.043+0000] {processor.py:183} INFO - Processing /home/airflow/.local/lib/python3.12/site-packages/airflow/example_dags/example_short_circuit_decorator.py took 3.095 seconds
[2024-05-05T04:11:09.782+0000] {processor.py:161} INFO - Started process (PID=9045) to work on /home/airflow/.local/lib/python3.12/site-packages/airflow/example_dags/example_short_circuit_decorator.py
[2024-05-05T04:11:09.841+0000] {processor.py:830} INFO - Processing file /home/airflow/.local/lib/python3.12/site-packages/airflow/example_dags/example_short_circuit_decorator.py for tasks to queue
[2024-05-05T04:11:09.917+0000] {logging_mixin.py:188} INFO - [2024-05-05T04:11:09.892+0000] {dagbag.py:540} INFO - Filling up the DagBag from /home/airflow/.local/lib/python3.12/site-packages/airflow/example_dags/example_short_circuit_decorator.py
[2024-05-05T04:11:10.488+0000] {processor.py:840} INFO - DAG(s) 'example_short_circuit_decorator' retrieved from /home/airflow/.local/lib/python3.12/site-packages/airflow/example_dags/example_short_circuit_decorator.py
[2024-05-05T04:11:11.416+0000] {logging_mixin.py:188} INFO - [2024-05-05T04:11:11.386+0000] {dag.py:3096} INFO - Sync 1 DAGs
[2024-05-05T04:11:12.174+0000] {logging_mixin.py:188} INFO - [2024-05-05T04:11:12.165+0000] {dag.py:3954} INFO - Setting next_dagrun for example_short_circuit_decorator to 2024-05-04 00:00:00+00:00, run_after=2024-05-05 00:00:00+00:00
[2024-05-05T04:11:12.566+0000] {processor.py:183} INFO - Processing /home/airflow/.local/lib/python3.12/site-packages/airflow/example_dags/example_short_circuit_decorator.py took 3.537 seconds
[2024-05-05T04:12:17.435+0000] {processor.py:161} INFO - Started process (PID=9092) to work on /home/airflow/.local/lib/python3.12/site-packages/airflow/example_dags/example_short_circuit_decorator.py
[2024-05-05T04:12:17.460+0000] {processor.py:830} INFO - Processing file /home/airflow/.local/lib/python3.12/site-packages/airflow/example_dags/example_short_circuit_decorator.py for tasks to queue
[2024-05-05T04:12:17.486+0000] {logging_mixin.py:188} INFO - [2024-05-05T04:12:17.479+0000] {dagbag.py:540} INFO - Filling up the DagBag from /home/airflow/.local/lib/python3.12/site-packages/airflow/example_dags/example_short_circuit_decorator.py
[2024-05-05T04:12:17.840+0000] {processor.py:840} INFO - DAG(s) 'example_short_circuit_decorator' retrieved from /home/airflow/.local/lib/python3.12/site-packages/airflow/example_dags/example_short_circuit_decorator.py
[2024-05-05T04:12:18.711+0000] {logging_mixin.py:188} INFO - [2024-05-05T04:12:18.703+0000] {dag.py:3096} INFO - Sync 1 DAGs
[2024-05-05T04:12:19.900+0000] {logging_mixin.py:188} INFO - [2024-05-05T04:12:19.892+0000] {dag.py:3954} INFO - Setting next_dagrun for example_short_circuit_decorator to 2024-05-04 00:00:00+00:00, run_after=2024-05-05 00:00:00+00:00
[2024-05-05T04:12:20.749+0000] {processor.py:183} INFO - Processing /home/airflow/.local/lib/python3.12/site-packages/airflow/example_dags/example_short_circuit_decorator.py took 3.466 seconds
[2024-05-05T04:13:37.084+0000] {processor.py:161} INFO - Started process (PID=9139) to work on /home/airflow/.local/lib/python3.12/site-packages/airflow/example_dags/example_short_circuit_decorator.py
[2024-05-05T04:13:37.125+0000] {processor.py:830} INFO - Processing file /home/airflow/.local/lib/python3.12/site-packages/airflow/example_dags/example_short_circuit_decorator.py for tasks to queue
[2024-05-05T04:13:37.160+0000] {logging_mixin.py:188} INFO - [2024-05-05T04:13:37.150+0000] {dagbag.py:540} INFO - Filling up the DagBag from /home/airflow/.local/lib/python3.12/site-packages/airflow/example_dags/example_short_circuit_decorator.py
[2024-05-05T04:13:37.438+0000] {processor.py:840} INFO - DAG(s) 'example_short_circuit_decorator' retrieved from /home/airflow/.local/lib/python3.12/site-packages/airflow/example_dags/example_short_circuit_decorator.py
[2024-05-05T04:13:38.102+0000] {logging_mixin.py:188} INFO - [2024-05-05T04:13:38.095+0000] {dag.py:3096} INFO - Sync 1 DAGs
[2024-05-05T04:13:39.137+0000] {logging_mixin.py:188} INFO - [2024-05-05T04:13:39.135+0000] {dag.py:3954} INFO - Setting next_dagrun for example_short_circuit_decorator to 2024-05-04 00:00:00+00:00, run_after=2024-05-05 00:00:00+00:00
[2024-05-05T04:13:39.696+0000] {processor.py:183} INFO - Processing /home/airflow/.local/lib/python3.12/site-packages/airflow/example_dags/example_short_circuit_decorator.py took 2.851 seconds
[2024-05-05T04:14:51.285+0000] {processor.py:161} INFO - Started process (PID=9190) to work on /home/airflow/.local/lib/python3.12/site-packages/airflow/example_dags/example_short_circuit_decorator.py
[2024-05-05T04:14:51.304+0000] {processor.py:830} INFO - Processing file /home/airflow/.local/lib/python3.12/site-packages/airflow/example_dags/example_short_circuit_decorator.py for tasks to queue
[2024-05-05T04:14:51.332+0000] {logging_mixin.py:188} INFO - [2024-05-05T04:14:51.315+0000] {dagbag.py:540} INFO - Filling up the DagBag from /home/airflow/.local/lib/python3.12/site-packages/airflow/example_dags/example_short_circuit_decorator.py
[2024-05-05T04:14:51.648+0000] {processor.py:840} INFO - DAG(s) 'example_short_circuit_decorator' retrieved from /home/airflow/.local/lib/python3.12/site-packages/airflow/example_dags/example_short_circuit_decorator.py
[2024-05-05T04:14:52.543+0000] {logging_mixin.py:188} INFO - [2024-05-05T04:14:52.541+0000] {dag.py:3096} INFO - Sync 1 DAGs
[2024-05-05T04:14:53.358+0000] {logging_mixin.py:188} INFO - [2024-05-05T04:14:53.357+0000] {dag.py:3954} INFO - Setting next_dagrun for example_short_circuit_decorator to 2024-05-04 00:00:00+00:00, run_after=2024-05-05 00:00:00+00:00
[2024-05-05T04:14:53.844+0000] {processor.py:183} INFO - Processing /home/airflow/.local/lib/python3.12/site-packages/airflow/example_dags/example_short_circuit_decorator.py took 2.795 seconds
[2024-05-05T04:16:12.210+0000] {processor.py:161} INFO - Started process (PID=9242) to work on /home/airflow/.local/lib/python3.12/site-packages/airflow/example_dags/example_short_circuit_decorator.py
[2024-05-05T04:16:12.233+0000] {processor.py:830} INFO - Processing file /home/airflow/.local/lib/python3.12/site-packages/airflow/example_dags/example_short_circuit_decorator.py for tasks to queue
[2024-05-05T04:16:12.262+0000] {logging_mixin.py:188} INFO - [2024-05-05T04:16:12.247+0000] {dagbag.py:540} INFO - Filling up the DagBag from /home/airflow/.local/lib/python3.12/site-packages/airflow/example_dags/example_short_circuit_decorator.py
[2024-05-05T04:16:12.760+0000] {processor.py:840} INFO - DAG(s) 'example_short_circuit_decorator' retrieved from /home/airflow/.local/lib/python3.12/site-packages/airflow/example_dags/example_short_circuit_decorator.py
[2024-05-05T04:16:13.541+0000] {logging_mixin.py:188} INFO - [2024-05-05T04:16:13.539+0000] {dag.py:3096} INFO - Sync 1 DAGs
[2024-05-05T04:16:14.062+0000] {logging_mixin.py:188} INFO - [2024-05-05T04:16:14.058+0000] {dag.py:3954} INFO - Setting next_dagrun for example_short_circuit_decorator to 2024-05-04 00:00:00+00:00, run_after=2024-05-05 00:00:00+00:00
[2024-05-05T04:16:14.754+0000] {processor.py:183} INFO - Processing /home/airflow/.local/lib/python3.12/site-packages/airflow/example_dags/example_short_circuit_decorator.py took 2.707 seconds
[2024-05-05T04:17:22.858+0000] {processor.py:161} INFO - Started process (PID=9291) to work on /home/airflow/.local/lib/python3.12/site-packages/airflow/example_dags/example_short_circuit_decorator.py
[2024-05-05T04:17:22.898+0000] {processor.py:830} INFO - Processing file /home/airflow/.local/lib/python3.12/site-packages/airflow/example_dags/example_short_circuit_decorator.py for tasks to queue
[2024-05-05T04:17:23.040+0000] {logging_mixin.py:188} INFO - [2024-05-05T04:17:22.976+0000] {dagbag.py:540} INFO - Filling up the DagBag from /home/airflow/.local/lib/python3.12/site-packages/airflow/example_dags/example_short_circuit_decorator.py
[2024-05-05T04:17:23.569+0000] {processor.py:840} INFO - DAG(s) 'example_short_circuit_decorator' retrieved from /home/airflow/.local/lib/python3.12/site-packages/airflow/example_dags/example_short_circuit_decorator.py
[2024-05-05T04:17:24.698+0000] {logging_mixin.py:188} INFO - [2024-05-05T04:17:24.697+0000] {dag.py:3096} INFO - Sync 1 DAGs
[2024-05-05T04:17:26.087+0000] {logging_mixin.py:188} INFO - [2024-05-05T04:17:26.086+0000] {dag.py:3954} INFO - Setting next_dagrun for example_short_circuit_decorator to 2024-05-04 00:00:00+00:00, run_after=2024-05-05 00:00:00+00:00
[2024-05-05T04:17:26.493+0000] {processor.py:183} INFO - Processing /home/airflow/.local/lib/python3.12/site-packages/airflow/example_dags/example_short_circuit_decorator.py took 3.978 seconds
[2024-05-05T04:18:43.091+0000] {processor.py:161} INFO - Started process (PID=9339) to work on /home/airflow/.local/lib/python3.12/site-packages/airflow/example_dags/example_short_circuit_decorator.py
[2024-05-05T04:18:43.152+0000] {processor.py:830} INFO - Processing file /home/airflow/.local/lib/python3.12/site-packages/airflow/example_dags/example_short_circuit_decorator.py for tasks to queue
[2024-05-05T04:18:43.205+0000] {logging_mixin.py:188} INFO - [2024-05-05T04:18:43.192+0000] {dagbag.py:540} INFO - Filling up the DagBag from /home/airflow/.local/lib/python3.12/site-packages/airflow/example_dags/example_short_circuit_decorator.py
[2024-05-05T04:18:44.241+0000] {processor.py:840} INFO - DAG(s) 'example_short_circuit_decorator' retrieved from /home/airflow/.local/lib/python3.12/site-packages/airflow/example_dags/example_short_circuit_decorator.py
[2024-05-05T04:18:45.702+0000] {logging_mixin.py:188} INFO - [2024-05-05T04:18:45.673+0000] {dag.py:3096} INFO - Sync 1 DAGs
[2024-05-05T04:18:46.988+0000] {logging_mixin.py:188} INFO - [2024-05-05T04:18:46.986+0000] {dag.py:3954} INFO - Setting next_dagrun for example_short_circuit_decorator to 2024-05-04 00:00:00+00:00, run_after=2024-05-05 00:00:00+00:00
[2024-05-05T04:18:47.929+0000] {processor.py:183} INFO - Processing /home/airflow/.local/lib/python3.12/site-packages/airflow/example_dags/example_short_circuit_decorator.py took 5.246 seconds
[2024-05-05T04:19:50.714+0000] {processor.py:161} INFO - Started process (PID=9394) to work on /home/airflow/.local/lib/python3.12/site-packages/airflow/example_dags/example_short_circuit_decorator.py
[2024-05-05T04:19:50.781+0000] {processor.py:830} INFO - Processing file /home/airflow/.local/lib/python3.12/site-packages/airflow/example_dags/example_short_circuit_decorator.py for tasks to queue
[2024-05-05T04:19:50.861+0000] {logging_mixin.py:188} INFO - [2024-05-05T04:19:50.825+0000] {dagbag.py:540} INFO - Filling up the DagBag from /home/airflow/.local/lib/python3.12/site-packages/airflow/example_dags/example_short_circuit_decorator.py
[2024-05-05T04:19:51.605+0000] {processor.py:840} INFO - DAG(s) 'example_short_circuit_decorator' retrieved from /home/airflow/.local/lib/python3.12/site-packages/airflow/example_dags/example_short_circuit_decorator.py
[2024-05-05T04:19:52.124+0000] {logging_mixin.py:188} INFO - [2024-05-05T04:19:52.115+0000] {dag.py:3096} INFO - Sync 1 DAGs
[2024-05-05T04:19:52.990+0000] {logging_mixin.py:188} INFO - [2024-05-05T04:19:52.973+0000] {dag.py:3954} INFO - Setting next_dagrun for example_short_circuit_decorator to 2024-05-04 00:00:00+00:00, run_after=2024-05-05 00:00:00+00:00
[2024-05-05T04:19:53.368+0000] {processor.py:183} INFO - Processing /home/airflow/.local/lib/python3.12/site-packages/airflow/example_dags/example_short_circuit_decorator.py took 3.023 seconds
[2024-05-05T04:21:08.125+0000] {processor.py:161} INFO - Started process (PID=9439) to work on /home/airflow/.local/lib/python3.12/site-packages/airflow/example_dags/example_short_circuit_decorator.py
[2024-05-05T04:21:08.150+0000] {processor.py:830} INFO - Processing file /home/airflow/.local/lib/python3.12/site-packages/airflow/example_dags/example_short_circuit_decorator.py for tasks to queue
[2024-05-05T04:21:08.176+0000] {logging_mixin.py:188} INFO - [2024-05-05T04:21:08.160+0000] {dagbag.py:540} INFO - Filling up the DagBag from /home/airflow/.local/lib/python3.12/site-packages/airflow/example_dags/example_short_circuit_decorator.py
[2024-05-05T04:21:08.491+0000] {processor.py:840} INFO - DAG(s) 'example_short_circuit_decorator' retrieved from /home/airflow/.local/lib/python3.12/site-packages/airflow/example_dags/example_short_circuit_decorator.py
[2024-05-05T04:21:09.477+0000] {logging_mixin.py:188} INFO - [2024-05-05T04:21:09.475+0000] {dag.py:3096} INFO - Sync 1 DAGs
[2024-05-05T04:21:10.058+0000] {logging_mixin.py:188} INFO - [2024-05-05T04:21:10.056+0000] {dag.py:3954} INFO - Setting next_dagrun for example_short_circuit_decorator to 2024-05-04 00:00:00+00:00, run_after=2024-05-05 00:00:00+00:00
[2024-05-05T04:21:10.961+0000] {processor.py:183} INFO - Processing /home/airflow/.local/lib/python3.12/site-packages/airflow/example_dags/example_short_circuit_decorator.py took 3.025 seconds
[2024-05-05T04:22:19.442+0000] {processor.py:161} INFO - Started process (PID=9487) to work on /home/airflow/.local/lib/python3.12/site-packages/airflow/example_dags/example_short_circuit_decorator.py
[2024-05-05T04:22:19.477+0000] {processor.py:830} INFO - Processing file /home/airflow/.local/lib/python3.12/site-packages/airflow/example_dags/example_short_circuit_decorator.py for tasks to queue
[2024-05-05T04:22:19.510+0000] {logging_mixin.py:188} INFO - [2024-05-05T04:22:19.487+0000] {dagbag.py:540} INFO - Filling up the DagBag from /home/airflow/.local/lib/python3.12/site-packages/airflow/example_dags/example_short_circuit_decorator.py
[2024-05-05T04:22:20.042+0000] {processor.py:840} INFO - DAG(s) 'example_short_circuit_decorator' retrieved from /home/airflow/.local/lib/python3.12/site-packages/airflow/example_dags/example_short_circuit_decorator.py
[2024-05-05T04:22:20.843+0000] {logging_mixin.py:188} INFO - [2024-05-05T04:22:20.819+0000] {dag.py:3096} INFO - Sync 1 DAGs
[2024-05-05T04:22:21.597+0000] {logging_mixin.py:188} INFO - [2024-05-05T04:22:21.576+0000] {dag.py:3954} INFO - Setting next_dagrun for example_short_circuit_decorator to 2024-05-04 00:00:00+00:00, run_after=2024-05-05 00:00:00+00:00
[2024-05-05T04:22:21.941+0000] {processor.py:183} INFO - Processing /home/airflow/.local/lib/python3.12/site-packages/airflow/example_dags/example_short_circuit_decorator.py took 2.634 seconds
[2024-05-05T04:23:42.612+0000] {processor.py:161} INFO - Started process (PID=9541) to work on /home/airflow/.local/lib/python3.12/site-packages/airflow/example_dags/example_short_circuit_decorator.py
[2024-05-05T04:23:42.660+0000] {processor.py:830} INFO - Processing file /home/airflow/.local/lib/python3.12/site-packages/airflow/example_dags/example_short_circuit_decorator.py for tasks to queue
[2024-05-05T04:23:42.708+0000] {logging_mixin.py:188} INFO - [2024-05-05T04:23:42.698+0000] {dagbag.py:540} INFO - Filling up the DagBag from /home/airflow/.local/lib/python3.12/site-packages/airflow/example_dags/example_short_circuit_decorator.py
[2024-05-05T04:23:43.302+0000] {processor.py:840} INFO - DAG(s) 'example_short_circuit_decorator' retrieved from /home/airflow/.local/lib/python3.12/site-packages/airflow/example_dags/example_short_circuit_decorator.py
[2024-05-05T04:23:44.559+0000] {logging_mixin.py:188} INFO - [2024-05-05T04:23:44.557+0000] {dag.py:3096} INFO - Sync 1 DAGs
[2024-05-05T04:23:45.230+0000] {logging_mixin.py:188} INFO - [2024-05-05T04:23:45.228+0000] {dag.py:3954} INFO - Setting next_dagrun for example_short_circuit_decorator to 2024-05-04 00:00:00+00:00, run_after=2024-05-05 00:00:00+00:00
[2024-05-05T04:23:45.775+0000] {processor.py:183} INFO - Processing /home/airflow/.local/lib/python3.12/site-packages/airflow/example_dags/example_short_circuit_decorator.py took 3.314 seconds
[2024-05-05T04:24:57.758+0000] {processor.py:161} INFO - Started process (PID=9591) to work on /home/airflow/.local/lib/python3.12/site-packages/airflow/example_dags/example_short_circuit_decorator.py
[2024-05-05T04:24:57.843+0000] {processor.py:830} INFO - Processing file /home/airflow/.local/lib/python3.12/site-packages/airflow/example_dags/example_short_circuit_decorator.py for tasks to queue
[2024-05-05T04:24:57.887+0000] {logging_mixin.py:188} INFO - [2024-05-05T04:24:57.865+0000] {dagbag.py:540} INFO - Filling up the DagBag from /home/airflow/.local/lib/python3.12/site-packages/airflow/example_dags/example_short_circuit_decorator.py
[2024-05-05T04:24:58.328+0000] {processor.py:840} INFO - DAG(s) 'example_short_circuit_decorator' retrieved from /home/airflow/.local/lib/python3.12/site-packages/airflow/example_dags/example_short_circuit_decorator.py
[2024-05-05T04:24:59.300+0000] {logging_mixin.py:188} INFO - [2024-05-05T04:24:59.268+0000] {dag.py:3096} INFO - Sync 1 DAGs
[2024-05-05T04:24:59.794+0000] {logging_mixin.py:188} INFO - [2024-05-05T04:24:59.787+0000] {dag.py:3954} INFO - Setting next_dagrun for example_short_circuit_decorator to 2024-05-04 00:00:00+00:00, run_after=2024-05-05 00:00:00+00:00
[2024-05-05T04:25:00.465+0000] {processor.py:183} INFO - Processing /home/airflow/.local/lib/python3.12/site-packages/airflow/example_dags/example_short_circuit_decorator.py took 2.967 seconds
[2024-05-05T04:26:19.686+0000] {processor.py:161} INFO - Started process (PID=9644) to work on /home/airflow/.local/lib/python3.12/site-packages/airflow/example_dags/example_short_circuit_decorator.py
[2024-05-05T04:26:19.751+0000] {processor.py:830} INFO - Processing file /home/airflow/.local/lib/python3.12/site-packages/airflow/example_dags/example_short_circuit_decorator.py for tasks to queue
[2024-05-05T04:26:19.829+0000] {logging_mixin.py:188} INFO - [2024-05-05T04:26:19.790+0000] {dagbag.py:540} INFO - Filling up the DagBag from /home/airflow/.local/lib/python3.12/site-packages/airflow/example_dags/example_short_circuit_decorator.py
[2024-05-05T04:26:20.552+0000] {processor.py:840} INFO - DAG(s) 'example_short_circuit_decorator' retrieved from /home/airflow/.local/lib/python3.12/site-packages/airflow/example_dags/example_short_circuit_decorator.py
[2024-05-05T04:26:21.370+0000] {logging_mixin.py:188} INFO - [2024-05-05T04:26:21.368+0000] {dag.py:3096} INFO - Sync 1 DAGs
[2024-05-05T04:26:22.324+0000] {logging_mixin.py:188} INFO - [2024-05-05T04:26:22.322+0000] {dag.py:3954} INFO - Setting next_dagrun for example_short_circuit_decorator to 2024-05-04 00:00:00+00:00, run_after=2024-05-05 00:00:00+00:00
[2024-05-05T04:26:22.732+0000] {processor.py:183} INFO - Processing /home/airflow/.local/lib/python3.12/site-packages/airflow/example_dags/example_short_circuit_decorator.py took 3.441 seconds
[2024-05-05T04:27:37.966+0000] {processor.py:161} INFO - Started process (PID=9697) to work on /home/airflow/.local/lib/python3.12/site-packages/airflow/example_dags/example_short_circuit_decorator.py
[2024-05-05T04:27:38.010+0000] {processor.py:830} INFO - Processing file /home/airflow/.local/lib/python3.12/site-packages/airflow/example_dags/example_short_circuit_decorator.py for tasks to queue
[2024-05-05T04:27:38.045+0000] {logging_mixin.py:188} INFO - [2024-05-05T04:27:38.042+0000] {dagbag.py:540} INFO - Filling up the DagBag from /home/airflow/.local/lib/python3.12/site-packages/airflow/example_dags/example_short_circuit_decorator.py
[2024-05-05T04:27:38.482+0000] {processor.py:840} INFO - DAG(s) 'example_short_circuit_decorator' retrieved from /home/airflow/.local/lib/python3.12/site-packages/airflow/example_dags/example_short_circuit_decorator.py
[2024-05-05T04:27:39.401+0000] {logging_mixin.py:188} INFO - [2024-05-05T04:27:39.399+0000] {dag.py:3096} INFO - Sync 1 DAGs
[2024-05-05T04:27:40.012+0000] {logging_mixin.py:188} INFO - [2024-05-05T04:27:40.005+0000] {dag.py:3954} INFO - Setting next_dagrun for example_short_circuit_decorator to 2024-05-04 00:00:00+00:00, run_after=2024-05-05 00:00:00+00:00
[2024-05-05T04:27:40.623+0000] {processor.py:183} INFO - Processing /home/airflow/.local/lib/python3.12/site-packages/airflow/example_dags/example_short_circuit_decorator.py took 2.822 seconds
[2024-05-05T04:28:55.045+0000] {processor.py:161} INFO - Started process (PID=9744) to work on /home/airflow/.local/lib/python3.12/site-packages/airflow/example_dags/example_short_circuit_decorator.py
[2024-05-05T04:28:55.067+0000] {processor.py:830} INFO - Processing file /home/airflow/.local/lib/python3.12/site-packages/airflow/example_dags/example_short_circuit_decorator.py for tasks to queue
[2024-05-05T04:28:55.092+0000] {logging_mixin.py:188} INFO - [2024-05-05T04:28:55.089+0000] {dagbag.py:540} INFO - Filling up the DagBag from /home/airflow/.local/lib/python3.12/site-packages/airflow/example_dags/example_short_circuit_decorator.py
[2024-05-05T04:28:55.586+0000] {processor.py:840} INFO - DAG(s) 'example_short_circuit_decorator' retrieved from /home/airflow/.local/lib/python3.12/site-packages/airflow/example_dags/example_short_circuit_decorator.py
[2024-05-05T04:28:56.477+0000] {logging_mixin.py:188} INFO - [2024-05-05T04:28:56.468+0000] {dag.py:3096} INFO - Sync 1 DAGs
[2024-05-05T04:28:57.458+0000] {logging_mixin.py:188} INFO - [2024-05-05T04:28:57.455+0000] {dag.py:3954} INFO - Setting next_dagrun for example_short_circuit_decorator to 2024-05-04 00:00:00+00:00, run_after=2024-05-05 00:00:00+00:00
[2024-05-05T04:28:57.704+0000] {processor.py:183} INFO - Processing /home/airflow/.local/lib/python3.12/site-packages/airflow/example_dags/example_short_circuit_decorator.py took 2.858 seconds
[2024-05-05T04:30:09.151+0000] {processor.py:161} INFO - Started process (PID=9800) to work on /home/airflow/.local/lib/python3.12/site-packages/airflow/example_dags/example_short_circuit_decorator.py
[2024-05-05T04:30:09.212+0000] {processor.py:830} INFO - Processing file /home/airflow/.local/lib/python3.12/site-packages/airflow/example_dags/example_short_circuit_decorator.py for tasks to queue
[2024-05-05T04:30:09.242+0000] {logging_mixin.py:188} INFO - [2024-05-05T04:30:09.229+0000] {dagbag.py:540} INFO - Filling up the DagBag from /home/airflow/.local/lib/python3.12/site-packages/airflow/example_dags/example_short_circuit_decorator.py
[2024-05-05T04:30:09.585+0000] {processor.py:840} INFO - DAG(s) 'example_short_circuit_decorator' retrieved from /home/airflow/.local/lib/python3.12/site-packages/airflow/example_dags/example_short_circuit_decorator.py
[2024-05-05T04:30:10.222+0000] {logging_mixin.py:188} INFO - [2024-05-05T04:30:10.220+0000] {dag.py:3096} INFO - Sync 1 DAGs
[2024-05-05T04:30:12.015+0000] {logging_mixin.py:188} INFO - [2024-05-05T04:30:12.000+0000] {dag.py:3954} INFO - Setting next_dagrun for example_short_circuit_decorator to 2024-05-04 00:00:00+00:00, run_after=2024-05-05 00:00:00+00:00
[2024-05-05T04:30:12.443+0000] {processor.py:183} INFO - Processing /home/airflow/.local/lib/python3.12/site-packages/airflow/example_dags/example_short_circuit_decorator.py took 3.603 seconds
[2024-05-05T04:31:29.230+0000] {processor.py:161} INFO - Started process (PID=9848) to work on /home/airflow/.local/lib/python3.12/site-packages/airflow/example_dags/example_short_circuit_decorator.py
[2024-05-05T04:31:29.275+0000] {processor.py:830} INFO - Processing file /home/airflow/.local/lib/python3.12/site-packages/airflow/example_dags/example_short_circuit_decorator.py for tasks to queue
[2024-05-05T04:31:29.357+0000] {logging_mixin.py:188} INFO - [2024-05-05T04:31:29.353+0000] {dagbag.py:540} INFO - Filling up the DagBag from /home/airflow/.local/lib/python3.12/site-packages/airflow/example_dags/example_short_circuit_decorator.py
[2024-05-05T04:31:29.887+0000] {processor.py:840} INFO - DAG(s) 'example_short_circuit_decorator' retrieved from /home/airflow/.local/lib/python3.12/site-packages/airflow/example_dags/example_short_circuit_decorator.py
[2024-05-05T04:31:30.757+0000] {logging_mixin.py:188} INFO - [2024-05-05T04:31:30.750+0000] {dag.py:3096} INFO - Sync 1 DAGs
[2024-05-05T04:31:32.162+0000] {logging_mixin.py:188} INFO - [2024-05-05T04:31:32.088+0000] {dag.py:3954} INFO - Setting next_dagrun for example_short_circuit_decorator to 2024-05-04 00:00:00+00:00, run_after=2024-05-05 00:00:00+00:00
[2024-05-05T04:31:32.755+0000] {processor.py:183} INFO - Processing /home/airflow/.local/lib/python3.12/site-packages/airflow/example_dags/example_short_circuit_decorator.py took 3.753 seconds
[2024-05-05T04:32:43.665+0000] {processor.py:161} INFO - Started process (PID=9898) to work on /home/airflow/.local/lib/python3.12/site-packages/airflow/example_dags/example_short_circuit_decorator.py
[2024-05-05T04:32:43.697+0000] {processor.py:830} INFO - Processing file /home/airflow/.local/lib/python3.12/site-packages/airflow/example_dags/example_short_circuit_decorator.py for tasks to queue
[2024-05-05T04:32:43.728+0000] {logging_mixin.py:188} INFO - [2024-05-05T04:32:43.724+0000] {dagbag.py:540} INFO - Filling up the DagBag from /home/airflow/.local/lib/python3.12/site-packages/airflow/example_dags/example_short_circuit_decorator.py
[2024-05-05T04:32:43.968+0000] {processor.py:840} INFO - DAG(s) 'example_short_circuit_decorator' retrieved from /home/airflow/.local/lib/python3.12/site-packages/airflow/example_dags/example_short_circuit_decorator.py
[2024-05-05T04:32:44.813+0000] {logging_mixin.py:188} INFO - [2024-05-05T04:32:44.811+0000] {dag.py:3096} INFO - Sync 1 DAGs
[2024-05-05T04:32:45.689+0000] {logging_mixin.py:188} INFO - [2024-05-05T04:32:45.679+0000] {dag.py:3954} INFO - Setting next_dagrun for example_short_circuit_decorator to 2024-05-04 00:00:00+00:00, run_after=2024-05-05 00:00:00+00:00
[2024-05-05T04:32:46.272+0000] {processor.py:183} INFO - Processing /home/airflow/.local/lib/python3.12/site-packages/airflow/example_dags/example_short_circuit_decorator.py took 2.886 seconds
[2024-05-05T04:34:18.111+0000] {processor.py:161} INFO - Started process (PID=9950) to work on /home/airflow/.local/lib/python3.12/site-packages/airflow/example_dags/example_short_circuit_decorator.py
[2024-05-05T04:34:18.146+0000] {processor.py:830} INFO - Processing file /home/airflow/.local/lib/python3.12/site-packages/airflow/example_dags/example_short_circuit_decorator.py for tasks to queue
[2024-05-05T04:34:18.180+0000] {logging_mixin.py:188} INFO - [2024-05-05T04:34:18.177+0000] {dagbag.py:540} INFO - Filling up the DagBag from /home/airflow/.local/lib/python3.12/site-packages/airflow/example_dags/example_short_circuit_decorator.py
[2024-05-05T04:34:19.090+0000] {processor.py:840} INFO - DAG(s) 'example_short_circuit_decorator' retrieved from /home/airflow/.local/lib/python3.12/site-packages/airflow/example_dags/example_short_circuit_decorator.py
[2024-05-05T04:34:20.394+0000] {logging_mixin.py:188} INFO - [2024-05-05T04:34:20.352+0000] {dag.py:3096} INFO - Sync 1 DAGs
[2024-05-05T04:34:21.632+0000] {logging_mixin.py:188} INFO - [2024-05-05T04:34:21.624+0000] {dag.py:3954} INFO - Setting next_dagrun for example_short_circuit_decorator to 2024-05-04 00:00:00+00:00, run_after=2024-05-05 00:00:00+00:00
[2024-05-05T04:34:22.352+0000] {processor.py:183} INFO - Processing /home/airflow/.local/lib/python3.12/site-packages/airflow/example_dags/example_short_circuit_decorator.py took 5.093 seconds
[2024-05-05T04:35:31.338+0000] {processor.py:161} INFO - Started process (PID=10001) to work on /home/airflow/.local/lib/python3.12/site-packages/airflow/example_dags/example_short_circuit_decorator.py
[2024-05-05T04:35:31.346+0000] {processor.py:830} INFO - Processing file /home/airflow/.local/lib/python3.12/site-packages/airflow/example_dags/example_short_circuit_decorator.py for tasks to queue
[2024-05-05T04:35:31.354+0000] {logging_mixin.py:188} INFO - [2024-05-05T04:35:31.352+0000] {dagbag.py:540} INFO - Filling up the DagBag from /home/airflow/.local/lib/python3.12/site-packages/airflow/example_dags/example_short_circuit_decorator.py
[2024-05-05T04:35:31.420+0000] {processor.py:840} INFO - DAG(s) 'example_short_circuit_decorator' retrieved from /home/airflow/.local/lib/python3.12/site-packages/airflow/example_dags/example_short_circuit_decorator.py
[2024-05-05T04:35:31.700+0000] {logging_mixin.py:188} INFO - [2024-05-05T04:35:31.699+0000] {dag.py:3096} INFO - Sync 1 DAGs
[2024-05-05T04:35:31.856+0000] {logging_mixin.py:188} INFO - [2024-05-05T04:35:31.855+0000] {dag.py:3954} INFO - Setting next_dagrun for example_short_circuit_decorator to 2024-05-04 00:00:00+00:00, run_after=2024-05-05 00:00:00+00:00
[2024-05-05T04:35:32.020+0000] {processor.py:183} INFO - Processing /home/airflow/.local/lib/python3.12/site-packages/airflow/example_dags/example_short_circuit_decorator.py took 0.734 seconds
[2024-05-05T05:20:52.466+0000] {processor.py:161} INFO - Started process (PID=10052) to work on /home/airflow/.local/lib/python3.12/site-packages/airflow/example_dags/example_short_circuit_decorator.py
[2024-05-05T05:20:52.758+0000] {processor.py:830} INFO - Processing file /home/airflow/.local/lib/python3.12/site-packages/airflow/example_dags/example_short_circuit_decorator.py for tasks to queue
[2024-05-05T05:20:53.486+0000] {logging_mixin.py:188} INFO - [2024-05-05T05:20:52.971+0000] {dagbag.py:540} INFO - Filling up the DagBag from /home/airflow/.local/lib/python3.12/site-packages/airflow/example_dags/example_short_circuit_decorator.py
[2024-05-05T05:21:00.152+0000] {processor.py:840} INFO - DAG(s) 'example_short_circuit_decorator' retrieved from /home/airflow/.local/lib/python3.12/site-packages/airflow/example_dags/example_short_circuit_decorator.py
[2024-05-05T05:29:36.889+0000] {logging_mixin.py:188} INFO - [2024-05-05T05:29:36.803+0000] {dag.py:3096} INFO - Sync 1 DAGs
[2024-05-05T06:49:25.675+0000] {processor.py:161} INFO - Started process (PID=10134) to work on /home/airflow/.local/lib/python3.12/site-packages/airflow/example_dags/example_short_circuit_decorator.py
[2024-05-05T06:49:25.784+0000] {processor.py:830} INFO - Processing file /home/airflow/.local/lib/python3.12/site-packages/airflow/example_dags/example_short_circuit_decorator.py for tasks to queue
[2024-05-05T06:49:25.825+0000] {logging_mixin.py:188} INFO - [2024-05-05T06:49:25.822+0000] {dagbag.py:540} INFO - Filling up the DagBag from /home/airflow/.local/lib/python3.12/site-packages/airflow/example_dags/example_short_circuit_decorator.py
[2024-05-05T06:49:26.762+0000] {processor.py:840} INFO - DAG(s) 'example_short_circuit_decorator' retrieved from /home/airflow/.local/lib/python3.12/site-packages/airflow/example_dags/example_short_circuit_decorator.py
[2024-05-05T07:12:18.368+0000] {processor.py:161} INFO - Started process (PID=10217) to work on /home/airflow/.local/lib/python3.12/site-packages/airflow/example_dags/example_short_circuit_decorator.py
[2024-05-05T07:12:18.379+0000] {processor.py:830} INFO - Processing file /home/airflow/.local/lib/python3.12/site-packages/airflow/example_dags/example_short_circuit_decorator.py for tasks to queue
[2024-05-05T07:12:18.409+0000] {logging_mixin.py:188} INFO - [2024-05-05T07:12:18.396+0000] {dagbag.py:540} INFO - Filling up the DagBag from /home/airflow/.local/lib/python3.12/site-packages/airflow/example_dags/example_short_circuit_decorator.py
[2024-05-05T07:12:18.680+0000] {processor.py:840} INFO - DAG(s) 'example_short_circuit_decorator' retrieved from /home/airflow/.local/lib/python3.12/site-packages/airflow/example_dags/example_short_circuit_decorator.py
[2024-05-05T12:12:33.795+0000] {processor.py:161} INFO - Started process (PID=10240) to work on /home/airflow/.local/lib/python3.12/site-packages/airflow/example_dags/example_short_circuit_decorator.py
[2024-05-05T12:12:33.819+0000] {processor.py:830} INFO - Processing file /home/airflow/.local/lib/python3.12/site-packages/airflow/example_dags/example_short_circuit_decorator.py for tasks to queue
[2024-05-05T12:12:33.872+0000] {logging_mixin.py:188} INFO - [2024-05-05T12:12:33.859+0000] {dagbag.py:540} INFO - Filling up the DagBag from /home/airflow/.local/lib/python3.12/site-packages/airflow/example_dags/example_short_circuit_decorator.py
[2024-05-05T12:12:33.979+0000] {processor.py:840} INFO - DAG(s) 'example_short_circuit_decorator' retrieved from /home/airflow/.local/lib/python3.12/site-packages/airflow/example_dags/example_short_circuit_decorator.py
[2024-05-05T18:12:07.479+0000] {processor.py:161} INFO - Started process (PID=10316) to work on /home/airflow/.local/lib/python3.12/site-packages/airflow/example_dags/example_short_circuit_decorator.py
[2024-05-05T18:12:07.575+0000] {processor.py:830} INFO - Processing file /home/airflow/.local/lib/python3.12/site-packages/airflow/example_dags/example_short_circuit_decorator.py for tasks to queue
[2024-05-05T18:12:07.618+0000] {logging_mixin.py:188} INFO - [2024-05-05T18:12:07.611+0000] {dagbag.py:540} INFO - Filling up the DagBag from /home/airflow/.local/lib/python3.12/site-packages/airflow/example_dags/example_short_circuit_decorator.py
[2024-05-05T18:12:07.972+0000] {processor.py:840} INFO - DAG(s) 'example_short_circuit_decorator' retrieved from /home/airflow/.local/lib/python3.12/site-packages/airflow/example_dags/example_short_circuit_decorator.py
[2024-05-05T18:12:22.544+0000] {logging_mixin.py:188} INFO - [2024-05-05T18:12:22.502+0000] {dag.py:3096} INFO - Sync 1 DAGs
[2024-05-05T18:12:23.842+0000] {logging_mixin.py:188} INFO - [2024-05-05T18:12:23.795+0000] {dag.py:3954} INFO - Setting next_dagrun for example_short_circuit_decorator to 2024-05-04 00:00:00+00:00, run_after=2024-05-05 00:00:00+00:00
[2024-05-05T18:12:24.730+0000] {processor.py:183} INFO - Processing /home/airflow/.local/lib/python3.12/site-packages/airflow/example_dags/example_short_circuit_decorator.py took 17.445 seconds
