[2024-05-05T00:00:32.370+0000] {processor.py:161} INFO - Started process (PID=7584) to work on /home/airflow/.local/lib/python3.12/site-packages/airflow/example_dags/example_skip_dag.py
[2024-05-05T00:00:32.373+0000] {processor.py:830} INFO - Processing file /home/airflow/.local/lib/python3.12/site-packages/airflow/example_dags/example_skip_dag.py for tasks to queue
[2024-05-05T00:00:32.375+0000] {logging_mixin.py:188} INFO - [2024-05-05T00:00:32.375+0000] {dagbag.py:540} INFO - Filling up the DagBag from /home/airflow/.local/lib/python3.12/site-packages/airflow/example_dags/example_skip_dag.py
[2024-05-05T00:00:32.395+0000] {processor.py:840} INFO - DAG(s) 'example_skip_dag' retrieved from /home/airflow/.local/lib/python3.12/site-packages/airflow/example_dags/example_skip_dag.py
[2024-05-05T00:00:32.472+0000] {logging_mixin.py:188} INFO - [2024-05-05T00:00:32.471+0000] {dag.py:3096} INFO - Sync 1 DAGs
[2024-05-05T00:00:32.560+0000] {logging_mixin.py:188} INFO - [2024-05-05T00:00:32.559+0000] {dag.py:3954} INFO - Setting next_dagrun for example_skip_dag to 2024-05-04 00:00:00+00:00, run_after=2024-05-05 00:00:00+00:00
[2024-05-05T00:00:32.613+0000] {processor.py:183} INFO - Processing /home/airflow/.local/lib/python3.12/site-packages/airflow/example_dags/example_skip_dag.py took 0.274 seconds
[2024-05-05T00:01:04.451+0000] {processor.py:161} INFO - Started process (PID=7651) to work on /home/airflow/.local/lib/python3.12/site-packages/airflow/example_dags/example_skip_dag.py
[2024-05-05T00:01:04.455+0000] {processor.py:830} INFO - Processing file /home/airflow/.local/lib/python3.12/site-packages/airflow/example_dags/example_skip_dag.py for tasks to queue
[2024-05-05T00:01:04.465+0000] {logging_mixin.py:188} INFO - [2024-05-05T00:01:04.459+0000] {dagbag.py:540} INFO - Filling up the DagBag from /home/airflow/.local/lib/python3.12/site-packages/airflow/example_dags/example_skip_dag.py
[2024-05-05T00:01:04.491+0000] {processor.py:840} INFO - DAG(s) 'example_skip_dag' retrieved from /home/airflow/.local/lib/python3.12/site-packages/airflow/example_dags/example_skip_dag.py
[2024-05-05T00:01:04.538+0000] {logging_mixin.py:188} INFO - [2024-05-05T00:01:04.538+0000] {dag.py:3096} INFO - Sync 1 DAGs
[2024-05-05T00:01:04.597+0000] {logging_mixin.py:188} INFO - [2024-05-05T00:01:04.597+0000] {dag.py:3954} INFO - Setting next_dagrun for example_skip_dag to 2024-05-04 00:00:00+00:00, run_after=2024-05-05 00:00:00+00:00
[2024-05-05T00:01:04.651+0000] {processor.py:183} INFO - Processing /home/airflow/.local/lib/python3.12/site-packages/airflow/example_dags/example_skip_dag.py took 0.219 seconds
[2024-05-05T00:32:40.169+0000] {processor.py:161} INFO - Started process (PID=7723) to work on /home/airflow/.local/lib/python3.12/site-packages/airflow/example_dags/example_skip_dag.py
[2024-05-05T00:32:40.206+0000] {processor.py:830} INFO - Processing file /home/airflow/.local/lib/python3.12/site-packages/airflow/example_dags/example_skip_dag.py for tasks to queue
[2024-05-05T00:32:40.244+0000] {logging_mixin.py:188} INFO - [2024-05-05T00:32:40.227+0000] {dagbag.py:540} INFO - Filling up the DagBag from /home/airflow/.local/lib/python3.12/site-packages/airflow/example_dags/example_skip_dag.py
[2024-05-05T00:32:40.576+0000] {processor.py:840} INFO - DAG(s) 'example_skip_dag' retrieved from /home/airflow/.local/lib/python3.12/site-packages/airflow/example_dags/example_skip_dag.py
[2024-05-05T00:32:41.653+0000] {logging_mixin.py:188} INFO - [2024-05-05T00:32:41.633+0000] {dag.py:3096} INFO - Sync 1 DAGs
[2024-05-05T00:32:43.297+0000] {logging_mixin.py:188} INFO - [2024-05-05T00:32:43.276+0000] {dag.py:3954} INFO - Setting next_dagrun for example_skip_dag to 2024-05-04 00:00:00+00:00, run_after=2024-05-05 00:00:00+00:00
[2024-05-05T00:32:44.365+0000] {processor.py:183} INFO - Processing /home/airflow/.local/lib/python3.12/site-packages/airflow/example_dags/example_skip_dag.py took 4.402 seconds
[2024-05-05T00:51:01.865+0000] {processor.py:161} INFO - Started process (PID=7787) to work on /home/airflow/.local/lib/python3.12/site-packages/airflow/example_dags/example_skip_dag.py
[2024-05-05T00:51:01.944+0000] {processor.py:830} INFO - Processing file /home/airflow/.local/lib/python3.12/site-packages/airflow/example_dags/example_skip_dag.py for tasks to queue
[2024-05-05T00:51:02.171+0000] {logging_mixin.py:188} INFO - [2024-05-05T00:51:02.069+0000] {dagbag.py:540} INFO - Filling up the DagBag from /home/airflow/.local/lib/python3.12/site-packages/airflow/example_dags/example_skip_dag.py
[2024-05-05T00:51:02.593+0000] {processor.py:840} INFO - DAG(s) 'example_skip_dag' retrieved from /home/airflow/.local/lib/python3.12/site-packages/airflow/example_dags/example_skip_dag.py
[2024-05-05T00:51:03.934+0000] {logging_mixin.py:188} INFO - [2024-05-05T00:51:03.924+0000] {dag.py:3096} INFO - Sync 1 DAGs
[2024-05-05T00:51:05.961+0000] {logging_mixin.py:188} INFO - [2024-05-05T00:51:05.943+0000] {dag.py:3954} INFO - Setting next_dagrun for example_skip_dag to 2024-05-04 00:00:00+00:00, run_after=2024-05-05 00:00:00+00:00
[2024-05-05T00:51:06.472+0000] {processor.py:183} INFO - Processing /home/airflow/.local/lib/python3.12/site-packages/airflow/example_dags/example_skip_dag.py took 4.943 seconds
[2024-05-05T00:53:17.372+0000] {processor.py:161} INFO - Started process (PID=7876) to work on /home/airflow/.local/lib/python3.12/site-packages/airflow/example_dags/example_skip_dag.py
[2024-05-05T00:53:17.382+0000] {processor.py:830} INFO - Processing file /home/airflow/.local/lib/python3.12/site-packages/airflow/example_dags/example_skip_dag.py for tasks to queue
[2024-05-05T00:53:17.398+0000] {logging_mixin.py:188} INFO - [2024-05-05T00:53:17.392+0000] {dagbag.py:540} INFO - Filling up the DagBag from /home/airflow/.local/lib/python3.12/site-packages/airflow/example_dags/example_skip_dag.py
[2024-05-05T00:53:17.452+0000] {processor.py:840} INFO - DAG(s) 'example_skip_dag' retrieved from /home/airflow/.local/lib/python3.12/site-packages/airflow/example_dags/example_skip_dag.py
[2024-05-05T00:53:17.544+0000] {logging_mixin.py:188} INFO - [2024-05-05T00:53:17.544+0000] {dag.py:3096} INFO - Sync 1 DAGs
[2024-05-05T00:53:17.687+0000] {logging_mixin.py:188} INFO - [2024-05-05T00:53:17.684+0000] {dag.py:3954} INFO - Setting next_dagrun for example_skip_dag to 2024-05-04 00:00:00+00:00, run_after=2024-05-05 00:00:00+00:00
[2024-05-05T00:53:17.822+0000] {processor.py:183} INFO - Processing /home/airflow/.local/lib/python3.12/site-packages/airflow/example_dags/example_skip_dag.py took 0.486 seconds
[2024-05-05T01:11:08.462+0000] {processor.py:161} INFO - Started process (PID=7954) to work on /home/airflow/.local/lib/python3.12/site-packages/airflow/example_dags/example_skip_dag.py
[2024-05-05T01:11:08.486+0000] {processor.py:830} INFO - Processing file /home/airflow/.local/lib/python3.12/site-packages/airflow/example_dags/example_skip_dag.py for tasks to queue
[2024-05-05T01:11:08.489+0000] {logging_mixin.py:188} INFO - [2024-05-05T01:11:08.489+0000] {dagbag.py:540} INFO - Filling up the DagBag from /home/airflow/.local/lib/python3.12/site-packages/airflow/example_dags/example_skip_dag.py
[2024-05-05T01:11:08.566+0000] {processor.py:840} INFO - DAG(s) 'example_skip_dag' retrieved from /home/airflow/.local/lib/python3.12/site-packages/airflow/example_dags/example_skip_dag.py
[2024-05-05T01:11:08.651+0000] {logging_mixin.py:188} INFO - [2024-05-05T01:11:08.642+0000] {dag.py:3096} INFO - Sync 1 DAGs
[2024-05-05T01:11:08.727+0000] {logging_mixin.py:188} INFO - [2024-05-05T01:11:08.726+0000] {dag.py:3954} INFO - Setting next_dagrun for example_skip_dag to 2024-05-04 00:00:00+00:00, run_after=2024-05-05 00:00:00+00:00
[2024-05-05T01:11:08.809+0000] {processor.py:183} INFO - Processing /home/airflow/.local/lib/python3.12/site-packages/airflow/example_dags/example_skip_dag.py took 0.379 seconds
[2024-05-05T01:45:05.519+0000] {processor.py:161} INFO - Started process (PID=8000) to work on /home/airflow/.local/lib/python3.12/site-packages/airflow/example_dags/example_skip_dag.py
[2024-05-05T01:45:05.523+0000] {processor.py:830} INFO - Processing file /home/airflow/.local/lib/python3.12/site-packages/airflow/example_dags/example_skip_dag.py for tasks to queue
[2024-05-05T01:45:05.535+0000] {logging_mixin.py:188} INFO - [2024-05-05T01:45:05.531+0000] {dagbag.py:540} INFO - Filling up the DagBag from /home/airflow/.local/lib/python3.12/site-packages/airflow/example_dags/example_skip_dag.py
[2024-05-05T01:45:05.573+0000] {processor.py:840} INFO - DAG(s) 'example_skip_dag' retrieved from /home/airflow/.local/lib/python3.12/site-packages/airflow/example_dags/example_skip_dag.py
[2024-05-05T01:45:05.658+0000] {logging_mixin.py:188} INFO - [2024-05-05T01:45:05.657+0000] {dag.py:3096} INFO - Sync 1 DAGs
[2024-05-05T01:45:05.754+0000] {logging_mixin.py:188} INFO - [2024-05-05T01:45:05.754+0000] {dag.py:3954} INFO - Setting next_dagrun for example_skip_dag to 2024-05-04 00:00:00+00:00, run_after=2024-05-05 00:00:00+00:00
[2024-05-05T01:45:05.827+0000] {processor.py:183} INFO - Processing /home/airflow/.local/lib/python3.12/site-packages/airflow/example_dags/example_skip_dag.py took 0.341 seconds
[2024-05-05T02:03:03.245+0000] {processor.py:161} INFO - Started process (PID=8064) to work on /home/airflow/.local/lib/python3.12/site-packages/airflow/example_dags/example_skip_dag.py
[2024-05-05T02:03:03.259+0000] {processor.py:830} INFO - Processing file /home/airflow/.local/lib/python3.12/site-packages/airflow/example_dags/example_skip_dag.py for tasks to queue
[2024-05-05T02:03:03.261+0000] {logging_mixin.py:188} INFO - [2024-05-05T02:03:03.261+0000] {dagbag.py:540} INFO - Filling up the DagBag from /home/airflow/.local/lib/python3.12/site-packages/airflow/example_dags/example_skip_dag.py
[2024-05-05T02:03:03.292+0000] {processor.py:840} INFO - DAG(s) 'example_skip_dag' retrieved from /home/airflow/.local/lib/python3.12/site-packages/airflow/example_dags/example_skip_dag.py
[2024-05-05T02:03:03.398+0000] {logging_mixin.py:188} INFO - [2024-05-05T02:03:03.398+0000] {dag.py:3096} INFO - Sync 1 DAGs
[2024-05-05T02:03:03.462+0000] {logging_mixin.py:188} INFO - [2024-05-05T02:03:03.461+0000] {dag.py:3954} INFO - Setting next_dagrun for example_skip_dag to 2024-05-04 00:00:00+00:00, run_after=2024-05-05 00:00:00+00:00
[2024-05-05T02:03:03.535+0000] {processor.py:183} INFO - Processing /home/airflow/.local/lib/python3.12/site-packages/airflow/example_dags/example_skip_dag.py took 0.323 seconds
[2024-05-05T02:04:31.674+0000] {processor.py:161} INFO - Started process (PID=8152) to work on /home/airflow/.local/lib/python3.12/site-packages/airflow/example_dags/example_skip_dag.py
[2024-05-05T02:04:31.692+0000] {processor.py:830} INFO - Processing file /home/airflow/.local/lib/python3.12/site-packages/airflow/example_dags/example_skip_dag.py for tasks to queue
[2024-05-05T02:04:31.777+0000] {logging_mixin.py:188} INFO - [2024-05-05T02:04:31.728+0000] {dagbag.py:540} INFO - Filling up the DagBag from /home/airflow/.local/lib/python3.12/site-packages/airflow/example_dags/example_skip_dag.py
[2024-05-05T02:04:31.899+0000] {processor.py:840} INFO - DAG(s) 'example_skip_dag' retrieved from /home/airflow/.local/lib/python3.12/site-packages/airflow/example_dags/example_skip_dag.py
[2024-05-05T02:04:32.269+0000] {logging_mixin.py:188} INFO - [2024-05-05T02:04:32.267+0000] {dag.py:3096} INFO - Sync 1 DAGs
[2024-05-05T02:04:32.711+0000] {logging_mixin.py:188} INFO - [2024-05-05T02:04:32.709+0000] {dag.py:3954} INFO - Setting next_dagrun for example_skip_dag to 2024-05-04 00:00:00+00:00, run_after=2024-05-05 00:00:00+00:00
[2024-05-05T02:04:32.990+0000] {processor.py:183} INFO - Processing /home/airflow/.local/lib/python3.12/site-packages/airflow/example_dags/example_skip_dag.py took 1.489 seconds
[2024-05-05T03:15:25.574+0000] {processor.py:161} INFO - Started process (PID=8250) to work on /home/airflow/.local/lib/python3.12/site-packages/airflow/example_dags/example_skip_dag.py
[2024-05-05T03:15:25.577+0000] {processor.py:830} INFO - Processing file /home/airflow/.local/lib/python3.12/site-packages/airflow/example_dags/example_skip_dag.py for tasks to queue
[2024-05-05T03:15:25.579+0000] {logging_mixin.py:188} INFO - [2024-05-05T03:15:25.579+0000] {dagbag.py:540} INFO - Filling up the DagBag from /home/airflow/.local/lib/python3.12/site-packages/airflow/example_dags/example_skip_dag.py
[2024-05-05T03:15:25.597+0000] {processor.py:840} INFO - DAG(s) 'example_skip_dag' retrieved from /home/airflow/.local/lib/python3.12/site-packages/airflow/example_dags/example_skip_dag.py
[2024-05-05T03:15:25.672+0000] {logging_mixin.py:188} INFO - [2024-05-05T03:15:25.670+0000] {dag.py:3096} INFO - Sync 1 DAGs
[2024-05-05T03:15:25.764+0000] {logging_mixin.py:188} INFO - [2024-05-05T03:15:25.763+0000] {dag.py:3954} INFO - Setting next_dagrun for example_skip_dag to 2024-05-04 00:00:00+00:00, run_after=2024-05-05 00:00:00+00:00
[2024-05-05T03:15:25.831+0000] {processor.py:183} INFO - Processing /home/airflow/.local/lib/python3.12/site-packages/airflow/example_dags/example_skip_dag.py took 0.282 seconds
[2024-05-05T04:00:06.647+0000] {processor.py:161} INFO - Started process (PID=8338) to work on /home/airflow/.local/lib/python3.12/site-packages/airflow/example_dags/example_skip_dag.py
[2024-05-05T04:00:06.651+0000] {processor.py:830} INFO - Processing file /home/airflow/.local/lib/python3.12/site-packages/airflow/example_dags/example_skip_dag.py for tasks to queue
[2024-05-05T04:00:06.655+0000] {logging_mixin.py:188} INFO - [2024-05-05T04:00:06.654+0000] {dagbag.py:540} INFO - Filling up the DagBag from /home/airflow/.local/lib/python3.12/site-packages/airflow/example_dags/example_skip_dag.py
[2024-05-05T04:00:06.675+0000] {processor.py:840} INFO - DAG(s) 'example_skip_dag' retrieved from /home/airflow/.local/lib/python3.12/site-packages/airflow/example_dags/example_skip_dag.py
[2024-05-05T04:00:06.724+0000] {logging_mixin.py:188} INFO - [2024-05-05T04:00:06.724+0000] {dag.py:3096} INFO - Sync 1 DAGs
[2024-05-05T04:00:06.781+0000] {logging_mixin.py:188} INFO - [2024-05-05T04:00:06.780+0000] {dag.py:3954} INFO - Setting next_dagrun for example_skip_dag to 2024-05-04 00:00:00+00:00, run_after=2024-05-05 00:00:00+00:00
[2024-05-05T04:00:06.828+0000] {processor.py:183} INFO - Processing /home/airflow/.local/lib/python3.12/site-packages/airflow/example_dags/example_skip_dag.py took 0.202 seconds
[2024-05-05T04:00:47.030+0000] {processor.py:161} INFO - Started process (PID=8396) to work on /home/airflow/.local/lib/python3.12/site-packages/airflow/example_dags/example_skip_dag.py
[2024-05-05T04:00:47.047+0000] {processor.py:830} INFO - Processing file /home/airflow/.local/lib/python3.12/site-packages/airflow/example_dags/example_skip_dag.py for tasks to queue
[2024-05-05T04:00:47.061+0000] {logging_mixin.py:188} INFO - [2024-05-05T04:00:47.058+0000] {dagbag.py:540} INFO - Filling up the DagBag from /home/airflow/.local/lib/python3.12/site-packages/airflow/example_dags/example_skip_dag.py
[2024-05-05T04:00:47.288+0000] {processor.py:840} INFO - DAG(s) 'example_skip_dag' retrieved from /home/airflow/.local/lib/python3.12/site-packages/airflow/example_dags/example_skip_dag.py
[2024-05-05T04:00:47.789+0000] {logging_mixin.py:188} INFO - [2024-05-05T04:00:47.780+0000] {dag.py:3096} INFO - Sync 1 DAGs
[2024-05-05T04:00:48.328+0000] {logging_mixin.py:188} INFO - [2024-05-05T04:00:48.324+0000] {dag.py:3954} INFO - Setting next_dagrun for example_skip_dag to 2024-05-04 00:00:00+00:00, run_after=2024-05-05 00:00:00+00:00
[2024-05-05T04:00:48.565+0000] {processor.py:183} INFO - Processing /home/airflow/.local/lib/python3.12/site-packages/airflow/example_dags/example_skip_dag.py took 1.584 seconds
[2024-05-05T04:01:48.780+0000] {processor.py:161} INFO - Started process (PID=8462) to work on /home/airflow/.local/lib/python3.12/site-packages/airflow/example_dags/example_skip_dag.py
[2024-05-05T04:01:48.808+0000] {processor.py:830} INFO - Processing file /home/airflow/.local/lib/python3.12/site-packages/airflow/example_dags/example_skip_dag.py for tasks to queue
[2024-05-05T04:01:48.836+0000] {logging_mixin.py:188} INFO - [2024-05-05T04:01:48.825+0000] {dagbag.py:540} INFO - Filling up the DagBag from /home/airflow/.local/lib/python3.12/site-packages/airflow/example_dags/example_skip_dag.py
[2024-05-05T04:01:49.042+0000] {processor.py:840} INFO - DAG(s) 'example_skip_dag' retrieved from /home/airflow/.local/lib/python3.12/site-packages/airflow/example_dags/example_skip_dag.py
[2024-05-05T04:01:49.460+0000] {logging_mixin.py:188} INFO - [2024-05-05T04:01:49.449+0000] {dag.py:3096} INFO - Sync 1 DAGs
[2024-05-05T04:01:49.977+0000] {logging_mixin.py:188} INFO - [2024-05-05T04:01:49.964+0000] {dag.py:3954} INFO - Setting next_dagrun for example_skip_dag to 2024-05-04 00:00:00+00:00, run_after=2024-05-05 00:00:00+00:00
[2024-05-05T04:01:50.345+0000] {processor.py:183} INFO - Processing /home/airflow/.local/lib/python3.12/site-packages/airflow/example_dags/example_skip_dag.py took 1.715 seconds
[2024-05-05T04:02:22.326+0000] {processor.py:161} INFO - Started process (PID=8519) to work on /home/airflow/.local/lib/python3.12/site-packages/airflow/example_dags/example_skip_dag.py
[2024-05-05T04:02:22.349+0000] {processor.py:830} INFO - Processing file /home/airflow/.local/lib/python3.12/site-packages/airflow/example_dags/example_skip_dag.py for tasks to queue
[2024-05-05T04:02:22.365+0000] {logging_mixin.py:188} INFO - [2024-05-05T04:02:22.363+0000] {dagbag.py:540} INFO - Filling up the DagBag from /home/airflow/.local/lib/python3.12/site-packages/airflow/example_dags/example_skip_dag.py
[2024-05-05T04:02:22.485+0000] {processor.py:840} INFO - DAG(s) 'example_skip_dag' retrieved from /home/airflow/.local/lib/python3.12/site-packages/airflow/example_dags/example_skip_dag.py
[2024-05-05T04:02:22.776+0000] {logging_mixin.py:188} INFO - [2024-05-05T04:02:22.776+0000] {dag.py:3096} INFO - Sync 1 DAGs
[2024-05-05T04:02:23.089+0000] {logging_mixin.py:188} INFO - [2024-05-05T04:02:23.088+0000] {dag.py:3954} INFO - Setting next_dagrun for example_skip_dag to 2024-05-04 00:00:00+00:00, run_after=2024-05-05 00:00:00+00:00
[2024-05-05T04:02:23.328+0000] {processor.py:183} INFO - Processing /home/airflow/.local/lib/python3.12/site-packages/airflow/example_dags/example_skip_dag.py took 1.140 seconds
[2024-05-05T04:02:53.965+0000] {processor.py:161} INFO - Started process (PID=8575) to work on /home/airflow/.local/lib/python3.12/site-packages/airflow/example_dags/example_skip_dag.py
[2024-05-05T04:02:53.982+0000] {processor.py:830} INFO - Processing file /home/airflow/.local/lib/python3.12/site-packages/airflow/example_dags/example_skip_dag.py for tasks to queue
[2024-05-05T04:02:53.989+0000] {logging_mixin.py:188} INFO - [2024-05-05T04:02:53.987+0000] {dagbag.py:540} INFO - Filling up the DagBag from /home/airflow/.local/lib/python3.12/site-packages/airflow/example_dags/example_skip_dag.py
[2024-05-05T04:02:54.127+0000] {processor.py:840} INFO - DAG(s) 'example_skip_dag' retrieved from /home/airflow/.local/lib/python3.12/site-packages/airflow/example_dags/example_skip_dag.py
[2024-05-05T04:02:54.511+0000] {logging_mixin.py:188} INFO - [2024-05-05T04:02:54.510+0000] {dag.py:3096} INFO - Sync 1 DAGs
[2024-05-05T04:02:54.902+0000] {logging_mixin.py:188} INFO - [2024-05-05T04:02:54.901+0000] {dag.py:3954} INFO - Setting next_dagrun for example_skip_dag to 2024-05-04 00:00:00+00:00, run_after=2024-05-05 00:00:00+00:00
[2024-05-05T04:02:55.174+0000] {processor.py:183} INFO - Processing /home/airflow/.local/lib/python3.12/site-packages/airflow/example_dags/example_skip_dag.py took 1.310 seconds
[2024-05-05T04:03:31.321+0000] {processor.py:161} INFO - Started process (PID=8633) to work on /home/airflow/.local/lib/python3.12/site-packages/airflow/example_dags/example_skip_dag.py
[2024-05-05T04:03:31.336+0000] {processor.py:830} INFO - Processing file /home/airflow/.local/lib/python3.12/site-packages/airflow/example_dags/example_skip_dag.py for tasks to queue
[2024-05-05T04:03:31.366+0000] {logging_mixin.py:188} INFO - [2024-05-05T04:03:31.349+0000] {dagbag.py:540} INFO - Filling up the DagBag from /home/airflow/.local/lib/python3.12/site-packages/airflow/example_dags/example_skip_dag.py
[2024-05-05T04:03:31.691+0000] {processor.py:840} INFO - DAG(s) 'example_skip_dag' retrieved from /home/airflow/.local/lib/python3.12/site-packages/airflow/example_dags/example_skip_dag.py
[2024-05-05T04:03:32.591+0000] {logging_mixin.py:188} INFO - [2024-05-05T04:03:32.558+0000] {dag.py:3096} INFO - Sync 1 DAGs
[2024-05-05T04:03:33.079+0000] {logging_mixin.py:188} INFO - [2024-05-05T04:03:33.061+0000] {dag.py:3954} INFO - Setting next_dagrun for example_skip_dag to 2024-05-04 00:00:00+00:00, run_after=2024-05-05 00:00:00+00:00
[2024-05-05T04:03:33.552+0000] {processor.py:183} INFO - Processing /home/airflow/.local/lib/python3.12/site-packages/airflow/example_dags/example_skip_dag.py took 2.395 seconds
[2024-05-05T04:04:12.475+0000] {processor.py:161} INFO - Started process (PID=8700) to work on /home/airflow/.local/lib/python3.12/site-packages/airflow/example_dags/example_skip_dag.py
[2024-05-05T04:04:12.490+0000] {processor.py:830} INFO - Processing file /home/airflow/.local/lib/python3.12/site-packages/airflow/example_dags/example_skip_dag.py for tasks to queue
[2024-05-05T04:04:12.506+0000] {logging_mixin.py:188} INFO - [2024-05-05T04:04:12.504+0000] {dagbag.py:540} INFO - Filling up the DagBag from /home/airflow/.local/lib/python3.12/site-packages/airflow/example_dags/example_skip_dag.py
[2024-05-05T04:04:12.783+0000] {processor.py:840} INFO - DAG(s) 'example_skip_dag' retrieved from /home/airflow/.local/lib/python3.12/site-packages/airflow/example_dags/example_skip_dag.py
[2024-05-05T04:04:13.116+0000] {logging_mixin.py:188} INFO - [2024-05-05T04:04:13.110+0000] {dag.py:3096} INFO - Sync 1 DAGs
[2024-05-05T04:04:13.552+0000] {logging_mixin.py:188} INFO - [2024-05-05T04:04:13.551+0000] {dag.py:3954} INFO - Setting next_dagrun for example_skip_dag to 2024-05-04 00:00:00+00:00, run_after=2024-05-05 00:00:00+00:00
[2024-05-05T04:04:13.844+0000] {processor.py:183} INFO - Processing /home/airflow/.local/lib/python3.12/site-packages/airflow/example_dags/example_skip_dag.py took 1.564 seconds
[2024-05-05T04:04:47.846+0000] {processor.py:161} INFO - Started process (PID=8748) to work on /home/airflow/.local/lib/python3.12/site-packages/airflow/example_dags/example_skip_dag.py
[2024-05-05T04:04:47.865+0000] {processor.py:830} INFO - Processing file /home/airflow/.local/lib/python3.12/site-packages/airflow/example_dags/example_skip_dag.py for tasks to queue
[2024-05-05T04:04:47.888+0000] {logging_mixin.py:188} INFO - [2024-05-05T04:04:47.872+0000] {dagbag.py:540} INFO - Filling up the DagBag from /home/airflow/.local/lib/python3.12/site-packages/airflow/example_dags/example_skip_dag.py
[2024-05-05T04:04:48.059+0000] {processor.py:840} INFO - DAG(s) 'example_skip_dag' retrieved from /home/airflow/.local/lib/python3.12/site-packages/airflow/example_dags/example_skip_dag.py
[2024-05-05T04:04:48.592+0000] {logging_mixin.py:188} INFO - [2024-05-05T04:04:48.590+0000] {dag.py:3096} INFO - Sync 1 DAGs
[2024-05-05T04:04:48.903+0000] {logging_mixin.py:188} INFO - [2024-05-05T04:04:48.902+0000] {dag.py:3954} INFO - Setting next_dagrun for example_skip_dag to 2024-05-04 00:00:00+00:00, run_after=2024-05-05 00:00:00+00:00
[2024-05-05T04:04:49.132+0000] {processor.py:183} INFO - Processing /home/airflow/.local/lib/python3.12/site-packages/airflow/example_dags/example_skip_dag.py took 1.583 seconds
[2024-05-05T04:05:29.595+0000] {processor.py:161} INFO - Started process (PID=8804) to work on /home/airflow/.local/lib/python3.12/site-packages/airflow/example_dags/example_skip_dag.py
[2024-05-05T04:05:29.613+0000] {processor.py:830} INFO - Processing file /home/airflow/.local/lib/python3.12/site-packages/airflow/example_dags/example_skip_dag.py for tasks to queue
[2024-05-05T04:05:29.646+0000] {logging_mixin.py:188} INFO - [2024-05-05T04:05:29.634+0000] {dagbag.py:540} INFO - Filling up the DagBag from /home/airflow/.local/lib/python3.12/site-packages/airflow/example_dags/example_skip_dag.py
[2024-05-05T04:05:29.914+0000] {processor.py:840} INFO - DAG(s) 'example_skip_dag' retrieved from /home/airflow/.local/lib/python3.12/site-packages/airflow/example_dags/example_skip_dag.py
[2024-05-05T04:05:30.182+0000] {logging_mixin.py:188} INFO - [2024-05-05T04:05:30.181+0000] {dag.py:3096} INFO - Sync 1 DAGs
[2024-05-05T04:05:30.651+0000] {logging_mixin.py:188} INFO - [2024-05-05T04:05:30.650+0000] {dag.py:3954} INFO - Setting next_dagrun for example_skip_dag to 2024-05-04 00:00:00+00:00, run_after=2024-05-05 00:00:00+00:00
[2024-05-05T04:05:30.834+0000] {processor.py:183} INFO - Processing /home/airflow/.local/lib/python3.12/site-packages/airflow/example_dags/example_skip_dag.py took 1.342 seconds
[2024-05-05T04:06:46.649+0000] {processor.py:161} INFO - Started process (PID=8868) to work on /home/airflow/.local/lib/python3.12/site-packages/airflow/example_dags/example_skip_dag.py
[2024-05-05T04:06:46.683+0000] {processor.py:830} INFO - Processing file /home/airflow/.local/lib/python3.12/site-packages/airflow/example_dags/example_skip_dag.py for tasks to queue
[2024-05-05T04:06:46.718+0000] {logging_mixin.py:188} INFO - [2024-05-05T04:06:46.711+0000] {dagbag.py:540} INFO - Filling up the DagBag from /home/airflow/.local/lib/python3.12/site-packages/airflow/example_dags/example_skip_dag.py
[2024-05-05T04:06:47.178+0000] {processor.py:840} INFO - DAG(s) 'example_skip_dag' retrieved from /home/airflow/.local/lib/python3.12/site-packages/airflow/example_dags/example_skip_dag.py
[2024-05-05T04:06:47.929+0000] {logging_mixin.py:188} INFO - [2024-05-05T04:06:47.917+0000] {dag.py:3096} INFO - Sync 1 DAGs
[2024-05-05T04:06:49.397+0000] {logging_mixin.py:188} INFO - [2024-05-05T04:06:49.368+0000] {dag.py:3954} INFO - Setting next_dagrun for example_skip_dag to 2024-05-04 00:00:00+00:00, run_after=2024-05-05 00:00:00+00:00
[2024-05-05T04:06:50.013+0000] {processor.py:183} INFO - Processing /home/airflow/.local/lib/python3.12/site-packages/airflow/example_dags/example_skip_dag.py took 3.711 seconds
[2024-05-05T04:09:12.453+0000] {processor.py:161} INFO - Started process (PID=8966) to work on /home/airflow/.local/lib/python3.12/site-packages/airflow/example_dags/example_skip_dag.py
[2024-05-05T04:09:12.487+0000] {processor.py:830} INFO - Processing file /home/airflow/.local/lib/python3.12/site-packages/airflow/example_dags/example_skip_dag.py for tasks to queue
[2024-05-05T04:09:12.509+0000] {logging_mixin.py:188} INFO - [2024-05-05T04:09:12.504+0000] {dagbag.py:540} INFO - Filling up the DagBag from /home/airflow/.local/lib/python3.12/site-packages/airflow/example_dags/example_skip_dag.py
[2024-05-05T04:09:12.752+0000] {processor.py:840} INFO - DAG(s) 'example_skip_dag' retrieved from /home/airflow/.local/lib/python3.12/site-packages/airflow/example_dags/example_skip_dag.py
[2024-05-05T04:09:13.340+0000] {logging_mixin.py:188} INFO - [2024-05-05T04:09:13.334+0000] {dag.py:3096} INFO - Sync 1 DAGs
[2024-05-05T04:09:14.304+0000] {logging_mixin.py:188} INFO - [2024-05-05T04:09:14.288+0000] {dag.py:3954} INFO - Setting next_dagrun for example_skip_dag to 2024-05-04 00:00:00+00:00, run_after=2024-05-05 00:00:00+00:00
[2024-05-05T04:09:14.843+0000] {processor.py:183} INFO - Processing /home/airflow/.local/lib/python3.12/site-packages/airflow/example_dags/example_skip_dag.py took 2.603 seconds
[2024-05-05T04:11:40.476+0000] {processor.py:161} INFO - Started process (PID=9060) to work on /home/airflow/.local/lib/python3.12/site-packages/airflow/example_dags/example_skip_dag.py
[2024-05-05T04:11:40.521+0000] {processor.py:830} INFO - Processing file /home/airflow/.local/lib/python3.12/site-packages/airflow/example_dags/example_skip_dag.py for tasks to queue
[2024-05-05T04:11:40.579+0000] {logging_mixin.py:188} INFO - [2024-05-05T04:11:40.556+0000] {dagbag.py:540} INFO - Filling up the DagBag from /home/airflow/.local/lib/python3.12/site-packages/airflow/example_dags/example_skip_dag.py
[2024-05-05T04:11:41.128+0000] {processor.py:840} INFO - DAG(s) 'example_skip_dag' retrieved from /home/airflow/.local/lib/python3.12/site-packages/airflow/example_dags/example_skip_dag.py
[2024-05-05T04:11:42.170+0000] {logging_mixin.py:188} INFO - [2024-05-05T04:11:42.159+0000] {dag.py:3096} INFO - Sync 1 DAGs
[2024-05-05T04:11:43.674+0000] {logging_mixin.py:188} INFO - [2024-05-05T04:11:43.672+0000] {dag.py:3954} INFO - Setting next_dagrun for example_skip_dag to 2024-05-04 00:00:00+00:00, run_after=2024-05-05 00:00:00+00:00
[2024-05-05T04:11:44.637+0000] {processor.py:183} INFO - Processing /home/airflow/.local/lib/python3.12/site-packages/airflow/example_dags/example_skip_dag.py took 4.474 seconds
[2024-05-05T04:14:14.666+0000] {processor.py:161} INFO - Started process (PID=9163) to work on /home/airflow/.local/lib/python3.12/site-packages/airflow/example_dags/example_skip_dag.py
[2024-05-05T04:14:14.703+0000] {processor.py:830} INFO - Processing file /home/airflow/.local/lib/python3.12/site-packages/airflow/example_dags/example_skip_dag.py for tasks to queue
[2024-05-05T04:14:14.738+0000] {logging_mixin.py:188} INFO - [2024-05-05T04:14:14.725+0000] {dagbag.py:540} INFO - Filling up the DagBag from /home/airflow/.local/lib/python3.12/site-packages/airflow/example_dags/example_skip_dag.py
[2024-05-05T04:14:15.268+0000] {processor.py:840} INFO - DAG(s) 'example_skip_dag' retrieved from /home/airflow/.local/lib/python3.12/site-packages/airflow/example_dags/example_skip_dag.py
[2024-05-05T04:14:15.974+0000] {logging_mixin.py:188} INFO - [2024-05-05T04:14:15.957+0000] {dag.py:3096} INFO - Sync 1 DAGs
[2024-05-05T04:14:16.708+0000] {logging_mixin.py:188} INFO - [2024-05-05T04:14:16.696+0000] {dag.py:3954} INFO - Setting next_dagrun for example_skip_dag to 2024-05-04 00:00:00+00:00, run_after=2024-05-05 00:00:00+00:00
[2024-05-05T04:14:17.350+0000] {processor.py:183} INFO - Processing /home/airflow/.local/lib/python3.12/site-packages/airflow/example_dags/example_skip_dag.py took 3.002 seconds
[2024-05-05T04:16:43.354+0000] {processor.py:161} INFO - Started process (PID=9265) to work on /home/airflow/.local/lib/python3.12/site-packages/airflow/example_dags/example_skip_dag.py
[2024-05-05T04:16:43.381+0000] {processor.py:830} INFO - Processing file /home/airflow/.local/lib/python3.12/site-packages/airflow/example_dags/example_skip_dag.py for tasks to queue
[2024-05-05T04:16:43.433+0000] {logging_mixin.py:188} INFO - [2024-05-05T04:16:43.418+0000] {dagbag.py:540} INFO - Filling up the DagBag from /home/airflow/.local/lib/python3.12/site-packages/airflow/example_dags/example_skip_dag.py
[2024-05-05T04:16:43.729+0000] {processor.py:840} INFO - DAG(s) 'example_skip_dag' retrieved from /home/airflow/.local/lib/python3.12/site-packages/airflow/example_dags/example_skip_dag.py
[2024-05-05T04:16:44.526+0000] {logging_mixin.py:188} INFO - [2024-05-05T04:16:44.502+0000] {dag.py:3096} INFO - Sync 1 DAGs
[2024-05-05T04:16:45.709+0000] {logging_mixin.py:188} INFO - [2024-05-05T04:16:45.700+0000] {dag.py:3954} INFO - Setting next_dagrun for example_skip_dag to 2024-05-04 00:00:00+00:00, run_after=2024-05-05 00:00:00+00:00
[2024-05-05T04:16:46.500+0000] {processor.py:183} INFO - Processing /home/airflow/.local/lib/python3.12/site-packages/airflow/example_dags/example_skip_dag.py took 3.330 seconds
[2024-05-05T04:19:14.211+0000] {processor.py:161} INFO - Started process (PID=9362) to work on /home/airflow/.local/lib/python3.12/site-packages/airflow/example_dags/example_skip_dag.py
[2024-05-05T04:19:14.243+0000] {processor.py:830} INFO - Processing file /home/airflow/.local/lib/python3.12/site-packages/airflow/example_dags/example_skip_dag.py for tasks to queue
[2024-05-05T04:19:14.286+0000] {logging_mixin.py:188} INFO - [2024-05-05T04:19:14.283+0000] {dagbag.py:540} INFO - Filling up the DagBag from /home/airflow/.local/lib/python3.12/site-packages/airflow/example_dags/example_skip_dag.py
[2024-05-05T04:19:14.539+0000] {processor.py:840} INFO - DAG(s) 'example_skip_dag' retrieved from /home/airflow/.local/lib/python3.12/site-packages/airflow/example_dags/example_skip_dag.py
[2024-05-05T04:19:15.206+0000] {logging_mixin.py:188} INFO - [2024-05-05T04:19:15.202+0000] {dag.py:3096} INFO - Sync 1 DAGs
[2024-05-05T04:19:15.925+0000] {logging_mixin.py:188} INFO - [2024-05-05T04:19:15.923+0000] {dag.py:3954} INFO - Setting next_dagrun for example_skip_dag to 2024-05-04 00:00:00+00:00, run_after=2024-05-05 00:00:00+00:00
[2024-05-05T04:19:16.964+0000] {processor.py:183} INFO - Processing /home/airflow/.local/lib/python3.12/site-packages/airflow/example_dags/example_skip_dag.py took 2.949 seconds
[2024-05-05T04:21:42.344+0000] {processor.py:161} INFO - Started process (PID=9461) to work on /home/airflow/.local/lib/python3.12/site-packages/airflow/example_dags/example_skip_dag.py
[2024-05-05T04:21:42.368+0000] {processor.py:830} INFO - Processing file /home/airflow/.local/lib/python3.12/site-packages/airflow/example_dags/example_skip_dag.py for tasks to queue
[2024-05-05T04:21:42.385+0000] {logging_mixin.py:188} INFO - [2024-05-05T04:21:42.382+0000] {dagbag.py:540} INFO - Filling up the DagBag from /home/airflow/.local/lib/python3.12/site-packages/airflow/example_dags/example_skip_dag.py
[2024-05-05T04:21:42.561+0000] {processor.py:840} INFO - DAG(s) 'example_skip_dag' retrieved from /home/airflow/.local/lib/python3.12/site-packages/airflow/example_dags/example_skip_dag.py
[2024-05-05T04:21:42.988+0000] {logging_mixin.py:188} INFO - [2024-05-05T04:21:42.986+0000] {dag.py:3096} INFO - Sync 1 DAGs
[2024-05-05T04:21:43.829+0000] {logging_mixin.py:188} INFO - [2024-05-05T04:21:43.812+0000] {dag.py:3954} INFO - Setting next_dagrun for example_skip_dag to 2024-05-04 00:00:00+00:00, run_after=2024-05-05 00:00:00+00:00
[2024-05-05T04:21:44.354+0000] {processor.py:183} INFO - Processing /home/airflow/.local/lib/python3.12/site-packages/airflow/example_dags/example_skip_dag.py took 2.135 seconds
[2024-05-05T04:24:20.455+0000] {processor.py:161} INFO - Started process (PID=9566) to work on /home/airflow/.local/lib/python3.12/site-packages/airflow/example_dags/example_skip_dag.py
[2024-05-05T04:24:20.508+0000] {processor.py:830} INFO - Processing file /home/airflow/.local/lib/python3.12/site-packages/airflow/example_dags/example_skip_dag.py for tasks to queue
[2024-05-05T04:24:20.556+0000] {logging_mixin.py:188} INFO - [2024-05-05T04:24:20.548+0000] {dagbag.py:540} INFO - Filling up the DagBag from /home/airflow/.local/lib/python3.12/site-packages/airflow/example_dags/example_skip_dag.py
[2024-05-05T04:24:20.799+0000] {processor.py:840} INFO - DAG(s) 'example_skip_dag' retrieved from /home/airflow/.local/lib/python3.12/site-packages/airflow/example_dags/example_skip_dag.py
[2024-05-05T04:24:21.348+0000] {logging_mixin.py:188} INFO - [2024-05-05T04:24:21.335+0000] {dag.py:3096} INFO - Sync 1 DAGs
[2024-05-05T04:24:22.450+0000] {logging_mixin.py:188} INFO - [2024-05-05T04:24:22.424+0000] {dag.py:3954} INFO - Setting next_dagrun for example_skip_dag to 2024-05-04 00:00:00+00:00, run_after=2024-05-05 00:00:00+00:00
[2024-05-05T04:24:23.143+0000] {processor.py:183} INFO - Processing /home/airflow/.local/lib/python3.12/site-packages/airflow/example_dags/example_skip_dag.py took 3.050 seconds
[2024-05-05T04:27:00.690+0000] {processor.py:161} INFO - Started process (PID=9670) to work on /home/airflow/.local/lib/python3.12/site-packages/airflow/example_dags/example_skip_dag.py
[2024-05-05T04:27:00.744+0000] {processor.py:830} INFO - Processing file /home/airflow/.local/lib/python3.12/site-packages/airflow/example_dags/example_skip_dag.py for tasks to queue
[2024-05-05T04:27:00.813+0000] {logging_mixin.py:188} INFO - [2024-05-05T04:27:00.768+0000] {dagbag.py:540} INFO - Filling up the DagBag from /home/airflow/.local/lib/python3.12/site-packages/airflow/example_dags/example_skip_dag.py
[2024-05-05T04:27:01.052+0000] {processor.py:840} INFO - DAG(s) 'example_skip_dag' retrieved from /home/airflow/.local/lib/python3.12/site-packages/airflow/example_dags/example_skip_dag.py
[2024-05-05T04:27:01.697+0000] {logging_mixin.py:188} INFO - [2024-05-05T04:27:01.695+0000] {dag.py:3096} INFO - Sync 1 DAGs
[2024-05-05T04:27:02.313+0000] {logging_mixin.py:188} INFO - [2024-05-05T04:27:02.311+0000] {dag.py:3954} INFO - Setting next_dagrun for example_skip_dag to 2024-05-04 00:00:00+00:00, run_after=2024-05-05 00:00:00+00:00
[2024-05-05T04:27:02.821+0000] {processor.py:183} INFO - Processing /home/airflow/.local/lib/python3.12/site-packages/airflow/example_dags/example_skip_dag.py took 2.317 seconds
[2024-05-05T04:29:30.220+0000] {processor.py:161} INFO - Started process (PID=9767) to work on /home/airflow/.local/lib/python3.12/site-packages/airflow/example_dags/example_skip_dag.py
[2024-05-05T04:29:30.351+0000] {processor.py:830} INFO - Processing file /home/airflow/.local/lib/python3.12/site-packages/airflow/example_dags/example_skip_dag.py for tasks to queue
[2024-05-05T04:29:30.513+0000] {logging_mixin.py:188} INFO - [2024-05-05T04:29:30.445+0000] {dagbag.py:540} INFO - Filling up the DagBag from /home/airflow/.local/lib/python3.12/site-packages/airflow/example_dags/example_skip_dag.py
[2024-05-05T04:29:31.085+0000] {processor.py:840} INFO - DAG(s) 'example_skip_dag' retrieved from /home/airflow/.local/lib/python3.12/site-packages/airflow/example_dags/example_skip_dag.py
[2024-05-05T04:29:32.579+0000] {logging_mixin.py:188} INFO - [2024-05-05T04:29:32.547+0000] {dag.py:3096} INFO - Sync 1 DAGs
[2024-05-05T04:29:34.368+0000] {logging_mixin.py:188} INFO - [2024-05-05T04:29:34.362+0000] {dag.py:3954} INFO - Setting next_dagrun for example_skip_dag to 2024-05-04 00:00:00+00:00, run_after=2024-05-05 00:00:00+00:00
[2024-05-05T04:29:34.896+0000] {processor.py:183} INFO - Processing /home/airflow/.local/lib/python3.12/site-packages/airflow/example_dags/example_skip_dag.py took 5.027 seconds
[2024-05-05T04:32:06.548+0000] {processor.py:161} INFO - Started process (PID=9871) to work on /home/airflow/.local/lib/python3.12/site-packages/airflow/example_dags/example_skip_dag.py
[2024-05-05T04:32:06.604+0000] {processor.py:830} INFO - Processing file /home/airflow/.local/lib/python3.12/site-packages/airflow/example_dags/example_skip_dag.py for tasks to queue
[2024-05-05T04:32:06.628+0000] {logging_mixin.py:188} INFO - [2024-05-05T04:32:06.625+0000] {dagbag.py:540} INFO - Filling up the DagBag from /home/airflow/.local/lib/python3.12/site-packages/airflow/example_dags/example_skip_dag.py
[2024-05-05T04:32:07.213+0000] {processor.py:840} INFO - DAG(s) 'example_skip_dag' retrieved from /home/airflow/.local/lib/python3.12/site-packages/airflow/example_dags/example_skip_dag.py
[2024-05-05T04:32:07.574+0000] {logging_mixin.py:188} INFO - [2024-05-05T04:32:07.567+0000] {dag.py:3096} INFO - Sync 1 DAGs
[2024-05-05T04:32:08.203+0000] {logging_mixin.py:188} INFO - [2024-05-05T04:32:08.202+0000] {dag.py:3954} INFO - Setting next_dagrun for example_skip_dag to 2024-05-04 00:00:00+00:00, run_after=2024-05-05 00:00:00+00:00
[2024-05-05T04:32:09.288+0000] {processor.py:183} INFO - Processing /home/airflow/.local/lib/python3.12/site-packages/airflow/example_dags/example_skip_dag.py took 2.974 seconds
[2024-05-05T04:35:01.409+0000] {processor.py:161} INFO - Started process (PID=9975) to work on /home/airflow/.local/lib/python3.12/site-packages/airflow/example_dags/example_skip_dag.py
[2024-05-05T04:35:01.482+0000] {processor.py:830} INFO - Processing file /home/airflow/.local/lib/python3.12/site-packages/airflow/example_dags/example_skip_dag.py for tasks to queue
[2024-05-05T04:35:01.542+0000] {logging_mixin.py:188} INFO - [2024-05-05T04:35:01.539+0000] {dagbag.py:540} INFO - Filling up the DagBag from /home/airflow/.local/lib/python3.12/site-packages/airflow/example_dags/example_skip_dag.py
[2024-05-05T04:35:02.176+0000] {processor.py:840} INFO - DAG(s) 'example_skip_dag' retrieved from /home/airflow/.local/lib/python3.12/site-packages/airflow/example_dags/example_skip_dag.py
[2024-05-05T04:35:03.308+0000] {logging_mixin.py:188} INFO - [2024-05-05T04:35:03.306+0000] {dag.py:3096} INFO - Sync 1 DAGs
[2024-05-05T04:35:05.078+0000] {logging_mixin.py:188} INFO - [2024-05-05T04:35:05.076+0000] {dag.py:3954} INFO - Setting next_dagrun for example_skip_dag to 2024-05-04 00:00:00+00:00, run_after=2024-05-05 00:00:00+00:00
[2024-05-05T04:35:06.470+0000] {processor.py:183} INFO - Processing /home/airflow/.local/lib/python3.12/site-packages/airflow/example_dags/example_skip_dag.py took 5.650 seconds
[2024-05-05T06:48:04.182+0000] {processor.py:161} INFO - Started process (PID=10097) to work on /home/airflow/.local/lib/python3.12/site-packages/airflow/example_dags/example_skip_dag.py
[2024-05-05T06:48:04.240+0000] {processor.py:830} INFO - Processing file /home/airflow/.local/lib/python3.12/site-packages/airflow/example_dags/example_skip_dag.py for tasks to queue
[2024-05-05T06:48:04.343+0000] {logging_mixin.py:188} INFO - [2024-05-05T06:48:04.286+0000] {dagbag.py:540} INFO - Filling up the DagBag from /home/airflow/.local/lib/python3.12/site-packages/airflow/example_dags/example_skip_dag.py
[2024-05-05T06:48:04.806+0000] {processor.py:840} INFO - DAG(s) 'example_skip_dag' retrieved from /home/airflow/.local/lib/python3.12/site-packages/airflow/example_dags/example_skip_dag.py
[2024-05-05T06:48:05.823+0000] {logging_mixin.py:188} INFO - [2024-05-05T06:48:05.821+0000] {dag.py:3096} INFO - Sync 1 DAGs
[2024-05-05T06:48:06.902+0000] {logging_mixin.py:188} INFO - [2024-05-05T06:48:06.876+0000] {dag.py:3954} INFO - Setting next_dagrun for example_skip_dag to 2024-05-04 00:00:00+00:00, run_after=2024-05-05 00:00:00+00:00
[2024-05-05T06:48:07.763+0000] {processor.py:183} INFO - Processing /home/airflow/.local/lib/python3.12/site-packages/airflow/example_dags/example_skip_dag.py took 4.257 seconds
[2024-05-05T06:52:46.788+0000] {processor.py:161} INFO - Started process (PID=10184) to work on /home/airflow/.local/lib/python3.12/site-packages/airflow/example_dags/example_skip_dag.py
[2024-05-05T06:52:46.852+0000] {processor.py:830} INFO - Processing file /home/airflow/.local/lib/python3.12/site-packages/airflow/example_dags/example_skip_dag.py for tasks to queue
[2024-05-05T06:52:46.918+0000] {logging_mixin.py:188} INFO - [2024-05-05T06:52:46.907+0000] {dagbag.py:540} INFO - Filling up the DagBag from /home/airflow/.local/lib/python3.12/site-packages/airflow/example_dags/example_skip_dag.py
[2024-05-05T06:52:47.646+0000] {processor.py:840} INFO - DAG(s) 'example_skip_dag' retrieved from /home/airflow/.local/lib/python3.12/site-packages/airflow/example_dags/example_skip_dag.py
[2024-05-05T06:52:50.583+0000] {logging_mixin.py:188} INFO - [2024-05-05T06:52:50.576+0000] {dag.py:3096} INFO - Sync 1 DAGs
[2024-05-05T06:52:53.316+0000] {logging_mixin.py:188} INFO - [2024-05-05T06:52:53.314+0000] {dag.py:3954} INFO - Setting next_dagrun for example_skip_dag to 2024-05-04 00:00:00+00:00, run_after=2024-05-05 00:00:00+00:00
[2024-05-05T06:52:55.105+0000] {processor.py:183} INFO - Processing /home/airflow/.local/lib/python3.12/site-packages/airflow/example_dags/example_skip_dag.py took 8.865 seconds
[2024-05-05T13:48:13.033+0000] {processor.py:161} INFO - Started process (PID=10272) to work on /home/airflow/.local/lib/python3.12/site-packages/airflow/example_dags/example_skip_dag.py
[2024-05-05T13:48:13.044+0000] {processor.py:830} INFO - Processing file /home/airflow/.local/lib/python3.12/site-packages/airflow/example_dags/example_skip_dag.py for tasks to queue
[2024-05-05T13:48:13.060+0000] {logging_mixin.py:188} INFO - [2024-05-05T13:48:13.054+0000] {dagbag.py:540} INFO - Filling up the DagBag from /home/airflow/.local/lib/python3.12/site-packages/airflow/example_dags/example_skip_dag.py
[2024-05-05T13:48:13.109+0000] {processor.py:840} INFO - DAG(s) 'example_skip_dag' retrieved from /home/airflow/.local/lib/python3.12/site-packages/airflow/example_dags/example_skip_dag.py
[2024-05-05T13:48:13.221+0000] {logging_mixin.py:188} INFO - [2024-05-05T13:48:13.216+0000] {dag.py:3096} INFO - Sync 1 DAGs
[2024-05-05T13:48:13.371+0000] {logging_mixin.py:188} INFO - [2024-05-05T13:48:13.367+0000] {dag.py:3954} INFO - Setting next_dagrun for example_skip_dag to 2024-05-04 00:00:00+00:00, run_after=2024-05-05 00:00:00+00:00
[2024-05-05T13:48:13.437+0000] {processor.py:183} INFO - Processing /home/airflow/.local/lib/python3.12/site-packages/airflow/example_dags/example_skip_dag.py took 0.458 seconds
[2024-05-05T22:08:56.162+0000] {processor.py:161} INFO - Started process (PID=10359) to work on /home/airflow/.local/lib/python3.12/site-packages/airflow/example_dags/example_skip_dag.py
[2024-05-05T22:08:56.177+0000] {processor.py:830} INFO - Processing file /home/airflow/.local/lib/python3.12/site-packages/airflow/example_dags/example_skip_dag.py for tasks to queue
[2024-05-05T22:08:56.194+0000] {logging_mixin.py:188} INFO - [2024-05-05T22:08:56.192+0000] {dagbag.py:540} INFO - Filling up the DagBag from /home/airflow/.local/lib/python3.12/site-packages/airflow/example_dags/example_skip_dag.py
[2024-05-05T22:08:56.326+0000] {processor.py:840} INFO - DAG(s) 'example_skip_dag' retrieved from /home/airflow/.local/lib/python3.12/site-packages/airflow/example_dags/example_skip_dag.py
[2024-05-05T22:08:56.878+0000] {logging_mixin.py:188} INFO - [2024-05-05T22:08:56.844+0000] {dag.py:3096} INFO - Sync 1 DAGs
[2024-05-06T00:00:20.774+0000] {logging_mixin.py:188} INFO - [2024-05-06T00:00:20.770+0000] {dag.py:3954} INFO - Setting next_dagrun for example_skip_dag to 2024-05-05 00:00:00+00:00, run_after=2024-05-06 00:00:00+00:00
[2024-05-06T00:00:21.446+0000] {processor.py:183} INFO - Processing /home/airflow/.local/lib/python3.12/site-packages/airflow/example_dags/example_skip_dag.py took 69.636 seconds
