[2024-05-05T00:00:36.823+0000] {processor.py:161} INFO - Started process (PID=7603) to work on /home/airflow/.local/lib/python3.12/site-packages/airflow/example_dags/example_local_kubernetes_executor.py
[2024-05-05T00:00:36.838+0000] {processor.py:830} INFO - Processing file /home/airflow/.local/lib/python3.12/site-packages/airflow/example_dags/example_local_kubernetes_executor.py for tasks to queue
[2024-05-05T00:00:36.846+0000] {logging_mixin.py:188} INFO - [2024-05-05T00:00:36.844+0000] {dagbag.py:540} INFO - Filling up the DagBag from /home/airflow/.local/lib/python3.12/site-packages/airflow/example_dags/example_local_kubernetes_executor.py
[2024-05-05T00:00:36.902+0000] {processor.py:840} INFO - DAG(s) 'example_local_kubernetes_executor' retrieved from /home/airflow/.local/lib/python3.12/site-packages/airflow/example_dags/example_local_kubernetes_executor.py
[2024-05-05T00:00:37.092+0000] {logging_mixin.py:188} INFO - [2024-05-05T00:00:37.092+0000] {dag.py:3096} INFO - Sync 1 DAGs
[2024-05-05T00:00:37.148+0000] {logging_mixin.py:188} INFO - [2024-05-05T00:00:37.147+0000] {dag.py:3954} INFO - Setting next_dagrun for example_local_kubernetes_executor to None, run_after=None
[2024-05-05T00:00:37.266+0000] {processor.py:183} INFO - Processing /home/airflow/.local/lib/python3.12/site-packages/airflow/example_dags/example_local_kubernetes_executor.py took 0.472 seconds
[2024-05-05T00:01:08.267+0000] {processor.py:161} INFO - Started process (PID=7663) to work on /home/airflow/.local/lib/python3.12/site-packages/airflow/example_dags/example_local_kubernetes_executor.py
[2024-05-05T00:01:08.270+0000] {processor.py:830} INFO - Processing file /home/airflow/.local/lib/python3.12/site-packages/airflow/example_dags/example_local_kubernetes_executor.py for tasks to queue
[2024-05-05T00:01:08.274+0000] {logging_mixin.py:188} INFO - [2024-05-05T00:01:08.273+0000] {dagbag.py:540} INFO - Filling up the DagBag from /home/airflow/.local/lib/python3.12/site-packages/airflow/example_dags/example_local_kubernetes_executor.py
[2024-05-05T00:01:08.313+0000] {processor.py:840} INFO - DAG(s) 'example_local_kubernetes_executor' retrieved from /home/airflow/.local/lib/python3.12/site-packages/airflow/example_dags/example_local_kubernetes_executor.py
[2024-05-05T00:01:08.448+0000] {logging_mixin.py:188} INFO - [2024-05-05T00:01:08.448+0000] {dag.py:3096} INFO - Sync 1 DAGs
[2024-05-05T00:01:08.590+0000] {logging_mixin.py:188} INFO - [2024-05-05T00:01:08.589+0000] {dag.py:3954} INFO - Setting next_dagrun for example_local_kubernetes_executor to None, run_after=None
[2024-05-05T00:01:08.648+0000] {processor.py:183} INFO - Processing /home/airflow/.local/lib/python3.12/site-packages/airflow/example_dags/example_local_kubernetes_executor.py took 0.413 seconds
[2024-05-05T00:33:13.680+0000] {processor.py:161} INFO - Started process (PID=7740) to work on /home/airflow/.local/lib/python3.12/site-packages/airflow/example_dags/example_local_kubernetes_executor.py
[2024-05-05T00:33:13.722+0000] {processor.py:830} INFO - Processing file /home/airflow/.local/lib/python3.12/site-packages/airflow/example_dags/example_local_kubernetes_executor.py for tasks to queue
[2024-05-05T00:33:13.761+0000] {logging_mixin.py:188} INFO - [2024-05-05T00:33:13.756+0000] {dagbag.py:540} INFO - Filling up the DagBag from /home/airflow/.local/lib/python3.12/site-packages/airflow/example_dags/example_local_kubernetes_executor.py
[2024-05-05T00:33:14.001+0000] {processor.py:840} INFO - DAG(s) 'example_local_kubernetes_executor' retrieved from /home/airflow/.local/lib/python3.12/site-packages/airflow/example_dags/example_local_kubernetes_executor.py
[2024-05-05T00:33:15.188+0000] {logging_mixin.py:188} INFO - [2024-05-05T00:33:15.183+0000] {dag.py:3096} INFO - Sync 1 DAGs
[2024-05-05T00:33:15.828+0000] {logging_mixin.py:188} INFO - [2024-05-05T00:33:15.827+0000] {dag.py:3954} INFO - Setting next_dagrun for example_local_kubernetes_executor to None, run_after=None
[2024-05-05T00:33:16.791+0000] {processor.py:183} INFO - Processing /home/airflow/.local/lib/python3.12/site-packages/airflow/example_dags/example_local_kubernetes_executor.py took 3.384 seconds
[2024-05-05T00:51:59.025+0000] {processor.py:161} INFO - Started process (PID=7823) to work on /home/airflow/.local/lib/python3.12/site-packages/airflow/example_dags/example_local_kubernetes_executor.py
[2024-05-05T00:51:59.074+0000] {processor.py:830} INFO - Processing file /home/airflow/.local/lib/python3.12/site-packages/airflow/example_dags/example_local_kubernetes_executor.py for tasks to queue
[2024-05-05T00:51:59.125+0000] {logging_mixin.py:188} INFO - [2024-05-05T00:51:59.113+0000] {dagbag.py:540} INFO - Filling up the DagBag from /home/airflow/.local/lib/python3.12/site-packages/airflow/example_dags/example_local_kubernetes_executor.py
[2024-05-05T00:51:59.641+0000] {processor.py:840} INFO - DAG(s) 'example_local_kubernetes_executor' retrieved from /home/airflow/.local/lib/python3.12/site-packages/airflow/example_dags/example_local_kubernetes_executor.py
[2024-05-05T00:52:00.737+0000] {logging_mixin.py:188} INFO - [2024-05-05T00:52:00.731+0000] {dag.py:3096} INFO - Sync 1 DAGs
[2024-05-05T00:52:01.309+0000] {logging_mixin.py:188} INFO - [2024-05-05T00:52:01.292+0000] {dag.py:3954} INFO - Setting next_dagrun for example_local_kubernetes_executor to None, run_after=None
[2024-05-05T00:52:01.716+0000] {processor.py:183} INFO - Processing /home/airflow/.local/lib/python3.12/site-packages/airflow/example_dags/example_local_kubernetes_executor.py took 3.037 seconds
[2024-05-05T01:10:30.164+0000] {processor.py:161} INFO - Started process (PID=7907) to work on /home/airflow/.local/lib/python3.12/site-packages/airflow/example_dags/example_local_kubernetes_executor.py
[2024-05-05T01:10:30.209+0000] {processor.py:830} INFO - Processing file /home/airflow/.local/lib/python3.12/site-packages/airflow/example_dags/example_local_kubernetes_executor.py for tasks to queue
[2024-05-05T01:10:30.238+0000] {logging_mixin.py:188} INFO - [2024-05-05T01:10:30.221+0000] {dagbag.py:540} INFO - Filling up the DagBag from /home/airflow/.local/lib/python3.12/site-packages/airflow/example_dags/example_local_kubernetes_executor.py
[2024-05-05T01:10:30.645+0000] {processor.py:840} INFO - DAG(s) 'example_local_kubernetes_executor' retrieved from /home/airflow/.local/lib/python3.12/site-packages/airflow/example_dags/example_local_kubernetes_executor.py
[2024-05-05T01:10:32.419+0000] {logging_mixin.py:188} INFO - [2024-05-05T01:10:32.404+0000] {dag.py:3096} INFO - Sync 1 DAGs
[2024-05-05T01:10:33.367+0000] {logging_mixin.py:188} INFO - [2024-05-05T01:10:33.366+0000] {dag.py:3954} INFO - Setting next_dagrun for example_local_kubernetes_executor to None, run_after=None
[2024-05-05T01:10:34.007+0000] {processor.py:183} INFO - Processing /home/airflow/.local/lib/python3.12/site-packages/airflow/example_dags/example_local_kubernetes_executor.py took 4.056 seconds
[2024-05-05T01:45:11.433+0000] {processor.py:161} INFO - Started process (PID=8009) to work on /home/airflow/.local/lib/python3.12/site-packages/airflow/example_dags/example_local_kubernetes_executor.py
[2024-05-05T01:45:11.505+0000] {processor.py:830} INFO - Processing file /home/airflow/.local/lib/python3.12/site-packages/airflow/example_dags/example_local_kubernetes_executor.py for tasks to queue
[2024-05-05T01:45:11.602+0000] {logging_mixin.py:188} INFO - [2024-05-05T01:45:11.569+0000] {dagbag.py:540} INFO - Filling up the DagBag from /home/airflow/.local/lib/python3.12/site-packages/airflow/example_dags/example_local_kubernetes_executor.py
[2024-05-05T01:45:12.179+0000] {processor.py:840} INFO - DAG(s) 'example_local_kubernetes_executor' retrieved from /home/airflow/.local/lib/python3.12/site-packages/airflow/example_dags/example_local_kubernetes_executor.py
[2024-05-05T01:45:12.905+0000] {logging_mixin.py:188} INFO - [2024-05-05T01:45:12.898+0000] {dag.py:3096} INFO - Sync 1 DAGs
[2024-05-05T01:45:13.216+0000] {logging_mixin.py:188} INFO - [2024-05-05T01:45:13.214+0000] {dag.py:3954} INFO - Setting next_dagrun for example_local_kubernetes_executor to None, run_after=None
[2024-05-05T01:45:13.521+0000] {processor.py:183} INFO - Processing /home/airflow/.local/lib/python3.12/site-packages/airflow/example_dags/example_local_kubernetes_executor.py took 2.396 seconds
[2024-05-05T02:03:43.028+0000] {processor.py:161} INFO - Started process (PID=8107) to work on /home/airflow/.local/lib/python3.12/site-packages/airflow/example_dags/example_local_kubernetes_executor.py
[2024-05-05T02:03:43.064+0000] {processor.py:830} INFO - Processing file /home/airflow/.local/lib/python3.12/site-packages/airflow/example_dags/example_local_kubernetes_executor.py for tasks to queue
[2024-05-05T02:03:43.091+0000] {logging_mixin.py:188} INFO - [2024-05-05T02:03:43.089+0000] {dagbag.py:540} INFO - Filling up the DagBag from /home/airflow/.local/lib/python3.12/site-packages/airflow/example_dags/example_local_kubernetes_executor.py
[2024-05-05T02:03:43.288+0000] {processor.py:840} INFO - DAG(s) 'example_local_kubernetes_executor' retrieved from /home/airflow/.local/lib/python3.12/site-packages/airflow/example_dags/example_local_kubernetes_executor.py
[2024-05-05T02:03:44.594+0000] {logging_mixin.py:188} INFO - [2024-05-05T02:03:44.582+0000] {dag.py:3096} INFO - Sync 1 DAGs
[2024-05-05T02:03:44.963+0000] {logging_mixin.py:188} INFO - [2024-05-05T02:03:44.961+0000] {dag.py:3954} INFO - Setting next_dagrun for example_local_kubernetes_executor to None, run_after=None
[2024-05-05T02:03:45.444+0000] {processor.py:183} INFO - Processing /home/airflow/.local/lib/python3.12/site-packages/airflow/example_dags/example_local_kubernetes_executor.py took 2.513 seconds
[2024-05-05T02:04:53.684+0000] {processor.py:161} INFO - Started process (PID=8183) to work on /home/airflow/.local/lib/python3.12/site-packages/airflow/example_dags/example_local_kubernetes_executor.py
[2024-05-05T02:04:53.687+0000] {processor.py:830} INFO - Processing file /home/airflow/.local/lib/python3.12/site-packages/airflow/example_dags/example_local_kubernetes_executor.py for tasks to queue
[2024-05-05T02:04:53.691+0000] {logging_mixin.py:188} INFO - [2024-05-05T02:04:53.690+0000] {dagbag.py:540} INFO - Filling up the DagBag from /home/airflow/.local/lib/python3.12/site-packages/airflow/example_dags/example_local_kubernetes_executor.py
[2024-05-05T02:04:53.709+0000] {processor.py:840} INFO - DAG(s) 'example_local_kubernetes_executor' retrieved from /home/airflow/.local/lib/python3.12/site-packages/airflow/example_dags/example_local_kubernetes_executor.py
[2024-05-05T02:04:53.794+0000] {logging_mixin.py:188} INFO - [2024-05-05T02:04:53.794+0000] {dag.py:3096} INFO - Sync 1 DAGs
[2024-05-05T02:04:53.822+0000] {logging_mixin.py:188} INFO - [2024-05-05T02:04:53.822+0000] {dag.py:3954} INFO - Setting next_dagrun for example_local_kubernetes_executor to None, run_after=None
[2024-05-05T02:04:53.868+0000] {processor.py:183} INFO - Processing /home/airflow/.local/lib/python3.12/site-packages/airflow/example_dags/example_local_kubernetes_executor.py took 0.198 seconds
[2024-05-05T03:15:27.885+0000] {processor.py:161} INFO - Started process (PID=8261) to work on /home/airflow/.local/lib/python3.12/site-packages/airflow/example_dags/example_local_kubernetes_executor.py
[2024-05-05T03:15:27.888+0000] {processor.py:830} INFO - Processing file /home/airflow/.local/lib/python3.12/site-packages/airflow/example_dags/example_local_kubernetes_executor.py for tasks to queue
[2024-05-05T03:15:27.891+0000] {logging_mixin.py:188} INFO - [2024-05-05T03:15:27.890+0000] {dagbag.py:540} INFO - Filling up the DagBag from /home/airflow/.local/lib/python3.12/site-packages/airflow/example_dags/example_local_kubernetes_executor.py
[2024-05-05T03:15:27.910+0000] {processor.py:840} INFO - DAG(s) 'example_local_kubernetes_executor' retrieved from /home/airflow/.local/lib/python3.12/site-packages/airflow/example_dags/example_local_kubernetes_executor.py
[2024-05-05T03:15:27.976+0000] {logging_mixin.py:188} INFO - [2024-05-05T03:15:27.976+0000] {dag.py:3096} INFO - Sync 1 DAGs
[2024-05-05T03:15:28.003+0000] {logging_mixin.py:188} INFO - [2024-05-05T03:15:28.003+0000] {dag.py:3954} INFO - Setting next_dagrun for example_local_kubernetes_executor to None, run_after=None
[2024-05-05T03:15:28.057+0000] {processor.py:183} INFO - Processing /home/airflow/.local/lib/python3.12/site-packages/airflow/example_dags/example_local_kubernetes_executor.py took 0.208 seconds
[2024-05-05T04:00:09.172+0000] {processor.py:161} INFO - Started process (PID=8349) to work on /home/airflow/.local/lib/python3.12/site-packages/airflow/example_dags/example_local_kubernetes_executor.py
[2024-05-05T04:00:09.174+0000] {processor.py:830} INFO - Processing file /home/airflow/.local/lib/python3.12/site-packages/airflow/example_dags/example_local_kubernetes_executor.py for tasks to queue
[2024-05-05T04:00:09.177+0000] {logging_mixin.py:188} INFO - [2024-05-05T04:00:09.176+0000] {dagbag.py:540} INFO - Filling up the DagBag from /home/airflow/.local/lib/python3.12/site-packages/airflow/example_dags/example_local_kubernetes_executor.py
[2024-05-05T04:00:09.214+0000] {processor.py:840} INFO - DAG(s) 'example_local_kubernetes_executor' retrieved from /home/airflow/.local/lib/python3.12/site-packages/airflow/example_dags/example_local_kubernetes_executor.py
[2024-05-05T04:00:09.346+0000] {logging_mixin.py:188} INFO - [2024-05-05T04:00:09.345+0000] {dag.py:3096} INFO - Sync 1 DAGs
[2024-05-05T04:00:09.392+0000] {logging_mixin.py:188} INFO - [2024-05-05T04:00:09.392+0000] {dag.py:3954} INFO - Setting next_dagrun for example_local_kubernetes_executor to None, run_after=None
[2024-05-05T04:00:09.447+0000] {processor.py:183} INFO - Processing /home/airflow/.local/lib/python3.12/site-packages/airflow/example_dags/example_local_kubernetes_executor.py took 0.311 seconds
[2024-05-05T04:01:08.999+0000] {processor.py:161} INFO - Started process (PID=8413) to work on /home/airflow/.local/lib/python3.12/site-packages/airflow/example_dags/example_local_kubernetes_executor.py
[2024-05-05T04:01:09.044+0000] {processor.py:830} INFO - Processing file /home/airflow/.local/lib/python3.12/site-packages/airflow/example_dags/example_local_kubernetes_executor.py for tasks to queue
[2024-05-05T04:01:09.079+0000] {logging_mixin.py:188} INFO - [2024-05-05T04:01:09.066+0000] {dagbag.py:540} INFO - Filling up the DagBag from /home/airflow/.local/lib/python3.12/site-packages/airflow/example_dags/example_local_kubernetes_executor.py
[2024-05-05T04:01:09.210+0000] {processor.py:840} INFO - DAG(s) 'example_local_kubernetes_executor' retrieved from /home/airflow/.local/lib/python3.12/site-packages/airflow/example_dags/example_local_kubernetes_executor.py
[2024-05-05T04:01:10.021+0000] {logging_mixin.py:188} INFO - [2024-05-05T04:01:10.012+0000] {dag.py:3096} INFO - Sync 1 DAGs
[2024-05-05T04:01:10.356+0000] {logging_mixin.py:188} INFO - [2024-05-05T04:01:10.343+0000] {dag.py:3954} INFO - Setting next_dagrun for example_local_kubernetes_executor to None, run_after=None
[2024-05-05T04:01:10.684+0000] {processor.py:183} INFO - Processing /home/airflow/.local/lib/python3.12/site-packages/airflow/example_dags/example_local_kubernetes_executor.py took 1.891 seconds
[2024-05-05T04:02:02.784+0000] {processor.py:161} INFO - Started process (PID=8485) to work on /home/airflow/.local/lib/python3.12/site-packages/airflow/example_dags/example_local_kubernetes_executor.py
[2024-05-05T04:02:02.794+0000] {processor.py:830} INFO - Processing file /home/airflow/.local/lib/python3.12/site-packages/airflow/example_dags/example_local_kubernetes_executor.py for tasks to queue
[2024-05-05T04:02:02.821+0000] {logging_mixin.py:188} INFO - [2024-05-05T04:02:02.810+0000] {dagbag.py:540} INFO - Filling up the DagBag from /home/airflow/.local/lib/python3.12/site-packages/airflow/example_dags/example_local_kubernetes_executor.py
[2024-05-05T04:02:02.895+0000] {processor.py:840} INFO - DAG(s) 'example_local_kubernetes_executor' retrieved from /home/airflow/.local/lib/python3.12/site-packages/airflow/example_dags/example_local_kubernetes_executor.py
[2024-05-05T04:02:03.116+0000] {logging_mixin.py:188} INFO - [2024-05-05T04:02:03.112+0000] {dag.py:3096} INFO - Sync 1 DAGs
[2024-05-05T04:02:03.184+0000] {logging_mixin.py:188} INFO - [2024-05-05T04:02:03.183+0000] {dag.py:3954} INFO - Setting next_dagrun for example_local_kubernetes_executor to None, run_after=None
[2024-05-05T04:02:03.321+0000] {processor.py:183} INFO - Processing /home/airflow/.local/lib/python3.12/site-packages/airflow/example_dags/example_local_kubernetes_executor.py took 0.584 seconds
[2024-05-05T04:02:40.900+0000] {processor.py:161} INFO - Started process (PID=8551) to work on /home/airflow/.local/lib/python3.12/site-packages/airflow/example_dags/example_local_kubernetes_executor.py
[2024-05-05T04:02:40.907+0000] {processor.py:830} INFO - Processing file /home/airflow/.local/lib/python3.12/site-packages/airflow/example_dags/example_local_kubernetes_executor.py for tasks to queue
[2024-05-05T04:02:40.926+0000] {logging_mixin.py:188} INFO - [2024-05-05T04:02:40.922+0000] {dagbag.py:540} INFO - Filling up the DagBag from /home/airflow/.local/lib/python3.12/site-packages/airflow/example_dags/example_local_kubernetes_executor.py
[2024-05-05T04:02:40.971+0000] {processor.py:840} INFO - DAG(s) 'example_local_kubernetes_executor' retrieved from /home/airflow/.local/lib/python3.12/site-packages/airflow/example_dags/example_local_kubernetes_executor.py
[2024-05-05T04:02:41.194+0000] {logging_mixin.py:188} INFO - [2024-05-05T04:02:41.193+0000] {dag.py:3096} INFO - Sync 1 DAGs
[2024-05-05T04:02:41.339+0000] {logging_mixin.py:188} INFO - [2024-05-05T04:02:41.338+0000] {dag.py:3954} INFO - Setting next_dagrun for example_local_kubernetes_executor to None, run_after=None
[2024-05-05T04:02:41.443+0000] {processor.py:183} INFO - Processing /home/airflow/.local/lib/python3.12/site-packages/airflow/example_dags/example_local_kubernetes_executor.py took 0.579 seconds
[2024-05-05T04:03:20.131+0000] {processor.py:161} INFO - Started process (PID=8612) to work on /home/airflow/.local/lib/python3.12/site-packages/airflow/example_dags/example_local_kubernetes_executor.py
[2024-05-05T04:03:20.149+0000] {processor.py:830} INFO - Processing file /home/airflow/.local/lib/python3.12/site-packages/airflow/example_dags/example_local_kubernetes_executor.py for tasks to queue
[2024-05-05T04:03:20.165+0000] {logging_mixin.py:188} INFO - [2024-05-05T04:03:20.160+0000] {dagbag.py:540} INFO - Filling up the DagBag from /home/airflow/.local/lib/python3.12/site-packages/airflow/example_dags/example_local_kubernetes_executor.py
[2024-05-05T04:03:20.226+0000] {processor.py:840} INFO - DAG(s) 'example_local_kubernetes_executor' retrieved from /home/airflow/.local/lib/python3.12/site-packages/airflow/example_dags/example_local_kubernetes_executor.py
[2024-05-05T04:03:20.446+0000] {logging_mixin.py:188} INFO - [2024-05-05T04:03:20.443+0000] {dag.py:3096} INFO - Sync 1 DAGs
[2024-05-05T04:03:20.548+0000] {logging_mixin.py:188} INFO - [2024-05-05T04:03:20.546+0000] {dag.py:3954} INFO - Setting next_dagrun for example_local_kubernetes_executor to None, run_after=None
[2024-05-05T04:03:20.662+0000] {processor.py:183} INFO - Processing /home/airflow/.local/lib/python3.12/site-packages/airflow/example_dags/example_local_kubernetes_executor.py took 0.573 seconds
[2024-05-05T04:04:08.487+0000] {processor.py:161} INFO - Started process (PID=8686) to work on /home/airflow/.local/lib/python3.12/site-packages/airflow/example_dags/example_local_kubernetes_executor.py
[2024-05-05T04:04:08.498+0000] {processor.py:830} INFO - Processing file /home/airflow/.local/lib/python3.12/site-packages/airflow/example_dags/example_local_kubernetes_executor.py for tasks to queue
[2024-05-05T04:04:08.518+0000] {logging_mixin.py:188} INFO - [2024-05-05T04:04:08.516+0000] {dagbag.py:540} INFO - Filling up the DagBag from /home/airflow/.local/lib/python3.12/site-packages/airflow/example_dags/example_local_kubernetes_executor.py
[2024-05-05T04:04:08.650+0000] {processor.py:840} INFO - DAG(s) 'example_local_kubernetes_executor' retrieved from /home/airflow/.local/lib/python3.12/site-packages/airflow/example_dags/example_local_kubernetes_executor.py
[2024-05-05T04:04:09.086+0000] {logging_mixin.py:188} INFO - [2024-05-05T04:04:09.085+0000] {dag.py:3096} INFO - Sync 1 DAGs
[2024-05-05T04:04:09.407+0000] {logging_mixin.py:188} INFO - [2024-05-05T04:04:09.406+0000] {dag.py:3954} INFO - Setting next_dagrun for example_local_kubernetes_executor to None, run_after=None
[2024-05-05T04:04:09.580+0000] {processor.py:183} INFO - Processing /home/airflow/.local/lib/python3.12/site-packages/airflow/example_dags/example_local_kubernetes_executor.py took 1.191 seconds
[2024-05-05T04:04:51.748+0000] {processor.py:161} INFO - Started process (PID=8752) to work on /home/airflow/.local/lib/python3.12/site-packages/airflow/example_dags/example_local_kubernetes_executor.py
[2024-05-05T04:04:51.766+0000] {processor.py:830} INFO - Processing file /home/airflow/.local/lib/python3.12/site-packages/airflow/example_dags/example_local_kubernetes_executor.py for tasks to queue
[2024-05-05T04:04:51.787+0000] {logging_mixin.py:188} INFO - [2024-05-05T04:04:51.785+0000] {dagbag.py:540} INFO - Filling up the DagBag from /home/airflow/.local/lib/python3.12/site-packages/airflow/example_dags/example_local_kubernetes_executor.py
[2024-05-05T04:04:51.962+0000] {processor.py:840} INFO - DAG(s) 'example_local_kubernetes_executor' retrieved from /home/airflow/.local/lib/python3.12/site-packages/airflow/example_dags/example_local_kubernetes_executor.py
[2024-05-05T04:04:52.658+0000] {logging_mixin.py:188} INFO - [2024-05-05T04:04:52.639+0000] {dag.py:3096} INFO - Sync 1 DAGs
[2024-05-05T04:04:52.924+0000] {logging_mixin.py:188} INFO - [2024-05-05T04:04:52.923+0000] {dag.py:3954} INFO - Setting next_dagrun for example_local_kubernetes_executor to None, run_after=None
[2024-05-05T04:04:53.677+0000] {processor.py:183} INFO - Processing /home/airflow/.local/lib/python3.12/site-packages/airflow/example_dags/example_local_kubernetes_executor.py took 2.009 seconds
[2024-05-05T04:05:36.393+0000] {processor.py:161} INFO - Started process (PID=8811) to work on /home/airflow/.local/lib/python3.12/site-packages/airflow/example_dags/example_local_kubernetes_executor.py
[2024-05-05T04:05:36.406+0000] {processor.py:830} INFO - Processing file /home/airflow/.local/lib/python3.12/site-packages/airflow/example_dags/example_local_kubernetes_executor.py for tasks to queue
[2024-05-05T04:05:36.413+0000] {logging_mixin.py:188} INFO - [2024-05-05T04:05:36.411+0000] {dagbag.py:540} INFO - Filling up the DagBag from /home/airflow/.local/lib/python3.12/site-packages/airflow/example_dags/example_local_kubernetes_executor.py
[2024-05-05T04:05:36.485+0000] {processor.py:840} INFO - DAG(s) 'example_local_kubernetes_executor' retrieved from /home/airflow/.local/lib/python3.12/site-packages/airflow/example_dags/example_local_kubernetes_executor.py
[2024-05-05T04:05:37.086+0000] {logging_mixin.py:188} INFO - [2024-05-05T04:05:37.077+0000] {dag.py:3096} INFO - Sync 1 DAGs
[2024-05-05T04:05:37.392+0000] {logging_mixin.py:188} INFO - [2024-05-05T04:05:37.391+0000] {dag.py:3954} INFO - Setting next_dagrun for example_local_kubernetes_executor to None, run_after=None
[2024-05-05T04:05:37.649+0000] {processor.py:183} INFO - Processing /home/airflow/.local/lib/python3.12/site-packages/airflow/example_dags/example_local_kubernetes_executor.py took 1.315 seconds
[2024-05-05T04:07:00.296+0000] {processor.py:161} INFO - Started process (PID=8881) to work on /home/airflow/.local/lib/python3.12/site-packages/airflow/example_dags/example_local_kubernetes_executor.py
[2024-05-05T04:07:00.336+0000] {processor.py:830} INFO - Processing file /home/airflow/.local/lib/python3.12/site-packages/airflow/example_dags/example_local_kubernetes_executor.py for tasks to queue
[2024-05-05T04:07:00.367+0000] {logging_mixin.py:188} INFO - [2024-05-05T04:07:00.357+0000] {dagbag.py:540} INFO - Filling up the DagBag from /home/airflow/.local/lib/python3.12/site-packages/airflow/example_dags/example_local_kubernetes_executor.py
[2024-05-05T04:07:00.617+0000] {processor.py:840} INFO - DAG(s) 'example_local_kubernetes_executor' retrieved from /home/airflow/.local/lib/python3.12/site-packages/airflow/example_dags/example_local_kubernetes_executor.py
[2024-05-05T04:07:01.609+0000] {logging_mixin.py:188} INFO - [2024-05-05T04:07:01.603+0000] {dag.py:3096} INFO - Sync 1 DAGs
[2024-05-05T04:07:02.029+0000] {logging_mixin.py:188} INFO - [2024-05-05T04:07:02.028+0000] {dag.py:3954} INFO - Setting next_dagrun for example_local_kubernetes_executor to None, run_after=None
[2024-05-05T04:07:02.721+0000] {processor.py:183} INFO - Processing /home/airflow/.local/lib/python3.12/site-packages/airflow/example_dags/example_local_kubernetes_executor.py took 2.848 seconds
[2024-05-05T04:09:25.887+0000] {processor.py:161} INFO - Started process (PID=8973) to work on /home/airflow/.local/lib/python3.12/site-packages/airflow/example_dags/example_local_kubernetes_executor.py
[2024-05-05T04:09:25.910+0000] {processor.py:830} INFO - Processing file /home/airflow/.local/lib/python3.12/site-packages/airflow/example_dags/example_local_kubernetes_executor.py for tasks to queue
[2024-05-05T04:09:25.937+0000] {logging_mixin.py:188} INFO - [2024-05-05T04:09:25.930+0000] {dagbag.py:540} INFO - Filling up the DagBag from /home/airflow/.local/lib/python3.12/site-packages/airflow/example_dags/example_local_kubernetes_executor.py
[2024-05-05T04:09:26.123+0000] {processor.py:840} INFO - DAG(s) 'example_local_kubernetes_executor' retrieved from /home/airflow/.local/lib/python3.12/site-packages/airflow/example_dags/example_local_kubernetes_executor.py
[2024-05-05T04:09:27.893+0000] {logging_mixin.py:188} INFO - [2024-05-05T04:09:27.892+0000] {dag.py:3096} INFO - Sync 1 DAGs
[2024-05-05T04:09:28.337+0000] {logging_mixin.py:188} INFO - [2024-05-05T04:09:28.336+0000] {dag.py:3954} INFO - Setting next_dagrun for example_local_kubernetes_executor to None, run_after=None
[2024-05-05T04:09:28.706+0000] {processor.py:183} INFO - Processing /home/airflow/.local/lib/python3.12/site-packages/airflow/example_dags/example_local_kubernetes_executor.py took 2.909 seconds
[2024-05-05T04:11:55.661+0000] {processor.py:161} INFO - Started process (PID=9073) to work on /home/airflow/.local/lib/python3.12/site-packages/airflow/example_dags/example_local_kubernetes_executor.py
[2024-05-05T04:11:55.711+0000] {processor.py:830} INFO - Processing file /home/airflow/.local/lib/python3.12/site-packages/airflow/example_dags/example_local_kubernetes_executor.py for tasks to queue
[2024-05-05T04:11:55.779+0000] {logging_mixin.py:188} INFO - [2024-05-05T04:11:55.755+0000] {dagbag.py:540} INFO - Filling up the DagBag from /home/airflow/.local/lib/python3.12/site-packages/airflow/example_dags/example_local_kubernetes_executor.py
[2024-05-05T04:11:56.230+0000] {processor.py:840} INFO - DAG(s) 'example_local_kubernetes_executor' retrieved from /home/airflow/.local/lib/python3.12/site-packages/airflow/example_dags/example_local_kubernetes_executor.py
[2024-05-05T04:11:57.492+0000] {logging_mixin.py:188} INFO - [2024-05-05T04:11:57.489+0000] {dag.py:3096} INFO - Sync 1 DAGs
[2024-05-05T04:11:57.952+0000] {logging_mixin.py:188} INFO - [2024-05-05T04:11:57.948+0000] {dag.py:3954} INFO - Setting next_dagrun for example_local_kubernetes_executor to None, run_after=None
[2024-05-05T04:11:59.188+0000] {processor.py:183} INFO - Processing /home/airflow/.local/lib/python3.12/site-packages/airflow/example_dags/example_local_kubernetes_executor.py took 3.924 seconds
[2024-05-05T04:14:29.489+0000] {processor.py:161} INFO - Started process (PID=9177) to work on /home/airflow/.local/lib/python3.12/site-packages/airflow/example_dags/example_local_kubernetes_executor.py
[2024-05-05T04:14:29.537+0000] {processor.py:830} INFO - Processing file /home/airflow/.local/lib/python3.12/site-packages/airflow/example_dags/example_local_kubernetes_executor.py for tasks to queue
[2024-05-05T04:14:29.578+0000] {logging_mixin.py:188} INFO - [2024-05-05T04:14:29.560+0000] {dagbag.py:540} INFO - Filling up the DagBag from /home/airflow/.local/lib/python3.12/site-packages/airflow/example_dags/example_local_kubernetes_executor.py
[2024-05-05T04:14:29.809+0000] {processor.py:840} INFO - DAG(s) 'example_local_kubernetes_executor' retrieved from /home/airflow/.local/lib/python3.12/site-packages/airflow/example_dags/example_local_kubernetes_executor.py
[2024-05-05T04:14:31.044+0000] {logging_mixin.py:188} INFO - [2024-05-05T04:14:31.021+0000] {dag.py:3096} INFO - Sync 1 DAGs
[2024-05-05T04:14:31.515+0000] {logging_mixin.py:188} INFO - [2024-05-05T04:14:31.507+0000] {dag.py:3954} INFO - Setting next_dagrun for example_local_kubernetes_executor to None, run_after=None
[2024-05-05T04:14:32.443+0000] {processor.py:183} INFO - Processing /home/airflow/.local/lib/python3.12/site-packages/airflow/example_dags/example_local_kubernetes_executor.py took 3.250 seconds
[2024-05-05T04:17:00.694+0000] {processor.py:161} INFO - Started process (PID=9272) to work on /home/airflow/.local/lib/python3.12/site-packages/airflow/example_dags/example_local_kubernetes_executor.py
[2024-05-05T04:17:00.710+0000] {processor.py:830} INFO - Processing file /home/airflow/.local/lib/python3.12/site-packages/airflow/example_dags/example_local_kubernetes_executor.py for tasks to queue
[2024-05-05T04:17:00.726+0000] {logging_mixin.py:188} INFO - [2024-05-05T04:17:00.723+0000] {dagbag.py:540} INFO - Filling up the DagBag from /home/airflow/.local/lib/python3.12/site-packages/airflow/example_dags/example_local_kubernetes_executor.py
[2024-05-05T04:17:00.864+0000] {processor.py:840} INFO - DAG(s) 'example_local_kubernetes_executor' retrieved from /home/airflow/.local/lib/python3.12/site-packages/airflow/example_dags/example_local_kubernetes_executor.py
[2024-05-05T04:17:01.347+0000] {logging_mixin.py:188} INFO - [2024-05-05T04:17:01.339+0000] {dag.py:3096} INFO - Sync 1 DAGs
[2024-05-05T04:17:02.029+0000] {logging_mixin.py:188} INFO - [2024-05-05T04:17:02.027+0000] {dag.py:3954} INFO - Setting next_dagrun for example_local_kubernetes_executor to None, run_after=None
[2024-05-05T04:17:02.849+0000] {processor.py:183} INFO - Processing /home/airflow/.local/lib/python3.12/site-packages/airflow/example_dags/example_local_kubernetes_executor.py took 2.394 seconds
[2024-05-05T04:19:27.988+0000] {processor.py:161} INFO - Started process (PID=9375) to work on /home/airflow/.local/lib/python3.12/site-packages/airflow/example_dags/example_local_kubernetes_executor.py
[2024-05-05T04:19:28.062+0000] {processor.py:830} INFO - Processing file /home/airflow/.local/lib/python3.12/site-packages/airflow/example_dags/example_local_kubernetes_executor.py for tasks to queue
[2024-05-05T04:19:28.150+0000] {logging_mixin.py:188} INFO - [2024-05-05T04:19:28.133+0000] {dagbag.py:540} INFO - Filling up the DagBag from /home/airflow/.local/lib/python3.12/site-packages/airflow/example_dags/example_local_kubernetes_executor.py
[2024-05-05T04:19:28.531+0000] {processor.py:840} INFO - DAG(s) 'example_local_kubernetes_executor' retrieved from /home/airflow/.local/lib/python3.12/site-packages/airflow/example_dags/example_local_kubernetes_executor.py
[2024-05-05T04:19:29.937+0000] {logging_mixin.py:188} INFO - [2024-05-05T04:19:29.930+0000] {dag.py:3096} INFO - Sync 1 DAGs
[2024-05-05T04:19:30.805+0000] {logging_mixin.py:188} INFO - [2024-05-05T04:19:30.787+0000] {dag.py:3954} INFO - Setting next_dagrun for example_local_kubernetes_executor to None, run_after=None
[2024-05-05T04:19:31.596+0000] {processor.py:183} INFO - Processing /home/airflow/.local/lib/python3.12/site-packages/airflow/example_dags/example_local_kubernetes_executor.py took 3.691 seconds
[2024-05-05T04:21:56.441+0000] {processor.py:161} INFO - Started process (PID=9468) to work on /home/airflow/.local/lib/python3.12/site-packages/airflow/example_dags/example_local_kubernetes_executor.py
[2024-05-05T04:21:56.468+0000] {processor.py:830} INFO - Processing file /home/airflow/.local/lib/python3.12/site-packages/airflow/example_dags/example_local_kubernetes_executor.py for tasks to queue
[2024-05-05T04:21:56.503+0000] {logging_mixin.py:188} INFO - [2024-05-05T04:21:56.493+0000] {dagbag.py:540} INFO - Filling up the DagBag from /home/airflow/.local/lib/python3.12/site-packages/airflow/example_dags/example_local_kubernetes_executor.py
[2024-05-05T04:21:56.893+0000] {processor.py:840} INFO - DAG(s) 'example_local_kubernetes_executor' retrieved from /home/airflow/.local/lib/python3.12/site-packages/airflow/example_dags/example_local_kubernetes_executor.py
[2024-05-05T04:21:59.324+0000] {logging_mixin.py:188} INFO - [2024-05-05T04:21:59.300+0000] {dag.py:3096} INFO - Sync 1 DAGs
[2024-05-05T04:22:00.077+0000] {logging_mixin.py:188} INFO - [2024-05-05T04:22:00.076+0000] {dag.py:3954} INFO - Setting next_dagrun for example_local_kubernetes_executor to None, run_after=None
[2024-05-05T04:22:00.958+0000] {processor.py:183} INFO - Processing /home/airflow/.local/lib/python3.12/site-packages/airflow/example_dags/example_local_kubernetes_executor.py took 4.891 seconds
[2024-05-05T04:24:34.516+0000] {processor.py:161} INFO - Started process (PID=9573) to work on /home/airflow/.local/lib/python3.12/site-packages/airflow/example_dags/example_local_kubernetes_executor.py
[2024-05-05T04:24:34.555+0000] {processor.py:830} INFO - Processing file /home/airflow/.local/lib/python3.12/site-packages/airflow/example_dags/example_local_kubernetes_executor.py for tasks to queue
[2024-05-05T04:24:34.600+0000] {logging_mixin.py:188} INFO - [2024-05-05T04:24:34.597+0000] {dagbag.py:540} INFO - Filling up the DagBag from /home/airflow/.local/lib/python3.12/site-packages/airflow/example_dags/example_local_kubernetes_executor.py
[2024-05-05T04:24:34.901+0000] {processor.py:840} INFO - DAG(s) 'example_local_kubernetes_executor' retrieved from /home/airflow/.local/lib/python3.12/site-packages/airflow/example_dags/example_local_kubernetes_executor.py
[2024-05-05T04:24:35.817+0000] {logging_mixin.py:188} INFO - [2024-05-05T04:24:35.798+0000] {dag.py:3096} INFO - Sync 1 DAGs
[2024-05-05T04:24:36.305+0000] {logging_mixin.py:188} INFO - [2024-05-05T04:24:36.304+0000] {dag.py:3954} INFO - Setting next_dagrun for example_local_kubernetes_executor to None, run_after=None
[2024-05-05T04:24:36.535+0000] {processor.py:183} INFO - Processing /home/airflow/.local/lib/python3.12/site-packages/airflow/example_dags/example_local_kubernetes_executor.py took 2.160 seconds
[2024-05-05T04:27:13.412+0000] {processor.py:161} INFO - Started process (PID=9677) to work on /home/airflow/.local/lib/python3.12/site-packages/airflow/example_dags/example_local_kubernetes_executor.py
[2024-05-05T04:27:13.448+0000] {processor.py:830} INFO - Processing file /home/airflow/.local/lib/python3.12/site-packages/airflow/example_dags/example_local_kubernetes_executor.py for tasks to queue
[2024-05-05T04:27:13.492+0000] {logging_mixin.py:188} INFO - [2024-05-05T04:27:13.463+0000] {dagbag.py:540} INFO - Filling up the DagBag from /home/airflow/.local/lib/python3.12/site-packages/airflow/example_dags/example_local_kubernetes_executor.py
[2024-05-05T04:27:13.874+0000] {processor.py:840} INFO - DAG(s) 'example_local_kubernetes_executor' retrieved from /home/airflow/.local/lib/python3.12/site-packages/airflow/example_dags/example_local_kubernetes_executor.py
[2024-05-05T04:27:14.997+0000] {logging_mixin.py:188} INFO - [2024-05-05T04:27:14.995+0000] {dag.py:3096} INFO - Sync 1 DAGs
[2024-05-05T04:27:15.591+0000] {logging_mixin.py:188} INFO - [2024-05-05T04:27:15.590+0000] {dag.py:3954} INFO - Setting next_dagrun for example_local_kubernetes_executor to None, run_after=None
[2024-05-05T04:27:16.165+0000] {processor.py:183} INFO - Processing /home/airflow/.local/lib/python3.12/site-packages/airflow/example_dags/example_local_kubernetes_executor.py took 2.997 seconds
[2024-05-05T04:29:45.742+0000] {processor.py:161} INFO - Started process (PID=9780) to work on /home/airflow/.local/lib/python3.12/site-packages/airflow/example_dags/example_local_kubernetes_executor.py
[2024-05-05T04:29:45.767+0000] {processor.py:830} INFO - Processing file /home/airflow/.local/lib/python3.12/site-packages/airflow/example_dags/example_local_kubernetes_executor.py for tasks to queue
[2024-05-05T04:29:45.779+0000] {logging_mixin.py:188} INFO - [2024-05-05T04:29:45.776+0000] {dagbag.py:540} INFO - Filling up the DagBag from /home/airflow/.local/lib/python3.12/site-packages/airflow/example_dags/example_local_kubernetes_executor.py
[2024-05-05T04:29:45.855+0000] {processor.py:840} INFO - DAG(s) 'example_local_kubernetes_executor' retrieved from /home/airflow/.local/lib/python3.12/site-packages/airflow/example_dags/example_local_kubernetes_executor.py
[2024-05-05T04:29:46.493+0000] {logging_mixin.py:188} INFO - [2024-05-05T04:29:46.491+0000] {dag.py:3096} INFO - Sync 1 DAGs
[2024-05-05T04:29:46.871+0000] {logging_mixin.py:188} INFO - [2024-05-05T04:29:46.869+0000] {dag.py:3954} INFO - Setting next_dagrun for example_local_kubernetes_executor to None, run_after=None
[2024-05-05T04:29:47.248+0000] {processor.py:183} INFO - Processing /home/airflow/.local/lib/python3.12/site-packages/airflow/example_dags/example_local_kubernetes_executor.py took 1.624 seconds
[2024-05-05T04:32:21.686+0000] {processor.py:161} INFO - Started process (PID=9885) to work on /home/airflow/.local/lib/python3.12/site-packages/airflow/example_dags/example_local_kubernetes_executor.py
[2024-05-05T04:32:21.714+0000] {processor.py:830} INFO - Processing file /home/airflow/.local/lib/python3.12/site-packages/airflow/example_dags/example_local_kubernetes_executor.py for tasks to queue
[2024-05-05T04:32:21.736+0000] {logging_mixin.py:188} INFO - [2024-05-05T04:32:21.730+0000] {dagbag.py:540} INFO - Filling up the DagBag from /home/airflow/.local/lib/python3.12/site-packages/airflow/example_dags/example_local_kubernetes_executor.py
[2024-05-05T04:32:21.822+0000] {processor.py:840} INFO - DAG(s) 'example_local_kubernetes_executor' retrieved from /home/airflow/.local/lib/python3.12/site-packages/airflow/example_dags/example_local_kubernetes_executor.py
[2024-05-05T04:32:22.783+0000] {logging_mixin.py:188} INFO - [2024-05-05T04:32:22.772+0000] {dag.py:3096} INFO - Sync 1 DAGs
[2024-05-05T04:32:23.196+0000] {logging_mixin.py:188} INFO - [2024-05-05T04:32:23.142+0000] {dag.py:3954} INFO - Setting next_dagrun for example_local_kubernetes_executor to None, run_after=None
[2024-05-05T04:32:23.754+0000] {processor.py:183} INFO - Processing /home/airflow/.local/lib/python3.12/site-packages/airflow/example_dags/example_local_kubernetes_executor.py took 2.159 seconds
[2024-05-05T04:35:25.837+0000] {processor.py:161} INFO - Started process (PID=9988) to work on /home/airflow/.local/lib/python3.12/site-packages/airflow/example_dags/example_local_kubernetes_executor.py
[2024-05-05T04:35:25.847+0000] {processor.py:830} INFO - Processing file /home/airflow/.local/lib/python3.12/site-packages/airflow/example_dags/example_local_kubernetes_executor.py for tasks to queue
[2024-05-05T04:35:25.851+0000] {logging_mixin.py:188} INFO - [2024-05-05T04:35:25.850+0000] {dagbag.py:540} INFO - Filling up the DagBag from /home/airflow/.local/lib/python3.12/site-packages/airflow/example_dags/example_local_kubernetes_executor.py
[2024-05-05T04:35:25.896+0000] {processor.py:840} INFO - DAG(s) 'example_local_kubernetes_executor' retrieved from /home/airflow/.local/lib/python3.12/site-packages/airflow/example_dags/example_local_kubernetes_executor.py
[2024-05-05T04:35:26.078+0000] {logging_mixin.py:188} INFO - [2024-05-05T04:35:26.078+0000] {dag.py:3096} INFO - Sync 1 DAGs
[2024-05-05T04:35:26.129+0000] {logging_mixin.py:188} INFO - [2024-05-05T04:35:26.129+0000] {dag.py:3954} INFO - Setting next_dagrun for example_local_kubernetes_executor to None, run_after=None
[2024-05-05T04:35:26.254+0000] {processor.py:183} INFO - Processing /home/airflow/.local/lib/python3.12/site-packages/airflow/example_dags/example_local_kubernetes_executor.py took 0.469 seconds
[2024-05-05T06:48:47.256+0000] {processor.py:161} INFO - Started process (PID=10114) to work on /home/airflow/.local/lib/python3.12/site-packages/airflow/example_dags/example_local_kubernetes_executor.py
[2024-05-05T06:48:47.288+0000] {processor.py:830} INFO - Processing file /home/airflow/.local/lib/python3.12/site-packages/airflow/example_dags/example_local_kubernetes_executor.py for tasks to queue
[2024-05-05T06:48:47.315+0000] {logging_mixin.py:188} INFO - [2024-05-05T06:48:47.313+0000] {dagbag.py:540} INFO - Filling up the DagBag from /home/airflow/.local/lib/python3.12/site-packages/airflow/example_dags/example_local_kubernetes_executor.py
[2024-05-05T06:48:47.445+0000] {processor.py:840} INFO - DAG(s) 'example_local_kubernetes_executor' retrieved from /home/airflow/.local/lib/python3.12/site-packages/airflow/example_dags/example_local_kubernetes_executor.py
[2024-05-05T06:48:48.411+0000] {logging_mixin.py:188} INFO - [2024-05-05T06:48:48.409+0000] {dag.py:3096} INFO - Sync 1 DAGs
[2024-05-05T06:48:49.129+0000] {logging_mixin.py:188} INFO - [2024-05-05T06:48:49.104+0000] {dag.py:3954} INFO - Setting next_dagrun for example_local_kubernetes_executor to None, run_after=None
[2024-05-05T06:48:50.131+0000] {processor.py:183} INFO - Processing /home/airflow/.local/lib/python3.12/site-packages/airflow/example_dags/example_local_kubernetes_executor.py took 3.019 seconds
[2024-05-05T14:20:09.859+0000] {processor.py:161} INFO - Started process (PID=10289) to work on /home/airflow/.local/lib/python3.12/site-packages/airflow/example_dags/example_local_kubernetes_executor.py
[2024-05-05T14:20:09.932+0000] {processor.py:830} INFO - Processing file /home/airflow/.local/lib/python3.12/site-packages/airflow/example_dags/example_local_kubernetes_executor.py for tasks to queue
[2024-05-05T14:20:09.965+0000] {logging_mixin.py:188} INFO - [2024-05-05T14:20:09.962+0000] {dagbag.py:540} INFO - Filling up the DagBag from /home/airflow/.local/lib/python3.12/site-packages/airflow/example_dags/example_local_kubernetes_executor.py
[2024-05-05T14:20:10.400+0000] {processor.py:840} INFO - DAG(s) 'example_local_kubernetes_executor' retrieved from /home/airflow/.local/lib/python3.12/site-packages/airflow/example_dags/example_local_kubernetes_executor.py
[2024-05-05T14:20:12.305+0000] {logging_mixin.py:188} INFO - [2024-05-05T14:20:12.295+0000] {dag.py:3096} INFO - Sync 1 DAGs
[2024-05-05T14:20:13.290+0000] {logging_mixin.py:188} INFO - [2024-05-05T14:20:13.250+0000] {dag.py:3954} INFO - Setting next_dagrun for example_local_kubernetes_executor to None, run_after=None
[2024-05-05T14:20:13.987+0000] {processor.py:183} INFO - Processing /home/airflow/.local/lib/python3.12/site-packages/airflow/example_dags/example_local_kubernetes_executor.py took 4.571 seconds
