[2024-05-05T00:00:35.574+0000] {processor.py:161} INFO - Started process (PID=7600) to work on /home/airflow/.local/lib/python3.12/site-packages/airflow/example_dags/tutorial.py
[2024-05-05T00:00:35.577+0000] {processor.py:830} INFO - Processing file /home/airflow/.local/lib/python3.12/site-packages/airflow/example_dags/tutorial.py for tasks to queue
[2024-05-05T00:00:35.583+0000] {logging_mixin.py:188} INFO - [2024-05-05T00:00:35.582+0000] {dagbag.py:540} INFO - Filling up the DagBag from /home/airflow/.local/lib/python3.12/site-packages/airflow/example_dags/tutorial.py
[2024-05-05T00:00:35.639+0000] {processor.py:840} INFO - DAG(s) 'tutorial' retrieved from /home/airflow/.local/lib/python3.12/site-packages/airflow/example_dags/tutorial.py
[2024-05-05T00:00:35.753+0000] {logging_mixin.py:188} INFO - [2024-05-05T00:00:35.753+0000] {dag.py:3096} INFO - Sync 1 DAGs
[2024-05-05T00:00:35.901+0000] {logging_mixin.py:188} INFO - [2024-05-05T00:00:35.901+0000] {dag.py:3954} INFO - Setting next_dagrun for tutorial to 2024-05-04 00:00:00+00:00, run_after=2024-05-05 00:00:00+00:00
[2024-05-05T00:00:36.035+0000] {processor.py:183} INFO - Processing /home/airflow/.local/lib/python3.12/site-packages/airflow/example_dags/tutorial.py took 0.520 seconds
[2024-05-05T00:01:06.793+0000] {processor.py:161} INFO - Started process (PID=7660) to work on /home/airflow/.local/lib/python3.12/site-packages/airflow/example_dags/tutorial.py
[2024-05-05T00:01:06.797+0000] {processor.py:830} INFO - Processing file /home/airflow/.local/lib/python3.12/site-packages/airflow/example_dags/tutorial.py for tasks to queue
[2024-05-05T00:01:06.800+0000] {logging_mixin.py:188} INFO - [2024-05-05T00:01:06.799+0000] {dagbag.py:540} INFO - Filling up the DagBag from /home/airflow/.local/lib/python3.12/site-packages/airflow/example_dags/tutorial.py
[2024-05-05T00:01:06.821+0000] {processor.py:840} INFO - DAG(s) 'tutorial' retrieved from /home/airflow/.local/lib/python3.12/site-packages/airflow/example_dags/tutorial.py
[2024-05-05T00:01:06.873+0000] {logging_mixin.py:188} INFO - [2024-05-05T00:01:06.872+0000] {dag.py:3096} INFO - Sync 1 DAGs
[2024-05-05T00:01:06.925+0000] {logging_mixin.py:188} INFO - [2024-05-05T00:01:06.925+0000] {dag.py:3954} INFO - Setting next_dagrun for tutorial to 2024-05-04 00:00:00+00:00, run_after=2024-05-05 00:00:00+00:00
[2024-05-05T00:01:06.963+0000] {processor.py:183} INFO - Processing /home/airflow/.local/lib/python3.12/site-packages/airflow/example_dags/tutorial.py took 0.196 seconds
[2024-05-05T00:33:06.294+0000] {processor.py:161} INFO - Started process (PID=7737) to work on /home/airflow/.local/lib/python3.12/site-packages/airflow/example_dags/tutorial.py
[2024-05-05T00:33:06.348+0000] {processor.py:830} INFO - Processing file /home/airflow/.local/lib/python3.12/site-packages/airflow/example_dags/tutorial.py for tasks to queue
[2024-05-05T00:33:06.433+0000] {logging_mixin.py:188} INFO - [2024-05-05T00:33:06.413+0000] {dagbag.py:540} INFO - Filling up the DagBag from /home/airflow/.local/lib/python3.12/site-packages/airflow/example_dags/tutorial.py
[2024-05-05T00:33:06.802+0000] {processor.py:840} INFO - DAG(s) 'tutorial' retrieved from /home/airflow/.local/lib/python3.12/site-packages/airflow/example_dags/tutorial.py
[2024-05-05T00:33:07.650+0000] {logging_mixin.py:188} INFO - [2024-05-05T00:33:07.637+0000] {dag.py:3096} INFO - Sync 1 DAGs
[2024-05-05T00:33:08.813+0000] {logging_mixin.py:188} INFO - [2024-05-05T00:33:08.804+0000] {dag.py:3954} INFO - Setting next_dagrun for tutorial to 2024-05-04 00:00:00+00:00, run_after=2024-05-05 00:00:00+00:00
[2024-05-05T00:33:09.742+0000] {processor.py:183} INFO - Processing /home/airflow/.local/lib/python3.12/site-packages/airflow/example_dags/tutorial.py took 4.130 seconds
[2024-05-05T00:51:49.795+0000] {processor.py:161} INFO - Started process (PID=7814) to work on /home/airflow/.local/lib/python3.12/site-packages/airflow/example_dags/tutorial.py
[2024-05-05T00:51:49.815+0000] {processor.py:830} INFO - Processing file /home/airflow/.local/lib/python3.12/site-packages/airflow/example_dags/tutorial.py for tasks to queue
[2024-05-05T00:51:49.852+0000] {logging_mixin.py:188} INFO - [2024-05-05T00:51:49.844+0000] {dagbag.py:540} INFO - Filling up the DagBag from /home/airflow/.local/lib/python3.12/site-packages/airflow/example_dags/tutorial.py
[2024-05-05T00:51:50.012+0000] {processor.py:840} INFO - DAG(s) 'tutorial' retrieved from /home/airflow/.local/lib/python3.12/site-packages/airflow/example_dags/tutorial.py
[2024-05-05T00:51:50.611+0000] {logging_mixin.py:188} INFO - [2024-05-05T00:51:50.602+0000] {dag.py:3096} INFO - Sync 1 DAGs
[2024-05-05T00:51:52.255+0000] {logging_mixin.py:188} INFO - [2024-05-05T00:51:52.242+0000] {dag.py:3954} INFO - Setting next_dagrun for tutorial to 2024-05-04 00:00:00+00:00, run_after=2024-05-05 00:00:00+00:00
[2024-05-05T00:51:53.789+0000] {processor.py:183} INFO - Processing /home/airflow/.local/lib/python3.12/site-packages/airflow/example_dags/tutorial.py took 4.124 seconds
[2024-05-05T01:10:25.420+0000] {processor.py:161} INFO - Started process (PID=7904) to work on /home/airflow/.local/lib/python3.12/site-packages/airflow/example_dags/tutorial.py
[2024-05-05T01:10:25.457+0000] {processor.py:830} INFO - Processing file /home/airflow/.local/lib/python3.12/site-packages/airflow/example_dags/tutorial.py for tasks to queue
[2024-05-05T01:10:25.540+0000] {logging_mixin.py:188} INFO - [2024-05-05T01:10:25.519+0000] {dagbag.py:540} INFO - Filling up the DagBag from /home/airflow/.local/lib/python3.12/site-packages/airflow/example_dags/tutorial.py
[2024-05-05T01:10:26.361+0000] {processor.py:840} INFO - DAG(s) 'tutorial' retrieved from /home/airflow/.local/lib/python3.12/site-packages/airflow/example_dags/tutorial.py
[2024-05-05T01:10:26.944+0000] {logging_mixin.py:188} INFO - [2024-05-05T01:10:26.942+0000] {dag.py:3096} INFO - Sync 1 DAGs
[2024-05-05T01:10:27.689+0000] {logging_mixin.py:188} INFO - [2024-05-05T01:10:27.687+0000] {dag.py:3954} INFO - Setting next_dagrun for tutorial to 2024-05-04 00:00:00+00:00, run_after=2024-05-05 00:00:00+00:00
[2024-05-05T01:10:28.086+0000] {processor.py:183} INFO - Processing /home/airflow/.local/lib/python3.12/site-packages/airflow/example_dags/tutorial.py took 3.318 seconds
[2024-05-05T01:45:07.415+0000] {processor.py:161} INFO - Started process (PID=8006) to work on /home/airflow/.local/lib/python3.12/site-packages/airflow/example_dags/tutorial.py
[2024-05-05T01:45:07.418+0000] {processor.py:830} INFO - Processing file /home/airflow/.local/lib/python3.12/site-packages/airflow/example_dags/tutorial.py for tasks to queue
[2024-05-05T01:45:07.421+0000] {logging_mixin.py:188} INFO - [2024-05-05T01:45:07.420+0000] {dagbag.py:540} INFO - Filling up the DagBag from /home/airflow/.local/lib/python3.12/site-packages/airflow/example_dags/tutorial.py
[2024-05-05T01:45:07.468+0000] {processor.py:840} INFO - DAG(s) 'tutorial' retrieved from /home/airflow/.local/lib/python3.12/site-packages/airflow/example_dags/tutorial.py
[2024-05-05T01:45:07.541+0000] {logging_mixin.py:188} INFO - [2024-05-05T01:45:07.539+0000] {dag.py:3096} INFO - Sync 1 DAGs
[2024-05-05T01:45:07.613+0000] {logging_mixin.py:188} INFO - [2024-05-05T01:45:07.613+0000] {dag.py:3954} INFO - Setting next_dagrun for tutorial to 2024-05-04 00:00:00+00:00, run_after=2024-05-05 00:00:00+00:00
[2024-05-05T01:45:07.663+0000] {processor.py:183} INFO - Processing /home/airflow/.local/lib/python3.12/site-packages/airflow/example_dags/tutorial.py took 0.278 seconds
[2024-05-05T02:03:05.048+0000] {processor.py:161} INFO - Started process (PID=8070) to work on /home/airflow/.local/lib/python3.12/site-packages/airflow/example_dags/tutorial.py
[2024-05-05T02:03:05.051+0000] {processor.py:830} INFO - Processing file /home/airflow/.local/lib/python3.12/site-packages/airflow/example_dags/tutorial.py for tasks to queue
[2024-05-05T02:03:05.054+0000] {logging_mixin.py:188} INFO - [2024-05-05T02:03:05.053+0000] {dagbag.py:540} INFO - Filling up the DagBag from /home/airflow/.local/lib/python3.12/site-packages/airflow/example_dags/tutorial.py
[2024-05-05T02:03:05.072+0000] {processor.py:840} INFO - DAG(s) 'tutorial' retrieved from /home/airflow/.local/lib/python3.12/site-packages/airflow/example_dags/tutorial.py
[2024-05-05T02:03:05.125+0000] {logging_mixin.py:188} INFO - [2024-05-05T02:03:05.125+0000] {dag.py:3096} INFO - Sync 1 DAGs
[2024-05-05T02:03:05.178+0000] {logging_mixin.py:188} INFO - [2024-05-05T02:03:05.177+0000] {dag.py:3954} INFO - Setting next_dagrun for tutorial to 2024-05-04 00:00:00+00:00, run_after=2024-05-05 00:00:00+00:00
[2024-05-05T02:03:05.217+0000] {processor.py:183} INFO - Processing /home/airflow/.local/lib/python3.12/site-packages/airflow/example_dags/tutorial.py took 0.193 seconds
[2024-05-05T02:04:41.374+0000] {processor.py:161} INFO - Started process (PID=8158) to work on /home/airflow/.local/lib/python3.12/site-packages/airflow/example_dags/tutorial.py
[2024-05-05T02:04:41.400+0000] {processor.py:830} INFO - Processing file /home/airflow/.local/lib/python3.12/site-packages/airflow/example_dags/tutorial.py for tasks to queue
[2024-05-05T02:04:41.433+0000] {logging_mixin.py:188} INFO - [2024-05-05T02:04:41.410+0000] {dagbag.py:540} INFO - Filling up the DagBag from /home/airflow/.local/lib/python3.12/site-packages/airflow/example_dags/tutorial.py
[2024-05-05T02:04:41.580+0000] {processor.py:840} INFO - DAG(s) 'tutorial' retrieved from /home/airflow/.local/lib/python3.12/site-packages/airflow/example_dags/tutorial.py
[2024-05-05T02:04:41.934+0000] {logging_mixin.py:188} INFO - [2024-05-05T02:04:41.933+0000] {dag.py:3096} INFO - Sync 1 DAGs
[2024-05-05T02:04:42.573+0000] {logging_mixin.py:188} INFO - [2024-05-05T02:04:42.571+0000] {dag.py:3954} INFO - Setting next_dagrun for tutorial to 2024-05-04 00:00:00+00:00, run_after=2024-05-05 00:00:00+00:00
[2024-05-05T02:04:43.158+0000] {processor.py:183} INFO - Processing /home/airflow/.local/lib/python3.12/site-packages/airflow/example_dags/tutorial.py took 1.901 seconds
[2024-05-05T03:15:27.468+0000] {processor.py:161} INFO - Started process (PID=8258) to work on /home/airflow/.local/lib/python3.12/site-packages/airflow/example_dags/tutorial.py
[2024-05-05T03:15:27.470+0000] {processor.py:830} INFO - Processing file /home/airflow/.local/lib/python3.12/site-packages/airflow/example_dags/tutorial.py for tasks to queue
[2024-05-05T03:15:27.472+0000] {logging_mixin.py:188} INFO - [2024-05-05T03:15:27.472+0000] {dagbag.py:540} INFO - Filling up the DagBag from /home/airflow/.local/lib/python3.12/site-packages/airflow/example_dags/tutorial.py
[2024-05-05T03:15:27.512+0000] {processor.py:840} INFO - DAG(s) 'tutorial' retrieved from /home/airflow/.local/lib/python3.12/site-packages/airflow/example_dags/tutorial.py
[2024-05-05T03:15:27.594+0000] {logging_mixin.py:188} INFO - [2024-05-05T03:15:27.594+0000] {dag.py:3096} INFO - Sync 1 DAGs
[2024-05-05T03:15:27.690+0000] {logging_mixin.py:188} INFO - [2024-05-05T03:15:27.689+0000] {dag.py:3954} INFO - Setting next_dagrun for tutorial to 2024-05-04 00:00:00+00:00, run_after=2024-05-05 00:00:00+00:00
[2024-05-05T03:15:27.762+0000] {processor.py:183} INFO - Processing /home/airflow/.local/lib/python3.12/site-packages/airflow/example_dags/tutorial.py took 0.336 seconds
[2024-05-05T04:00:08.475+0000] {processor.py:161} INFO - Started process (PID=8346) to work on /home/airflow/.local/lib/python3.12/site-packages/airflow/example_dags/tutorial.py
[2024-05-05T04:00:08.477+0000] {processor.py:830} INFO - Processing file /home/airflow/.local/lib/python3.12/site-packages/airflow/example_dags/tutorial.py for tasks to queue
[2024-05-05T04:00:08.479+0000] {logging_mixin.py:188} INFO - [2024-05-05T04:00:08.479+0000] {dagbag.py:540} INFO - Filling up the DagBag from /home/airflow/.local/lib/python3.12/site-packages/airflow/example_dags/tutorial.py
[2024-05-05T04:00:08.491+0000] {processor.py:840} INFO - DAG(s) 'tutorial' retrieved from /home/airflow/.local/lib/python3.12/site-packages/airflow/example_dags/tutorial.py
[2024-05-05T04:00:08.525+0000] {logging_mixin.py:188} INFO - [2024-05-05T04:00:08.525+0000] {dag.py:3096} INFO - Sync 1 DAGs
[2024-05-05T04:00:08.561+0000] {logging_mixin.py:188} INFO - [2024-05-05T04:00:08.560+0000] {dag.py:3954} INFO - Setting next_dagrun for tutorial to 2024-05-04 00:00:00+00:00, run_after=2024-05-05 00:00:00+00:00
[2024-05-05T04:00:08.596+0000] {processor.py:183} INFO - Processing /home/airflow/.local/lib/python3.12/site-packages/airflow/example_dags/tutorial.py took 0.131 seconds
[2024-05-05T04:01:04.596+0000] {processor.py:161} INFO - Started process (PID=8404) to work on /home/airflow/.local/lib/python3.12/site-packages/airflow/example_dags/tutorial.py
[2024-05-05T04:01:04.632+0000] {processor.py:830} INFO - Processing file /home/airflow/.local/lib/python3.12/site-packages/airflow/example_dags/tutorial.py for tasks to queue
[2024-05-05T04:01:04.670+0000] {logging_mixin.py:188} INFO - [2024-05-05T04:01:04.658+0000] {dagbag.py:540} INFO - Filling up the DagBag from /home/airflow/.local/lib/python3.12/site-packages/airflow/example_dags/tutorial.py
[2024-05-05T04:01:05.012+0000] {processor.py:840} INFO - DAG(s) 'tutorial' retrieved from /home/airflow/.local/lib/python3.12/site-packages/airflow/example_dags/tutorial.py
[2024-05-05T04:01:05.847+0000] {logging_mixin.py:188} INFO - [2024-05-05T04:01:05.838+0000] {dag.py:3096} INFO - Sync 1 DAGs
[2024-05-05T04:01:06.986+0000] {logging_mixin.py:188} INFO - [2024-05-05T04:01:06.984+0000] {dag.py:3954} INFO - Setting next_dagrun for tutorial to 2024-05-04 00:00:00+00:00, run_after=2024-05-05 00:00:00+00:00
[2024-05-05T04:01:07.421+0000] {processor.py:183} INFO - Processing /home/airflow/.local/lib/python3.12/site-packages/airflow/example_dags/tutorial.py took 2.951 seconds
[2024-05-05T04:02:01.521+0000] {processor.py:161} INFO - Started process (PID=8482) to work on /home/airflow/.local/lib/python3.12/site-packages/airflow/example_dags/tutorial.py
[2024-05-05T04:02:01.532+0000] {processor.py:830} INFO - Processing file /home/airflow/.local/lib/python3.12/site-packages/airflow/example_dags/tutorial.py for tasks to queue
[2024-05-05T04:02:01.544+0000] {logging_mixin.py:188} INFO - [2024-05-05T04:02:01.541+0000] {dagbag.py:540} INFO - Filling up the DagBag from /home/airflow/.local/lib/python3.12/site-packages/airflow/example_dags/tutorial.py
[2024-05-05T04:02:01.594+0000] {processor.py:840} INFO - DAG(s) 'tutorial' retrieved from /home/airflow/.local/lib/python3.12/site-packages/airflow/example_dags/tutorial.py
[2024-05-05T04:02:01.719+0000] {logging_mixin.py:188} INFO - [2024-05-05T04:02:01.718+0000] {dag.py:3096} INFO - Sync 1 DAGs
[2024-05-05T04:02:01.830+0000] {logging_mixin.py:188} INFO - [2024-05-05T04:02:01.829+0000] {dag.py:3954} INFO - Setting next_dagrun for tutorial to 2024-05-04 00:00:00+00:00, run_after=2024-05-05 00:00:00+00:00
[2024-05-05T04:02:01.917+0000] {processor.py:183} INFO - Processing /home/airflow/.local/lib/python3.12/site-packages/airflow/example_dags/tutorial.py took 0.440 seconds
[2024-05-05T04:02:39.816+0000] {processor.py:161} INFO - Started process (PID=8548) to work on /home/airflow/.local/lib/python3.12/site-packages/airflow/example_dags/tutorial.py
[2024-05-05T04:02:39.823+0000] {processor.py:830} INFO - Processing file /home/airflow/.local/lib/python3.12/site-packages/airflow/example_dags/tutorial.py for tasks to queue
[2024-05-05T04:02:39.838+0000] {logging_mixin.py:188} INFO - [2024-05-05T04:02:39.836+0000] {dagbag.py:540} INFO - Filling up the DagBag from /home/airflow/.local/lib/python3.12/site-packages/airflow/example_dags/tutorial.py
[2024-05-05T04:02:39.937+0000] {processor.py:840} INFO - DAG(s) 'tutorial' retrieved from /home/airflow/.local/lib/python3.12/site-packages/airflow/example_dags/tutorial.py
[2024-05-05T04:02:40.066+0000] {logging_mixin.py:188} INFO - [2024-05-05T04:02:40.061+0000] {dag.py:3096} INFO - Sync 1 DAGs
[2024-05-05T04:02:40.230+0000] {logging_mixin.py:188} INFO - [2024-05-05T04:02:40.229+0000] {dag.py:3954} INFO - Setting next_dagrun for tutorial to 2024-05-04 00:00:00+00:00, run_after=2024-05-05 00:00:00+00:00
[2024-05-05T04:02:40.332+0000] {processor.py:183} INFO - Processing /home/airflow/.local/lib/python3.12/site-packages/airflow/example_dags/tutorial.py took 0.546 seconds
[2024-05-05T04:03:18.988+0000] {processor.py:161} INFO - Started process (PID=8609) to work on /home/airflow/.local/lib/python3.12/site-packages/airflow/example_dags/tutorial.py
[2024-05-05T04:03:18.998+0000] {processor.py:830} INFO - Processing file /home/airflow/.local/lib/python3.12/site-packages/airflow/example_dags/tutorial.py for tasks to queue
[2024-05-05T04:03:19.013+0000] {logging_mixin.py:188} INFO - [2024-05-05T04:03:19.010+0000] {dagbag.py:540} INFO - Filling up the DagBag from /home/airflow/.local/lib/python3.12/site-packages/airflow/example_dags/tutorial.py
[2024-05-05T04:03:19.059+0000] {processor.py:840} INFO - DAG(s) 'tutorial' retrieved from /home/airflow/.local/lib/python3.12/site-packages/airflow/example_dags/tutorial.py
[2024-05-05T04:03:19.169+0000] {logging_mixin.py:188} INFO - [2024-05-05T04:03:19.168+0000] {dag.py:3096} INFO - Sync 1 DAGs
[2024-05-05T04:03:19.318+0000] {logging_mixin.py:188} INFO - [2024-05-05T04:03:19.317+0000] {dag.py:3954} INFO - Setting next_dagrun for tutorial to 2024-05-04 00:00:00+00:00, run_after=2024-05-05 00:00:00+00:00
[2024-05-05T04:03:19.410+0000] {processor.py:183} INFO - Processing /home/airflow/.local/lib/python3.12/site-packages/airflow/example_dags/tutorial.py took 0.463 seconds
[2024-05-05T04:04:06.539+0000] {processor.py:161} INFO - Started process (PID=8683) to work on /home/airflow/.local/lib/python3.12/site-packages/airflow/example_dags/tutorial.py
[2024-05-05T04:04:06.552+0000] {processor.py:830} INFO - Processing file /home/airflow/.local/lib/python3.12/site-packages/airflow/example_dags/tutorial.py for tasks to queue
[2024-05-05T04:04:06.561+0000] {logging_mixin.py:188} INFO - [2024-05-05T04:04:06.559+0000] {dagbag.py:540} INFO - Filling up the DagBag from /home/airflow/.local/lib/python3.12/site-packages/airflow/example_dags/tutorial.py
[2024-05-05T04:04:06.624+0000] {processor.py:840} INFO - DAG(s) 'tutorial' retrieved from /home/airflow/.local/lib/python3.12/site-packages/airflow/example_dags/tutorial.py
[2024-05-05T04:04:06.759+0000] {logging_mixin.py:188} INFO - [2024-05-05T04:04:06.758+0000] {dag.py:3096} INFO - Sync 1 DAGs
[2024-05-05T04:04:06.910+0000] {logging_mixin.py:188} INFO - [2024-05-05T04:04:06.909+0000] {dag.py:3954} INFO - Setting next_dagrun for tutorial to 2024-05-04 00:00:00+00:00, run_after=2024-05-05 00:00:00+00:00
[2024-05-05T04:04:07.060+0000] {processor.py:183} INFO - Processing /home/airflow/.local/lib/python3.12/site-packages/airflow/example_dags/tutorial.py took 0.587 seconds
[2024-05-05T04:04:48.667+0000] {processor.py:161} INFO - Started process (PID=8749) to work on /home/airflow/.local/lib/python3.12/site-packages/airflow/example_dags/tutorial.py
[2024-05-05T04:04:48.685+0000] {processor.py:830} INFO - Processing file /home/airflow/.local/lib/python3.12/site-packages/airflow/example_dags/tutorial.py for tasks to queue
[2024-05-05T04:04:48.709+0000] {logging_mixin.py:188} INFO - [2024-05-05T04:04:48.707+0000] {dagbag.py:540} INFO - Filling up the DagBag from /home/airflow/.local/lib/python3.12/site-packages/airflow/example_dags/tutorial.py
[2024-05-05T04:04:48.810+0000] {processor.py:840} INFO - DAG(s) 'tutorial' retrieved from /home/airflow/.local/lib/python3.12/site-packages/airflow/example_dags/tutorial.py
[2024-05-05T04:04:49.058+0000] {logging_mixin.py:188} INFO - [2024-05-05T04:04:49.052+0000] {dag.py:3096} INFO - Sync 1 DAGs
[2024-05-05T04:04:49.361+0000] {logging_mixin.py:188} INFO - [2024-05-05T04:04:49.360+0000] {dag.py:3954} INFO - Setting next_dagrun for tutorial to 2024-05-04 00:00:00+00:00, run_after=2024-05-05 00:00:00+00:00
[2024-05-05T04:04:49.577+0000] {processor.py:183} INFO - Processing /home/airflow/.local/lib/python3.12/site-packages/airflow/example_dags/tutorial.py took 1.034 seconds
[2024-05-05T04:05:33.456+0000] {processor.py:161} INFO - Started process (PID=8808) to work on /home/airflow/.local/lib/python3.12/site-packages/airflow/example_dags/tutorial.py
[2024-05-05T04:05:33.469+0000] {processor.py:830} INFO - Processing file /home/airflow/.local/lib/python3.12/site-packages/airflow/example_dags/tutorial.py for tasks to queue
[2024-05-05T04:05:33.477+0000] {logging_mixin.py:188} INFO - [2024-05-05T04:05:33.476+0000] {dagbag.py:540} INFO - Filling up the DagBag from /home/airflow/.local/lib/python3.12/site-packages/airflow/example_dags/tutorial.py
[2024-05-05T04:05:33.551+0000] {processor.py:840} INFO - DAG(s) 'tutorial' retrieved from /home/airflow/.local/lib/python3.12/site-packages/airflow/example_dags/tutorial.py
[2024-05-05T04:05:33.728+0000] {logging_mixin.py:188} INFO - [2024-05-05T04:05:33.727+0000] {dag.py:3096} INFO - Sync 1 DAGs
[2024-05-05T04:05:33.892+0000] {logging_mixin.py:188} INFO - [2024-05-05T04:05:33.891+0000] {dag.py:3954} INFO - Setting next_dagrun for tutorial to 2024-05-04 00:00:00+00:00, run_after=2024-05-05 00:00:00+00:00
[2024-05-05T04:05:34.058+0000] {processor.py:183} INFO - Processing /home/airflow/.local/lib/python3.12/site-packages/airflow/example_dags/tutorial.py took 0.739 seconds
[2024-05-05T04:06:54.761+0000] {processor.py:161} INFO - Started process (PID=8878) to work on /home/airflow/.local/lib/python3.12/site-packages/airflow/example_dags/tutorial.py
[2024-05-05T04:06:54.786+0000] {processor.py:830} INFO - Processing file /home/airflow/.local/lib/python3.12/site-packages/airflow/example_dags/tutorial.py for tasks to queue
[2024-05-05T04:06:54.811+0000] {logging_mixin.py:188} INFO - [2024-05-05T04:06:54.804+0000] {dagbag.py:540} INFO - Filling up the DagBag from /home/airflow/.local/lib/python3.12/site-packages/airflow/example_dags/tutorial.py
[2024-05-05T04:06:54.942+0000] {processor.py:840} INFO - DAG(s) 'tutorial' retrieved from /home/airflow/.local/lib/python3.12/site-packages/airflow/example_dags/tutorial.py
[2024-05-05T04:06:55.320+0000] {logging_mixin.py:188} INFO - [2024-05-05T04:06:55.310+0000] {dag.py:3096} INFO - Sync 1 DAGs
[2024-05-05T04:06:56.180+0000] {logging_mixin.py:188} INFO - [2024-05-05T04:06:56.178+0000] {dag.py:3954} INFO - Setting next_dagrun for tutorial to 2024-05-04 00:00:00+00:00, run_after=2024-05-05 00:00:00+00:00
[2024-05-05T04:06:56.913+0000] {processor.py:183} INFO - Processing /home/airflow/.local/lib/python3.12/site-packages/airflow/example_dags/tutorial.py took 2.295 seconds
[2024-05-05T04:09:20.092+0000] {processor.py:161} INFO - Started process (PID=8970) to work on /home/airflow/.local/lib/python3.12/site-packages/airflow/example_dags/tutorial.py
[2024-05-05T04:09:20.120+0000] {processor.py:830} INFO - Processing file /home/airflow/.local/lib/python3.12/site-packages/airflow/example_dags/tutorial.py for tasks to queue
[2024-05-05T04:09:20.152+0000] {logging_mixin.py:188} INFO - [2024-05-05T04:09:20.139+0000] {dagbag.py:540} INFO - Filling up the DagBag from /home/airflow/.local/lib/python3.12/site-packages/airflow/example_dags/tutorial.py
[2024-05-05T04:09:20.417+0000] {processor.py:840} INFO - DAG(s) 'tutorial' retrieved from /home/airflow/.local/lib/python3.12/site-packages/airflow/example_dags/tutorial.py
[2024-05-05T04:09:20.987+0000] {logging_mixin.py:188} INFO - [2024-05-05T04:09:20.982+0000] {dag.py:3096} INFO - Sync 1 DAGs
[2024-05-05T04:09:22.373+0000] {logging_mixin.py:188} INFO - [2024-05-05T04:09:22.371+0000] {dag.py:3954} INFO - Setting next_dagrun for tutorial to 2024-05-04 00:00:00+00:00, run_after=2024-05-05 00:00:00+00:00
[2024-05-05T04:09:23.015+0000] {processor.py:183} INFO - Processing /home/airflow/.local/lib/python3.12/site-packages/airflow/example_dags/tutorial.py took 3.133 seconds
[2024-05-05T04:11:49.467+0000] {processor.py:161} INFO - Started process (PID=9070) to work on /home/airflow/.local/lib/python3.12/site-packages/airflow/example_dags/tutorial.py
[2024-05-05T04:11:49.524+0000] {processor.py:830} INFO - Processing file /home/airflow/.local/lib/python3.12/site-packages/airflow/example_dags/tutorial.py for tasks to queue
[2024-05-05T04:11:49.583+0000] {logging_mixin.py:188} INFO - [2024-05-05T04:11:49.572+0000] {dagbag.py:540} INFO - Filling up the DagBag from /home/airflow/.local/lib/python3.12/site-packages/airflow/example_dags/tutorial.py
[2024-05-05T04:11:50.026+0000] {processor.py:840} INFO - DAG(s) 'tutorial' retrieved from /home/airflow/.local/lib/python3.12/site-packages/airflow/example_dags/tutorial.py
[2024-05-05T04:11:50.579+0000] {logging_mixin.py:188} INFO - [2024-05-05T04:11:50.568+0000] {dag.py:3096} INFO - Sync 1 DAGs
[2024-05-05T04:11:51.429+0000] {logging_mixin.py:188} INFO - [2024-05-05T04:11:51.428+0000] {dag.py:3954} INFO - Setting next_dagrun for tutorial to 2024-05-04 00:00:00+00:00, run_after=2024-05-05 00:00:00+00:00
[2024-05-05T04:11:51.925+0000] {processor.py:183} INFO - Processing /home/airflow/.local/lib/python3.12/site-packages/airflow/example_dags/tutorial.py took 2.991 seconds
[2024-05-05T04:14:22.519+0000] {processor.py:161} INFO - Started process (PID=9167) to work on /home/airflow/.local/lib/python3.12/site-packages/airflow/example_dags/tutorial.py
[2024-05-05T04:14:22.553+0000] {processor.py:830} INFO - Processing file /home/airflow/.local/lib/python3.12/site-packages/airflow/example_dags/tutorial.py for tasks to queue
[2024-05-05T04:14:22.628+0000] {logging_mixin.py:188} INFO - [2024-05-05T04:14:22.580+0000] {dagbag.py:540} INFO - Filling up the DagBag from /home/airflow/.local/lib/python3.12/site-packages/airflow/example_dags/tutorial.py
[2024-05-05T04:14:23.185+0000] {processor.py:840} INFO - DAG(s) 'tutorial' retrieved from /home/airflow/.local/lib/python3.12/site-packages/airflow/example_dags/tutorial.py
[2024-05-05T04:14:24.087+0000] {logging_mixin.py:188} INFO - [2024-05-05T04:14:24.086+0000] {dag.py:3096} INFO - Sync 1 DAGs
[2024-05-05T04:14:25.574+0000] {logging_mixin.py:188} INFO - [2024-05-05T04:14:25.566+0000] {dag.py:3954} INFO - Setting next_dagrun for tutorial to 2024-05-04 00:00:00+00:00, run_after=2024-05-05 00:00:00+00:00
[2024-05-05T04:14:26.156+0000] {processor.py:183} INFO - Processing /home/airflow/.local/lib/python3.12/site-packages/airflow/example_dags/tutorial.py took 4.024 seconds
[2024-05-05T04:16:53.598+0000] {processor.py:161} INFO - Started process (PID=9269) to work on /home/airflow/.local/lib/python3.12/site-packages/airflow/example_dags/tutorial.py
[2024-05-05T04:16:53.653+0000] {processor.py:830} INFO - Processing file /home/airflow/.local/lib/python3.12/site-packages/airflow/example_dags/tutorial.py for tasks to queue
[2024-05-05T04:16:53.684+0000] {logging_mixin.py:188} INFO - [2024-05-05T04:16:53.678+0000] {dagbag.py:540} INFO - Filling up the DagBag from /home/airflow/.local/lib/python3.12/site-packages/airflow/example_dags/tutorial.py
[2024-05-05T04:16:53.830+0000] {processor.py:840} INFO - DAG(s) 'tutorial' retrieved from /home/airflow/.local/lib/python3.12/site-packages/airflow/example_dags/tutorial.py
[2024-05-05T04:16:54.496+0000] {logging_mixin.py:188} INFO - [2024-05-05T04:16:54.486+0000] {dag.py:3096} INFO - Sync 1 DAGs
[2024-05-05T04:16:55.450+0000] {logging_mixin.py:188} INFO - [2024-05-05T04:16:55.407+0000] {dag.py:3954} INFO - Setting next_dagrun for tutorial to 2024-05-04 00:00:00+00:00, run_after=2024-05-05 00:00:00+00:00
[2024-05-05T04:16:55.957+0000] {processor.py:183} INFO - Processing /home/airflow/.local/lib/python3.12/site-packages/airflow/example_dags/tutorial.py took 2.563 seconds
[2024-05-05T04:19:21.939+0000] {processor.py:161} INFO - Started process (PID=9372) to work on /home/airflow/.local/lib/python3.12/site-packages/airflow/example_dags/tutorial.py
[2024-05-05T04:19:21.976+0000] {processor.py:830} INFO - Processing file /home/airflow/.local/lib/python3.12/site-packages/airflow/example_dags/tutorial.py for tasks to queue
[2024-05-05T04:19:22.013+0000] {logging_mixin.py:188} INFO - [2024-05-05T04:19:22.007+0000] {dagbag.py:540} INFO - Filling up the DagBag from /home/airflow/.local/lib/python3.12/site-packages/airflow/example_dags/tutorial.py
[2024-05-05T04:19:22.197+0000] {processor.py:840} INFO - DAG(s) 'tutorial' retrieved from /home/airflow/.local/lib/python3.12/site-packages/airflow/example_dags/tutorial.py
[2024-05-05T04:19:23.212+0000] {logging_mixin.py:188} INFO - [2024-05-05T04:19:23.210+0000] {dag.py:3096} INFO - Sync 1 DAGs
[2024-05-05T04:19:23.981+0000] {logging_mixin.py:188} INFO - [2024-05-05T04:19:23.964+0000] {dag.py:3954} INFO - Setting next_dagrun for tutorial to 2024-05-04 00:00:00+00:00, run_after=2024-05-05 00:00:00+00:00
[2024-05-05T04:19:24.799+0000] {processor.py:183} INFO - Processing /home/airflow/.local/lib/python3.12/site-packages/airflow/example_dags/tutorial.py took 2.984 seconds
[2024-05-05T04:21:48.926+0000] {processor.py:161} INFO - Started process (PID=9465) to work on /home/airflow/.local/lib/python3.12/site-packages/airflow/example_dags/tutorial.py
[2024-05-05T04:21:49.003+0000] {processor.py:830} INFO - Processing file /home/airflow/.local/lib/python3.12/site-packages/airflow/example_dags/tutorial.py for tasks to queue
[2024-05-05T04:21:49.068+0000] {logging_mixin.py:188} INFO - [2024-05-05T04:21:49.047+0000] {dagbag.py:540} INFO - Filling up the DagBag from /home/airflow/.local/lib/python3.12/site-packages/airflow/example_dags/tutorial.py
[2024-05-05T04:21:49.363+0000] {processor.py:840} INFO - DAG(s) 'tutorial' retrieved from /home/airflow/.local/lib/python3.12/site-packages/airflow/example_dags/tutorial.py
[2024-05-05T04:21:50.072+0000] {logging_mixin.py:188} INFO - [2024-05-05T04:21:50.070+0000] {dag.py:3096} INFO - Sync 1 DAGs
[2024-05-05T04:21:51.439+0000] {logging_mixin.py:188} INFO - [2024-05-05T04:21:51.437+0000] {dag.py:3954} INFO - Setting next_dagrun for tutorial to 2024-05-04 00:00:00+00:00, run_after=2024-05-05 00:00:00+00:00
[2024-05-05T04:21:52.645+0000] {processor.py:183} INFO - Processing /home/airflow/.local/lib/python3.12/site-packages/airflow/example_dags/tutorial.py took 4.051 seconds
[2024-05-05T04:24:28.186+0000] {processor.py:161} INFO - Started process (PID=9570) to work on /home/airflow/.local/lib/python3.12/site-packages/airflow/example_dags/tutorial.py
[2024-05-05T04:24:28.219+0000] {processor.py:830} INFO - Processing file /home/airflow/.local/lib/python3.12/site-packages/airflow/example_dags/tutorial.py for tasks to queue
[2024-05-05T04:24:28.258+0000] {logging_mixin.py:188} INFO - [2024-05-05T04:24:28.251+0000] {dagbag.py:540} INFO - Filling up the DagBag from /home/airflow/.local/lib/python3.12/site-packages/airflow/example_dags/tutorial.py
[2024-05-05T04:24:28.644+0000] {processor.py:840} INFO - DAG(s) 'tutorial' retrieved from /home/airflow/.local/lib/python3.12/site-packages/airflow/example_dags/tutorial.py
[2024-05-05T04:24:29.354+0000] {logging_mixin.py:188} INFO - [2024-05-05T04:24:29.352+0000] {dag.py:3096} INFO - Sync 1 DAGs
[2024-05-05T04:24:30.108+0000] {logging_mixin.py:188} INFO - [2024-05-05T04:24:30.106+0000] {dag.py:3954} INFO - Setting next_dagrun for tutorial to 2024-05-04 00:00:00+00:00, run_after=2024-05-05 00:00:00+00:00
[2024-05-05T04:24:30.976+0000] {processor.py:183} INFO - Processing /home/airflow/.local/lib/python3.12/site-packages/airflow/example_dags/tutorial.py took 3.016 seconds
[2024-05-05T04:27:08.116+0000] {processor.py:161} INFO - Started process (PID=9674) to work on /home/airflow/.local/lib/python3.12/site-packages/airflow/example_dags/tutorial.py
[2024-05-05T04:27:08.142+0000] {processor.py:830} INFO - Processing file /home/airflow/.local/lib/python3.12/site-packages/airflow/example_dags/tutorial.py for tasks to queue
[2024-05-05T04:27:08.159+0000] {logging_mixin.py:188} INFO - [2024-05-05T04:27:08.149+0000] {dagbag.py:540} INFO - Filling up the DagBag from /home/airflow/.local/lib/python3.12/site-packages/airflow/example_dags/tutorial.py
[2024-05-05T04:27:08.444+0000] {processor.py:840} INFO - DAG(s) 'tutorial' retrieved from /home/airflow/.local/lib/python3.12/site-packages/airflow/example_dags/tutorial.py
[2024-05-05T04:27:09.194+0000] {logging_mixin.py:188} INFO - [2024-05-05T04:27:09.189+0000] {dag.py:3096} INFO - Sync 1 DAGs
[2024-05-05T04:27:10.037+0000] {logging_mixin.py:188} INFO - [2024-05-05T04:27:10.035+0000] {dag.py:3954} INFO - Setting next_dagrun for tutorial to 2024-05-04 00:00:00+00:00, run_after=2024-05-05 00:00:00+00:00
[2024-05-05T04:27:10.859+0000] {processor.py:183} INFO - Processing /home/airflow/.local/lib/python3.12/site-packages/airflow/example_dags/tutorial.py took 3.033 seconds
[2024-05-05T04:29:39.225+0000] {processor.py:161} INFO - Started process (PID=9777) to work on /home/airflow/.local/lib/python3.12/site-packages/airflow/example_dags/tutorial.py
[2024-05-05T04:29:39.267+0000] {processor.py:830} INFO - Processing file /home/airflow/.local/lib/python3.12/site-packages/airflow/example_dags/tutorial.py for tasks to queue
[2024-05-05T04:29:39.300+0000] {logging_mixin.py:188} INFO - [2024-05-05T04:29:39.297+0000] {dagbag.py:540} INFO - Filling up the DagBag from /home/airflow/.local/lib/python3.12/site-packages/airflow/example_dags/tutorial.py
[2024-05-05T04:29:39.534+0000] {processor.py:840} INFO - DAG(s) 'tutorial' retrieved from /home/airflow/.local/lib/python3.12/site-packages/airflow/example_dags/tutorial.py
[2024-05-05T04:29:40.619+0000] {logging_mixin.py:188} INFO - [2024-05-05T04:29:40.617+0000] {dag.py:3096} INFO - Sync 1 DAGs
[2024-05-05T04:29:41.483+0000] {logging_mixin.py:188} INFO - [2024-05-05T04:29:41.481+0000] {dag.py:3954} INFO - Setting next_dagrun for tutorial to 2024-05-04 00:00:00+00:00, run_after=2024-05-05 00:00:00+00:00
[2024-05-05T04:29:42.160+0000] {processor.py:183} INFO - Processing /home/airflow/.local/lib/python3.12/site-packages/airflow/example_dags/tutorial.py took 3.013 seconds
[2024-05-05T04:32:14.421+0000] {processor.py:161} INFO - Started process (PID=9875) to work on /home/airflow/.local/lib/python3.12/site-packages/airflow/example_dags/tutorial.py
[2024-05-05T04:32:14.471+0000] {processor.py:830} INFO - Processing file /home/airflow/.local/lib/python3.12/site-packages/airflow/example_dags/tutorial.py for tasks to queue
[2024-05-05T04:32:14.621+0000] {logging_mixin.py:188} INFO - [2024-05-05T04:32:14.593+0000] {dagbag.py:540} INFO - Filling up the DagBag from /home/airflow/.local/lib/python3.12/site-packages/airflow/example_dags/tutorial.py
[2024-05-05T04:32:15.074+0000] {processor.py:840} INFO - DAG(s) 'tutorial' retrieved from /home/airflow/.local/lib/python3.12/site-packages/airflow/example_dags/tutorial.py
[2024-05-05T04:32:16.746+0000] {logging_mixin.py:188} INFO - [2024-05-05T04:32:16.744+0000] {dag.py:3096} INFO - Sync 1 DAGs
[2024-05-05T04:32:17.967+0000] {logging_mixin.py:188} INFO - [2024-05-05T04:32:17.939+0000] {dag.py:3954} INFO - Setting next_dagrun for tutorial to 2024-05-04 00:00:00+00:00, run_after=2024-05-05 00:00:00+00:00
[2024-05-05T04:32:18.500+0000] {processor.py:183} INFO - Processing /home/airflow/.local/lib/python3.12/site-packages/airflow/example_dags/tutorial.py took 4.228 seconds
[2024-05-05T04:35:19.600+0000] {processor.py:161} INFO - Started process (PID=9985) to work on /home/airflow/.local/lib/python3.12/site-packages/airflow/example_dags/tutorial.py
[2024-05-05T04:35:19.626+0000] {processor.py:830} INFO - Processing file /home/airflow/.local/lib/python3.12/site-packages/airflow/example_dags/tutorial.py for tasks to queue
[2024-05-05T04:35:19.665+0000] {logging_mixin.py:188} INFO - [2024-05-05T04:35:19.649+0000] {dagbag.py:540} INFO - Filling up the DagBag from /home/airflow/.local/lib/python3.12/site-packages/airflow/example_dags/tutorial.py
[2024-05-05T04:35:20.791+0000] {processor.py:840} INFO - DAG(s) 'tutorial' retrieved from /home/airflow/.local/lib/python3.12/site-packages/airflow/example_dags/tutorial.py
[2024-05-05T04:35:24.362+0000] {logging_mixin.py:188} INFO - [2024-05-05T04:35:24.361+0000] {dag.py:3096} INFO - Sync 1 DAGs
[2024-05-05T04:35:24.756+0000] {logging_mixin.py:188} INFO - [2024-05-05T04:35:24.756+0000] {dag.py:3954} INFO - Setting next_dagrun for tutorial to 2024-05-04 00:00:00+00:00, run_after=2024-05-05 00:00:00+00:00
[2024-05-05T04:35:25.017+0000] {processor.py:183} INFO - Processing /home/airflow/.local/lib/python3.12/site-packages/airflow/example_dags/tutorial.py took 5.566 seconds
[2024-05-05T06:48:38.676+0000] {processor.py:161} INFO - Started process (PID=10111) to work on /home/airflow/.local/lib/python3.12/site-packages/airflow/example_dags/tutorial.py
[2024-05-05T06:48:38.696+0000] {processor.py:830} INFO - Processing file /home/airflow/.local/lib/python3.12/site-packages/airflow/example_dags/tutorial.py for tasks to queue
[2024-05-05T06:48:38.719+0000] {logging_mixin.py:188} INFO - [2024-05-05T06:48:38.708+0000] {dagbag.py:540} INFO - Filling up the DagBag from /home/airflow/.local/lib/python3.12/site-packages/airflow/example_dags/tutorial.py
[2024-05-05T06:48:39.067+0000] {processor.py:840} INFO - DAG(s) 'tutorial' retrieved from /home/airflow/.local/lib/python3.12/site-packages/airflow/example_dags/tutorial.py
[2024-05-05T06:48:39.966+0000] {logging_mixin.py:188} INFO - [2024-05-05T06:48:39.935+0000] {dag.py:3096} INFO - Sync 1 DAGs
[2024-05-05T06:48:41.121+0000] {logging_mixin.py:188} INFO - [2024-05-05T06:48:41.119+0000] {dag.py:3954} INFO - Setting next_dagrun for tutorial to 2024-05-04 00:00:00+00:00, run_after=2024-05-05 00:00:00+00:00
[2024-05-05T06:48:41.647+0000] {processor.py:183} INFO - Processing /home/airflow/.local/lib/python3.12/site-packages/airflow/example_dags/tutorial.py took 3.074 seconds
[2024-05-05T13:48:23.242+0000] {processor.py:161} INFO - Started process (PID=10280) to work on /home/airflow/.local/lib/python3.12/site-packages/airflow/example_dags/tutorial.py
[2024-05-05T13:48:23.304+0000] {processor.py:830} INFO - Processing file /home/airflow/.local/lib/python3.12/site-packages/airflow/example_dags/tutorial.py for tasks to queue
[2024-05-05T13:48:23.329+0000] {logging_mixin.py:188} INFO - [2024-05-05T13:48:23.326+0000] {dagbag.py:540} INFO - Filling up the DagBag from /home/airflow/.local/lib/python3.12/site-packages/airflow/example_dags/tutorial.py
[2024-05-05T13:48:23.608+0000] {processor.py:840} INFO - DAG(s) 'tutorial' retrieved from /home/airflow/.local/lib/python3.12/site-packages/airflow/example_dags/tutorial.py
[2024-05-05T14:20:05.557+0000] {logging_mixin.py:188} INFO - [2024-05-05T14:20:05.543+0000] {dag.py:3096} INFO - Sync 1 DAGs
[2024-05-05T14:20:05.985+0000] {logging_mixin.py:188} INFO - [2024-05-05T14:20:05.983+0000] {dag.py:3954} INFO - Setting next_dagrun for tutorial to 2024-05-04 00:00:00+00:00, run_after=2024-05-05 00:00:00+00:00
[2024-05-05T14:20:07.290+0000] {processor.py:183} INFO - Processing /home/airflow/.local/lib/python3.12/site-packages/airflow/example_dags/tutorial.py took 5.936 seconds
