[2024-05-05T00:00:31.978+0000] {processor.py:161} INFO - Started process (PID=7581) to work on /home/airflow/.local/lib/python3.12/site-packages/airflow/example_dags/tutorial_taskflow_api.py
[2024-05-05T00:00:31.981+0000] {processor.py:830} INFO - Processing file /home/airflow/.local/lib/python3.12/site-packages/airflow/example_dags/tutorial_taskflow_api.py for tasks to queue
[2024-05-05T00:00:31.988+0000] {logging_mixin.py:188} INFO - [2024-05-05T00:00:31.985+0000] {dagbag.py:540} INFO - Filling up the DagBag from /home/airflow/.local/lib/python3.12/site-packages/airflow/example_dags/tutorial_taskflow_api.py
[2024-05-05T00:00:32.030+0000] {processor.py:840} INFO - DAG(s) 'tutorial_taskflow_api' retrieved from /home/airflow/.local/lib/python3.12/site-packages/airflow/example_dags/tutorial_taskflow_api.py
[2024-05-05T00:00:32.088+0000] {logging_mixin.py:188} INFO - [2024-05-05T00:00:32.088+0000] {dag.py:3096} INFO - Sync 1 DAGs
[2024-05-05T00:00:32.111+0000] {logging_mixin.py:188} INFO - [2024-05-05T00:00:32.110+0000] {dag.py:3954} INFO - Setting next_dagrun for tutorial_taskflow_api to None, run_after=None
[2024-05-05T00:00:32.155+0000] {processor.py:183} INFO - Processing /home/airflow/.local/lib/python3.12/site-packages/airflow/example_dags/tutorial_taskflow_api.py took 0.205 seconds
[2024-05-05T00:01:04.212+0000] {processor.py:161} INFO - Started process (PID=7649) to work on /home/airflow/.local/lib/python3.12/site-packages/airflow/example_dags/tutorial_taskflow_api.py
[2024-05-05T00:01:04.219+0000] {processor.py:830} INFO - Processing file /home/airflow/.local/lib/python3.12/site-packages/airflow/example_dags/tutorial_taskflow_api.py for tasks to queue
[2024-05-05T00:01:04.222+0000] {logging_mixin.py:188} INFO - [2024-05-05T00:01:04.221+0000] {dagbag.py:540} INFO - Filling up the DagBag from /home/airflow/.local/lib/python3.12/site-packages/airflow/example_dags/tutorial_taskflow_api.py
[2024-05-05T00:01:04.241+0000] {processor.py:840} INFO - DAG(s) 'tutorial_taskflow_api' retrieved from /home/airflow/.local/lib/python3.12/site-packages/airflow/example_dags/tutorial_taskflow_api.py
[2024-05-05T00:01:04.293+0000] {logging_mixin.py:188} INFO - [2024-05-05T00:01:04.293+0000] {dag.py:3096} INFO - Sync 1 DAGs
[2024-05-05T00:01:04.331+0000] {logging_mixin.py:188} INFO - [2024-05-05T00:01:04.330+0000] {dag.py:3954} INFO - Setting next_dagrun for tutorial_taskflow_api to None, run_after=None
[2024-05-05T00:01:04.375+0000] {processor.py:183} INFO - Processing /home/airflow/.local/lib/python3.12/site-packages/airflow/example_dags/tutorial_taskflow_api.py took 0.189 seconds
[2024-05-05T00:32:34.954+0000] {processor.py:161} INFO - Started process (PID=7720) to work on /home/airflow/.local/lib/python3.12/site-packages/airflow/example_dags/tutorial_taskflow_api.py
[2024-05-05T00:32:35.010+0000] {processor.py:830} INFO - Processing file /home/airflow/.local/lib/python3.12/site-packages/airflow/example_dags/tutorial_taskflow_api.py for tasks to queue
[2024-05-05T00:32:35.058+0000] {logging_mixin.py:188} INFO - [2024-05-05T00:32:35.048+0000] {dagbag.py:540} INFO - Filling up the DagBag from /home/airflow/.local/lib/python3.12/site-packages/airflow/example_dags/tutorial_taskflow_api.py
[2024-05-05T00:32:35.326+0000] {processor.py:840} INFO - DAG(s) 'tutorial_taskflow_api' retrieved from /home/airflow/.local/lib/python3.12/site-packages/airflow/example_dags/tutorial_taskflow_api.py
[2024-05-05T00:32:35.898+0000] {logging_mixin.py:188} INFO - [2024-05-05T00:32:35.891+0000] {dag.py:3096} INFO - Sync 1 DAGs
[2024-05-05T00:32:36.310+0000] {logging_mixin.py:188} INFO - [2024-05-05T00:32:36.309+0000] {dag.py:3954} INFO - Setting next_dagrun for tutorial_taskflow_api to None, run_after=None
[2024-05-05T00:32:37.031+0000] {processor.py:183} INFO - Processing /home/airflow/.local/lib/python3.12/site-packages/airflow/example_dags/tutorial_taskflow_api.py took 2.237 seconds
[2024-05-05T00:51:00.216+0000] {processor.py:161} INFO - Started process (PID=7784) to work on /home/airflow/.local/lib/python3.12/site-packages/airflow/example_dags/tutorial_taskflow_api.py
[2024-05-05T00:51:00.219+0000] {processor.py:830} INFO - Processing file /home/airflow/.local/lib/python3.12/site-packages/airflow/example_dags/tutorial_taskflow_api.py for tasks to queue
[2024-05-05T00:51:00.224+0000] {logging_mixin.py:188} INFO - [2024-05-05T00:51:00.223+0000] {dagbag.py:540} INFO - Filling up the DagBag from /home/airflow/.local/lib/python3.12/site-packages/airflow/example_dags/tutorial_taskflow_api.py
[2024-05-05T00:51:00.262+0000] {processor.py:840} INFO - DAG(s) 'tutorial_taskflow_api' retrieved from /home/airflow/.local/lib/python3.12/site-packages/airflow/example_dags/tutorial_taskflow_api.py
[2024-05-05T00:51:00.417+0000] {logging_mixin.py:188} INFO - [2024-05-05T00:51:00.411+0000] {dag.py:3096} INFO - Sync 1 DAGs
[2024-05-05T00:51:00.490+0000] {logging_mixin.py:188} INFO - [2024-05-05T00:51:00.489+0000] {dag.py:3954} INFO - Setting next_dagrun for tutorial_taskflow_api to None, run_after=None
[2024-05-05T00:51:00.604+0000] {processor.py:183} INFO - Processing /home/airflow/.local/lib/python3.12/site-packages/airflow/example_dags/tutorial_taskflow_api.py took 0.415 seconds
[2024-05-05T00:53:16.547+0000] {processor.py:161} INFO - Started process (PID=7873) to work on /home/airflow/.local/lib/python3.12/site-packages/airflow/example_dags/tutorial_taskflow_api.py
[2024-05-05T00:53:16.556+0000] {processor.py:830} INFO - Processing file /home/airflow/.local/lib/python3.12/site-packages/airflow/example_dags/tutorial_taskflow_api.py for tasks to queue
[2024-05-05T00:53:16.564+0000] {logging_mixin.py:188} INFO - [2024-05-05T00:53:16.561+0000] {dagbag.py:540} INFO - Filling up the DagBag from /home/airflow/.local/lib/python3.12/site-packages/airflow/example_dags/tutorial_taskflow_api.py
[2024-05-05T00:53:16.609+0000] {processor.py:840} INFO - DAG(s) 'tutorial_taskflow_api' retrieved from /home/airflow/.local/lib/python3.12/site-packages/airflow/example_dags/tutorial_taskflow_api.py
[2024-05-05T00:53:16.717+0000] {logging_mixin.py:188} INFO - [2024-05-05T00:53:16.717+0000] {dag.py:3096} INFO - Sync 1 DAGs
[2024-05-05T00:53:16.815+0000] {logging_mixin.py:188} INFO - [2024-05-05T00:53:16.814+0000] {dag.py:3954} INFO - Setting next_dagrun for tutorial_taskflow_api to None, run_after=None
[2024-05-05T00:53:16.941+0000] {processor.py:183} INFO - Processing /home/airflow/.local/lib/python3.12/site-packages/airflow/example_dags/tutorial_taskflow_api.py took 0.438 seconds
[2024-05-05T01:11:07.620+0000] {processor.py:161} INFO - Started process (PID=7951) to work on /home/airflow/.local/lib/python3.12/site-packages/airflow/example_dags/tutorial_taskflow_api.py
[2024-05-05T01:11:07.625+0000] {processor.py:830} INFO - Processing file /home/airflow/.local/lib/python3.12/site-packages/airflow/example_dags/tutorial_taskflow_api.py for tasks to queue
[2024-05-05T01:11:07.635+0000] {logging_mixin.py:188} INFO - [2024-05-05T01:11:07.632+0000] {dagbag.py:540} INFO - Filling up the DagBag from /home/airflow/.local/lib/python3.12/site-packages/airflow/example_dags/tutorial_taskflow_api.py
[2024-05-05T01:11:07.681+0000] {processor.py:840} INFO - DAG(s) 'tutorial_taskflow_api' retrieved from /home/airflow/.local/lib/python3.12/site-packages/airflow/example_dags/tutorial_taskflow_api.py
[2024-05-05T01:11:07.792+0000] {logging_mixin.py:188} INFO - [2024-05-05T01:11:07.792+0000] {dag.py:3096} INFO - Sync 1 DAGs
[2024-05-05T01:11:07.863+0000] {logging_mixin.py:188} INFO - [2024-05-05T01:11:07.863+0000] {dag.py:3954} INFO - Setting next_dagrun for tutorial_taskflow_api to None, run_after=None
[2024-05-05T01:11:07.956+0000] {processor.py:183} INFO - Processing /home/airflow/.local/lib/python3.12/site-packages/airflow/example_dags/tutorial_taskflow_api.py took 0.388 seconds
[2024-05-05T01:45:04.894+0000] {processor.py:161} INFO - Started process (PID=7997) to work on /home/airflow/.local/lib/python3.12/site-packages/airflow/example_dags/tutorial_taskflow_api.py
[2024-05-05T01:45:04.904+0000] {processor.py:830} INFO - Processing file /home/airflow/.local/lib/python3.12/site-packages/airflow/example_dags/tutorial_taskflow_api.py for tasks to queue
[2024-05-05T01:45:04.925+0000] {logging_mixin.py:188} INFO - [2024-05-05T01:45:04.919+0000] {dagbag.py:540} INFO - Filling up the DagBag from /home/airflow/.local/lib/python3.12/site-packages/airflow/example_dags/tutorial_taskflow_api.py
[2024-05-05T01:45:04.968+0000] {processor.py:840} INFO - DAG(s) 'tutorial_taskflow_api' retrieved from /home/airflow/.local/lib/python3.12/site-packages/airflow/example_dags/tutorial_taskflow_api.py
[2024-05-05T01:45:05.062+0000] {logging_mixin.py:188} INFO - [2024-05-05T01:45:05.059+0000] {dag.py:3096} INFO - Sync 1 DAGs
[2024-05-05T01:45:05.153+0000] {logging_mixin.py:188} INFO - [2024-05-05T01:45:05.153+0000] {dag.py:3954} INFO - Setting next_dagrun for tutorial_taskflow_api to None, run_after=None
[2024-05-05T01:45:05.239+0000] {processor.py:183} INFO - Processing /home/airflow/.local/lib/python3.12/site-packages/airflow/example_dags/tutorial_taskflow_api.py took 0.398 seconds
[2024-05-05T02:03:02.495+0000] {processor.py:161} INFO - Started process (PID=8061) to work on /home/airflow/.local/lib/python3.12/site-packages/airflow/example_dags/tutorial_taskflow_api.py
[2024-05-05T02:03:02.500+0000] {processor.py:830} INFO - Processing file /home/airflow/.local/lib/python3.12/site-packages/airflow/example_dags/tutorial_taskflow_api.py for tasks to queue
[2024-05-05T02:03:02.511+0000] {logging_mixin.py:188} INFO - [2024-05-05T02:03:02.507+0000] {dagbag.py:540} INFO - Filling up the DagBag from /home/airflow/.local/lib/python3.12/site-packages/airflow/example_dags/tutorial_taskflow_api.py
[2024-05-05T02:03:02.552+0000] {processor.py:840} INFO - DAG(s) 'tutorial_taskflow_api' retrieved from /home/airflow/.local/lib/python3.12/site-packages/airflow/example_dags/tutorial_taskflow_api.py
[2024-05-05T02:03:02.673+0000] {logging_mixin.py:188} INFO - [2024-05-05T02:03:02.672+0000] {dag.py:3096} INFO - Sync 1 DAGs
[2024-05-05T02:03:02.752+0000] {logging_mixin.py:188} INFO - [2024-05-05T02:03:02.752+0000] {dag.py:3954} INFO - Setting next_dagrun for tutorial_taskflow_api to None, run_after=None
[2024-05-05T02:03:02.848+0000] {processor.py:183} INFO - Processing /home/airflow/.local/lib/python3.12/site-packages/airflow/example_dags/tutorial_taskflow_api.py took 0.390 seconds
[2024-05-05T02:04:28.585+0000] {processor.py:161} INFO - Started process (PID=8149) to work on /home/airflow/.local/lib/python3.12/site-packages/airflow/example_dags/tutorial_taskflow_api.py
[2024-05-05T02:04:28.612+0000] {processor.py:830} INFO - Processing file /home/airflow/.local/lib/python3.12/site-packages/airflow/example_dags/tutorial_taskflow_api.py for tasks to queue
[2024-05-05T02:04:28.634+0000] {logging_mixin.py:188} INFO - [2024-05-05T02:04:28.632+0000] {dagbag.py:540} INFO - Filling up the DagBag from /home/airflow/.local/lib/python3.12/site-packages/airflow/example_dags/tutorial_taskflow_api.py
[2024-05-05T02:04:28.785+0000] {processor.py:840} INFO - DAG(s) 'tutorial_taskflow_api' retrieved from /home/airflow/.local/lib/python3.12/site-packages/airflow/example_dags/tutorial_taskflow_api.py
[2024-05-05T02:04:29.194+0000] {logging_mixin.py:188} INFO - [2024-05-05T02:04:29.192+0000] {dag.py:3096} INFO - Sync 1 DAGs
[2024-05-05T02:04:29.582+0000] {logging_mixin.py:188} INFO - [2024-05-05T02:04:29.581+0000] {dag.py:3954} INFO - Setting next_dagrun for tutorial_taskflow_api to None, run_after=None
[2024-05-05T02:04:29.987+0000] {processor.py:183} INFO - Processing /home/airflow/.local/lib/python3.12/site-packages/airflow/example_dags/tutorial_taskflow_api.py took 1.535 seconds
[2024-05-05T02:05:00.543+0000] {processor.py:161} INFO - Started process (PID=8209) to work on /home/airflow/.local/lib/python3.12/site-packages/airflow/example_dags/tutorial_taskflow_api.py
[2024-05-05T02:05:00.562+0000] {processor.py:830} INFO - Processing file /home/airflow/.local/lib/python3.12/site-packages/airflow/example_dags/tutorial_taskflow_api.py for tasks to queue
[2024-05-05T02:05:00.584+0000] {logging_mixin.py:188} INFO - [2024-05-05T02:05:00.581+0000] {dagbag.py:540} INFO - Filling up the DagBag from /home/airflow/.local/lib/python3.12/site-packages/airflow/example_dags/tutorial_taskflow_api.py
[2024-05-05T02:05:00.768+0000] {processor.py:840} INFO - DAG(s) 'tutorial_taskflow_api' retrieved from /home/airflow/.local/lib/python3.12/site-packages/airflow/example_dags/tutorial_taskflow_api.py
[2024-05-05T02:05:00.971+0000] {logging_mixin.py:188} INFO - [2024-05-05T02:05:00.970+0000] {dag.py:3096} INFO - Sync 1 DAGs
[2024-05-05T02:05:01.074+0000] {logging_mixin.py:188} INFO - [2024-05-05T02:05:01.072+0000] {dag.py:3954} INFO - Setting next_dagrun for tutorial_taskflow_api to None, run_after=None
[2024-05-05T03:14:44.630+0000] {processor.py:183} INFO - Processing /home/airflow/.local/lib/python3.12/site-packages/airflow/example_dags/tutorial_taskflow_api.py took 0.756 seconds
[2024-05-05T03:15:30.647+0000] {processor.py:161} INFO - Started process (PID=8283) to work on /home/airflow/.local/lib/python3.12/site-packages/airflow/example_dags/tutorial_taskflow_api.py
[2024-05-05T03:15:30.650+0000] {processor.py:830} INFO - Processing file /home/airflow/.local/lib/python3.12/site-packages/airflow/example_dags/tutorial_taskflow_api.py for tasks to queue
[2024-05-05T03:15:30.653+0000] {logging_mixin.py:188} INFO - [2024-05-05T03:15:30.652+0000] {dagbag.py:540} INFO - Filling up the DagBag from /home/airflow/.local/lib/python3.12/site-packages/airflow/example_dags/tutorial_taskflow_api.py
[2024-05-05T03:15:30.665+0000] {processor.py:840} INFO - DAG(s) 'tutorial_taskflow_api' retrieved from /home/airflow/.local/lib/python3.12/site-packages/airflow/example_dags/tutorial_taskflow_api.py
[2024-05-05T03:15:30.890+0000] {logging_mixin.py:188} INFO - [2024-05-05T03:15:30.890+0000] {dag.py:3096} INFO - Sync 1 DAGs
[2024-05-05T03:15:30.928+0000] {logging_mixin.py:188} INFO - [2024-05-05T03:15:30.928+0000] {dag.py:3954} INFO - Setting next_dagrun for tutorial_taskflow_api to None, run_after=None
[2024-05-05T03:15:30.976+0000] {processor.py:183} INFO - Processing /home/airflow/.local/lib/python3.12/site-packages/airflow/example_dags/tutorial_taskflow_api.py took 0.339 seconds
[2024-05-05T04:00:06.086+0000] {processor.py:161} INFO - Started process (PID=8335) to work on /home/airflow/.local/lib/python3.12/site-packages/airflow/example_dags/tutorial_taskflow_api.py
[2024-05-05T04:00:06.089+0000] {processor.py:830} INFO - Processing file /home/airflow/.local/lib/python3.12/site-packages/airflow/example_dags/tutorial_taskflow_api.py for tasks to queue
[2024-05-05T04:00:06.091+0000] {logging_mixin.py:188} INFO - [2024-05-05T04:00:06.091+0000] {dagbag.py:540} INFO - Filling up the DagBag from /home/airflow/.local/lib/python3.12/site-packages/airflow/example_dags/tutorial_taskflow_api.py
[2024-05-05T04:00:06.108+0000] {processor.py:840} INFO - DAG(s) 'tutorial_taskflow_api' retrieved from /home/airflow/.local/lib/python3.12/site-packages/airflow/example_dags/tutorial_taskflow_api.py
[2024-05-05T04:00:06.207+0000] {logging_mixin.py:188} INFO - [2024-05-05T04:00:06.206+0000] {dag.py:3096} INFO - Sync 1 DAGs
[2024-05-05T04:00:06.270+0000] {logging_mixin.py:188} INFO - [2024-05-05T04:00:06.269+0000] {dag.py:3954} INFO - Setting next_dagrun for tutorial_taskflow_api to None, run_after=None
[2024-05-05T04:00:06.368+0000] {processor.py:183} INFO - Processing /home/airflow/.local/lib/python3.12/site-packages/airflow/example_dags/tutorial_taskflow_api.py took 0.309 seconds
[2024-05-05T04:00:45.090+0000] {processor.py:161} INFO - Started process (PID=8393) to work on /home/airflow/.local/lib/python3.12/site-packages/airflow/example_dags/tutorial_taskflow_api.py
[2024-05-05T04:00:45.111+0000] {processor.py:830} INFO - Processing file /home/airflow/.local/lib/python3.12/site-packages/airflow/example_dags/tutorial_taskflow_api.py for tasks to queue
[2024-05-05T04:00:45.134+0000] {logging_mixin.py:188} INFO - [2024-05-05T04:00:45.131+0000] {dagbag.py:540} INFO - Filling up the DagBag from /home/airflow/.local/lib/python3.12/site-packages/airflow/example_dags/tutorial_taskflow_api.py
[2024-05-05T04:00:45.202+0000] {processor.py:840} INFO - DAG(s) 'tutorial_taskflow_api' retrieved from /home/airflow/.local/lib/python3.12/site-packages/airflow/example_dags/tutorial_taskflow_api.py
[2024-05-05T04:00:45.427+0000] {logging_mixin.py:188} INFO - [2024-05-05T04:00:45.425+0000] {dag.py:3096} INFO - Sync 1 DAGs
[2024-05-05T04:00:45.601+0000] {logging_mixin.py:188} INFO - [2024-05-05T04:00:45.600+0000] {dag.py:3954} INFO - Setting next_dagrun for tutorial_taskflow_api to None, run_after=None
[2024-05-05T04:00:45.739+0000] {processor.py:183} INFO - Processing /home/airflow/.local/lib/python3.12/site-packages/airflow/example_dags/tutorial_taskflow_api.py took 0.711 seconds
[2024-05-05T04:01:45.343+0000] {processor.py:161} INFO - Started process (PID=8459) to work on /home/airflow/.local/lib/python3.12/site-packages/airflow/example_dags/tutorial_taskflow_api.py
[2024-05-05T04:01:45.366+0000] {processor.py:830} INFO - Processing file /home/airflow/.local/lib/python3.12/site-packages/airflow/example_dags/tutorial_taskflow_api.py for tasks to queue
[2024-05-05T04:01:45.386+0000] {logging_mixin.py:188} INFO - [2024-05-05T04:01:45.380+0000] {dagbag.py:540} INFO - Filling up the DagBag from /home/airflow/.local/lib/python3.12/site-packages/airflow/example_dags/tutorial_taskflow_api.py
[2024-05-05T04:01:45.571+0000] {processor.py:840} INFO - DAG(s) 'tutorial_taskflow_api' retrieved from /home/airflow/.local/lib/python3.12/site-packages/airflow/example_dags/tutorial_taskflow_api.py
[2024-05-05T04:01:45.909+0000] {logging_mixin.py:188} INFO - [2024-05-05T04:01:45.907+0000] {dag.py:3096} INFO - Sync 1 DAGs
[2024-05-05T04:01:46.242+0000] {logging_mixin.py:188} INFO - [2024-05-05T04:01:46.231+0000] {dag.py:3954} INFO - Setting next_dagrun for tutorial_taskflow_api to None, run_after=None
[2024-05-05T04:01:46.881+0000] {processor.py:183} INFO - Processing /home/airflow/.local/lib/python3.12/site-packages/airflow/example_dags/tutorial_taskflow_api.py took 1.703 seconds
[2024-05-05T04:02:19.370+0000] {processor.py:161} INFO - Started process (PID=8517) to work on /home/airflow/.local/lib/python3.12/site-packages/airflow/example_dags/tutorial_taskflow_api.py
[2024-05-05T04:02:19.382+0000] {processor.py:830} INFO - Processing file /home/airflow/.local/lib/python3.12/site-packages/airflow/example_dags/tutorial_taskflow_api.py for tasks to queue
[2024-05-05T04:02:19.395+0000] {logging_mixin.py:188} INFO - [2024-05-05T04:02:19.387+0000] {dagbag.py:540} INFO - Filling up the DagBag from /home/airflow/.local/lib/python3.12/site-packages/airflow/example_dags/tutorial_taskflow_api.py
[2024-05-05T04:02:19.543+0000] {processor.py:840} INFO - DAG(s) 'tutorial_taskflow_api' retrieved from /home/airflow/.local/lib/python3.12/site-packages/airflow/example_dags/tutorial_taskflow_api.py
[2024-05-05T04:02:20.014+0000] {logging_mixin.py:188} INFO - [2024-05-05T04:02:20.007+0000] {dag.py:3096} INFO - Sync 1 DAGs
[2024-05-05T04:02:20.330+0000] {logging_mixin.py:188} INFO - [2024-05-05T04:02:20.329+0000] {dag.py:3954} INFO - Setting next_dagrun for tutorial_taskflow_api to None, run_after=None
[2024-05-05T04:02:20.706+0000] {processor.py:183} INFO - Processing /home/airflow/.local/lib/python3.12/site-packages/airflow/example_dags/tutorial_taskflow_api.py took 1.464 seconds
[2024-05-05T04:02:51.453+0000] {processor.py:161} INFO - Started process (PID=8573) to work on /home/airflow/.local/lib/python3.12/site-packages/airflow/example_dags/tutorial_taskflow_api.py
[2024-05-05T04:02:51.468+0000] {processor.py:830} INFO - Processing file /home/airflow/.local/lib/python3.12/site-packages/airflow/example_dags/tutorial_taskflow_api.py for tasks to queue
[2024-05-05T04:02:51.489+0000] {logging_mixin.py:188} INFO - [2024-05-05T04:02:51.486+0000] {dagbag.py:540} INFO - Filling up the DagBag from /home/airflow/.local/lib/python3.12/site-packages/airflow/example_dags/tutorial_taskflow_api.py
[2024-05-05T04:02:51.538+0000] {processor.py:840} INFO - DAG(s) 'tutorial_taskflow_api' retrieved from /home/airflow/.local/lib/python3.12/site-packages/airflow/example_dags/tutorial_taskflow_api.py
[2024-05-05T04:02:51.654+0000] {logging_mixin.py:188} INFO - [2024-05-05T04:02:51.652+0000] {dag.py:3096} INFO - Sync 1 DAGs
[2024-05-05T04:02:51.768+0000] {logging_mixin.py:188} INFO - [2024-05-05T04:02:51.767+0000] {dag.py:3954} INFO - Setting next_dagrun for tutorial_taskflow_api to None, run_after=None
[2024-05-05T04:02:51.873+0000] {processor.py:183} INFO - Processing /home/airflow/.local/lib/python3.12/site-packages/airflow/example_dags/tutorial_taskflow_api.py took 0.499 seconds
[2024-05-05T04:03:29.511+0000] {processor.py:161} INFO - Started process (PID=8631) to work on /home/airflow/.local/lib/python3.12/site-packages/airflow/example_dags/tutorial_taskflow_api.py
[2024-05-05T04:03:29.525+0000] {processor.py:830} INFO - Processing file /home/airflow/.local/lib/python3.12/site-packages/airflow/example_dags/tutorial_taskflow_api.py for tasks to queue
[2024-05-05T04:03:29.543+0000] {logging_mixin.py:188} INFO - [2024-05-05T04:03:29.541+0000] {dagbag.py:540} INFO - Filling up the DagBag from /home/airflow/.local/lib/python3.12/site-packages/airflow/example_dags/tutorial_taskflow_api.py
[2024-05-05T04:03:29.649+0000] {processor.py:840} INFO - DAG(s) 'tutorial_taskflow_api' retrieved from /home/airflow/.local/lib/python3.12/site-packages/airflow/example_dags/tutorial_taskflow_api.py
[2024-05-05T04:03:29.969+0000] {logging_mixin.py:188} INFO - [2024-05-05T04:03:29.968+0000] {dag.py:3096} INFO - Sync 1 DAGs
[2024-05-05T04:03:30.149+0000] {logging_mixin.py:188} INFO - [2024-05-05T04:03:30.148+0000] {dag.py:3954} INFO - Setting next_dagrun for tutorial_taskflow_api to None, run_after=None
[2024-05-05T04:03:30.760+0000] {processor.py:183} INFO - Processing /home/airflow/.local/lib/python3.12/site-packages/airflow/example_dags/tutorial_taskflow_api.py took 1.347 seconds
[2024-05-05T04:04:06.405+0000] {processor.py:161} INFO - Started process (PID=8682) to work on /home/airflow/.local/lib/python3.12/site-packages/airflow/example_dags/tutorial_taskflow_api.py
[2024-05-05T04:04:06.418+0000] {processor.py:830} INFO - Processing file /home/airflow/.local/lib/python3.12/site-packages/airflow/example_dags/tutorial_taskflow_api.py for tasks to queue
[2024-05-05T04:04:06.438+0000] {logging_mixin.py:188} INFO - [2024-05-05T04:04:06.436+0000] {dagbag.py:540} INFO - Filling up the DagBag from /home/airflow/.local/lib/python3.12/site-packages/airflow/example_dags/tutorial_taskflow_api.py
[2024-05-05T04:04:06.514+0000] {processor.py:840} INFO - DAG(s) 'tutorial_taskflow_api' retrieved from /home/airflow/.local/lib/python3.12/site-packages/airflow/example_dags/tutorial_taskflow_api.py
[2024-05-05T04:04:06.671+0000] {logging_mixin.py:188} INFO - [2024-05-05T04:04:06.670+0000] {dag.py:3096} INFO - Sync 1 DAGs
[2024-05-05T04:04:06.735+0000] {logging_mixin.py:188} INFO - [2024-05-05T04:04:06.734+0000] {dag.py:3954} INFO - Setting next_dagrun for tutorial_taskflow_api to None, run_after=None
[2024-05-05T04:04:06.840+0000] {processor.py:183} INFO - Processing /home/airflow/.local/lib/python3.12/site-packages/airflow/example_dags/tutorial_taskflow_api.py took 0.468 seconds
[2024-05-05T04:04:46.078+0000] {processor.py:161} INFO - Started process (PID=8746) to work on /home/airflow/.local/lib/python3.12/site-packages/airflow/example_dags/tutorial_taskflow_api.py
[2024-05-05T04:04:46.085+0000] {processor.py:830} INFO - Processing file /home/airflow/.local/lib/python3.12/site-packages/airflow/example_dags/tutorial_taskflow_api.py for tasks to queue
[2024-05-05T04:04:46.115+0000] {logging_mixin.py:188} INFO - [2024-05-05T04:04:46.112+0000] {dagbag.py:540} INFO - Filling up the DagBag from /home/airflow/.local/lib/python3.12/site-packages/airflow/example_dags/tutorial_taskflow_api.py
[2024-05-05T04:04:46.248+0000] {processor.py:840} INFO - DAG(s) 'tutorial_taskflow_api' retrieved from /home/airflow/.local/lib/python3.12/site-packages/airflow/example_dags/tutorial_taskflow_api.py
[2024-05-05T04:04:46.526+0000] {logging_mixin.py:188} INFO - [2024-05-05T04:04:46.521+0000] {dag.py:3096} INFO - Sync 1 DAGs
[2024-05-05T04:04:46.774+0000] {logging_mixin.py:188} INFO - [2024-05-05T04:04:46.773+0000] {dag.py:3954} INFO - Setting next_dagrun for tutorial_taskflow_api to None, run_after=None
[2024-05-05T04:04:47.235+0000] {processor.py:183} INFO - Processing /home/airflow/.local/lib/python3.12/site-packages/airflow/example_dags/tutorial_taskflow_api.py took 1.194 seconds
[2024-05-05T04:05:27.943+0000] {processor.py:161} INFO - Started process (PID=8802) to work on /home/airflow/.local/lib/python3.12/site-packages/airflow/example_dags/tutorial_taskflow_api.py
[2024-05-05T04:05:27.961+0000] {processor.py:830} INFO - Processing file /home/airflow/.local/lib/python3.12/site-packages/airflow/example_dags/tutorial_taskflow_api.py for tasks to queue
[2024-05-05T04:05:27.969+0000] {logging_mixin.py:188} INFO - [2024-05-05T04:05:27.967+0000] {dagbag.py:540} INFO - Filling up the DagBag from /home/airflow/.local/lib/python3.12/site-packages/airflow/example_dags/tutorial_taskflow_api.py
[2024-05-05T04:05:28.067+0000] {processor.py:840} INFO - DAG(s) 'tutorial_taskflow_api' retrieved from /home/airflow/.local/lib/python3.12/site-packages/airflow/example_dags/tutorial_taskflow_api.py
[2024-05-05T04:05:28.377+0000] {logging_mixin.py:188} INFO - [2024-05-05T04:05:28.376+0000] {dag.py:3096} INFO - Sync 1 DAGs
[2024-05-05T04:05:28.670+0000] {logging_mixin.py:188} INFO - [2024-05-05T04:05:28.669+0000] {dag.py:3954} INFO - Setting next_dagrun for tutorial_taskflow_api to None, run_after=None
[2024-05-05T04:05:28.966+0000] {processor.py:183} INFO - Processing /home/airflow/.local/lib/python3.12/site-packages/airflow/example_dags/tutorial_taskflow_api.py took 1.095 seconds
[2024-05-05T04:06:43.631+0000] {processor.py:161} INFO - Started process (PID=8866) to work on /home/airflow/.local/lib/python3.12/site-packages/airflow/example_dags/tutorial_taskflow_api.py
[2024-05-05T04:06:43.655+0000] {processor.py:830} INFO - Processing file /home/airflow/.local/lib/python3.12/site-packages/airflow/example_dags/tutorial_taskflow_api.py for tasks to queue
[2024-05-05T04:06:43.670+0000] {logging_mixin.py:188} INFO - [2024-05-05T04:06:43.664+0000] {dagbag.py:540} INFO - Filling up the DagBag from /home/airflow/.local/lib/python3.12/site-packages/airflow/example_dags/tutorial_taskflow_api.py
[2024-05-05T04:06:43.894+0000] {processor.py:840} INFO - DAG(s) 'tutorial_taskflow_api' retrieved from /home/airflow/.local/lib/python3.12/site-packages/airflow/example_dags/tutorial_taskflow_api.py
[2024-05-05T04:06:44.633+0000] {logging_mixin.py:188} INFO - [2024-05-05T04:06:44.618+0000] {dag.py:3096} INFO - Sync 1 DAGs
[2024-05-05T04:06:45.229+0000] {logging_mixin.py:188} INFO - [2024-05-05T04:06:45.221+0000] {dag.py:3954} INFO - Setting next_dagrun for tutorial_taskflow_api to None, run_after=None
[2024-05-05T04:06:45.760+0000] {processor.py:183} INFO - Processing /home/airflow/.local/lib/python3.12/site-packages/airflow/example_dags/tutorial_taskflow_api.py took 2.359 seconds
[2024-05-05T04:09:08.314+0000] {processor.py:161} INFO - Started process (PID=8964) to work on /home/airflow/.local/lib/python3.12/site-packages/airflow/example_dags/tutorial_taskflow_api.py
[2024-05-05T04:09:08.383+0000] {processor.py:830} INFO - Processing file /home/airflow/.local/lib/python3.12/site-packages/airflow/example_dags/tutorial_taskflow_api.py for tasks to queue
[2024-05-05T04:09:08.442+0000] {logging_mixin.py:188} INFO - [2024-05-05T04:09:08.424+0000] {dagbag.py:540} INFO - Filling up the DagBag from /home/airflow/.local/lib/python3.12/site-packages/airflow/example_dags/tutorial_taskflow_api.py
[2024-05-05T04:09:08.791+0000] {processor.py:840} INFO - DAG(s) 'tutorial_taskflow_api' retrieved from /home/airflow/.local/lib/python3.12/site-packages/airflow/example_dags/tutorial_taskflow_api.py
[2024-05-05T04:09:09.428+0000] {logging_mixin.py:188} INFO - [2024-05-05T04:09:09.419+0000] {dag.py:3096} INFO - Sync 1 DAGs
[2024-05-05T04:09:09.815+0000] {logging_mixin.py:188} INFO - [2024-05-05T04:09:09.814+0000] {dag.py:3954} INFO - Setting next_dagrun for tutorial_taskflow_api to None, run_after=None
[2024-05-05T04:09:10.667+0000] {processor.py:183} INFO - Processing /home/airflow/.local/lib/python3.12/site-packages/airflow/example_dags/tutorial_taskflow_api.py took 2.823 seconds
[2024-05-05T04:11:36.686+0000] {processor.py:161} INFO - Started process (PID=9058) to work on /home/airflow/.local/lib/python3.12/site-packages/airflow/example_dags/tutorial_taskflow_api.py
[2024-05-05T04:11:36.889+0000] {processor.py:830} INFO - Processing file /home/airflow/.local/lib/python3.12/site-packages/airflow/example_dags/tutorial_taskflow_api.py for tasks to queue
[2024-05-05T04:11:37.052+0000] {logging_mixin.py:188} INFO - [2024-05-05T04:11:36.999+0000] {dagbag.py:540} INFO - Filling up the DagBag from /home/airflow/.local/lib/python3.12/site-packages/airflow/example_dags/tutorial_taskflow_api.py
[2024-05-05T04:11:37.527+0000] {processor.py:840} INFO - DAG(s) 'tutorial_taskflow_api' retrieved from /home/airflow/.local/lib/python3.12/site-packages/airflow/example_dags/tutorial_taskflow_api.py
[2024-05-05T04:11:38.265+0000] {logging_mixin.py:188} INFO - [2024-05-05T04:11:38.263+0000] {dag.py:3096} INFO - Sync 1 DAGs
[2024-05-05T04:11:38.978+0000] {logging_mixin.py:188} INFO - [2024-05-05T04:11:38.977+0000] {dag.py:3954} INFO - Setting next_dagrun for tutorial_taskflow_api to None, run_after=None
[2024-05-05T04:11:39.569+0000] {processor.py:183} INFO - Processing /home/airflow/.local/lib/python3.12/site-packages/airflow/example_dags/tutorial_taskflow_api.py took 3.458 seconds
[2024-05-05T04:14:10.227+0000] {processor.py:161} INFO - Started process (PID=9161) to work on /home/airflow/.local/lib/python3.12/site-packages/airflow/example_dags/tutorial_taskflow_api.py
[2024-05-05T04:14:10.270+0000] {processor.py:830} INFO - Processing file /home/airflow/.local/lib/python3.12/site-packages/airflow/example_dags/tutorial_taskflow_api.py for tasks to queue
[2024-05-05T04:14:10.315+0000] {logging_mixin.py:188} INFO - [2024-05-05T04:14:10.286+0000] {dagbag.py:540} INFO - Filling up the DagBag from /home/airflow/.local/lib/python3.12/site-packages/airflow/example_dags/tutorial_taskflow_api.py
[2024-05-05T04:14:10.931+0000] {processor.py:840} INFO - DAG(s) 'tutorial_taskflow_api' retrieved from /home/airflow/.local/lib/python3.12/site-packages/airflow/example_dags/tutorial_taskflow_api.py
[2024-05-05T04:14:11.491+0000] {logging_mixin.py:188} INFO - [2024-05-05T04:14:11.488+0000] {dag.py:3096} INFO - Sync 1 DAGs
[2024-05-05T04:14:12.105+0000] {logging_mixin.py:188} INFO - [2024-05-05T04:14:12.088+0000] {dag.py:3954} INFO - Setting next_dagrun for tutorial_taskflow_api to None, run_after=None
[2024-05-05T04:14:12.612+0000] {processor.py:183} INFO - Processing /home/airflow/.local/lib/python3.12/site-packages/airflow/example_dags/tutorial_taskflow_api.py took 2.994 seconds
[2024-05-05T04:16:40.754+0000] {processor.py:161} INFO - Started process (PID=9263) to work on /home/airflow/.local/lib/python3.12/site-packages/airflow/example_dags/tutorial_taskflow_api.py
[2024-05-05T04:16:40.790+0000] {processor.py:830} INFO - Processing file /home/airflow/.local/lib/python3.12/site-packages/airflow/example_dags/tutorial_taskflow_api.py for tasks to queue
[2024-05-05T04:16:40.831+0000] {logging_mixin.py:188} INFO - [2024-05-05T04:16:40.817+0000] {dagbag.py:540} INFO - Filling up the DagBag from /home/airflow/.local/lib/python3.12/site-packages/airflow/example_dags/tutorial_taskflow_api.py
[2024-05-05T04:16:41.054+0000] {processor.py:840} INFO - DAG(s) 'tutorial_taskflow_api' retrieved from /home/airflow/.local/lib/python3.12/site-packages/airflow/example_dags/tutorial_taskflow_api.py
[2024-05-05T04:16:41.756+0000] {logging_mixin.py:188} INFO - [2024-05-05T04:16:41.722+0000] {dag.py:3096} INFO - Sync 1 DAGs
[2024-05-05T04:16:42.113+0000] {logging_mixin.py:188} INFO - [2024-05-05T04:16:42.112+0000] {dag.py:3954} INFO - Setting next_dagrun for tutorial_taskflow_api to None, run_after=None
[2024-05-05T04:16:42.566+0000] {processor.py:183} INFO - Processing /home/airflow/.local/lib/python3.12/site-packages/airflow/example_dags/tutorial_taskflow_api.py took 2.141 seconds
[2024-05-05T04:19:11.065+0000] {processor.py:161} INFO - Started process (PID=9360) to work on /home/airflow/.local/lib/python3.12/site-packages/airflow/example_dags/tutorial_taskflow_api.py
[2024-05-05T04:19:11.090+0000] {processor.py:830} INFO - Processing file /home/airflow/.local/lib/python3.12/site-packages/airflow/example_dags/tutorial_taskflow_api.py for tasks to queue
[2024-05-05T04:19:11.119+0000] {logging_mixin.py:188} INFO - [2024-05-05T04:19:11.109+0000] {dagbag.py:540} INFO - Filling up the DagBag from /home/airflow/.local/lib/python3.12/site-packages/airflow/example_dags/tutorial_taskflow_api.py
[2024-05-05T04:19:11.361+0000] {processor.py:840} INFO - DAG(s) 'tutorial_taskflow_api' retrieved from /home/airflow/.local/lib/python3.12/site-packages/airflow/example_dags/tutorial_taskflow_api.py
[2024-05-05T04:19:12.075+0000] {logging_mixin.py:188} INFO - [2024-05-05T04:19:12.060+0000] {dag.py:3096} INFO - Sync 1 DAGs
[2024-05-05T04:19:12.616+0000] {logging_mixin.py:188} INFO - [2024-05-05T04:19:12.615+0000] {dag.py:3954} INFO - Setting next_dagrun for tutorial_taskflow_api to None, run_after=None
[2024-05-05T04:19:13.087+0000] {processor.py:183} INFO - Processing /home/airflow/.local/lib/python3.12/site-packages/airflow/example_dags/tutorial_taskflow_api.py took 2.356 seconds
[2024-05-05T04:21:38.257+0000] {processor.py:161} INFO - Started process (PID=9459) to work on /home/airflow/.local/lib/python3.12/site-packages/airflow/example_dags/tutorial_taskflow_api.py
[2024-05-05T04:21:38.337+0000] {processor.py:830} INFO - Processing file /home/airflow/.local/lib/python3.12/site-packages/airflow/example_dags/tutorial_taskflow_api.py for tasks to queue
[2024-05-05T04:21:38.480+0000] {logging_mixin.py:188} INFO - [2024-05-05T04:21:38.359+0000] {dagbag.py:540} INFO - Filling up the DagBag from /home/airflow/.local/lib/python3.12/site-packages/airflow/example_dags/tutorial_taskflow_api.py
[2024-05-05T04:21:38.945+0000] {processor.py:840} INFO - DAG(s) 'tutorial_taskflow_api' retrieved from /home/airflow/.local/lib/python3.12/site-packages/airflow/example_dags/tutorial_taskflow_api.py
[2024-05-05T04:21:40.171+0000] {logging_mixin.py:188} INFO - [2024-05-05T04:21:40.170+0000] {dag.py:3096} INFO - Sync 1 DAGs
[2024-05-05T04:21:41.092+0000] {logging_mixin.py:188} INFO - [2024-05-05T04:21:41.090+0000] {dag.py:3954} INFO - Setting next_dagrun for tutorial_taskflow_api to None, run_after=None
[2024-05-05T04:21:41.495+0000] {processor.py:183} INFO - Processing /home/airflow/.local/lib/python3.12/site-packages/airflow/example_dags/tutorial_taskflow_api.py took 3.800 seconds
[2024-05-05T04:24:17.379+0000] {processor.py:161} INFO - Started process (PID=9564) to work on /home/airflow/.local/lib/python3.12/site-packages/airflow/example_dags/tutorial_taskflow_api.py
[2024-05-05T04:24:17.448+0000] {processor.py:830} INFO - Processing file /home/airflow/.local/lib/python3.12/site-packages/airflow/example_dags/tutorial_taskflow_api.py for tasks to queue
[2024-05-05T04:24:17.487+0000] {logging_mixin.py:188} INFO - [2024-05-05T04:24:17.473+0000] {dagbag.py:540} INFO - Filling up the DagBag from /home/airflow/.local/lib/python3.12/site-packages/airflow/example_dags/tutorial_taskflow_api.py
[2024-05-05T04:24:17.774+0000] {processor.py:840} INFO - DAG(s) 'tutorial_taskflow_api' retrieved from /home/airflow/.local/lib/python3.12/site-packages/airflow/example_dags/tutorial_taskflow_api.py
[2024-05-05T04:24:18.392+0000] {logging_mixin.py:188} INFO - [2024-05-05T04:24:18.390+0000] {dag.py:3096} INFO - Sync 1 DAGs
[2024-05-05T04:24:18.859+0000] {logging_mixin.py:188} INFO - [2024-05-05T04:24:18.837+0000] {dag.py:3954} INFO - Setting next_dagrun for tutorial_taskflow_api to None, run_after=None
[2024-05-05T04:24:19.481+0000] {processor.py:183} INFO - Processing /home/airflow/.local/lib/python3.12/site-packages/airflow/example_dags/tutorial_taskflow_api.py took 2.438 seconds
[2024-05-05T04:26:56.773+0000] {processor.py:161} INFO - Started process (PID=9668) to work on /home/airflow/.local/lib/python3.12/site-packages/airflow/example_dags/tutorial_taskflow_api.py
[2024-05-05T04:26:56.814+0000] {processor.py:830} INFO - Processing file /home/airflow/.local/lib/python3.12/site-packages/airflow/example_dags/tutorial_taskflow_api.py for tasks to queue
[2024-05-05T04:26:56.866+0000] {logging_mixin.py:188} INFO - [2024-05-05T04:26:56.863+0000] {dagbag.py:540} INFO - Filling up the DagBag from /home/airflow/.local/lib/python3.12/site-packages/airflow/example_dags/tutorial_taskflow_api.py
[2024-05-05T04:26:57.051+0000] {processor.py:840} INFO - DAG(s) 'tutorial_taskflow_api' retrieved from /home/airflow/.local/lib/python3.12/site-packages/airflow/example_dags/tutorial_taskflow_api.py
[2024-05-05T04:26:57.867+0000] {logging_mixin.py:188} INFO - [2024-05-05T04:26:57.865+0000] {dag.py:3096} INFO - Sync 1 DAGs
[2024-05-05T04:26:58.635+0000] {logging_mixin.py:188} INFO - [2024-05-05T04:26:58.619+0000] {dag.py:3954} INFO - Setting next_dagrun for tutorial_taskflow_api to None, run_after=None
[2024-05-05T04:26:59.900+0000] {processor.py:183} INFO - Processing /home/airflow/.local/lib/python3.12/site-packages/airflow/example_dags/tutorial_taskflow_api.py took 3.298 seconds
[2024-05-05T04:29:27.324+0000] {processor.py:161} INFO - Started process (PID=9765) to work on /home/airflow/.local/lib/python3.12/site-packages/airflow/example_dags/tutorial_taskflow_api.py
[2024-05-05T04:29:27.347+0000] {processor.py:830} INFO - Processing file /home/airflow/.local/lib/python3.12/site-packages/airflow/example_dags/tutorial_taskflow_api.py for tasks to queue
[2024-05-05T04:29:27.407+0000] {logging_mixin.py:188} INFO - [2024-05-05T04:29:27.390+0000] {dagbag.py:540} INFO - Filling up the DagBag from /home/airflow/.local/lib/python3.12/site-packages/airflow/example_dags/tutorial_taskflow_api.py
[2024-05-05T04:29:27.563+0000] {processor.py:840} INFO - DAG(s) 'tutorial_taskflow_api' retrieved from /home/airflow/.local/lib/python3.12/site-packages/airflow/example_dags/tutorial_taskflow_api.py
[2024-05-05T04:29:28.290+0000] {logging_mixin.py:188} INFO - [2024-05-05T04:29:28.288+0000] {dag.py:3096} INFO - Sync 1 DAGs
[2024-05-05T04:29:28.847+0000] {logging_mixin.py:188} INFO - [2024-05-05T04:29:28.846+0000] {dag.py:3954} INFO - Setting next_dagrun for tutorial_taskflow_api to None, run_after=None
[2024-05-05T04:29:29.416+0000] {processor.py:183} INFO - Processing /home/airflow/.local/lib/python3.12/site-packages/airflow/example_dags/tutorial_taskflow_api.py took 2.240 seconds
[2024-05-05T04:32:02.382+0000] {processor.py:161} INFO - Started process (PID=9869) to work on /home/airflow/.local/lib/python3.12/site-packages/airflow/example_dags/tutorial_taskflow_api.py
[2024-05-05T04:32:02.397+0000] {processor.py:830} INFO - Processing file /home/airflow/.local/lib/python3.12/site-packages/airflow/example_dags/tutorial_taskflow_api.py for tasks to queue
[2024-05-05T04:32:02.423+0000] {logging_mixin.py:188} INFO - [2024-05-05T04:32:02.420+0000] {dagbag.py:540} INFO - Filling up the DagBag from /home/airflow/.local/lib/python3.12/site-packages/airflow/example_dags/tutorial_taskflow_api.py
[2024-05-05T04:32:02.693+0000] {processor.py:840} INFO - DAG(s) 'tutorial_taskflow_api' retrieved from /home/airflow/.local/lib/python3.12/site-packages/airflow/example_dags/tutorial_taskflow_api.py
[2024-05-05T04:32:03.579+0000] {logging_mixin.py:188} INFO - [2024-05-05T04:32:03.577+0000] {dag.py:3096} INFO - Sync 1 DAGs
[2024-05-05T04:32:04.197+0000] {logging_mixin.py:188} INFO - [2024-05-05T04:32:04.195+0000] {dag.py:3954} INFO - Setting next_dagrun for tutorial_taskflow_api to None, run_after=None
[2024-05-05T04:32:05.393+0000] {processor.py:183} INFO - Processing /home/airflow/.local/lib/python3.12/site-packages/airflow/example_dags/tutorial_taskflow_api.py took 3.211 seconds
[2024-05-05T04:34:55.418+0000] {processor.py:161} INFO - Started process (PID=9973) to work on /home/airflow/.local/lib/python3.12/site-packages/airflow/example_dags/tutorial_taskflow_api.py
[2024-05-05T04:34:55.438+0000] {processor.py:830} INFO - Processing file /home/airflow/.local/lib/python3.12/site-packages/airflow/example_dags/tutorial_taskflow_api.py for tasks to queue
[2024-05-05T04:34:55.458+0000] {logging_mixin.py:188} INFO - [2024-05-05T04:34:55.456+0000] {dagbag.py:540} INFO - Filling up the DagBag from /home/airflow/.local/lib/python3.12/site-packages/airflow/example_dags/tutorial_taskflow_api.py
[2024-05-05T04:34:55.753+0000] {processor.py:840} INFO - DAG(s) 'tutorial_taskflow_api' retrieved from /home/airflow/.local/lib/python3.12/site-packages/airflow/example_dags/tutorial_taskflow_api.py
[2024-05-05T04:34:56.651+0000] {logging_mixin.py:188} INFO - [2024-05-05T04:34:56.650+0000] {dag.py:3096} INFO - Sync 1 DAGs
[2024-05-05T04:34:58.639+0000] {logging_mixin.py:188} INFO - [2024-05-05T04:34:58.554+0000] {dag.py:3954} INFO - Setting next_dagrun for tutorial_taskflow_api to None, run_after=None
[2024-05-05T04:34:59.789+0000] {processor.py:183} INFO - Processing /home/airflow/.local/lib/python3.12/site-packages/airflow/example_dags/tutorial_taskflow_api.py took 4.532 seconds
[2024-05-05T06:47:57.224+0000] {processor.py:161} INFO - Started process (PID=10087) to work on /home/airflow/.local/lib/python3.12/site-packages/airflow/example_dags/tutorial_taskflow_api.py
[2024-05-05T06:47:57.286+0000] {processor.py:830} INFO - Processing file /home/airflow/.local/lib/python3.12/site-packages/airflow/example_dags/tutorial_taskflow_api.py for tasks to queue
[2024-05-05T06:47:57.384+0000] {logging_mixin.py:188} INFO - [2024-05-05T06:47:57.345+0000] {dagbag.py:540} INFO - Filling up the DagBag from /home/airflow/.local/lib/python3.12/site-packages/airflow/example_dags/tutorial_taskflow_api.py
[2024-05-05T06:47:57.737+0000] {processor.py:840} INFO - DAG(s) 'tutorial_taskflow_api' retrieved from /home/airflow/.local/lib/python3.12/site-packages/airflow/example_dags/tutorial_taskflow_api.py
[2024-05-05T06:47:58.576+0000] {logging_mixin.py:188} INFO - [2024-05-05T06:47:58.575+0000] {dag.py:3096} INFO - Sync 1 DAGs
[2024-05-05T06:47:59.289+0000] {logging_mixin.py:188} INFO - [2024-05-05T06:47:59.287+0000] {dag.py:3954} INFO - Setting next_dagrun for tutorial_taskflow_api to None, run_after=None
[2024-05-05T06:48:00.045+0000] {processor.py:183} INFO - Processing /home/airflow/.local/lib/python3.12/site-packages/airflow/example_dags/tutorial_taskflow_api.py took 3.355 seconds
[2024-05-05T06:52:32.826+0000] {processor.py:161} INFO - Started process (PID=10175) to work on /home/airflow/.local/lib/python3.12/site-packages/airflow/example_dags/tutorial_taskflow_api.py
[2024-05-05T06:52:32.886+0000] {processor.py:830} INFO - Processing file /home/airflow/.local/lib/python3.12/site-packages/airflow/example_dags/tutorial_taskflow_api.py for tasks to queue
[2024-05-05T06:52:33.045+0000] {logging_mixin.py:188} INFO - [2024-05-05T06:52:32.999+0000] {dagbag.py:540} INFO - Filling up the DagBag from /home/airflow/.local/lib/python3.12/site-packages/airflow/example_dags/tutorial_taskflow_api.py
[2024-05-05T06:52:33.355+0000] {processor.py:840} INFO - DAG(s) 'tutorial_taskflow_api' retrieved from /home/airflow/.local/lib/python3.12/site-packages/airflow/example_dags/tutorial_taskflow_api.py
[2024-05-05T06:52:36.692+0000] {logging_mixin.py:188} INFO - [2024-05-05T06:52:36.633+0000] {dag.py:3096} INFO - Sync 1 DAGs
[2024-05-05T06:52:39.161+0000] {logging_mixin.py:188} INFO - [2024-05-05T06:52:39.159+0000] {dag.py:3954} INFO - Setting next_dagrun for tutorial_taskflow_api to None, run_after=None
[2024-05-05T06:52:40.981+0000] {processor.py:183} INFO - Processing /home/airflow/.local/lib/python3.12/site-packages/airflow/example_dags/tutorial_taskflow_api.py took 8.671 seconds
[2024-05-05T13:48:11.904+0000] {processor.py:161} INFO - Started process (PID=10269) to work on /home/airflow/.local/lib/python3.12/site-packages/airflow/example_dags/tutorial_taskflow_api.py
[2024-05-05T13:48:11.932+0000] {processor.py:830} INFO - Processing file /home/airflow/.local/lib/python3.12/site-packages/airflow/example_dags/tutorial_taskflow_api.py for tasks to queue
[2024-05-05T13:48:11.935+0000] {logging_mixin.py:188} INFO - [2024-05-05T13:48:11.934+0000] {dagbag.py:540} INFO - Filling up the DagBag from /home/airflow/.local/lib/python3.12/site-packages/airflow/example_dags/tutorial_taskflow_api.py
[2024-05-05T13:48:12.004+0000] {processor.py:840} INFO - DAG(s) 'tutorial_taskflow_api' retrieved from /home/airflow/.local/lib/python3.12/site-packages/airflow/example_dags/tutorial_taskflow_api.py
[2024-05-05T13:48:12.353+0000] {logging_mixin.py:188} INFO - [2024-05-05T13:48:12.352+0000] {dag.py:3096} INFO - Sync 1 DAGs
[2024-05-05T13:48:12.434+0000] {logging_mixin.py:188} INFO - [2024-05-05T13:48:12.434+0000] {dag.py:3954} INFO - Setting next_dagrun for tutorial_taskflow_api to None, run_after=None
[2024-05-05T13:48:12.615+0000] {processor.py:183} INFO - Processing /home/airflow/.local/lib/python3.12/site-packages/airflow/example_dags/tutorial_taskflow_api.py took 0.778 seconds
[2024-05-05T22:08:48.435+0000] {processor.py:161} INFO - Started process (PID=10356) to work on /home/airflow/.local/lib/python3.12/site-packages/airflow/example_dags/tutorial_taskflow_api.py
[2024-05-05T22:08:48.522+0000] {processor.py:830} INFO - Processing file /home/airflow/.local/lib/python3.12/site-packages/airflow/example_dags/tutorial_taskflow_api.py for tasks to queue
[2024-05-05T22:08:48.562+0000] {logging_mixin.py:188} INFO - [2024-05-05T22:08:48.541+0000] {dagbag.py:540} INFO - Filling up the DagBag from /home/airflow/.local/lib/python3.12/site-packages/airflow/example_dags/tutorial_taskflow_api.py
[2024-05-05T22:08:49.199+0000] {processor.py:840} INFO - DAG(s) 'tutorial_taskflow_api' retrieved from /home/airflow/.local/lib/python3.12/site-packages/airflow/example_dags/tutorial_taskflow_api.py
[2024-05-05T22:08:52.499+0000] {logging_mixin.py:188} INFO - [2024-05-05T22:08:51.418+0000] {dag.py:3096} INFO - Sync 1 DAGs
[2024-05-05T22:08:52.895+0000] {logging_mixin.py:188} INFO - [2024-05-05T22:08:52.894+0000] {dag.py:3954} INFO - Setting next_dagrun for tutorial_taskflow_api to None, run_after=None
[2024-05-05T22:08:53.302+0000] {processor.py:183} INFO - Processing /home/airflow/.local/lib/python3.12/site-packages/airflow/example_dags/tutorial_taskflow_api.py took 5.271 seconds
