[2024-05-11T00:00:26.857+0000] {processor.py:161} INFO - Started process (PID=195) to work on /home/airflow/.local/lib/python3.12/site-packages/airflow/example_dags/example_display_name.py
[2024-05-11T00:00:26.861+0000] {processor.py:830} INFO - Processing file /home/airflow/.local/lib/python3.12/site-packages/airflow/example_dags/example_display_name.py for tasks to queue
[2024-05-11T00:00:26.869+0000] {logging_mixin.py:188} INFO - [2024-05-11T00:00:26.865+0000] {dagbag.py:540} INFO - Filling up the DagBag from /home/airflow/.local/lib/python3.12/site-packages/airflow/example_dags/example_display_name.py
[2024-05-11T00:00:26.901+0000] {processor.py:840} INFO - DAG(s) 'example_display_name' retrieved from /home/airflow/.local/lib/python3.12/site-packages/airflow/example_dags/example_display_name.py
[2024-05-11T00:00:27.001+0000] {logging_mixin.py:188} INFO - [2024-05-11T00:00:27.000+0000] {dag.py:3096} INFO - Sync 1 DAGs
[2024-05-11T00:00:27.059+0000] {logging_mixin.py:188} INFO - [2024-05-11T00:00:27.059+0000] {dag.py:3954} INFO - Setting next_dagrun for example_display_name to None, run_after=None
[2024-05-11T00:00:27.170+0000] {processor.py:183} INFO - Processing /home/airflow/.local/lib/python3.12/site-packages/airflow/example_dags/example_display_name.py took 0.344 seconds
[2024-05-11T00:00:57.408+0000] {processor.py:161} INFO - Started process (PID=252) to work on /home/airflow/.local/lib/python3.12/site-packages/airflow/example_dags/example_display_name.py
[2024-05-11T00:00:57.410+0000] {processor.py:830} INFO - Processing file /home/airflow/.local/lib/python3.12/site-packages/airflow/example_dags/example_display_name.py for tasks to queue
[2024-05-11T00:00:57.412+0000] {logging_mixin.py:188} INFO - [2024-05-11T00:00:57.412+0000] {dagbag.py:540} INFO - Filling up the DagBag from /home/airflow/.local/lib/python3.12/site-packages/airflow/example_dags/example_display_name.py
[2024-05-11T00:00:57.423+0000] {processor.py:840} INFO - DAG(s) 'example_display_name' retrieved from /home/airflow/.local/lib/python3.12/site-packages/airflow/example_dags/example_display_name.py
[2024-05-11T00:00:57.474+0000] {logging_mixin.py:188} INFO - [2024-05-11T00:00:57.474+0000] {dag.py:3096} INFO - Sync 1 DAGs
[2024-05-11T00:00:57.508+0000] {logging_mixin.py:188} INFO - [2024-05-11T00:00:57.508+0000] {dag.py:3954} INFO - Setting next_dagrun for example_display_name to None, run_after=None
[2024-05-11T00:00:57.548+0000] {processor.py:183} INFO - Processing /home/airflow/.local/lib/python3.12/site-packages/airflow/example_dags/example_display_name.py took 0.151 seconds
[2024-05-11T02:01:49.274+0000] {processor.py:161} INFO - Started process (PID=315) to work on /home/airflow/.local/lib/python3.12/site-packages/airflow/example_dags/example_display_name.py
[2024-05-11T02:01:49.340+0000] {processor.py:830} INFO - Processing file /home/airflow/.local/lib/python3.12/site-packages/airflow/example_dags/example_display_name.py for tasks to queue
[2024-05-11T02:01:49.414+0000] {logging_mixin.py:188} INFO - [2024-05-11T02:01:49.371+0000] {dagbag.py:540} INFO - Filling up the DagBag from /home/airflow/.local/lib/python3.12/site-packages/airflow/example_dags/example_display_name.py
[2024-05-11T02:01:49.934+0000] {processor.py:840} INFO - DAG(s) 'example_display_name' retrieved from /home/airflow/.local/lib/python3.12/site-packages/airflow/example_dags/example_display_name.py
[2024-05-11T02:01:50.471+0000] {logging_mixin.py:188} INFO - [2024-05-11T02:01:50.457+0000] {dag.py:3096} INFO - Sync 1 DAGs
[2024-05-11T02:01:51.130+0000] {logging_mixin.py:188} INFO - [2024-05-11T02:01:51.128+0000] {dag.py:3954} INFO - Setting next_dagrun for example_display_name to None, run_after=None
[2024-05-11T02:01:51.816+0000] {processor.py:183} INFO - Processing /home/airflow/.local/lib/python3.12/site-packages/airflow/example_dags/example_display_name.py took 2.891 seconds
[2024-05-11T04:39:57.315+0000] {processor.py:161} INFO - Started process (PID=396) to work on /home/airflow/.local/lib/python3.12/site-packages/airflow/example_dags/example_display_name.py
[2024-05-11T04:39:57.322+0000] {processor.py:830} INFO - Processing file /home/airflow/.local/lib/python3.12/site-packages/airflow/example_dags/example_display_name.py for tasks to queue
[2024-05-11T04:39:57.331+0000] {logging_mixin.py:188} INFO - [2024-05-11T04:39:57.330+0000] {dagbag.py:540} INFO - Filling up the DagBag from /home/airflow/.local/lib/python3.12/site-packages/airflow/example_dags/example_display_name.py
[2024-05-11T04:39:57.422+0000] {processor.py:840} INFO - DAG(s) 'example_display_name' retrieved from /home/airflow/.local/lib/python3.12/site-packages/airflow/example_dags/example_display_name.py
[2024-05-11T04:39:57.608+0000] {logging_mixin.py:188} INFO - [2024-05-11T04:39:57.607+0000] {dag.py:3096} INFO - Sync 1 DAGs
[2024-05-11T04:39:57.754+0000] {logging_mixin.py:188} INFO - [2024-05-11T04:39:57.753+0000] {dag.py:3954} INFO - Setting next_dagrun for example_display_name to None, run_after=None
[2024-05-11T04:39:57.847+0000] {processor.py:183} INFO - Processing /home/airflow/.local/lib/python3.12/site-packages/airflow/example_dags/example_display_name.py took 0.600 seconds
[2024-05-11T04:40:33.818+0000] {processor.py:161} INFO - Started process (PID=456) to work on /home/airflow/.local/lib/python3.12/site-packages/airflow/example_dags/example_display_name.py
[2024-05-11T04:40:33.838+0000] {processor.py:830} INFO - Processing file /home/airflow/.local/lib/python3.12/site-packages/airflow/example_dags/example_display_name.py for tasks to queue
[2024-05-11T04:40:33.901+0000] {logging_mixin.py:188} INFO - [2024-05-11T04:40:33.900+0000] {dagbag.py:540} INFO - Filling up the DagBag from /home/airflow/.local/lib/python3.12/site-packages/airflow/example_dags/example_display_name.py
[2024-05-11T04:40:34.211+0000] {processor.py:840} INFO - DAG(s) 'example_display_name' retrieved from /home/airflow/.local/lib/python3.12/site-packages/airflow/example_dags/example_display_name.py
[2024-05-11T04:40:34.387+0000] {logging_mixin.py:188} INFO - [2024-05-11T04:40:34.386+0000] {dag.py:3096} INFO - Sync 1 DAGs
[2024-05-11T04:40:34.414+0000] {logging_mixin.py:188} INFO - [2024-05-11T04:40:34.414+0000] {dag.py:3954} INFO - Setting next_dagrun for example_display_name to None, run_after=None
[2024-05-11T04:40:34.589+0000] {processor.py:183} INFO - Processing /home/airflow/.local/lib/python3.12/site-packages/airflow/example_dags/example_display_name.py took 0.841 seconds
[2024-05-11T04:42:17.696+0000] {processor.py:161} INFO - Started process (PID=501) to work on /home/airflow/.local/lib/python3.12/site-packages/airflow/example_dags/example_display_name.py
[2024-05-11T04:42:17.712+0000] {processor.py:830} INFO - Processing file /home/airflow/.local/lib/python3.12/site-packages/airflow/example_dags/example_display_name.py for tasks to queue
[2024-05-11T04:42:17.718+0000] {logging_mixin.py:188} INFO - [2024-05-11T04:42:17.717+0000] {dagbag.py:540} INFO - Filling up the DagBag from /home/airflow/.local/lib/python3.12/site-packages/airflow/example_dags/example_display_name.py
[2024-05-11T04:42:17.785+0000] {processor.py:840} INFO - DAG(s) 'example_display_name' retrieved from /home/airflow/.local/lib/python3.12/site-packages/airflow/example_dags/example_display_name.py
[2024-05-11T04:42:17.984+0000] {logging_mixin.py:188} INFO - [2024-05-11T04:42:17.983+0000] {dag.py:3096} INFO - Sync 1 DAGs
[2024-05-11T04:42:18.130+0000] {logging_mixin.py:188} INFO - [2024-05-11T04:42:18.129+0000] {dag.py:3954} INFO - Setting next_dagrun for example_display_name to None, run_after=None
[2024-05-11T04:42:18.554+0000] {processor.py:183} INFO - Processing /home/airflow/.local/lib/python3.12/site-packages/airflow/example_dags/example_display_name.py took 0.970 seconds
