[2024-05-11T00:00:23.260+0000] {processor.py:161} INFO - Started process (PID=188) to work on /home/airflow/.local/lib/python3.12/site-packages/airflow/example_dags/example_datasets.py
[2024-05-11T00:00:23.268+0000] {processor.py:830} INFO - Processing file /home/airflow/.local/lib/python3.12/site-packages/airflow/example_dags/example_datasets.py for tasks to queue
[2024-05-11T00:00:23.271+0000] {logging_mixin.py:188} INFO - [2024-05-11T00:00:23.270+0000] {dagbag.py:540} INFO - Filling up the DagBag from /home/airflow/.local/lib/python3.12/site-packages/airflow/example_dags/example_datasets.py
[2024-05-11T00:00:23.423+0000] {processor.py:840} INFO - DAG(s) 'dataset_consumes_1', 'consume_1_or_both_2_and_3_with_dataset_expressions', 'dataset_consumes_unknown_never_scheduled', 'dataset_consumes_1_never_scheduled', 'consume_1_and_2_with_dataset_expressions', 'consume_1_or_2_with_dataset_expressions', 'dataset_produces_2', 'dataset_produces_1', 'dataset_consumes_1_and_2', 'conditional_dataset_and_time_based_timetable' retrieved from /home/airflow/.local/lib/python3.12/site-packages/airflow/example_dags/example_datasets.py
[2024-05-11T00:00:24.965+0000] {logging_mixin.py:188} INFO - [2024-05-11T00:00:24.964+0000] {dag.py:3096} INFO - Sync 10 DAGs
[2024-05-11T00:00:25.134+0000] {logging_mixin.py:188} INFO - [2024-05-11T00:00:25.134+0000] {dag.py:3954} INFO - Setting next_dagrun for conditional_dataset_and_time_based_timetable to 2024-05-08 01:00:00+00:00, run_after=2024-05-08 01:00:00+00:00
[2024-05-11T00:00:25.154+0000] {logging_mixin.py:188} INFO - [2024-05-11T00:00:25.152+0000] {dag.py:3954} INFO - Setting next_dagrun for consume_1_and_2_with_dataset_expressions to None, run_after=None
[2024-05-11T00:00:25.161+0000] {logging_mixin.py:188} INFO - [2024-05-11T00:00:25.160+0000] {dag.py:3954} INFO - Setting next_dagrun for consume_1_or_2_with_dataset_expressions to None, run_after=None
[2024-05-11T00:00:25.167+0000] {logging_mixin.py:188} INFO - [2024-05-11T00:00:25.166+0000] {dag.py:3954} INFO - Setting next_dagrun for consume_1_or_both_2_and_3_with_dataset_expressions to None, run_after=None
[2024-05-11T00:00:25.177+0000] {logging_mixin.py:188} INFO - [2024-05-11T00:00:25.176+0000] {dag.py:3954} INFO - Setting next_dagrun for dataset_consumes_1 to None, run_after=None
[2024-05-11T00:00:25.185+0000] {logging_mixin.py:188} INFO - [2024-05-11T00:00:25.184+0000] {dag.py:3954} INFO - Setting next_dagrun for dataset_consumes_1_and_2 to None, run_after=None
[2024-05-11T00:00:25.193+0000] {logging_mixin.py:188} INFO - [2024-05-11T00:00:25.190+0000] {dag.py:3954} INFO - Setting next_dagrun for dataset_consumes_1_never_scheduled to None, run_after=None
[2024-05-11T00:00:25.199+0000] {logging_mixin.py:188} INFO - [2024-05-11T00:00:25.198+0000] {dag.py:3954} INFO - Setting next_dagrun for dataset_consumes_unknown_never_scheduled to None, run_after=None
[2024-05-11T00:00:25.216+0000] {logging_mixin.py:188} INFO - [2024-05-11T00:00:25.213+0000] {dag.py:3954} INFO - Setting next_dagrun for dataset_produces_1 to 2024-05-10 00:00:00+00:00, run_after=2024-05-11 00:00:00+00:00
[2024-05-11T00:00:25.229+0000] {logging_mixin.py:188} INFO - [2024-05-11T00:00:25.229+0000] {dag.py:3954} INFO - Setting next_dagrun for dataset_produces_2 to None, run_after=None
[2024-05-11T00:00:25.457+0000] {processor.py:183} INFO - Processing /home/airflow/.local/lib/python3.12/site-packages/airflow/example_dags/example_datasets.py took 2.235 seconds
[2024-05-11T00:00:55.644+0000] {processor.py:161} INFO - Started process (PID=248) to work on /home/airflow/.local/lib/python3.12/site-packages/airflow/example_dags/example_datasets.py
[2024-05-11T00:00:55.652+0000] {processor.py:830} INFO - Processing file /home/airflow/.local/lib/python3.12/site-packages/airflow/example_dags/example_datasets.py for tasks to queue
[2024-05-11T00:00:55.669+0000] {logging_mixin.py:188} INFO - [2024-05-11T00:00:55.668+0000] {dagbag.py:540} INFO - Filling up the DagBag from /home/airflow/.local/lib/python3.12/site-packages/airflow/example_dags/example_datasets.py
[2024-05-11T00:00:55.747+0000] {processor.py:840} INFO - DAG(s) 'dataset_consumes_1_never_scheduled', 'dataset_produces_2', 'dataset_produces_1', 'dataset_consumes_1', 'consume_1_or_both_2_and_3_with_dataset_expressions', 'conditional_dataset_and_time_based_timetable', 'consume_1_or_2_with_dataset_expressions', 'dataset_consumes_1_and_2', 'consume_1_and_2_with_dataset_expressions', 'dataset_consumes_unknown_never_scheduled' retrieved from /home/airflow/.local/lib/python3.12/site-packages/airflow/example_dags/example_datasets.py
[2024-05-11T00:00:56.001+0000] {logging_mixin.py:188} INFO - [2024-05-11T00:00:56.000+0000] {dag.py:3096} INFO - Sync 10 DAGs
[2024-05-11T00:00:56.112+0000] {logging_mixin.py:188} INFO - [2024-05-11T00:00:56.111+0000] {dag.py:3954} INFO - Setting next_dagrun for conditional_dataset_and_time_based_timetable to 2024-05-08 01:00:00+00:00, run_after=2024-05-08 01:00:00+00:00
[2024-05-11T00:00:56.136+0000] {logging_mixin.py:188} INFO - [2024-05-11T00:00:56.136+0000] {dag.py:3954} INFO - Setting next_dagrun for consume_1_and_2_with_dataset_expressions to None, run_after=None
[2024-05-11T00:00:56.150+0000] {logging_mixin.py:188} INFO - [2024-05-11T00:00:56.150+0000] {dag.py:3954} INFO - Setting next_dagrun for consume_1_or_2_with_dataset_expressions to None, run_after=None
[2024-05-11T00:00:56.161+0000] {logging_mixin.py:188} INFO - [2024-05-11T00:00:56.160+0000] {dag.py:3954} INFO - Setting next_dagrun for consume_1_or_both_2_and_3_with_dataset_expressions to None, run_after=None
[2024-05-11T00:00:56.174+0000] {logging_mixin.py:188} INFO - [2024-05-11T00:00:56.171+0000] {dag.py:3954} INFO - Setting next_dagrun for dataset_consumes_1 to None, run_after=None
[2024-05-11T00:00:56.189+0000] {logging_mixin.py:188} INFO - [2024-05-11T00:00:56.185+0000] {dag.py:3954} INFO - Setting next_dagrun for dataset_consumes_1_and_2 to None, run_after=None
[2024-05-11T00:00:56.199+0000] {logging_mixin.py:188} INFO - [2024-05-11T00:00:56.197+0000] {dag.py:3954} INFO - Setting next_dagrun for dataset_consumes_1_never_scheduled to None, run_after=None
[2024-05-11T00:00:56.212+0000] {logging_mixin.py:188} INFO - [2024-05-11T00:00:56.211+0000] {dag.py:3954} INFO - Setting next_dagrun for dataset_consumes_unknown_never_scheduled to None, run_after=None
[2024-05-11T00:00:56.227+0000] {logging_mixin.py:188} INFO - [2024-05-11T00:00:56.227+0000] {dag.py:3954} INFO - Setting next_dagrun for dataset_produces_1 to 2024-05-10 00:00:00+00:00, run_after=2024-05-11 00:00:00+00:00
[2024-05-11T00:00:56.237+0000] {logging_mixin.py:188} INFO - [2024-05-11T00:00:56.235+0000] {dag.py:3954} INFO - Setting next_dagrun for dataset_produces_2 to None, run_after=None
[2024-05-11T00:00:56.340+0000] {processor.py:183} INFO - Processing /home/airflow/.local/lib/python3.12/site-packages/airflow/example_dags/example_datasets.py took 0.739 seconds
[2024-05-11T02:01:33.791+0000] {processor.py:161} INFO - Started process (PID=308) to work on /home/airflow/.local/lib/python3.12/site-packages/airflow/example_dags/example_datasets.py
[2024-05-11T02:01:33.825+0000] {processor.py:830} INFO - Processing file /home/airflow/.local/lib/python3.12/site-packages/airflow/example_dags/example_datasets.py for tasks to queue
[2024-05-11T02:01:33.881+0000] {logging_mixin.py:188} INFO - [2024-05-11T02:01:33.869+0000] {dagbag.py:540} INFO - Filling up the DagBag from /home/airflow/.local/lib/python3.12/site-packages/airflow/example_dags/example_datasets.py
[2024-05-11T02:01:34.614+0000] {processor.py:840} INFO - DAG(s) 'dataset_consumes_1_never_scheduled', 'conditional_dataset_and_time_based_timetable', 'dataset_consumes_1', 'dataset_produces_2', 'dataset_consumes_unknown_never_scheduled', 'consume_1_and_2_with_dataset_expressions', 'consume_1_or_both_2_and_3_with_dataset_expressions', 'consume_1_or_2_with_dataset_expressions', 'dataset_consumes_1_and_2', 'dataset_produces_1' retrieved from /home/airflow/.local/lib/python3.12/site-packages/airflow/example_dags/example_datasets.py
[2024-05-11T02:01:35.911+0000] {logging_mixin.py:188} INFO - [2024-05-11T02:01:35.909+0000] {dag.py:3096} INFO - Sync 10 DAGs
[2024-05-11T02:01:36.704+0000] {logging_mixin.py:188} INFO - [2024-05-11T02:01:36.702+0000] {dag.py:3954} INFO - Setting next_dagrun for conditional_dataset_and_time_based_timetable to 2024-05-08 01:00:00+00:00, run_after=2024-05-08 01:00:00+00:00
[2024-05-11T02:01:36.840+0000] {logging_mixin.py:188} INFO - [2024-05-11T02:01:36.839+0000] {dag.py:3954} INFO - Setting next_dagrun for consume_1_and_2_with_dataset_expressions to None, run_after=None
[2024-05-11T02:01:36.894+0000] {logging_mixin.py:188} INFO - [2024-05-11T02:01:36.886+0000] {dag.py:3954} INFO - Setting next_dagrun for consume_1_or_2_with_dataset_expressions to None, run_after=None
[2024-05-11T02:01:36.992+0000] {logging_mixin.py:188} INFO - [2024-05-11T02:01:36.991+0000] {dag.py:3954} INFO - Setting next_dagrun for consume_1_or_both_2_and_3_with_dataset_expressions to None, run_after=None
[2024-05-11T02:01:37.024+0000] {logging_mixin.py:188} INFO - [2024-05-11T02:01:37.023+0000] {dag.py:3954} INFO - Setting next_dagrun for dataset_consumes_1 to None, run_after=None
[2024-05-11T02:01:37.078+0000] {logging_mixin.py:188} INFO - [2024-05-11T02:01:37.076+0000] {dag.py:3954} INFO - Setting next_dagrun for dataset_consumes_1_and_2 to None, run_after=None
[2024-05-11T02:01:37.117+0000] {logging_mixin.py:188} INFO - [2024-05-11T02:01:37.116+0000] {dag.py:3954} INFO - Setting next_dagrun for dataset_consumes_1_never_scheduled to None, run_after=None
[2024-05-11T02:01:37.161+0000] {logging_mixin.py:188} INFO - [2024-05-11T02:01:37.159+0000] {dag.py:3954} INFO - Setting next_dagrun for dataset_consumes_unknown_never_scheduled to None, run_after=None
[2024-05-11T02:01:37.254+0000] {logging_mixin.py:188} INFO - [2024-05-11T02:01:37.253+0000] {dag.py:3954} INFO - Setting next_dagrun for dataset_produces_1 to 2024-05-10 00:00:00+00:00, run_after=2024-05-11 00:00:00+00:00
[2024-05-11T02:01:37.290+0000] {logging_mixin.py:188} INFO - [2024-05-11T02:01:37.289+0000] {dag.py:3954} INFO - Setting next_dagrun for dataset_produces_2 to None, run_after=None
[2024-05-11T02:01:38.344+0000] {processor.py:183} INFO - Processing /home/airflow/.local/lib/python3.12/site-packages/airflow/example_dags/example_datasets.py took 4.740 seconds
[2024-05-11T04:39:54.700+0000] {processor.py:161} INFO - Started process (PID=389) to work on /home/airflow/.local/lib/python3.12/site-packages/airflow/example_dags/example_datasets.py
[2024-05-11T04:39:54.705+0000] {processor.py:830} INFO - Processing file /home/airflow/.local/lib/python3.12/site-packages/airflow/example_dags/example_datasets.py for tasks to queue
[2024-05-11T04:39:54.710+0000] {logging_mixin.py:188} INFO - [2024-05-11T04:39:54.708+0000] {dagbag.py:540} INFO - Filling up the DagBag from /home/airflow/.local/lib/python3.12/site-packages/airflow/example_dags/example_datasets.py
[2024-05-11T04:39:54.796+0000] {processor.py:840} INFO - DAG(s) 'dataset_produces_2', 'consume_1_and_2_with_dataset_expressions', 'dataset_consumes_1_and_2', 'consume_1_or_both_2_and_3_with_dataset_expressions', 'dataset_consumes_unknown_never_scheduled', 'conditional_dataset_and_time_based_timetable', 'dataset_consumes_1_never_scheduled', 'dataset_produces_1', 'dataset_consumes_1', 'consume_1_or_2_with_dataset_expressions' retrieved from /home/airflow/.local/lib/python3.12/site-packages/airflow/example_dags/example_datasets.py
[2024-05-11T04:39:54.887+0000] {logging_mixin.py:188} INFO - [2024-05-11T04:39:54.886+0000] {dag.py:3096} INFO - Sync 10 DAGs
[2024-05-11T04:39:54.960+0000] {logging_mixin.py:188} INFO - [2024-05-11T04:39:54.960+0000] {dag.py:3954} INFO - Setting next_dagrun for conditional_dataset_and_time_based_timetable to 2024-05-08 01:00:00+00:00, run_after=2024-05-08 01:00:00+00:00
[2024-05-11T04:39:54.980+0000] {logging_mixin.py:188} INFO - [2024-05-11T04:39:54.979+0000] {dag.py:3954} INFO - Setting next_dagrun for consume_1_and_2_with_dataset_expressions to None, run_after=None
[2024-05-11T04:39:54.990+0000] {logging_mixin.py:188} INFO - [2024-05-11T04:39:54.988+0000] {dag.py:3954} INFO - Setting next_dagrun for consume_1_or_2_with_dataset_expressions to None, run_after=None
[2024-05-11T04:39:55.017+0000] {logging_mixin.py:188} INFO - [2024-05-11T04:39:55.016+0000] {dag.py:3954} INFO - Setting next_dagrun for consume_1_or_both_2_and_3_with_dataset_expressions to None, run_after=None
[2024-05-11T04:39:55.046+0000] {logging_mixin.py:188} INFO - [2024-05-11T04:39:55.045+0000] {dag.py:3954} INFO - Setting next_dagrun for dataset_consumes_1 to None, run_after=None
[2024-05-11T04:39:55.070+0000] {logging_mixin.py:188} INFO - [2024-05-11T04:39:55.069+0000] {dag.py:3954} INFO - Setting next_dagrun for dataset_consumes_1_and_2 to None, run_after=None
[2024-05-11T04:39:55.117+0000] {logging_mixin.py:188} INFO - [2024-05-11T04:39:55.117+0000] {dag.py:3954} INFO - Setting next_dagrun for dataset_consumes_1_never_scheduled to None, run_after=None
[2024-05-11T04:39:55.126+0000] {logging_mixin.py:188} INFO - [2024-05-11T04:39:55.126+0000] {dag.py:3954} INFO - Setting next_dagrun for dataset_consumes_unknown_never_scheduled to None, run_after=None
[2024-05-11T04:39:55.136+0000] {logging_mixin.py:188} INFO - [2024-05-11T04:39:55.136+0000] {dag.py:3954} INFO - Setting next_dagrun for dataset_produces_1 to 2024-05-10 00:00:00+00:00, run_after=2024-05-11 00:00:00+00:00
[2024-05-11T04:39:55.157+0000] {logging_mixin.py:188} INFO - [2024-05-11T04:39:55.157+0000] {dag.py:3954} INFO - Setting next_dagrun for dataset_produces_2 to None, run_after=None
[2024-05-11T04:39:55.378+0000] {processor.py:183} INFO - Processing /home/airflow/.local/lib/python3.12/site-packages/airflow/example_dags/example_datasets.py took 0.706 seconds
[2024-05-11T04:40:27.309+0000] {processor.py:161} INFO - Started process (PID=449) to work on /home/airflow/.local/lib/python3.12/site-packages/airflow/example_dags/example_datasets.py
[2024-05-11T04:40:27.312+0000] {processor.py:830} INFO - Processing file /home/airflow/.local/lib/python3.12/site-packages/airflow/example_dags/example_datasets.py for tasks to queue
[2024-05-11T04:40:27.315+0000] {logging_mixin.py:188} INFO - [2024-05-11T04:40:27.314+0000] {dagbag.py:540} INFO - Filling up the DagBag from /home/airflow/.local/lib/python3.12/site-packages/airflow/example_dags/example_datasets.py
[2024-05-11T04:40:27.399+0000] {processor.py:840} INFO - DAG(s) 'dataset_consumes_1_and_2', 'dataset_consumes_1_never_scheduled', 'dataset_consumes_unknown_never_scheduled', 'conditional_dataset_and_time_based_timetable', 'dataset_produces_2', 'dataset_produces_1', 'consume_1_and_2_with_dataset_expressions', 'consume_1_or_2_with_dataset_expressions', 'dataset_consumes_1', 'consume_1_or_both_2_and_3_with_dataset_expressions' retrieved from /home/airflow/.local/lib/python3.12/site-packages/airflow/example_dags/example_datasets.py
[2024-05-11T04:40:28.109+0000] {logging_mixin.py:188} INFO - [2024-05-11T04:40:28.099+0000] {dag.py:3096} INFO - Sync 10 DAGs
[2024-05-11T04:40:28.840+0000] {logging_mixin.py:188} INFO - [2024-05-11T04:40:28.839+0000] {dag.py:3954} INFO - Setting next_dagrun for conditional_dataset_and_time_based_timetable to 2024-05-08 01:00:00+00:00, run_after=2024-05-08 01:00:00+00:00
[2024-05-11T04:40:28.888+0000] {logging_mixin.py:188} INFO - [2024-05-11T04:40:28.888+0000] {dag.py:3954} INFO - Setting next_dagrun for consume_1_and_2_with_dataset_expressions to None, run_after=None
[2024-05-11T04:40:28.931+0000] {logging_mixin.py:188} INFO - [2024-05-11T04:40:28.931+0000] {dag.py:3954} INFO - Setting next_dagrun for consume_1_or_2_with_dataset_expressions to None, run_after=None
[2024-05-11T04:40:28.992+0000] {logging_mixin.py:188} INFO - [2024-05-11T04:40:28.991+0000] {dag.py:3954} INFO - Setting next_dagrun for consume_1_or_both_2_and_3_with_dataset_expressions to None, run_after=None
[2024-05-11T04:40:29.008+0000] {logging_mixin.py:188} INFO - [2024-05-11T04:40:29.008+0000] {dag.py:3954} INFO - Setting next_dagrun for dataset_consumes_1 to None, run_after=None
[2024-05-11T04:40:29.019+0000] {logging_mixin.py:188} INFO - [2024-05-11T04:40:29.019+0000] {dag.py:3954} INFO - Setting next_dagrun for dataset_consumes_1_and_2 to None, run_after=None
[2024-05-11T04:40:29.086+0000] {logging_mixin.py:188} INFO - [2024-05-11T04:40:29.059+0000] {dag.py:3954} INFO - Setting next_dagrun for dataset_consumes_1_never_scheduled to None, run_after=None
[2024-05-11T04:40:29.103+0000] {logging_mixin.py:188} INFO - [2024-05-11T04:40:29.103+0000] {dag.py:3954} INFO - Setting next_dagrun for dataset_consumes_unknown_never_scheduled to None, run_after=None
[2024-05-11T04:40:29.126+0000] {logging_mixin.py:188} INFO - [2024-05-11T04:40:29.126+0000] {dag.py:3954} INFO - Setting next_dagrun for dataset_produces_1 to 2024-05-10 00:00:00+00:00, run_after=2024-05-11 00:00:00+00:00
[2024-05-11T04:40:29.153+0000] {logging_mixin.py:188} INFO - [2024-05-11T04:40:29.152+0000] {dag.py:3954} INFO - Setting next_dagrun for dataset_produces_2 to None, run_after=None
[2024-05-11T04:40:29.706+0000] {processor.py:183} INFO - Processing /home/airflow/.local/lib/python3.12/site-packages/airflow/example_dags/example_datasets.py took 2.424 seconds
[2024-05-11T04:41:52.227+0000] {processor.py:161} INFO - Started process (PID=494) to work on /home/airflow/.local/lib/python3.12/site-packages/airflow/example_dags/example_datasets.py
[2024-05-11T04:41:52.238+0000] {processor.py:830} INFO - Processing file /home/airflow/.local/lib/python3.12/site-packages/airflow/example_dags/example_datasets.py for tasks to queue
[2024-05-11T04:41:52.242+0000] {logging_mixin.py:188} INFO - [2024-05-11T04:41:52.241+0000] {dagbag.py:540} INFO - Filling up the DagBag from /home/airflow/.local/lib/python3.12/site-packages/airflow/example_dags/example_datasets.py
[2024-05-11T04:41:52.342+0000] {processor.py:840} INFO - DAG(s) 'dataset_consumes_1_never_scheduled', 'consume_1_or_both_2_and_3_with_dataset_expressions', 'dataset_produces_1', 'conditional_dataset_and_time_based_timetable', 'dataset_consumes_1', 'dataset_produces_2', 'consume_1_and_2_with_dataset_expressions', 'dataset_consumes_unknown_never_scheduled', 'consume_1_or_2_with_dataset_expressions', 'dataset_consumes_1_and_2' retrieved from /home/airflow/.local/lib/python3.12/site-packages/airflow/example_dags/example_datasets.py
[2024-05-11T04:41:52.769+0000] {logging_mixin.py:188} INFO - [2024-05-11T04:41:52.763+0000] {dag.py:3096} INFO - Sync 10 DAGs
[2024-05-11T04:41:53.089+0000] {logging_mixin.py:188} INFO - [2024-05-11T04:41:53.089+0000] {dag.py:3954} INFO - Setting next_dagrun for conditional_dataset_and_time_based_timetable to 2024-05-08 01:00:00+00:00, run_after=2024-05-08 01:00:00+00:00
[2024-05-11T04:41:53.222+0000] {logging_mixin.py:188} INFO - [2024-05-11T04:41:53.222+0000] {dag.py:3954} INFO - Setting next_dagrun for consume_1_and_2_with_dataset_expressions to None, run_after=None
[2024-05-11T04:41:53.247+0000] {logging_mixin.py:188} INFO - [2024-05-11T04:41:53.244+0000] {dag.py:3954} INFO - Setting next_dagrun for consume_1_or_2_with_dataset_expressions to None, run_after=None
[2024-05-11T04:41:53.275+0000] {logging_mixin.py:188} INFO - [2024-05-11T04:41:53.275+0000] {dag.py:3954} INFO - Setting next_dagrun for consume_1_or_both_2_and_3_with_dataset_expressions to None, run_after=None
[2024-05-11T04:41:53.300+0000] {logging_mixin.py:188} INFO - [2024-05-11T04:41:53.300+0000] {dag.py:3954} INFO - Setting next_dagrun for dataset_consumes_1 to None, run_after=None
[2024-05-11T04:41:53.333+0000] {logging_mixin.py:188} INFO - [2024-05-11T04:41:53.327+0000] {dag.py:3954} INFO - Setting next_dagrun for dataset_consumes_1_and_2 to None, run_after=None
[2024-05-11T04:41:53.346+0000] {logging_mixin.py:188} INFO - [2024-05-11T04:41:53.345+0000] {dag.py:3954} INFO - Setting next_dagrun for dataset_consumes_1_never_scheduled to None, run_after=None
[2024-05-11T04:41:53.377+0000] {logging_mixin.py:188} INFO - [2024-05-11T04:41:53.376+0000] {dag.py:3954} INFO - Setting next_dagrun for dataset_consumes_unknown_never_scheduled to None, run_after=None
[2024-05-11T04:41:53.423+0000] {logging_mixin.py:188} INFO - [2024-05-11T04:41:53.423+0000] {dag.py:3954} INFO - Setting next_dagrun for dataset_produces_1 to 2024-05-10 00:00:00+00:00, run_after=2024-05-11 00:00:00+00:00
[2024-05-11T04:41:53.451+0000] {logging_mixin.py:188} INFO - [2024-05-11T04:41:53.451+0000] {dag.py:3954} INFO - Setting next_dagrun for dataset_produces_2 to None, run_after=None
[2024-05-11T04:41:53.897+0000] {processor.py:183} INFO - Processing /home/airflow/.local/lib/python3.12/site-packages/airflow/example_dags/example_datasets.py took 1.705 seconds
