[2024-05-11T00:00:25.638+0000] {processor.py:161} INFO - Started process (PID=192) to work on /home/airflow/.local/lib/python3.12/site-packages/airflow/example_dags/example_bash_decorator.py
[2024-05-11T00:00:25.653+0000] {processor.py:830} INFO - Processing file /home/airflow/.local/lib/python3.12/site-packages/airflow/example_dags/example_bash_decorator.py for tasks to queue
[2024-05-11T00:00:25.655+0000] {logging_mixin.py:188} INFO - [2024-05-11T00:00:25.655+0000] {dagbag.py:540} INFO - Filling up the DagBag from /home/airflow/.local/lib/python3.12/site-packages/airflow/example_dags/example_bash_decorator.py
[2024-05-11T00:00:25.727+0000] {processor.py:840} INFO - DAG(s) 'example_bash_decorator' retrieved from /home/airflow/.local/lib/python3.12/site-packages/airflow/example_dags/example_bash_decorator.py
[2024-05-11T00:00:25.835+0000] {logging_mixin.py:188} INFO - [2024-05-11T00:00:25.835+0000] {dag.py:3096} INFO - Sync 1 DAGs
[2024-05-11T00:00:25.891+0000] {logging_mixin.py:188} INFO - [2024-05-11T00:00:25.890+0000] {dag.py:3954} INFO - Setting next_dagrun for example_bash_decorator to None, run_after=None
[2024-05-11T00:00:26.051+0000] {processor.py:183} INFO - Processing /home/airflow/.local/lib/python3.12/site-packages/airflow/example_dags/example_bash_decorator.py took 0.450 seconds
[2024-05-11T00:00:56.488+0000] {processor.py:161} INFO - Started process (PID=250) to work on /home/airflow/.local/lib/python3.12/site-packages/airflow/example_dags/example_bash_decorator.py
[2024-05-11T00:00:56.500+0000] {processor.py:830} INFO - Processing file /home/airflow/.local/lib/python3.12/site-packages/airflow/example_dags/example_bash_decorator.py for tasks to queue
[2024-05-11T00:00:56.509+0000] {logging_mixin.py:188} INFO - [2024-05-11T00:00:56.506+0000] {dagbag.py:540} INFO - Filling up the DagBag from /home/airflow/.local/lib/python3.12/site-packages/airflow/example_dags/example_bash_decorator.py
[2024-05-11T00:00:56.624+0000] {processor.py:840} INFO - DAG(s) 'example_bash_decorator' retrieved from /home/airflow/.local/lib/python3.12/site-packages/airflow/example_dags/example_bash_decorator.py
[2024-05-11T00:00:56.854+0000] {logging_mixin.py:188} INFO - [2024-05-11T00:00:56.854+0000] {dag.py:3096} INFO - Sync 1 DAGs
[2024-05-11T00:00:56.966+0000] {logging_mixin.py:188} INFO - [2024-05-11T00:00:56.966+0000] {dag.py:3954} INFO - Setting next_dagrun for example_bash_decorator to None, run_after=None
[2024-05-11T00:00:57.074+0000] {processor.py:183} INFO - Processing /home/airflow/.local/lib/python3.12/site-packages/airflow/example_dags/example_bash_decorator.py took 0.626 seconds
[2024-05-11T02:01:41.236+0000] {processor.py:161} INFO - Started process (PID=312) to work on /home/airflow/.local/lib/python3.12/site-packages/airflow/example_dags/example_bash_decorator.py
[2024-05-11T02:01:41.270+0000] {processor.py:830} INFO - Processing file /home/airflow/.local/lib/python3.12/site-packages/airflow/example_dags/example_bash_decorator.py for tasks to queue
[2024-05-11T02:01:41.283+0000] {logging_mixin.py:188} INFO - [2024-05-11T02:01:41.280+0000] {dagbag.py:540} INFO - Filling up the DagBag from /home/airflow/.local/lib/python3.12/site-packages/airflow/example_dags/example_bash_decorator.py
[2024-05-11T02:01:42.054+0000] {processor.py:840} INFO - DAG(s) 'example_bash_decorator' retrieved from /home/airflow/.local/lib/python3.12/site-packages/airflow/example_dags/example_bash_decorator.py
[2024-05-11T02:01:43.234+0000] {logging_mixin.py:188} INFO - [2024-05-11T02:01:43.232+0000] {dag.py:3096} INFO - Sync 1 DAGs
[2024-05-11T02:01:43.770+0000] {logging_mixin.py:188} INFO - [2024-05-11T02:01:43.752+0000] {dag.py:3954} INFO - Setting next_dagrun for example_bash_decorator to None, run_after=None
[2024-05-11T02:01:44.623+0000] {processor.py:183} INFO - Processing /home/airflow/.local/lib/python3.12/site-packages/airflow/example_dags/example_bash_decorator.py took 3.678 seconds
[2024-05-11T04:39:56.060+0000] {processor.py:161} INFO - Started process (PID=393) to work on /home/airflow/.local/lib/python3.12/site-packages/airflow/example_dags/example_bash_decorator.py
[2024-05-11T04:39:56.072+0000] {processor.py:830} INFO - Processing file /home/airflow/.local/lib/python3.12/site-packages/airflow/example_dags/example_bash_decorator.py for tasks to queue
[2024-05-11T04:39:56.086+0000] {logging_mixin.py:188} INFO - [2024-05-11T04:39:56.081+0000] {dagbag.py:540} INFO - Filling up the DagBag from /home/airflow/.local/lib/python3.12/site-packages/airflow/example_dags/example_bash_decorator.py
[2024-05-11T04:39:56.162+0000] {processor.py:840} INFO - DAG(s) 'example_bash_decorator' retrieved from /home/airflow/.local/lib/python3.12/site-packages/airflow/example_dags/example_bash_decorator.py
[2024-05-11T04:39:56.234+0000] {logging_mixin.py:188} INFO - [2024-05-11T04:39:56.233+0000] {dag.py:3096} INFO - Sync 1 DAGs
[2024-05-11T04:39:56.269+0000] {logging_mixin.py:188} INFO - [2024-05-11T04:39:56.268+0000] {dag.py:3954} INFO - Setting next_dagrun for example_bash_decorator to None, run_after=None
[2024-05-11T04:39:56.622+0000] {processor.py:183} INFO - Processing /home/airflow/.local/lib/python3.12/site-packages/airflow/example_dags/example_bash_decorator.py took 0.600 seconds
[2024-05-11T04:40:31.773+0000] {processor.py:161} INFO - Started process (PID=453) to work on /home/airflow/.local/lib/python3.12/site-packages/airflow/example_dags/example_bash_decorator.py
[2024-05-11T04:40:31.809+0000] {processor.py:830} INFO - Processing file /home/airflow/.local/lib/python3.12/site-packages/airflow/example_dags/example_bash_decorator.py for tasks to queue
[2024-05-11T04:40:31.812+0000] {logging_mixin.py:188} INFO - [2024-05-11T04:40:31.811+0000] {dagbag.py:540} INFO - Filling up the DagBag from /home/airflow/.local/lib/python3.12/site-packages/airflow/example_dags/example_bash_decorator.py
[2024-05-11T04:40:32.039+0000] {processor.py:840} INFO - DAG(s) 'example_bash_decorator' retrieved from /home/airflow/.local/lib/python3.12/site-packages/airflow/example_dags/example_bash_decorator.py
[2024-05-11T04:40:32.505+0000] {logging_mixin.py:188} INFO - [2024-05-11T04:40:32.484+0000] {dag.py:3096} INFO - Sync 1 DAGs
[2024-05-11T04:40:32.687+0000] {logging_mixin.py:188} INFO - [2024-05-11T04:40:32.686+0000] {dag.py:3954} INFO - Setting next_dagrun for example_bash_decorator to None, run_after=None
[2024-05-11T04:40:33.123+0000] {processor.py:183} INFO - Processing /home/airflow/.local/lib/python3.12/site-packages/airflow/example_dags/example_bash_decorator.py took 1.389 seconds
[2024-05-11T04:41:54.503+0000] {processor.py:161} INFO - Started process (PID=498) to work on /home/airflow/.local/lib/python3.12/site-packages/airflow/example_dags/example_bash_decorator.py
[2024-05-11T04:41:54.566+0000] {processor.py:830} INFO - Processing file /home/airflow/.local/lib/python3.12/site-packages/airflow/example_dags/example_bash_decorator.py for tasks to queue
[2024-05-11T04:41:54.586+0000] {logging_mixin.py:188} INFO - [2024-05-11T04:41:54.575+0000] {dagbag.py:540} INFO - Filling up the DagBag from /home/airflow/.local/lib/python3.12/site-packages/airflow/example_dags/example_bash_decorator.py
[2024-05-11T04:41:54.751+0000] {processor.py:840} INFO - DAG(s) 'example_bash_decorator' retrieved from /home/airflow/.local/lib/python3.12/site-packages/airflow/example_dags/example_bash_decorator.py
[2024-05-11T04:41:56.463+0000] {logging_mixin.py:188} INFO - [2024-05-11T04:41:56.225+0000] {dag.py:3096} INFO - Sync 1 DAGs
[2024-05-11T04:41:57.001+0000] {logging_mixin.py:188} INFO - [2024-05-11T04:41:56.996+0000] {dag.py:3954} INFO - Setting next_dagrun for example_bash_decorator to None, run_after=None
[2024-05-11T04:41:57.360+0000] {processor.py:183} INFO - Processing /home/airflow/.local/lib/python3.12/site-packages/airflow/example_dags/example_bash_decorator.py took 2.826 seconds
