[2024-05-11T00:00:05.413+0000] {processor.py:161} INFO - Started process (PID=156) to work on /home/airflow/.local/lib/python3.12/site-packages/airflow/example_dags/example_branch_python_dop_operator_3.py
[2024-05-11T00:00:05.447+0000] {processor.py:830} INFO - Processing file /home/airflow/.local/lib/python3.12/site-packages/airflow/example_dags/example_branch_python_dop_operator_3.py for tasks to queue
[2024-05-11T00:00:05.895+0000] {logging_mixin.py:188} INFO - [2024-05-11T00:00:05.894+0000] {dagbag.py:540} INFO - Filling up the DagBag from /home/airflow/.local/lib/python3.12/site-packages/airflow/example_dags/example_branch_python_dop_operator_3.py
[2024-05-11T00:00:05.954+0000] {processor.py:840} INFO - DAG(s) 'example_branch_dop_operator_v3' retrieved from /home/airflow/.local/lib/python3.12/site-packages/airflow/example_dags/example_branch_python_dop_operator_3.py
[2024-05-11T00:00:06.173+0000] {logging_mixin.py:188} INFO - [2024-05-11T00:00:06.172+0000] {dag.py:3096} INFO - Sync 1 DAGs
[2024-05-11T00:00:06.422+0000] {logging_mixin.py:188} INFO - [2024-05-11T00:00:06.422+0000] {dag.py:3954} INFO - Setting next_dagrun for example_branch_dop_operator_v3 to 2024-05-10 23:59:00+00:00, run_after=2024-05-11 00:00:00+00:00
[2024-05-11T00:00:06.569+0000] {processor.py:183} INFO - Processing /home/airflow/.local/lib/python3.12/site-packages/airflow/example_dags/example_branch_python_dop_operator_3.py took 1.181 seconds
[2024-05-11T00:00:37.132+0000] {processor.py:161} INFO - Started process (PID=213) to work on /home/airflow/.local/lib/python3.12/site-packages/airflow/example_dags/example_branch_python_dop_operator_3.py
[2024-05-11T00:00:37.137+0000] {processor.py:830} INFO - Processing file /home/airflow/.local/lib/python3.12/site-packages/airflow/example_dags/example_branch_python_dop_operator_3.py for tasks to queue
[2024-05-11T00:00:37.143+0000] {logging_mixin.py:188} INFO - [2024-05-11T00:00:37.141+0000] {dagbag.py:540} INFO - Filling up the DagBag from /home/airflow/.local/lib/python3.12/site-packages/airflow/example_dags/example_branch_python_dop_operator_3.py
[2024-05-11T00:00:37.180+0000] {processor.py:840} INFO - DAG(s) 'example_branch_dop_operator_v3' retrieved from /home/airflow/.local/lib/python3.12/site-packages/airflow/example_dags/example_branch_python_dop_operator_3.py
[2024-05-11T00:00:37.274+0000] {logging_mixin.py:188} INFO - [2024-05-11T00:00:37.274+0000] {dag.py:3096} INFO - Sync 1 DAGs
[2024-05-11T00:00:37.353+0000] {logging_mixin.py:188} INFO - [2024-05-11T00:00:37.353+0000] {dag.py:3954} INFO - Setting next_dagrun for example_branch_dop_operator_v3 to 2024-05-10 23:59:00+00:00, run_after=2024-05-11 00:00:00+00:00
[2024-05-11T00:00:37.403+0000] {processor.py:183} INFO - Processing /home/airflow/.local/lib/python3.12/site-packages/airflow/example_dags/example_branch_python_dop_operator_3.py took 0.308 seconds
[2024-05-11T00:01:07.757+0000] {processor.py:161} INFO - Started process (PID=271) to work on /home/airflow/.local/lib/python3.12/site-packages/airflow/example_dags/example_branch_python_dop_operator_3.py
[2024-05-11T00:01:07.774+0000] {processor.py:830} INFO - Processing file /home/airflow/.local/lib/python3.12/site-packages/airflow/example_dags/example_branch_python_dop_operator_3.py for tasks to queue
[2024-05-11T00:01:07.779+0000] {logging_mixin.py:188} INFO - [2024-05-11T00:01:07.778+0000] {dagbag.py:540} INFO - Filling up the DagBag from /home/airflow/.local/lib/python3.12/site-packages/airflow/example_dags/example_branch_python_dop_operator_3.py
[2024-05-11T00:01:07.806+0000] {processor.py:840} INFO - DAG(s) 'example_branch_dop_operator_v3' retrieved from /home/airflow/.local/lib/python3.12/site-packages/airflow/example_dags/example_branch_python_dop_operator_3.py
[2024-05-11T00:01:07.862+0000] {logging_mixin.py:188} INFO - [2024-05-11T00:01:07.862+0000] {dag.py:3096} INFO - Sync 1 DAGs
[2024-05-11T00:01:07.915+0000] {logging_mixin.py:188} INFO - [2024-05-11T00:01:07.915+0000] {dag.py:3954} INFO - Setting next_dagrun for example_branch_dop_operator_v3 to 2024-05-11 00:00:00+00:00, run_after=2024-05-11 00:01:00+00:00
[2024-05-11T00:01:08.050+0000] {processor.py:183} INFO - Processing /home/airflow/.local/lib/python3.12/site-packages/airflow/example_dags/example_branch_python_dop_operator_3.py took 0.313 seconds
[2024-05-11T02:55:38.800+0000] {processor.py:161} INFO - Started process (PID=352) to work on /home/airflow/.local/lib/python3.12/site-packages/airflow/example_dags/example_branch_python_dop_operator_3.py
[2024-05-11T02:55:38.824+0000] {processor.py:830} INFO - Processing file /home/airflow/.local/lib/python3.12/site-packages/airflow/example_dags/example_branch_python_dop_operator_3.py for tasks to queue
[2024-05-11T02:55:38.857+0000] {logging_mixin.py:188} INFO - [2024-05-11T02:55:38.855+0000] {dagbag.py:540} INFO - Filling up the DagBag from /home/airflow/.local/lib/python3.12/site-packages/airflow/example_dags/example_branch_python_dop_operator_3.py
[2024-05-11T02:55:39.361+0000] {processor.py:840} INFO - DAG(s) 'example_branch_dop_operator_v3' retrieved from /home/airflow/.local/lib/python3.12/site-packages/airflow/example_dags/example_branch_python_dop_operator_3.py
[2024-05-11T02:55:40.250+0000] {logging_mixin.py:188} INFO - [2024-05-11T02:55:40.218+0000] {dag.py:3096} INFO - Sync 1 DAGs
[2024-05-11T02:55:41.593+0000] {logging_mixin.py:188} INFO - [2024-05-11T02:55:41.591+0000] {dag.py:3954} INFO - Setting next_dagrun for example_branch_dop_operator_v3 to 2024-05-11 02:54:00+00:00, run_after=2024-05-11 02:55:00+00:00
[2024-05-11T02:55:43.624+0000] {processor.py:183} INFO - Processing /home/airflow/.local/lib/python3.12/site-packages/airflow/example_dags/example_branch_python_dop_operator_3.py took 4.989 seconds
[2024-05-11T04:40:12.399+0000] {processor.py:161} INFO - Started process (PID=413) to work on /home/airflow/.local/lib/python3.12/site-packages/airflow/example_dags/example_branch_python_dop_operator_3.py
[2024-05-11T04:40:12.412+0000] {processor.py:830} INFO - Processing file /home/airflow/.local/lib/python3.12/site-packages/airflow/example_dags/example_branch_python_dop_operator_3.py for tasks to queue
[2024-05-11T04:40:12.429+0000] {logging_mixin.py:188} INFO - [2024-05-11T04:40:12.420+0000] {dagbag.py:540} INFO - Filling up the DagBag from /home/airflow/.local/lib/python3.12/site-packages/airflow/example_dags/example_branch_python_dop_operator_3.py
[2024-05-11T04:40:12.531+0000] {processor.py:840} INFO - DAG(s) 'example_branch_dop_operator_v3' retrieved from /home/airflow/.local/lib/python3.12/site-packages/airflow/example_dags/example_branch_python_dop_operator_3.py
[2024-05-11T04:40:12.741+0000] {logging_mixin.py:188} INFO - [2024-05-11T04:40:12.741+0000] {dag.py:3096} INFO - Sync 1 DAGs
[2024-05-11T04:40:12.985+0000] {logging_mixin.py:188} INFO - [2024-05-11T04:40:12.980+0000] {dag.py:3954} INFO - Setting next_dagrun for example_branch_dop_operator_v3 to 2024-05-11 04:39:00+00:00, run_after=2024-05-11 04:40:00+00:00
[2024-05-11T04:40:13.048+0000] {processor.py:183} INFO - Processing /home/airflow/.local/lib/python3.12/site-packages/airflow/example_dags/example_branch_python_dop_operator_3.py took 0.707 seconds
[2024-05-11T04:42:23.354+0000] {processor.py:161} INFO - Started process (PID=512) to work on /home/airflow/.local/lib/python3.12/site-packages/airflow/example_dags/example_branch_python_dop_operator_3.py
[2024-05-11T04:42:23.372+0000] {processor.py:830} INFO - Processing file /home/airflow/.local/lib/python3.12/site-packages/airflow/example_dags/example_branch_python_dop_operator_3.py for tasks to queue
[2024-05-11T04:42:23.387+0000] {logging_mixin.py:188} INFO - [2024-05-11T04:42:23.382+0000] {dagbag.py:540} INFO - Filling up the DagBag from /home/airflow/.local/lib/python3.12/site-packages/airflow/example_dags/example_branch_python_dop_operator_3.py
[2024-05-11T04:42:23.470+0000] {processor.py:840} INFO - DAG(s) 'example_branch_dop_operator_v3' retrieved from /home/airflow/.local/lib/python3.12/site-packages/airflow/example_dags/example_branch_python_dop_operator_3.py
[2024-05-11T04:42:23.728+0000] {logging_mixin.py:188} INFO - [2024-05-11T04:42:23.728+0000] {dag.py:3096} INFO - Sync 1 DAGs
[2024-05-11T04:42:24.171+0000] {logging_mixin.py:188} INFO - [2024-05-11T04:42:24.170+0000] {dag.py:3954} INFO - Setting next_dagrun for example_branch_dop_operator_v3 to 2024-05-11 04:41:00+00:00, run_after=2024-05-11 04:42:00+00:00
[2024-05-11T04:42:24.255+0000] {processor.py:183} INFO - Processing /home/airflow/.local/lib/python3.12/site-packages/airflow/example_dags/example_branch_python_dop_operator_3.py took 0.969 seconds
