[2024-05-11T00:00:11.021+0000] {processor.py:161} INFO - Started process (PID=165) to work on /home/airflow/.local/lib/python3.12/site-packages/airflow/example_dags/example_python_operator.py
[2024-05-11T00:00:11.039+0000] {processor.py:830} INFO - Processing file /home/airflow/.local/lib/python3.12/site-packages/airflow/example_dags/example_python_operator.py for tasks to queue
[2024-05-11T00:00:11.046+0000] {logging_mixin.py:188} INFO - [2024-05-11T00:00:11.044+0000] {dagbag.py:540} INFO - Filling up the DagBag from /home/airflow/.local/lib/python3.12/site-packages/airflow/example_dags/example_python_operator.py
[2024-05-11T00:00:11.131+0000] {processor.py:840} INFO - DAG(s) 'example_python_operator' retrieved from /home/airflow/.local/lib/python3.12/site-packages/airflow/example_dags/example_python_operator.py
[2024-05-11T00:00:11.976+0000] {logging_mixin.py:188} INFO - [2024-05-11T00:00:11.976+0000] {dag.py:3096} INFO - Sync 1 DAGs
[2024-05-11T00:00:12.057+0000] {logging_mixin.py:188} INFO - [2024-05-11T00:00:12.057+0000] {dag.py:3954} INFO - Setting next_dagrun for example_python_operator to None, run_after=None
[2024-05-11T00:00:12.214+0000] {processor.py:183} INFO - Processing /home/airflow/.local/lib/python3.12/site-packages/airflow/example_dags/example_python_operator.py took 1.220 seconds
[2024-05-11T00:00:43.106+0000] {processor.py:161} INFO - Started process (PID=223) to work on /home/airflow/.local/lib/python3.12/site-packages/airflow/example_dags/example_python_operator.py
[2024-05-11T00:00:43.113+0000] {processor.py:830} INFO - Processing file /home/airflow/.local/lib/python3.12/site-packages/airflow/example_dags/example_python_operator.py for tasks to queue
[2024-05-11T00:00:43.125+0000] {logging_mixin.py:188} INFO - [2024-05-11T00:00:43.120+0000] {dagbag.py:540} INFO - Filling up the DagBag from /home/airflow/.local/lib/python3.12/site-packages/airflow/example_dags/example_python_operator.py
[2024-05-11T00:00:43.186+0000] {processor.py:840} INFO - DAG(s) 'example_python_operator' retrieved from /home/airflow/.local/lib/python3.12/site-packages/airflow/example_dags/example_python_operator.py
[2024-05-11T00:00:43.305+0000] {logging_mixin.py:188} INFO - [2024-05-11T00:00:43.305+0000] {dag.py:3096} INFO - Sync 1 DAGs
[2024-05-11T00:00:43.393+0000] {logging_mixin.py:188} INFO - [2024-05-11T00:00:43.393+0000] {dag.py:3954} INFO - Setting next_dagrun for example_python_operator to None, run_after=None
[2024-05-11T00:00:43.494+0000] {processor.py:183} INFO - Processing /home/airflow/.local/lib/python3.12/site-packages/airflow/example_dags/example_python_operator.py took 0.441 seconds
[2024-05-11T00:01:14.440+0000] {processor.py:161} INFO - Started process (PID=281) to work on /home/airflow/.local/lib/python3.12/site-packages/airflow/example_dags/example_python_operator.py
[2024-05-11T00:01:14.463+0000] {processor.py:830} INFO - Processing file /home/airflow/.local/lib/python3.12/site-packages/airflow/example_dags/example_python_operator.py for tasks to queue
[2024-05-11T00:01:14.468+0000] {logging_mixin.py:188} INFO - [2024-05-11T00:01:14.467+0000] {dagbag.py:540} INFO - Filling up the DagBag from /home/airflow/.local/lib/python3.12/site-packages/airflow/example_dags/example_python_operator.py
[2024-05-11T00:01:14.548+0000] {processor.py:840} INFO - DAG(s) 'example_python_operator' retrieved from /home/airflow/.local/lib/python3.12/site-packages/airflow/example_dags/example_python_operator.py
[2024-05-11T00:01:14.828+0000] {logging_mixin.py:188} INFO - [2024-05-11T00:01:14.825+0000] {dag.py:3096} INFO - Sync 1 DAGs
[2024-05-11T00:01:14.954+0000] {logging_mixin.py:188} INFO - [2024-05-11T00:01:14.954+0000] {dag.py:3954} INFO - Setting next_dagrun for example_python_operator to None, run_after=None
[2024-05-11T00:01:15.053+0000] {processor.py:183} INFO - Processing /home/airflow/.local/lib/python3.12/site-packages/airflow/example_dags/example_python_operator.py took 0.668 seconds
[2024-05-11T02:56:02.356+0000] {processor.py:161} INFO - Started process (PID=361) to work on /home/airflow/.local/lib/python3.12/site-packages/airflow/example_dags/example_python_operator.py
[2024-05-11T02:56:02.363+0000] {processor.py:830} INFO - Processing file /home/airflow/.local/lib/python3.12/site-packages/airflow/example_dags/example_python_operator.py for tasks to queue
[2024-05-11T02:56:02.366+0000] {logging_mixin.py:188} INFO - [2024-05-11T02:56:02.365+0000] {dagbag.py:540} INFO - Filling up the DagBag from /home/airflow/.local/lib/python3.12/site-packages/airflow/example_dags/example_python_operator.py
[2024-05-11T02:56:02.815+0000] {processor.py:840} INFO - DAG(s) 'example_python_operator' retrieved from /home/airflow/.local/lib/python3.12/site-packages/airflow/example_dags/example_python_operator.py
[2024-05-11T02:56:03.370+0000] {logging_mixin.py:188} INFO - [2024-05-11T02:56:03.369+0000] {dag.py:3096} INFO - Sync 1 DAGs
[2024-05-11T02:56:03.451+0000] {logging_mixin.py:188} INFO - [2024-05-11T02:56:03.450+0000] {dag.py:3954} INFO - Setting next_dagrun for example_python_operator to None, run_after=None
[2024-05-11T02:56:03.720+0000] {processor.py:183} INFO - Processing /home/airflow/.local/lib/python3.12/site-packages/airflow/example_dags/example_python_operator.py took 1.401 seconds
[2024-05-11T04:40:15.417+0000] {processor.py:161} INFO - Started process (PID=430) to work on /home/airflow/.local/lib/python3.12/site-packages/airflow/example_dags/example_python_operator.py
[2024-05-11T04:40:15.421+0000] {processor.py:830} INFO - Processing file /home/airflow/.local/lib/python3.12/site-packages/airflow/example_dags/example_python_operator.py for tasks to queue
[2024-05-11T04:40:15.426+0000] {logging_mixin.py:188} INFO - [2024-05-11T04:40:15.426+0000] {dagbag.py:540} INFO - Filling up the DagBag from /home/airflow/.local/lib/python3.12/site-packages/airflow/example_dags/example_python_operator.py
[2024-05-11T04:40:15.506+0000] {processor.py:840} INFO - DAG(s) 'example_python_operator' retrieved from /home/airflow/.local/lib/python3.12/site-packages/airflow/example_dags/example_python_operator.py
[2024-05-11T04:40:15.673+0000] {logging_mixin.py:188} INFO - [2024-05-11T04:40:15.672+0000] {dag.py:3096} INFO - Sync 1 DAGs
[2024-05-11T04:40:15.754+0000] {logging_mixin.py:188} INFO - [2024-05-11T04:40:15.753+0000] {dag.py:3954} INFO - Setting next_dagrun for example_python_operator to None, run_after=None
[2024-05-11T04:40:15.848+0000] {processor.py:183} INFO - Processing /home/airflow/.local/lib/python3.12/site-packages/airflow/example_dags/example_python_operator.py took 0.461 seconds
[2024-05-11T04:42:27.567+0000] {processor.py:161} INFO - Started process (PID=521) to work on /home/airflow/.local/lib/python3.12/site-packages/airflow/example_dags/example_python_operator.py
[2024-05-11T04:42:27.578+0000] {processor.py:830} INFO - Processing file /home/airflow/.local/lib/python3.12/site-packages/airflow/example_dags/example_python_operator.py for tasks to queue
[2024-05-11T04:42:27.583+0000] {logging_mixin.py:188} INFO - [2024-05-11T04:42:27.583+0000] {dagbag.py:540} INFO - Filling up the DagBag from /home/airflow/.local/lib/python3.12/site-packages/airflow/example_dags/example_python_operator.py
[2024-05-11T04:42:27.709+0000] {processor.py:840} INFO - DAG(s) 'example_python_operator' retrieved from /home/airflow/.local/lib/python3.12/site-packages/airflow/example_dags/example_python_operator.py
[2024-05-11T04:42:27.882+0000] {logging_mixin.py:188} INFO - [2024-05-11T04:42:27.875+0000] {dag.py:3096} INFO - Sync 1 DAGs
[2024-05-11T04:42:28.006+0000] {logging_mixin.py:188} INFO - [2024-05-11T04:42:28.002+0000] {dag.py:3954} INFO - Setting next_dagrun for example_python_operator to None, run_after=None
[2024-05-11T04:42:28.111+0000] {processor.py:183} INFO - Processing /home/airflow/.local/lib/python3.12/site-packages/airflow/example_dags/example_python_operator.py took 0.605 seconds
