[2024-05-11T00:00:04.284+0000] {processor.py:161} INFO - Started process (PID=153) to work on /home/airflow/.local/lib/python3.12/site-packages/airflow/example_dags/example_trigger_target_dag.py
[2024-05-11T00:00:04.289+0000] {processor.py:830} INFO - Processing file /home/airflow/.local/lib/python3.12/site-packages/airflow/example_dags/example_trigger_target_dag.py for tasks to queue
[2024-05-11T00:00:04.300+0000] {logging_mixin.py:188} INFO - [2024-05-11T00:00:04.297+0000] {dagbag.py:540} INFO - Filling up the DagBag from /home/airflow/.local/lib/python3.12/site-packages/airflow/example_dags/example_trigger_target_dag.py
[2024-05-11T00:00:04.325+0000] {processor.py:840} INFO - DAG(s) 'example_trigger_target_dag' retrieved from /home/airflow/.local/lib/python3.12/site-packages/airflow/example_dags/example_trigger_target_dag.py
[2024-05-11T00:00:04.371+0000] {logging_mixin.py:188} INFO - [2024-05-11T00:00:04.371+0000] {dag.py:3096} INFO - Sync 1 DAGs
[2024-05-11T00:00:04.461+0000] {logging_mixin.py:188} INFO - [2024-05-11T00:00:04.459+0000] {dag.py:3954} INFO - Setting next_dagrun for example_trigger_target_dag to None, run_after=None
[2024-05-11T00:00:04.546+0000] {processor.py:183} INFO - Processing /home/airflow/.local/lib/python3.12/site-packages/airflow/example_dags/example_trigger_target_dag.py took 0.325 seconds
[2024-05-11T00:00:35.551+0000] {processor.py:161} INFO - Started process (PID=211) to work on /home/airflow/.local/lib/python3.12/site-packages/airflow/example_dags/example_trigger_target_dag.py
[2024-05-11T00:00:35.559+0000] {processor.py:830} INFO - Processing file /home/airflow/.local/lib/python3.12/site-packages/airflow/example_dags/example_trigger_target_dag.py for tasks to queue
[2024-05-11T00:00:35.563+0000] {logging_mixin.py:188} INFO - [2024-05-11T00:00:35.562+0000] {dagbag.py:540} INFO - Filling up the DagBag from /home/airflow/.local/lib/python3.12/site-packages/airflow/example_dags/example_trigger_target_dag.py
[2024-05-11T00:00:35.633+0000] {processor.py:840} INFO - DAG(s) 'example_trigger_target_dag' retrieved from /home/airflow/.local/lib/python3.12/site-packages/airflow/example_dags/example_trigger_target_dag.py
[2024-05-11T00:00:35.778+0000] {logging_mixin.py:188} INFO - [2024-05-11T00:00:35.777+0000] {dag.py:3096} INFO - Sync 1 DAGs
[2024-05-11T00:00:35.845+0000] {logging_mixin.py:188} INFO - [2024-05-11T00:00:35.845+0000] {dag.py:3954} INFO - Setting next_dagrun for example_trigger_target_dag to None, run_after=None
[2024-05-11T00:00:35.965+0000] {processor.py:183} INFO - Processing /home/airflow/.local/lib/python3.12/site-packages/airflow/example_dags/example_trigger_target_dag.py took 0.448 seconds
[2024-05-11T00:01:06.282+0000] {processor.py:161} INFO - Started process (PID=269) to work on /home/airflow/.local/lib/python3.12/site-packages/airflow/example_dags/example_trigger_target_dag.py
[2024-05-11T00:01:06.286+0000] {processor.py:830} INFO - Processing file /home/airflow/.local/lib/python3.12/site-packages/airflow/example_dags/example_trigger_target_dag.py for tasks to queue
[2024-05-11T00:01:06.289+0000] {logging_mixin.py:188} INFO - [2024-05-11T00:01:06.288+0000] {dagbag.py:540} INFO - Filling up the DagBag from /home/airflow/.local/lib/python3.12/site-packages/airflow/example_dags/example_trigger_target_dag.py
[2024-05-11T00:01:06.308+0000] {processor.py:840} INFO - DAG(s) 'example_trigger_target_dag' retrieved from /home/airflow/.local/lib/python3.12/site-packages/airflow/example_dags/example_trigger_target_dag.py
[2024-05-11T00:01:06.365+0000] {logging_mixin.py:188} INFO - [2024-05-11T00:01:06.365+0000] {dag.py:3096} INFO - Sync 1 DAGs
[2024-05-11T00:01:06.447+0000] {logging_mixin.py:188} INFO - [2024-05-11T00:01:06.435+0000] {dag.py:3954} INFO - Setting next_dagrun for example_trigger_target_dag to None, run_after=None
[2024-05-11T00:01:06.639+0000] {processor.py:183} INFO - Processing /home/airflow/.local/lib/python3.12/site-packages/airflow/example_dags/example_trigger_target_dag.py took 0.374 seconds
[2024-05-11T02:02:10.958+0000] {processor.py:161} INFO - Started process (PID=343) to work on /home/airflow/.local/lib/python3.12/site-packages/airflow/example_dags/example_trigger_target_dag.py
[2024-05-11T02:02:11.093+0000] {processor.py:830} INFO - Processing file /home/airflow/.local/lib/python3.12/site-packages/airflow/example_dags/example_trigger_target_dag.py for tasks to queue
[2024-05-11T02:02:11.107+0000] {logging_mixin.py:188} INFO - [2024-05-11T02:02:11.105+0000] {dagbag.py:540} INFO - Filling up the DagBag from /home/airflow/.local/lib/python3.12/site-packages/airflow/example_dags/example_trigger_target_dag.py
[2024-05-11T02:02:11.651+0000] {processor.py:840} INFO - DAG(s) 'example_trigger_target_dag' retrieved from /home/airflow/.local/lib/python3.12/site-packages/airflow/example_dags/example_trigger_target_dag.py
[2024-05-11T02:02:12.476+0000] {logging_mixin.py:188} INFO - [2024-05-11T02:02:12.474+0000] {dag.py:3096} INFO - Sync 1 DAGs
[2024-05-11T02:02:13.529+0000] {logging_mixin.py:188} INFO - [2024-05-11T02:02:13.527+0000] {dag.py:3954} INFO - Setting next_dagrun for example_trigger_target_dag to None, run_after=None
[2024-05-11T02:55:34.316+0000] {processor.py:183} INFO - Processing /home/airflow/.local/lib/python3.12/site-packages/airflow/example_dags/example_trigger_target_dag.py took 8.723 seconds
[2024-05-11T04:40:03.761+0000] {processor.py:161} INFO - Started process (PID=410) to work on /home/airflow/.local/lib/python3.12/site-packages/airflow/example_dags/example_trigger_target_dag.py
[2024-05-11T04:40:03.778+0000] {processor.py:830} INFO - Processing file /home/airflow/.local/lib/python3.12/site-packages/airflow/example_dags/example_trigger_target_dag.py for tasks to queue
[2024-05-11T04:40:03.796+0000] {logging_mixin.py:188} INFO - [2024-05-11T04:40:03.790+0000] {dagbag.py:540} INFO - Filling up the DagBag from /home/airflow/.local/lib/python3.12/site-packages/airflow/example_dags/example_trigger_target_dag.py
[2024-05-11T04:40:03.827+0000] {processor.py:840} INFO - DAG(s) 'example_trigger_target_dag' retrieved from /home/airflow/.local/lib/python3.12/site-packages/airflow/example_dags/example_trigger_target_dag.py
[2024-05-11T04:40:06.153+0000] {logging_mixin.py:188} INFO - [2024-05-11T04:40:06.044+0000] {dag.py:3096} INFO - Sync 1 DAGs
[2024-05-11T04:40:06.188+0000] {logging_mixin.py:188} INFO - [2024-05-11T04:40:06.188+0000] {dag.py:3954} INFO - Setting next_dagrun for example_trigger_target_dag to None, run_after=None
[2024-05-11T04:40:06.665+0000] {processor.py:183} INFO - Processing /home/airflow/.local/lib/python3.12/site-packages/airflow/example_dags/example_trigger_target_dag.py took 2.957 seconds
[2024-05-11T04:40:39.710+0000] {processor.py:161} INFO - Started process (PID=468) to work on /home/airflow/.local/lib/python3.12/site-packages/airflow/example_dags/example_trigger_target_dag.py
[2024-05-11T04:40:39.720+0000] {processor.py:830} INFO - Processing file /home/airflow/.local/lib/python3.12/site-packages/airflow/example_dags/example_trigger_target_dag.py for tasks to queue
[2024-05-11T04:40:39.726+0000] {logging_mixin.py:188} INFO - [2024-05-11T04:40:39.725+0000] {dagbag.py:540} INFO - Filling up the DagBag from /home/airflow/.local/lib/python3.12/site-packages/airflow/example_dags/example_trigger_target_dag.py
[2024-05-11T04:40:39.792+0000] {processor.py:840} INFO - DAG(s) 'example_trigger_target_dag' retrieved from /home/airflow/.local/lib/python3.12/site-packages/airflow/example_dags/example_trigger_target_dag.py
[2024-05-11T04:40:39.891+0000] {logging_mixin.py:188} INFO - [2024-05-11T04:40:39.891+0000] {dag.py:3096} INFO - Sync 1 DAGs
[2024-05-11T04:40:39.944+0000] {logging_mixin.py:188} INFO - [2024-05-11T04:40:39.944+0000] {dag.py:3954} INFO - Setting next_dagrun for example_trigger_target_dag to None, run_after=None
[2024-05-11T04:40:40.013+0000] {processor.py:183} INFO - Processing /home/airflow/.local/lib/python3.12/site-packages/airflow/example_dags/example_trigger_target_dag.py took 0.418 seconds
[2024-05-11T04:42:23.150+0000] {processor.py:161} INFO - Started process (PID=511) to work on /home/airflow/.local/lib/python3.12/site-packages/airflow/example_dags/example_trigger_target_dag.py
[2024-05-11T04:42:23.158+0000] {processor.py:830} INFO - Processing file /home/airflow/.local/lib/python3.12/site-packages/airflow/example_dags/example_trigger_target_dag.py for tasks to queue
[2024-05-11T04:42:23.174+0000] {logging_mixin.py:188} INFO - [2024-05-11T04:42:23.169+0000] {dagbag.py:540} INFO - Filling up the DagBag from /home/airflow/.local/lib/python3.12/site-packages/airflow/example_dags/example_trigger_target_dag.py
[2024-05-11T04:42:23.328+0000] {processor.py:840} INFO - DAG(s) 'example_trigger_target_dag' retrieved from /home/airflow/.local/lib/python3.12/site-packages/airflow/example_dags/example_trigger_target_dag.py
[2024-05-11T04:42:23.458+0000] {logging_mixin.py:188} INFO - [2024-05-11T04:42:23.457+0000] {dag.py:3096} INFO - Sync 1 DAGs
[2024-05-11T04:42:23.669+0000] {logging_mixin.py:188} INFO - [2024-05-11T04:42:23.668+0000] {dag.py:3954} INFO - Setting next_dagrun for example_trigger_target_dag to None, run_after=None
[2024-05-11T04:42:23.838+0000] {processor.py:183} INFO - Processing /home/airflow/.local/lib/python3.12/site-packages/airflow/example_dags/example_trigger_target_dag.py took 0.750 seconds
