[2024-05-11T00:00:10.384+0000] {processor.py:161} INFO - Started process (PID=163) to work on /home/airflow/.local/lib/python3.12/site-packages/airflow/example_dags/tutorial.py
[2024-05-11T00:00:10.401+0000] {processor.py:830} INFO - Processing file /home/airflow/.local/lib/python3.12/site-packages/airflow/example_dags/tutorial.py for tasks to queue
[2024-05-11T00:00:10.412+0000] {logging_mixin.py:188} INFO - [2024-05-11T00:00:10.407+0000] {dagbag.py:540} INFO - Filling up the DagBag from /home/airflow/.local/lib/python3.12/site-packages/airflow/example_dags/tutorial.py
[2024-05-11T00:00:10.465+0000] {processor.py:840} INFO - DAG(s) 'tutorial' retrieved from /home/airflow/.local/lib/python3.12/site-packages/airflow/example_dags/tutorial.py
[2024-05-11T00:00:10.554+0000] {logging_mixin.py:188} INFO - [2024-05-11T00:00:10.554+0000] {dag.py:3096} INFO - Sync 1 DAGs
[2024-05-11T00:00:10.680+0000] {logging_mixin.py:188} INFO - [2024-05-11T00:00:10.680+0000] {dag.py:3954} INFO - Setting next_dagrun for tutorial to 2024-05-10 00:00:00+00:00, run_after=2024-05-11 00:00:00+00:00
[2024-05-11T00:00:10.770+0000] {processor.py:183} INFO - Processing /home/airflow/.local/lib/python3.12/site-packages/airflow/example_dags/tutorial.py took 0.432 seconds
[2024-05-11T00:00:42.345+0000] {processor.py:161} INFO - Started process (PID=221) to work on /home/airflow/.local/lib/python3.12/site-packages/airflow/example_dags/tutorial.py
[2024-05-11T00:00:42.354+0000] {processor.py:830} INFO - Processing file /home/airflow/.local/lib/python3.12/site-packages/airflow/example_dags/tutorial.py for tasks to queue
[2024-05-11T00:00:42.362+0000] {logging_mixin.py:188} INFO - [2024-05-11T00:00:42.361+0000] {dagbag.py:540} INFO - Filling up the DagBag from /home/airflow/.local/lib/python3.12/site-packages/airflow/example_dags/tutorial.py
[2024-05-11T00:00:42.373+0000] {processor.py:840} INFO - DAG(s) 'tutorial' retrieved from /home/airflow/.local/lib/python3.12/site-packages/airflow/example_dags/tutorial.py
[2024-05-11T00:00:42.531+0000] {logging_mixin.py:188} INFO - [2024-05-11T00:00:42.531+0000] {dag.py:3096} INFO - Sync 1 DAGs
[2024-05-11T00:00:42.625+0000] {logging_mixin.py:188} INFO - [2024-05-11T00:00:42.624+0000] {dag.py:3954} INFO - Setting next_dagrun for tutorial to 2024-05-10 00:00:00+00:00, run_after=2024-05-11 00:00:00+00:00
[2024-05-11T00:00:42.708+0000] {processor.py:183} INFO - Processing /home/airflow/.local/lib/python3.12/site-packages/airflow/example_dags/tutorial.py took 0.417 seconds
[2024-05-11T00:01:13.720+0000] {processor.py:161} INFO - Started process (PID=279) to work on /home/airflow/.local/lib/python3.12/site-packages/airflow/example_dags/tutorial.py
[2024-05-11T00:01:13.728+0000] {processor.py:830} INFO - Processing file /home/airflow/.local/lib/python3.12/site-packages/airflow/example_dags/tutorial.py for tasks to queue
[2024-05-11T00:01:13.740+0000] {logging_mixin.py:188} INFO - [2024-05-11T00:01:13.735+0000] {dagbag.py:540} INFO - Filling up the DagBag from /home/airflow/.local/lib/python3.12/site-packages/airflow/example_dags/tutorial.py
[2024-05-11T00:01:13.800+0000] {processor.py:840} INFO - DAG(s) 'tutorial' retrieved from /home/airflow/.local/lib/python3.12/site-packages/airflow/example_dags/tutorial.py
[2024-05-11T00:01:13.959+0000] {logging_mixin.py:188} INFO - [2024-05-11T00:01:13.959+0000] {dag.py:3096} INFO - Sync 1 DAGs
[2024-05-11T00:01:14.085+0000] {logging_mixin.py:188} INFO - [2024-05-11T00:01:14.085+0000] {dag.py:3954} INFO - Setting next_dagrun for tutorial to 2024-05-10 00:00:00+00:00, run_after=2024-05-11 00:00:00+00:00
[2024-05-11T00:01:14.164+0000] {processor.py:183} INFO - Processing /home/airflow/.local/lib/python3.12/site-packages/airflow/example_dags/tutorial.py took 0.483 seconds
[2024-05-11T02:55:57.396+0000] {processor.py:161} INFO - Started process (PID=359) to work on /home/airflow/.local/lib/python3.12/site-packages/airflow/example_dags/tutorial.py
[2024-05-11T02:55:57.453+0000] {processor.py:830} INFO - Processing file /home/airflow/.local/lib/python3.12/site-packages/airflow/example_dags/tutorial.py for tasks to queue
[2024-05-11T02:55:57.471+0000] {logging_mixin.py:188} INFO - [2024-05-11T02:55:57.468+0000] {dagbag.py:540} INFO - Filling up the DagBag from /home/airflow/.local/lib/python3.12/site-packages/airflow/example_dags/tutorial.py
[2024-05-11T02:55:57.836+0000] {processor.py:840} INFO - DAG(s) 'tutorial' retrieved from /home/airflow/.local/lib/python3.12/site-packages/airflow/example_dags/tutorial.py
[2024-05-11T02:55:58.485+0000] {logging_mixin.py:188} INFO - [2024-05-11T02:55:58.484+0000] {dag.py:3096} INFO - Sync 1 DAGs
[2024-05-11T02:55:59.356+0000] {logging_mixin.py:188} INFO - [2024-05-11T02:55:59.354+0000] {dag.py:3954} INFO - Setting next_dagrun for tutorial to 2024-05-10 00:00:00+00:00, run_after=2024-05-11 00:00:00+00:00
[2024-05-11T02:56:00.262+0000] {processor.py:183} INFO - Processing /home/airflow/.local/lib/python3.12/site-packages/airflow/example_dags/tutorial.py took 3.076 seconds
[2024-05-11T04:40:14.650+0000] {processor.py:161} INFO - Started process (PID=428) to work on /home/airflow/.local/lib/python3.12/site-packages/airflow/example_dags/tutorial.py
[2024-05-11T04:40:14.653+0000] {processor.py:830} INFO - Processing file /home/airflow/.local/lib/python3.12/site-packages/airflow/example_dags/tutorial.py for tasks to queue
[2024-05-11T04:40:14.703+0000] {logging_mixin.py:188} INFO - [2024-05-11T04:40:14.693+0000] {dagbag.py:540} INFO - Filling up the DagBag from /home/airflow/.local/lib/python3.12/site-packages/airflow/example_dags/tutorial.py
[2024-05-11T04:40:14.776+0000] {processor.py:840} INFO - DAG(s) 'tutorial' retrieved from /home/airflow/.local/lib/python3.12/site-packages/airflow/example_dags/tutorial.py
[2024-05-11T04:40:14.975+0000] {logging_mixin.py:188} INFO - [2024-05-11T04:40:14.963+0000] {dag.py:3096} INFO - Sync 1 DAGs
[2024-05-11T04:40:15.162+0000] {logging_mixin.py:188} INFO - [2024-05-11T04:40:15.162+0000] {dag.py:3954} INFO - Setting next_dagrun for tutorial to 2024-05-10 00:00:00+00:00, run_after=2024-05-11 00:00:00+00:00
[2024-05-11T04:40:15.284+0000] {processor.py:183} INFO - Processing /home/airflow/.local/lib/python3.12/site-packages/airflow/example_dags/tutorial.py took 0.726 seconds
[2024-05-11T04:42:26.803+0000] {processor.py:161} INFO - Started process (PID=519) to work on /home/airflow/.local/lib/python3.12/site-packages/airflow/example_dags/tutorial.py
[2024-05-11T04:42:26.806+0000] {processor.py:830} INFO - Processing file /home/airflow/.local/lib/python3.12/site-packages/airflow/example_dags/tutorial.py for tasks to queue
[2024-05-11T04:42:26.814+0000] {logging_mixin.py:188} INFO - [2024-05-11T04:42:26.809+0000] {dagbag.py:540} INFO - Filling up the DagBag from /home/airflow/.local/lib/python3.12/site-packages/airflow/example_dags/tutorial.py
[2024-05-11T04:42:26.864+0000] {processor.py:840} INFO - DAG(s) 'tutorial' retrieved from /home/airflow/.local/lib/python3.12/site-packages/airflow/example_dags/tutorial.py
[2024-05-11T04:42:26.933+0000] {logging_mixin.py:188} INFO - [2024-05-11T04:42:26.933+0000] {dag.py:3096} INFO - Sync 1 DAGs
[2024-05-11T04:42:27.026+0000] {logging_mixin.py:188} INFO - [2024-05-11T04:42:27.021+0000] {dag.py:3954} INFO - Setting next_dagrun for tutorial to 2024-05-10 00:00:00+00:00, run_after=2024-05-11 00:00:00+00:00
[2024-05-11T04:42:27.137+0000] {processor.py:183} INFO - Processing /home/airflow/.local/lib/python3.12/site-packages/airflow/example_dags/tutorial.py took 0.386 seconds
