[2024-05-08T00:00:41.775+0000] {processor.py:161} INFO - Started process (PID=10650) to work on /home/airflow/.local/lib/python3.12/site-packages/airflow/example_dags/example_branch_labels.py
[2024-05-08T00:00:41.780+0000] {processor.py:830} INFO - Processing file /home/airflow/.local/lib/python3.12/site-packages/airflow/example_dags/example_branch_labels.py for tasks to queue
[2024-05-08T00:00:41.790+0000] {logging_mixin.py:188} INFO - [2024-05-08T00:00:41.786+0000] {dagbag.py:540} INFO - Filling up the DagBag from /home/airflow/.local/lib/python3.12/site-packages/airflow/example_dags/example_branch_labels.py
[2024-05-08T00:00:41.852+0000] {processor.py:840} INFO - DAG(s) 'example_branch_labels' retrieved from /home/airflow/.local/lib/python3.12/site-packages/airflow/example_dags/example_branch_labels.py
[2024-05-08T00:00:42.073+0000] {logging_mixin.py:188} INFO - [2024-05-08T00:00:42.054+0000] {dag.py:3096} INFO - Sync 1 DAGs
[2024-05-08T00:00:42.412+0000] {logging_mixin.py:188} INFO - [2024-05-08T00:00:42.412+0000] {dag.py:3954} INFO - Setting next_dagrun for example_branch_labels to 2024-05-07 00:00:00+00:00, run_after=2024-05-08 00:00:00+00:00
[2024-05-08T00:00:42.563+0000] {processor.py:183} INFO - Processing /home/airflow/.local/lib/python3.12/site-packages/airflow/example_dags/example_branch_labels.py took 0.813 seconds
[2024-05-08T02:01:34.161+0000] {processor.py:161} INFO - Started process (PID=10718) to work on /home/airflow/.local/lib/python3.12/site-packages/airflow/example_dags/example_branch_labels.py
[2024-05-08T02:01:34.169+0000] {processor.py:830} INFO - Processing file /home/airflow/.local/lib/python3.12/site-packages/airflow/example_dags/example_branch_labels.py for tasks to queue
[2024-05-08T02:01:34.177+0000] {logging_mixin.py:188} INFO - [2024-05-08T02:01:34.173+0000] {dagbag.py:540} INFO - Filling up the DagBag from /home/airflow/.local/lib/python3.12/site-packages/airflow/example_dags/example_branch_labels.py
[2024-05-08T02:01:34.303+0000] {processor.py:840} INFO - DAG(s) 'example_branch_labels' retrieved from /home/airflow/.local/lib/python3.12/site-packages/airflow/example_dags/example_branch_labels.py
[2024-05-08T02:01:34.875+0000] {logging_mixin.py:188} INFO - [2024-05-08T02:01:34.873+0000] {dag.py:3096} INFO - Sync 1 DAGs
[2024-05-08T02:01:36.894+0000] {logging_mixin.py:188} INFO - [2024-05-08T02:01:36.816+0000] {dag.py:3954} INFO - Setting next_dagrun for example_branch_labels to 2024-05-07 00:00:00+00:00, run_after=2024-05-08 00:00:00+00:00
[2024-05-08T02:01:38.169+0000] {processor.py:183} INFO - Processing /home/airflow/.local/lib/python3.12/site-packages/airflow/example_dags/example_branch_labels.py took 4.047 seconds
[2024-05-08T04:02:07.044+0000] {processor.py:161} INFO - Started process (PID=10756) to work on /home/airflow/.local/lib/python3.12/site-packages/airflow/example_dags/example_branch_labels.py
[2024-05-08T04:02:07.049+0000] {processor.py:830} INFO - Processing file /home/airflow/.local/lib/python3.12/site-packages/airflow/example_dags/example_branch_labels.py for tasks to queue
[2024-05-08T04:02:07.067+0000] {logging_mixin.py:188} INFO - [2024-05-08T04:02:07.056+0000] {dagbag.py:540} INFO - Filling up the DagBag from /home/airflow/.local/lib/python3.12/site-packages/airflow/example_dags/example_branch_labels.py
[2024-05-08T04:02:07.709+0000] {processor.py:840} INFO - DAG(s) 'example_branch_labels' retrieved from /home/airflow/.local/lib/python3.12/site-packages/airflow/example_dags/example_branch_labels.py
[2024-05-08T04:02:08.413+0000] {logging_mixin.py:188} INFO - [2024-05-08T04:02:08.411+0000] {dag.py:3096} INFO - Sync 1 DAGs
[2024-05-08T06:02:05.980+0000] {logging_mixin.py:188} INFO - [2024-05-08T06:02:05.979+0000] {dag.py:3954} INFO - Setting next_dagrun for example_branch_labels to 2024-05-07 00:00:00+00:00, run_after=2024-05-08 00:00:00+00:00
[2024-05-08T06:02:07.612+0000] {processor.py:183} INFO - Processing /home/airflow/.local/lib/python3.12/site-packages/airflow/example_dags/example_branch_labels.py took 6.327 seconds
[2024-05-08T10:03:01.550+0000] {processor.py:161} INFO - Started process (PID=10812) to work on /home/airflow/.local/lib/python3.12/site-packages/airflow/example_dags/example_branch_labels.py
[2024-05-08T10:03:01.615+0000] {processor.py:830} INFO - Processing file /home/airflow/.local/lib/python3.12/site-packages/airflow/example_dags/example_branch_labels.py for tasks to queue
[2024-05-08T10:03:01.716+0000] {logging_mixin.py:188} INFO - [2024-05-08T10:03:01.677+0000] {dagbag.py:540} INFO - Filling up the DagBag from /home/airflow/.local/lib/python3.12/site-packages/airflow/example_dags/example_branch_labels.py
[2024-05-08T10:03:02.291+0000] {processor.py:840} INFO - DAG(s) 'example_branch_labels' retrieved from /home/airflow/.local/lib/python3.12/site-packages/airflow/example_dags/example_branch_labels.py
[2024-05-08T10:03:03.478+0000] {logging_mixin.py:188} INFO - [2024-05-08T10:03:03.476+0000] {dag.py:3096} INFO - Sync 1 DAGs
[2024-05-08T10:03:05.424+0000] {logging_mixin.py:188} INFO - [2024-05-08T10:03:05.422+0000] {dag.py:3954} INFO - Setting next_dagrun for example_branch_labels to 2024-05-07 00:00:00+00:00, run_after=2024-05-08 00:00:00+00:00
[2024-05-08T10:03:06.547+0000] {processor.py:183} INFO - Processing /home/airflow/.local/lib/python3.12/site-packages/airflow/example_dags/example_branch_labels.py took 5.816 seconds
