[2024-05-08T00:00:27.436+0000] {processor.py:161} INFO - Started process (PID=10616) to work on /home/airflow/.local/lib/python3.12/site-packages/airflow/example_dags/example_skip_dag.py
[2024-05-08T00:00:27.472+0000] {processor.py:830} INFO - Processing file /home/airflow/.local/lib/python3.12/site-packages/airflow/example_dags/example_skip_dag.py for tasks to queue
[2024-05-08T00:00:27.488+0000] {logging_mixin.py:188} INFO - [2024-05-08T00:00:27.483+0000] {dagbag.py:540} INFO - Filling up the DagBag from /home/airflow/.local/lib/python3.12/site-packages/airflow/example_dags/example_skip_dag.py
[2024-05-08T00:00:27.626+0000] {processor.py:840} INFO - DAG(s) 'example_skip_dag' retrieved from /home/airflow/.local/lib/python3.12/site-packages/airflow/example_dags/example_skip_dag.py
[2024-05-08T00:00:28.028+0000] {logging_mixin.py:188} INFO - [2024-05-08T00:00:28.028+0000] {dag.py:3096} INFO - Sync 1 DAGs
[2024-05-08T00:00:28.226+0000] {logging_mixin.py:188} INFO - [2024-05-08T00:00:28.225+0000] {dag.py:3954} INFO - Setting next_dagrun for example_skip_dag to 2024-05-07 00:00:00+00:00, run_after=2024-05-08 00:00:00+00:00
[2024-05-08T00:00:28.406+0000] {processor.py:183} INFO - Processing /home/airflow/.local/lib/python3.12/site-packages/airflow/example_dags/example_skip_dag.py took 1.030 seconds
[2024-05-08T00:01:03.698+0000] {processor.py:161} INFO - Started process (PID=10683) to work on /home/airflow/.local/lib/python3.12/site-packages/airflow/example_dags/example_skip_dag.py
[2024-05-08T00:01:04.120+0000] {processor.py:830} INFO - Processing file /home/airflow/.local/lib/python3.12/site-packages/airflow/example_dags/example_skip_dag.py for tasks to queue
[2024-05-08T00:01:04.124+0000] {logging_mixin.py:188} INFO - [2024-05-08T00:01:04.124+0000] {dagbag.py:540} INFO - Filling up the DagBag from /home/airflow/.local/lib/python3.12/site-packages/airflow/example_dags/example_skip_dag.py
[2024-05-08T00:01:04.581+0000] {processor.py:840} INFO - DAG(s) 'example_skip_dag' retrieved from /home/airflow/.local/lib/python3.12/site-packages/airflow/example_dags/example_skip_dag.py
[2024-05-08T00:01:04.723+0000] {logging_mixin.py:188} INFO - [2024-05-08T00:01:04.723+0000] {dag.py:3096} INFO - Sync 1 DAGs
[2024-05-08T00:01:05.002+0000] {logging_mixin.py:188} INFO - [2024-05-08T00:01:05.002+0000] {dag.py:3954} INFO - Setting next_dagrun for example_skip_dag to 2024-05-07 00:00:00+00:00, run_after=2024-05-08 00:00:00+00:00
[2024-05-08T00:01:05.298+0000] {processor.py:183} INFO - Processing /home/airflow/.local/lib/python3.12/site-packages/airflow/example_dags/example_skip_dag.py took 1.631 seconds
[2024-05-08T06:02:30.333+0000] {processor.py:161} INFO - Started process (PID=10779) to work on /home/airflow/.local/lib/python3.12/site-packages/airflow/example_dags/example_skip_dag.py
[2024-05-08T06:02:30.342+0000] {processor.py:830} INFO - Processing file /home/airflow/.local/lib/python3.12/site-packages/airflow/example_dags/example_skip_dag.py for tasks to queue
[2024-05-08T06:02:30.361+0000] {logging_mixin.py:188} INFO - [2024-05-08T06:02:30.350+0000] {dagbag.py:540} INFO - Filling up the DagBag from /home/airflow/.local/lib/python3.12/site-packages/airflow/example_dags/example_skip_dag.py
[2024-05-08T06:02:30.414+0000] {processor.py:840} INFO - DAG(s) 'example_skip_dag' retrieved from /home/airflow/.local/lib/python3.12/site-packages/airflow/example_dags/example_skip_dag.py
[2024-05-08T06:02:30.510+0000] {logging_mixin.py:188} INFO - [2024-05-08T06:02:30.510+0000] {dag.py:3096} INFO - Sync 1 DAGs
[2024-05-08T06:02:30.650+0000] {logging_mixin.py:188} INFO - [2024-05-08T06:02:30.648+0000] {dag.py:3954} INFO - Setting next_dagrun for example_skip_dag to 2024-05-07 00:00:00+00:00, run_after=2024-05-08 00:00:00+00:00
[2024-05-08T06:02:30.802+0000] {processor.py:183} INFO - Processing /home/airflow/.local/lib/python3.12/site-packages/airflow/example_dags/example_skip_dag.py took 0.501 seconds
[2024-05-08T12:02:05.639+0000] {processor.py:161} INFO - Started process (PID=10835) to work on /home/airflow/.local/lib/python3.12/site-packages/airflow/example_dags/example_skip_dag.py
[2024-05-08T12:02:06.599+0000] {processor.py:830} INFO - Processing file /home/airflow/.local/lib/python3.12/site-packages/airflow/example_dags/example_skip_dag.py for tasks to queue
[2024-05-08T12:02:07.326+0000] {logging_mixin.py:188} INFO - [2024-05-08T12:02:06.967+0000] {dagbag.py:540} INFO - Filling up the DagBag from /home/airflow/.local/lib/python3.12/site-packages/airflow/example_dags/example_skip_dag.py
[2024-05-08T12:02:13.708+0000] {processor.py:840} INFO - DAG(s) 'example_skip_dag' retrieved from /home/airflow/.local/lib/python3.12/site-packages/airflow/example_dags/example_skip_dag.py
[2024-05-08T12:02:19.656+0000] {logging_mixin.py:188} INFO - [2024-05-08T12:02:19.646+0000] {dag.py:3096} INFO - Sync 1 DAGs
