[2024-05-08T00:00:23.335+0000] {processor.py:161} INFO - Started process (PID=10608) to work on /home/airflow/.local/lib/python3.12/site-packages/airflow/example_dags/example_setup_teardown.py
[2024-05-08T00:00:23.351+0000] {processor.py:830} INFO - Processing file /home/airflow/.local/lib/python3.12/site-packages/airflow/example_dags/example_setup_teardown.py for tasks to queue
[2024-05-08T00:00:23.356+0000] {logging_mixin.py:188} INFO - [2024-05-08T00:00:23.354+0000] {dagbag.py:540} INFO - Filling up the DagBag from /home/airflow/.local/lib/python3.12/site-packages/airflow/example_dags/example_setup_teardown.py
[2024-05-08T00:00:23.395+0000] {processor.py:840} INFO - DAG(s) 'example_setup_teardown' retrieved from /home/airflow/.local/lib/python3.12/site-packages/airflow/example_dags/example_setup_teardown.py
[2024-05-08T00:00:24.679+0000] {logging_mixin.py:188} INFO - [2024-05-08T00:00:24.679+0000] {dag.py:3096} INFO - Sync 1 DAGs
[2024-05-08T00:00:24.818+0000] {logging_mixin.py:188} INFO - [2024-05-08T00:00:24.817+0000] {dag.py:3954} INFO - Setting next_dagrun for example_setup_teardown to 2024-05-07 00:00:00+00:00, run_after=2024-05-08 00:00:00+00:00
[2024-05-08T00:00:24.960+0000] {processor.py:183} INFO - Processing /home/airflow/.local/lib/python3.12/site-packages/airflow/example_dags/example_setup_teardown.py took 1.643 seconds
[2024-05-08T00:00:55.336+0000] {processor.py:161} INFO - Started process (PID=10668) to work on /home/airflow/.local/lib/python3.12/site-packages/airflow/example_dags/example_setup_teardown.py
[2024-05-08T00:00:55.351+0000] {processor.py:830} INFO - Processing file /home/airflow/.local/lib/python3.12/site-packages/airflow/example_dags/example_setup_teardown.py for tasks to queue
[2024-05-08T00:00:55.354+0000] {logging_mixin.py:188} INFO - [2024-05-08T00:00:55.353+0000] {dagbag.py:540} INFO - Filling up the DagBag from /home/airflow/.local/lib/python3.12/site-packages/airflow/example_dags/example_setup_teardown.py
[2024-05-08T00:00:55.512+0000] {processor.py:840} INFO - DAG(s) 'example_setup_teardown' retrieved from /home/airflow/.local/lib/python3.12/site-packages/airflow/example_dags/example_setup_teardown.py
[2024-05-08T00:00:56.060+0000] {logging_mixin.py:188} INFO - [2024-05-08T00:00:55.987+0000] {dag.py:3096} INFO - Sync 1 DAGs
[2024-05-08T00:00:56.454+0000] {logging_mixin.py:188} INFO - [2024-05-08T00:00:56.454+0000] {dag.py:3954} INFO - Setting next_dagrun for example_setup_teardown to 2024-05-07 00:00:00+00:00, run_after=2024-05-08 00:00:00+00:00
[2024-05-08T00:00:56.837+0000] {processor.py:183} INFO - Processing /home/airflow/.local/lib/python3.12/site-packages/airflow/example_dags/example_setup_teardown.py took 1.597 seconds
[2024-05-08T06:02:26.274+0000] {processor.py:161} INFO - Started process (PID=10771) to work on /home/airflow/.local/lib/python3.12/site-packages/airflow/example_dags/example_setup_teardown.py
[2024-05-08T06:02:26.277+0000] {processor.py:830} INFO - Processing file /home/airflow/.local/lib/python3.12/site-packages/airflow/example_dags/example_setup_teardown.py for tasks to queue
[2024-05-08T06:02:26.282+0000] {logging_mixin.py:188} INFO - [2024-05-08T06:02:26.280+0000] {dagbag.py:540} INFO - Filling up the DagBag from /home/airflow/.local/lib/python3.12/site-packages/airflow/example_dags/example_setup_teardown.py
[2024-05-08T06:02:26.381+0000] {processor.py:840} INFO - DAG(s) 'example_setup_teardown' retrieved from /home/airflow/.local/lib/python3.12/site-packages/airflow/example_dags/example_setup_teardown.py
[2024-05-08T06:02:26.810+0000] {logging_mixin.py:188} INFO - [2024-05-08T06:02:26.810+0000] {dag.py:3096} INFO - Sync 1 DAGs
[2024-05-08T06:02:26.883+0000] {logging_mixin.py:188} INFO - [2024-05-08T06:02:26.883+0000] {dag.py:3954} INFO - Setting next_dagrun for example_setup_teardown to 2024-05-07 00:00:00+00:00, run_after=2024-05-08 00:00:00+00:00
[2024-05-08T06:02:26.990+0000] {processor.py:183} INFO - Processing /home/airflow/.local/lib/python3.12/site-packages/airflow/example_dags/example_setup_teardown.py took 0.758 seconds
[2024-05-08T10:03:25.597+0000] {processor.py:161} INFO - Started process (PID=10828) to work on /home/airflow/.local/lib/python3.12/site-packages/airflow/example_dags/example_setup_teardown.py
[2024-05-08T10:03:25.606+0000] {processor.py:830} INFO - Processing file /home/airflow/.local/lib/python3.12/site-packages/airflow/example_dags/example_setup_teardown.py for tasks to queue
[2024-05-08T10:03:25.622+0000] {logging_mixin.py:188} INFO - [2024-05-08T10:03:25.618+0000] {dagbag.py:540} INFO - Filling up the DagBag from /home/airflow/.local/lib/python3.12/site-packages/airflow/example_dags/example_setup_teardown.py
[2024-05-08T10:03:25.731+0000] {processor.py:840} INFO - DAG(s) 'example_setup_teardown' retrieved from /home/airflow/.local/lib/python3.12/site-packages/airflow/example_dags/example_setup_teardown.py
[2024-05-08T10:03:25.887+0000] {logging_mixin.py:188} INFO - [2024-05-08T10:03:25.887+0000] {dag.py:3096} INFO - Sync 1 DAGs
[2024-05-08T10:03:26.093+0000] {logging_mixin.py:188} INFO - [2024-05-08T10:03:26.092+0000] {dag.py:3954} INFO - Setting next_dagrun for example_setup_teardown to 2024-05-07 00:00:00+00:00, run_after=2024-05-08 00:00:00+00:00
[2024-05-08T10:03:26.270+0000] {processor.py:183} INFO - Processing /home/airflow/.local/lib/python3.12/site-packages/airflow/example_dags/example_setup_teardown.py took 0.718 seconds
