[2024-05-08T00:00:26.711+0000] {processor.py:161} INFO - Started process (PID=10615) to work on /home/airflow/.local/lib/python3.12/site-packages/airflow/example_dags/example_dag_decorator.py
[2024-05-08T00:00:26.713+0000] {processor.py:830} INFO - Processing file /home/airflow/.local/lib/python3.12/site-packages/airflow/example_dags/example_dag_decorator.py for tasks to queue
[2024-05-08T00:00:26.719+0000] {logging_mixin.py:188} INFO - [2024-05-08T00:00:26.718+0000] {dagbag.py:540} INFO - Filling up the DagBag from /home/airflow/.local/lib/python3.12/site-packages/airflow/example_dags/example_dag_decorator.py
[2024-05-08T00:00:27.475+0000] {processor.py:840} INFO - DAG(s) 'example_dag_decorator' retrieved from /home/airflow/.local/lib/python3.12/site-packages/airflow/example_dags/example_dag_decorator.py
[2024-05-08T00:00:28.804+0000] {logging_mixin.py:188} INFO - [2024-05-08T00:00:28.803+0000] {dag.py:3096} INFO - Sync 1 DAGs
[2024-05-08T00:00:28.836+0000] {logging_mixin.py:188} INFO - [2024-05-08T00:00:28.835+0000] {dag.py:3954} INFO - Setting next_dagrun for example_dag_decorator to None, run_after=None
[2024-05-08T00:00:28.908+0000] {processor.py:183} INFO - Processing /home/airflow/.local/lib/python3.12/site-packages/airflow/example_dags/example_dag_decorator.py took 2.237 seconds
[2024-05-08T00:01:03.019+0000] {processor.py:161} INFO - Started process (PID=10675) to work on /home/airflow/.local/lib/python3.12/site-packages/airflow/example_dags/example_dag_decorator.py
[2024-05-08T00:01:03.027+0000] {processor.py:830} INFO - Processing file /home/airflow/.local/lib/python3.12/site-packages/airflow/example_dags/example_dag_decorator.py for tasks to queue
[2024-05-08T00:01:03.029+0000] {logging_mixin.py:188} INFO - [2024-05-08T00:01:03.029+0000] {dagbag.py:540} INFO - Filling up the DagBag from /home/airflow/.local/lib/python3.12/site-packages/airflow/example_dags/example_dag_decorator.py
[2024-05-08T00:01:03.815+0000] {processor.py:840} INFO - DAG(s) 'example_dag_decorator' retrieved from /home/airflow/.local/lib/python3.12/site-packages/airflow/example_dags/example_dag_decorator.py
[2024-05-08T00:01:06.169+0000] {logging_mixin.py:188} INFO - [2024-05-08T00:01:06.169+0000] {dag.py:3096} INFO - Sync 1 DAGs
[2024-05-08T00:01:06.205+0000] {logging_mixin.py:188} INFO - [2024-05-08T00:01:06.204+0000] {dag.py:3954} INFO - Setting next_dagrun for example_dag_decorator to None, run_after=None
[2024-05-08T00:01:06.268+0000] {processor.py:183} INFO - Processing /home/airflow/.local/lib/python3.12/site-packages/airflow/example_dags/example_dag_decorator.py took 3.275 seconds
[2024-05-08T06:02:29.176+0000] {processor.py:161} INFO - Started process (PID=10778) to work on /home/airflow/.local/lib/python3.12/site-packages/airflow/example_dags/example_dag_decorator.py
[2024-05-08T06:02:29.181+0000] {processor.py:830} INFO - Processing file /home/airflow/.local/lib/python3.12/site-packages/airflow/example_dags/example_dag_decorator.py for tasks to queue
[2024-05-08T06:02:29.190+0000] {logging_mixin.py:188} INFO - [2024-05-08T06:02:29.190+0000] {dagbag.py:540} INFO - Filling up the DagBag from /home/airflow/.local/lib/python3.12/site-packages/airflow/example_dags/example_dag_decorator.py
[2024-05-08T06:02:30.947+0000] {processor.py:840} INFO - DAG(s) 'example_dag_decorator' retrieved from /home/airflow/.local/lib/python3.12/site-packages/airflow/example_dags/example_dag_decorator.py
[2024-05-08T06:02:32.642+0000] {logging_mixin.py:188} INFO - [2024-05-08T06:02:32.642+0000] {dag.py:3096} INFO - Sync 1 DAGs
[2024-05-08T06:02:32.715+0000] {logging_mixin.py:188} INFO - [2024-05-08T06:02:32.715+0000] {dag.py:3954} INFO - Setting next_dagrun for example_dag_decorator to None, run_after=None
[2024-05-08T06:02:32.865+0000] {processor.py:183} INFO - Processing /home/airflow/.local/lib/python3.12/site-packages/airflow/example_dags/example_dag_decorator.py took 3.750 seconds
