[2024-05-08T00:00:25.116+0000] {processor.py:161} INFO - Started process (PID=10610) to work on /home/airflow/.local/lib/python3.12/site-packages/airflow/example_dags/example_task_group.py
[2024-05-08T00:00:25.159+0000] {processor.py:830} INFO - Processing file /home/airflow/.local/lib/python3.12/site-packages/airflow/example_dags/example_task_group.py for tasks to queue
[2024-05-08T00:00:25.172+0000] {logging_mixin.py:188} INFO - [2024-05-08T00:00:25.167+0000] {dagbag.py:540} INFO - Filling up the DagBag from /home/airflow/.local/lib/python3.12/site-packages/airflow/example_dags/example_task_group.py
[2024-05-08T00:00:25.253+0000] {processor.py:840} INFO - DAG(s) 'example_task_group' retrieved from /home/airflow/.local/lib/python3.12/site-packages/airflow/example_dags/example_task_group.py
[2024-05-08T00:00:25.388+0000] {logging_mixin.py:188} INFO - [2024-05-08T00:00:25.387+0000] {dag.py:3096} INFO - Sync 1 DAGs
[2024-05-08T00:00:25.566+0000] {logging_mixin.py:188} INFO - [2024-05-08T00:00:25.565+0000] {dag.py:3954} INFO - Setting next_dagrun for example_task_group to 2024-05-07 00:00:00+00:00, run_after=2024-05-08 00:00:00+00:00
[2024-05-08T00:00:25.636+0000] {processor.py:183} INFO - Processing /home/airflow/.local/lib/python3.12/site-packages/airflow/example_dags/example_task_group.py took 0.541 seconds
[2024-05-08T00:00:57.049+0000] {processor.py:161} INFO - Started process (PID=10670) to work on /home/airflow/.local/lib/python3.12/site-packages/airflow/example_dags/example_task_group.py
[2024-05-08T00:00:57.088+0000] {processor.py:830} INFO - Processing file /home/airflow/.local/lib/python3.12/site-packages/airflow/example_dags/example_task_group.py for tasks to queue
[2024-05-08T00:00:57.126+0000] {logging_mixin.py:188} INFO - [2024-05-08T00:00:57.100+0000] {dagbag.py:540} INFO - Filling up the DagBag from /home/airflow/.local/lib/python3.12/site-packages/airflow/example_dags/example_task_group.py
[2024-05-08T00:00:57.294+0000] {processor.py:840} INFO - DAG(s) 'example_task_group' retrieved from /home/airflow/.local/lib/python3.12/site-packages/airflow/example_dags/example_task_group.py
[2024-05-08T00:01:00.217+0000] {logging_mixin.py:188} INFO - [2024-05-08T00:01:00.216+0000] {dag.py:3096} INFO - Sync 1 DAGs
[2024-05-08T00:01:02.440+0000] {logging_mixin.py:188} INFO - [2024-05-08T00:01:02.439+0000] {dag.py:3954} INFO - Setting next_dagrun for example_task_group to 2024-05-07 00:00:00+00:00, run_after=2024-05-08 00:00:00+00:00
[2024-05-08T00:01:02.614+0000] {processor.py:183} INFO - Processing /home/airflow/.local/lib/python3.12/site-packages/airflow/example_dags/example_task_group.py took 5.638 seconds
[2024-05-08T06:02:27.222+0000] {processor.py:161} INFO - Started process (PID=10773) to work on /home/airflow/.local/lib/python3.12/site-packages/airflow/example_dags/example_task_group.py
[2024-05-08T06:02:27.252+0000] {processor.py:830} INFO - Processing file /home/airflow/.local/lib/python3.12/site-packages/airflow/example_dags/example_task_group.py for tasks to queue
[2024-05-08T06:02:27.257+0000] {logging_mixin.py:188} INFO - [2024-05-08T06:02:27.256+0000] {dagbag.py:540} INFO - Filling up the DagBag from /home/airflow/.local/lib/python3.12/site-packages/airflow/example_dags/example_task_group.py
[2024-05-08T06:02:27.444+0000] {processor.py:840} INFO - DAG(s) 'example_task_group' retrieved from /home/airflow/.local/lib/python3.12/site-packages/airflow/example_dags/example_task_group.py
[2024-05-08T06:02:27.796+0000] {logging_mixin.py:188} INFO - [2024-05-08T06:02:27.796+0000] {dag.py:3096} INFO - Sync 1 DAGs
[2024-05-08T06:02:27.927+0000] {logging_mixin.py:188} INFO - [2024-05-08T06:02:27.923+0000] {dag.py:3954} INFO - Setting next_dagrun for example_task_group to 2024-05-07 00:00:00+00:00, run_after=2024-05-08 00:00:00+00:00
[2024-05-08T06:02:28.052+0000] {processor.py:183} INFO - Processing /home/airflow/.local/lib/python3.12/site-packages/airflow/example_dags/example_task_group.py took 0.842 seconds
[2024-05-08T10:03:26.515+0000] {processor.py:161} INFO - Started process (PID=10830) to work on /home/airflow/.local/lib/python3.12/site-packages/airflow/example_dags/example_task_group.py
[2024-05-08T10:03:26.535+0000] {processor.py:830} INFO - Processing file /home/airflow/.local/lib/python3.12/site-packages/airflow/example_dags/example_task_group.py for tasks to queue
[2024-05-08T10:03:26.557+0000] {logging_mixin.py:188} INFO - [2024-05-08T10:03:26.551+0000] {dagbag.py:540} INFO - Filling up the DagBag from /home/airflow/.local/lib/python3.12/site-packages/airflow/example_dags/example_task_group.py
[2024-05-08T10:03:26.684+0000] {processor.py:840} INFO - DAG(s) 'example_task_group' retrieved from /home/airflow/.local/lib/python3.12/site-packages/airflow/example_dags/example_task_group.py
[2024-05-08T10:03:26.872+0000] {logging_mixin.py:188} INFO - [2024-05-08T10:03:26.871+0000] {dag.py:3096} INFO - Sync 1 DAGs
[2024-05-08T10:03:26.953+0000] {logging_mixin.py:188} INFO - [2024-05-08T10:03:26.953+0000] {dag.py:3954} INFO - Setting next_dagrun for example_task_group to 2024-05-07 00:00:00+00:00, run_after=2024-05-08 00:00:00+00:00
[2024-05-08T10:03:27.083+0000] {processor.py:183} INFO - Processing /home/airflow/.local/lib/python3.12/site-packages/airflow/example_dags/example_task_group.py took 0.641 seconds
