[2024-05-08T00:00:30.379+0000] {processor.py:161} INFO - Started process (PID=10620) to work on /home/airflow/.local/lib/python3.12/site-packages/airflow/example_dags/example_task_group_decorator.py
[2024-05-08T00:00:30.386+0000] {processor.py:830} INFO - Processing file /home/airflow/.local/lib/python3.12/site-packages/airflow/example_dags/example_task_group_decorator.py for tasks to queue
[2024-05-08T00:00:30.398+0000] {logging_mixin.py:188} INFO - [2024-05-08T00:00:30.393+0000] {dagbag.py:540} INFO - Filling up the DagBag from /home/airflow/.local/lib/python3.12/site-packages/airflow/example_dags/example_task_group_decorator.py
[2024-05-08T00:00:30.461+0000] {processor.py:840} INFO - DAG(s) 'example_task_group_decorator' retrieved from /home/airflow/.local/lib/python3.12/site-packages/airflow/example_dags/example_task_group_decorator.py
[2024-05-08T00:00:30.568+0000] {logging_mixin.py:188} INFO - [2024-05-08T00:00:30.568+0000] {dag.py:3096} INFO - Sync 1 DAGs
[2024-05-08T00:00:30.692+0000] {logging_mixin.py:188} INFO - [2024-05-08T00:00:30.692+0000] {dag.py:3954} INFO - Setting next_dagrun for example_task_group_decorator to 2024-05-07 00:00:00+00:00, run_after=2024-05-08 00:00:00+00:00
[2024-05-08T00:00:30.799+0000] {processor.py:183} INFO - Processing /home/airflow/.local/lib/python3.12/site-packages/airflow/example_dags/example_task_group_decorator.py took 0.449 seconds
[2024-05-08T00:01:08.221+0000] {processor.py:161} INFO - Started process (PID=10688) to work on /home/airflow/.local/lib/python3.12/site-packages/airflow/example_dags/example_task_group_decorator.py
[2024-05-08T00:01:08.230+0000] {processor.py:830} INFO - Processing file /home/airflow/.local/lib/python3.12/site-packages/airflow/example_dags/example_task_group_decorator.py for tasks to queue
[2024-05-08T00:01:08.235+0000] {logging_mixin.py:188} INFO - [2024-05-08T00:01:08.234+0000] {dagbag.py:540} INFO - Filling up the DagBag from /home/airflow/.local/lib/python3.12/site-packages/airflow/example_dags/example_task_group_decorator.py
[2024-05-08T00:01:08.390+0000] {processor.py:840} INFO - DAG(s) 'example_task_group_decorator' retrieved from /home/airflow/.local/lib/python3.12/site-packages/airflow/example_dags/example_task_group_decorator.py
[2024-05-08T00:01:08.617+0000] {logging_mixin.py:188} INFO - [2024-05-08T00:01:08.617+0000] {dag.py:3096} INFO - Sync 1 DAGs
[2024-05-08T00:01:08.783+0000] {logging_mixin.py:188} INFO - [2024-05-08T00:01:08.782+0000] {dag.py:3954} INFO - Setting next_dagrun for example_task_group_decorator to 2024-05-07 00:00:00+00:00, run_after=2024-05-08 00:00:00+00:00
[2024-05-08T00:01:09.801+0000] {processor.py:183} INFO - Processing /home/airflow/.local/lib/python3.12/site-packages/airflow/example_dags/example_task_group_decorator.py took 1.671 seconds
[2024-05-08T08:02:30.002+0000] {processor.py:161} INFO - Started process (PID=10783) to work on /home/airflow/.local/lib/python3.12/site-packages/airflow/example_dags/example_task_group_decorator.py
[2024-05-08T08:02:30.059+0000] {processor.py:830} INFO - Processing file /home/airflow/.local/lib/python3.12/site-packages/airflow/example_dags/example_task_group_decorator.py for tasks to queue
[2024-05-08T08:02:30.098+0000] {logging_mixin.py:188} INFO - [2024-05-08T08:02:30.094+0000] {dagbag.py:540} INFO - Filling up the DagBag from /home/airflow/.local/lib/python3.12/site-packages/airflow/example_dags/example_task_group_decorator.py
[2024-05-08T08:02:30.789+0000] {processor.py:840} INFO - DAG(s) 'example_task_group_decorator' retrieved from /home/airflow/.local/lib/python3.12/site-packages/airflow/example_dags/example_task_group_decorator.py
[2024-05-08T08:02:32.446+0000] {logging_mixin.py:188} INFO - [2024-05-08T08:02:32.444+0000] {dag.py:3096} INFO - Sync 1 DAGs
[2024-05-08T08:02:34.089+0000] {logging_mixin.py:188} INFO - [2024-05-08T08:02:34.078+0000] {dag.py:3954} INFO - Setting next_dagrun for example_task_group_decorator to 2024-05-07 00:00:00+00:00, run_after=2024-05-08 00:00:00+00:00
[2024-05-08T08:02:36.118+0000] {processor.py:183} INFO - Processing /home/airflow/.local/lib/python3.12/site-packages/airflow/example_dags/example_task_group_decorator.py took 6.699 seconds
