[2024-05-08T00:00:28.597+0000] {processor.py:161} INFO - Started process (PID=10617) to work on /home/airflow/.local/lib/python3.12/site-packages/airflow/example_dags/example_branch_python_dop_operator_3.py
[2024-05-08T00:00:28.606+0000] {processor.py:830} INFO - Processing file /home/airflow/.local/lib/python3.12/site-packages/airflow/example_dags/example_branch_python_dop_operator_3.py for tasks to queue
[2024-05-08T00:00:28.615+0000] {logging_mixin.py:188} INFO - [2024-05-08T00:00:28.612+0000] {dagbag.py:540} INFO - Filling up the DagBag from /home/airflow/.local/lib/python3.12/site-packages/airflow/example_dags/example_branch_python_dop_operator_3.py
[2024-05-08T00:00:28.647+0000] {processor.py:840} INFO - DAG(s) 'example_branch_dop_operator_v3' retrieved from /home/airflow/.local/lib/python3.12/site-packages/airflow/example_dags/example_branch_python_dop_operator_3.py
[2024-05-08T00:00:28.802+0000] {logging_mixin.py:188} INFO - [2024-05-08T00:00:28.802+0000] {dag.py:3096} INFO - Sync 1 DAGs
[2024-05-08T00:00:29.144+0000] {logging_mixin.py:188} INFO - [2024-05-08T00:00:29.143+0000] {dag.py:3954} INFO - Setting next_dagrun for example_branch_dop_operator_v3 to 2024-05-07 23:59:00+00:00, run_after=2024-05-08 00:00:00+00:00
[2024-05-08T00:00:29.343+0000] {processor.py:183} INFO - Processing /home/airflow/.local/lib/python3.12/site-packages/airflow/example_dags/example_branch_python_dop_operator_3.py took 0.776 seconds
[2024-05-08T00:01:06.507+0000] {processor.py:161} INFO - Started process (PID=10685) to work on /home/airflow/.local/lib/python3.12/site-packages/airflow/example_dags/example_branch_python_dop_operator_3.py
[2024-05-08T00:01:06.535+0000] {processor.py:830} INFO - Processing file /home/airflow/.local/lib/python3.12/site-packages/airflow/example_dags/example_branch_python_dop_operator_3.py for tasks to queue
[2024-05-08T00:01:06.545+0000] {logging_mixin.py:188} INFO - [2024-05-08T00:01:06.543+0000] {dagbag.py:540} INFO - Filling up the DagBag from /home/airflow/.local/lib/python3.12/site-packages/airflow/example_dags/example_branch_python_dop_operator_3.py
[2024-05-08T00:01:06.634+0000] {processor.py:840} INFO - DAG(s) 'example_branch_dop_operator_v3' retrieved from /home/airflow/.local/lib/python3.12/site-packages/airflow/example_dags/example_branch_python_dop_operator_3.py
[2024-05-08T00:01:06.771+0000] {logging_mixin.py:188} INFO - [2024-05-08T00:01:06.771+0000] {dag.py:3096} INFO - Sync 1 DAGs
[2024-05-08T00:01:07.070+0000] {logging_mixin.py:188} INFO - [2024-05-08T00:01:07.066+0000] {dag.py:3954} INFO - Setting next_dagrun for example_branch_dop_operator_v3 to 2024-05-08 00:00:00+00:00, run_after=2024-05-08 00:01:00+00:00
[2024-05-08T00:01:07.303+0000] {processor.py:183} INFO - Processing /home/airflow/.local/lib/python3.12/site-packages/airflow/example_dags/example_branch_python_dop_operator_3.py took 0.834 seconds
[2024-05-08T06:02:31.020+0000] {processor.py:161} INFO - Started process (PID=10780) to work on /home/airflow/.local/lib/python3.12/site-packages/airflow/example_dags/example_branch_python_dop_operator_3.py
[2024-05-08T06:02:31.027+0000] {processor.py:830} INFO - Processing file /home/airflow/.local/lib/python3.12/site-packages/airflow/example_dags/example_branch_python_dop_operator_3.py for tasks to queue
[2024-05-08T06:02:31.032+0000] {logging_mixin.py:188} INFO - [2024-05-08T06:02:31.031+0000] {dagbag.py:540} INFO - Filling up the DagBag from /home/airflow/.local/lib/python3.12/site-packages/airflow/example_dags/example_branch_python_dop_operator_3.py
[2024-05-08T06:02:31.297+0000] {processor.py:840} INFO - DAG(s) 'example_branch_dop_operator_v3' retrieved from /home/airflow/.local/lib/python3.12/site-packages/airflow/example_dags/example_branch_python_dop_operator_3.py
[2024-05-08T06:02:31.696+0000] {logging_mixin.py:188} INFO - [2024-05-08T06:02:31.684+0000] {dag.py:3096} INFO - Sync 1 DAGs
[2024-05-08T06:02:31.995+0000] {logging_mixin.py:188} INFO - [2024-05-08T06:02:31.989+0000] {dag.py:3954} INFO - Setting next_dagrun for example_branch_dop_operator_v3 to 2024-05-08 06:01:00+00:00, run_after=2024-05-08 06:02:00+00:00
[2024-05-08T06:02:32.206+0000] {processor.py:183} INFO - Processing /home/airflow/.local/lib/python3.12/site-packages/airflow/example_dags/example_branch_python_dop_operator_3.py took 1.258 seconds
[2024-05-08T12:02:23.242+0000] {processor.py:161} INFO - Started process (PID=10842) to work on /home/airflow/.local/lib/python3.12/site-packages/airflow/example_dags/example_branch_python_dop_operator_3.py
[2024-05-08T12:02:23.429+0000] {processor.py:830} INFO - Processing file /home/airflow/.local/lib/python3.12/site-packages/airflow/example_dags/example_branch_python_dop_operator_3.py for tasks to queue
[2024-05-08T12:02:23.545+0000] {logging_mixin.py:188} INFO - [2024-05-08T12:02:23.485+0000] {dagbag.py:540} INFO - Filling up the DagBag from /home/airflow/.local/lib/python3.12/site-packages/airflow/example_dags/example_branch_python_dop_operator_3.py
[2024-05-08T12:02:25.058+0000] {processor.py:840} INFO - DAG(s) 'example_branch_dop_operator_v3' retrieved from /home/airflow/.local/lib/python3.12/site-packages/airflow/example_dags/example_branch_python_dop_operator_3.py
[2024-05-08T12:02:28.780+0000] {logging_mixin.py:188} INFO - [2024-05-08T12:02:28.690+0000] {dag.py:3096} INFO - Sync 1 DAGs
[2024-05-08T12:02:38.611+0000] {logging_mixin.py:188} INFO - [2024-05-08T12:02:38.539+0000] {dag.py:3954} INFO - Setting next_dagrun for example_branch_dop_operator_v3 to 2024-05-08 12:01:00+00:00, run_after=2024-05-08 12:02:00+00:00
[2024-05-08T12:02:46.525+0000] {processor.py:183} INFO - Processing /home/airflow/.local/lib/python3.12/site-packages/airflow/example_dags/example_branch_python_dop_operator_3.py took 23.561 seconds
