[2024-05-08T00:00:39.147+0000] {processor.py:161} INFO - Started process (PID=10645) to work on /home/airflow/.local/lib/python3.12/site-packages/airflow/example_dags/example_external_task_marker_dag.py
[2024-05-08T00:00:39.169+0000] {processor.py:830} INFO - Processing file /home/airflow/.local/lib/python3.12/site-packages/airflow/example_dags/example_external_task_marker_dag.py for tasks to queue
[2024-05-08T00:00:39.177+0000] {logging_mixin.py:188} INFO - [2024-05-08T00:00:39.172+0000] {dagbag.py:540} INFO - Filling up the DagBag from /home/airflow/.local/lib/python3.12/site-packages/airflow/example_dags/example_external_task_marker_dag.py
[2024-05-08T00:00:39.220+0000] {processor.py:840} INFO - DAG(s) 'example_external_task_marker_parent', 'example_external_task_marker_child' retrieved from /home/airflow/.local/lib/python3.12/site-packages/airflow/example_dags/example_external_task_marker_dag.py
[2024-05-08T00:00:39.446+0000] {logging_mixin.py:188} INFO - [2024-05-08T00:00:39.446+0000] {dag.py:3096} INFO - Sync 2 DAGs
[2024-05-08T00:00:39.547+0000] {logging_mixin.py:188} INFO - [2024-05-08T00:00:39.546+0000] {dag.py:3954} INFO - Setting next_dagrun for example_external_task_marker_child to None, run_after=None
[2024-05-08T00:00:39.609+0000] {logging_mixin.py:188} INFO - [2024-05-08T00:00:39.606+0000] {dag.py:3954} INFO - Setting next_dagrun for example_external_task_marker_parent to None, run_after=None
[2024-05-08T00:00:39.739+0000] {processor.py:183} INFO - Processing /home/airflow/.local/lib/python3.12/site-packages/airflow/example_dags/example_external_task_marker_dag.py took 0.608 seconds
[2024-05-08T02:01:31.337+0000] {processor.py:161} INFO - Started process (PID=10713) to work on /home/airflow/.local/lib/python3.12/site-packages/airflow/example_dags/example_external_task_marker_dag.py
[2024-05-08T02:01:31.347+0000] {processor.py:830} INFO - Processing file /home/airflow/.local/lib/python3.12/site-packages/airflow/example_dags/example_external_task_marker_dag.py for tasks to queue
[2024-05-08T02:01:31.352+0000] {logging_mixin.py:188} INFO - [2024-05-08T02:01:31.351+0000] {dagbag.py:540} INFO - Filling up the DagBag from /home/airflow/.local/lib/python3.12/site-packages/airflow/example_dags/example_external_task_marker_dag.py
[2024-05-08T02:01:31.380+0000] {processor.py:840} INFO - DAG(s) 'example_external_task_marker_child', 'example_external_task_marker_parent' retrieved from /home/airflow/.local/lib/python3.12/site-packages/airflow/example_dags/example_external_task_marker_dag.py
[2024-05-08T02:01:31.587+0000] {logging_mixin.py:188} INFO - [2024-05-08T02:01:31.587+0000] {dag.py:3096} INFO - Sync 2 DAGs
[2024-05-08T02:01:31.712+0000] {logging_mixin.py:188} INFO - [2024-05-08T02:01:31.712+0000] {dag.py:3954} INFO - Setting next_dagrun for example_external_task_marker_child to None, run_after=None
[2024-05-08T02:01:31.731+0000] {logging_mixin.py:188} INFO - [2024-05-08T02:01:31.731+0000] {dag.py:3954} INFO - Setting next_dagrun for example_external_task_marker_parent to None, run_after=None
[2024-05-08T02:01:31.813+0000] {processor.py:183} INFO - Processing /home/airflow/.local/lib/python3.12/site-packages/airflow/example_dags/example_external_task_marker_dag.py took 0.515 seconds
[2024-05-08T04:02:04.635+0000] {processor.py:161} INFO - Started process (PID=10751) to work on /home/airflow/.local/lib/python3.12/site-packages/airflow/example_dags/example_external_task_marker_dag.py
[2024-05-08T04:02:04.674+0000] {processor.py:830} INFO - Processing file /home/airflow/.local/lib/python3.12/site-packages/airflow/example_dags/example_external_task_marker_dag.py for tasks to queue
[2024-05-08T04:02:04.690+0000] {logging_mixin.py:188} INFO - [2024-05-08T04:02:04.688+0000] {dagbag.py:540} INFO - Filling up the DagBag from /home/airflow/.local/lib/python3.12/site-packages/airflow/example_dags/example_external_task_marker_dag.py
[2024-05-08T04:02:04.774+0000] {processor.py:840} INFO - DAG(s) 'example_external_task_marker_child', 'example_external_task_marker_parent' retrieved from /home/airflow/.local/lib/python3.12/site-packages/airflow/example_dags/example_external_task_marker_dag.py
[2024-05-08T04:02:05.089+0000] {logging_mixin.py:188} INFO - [2024-05-08T04:02:05.088+0000] {dag.py:3096} INFO - Sync 2 DAGs
[2024-05-08T04:02:05.172+0000] {logging_mixin.py:188} INFO - [2024-05-08T04:02:05.172+0000] {dag.py:3954} INFO - Setting next_dagrun for example_external_task_marker_child to None, run_after=None
[2024-05-08T04:02:05.213+0000] {logging_mixin.py:188} INFO - [2024-05-08T04:02:05.213+0000] {dag.py:3954} INFO - Setting next_dagrun for example_external_task_marker_parent to None, run_after=None
[2024-05-08T04:02:05.314+0000] {processor.py:183} INFO - Processing /home/airflow/.local/lib/python3.12/site-packages/airflow/example_dags/example_external_task_marker_dag.py took 0.738 seconds
[2024-05-08T10:02:52.993+0000] {processor.py:161} INFO - Started process (PID=10807) to work on /home/airflow/.local/lib/python3.12/site-packages/airflow/example_dags/example_external_task_marker_dag.py
[2024-05-08T10:02:53.006+0000] {processor.py:830} INFO - Processing file /home/airflow/.local/lib/python3.12/site-packages/airflow/example_dags/example_external_task_marker_dag.py for tasks to queue
[2024-05-08T10:02:53.024+0000] {logging_mixin.py:188} INFO - [2024-05-08T10:02:53.018+0000] {dagbag.py:540} INFO - Filling up the DagBag from /home/airflow/.local/lib/python3.12/site-packages/airflow/example_dags/example_external_task_marker_dag.py
[2024-05-08T10:02:53.095+0000] {processor.py:840} INFO - DAG(s) 'example_external_task_marker_child', 'example_external_task_marker_parent' retrieved from /home/airflow/.local/lib/python3.12/site-packages/airflow/example_dags/example_external_task_marker_dag.py
[2024-05-08T10:02:53.357+0000] {logging_mixin.py:188} INFO - [2024-05-08T10:02:53.356+0000] {dag.py:3096} INFO - Sync 2 DAGs
[2024-05-08T10:02:53.451+0000] {logging_mixin.py:188} INFO - [2024-05-08T10:02:53.451+0000] {dag.py:3954} INFO - Setting next_dagrun for example_external_task_marker_child to None, run_after=None
[2024-05-08T10:02:53.495+0000] {logging_mixin.py:188} INFO - [2024-05-08T10:02:53.490+0000] {dag.py:3954} INFO - Setting next_dagrun for example_external_task_marker_parent to None, run_after=None
[2024-05-08T10:02:53.625+0000] {processor.py:183} INFO - Processing /home/airflow/.local/lib/python3.12/site-packages/airflow/example_dags/example_external_task_marker_dag.py took 0.700 seconds
