[2024-05-08T00:00:43.870+0000] {processor.py:161} INFO - Started process (PID=10654) to work on /home/airflow/.local/lib/python3.12/site-packages/airflow/example_dags/example_branch_operator.py
[2024-05-08T00:00:43.890+0000] {processor.py:830} INFO - Processing file /home/airflow/.local/lib/python3.12/site-packages/airflow/example_dags/example_branch_operator.py for tasks to queue
[2024-05-08T00:00:43.894+0000] {logging_mixin.py:188} INFO - [2024-05-08T00:00:43.893+0000] {dagbag.py:540} INFO - Filling up the DagBag from /home/airflow/.local/lib/python3.12/site-packages/airflow/example_dags/example_branch_operator.py
[2024-05-08T00:00:44.063+0000] {processor.py:840} INFO - DAG(s) 'example_branch_operator' retrieved from /home/airflow/.local/lib/python3.12/site-packages/airflow/example_dags/example_branch_operator.py
[2024-05-08T00:00:45.279+0000] {logging_mixin.py:188} INFO - [2024-05-08T00:00:45.275+0000] {dag.py:3096} INFO - Sync 1 DAGs
[2024-05-08T00:00:45.433+0000] {logging_mixin.py:188} INFO - [2024-05-08T00:00:45.432+0000] {dag.py:3954} INFO - Setting next_dagrun for example_branch_operator to 2024-05-07 00:00:00+00:00, run_after=2024-05-08 00:00:00+00:00
[2024-05-08T00:00:45.612+0000] {processor.py:183} INFO - Processing /home/airflow/.local/lib/python3.12/site-packages/airflow/example_dags/example_branch_operator.py took 1.766 seconds
[2024-05-08T02:01:43.298+0000] {processor.py:161} INFO - Started process (PID=10722) to work on /home/airflow/.local/lib/python3.12/site-packages/airflow/example_dags/example_branch_operator.py
[2024-05-08T02:01:43.494+0000] {processor.py:830} INFO - Processing file /home/airflow/.local/lib/python3.12/site-packages/airflow/example_dags/example_branch_operator.py for tasks to queue
[2024-05-08T02:01:43.521+0000] {logging_mixin.py:188} INFO - [2024-05-08T02:01:43.515+0000] {dagbag.py:540} INFO - Filling up the DagBag from /home/airflow/.local/lib/python3.12/site-packages/airflow/example_dags/example_branch_operator.py
[2024-05-08T02:01:44.119+0000] {processor.py:840} INFO - DAG(s) 'example_branch_operator' retrieved from /home/airflow/.local/lib/python3.12/site-packages/airflow/example_dags/example_branch_operator.py
[2024-05-08T04:01:39.250+0000] {logging_mixin.py:188} INFO - [2024-05-08T04:01:39.248+0000] {dag.py:3096} INFO - Sync 1 DAGs
[2024-05-08T04:01:42.052+0000] {logging_mixin.py:188} INFO - [2024-05-08T04:01:42.050+0000] {dag.py:3954} INFO - Setting next_dagrun for example_branch_operator to 2024-05-07 00:00:00+00:00, run_after=2024-05-08 00:00:00+00:00
[2024-05-08T12:02:23.369+0000] {processor.py:161} INFO - Started process (PID=10843) to work on /home/airflow/.local/lib/python3.12/site-packages/airflow/example_dags/example_branch_operator.py
[2024-05-08T12:02:23.514+0000] {processor.py:830} INFO - Processing file /home/airflow/.local/lib/python3.12/site-packages/airflow/example_dags/example_branch_operator.py for tasks to queue
[2024-05-08T12:02:23.605+0000] {logging_mixin.py:188} INFO - [2024-05-08T12:02:23.558+0000] {dagbag.py:540} INFO - Filling up the DagBag from /home/airflow/.local/lib/python3.12/site-packages/airflow/example_dags/example_branch_operator.py
[2024-05-08T12:02:26.224+0000] {processor.py:840} INFO - DAG(s) 'example_branch_operator' retrieved from /home/airflow/.local/lib/python3.12/site-packages/airflow/example_dags/example_branch_operator.py
[2024-05-08T12:02:37.064+0000] {logging_mixin.py:188} INFO - [2024-05-08T12:02:36.980+0000] {dag.py:3096} INFO - Sync 1 DAGs
[2024-05-08T12:02:44.701+0000] {logging_mixin.py:188} INFO - [2024-05-08T12:02:44.678+0000] {dag.py:3954} INFO - Setting next_dagrun for example_branch_operator to 2024-05-07 00:00:00+00:00, run_after=2024-05-08 00:00:00+00:00
[2024-05-08T12:02:48.109+0000] {processor.py:183} INFO - Processing /home/airflow/.local/lib/python3.12/site-packages/airflow/example_dags/example_branch_operator.py took 24.690 seconds
