[2024-05-08T00:00:35.068+0000] {processor.py:161} INFO - Started process (PID=10637) to work on /home/airflow/.local/lib/python3.12/site-packages/airflow/example_dags/example_python_decorator.py
[2024-05-08T00:00:35.145+0000] {processor.py:830} INFO - Processing file /home/airflow/.local/lib/python3.12/site-packages/airflow/example_dags/example_python_decorator.py for tasks to queue
[2024-05-08T00:00:35.148+0000] {logging_mixin.py:188} INFO - [2024-05-08T00:00:35.148+0000] {dagbag.py:540} INFO - Filling up the DagBag from /home/airflow/.local/lib/python3.12/site-packages/airflow/example_dags/example_python_decorator.py
[2024-05-08T00:00:35.282+0000] {processor.py:840} INFO - DAG(s) 'example_python_decorator' retrieved from /home/airflow/.local/lib/python3.12/site-packages/airflow/example_dags/example_python_decorator.py
[2024-05-08T00:00:35.594+0000] {logging_mixin.py:188} INFO - [2024-05-08T00:00:35.594+0000] {dag.py:3096} INFO - Sync 1 DAGs
[2024-05-08T00:00:35.733+0000] {logging_mixin.py:188} INFO - [2024-05-08T00:00:35.733+0000] {dag.py:3954} INFO - Setting next_dagrun for example_python_decorator to None, run_after=None
[2024-05-08T00:00:35.814+0000] {processor.py:183} INFO - Processing /home/airflow/.local/lib/python3.12/site-packages/airflow/example_dags/example_python_decorator.py took 0.786 seconds
[2024-05-08T02:01:26.637+0000] {processor.py:161} INFO - Started process (PID=10696) to work on /home/airflow/.local/lib/python3.12/site-packages/airflow/example_dags/example_python_decorator.py
[2024-05-08T02:01:26.648+0000] {processor.py:830} INFO - Processing file /home/airflow/.local/lib/python3.12/site-packages/airflow/example_dags/example_python_decorator.py for tasks to queue
[2024-05-08T02:01:26.677+0000] {logging_mixin.py:188} INFO - [2024-05-08T02:01:26.660+0000] {dagbag.py:540} INFO - Filling up the DagBag from /home/airflow/.local/lib/python3.12/site-packages/airflow/example_dags/example_python_decorator.py
[2024-05-08T02:01:26.867+0000] {processor.py:840} INFO - DAG(s) 'example_python_decorator' retrieved from /home/airflow/.local/lib/python3.12/site-packages/airflow/example_dags/example_python_decorator.py
[2024-05-08T02:01:27.419+0000] {logging_mixin.py:188} INFO - [2024-05-08T02:01:27.418+0000] {dag.py:3096} INFO - Sync 1 DAGs
[2024-05-08T02:01:27.745+0000] {logging_mixin.py:188} INFO - [2024-05-08T02:01:27.744+0000] {dag.py:3954} INFO - Setting next_dagrun for example_python_decorator to None, run_after=None
[2024-05-08T02:01:28.231+0000] {processor.py:183} INFO - Processing /home/airflow/.local/lib/python3.12/site-packages/airflow/example_dags/example_python_decorator.py took 1.663 seconds
[2024-05-08T04:02:02.185+0000] {processor.py:161} INFO - Started process (PID=10743) to work on /home/airflow/.local/lib/python3.12/site-packages/airflow/example_dags/example_python_decorator.py
[2024-05-08T04:02:02.190+0000] {processor.py:830} INFO - Processing file /home/airflow/.local/lib/python3.12/site-packages/airflow/example_dags/example_python_decorator.py for tasks to queue
[2024-05-08T04:02:02.198+0000] {logging_mixin.py:188} INFO - [2024-05-08T04:02:02.194+0000] {dagbag.py:540} INFO - Filling up the DagBag from /home/airflow/.local/lib/python3.12/site-packages/airflow/example_dags/example_python_decorator.py
[2024-05-08T04:02:02.231+0000] {processor.py:840} INFO - DAG(s) 'example_python_decorator' retrieved from /home/airflow/.local/lib/python3.12/site-packages/airflow/example_dags/example_python_decorator.py
[2024-05-08T04:02:02.291+0000] {logging_mixin.py:188} INFO - [2024-05-08T04:02:02.290+0000] {dag.py:3096} INFO - Sync 1 DAGs
[2024-05-08T04:02:02.334+0000] {logging_mixin.py:188} INFO - [2024-05-08T04:02:02.333+0000] {dag.py:3954} INFO - Setting next_dagrun for example_python_decorator to None, run_after=None
[2024-05-08T04:02:02.447+0000] {processor.py:183} INFO - Processing /home/airflow/.local/lib/python3.12/site-packages/airflow/example_dags/example_python_decorator.py took 0.299 seconds
[2024-05-08T08:02:54.022+0000] {processor.py:161} INFO - Started process (PID=10799) to work on /home/airflow/.local/lib/python3.12/site-packages/airflow/example_dags/example_python_decorator.py
[2024-05-08T08:02:54.047+0000] {processor.py:830} INFO - Processing file /home/airflow/.local/lib/python3.12/site-packages/airflow/example_dags/example_python_decorator.py for tasks to queue
[2024-05-08T08:02:54.108+0000] {logging_mixin.py:188} INFO - [2024-05-08T08:02:54.062+0000] {dagbag.py:540} INFO - Filling up the DagBag from /home/airflow/.local/lib/python3.12/site-packages/airflow/example_dags/example_python_decorator.py
[2024-05-08T08:02:54.277+0000] {processor.py:840} INFO - DAG(s) 'example_python_decorator' retrieved from /home/airflow/.local/lib/python3.12/site-packages/airflow/example_dags/example_python_decorator.py
[2024-05-08T08:02:54.575+0000] {logging_mixin.py:188} INFO - [2024-05-08T08:02:54.575+0000] {dag.py:3096} INFO - Sync 1 DAGs
[2024-05-08T08:02:54.704+0000] {logging_mixin.py:188} INFO - [2024-05-08T08:02:54.704+0000] {dag.py:3954} INFO - Setting next_dagrun for example_python_decorator to None, run_after=None
[2024-05-08T08:02:55.036+0000] {processor.py:183} INFO - Processing /home/airflow/.local/lib/python3.12/site-packages/airflow/example_dags/example_python_decorator.py took 1.082 seconds
