[2024-05-08T00:00:25.202+0000] {processor.py:161} INFO - Started process (PID=10611) to work on /home/airflow/.local/lib/python3.12/site-packages/airflow/example_dags/example_time_delta_sensor_async.py
[2024-05-08T00:00:25.210+0000] {processor.py:830} INFO - Processing file /home/airflow/.local/lib/python3.12/site-packages/airflow/example_dags/example_time_delta_sensor_async.py for tasks to queue
[2024-05-08T00:00:25.221+0000] {logging_mixin.py:188} INFO - [2024-05-08T00:00:25.217+0000] {dagbag.py:540} INFO - Filling up the DagBag from /home/airflow/.local/lib/python3.12/site-packages/airflow/example_dags/example_time_delta_sensor_async.py
[2024-05-08T00:00:25.266+0000] {processor.py:840} INFO - DAG(s) 'example_time_delta_sensor_async' retrieved from /home/airflow/.local/lib/python3.12/site-packages/airflow/example_dags/example_time_delta_sensor_async.py
[2024-05-08T00:00:25.400+0000] {logging_mixin.py:188} INFO - [2024-05-08T00:00:25.398+0000] {dag.py:3096} INFO - Sync 1 DAGs
[2024-05-08T00:00:25.512+0000] {logging_mixin.py:188} INFO - [2024-05-08T00:00:25.511+0000] {dag.py:3954} INFO - Setting next_dagrun for example_time_delta_sensor_async to None, run_after=None
[2024-05-08T00:00:25.674+0000] {processor.py:183} INFO - Processing /home/airflow/.local/lib/python3.12/site-packages/airflow/example_dags/example_time_delta_sensor_async.py took 0.518 seconds
[2024-05-08T00:00:57.259+0000] {processor.py:161} INFO - Started process (PID=10671) to work on /home/airflow/.local/lib/python3.12/site-packages/airflow/example_dags/example_time_delta_sensor_async.py
[2024-05-08T00:00:57.285+0000] {processor.py:830} INFO - Processing file /home/airflow/.local/lib/python3.12/site-packages/airflow/example_dags/example_time_delta_sensor_async.py for tasks to queue
[2024-05-08T00:00:57.303+0000] {logging_mixin.py:188} INFO - [2024-05-08T00:00:57.295+0000] {dagbag.py:540} INFO - Filling up the DagBag from /home/airflow/.local/lib/python3.12/site-packages/airflow/example_dags/example_time_delta_sensor_async.py
[2024-05-08T00:00:57.338+0000] {processor.py:840} INFO - DAG(s) 'example_time_delta_sensor_async' retrieved from /home/airflow/.local/lib/python3.12/site-packages/airflow/example_dags/example_time_delta_sensor_async.py
[2024-05-08T00:01:00.772+0000] {logging_mixin.py:188} INFO - [2024-05-08T00:01:00.772+0000] {dag.py:3096} INFO - Sync 1 DAGs
[2024-05-08T00:01:01.022+0000] {logging_mixin.py:188} INFO - [2024-05-08T00:01:01.022+0000] {dag.py:3954} INFO - Setting next_dagrun for example_time_delta_sensor_async to None, run_after=None
[2024-05-08T00:01:01.440+0000] {processor.py:183} INFO - Processing /home/airflow/.local/lib/python3.12/site-packages/airflow/example_dags/example_time_delta_sensor_async.py took 4.266 seconds
[2024-05-08T06:02:27.921+0000] {processor.py:161} INFO - Started process (PID=10774) to work on /home/airflow/.local/lib/python3.12/site-packages/airflow/example_dags/example_time_delta_sensor_async.py
[2024-05-08T06:02:27.925+0000] {processor.py:830} INFO - Processing file /home/airflow/.local/lib/python3.12/site-packages/airflow/example_dags/example_time_delta_sensor_async.py for tasks to queue
[2024-05-08T06:02:27.928+0000] {logging_mixin.py:188} INFO - [2024-05-08T06:02:27.928+0000] {dagbag.py:540} INFO - Filling up the DagBag from /home/airflow/.local/lib/python3.12/site-packages/airflow/example_dags/example_time_delta_sensor_async.py
[2024-05-08T06:02:27.948+0000] {processor.py:840} INFO - DAG(s) 'example_time_delta_sensor_async' retrieved from /home/airflow/.local/lib/python3.12/site-packages/airflow/example_dags/example_time_delta_sensor_async.py
[2024-05-08T06:02:28.112+0000] {logging_mixin.py:188} INFO - [2024-05-08T06:02:28.111+0000] {dag.py:3096} INFO - Sync 1 DAGs
[2024-05-08T06:02:28.236+0000] {logging_mixin.py:188} INFO - [2024-05-08T06:02:28.236+0000] {dag.py:3954} INFO - Setting next_dagrun for example_time_delta_sensor_async to None, run_after=None
[2024-05-08T06:02:28.279+0000] {processor.py:183} INFO - Processing /home/airflow/.local/lib/python3.12/site-packages/airflow/example_dags/example_time_delta_sensor_async.py took 0.383 seconds
[2024-05-08T10:03:26.756+0000] {processor.py:161} INFO - Started process (PID=10831) to work on /home/airflow/.local/lib/python3.12/site-packages/airflow/example_dags/example_time_delta_sensor_async.py
[2024-05-08T10:03:26.761+0000] {processor.py:830} INFO - Processing file /home/airflow/.local/lib/python3.12/site-packages/airflow/example_dags/example_time_delta_sensor_async.py for tasks to queue
[2024-05-08T10:03:26.771+0000] {logging_mixin.py:188} INFO - [2024-05-08T10:03:26.768+0000] {dagbag.py:540} INFO - Filling up the DagBag from /home/airflow/.local/lib/python3.12/site-packages/airflow/example_dags/example_time_delta_sensor_async.py
[2024-05-08T10:03:26.822+0000] {processor.py:840} INFO - DAG(s) 'example_time_delta_sensor_async' retrieved from /home/airflow/.local/lib/python3.12/site-packages/airflow/example_dags/example_time_delta_sensor_async.py
[2024-05-08T10:03:27.007+0000] {logging_mixin.py:188} INFO - [2024-05-08T10:03:27.006+0000] {dag.py:3096} INFO - Sync 1 DAGs
[2024-05-08T10:03:27.120+0000] {logging_mixin.py:188} INFO - [2024-05-08T10:03:27.120+0000] {dag.py:3954} INFO - Setting next_dagrun for example_time_delta_sensor_async to None, run_after=None
[2024-05-08T10:03:27.357+0000] {processor.py:183} INFO - Processing /home/airflow/.local/lib/python3.12/site-packages/airflow/example_dags/example_time_delta_sensor_async.py took 0.625 seconds
