[2024-05-08T00:00:25.844+0000] {processor.py:161} INFO - Started process (PID=10612) to work on /home/airflow/.local/lib/python3.12/site-packages/airflow/example_dags/example_latest_only_with_trigger.py
[2024-05-08T00:00:25.860+0000] {processor.py:830} INFO - Processing file /home/airflow/.local/lib/python3.12/site-packages/airflow/example_dags/example_latest_only_with_trigger.py for tasks to queue
[2024-05-08T00:00:25.869+0000] {logging_mixin.py:188} INFO - [2024-05-08T00:00:25.868+0000] {dagbag.py:540} INFO - Filling up the DagBag from /home/airflow/.local/lib/python3.12/site-packages/airflow/example_dags/example_latest_only_with_trigger.py
[2024-05-08T00:00:25.998+0000] {processor.py:840} INFO - DAG(s) 'latest_only_with_trigger' retrieved from /home/airflow/.local/lib/python3.12/site-packages/airflow/example_dags/example_latest_only_with_trigger.py
[2024-05-08T00:00:26.204+0000] {logging_mixin.py:188} INFO - [2024-05-08T00:00:26.200+0000] {dag.py:3096} INFO - Sync 1 DAGs
[2024-05-08T00:00:26.425+0000] {logging_mixin.py:188} INFO - [2024-05-08T00:00:26.415+0000] {dag.py:3954} INFO - Setting next_dagrun for latest_only_with_trigger to 2024-05-07 20:00:00+00:00, run_after=2024-05-08 00:00:00+00:00
[2024-05-08T00:00:26.597+0000] {processor.py:183} INFO - Processing /home/airflow/.local/lib/python3.12/site-packages/airflow/example_dags/example_latest_only_with_trigger.py took 0.850 seconds
[2024-05-08T00:01:01.618+0000] {processor.py:161} INFO - Started process (PID=10672) to work on /home/airflow/.local/lib/python3.12/site-packages/airflow/example_dags/example_latest_only_with_trigger.py
[2024-05-08T00:01:01.623+0000] {processor.py:830} INFO - Processing file /home/airflow/.local/lib/python3.12/site-packages/airflow/example_dags/example_latest_only_with_trigger.py for tasks to queue
[2024-05-08T00:01:01.626+0000] {logging_mixin.py:188} INFO - [2024-05-08T00:01:01.625+0000] {dagbag.py:540} INFO - Filling up the DagBag from /home/airflow/.local/lib/python3.12/site-packages/airflow/example_dags/example_latest_only_with_trigger.py
[2024-05-08T00:01:01.659+0000] {processor.py:840} INFO - DAG(s) 'latest_only_with_trigger' retrieved from /home/airflow/.local/lib/python3.12/site-packages/airflow/example_dags/example_latest_only_with_trigger.py
[2024-05-08T00:01:01.706+0000] {logging_mixin.py:188} INFO - [2024-05-08T00:01:01.706+0000] {dag.py:3096} INFO - Sync 1 DAGs
[2024-05-08T00:01:01.795+0000] {logging_mixin.py:188} INFO - [2024-05-08T00:01:01.794+0000] {dag.py:3954} INFO - Setting next_dagrun for latest_only_with_trigger to 2024-05-07 20:00:00+00:00, run_after=2024-05-08 00:00:00+00:00
[2024-05-08T00:01:01.837+0000] {processor.py:183} INFO - Processing /home/airflow/.local/lib/python3.12/site-packages/airflow/example_dags/example_latest_only_with_trigger.py took 0.248 seconds
[2024-05-08T06:02:28.253+0000] {processor.py:161} INFO - Started process (PID=10775) to work on /home/airflow/.local/lib/python3.12/site-packages/airflow/example_dags/example_latest_only_with_trigger.py
[2024-05-08T06:02:28.273+0000] {processor.py:830} INFO - Processing file /home/airflow/.local/lib/python3.12/site-packages/airflow/example_dags/example_latest_only_with_trigger.py for tasks to queue
[2024-05-08T06:02:28.297+0000] {logging_mixin.py:188} INFO - [2024-05-08T06:02:28.296+0000] {dagbag.py:540} INFO - Filling up the DagBag from /home/airflow/.local/lib/python3.12/site-packages/airflow/example_dags/example_latest_only_with_trigger.py
[2024-05-08T06:02:28.330+0000] {processor.py:840} INFO - DAG(s) 'latest_only_with_trigger' retrieved from /home/airflow/.local/lib/python3.12/site-packages/airflow/example_dags/example_latest_only_with_trigger.py
[2024-05-08T06:02:28.386+0000] {logging_mixin.py:188} INFO - [2024-05-08T06:02:28.385+0000] {dag.py:3096} INFO - Sync 1 DAGs
[2024-05-08T06:02:28.457+0000] {logging_mixin.py:188} INFO - [2024-05-08T06:02:28.456+0000] {dag.py:3954} INFO - Setting next_dagrun for latest_only_with_trigger to 2024-05-08 00:00:00+00:00, run_after=2024-05-08 04:00:00+00:00
[2024-05-08T06:02:28.633+0000] {processor.py:183} INFO - Processing /home/airflow/.local/lib/python3.12/site-packages/airflow/example_dags/example_latest_only_with_trigger.py took 0.425 seconds
[2024-05-08T10:03:27.430+0000] {processor.py:161} INFO - Started process (PID=10832) to work on /home/airflow/.local/lib/python3.12/site-packages/airflow/example_dags/example_latest_only_with_trigger.py
[2024-05-08T10:03:27.484+0000] {processor.py:830} INFO - Processing file /home/airflow/.local/lib/python3.12/site-packages/airflow/example_dags/example_latest_only_with_trigger.py for tasks to queue
[2024-05-08T10:03:27.494+0000] {logging_mixin.py:188} INFO - [2024-05-08T10:03:27.493+0000] {dagbag.py:540} INFO - Filling up the DagBag from /home/airflow/.local/lib/python3.12/site-packages/airflow/example_dags/example_latest_only_with_trigger.py
[2024-05-08T10:03:27.567+0000] {processor.py:840} INFO - DAG(s) 'latest_only_with_trigger' retrieved from /home/airflow/.local/lib/python3.12/site-packages/airflow/example_dags/example_latest_only_with_trigger.py
[2024-05-08T10:03:27.667+0000] {logging_mixin.py:188} INFO - [2024-05-08T10:03:27.665+0000] {dag.py:3096} INFO - Sync 1 DAGs
[2024-05-08T10:03:27.803+0000] {logging_mixin.py:188} INFO - [2024-05-08T10:03:27.799+0000] {dag.py:3954} INFO - Setting next_dagrun for latest_only_with_trigger to 2024-05-08 04:00:00+00:00, run_after=2024-05-08 08:00:00+00:00
[2024-05-08T10:03:28.001+0000] {processor.py:183} INFO - Processing /home/airflow/.local/lib/python3.12/site-packages/airflow/example_dags/example_latest_only_with_trigger.py took 0.676 seconds
