[2024-05-08T00:00:37.133+0000] {processor.py:161} INFO - Started process (PID=10641) to work on /home/airflow/.local/lib/python3.12/site-packages/airflow/example_dags/example_sla_dag.py
[2024-05-08T00:00:37.145+0000] {processor.py:830} INFO - Processing file /home/airflow/.local/lib/python3.12/site-packages/airflow/example_dags/example_sla_dag.py for tasks to queue
[2024-05-08T00:00:37.162+0000] {logging_mixin.py:188} INFO - [2024-05-08T00:00:37.153+0000] {dagbag.py:540} INFO - Filling up the DagBag from /home/airflow/.local/lib/python3.12/site-packages/airflow/example_dags/example_sla_dag.py
[2024-05-08T00:00:37.232+0000] {processor.py:840} INFO - DAG(s) 'example_sla_dag' retrieved from /home/airflow/.local/lib/python3.12/site-packages/airflow/example_dags/example_sla_dag.py
[2024-05-08T00:00:37.538+0000] {logging_mixin.py:188} INFO - [2024-05-08T00:00:37.538+0000] {dag.py:3096} INFO - Sync 1 DAGs
[2024-05-08T00:00:37.860+0000] {logging_mixin.py:188} INFO - [2024-05-08T00:00:37.859+0000] {dag.py:3954} INFO - Setting next_dagrun for example_sla_dag to 2024-05-07 23:58:00+00:00, run_after=2024-05-08 00:00:00+00:00
[2024-05-08T00:00:38.155+0000] {processor.py:183} INFO - Processing /home/airflow/.local/lib/python3.12/site-packages/airflow/example_dags/example_sla_dag.py took 1.072 seconds
[2024-05-08T02:01:29.402+0000] {processor.py:161} INFO - Started process (PID=10709) to work on /home/airflow/.local/lib/python3.12/site-packages/airflow/example_dags/example_sla_dag.py
[2024-05-08T02:01:29.412+0000] {processor.py:830} INFO - Processing file /home/airflow/.local/lib/python3.12/site-packages/airflow/example_dags/example_sla_dag.py for tasks to queue
[2024-05-08T02:01:29.415+0000] {logging_mixin.py:188} INFO - [2024-05-08T02:01:29.415+0000] {dagbag.py:540} INFO - Filling up the DagBag from /home/airflow/.local/lib/python3.12/site-packages/airflow/example_dags/example_sla_dag.py
[2024-05-08T02:01:29.480+0000] {processor.py:840} INFO - DAG(s) 'example_sla_dag' retrieved from /home/airflow/.local/lib/python3.12/site-packages/airflow/example_dags/example_sla_dag.py
[2024-05-08T02:01:29.549+0000] {logging_mixin.py:188} INFO - [2024-05-08T02:01:29.549+0000] {dag.py:3096} INFO - Sync 1 DAGs
[2024-05-08T02:01:29.619+0000] {logging_mixin.py:188} INFO - [2024-05-08T02:01:29.619+0000] {dag.py:3954} INFO - Setting next_dagrun for example_sla_dag to 2024-05-08 01:58:00+00:00, run_after=2024-05-08 02:00:00+00:00
[2024-05-08T02:01:29.682+0000] {processor.py:183} INFO - Processing /home/airflow/.local/lib/python3.12/site-packages/airflow/example_dags/example_sla_dag.py took 0.326 seconds
[2024-05-08T04:02:03.431+0000] {processor.py:161} INFO - Started process (PID=10747) to work on /home/airflow/.local/lib/python3.12/site-packages/airflow/example_dags/example_sla_dag.py
[2024-05-08T04:02:03.439+0000] {processor.py:830} INFO - Processing file /home/airflow/.local/lib/python3.12/site-packages/airflow/example_dags/example_sla_dag.py for tasks to queue
[2024-05-08T04:02:03.441+0000] {logging_mixin.py:188} INFO - [2024-05-08T04:02:03.441+0000] {dagbag.py:540} INFO - Filling up the DagBag from /home/airflow/.local/lib/python3.12/site-packages/airflow/example_dags/example_sla_dag.py
[2024-05-08T04:02:03.496+0000] {processor.py:840} INFO - DAG(s) 'example_sla_dag' retrieved from /home/airflow/.local/lib/python3.12/site-packages/airflow/example_dags/example_sla_dag.py
[2024-05-08T04:02:03.610+0000] {logging_mixin.py:188} INFO - [2024-05-08T04:02:03.606+0000] {dag.py:3096} INFO - Sync 1 DAGs
[2024-05-08T04:02:03.748+0000] {logging_mixin.py:188} INFO - [2024-05-08T04:02:03.746+0000] {dag.py:3954} INFO - Setting next_dagrun for example_sla_dag to 2024-05-08 04:00:00+00:00, run_after=2024-05-08 04:02:00+00:00
[2024-05-08T04:02:03.894+0000] {processor.py:183} INFO - Processing /home/airflow/.local/lib/python3.12/site-packages/airflow/example_dags/example_sla_dag.py took 0.525 seconds
[2024-05-08T08:02:56.659+0000] {processor.py:161} INFO - Started process (PID=10803) to work on /home/airflow/.local/lib/python3.12/site-packages/airflow/example_dags/example_sla_dag.py
[2024-05-08T08:02:56.662+0000] {processor.py:830} INFO - Processing file /home/airflow/.local/lib/python3.12/site-packages/airflow/example_dags/example_sla_dag.py for tasks to queue
[2024-05-08T08:02:56.665+0000] {logging_mixin.py:188} INFO - [2024-05-08T08:02:56.664+0000] {dagbag.py:540} INFO - Filling up the DagBag from /home/airflow/.local/lib/python3.12/site-packages/airflow/example_dags/example_sla_dag.py
[2024-05-08T08:02:56.689+0000] {processor.py:840} INFO - DAG(s) 'example_sla_dag' retrieved from /home/airflow/.local/lib/python3.12/site-packages/airflow/example_dags/example_sla_dag.py
[2024-05-08T08:02:56.741+0000] {logging_mixin.py:188} INFO - [2024-05-08T08:02:56.740+0000] {dag.py:3096} INFO - Sync 1 DAGs
[2024-05-08T08:02:56.812+0000] {logging_mixin.py:188} INFO - [2024-05-08T08:02:56.812+0000] {dag.py:3954} INFO - Setting next_dagrun for example_sla_dag to 2024-05-08 08:00:00+00:00, run_after=2024-05-08 08:02:00+00:00
[2024-05-08T08:02:56.847+0000] {processor.py:183} INFO - Processing /home/airflow/.local/lib/python3.12/site-packages/airflow/example_dags/example_sla_dag.py took 0.205 seconds
