[2024-05-08T00:00:40.070+0000] {processor.py:161} INFO - Started process (PID=10647) to work on /home/airflow/.local/lib/python3.12/site-packages/airflow/example_dags/example_branch_operator_decorator.py
[2024-05-08T00:00:40.086+0000] {processor.py:830} INFO - Processing file /home/airflow/.local/lib/python3.12/site-packages/airflow/example_dags/example_branch_operator_decorator.py for tasks to queue
[2024-05-08T00:00:40.104+0000] {logging_mixin.py:188} INFO - [2024-05-08T00:00:40.095+0000] {dagbag.py:540} INFO - Filling up the DagBag from /home/airflow/.local/lib/python3.12/site-packages/airflow/example_dags/example_branch_operator_decorator.py
[2024-05-08T00:00:40.503+0000] {processor.py:840} INFO - DAG(s) 'example_branch_python_operator_decorator' retrieved from /home/airflow/.local/lib/python3.12/site-packages/airflow/example_dags/example_branch_operator_decorator.py
[2024-05-08T00:00:40.832+0000] {logging_mixin.py:188} INFO - [2024-05-08T00:00:40.832+0000] {dag.py:3096} INFO - Sync 1 DAGs
[2024-05-08T00:00:41.119+0000] {logging_mixin.py:188} INFO - [2024-05-08T00:00:41.118+0000] {dag.py:3954} INFO - Setting next_dagrun for example_branch_python_operator_decorator to 2024-05-07 00:00:00+00:00, run_after=2024-05-08 00:00:00+00:00
[2024-05-08T00:00:41.317+0000] {processor.py:183} INFO - Processing /home/airflow/.local/lib/python3.12/site-packages/airflow/example_dags/example_branch_operator_decorator.py took 1.370 seconds
[2024-05-08T02:01:31.960+0000] {processor.py:161} INFO - Started process (PID=10715) to work on /home/airflow/.local/lib/python3.12/site-packages/airflow/example_dags/example_branch_operator_decorator.py
[2024-05-08T02:01:31.966+0000] {processor.py:830} INFO - Processing file /home/airflow/.local/lib/python3.12/site-packages/airflow/example_dags/example_branch_operator_decorator.py for tasks to queue
[2024-05-08T02:01:31.978+0000] {logging_mixin.py:188} INFO - [2024-05-08T02:01:31.973+0000] {dagbag.py:540} INFO - Filling up the DagBag from /home/airflow/.local/lib/python3.12/site-packages/airflow/example_dags/example_branch_operator_decorator.py
[2024-05-08T02:01:32.164+0000] {processor.py:840} INFO - DAG(s) 'example_branch_python_operator_decorator' retrieved from /home/airflow/.local/lib/python3.12/site-packages/airflow/example_dags/example_branch_operator_decorator.py
[2024-05-08T02:01:32.418+0000] {logging_mixin.py:188} INFO - [2024-05-08T02:01:32.417+0000] {dag.py:3096} INFO - Sync 1 DAGs
[2024-05-08T02:01:32.549+0000] {logging_mixin.py:188} INFO - [2024-05-08T02:01:32.549+0000] {dag.py:3954} INFO - Setting next_dagrun for example_branch_python_operator_decorator to 2024-05-07 00:00:00+00:00, run_after=2024-05-08 00:00:00+00:00
[2024-05-08T02:01:32.688+0000] {processor.py:183} INFO - Processing /home/airflow/.local/lib/python3.12/site-packages/airflow/example_dags/example_branch_operator_decorator.py took 0.781 seconds
[2024-05-08T04:02:05.390+0000] {processor.py:161} INFO - Started process (PID=10753) to work on /home/airflow/.local/lib/python3.12/site-packages/airflow/example_dags/example_branch_operator_decorator.py
[2024-05-08T04:02:05.393+0000] {processor.py:830} INFO - Processing file /home/airflow/.local/lib/python3.12/site-packages/airflow/example_dags/example_branch_operator_decorator.py for tasks to queue
[2024-05-08T04:02:05.395+0000] {logging_mixin.py:188} INFO - [2024-05-08T04:02:05.395+0000] {dagbag.py:540} INFO - Filling up the DagBag from /home/airflow/.local/lib/python3.12/site-packages/airflow/example_dags/example_branch_operator_decorator.py
[2024-05-08T04:02:05.508+0000] {processor.py:840} INFO - DAG(s) 'example_branch_python_operator_decorator' retrieved from /home/airflow/.local/lib/python3.12/site-packages/airflow/example_dags/example_branch_operator_decorator.py
[2024-05-08T04:02:05.588+0000] {logging_mixin.py:188} INFO - [2024-05-08T04:02:05.588+0000] {dag.py:3096} INFO - Sync 1 DAGs
[2024-05-08T04:02:05.785+0000] {logging_mixin.py:188} INFO - [2024-05-08T04:02:05.778+0000] {dag.py:3954} INFO - Setting next_dagrun for example_branch_python_operator_decorator to 2024-05-07 00:00:00+00:00, run_after=2024-05-08 00:00:00+00:00
[2024-05-08T04:02:05.955+0000] {processor.py:183} INFO - Processing /home/airflow/.local/lib/python3.12/site-packages/airflow/example_dags/example_branch_operator_decorator.py took 0.588 seconds
[2024-05-08T10:02:53.959+0000] {processor.py:161} INFO - Started process (PID=10809) to work on /home/airflow/.local/lib/python3.12/site-packages/airflow/example_dags/example_branch_operator_decorator.py
[2024-05-08T10:02:53.971+0000] {processor.py:830} INFO - Processing file /home/airflow/.local/lib/python3.12/site-packages/airflow/example_dags/example_branch_operator_decorator.py for tasks to queue
[2024-05-08T10:02:53.986+0000] {logging_mixin.py:188} INFO - [2024-05-08T10:02:53.982+0000] {dagbag.py:540} INFO - Filling up the DagBag from /home/airflow/.local/lib/python3.12/site-packages/airflow/example_dags/example_branch_operator_decorator.py
[2024-05-08T10:02:54.242+0000] {processor.py:840} INFO - DAG(s) 'example_branch_python_operator_decorator' retrieved from /home/airflow/.local/lib/python3.12/site-packages/airflow/example_dags/example_branch_operator_decorator.py
[2024-05-08T10:02:54.439+0000] {logging_mixin.py:188} INFO - [2024-05-08T10:02:54.439+0000] {dag.py:3096} INFO - Sync 1 DAGs
[2024-05-08T10:02:55.224+0000] {logging_mixin.py:188} INFO - [2024-05-08T10:02:55.222+0000] {dag.py:3954} INFO - Setting next_dagrun for example_branch_python_operator_decorator to 2024-05-07 00:00:00+00:00, run_after=2024-05-08 00:00:00+00:00
[2024-05-08T10:02:56.005+0000] {processor.py:183} INFO - Processing /home/airflow/.local/lib/python3.12/site-packages/airflow/example_dags/example_branch_operator_decorator.py took 2.104 seconds
