[2024-05-08T00:00:40.733+0000] {processor.py:161} INFO - Started process (PID=10648) to work on /home/airflow/.local/lib/python3.12/site-packages/airflow/example_dags/example_datasets.py
[2024-05-08T00:00:40.752+0000] {processor.py:830} INFO - Processing file /home/airflow/.local/lib/python3.12/site-packages/airflow/example_dags/example_datasets.py for tasks to queue
[2024-05-08T00:00:40.758+0000] {logging_mixin.py:188} INFO - [2024-05-08T00:00:40.755+0000] {dagbag.py:540} INFO - Filling up the DagBag from /home/airflow/.local/lib/python3.12/site-packages/airflow/example_dags/example_datasets.py
[2024-05-08T00:00:40.876+0000] {processor.py:840} INFO - DAG(s) 'dataset_consumes_1', 'dataset_produces_2', 'dataset_consumes_unknown_never_scheduled', 'consume_1_and_2_with_dataset_expressions', 'conditional_dataset_and_time_based_timetable', 'dataset_consumes_1_and_2', 'consume_1_or_2_with_dataset_expressions', 'dataset_produces_1', 'consume_1_or_both_2_and_3_with_dataset_expressions', 'dataset_consumes_1_never_scheduled' retrieved from /home/airflow/.local/lib/python3.12/site-packages/airflow/example_dags/example_datasets.py
[2024-05-08T00:00:41.273+0000] {logging_mixin.py:188} INFO - [2024-05-08T00:00:41.272+0000] {dag.py:3096} INFO - Sync 10 DAGs
[2024-05-08T00:00:41.360+0000] {logging_mixin.py:188} INFO - [2024-05-08T00:00:41.359+0000] {dag.py:3954} INFO - Setting next_dagrun for conditional_dataset_and_time_based_timetable to 2024-05-01 01:00:00+00:00, run_after=2024-05-01 01:00:00+00:00
[2024-05-08T00:00:41.379+0000] {logging_mixin.py:188} INFO - [2024-05-08T00:00:41.379+0000] {dag.py:3954} INFO - Setting next_dagrun for consume_1_and_2_with_dataset_expressions to None, run_after=None
[2024-05-08T00:00:41.387+0000] {logging_mixin.py:188} INFO - [2024-05-08T00:00:41.386+0000] {dag.py:3954} INFO - Setting next_dagrun for consume_1_or_2_with_dataset_expressions to None, run_after=None
[2024-05-08T00:00:41.395+0000] {logging_mixin.py:188} INFO - [2024-05-08T00:00:41.393+0000] {dag.py:3954} INFO - Setting next_dagrun for consume_1_or_both_2_and_3_with_dataset_expressions to None, run_after=None
[2024-05-08T00:00:41.469+0000] {logging_mixin.py:188} INFO - [2024-05-08T00:00:41.467+0000] {dag.py:3954} INFO - Setting next_dagrun for dataset_consumes_1 to None, run_after=None
[2024-05-08T00:00:41.480+0000] {logging_mixin.py:188} INFO - [2024-05-08T00:00:41.479+0000] {dag.py:3954} INFO - Setting next_dagrun for dataset_consumes_1_and_2 to None, run_after=None
[2024-05-08T00:00:41.490+0000] {logging_mixin.py:188} INFO - [2024-05-08T00:00:41.488+0000] {dag.py:3954} INFO - Setting next_dagrun for dataset_consumes_1_never_scheduled to None, run_after=None
[2024-05-08T00:00:41.499+0000] {logging_mixin.py:188} INFO - [2024-05-08T00:00:41.497+0000] {dag.py:3954} INFO - Setting next_dagrun for dataset_consumes_unknown_never_scheduled to None, run_after=None
[2024-05-08T00:00:41.513+0000] {logging_mixin.py:188} INFO - [2024-05-08T00:00:41.512+0000] {dag.py:3954} INFO - Setting next_dagrun for dataset_produces_1 to 2024-05-07 00:00:00+00:00, run_after=2024-05-08 00:00:00+00:00
[2024-05-08T00:00:41.520+0000] {logging_mixin.py:188} INFO - [2024-05-08T00:00:41.520+0000] {dag.py:3954} INFO - Setting next_dagrun for dataset_produces_2 to None, run_after=None
[2024-05-08T00:00:41.619+0000] {processor.py:183} INFO - Processing /home/airflow/.local/lib/python3.12/site-packages/airflow/example_dags/example_datasets.py took 0.907 seconds
[2024-05-08T02:01:32.287+0000] {processor.py:161} INFO - Started process (PID=10716) to work on /home/airflow/.local/lib/python3.12/site-packages/airflow/example_dags/example_datasets.py
[2024-05-08T02:01:32.291+0000] {processor.py:830} INFO - Processing file /home/airflow/.local/lib/python3.12/site-packages/airflow/example_dags/example_datasets.py for tasks to queue
[2024-05-08T02:01:32.301+0000] {logging_mixin.py:188} INFO - [2024-05-08T02:01:32.296+0000] {dagbag.py:540} INFO - Filling up the DagBag from /home/airflow/.local/lib/python3.12/site-packages/airflow/example_dags/example_datasets.py
[2024-05-08T02:01:32.458+0000] {processor.py:840} INFO - DAG(s) 'dataset_consumes_1_and_2', 'dataset_consumes_1', 'dataset_produces_2', 'consume_1_or_2_with_dataset_expressions', 'dataset_consumes_1_never_scheduled', 'dataset_consumes_unknown_never_scheduled', 'conditional_dataset_and_time_based_timetable', 'consume_1_or_both_2_and_3_with_dataset_expressions', 'consume_1_and_2_with_dataset_expressions', 'dataset_produces_1' retrieved from /home/airflow/.local/lib/python3.12/site-packages/airflow/example_dags/example_datasets.py
[2024-05-08T02:01:32.896+0000] {logging_mixin.py:188} INFO - [2024-05-08T02:01:32.889+0000] {dag.py:3096} INFO - Sync 10 DAGs
[2024-05-08T02:01:33.079+0000] {logging_mixin.py:188} INFO - [2024-05-08T02:01:33.079+0000] {dag.py:3954} INFO - Setting next_dagrun for conditional_dataset_and_time_based_timetable to 2024-05-08 01:00:00+00:00, run_after=2024-05-08 01:00:00+00:00
[2024-05-08T02:01:33.171+0000] {logging_mixin.py:188} INFO - [2024-05-08T02:01:33.171+0000] {dag.py:3954} INFO - Setting next_dagrun for consume_1_and_2_with_dataset_expressions to None, run_after=None
[2024-05-08T02:01:33.193+0000] {logging_mixin.py:188} INFO - [2024-05-08T02:01:33.193+0000] {dag.py:3954} INFO - Setting next_dagrun for consume_1_or_2_with_dataset_expressions to None, run_after=None
[2024-05-08T02:01:33.206+0000] {logging_mixin.py:188} INFO - [2024-05-08T02:01:33.206+0000] {dag.py:3954} INFO - Setting next_dagrun for consume_1_or_both_2_and_3_with_dataset_expressions to None, run_after=None
[2024-05-08T02:01:33.231+0000] {logging_mixin.py:188} INFO - [2024-05-08T02:01:33.230+0000] {dag.py:3954} INFO - Setting next_dagrun for dataset_consumes_1 to None, run_after=None
[2024-05-08T02:01:33.244+0000] {logging_mixin.py:188} INFO - [2024-05-08T02:01:33.244+0000] {dag.py:3954} INFO - Setting next_dagrun for dataset_consumes_1_and_2 to None, run_after=None
[2024-05-08T02:01:33.257+0000] {logging_mixin.py:188} INFO - [2024-05-08T02:01:33.256+0000] {dag.py:3954} INFO - Setting next_dagrun for dataset_consumes_1_never_scheduled to None, run_after=None
[2024-05-08T02:01:33.276+0000] {logging_mixin.py:188} INFO - [2024-05-08T02:01:33.275+0000] {dag.py:3954} INFO - Setting next_dagrun for dataset_consumes_unknown_never_scheduled to None, run_after=None
[2024-05-08T02:01:33.293+0000] {logging_mixin.py:188} INFO - [2024-05-08T02:01:33.292+0000] {dag.py:3954} INFO - Setting next_dagrun for dataset_produces_1 to 2024-05-07 00:00:00+00:00, run_after=2024-05-08 00:00:00+00:00
[2024-05-08T02:01:33.387+0000] {logging_mixin.py:188} INFO - [2024-05-08T02:01:33.386+0000] {dag.py:3954} INFO - Setting next_dagrun for dataset_produces_2 to None, run_after=None
[2024-05-08T02:01:33.868+0000] {processor.py:183} INFO - Processing /home/airflow/.local/lib/python3.12/site-packages/airflow/example_dags/example_datasets.py took 1.680 seconds
[2024-05-08T04:02:06.102+0000] {processor.py:161} INFO - Started process (PID=10754) to work on /home/airflow/.local/lib/python3.12/site-packages/airflow/example_dags/example_datasets.py
[2024-05-08T04:02:06.108+0000] {processor.py:830} INFO - Processing file /home/airflow/.local/lib/python3.12/site-packages/airflow/example_dags/example_datasets.py for tasks to queue
[2024-05-08T04:02:06.116+0000] {logging_mixin.py:188} INFO - [2024-05-08T04:02:06.111+0000] {dagbag.py:540} INFO - Filling up the DagBag from /home/airflow/.local/lib/python3.12/site-packages/airflow/example_dags/example_datasets.py
[2024-05-08T04:02:06.325+0000] {processor.py:840} INFO - DAG(s) 'consume_1_or_both_2_and_3_with_dataset_expressions', 'dataset_produces_2', 'dataset_consumes_1', 'consume_1_or_2_with_dataset_expressions', 'dataset_consumes_1_and_2', 'consume_1_and_2_with_dataset_expressions', 'dataset_produces_1', 'conditional_dataset_and_time_based_timetable', 'dataset_consumes_unknown_never_scheduled', 'dataset_consumes_1_never_scheduled' retrieved from /home/airflow/.local/lib/python3.12/site-packages/airflow/example_dags/example_datasets.py
[2024-05-08T04:02:06.666+0000] {logging_mixin.py:188} INFO - [2024-05-08T04:02:06.666+0000] {dag.py:3096} INFO - Sync 10 DAGs
[2024-05-08T04:02:06.927+0000] {logging_mixin.py:188} INFO - [2024-05-08T04:02:06.926+0000] {dag.py:3954} INFO - Setting next_dagrun for conditional_dataset_and_time_based_timetable to 2024-05-08 01:00:00+00:00, run_after=2024-05-08 01:00:00+00:00
[2024-05-08T04:02:06.963+0000] {logging_mixin.py:188} INFO - [2024-05-08T04:02:06.963+0000] {dag.py:3954} INFO - Setting next_dagrun for consume_1_and_2_with_dataset_expressions to None, run_after=None
[2024-05-08T04:02:06.971+0000] {logging_mixin.py:188} INFO - [2024-05-08T04:02:06.971+0000] {dag.py:3954} INFO - Setting next_dagrun for consume_1_or_2_with_dataset_expressions to None, run_after=None
[2024-05-08T04:02:06.978+0000] {logging_mixin.py:188} INFO - [2024-05-08T04:02:06.978+0000] {dag.py:3954} INFO - Setting next_dagrun for consume_1_or_both_2_and_3_with_dataset_expressions to None, run_after=None
[2024-05-08T04:02:06.984+0000] {logging_mixin.py:188} INFO - [2024-05-08T04:02:06.984+0000] {dag.py:3954} INFO - Setting next_dagrun for dataset_consumes_1 to None, run_after=None
[2024-05-08T04:02:06.993+0000] {logging_mixin.py:188} INFO - [2024-05-08T04:02:06.992+0000] {dag.py:3954} INFO - Setting next_dagrun for dataset_consumes_1_and_2 to None, run_after=None
[2024-05-08T04:02:07.001+0000] {logging_mixin.py:188} INFO - [2024-05-08T04:02:07.000+0000] {dag.py:3954} INFO - Setting next_dagrun for dataset_consumes_1_never_scheduled to None, run_after=None
[2024-05-08T04:02:07.005+0000] {logging_mixin.py:188} INFO - [2024-05-08T04:02:07.005+0000] {dag.py:3954} INFO - Setting next_dagrun for dataset_consumes_unknown_never_scheduled to None, run_after=None
[2024-05-08T04:02:07.014+0000] {logging_mixin.py:188} INFO - [2024-05-08T04:02:07.014+0000] {dag.py:3954} INFO - Setting next_dagrun for dataset_produces_1 to 2024-05-07 00:00:00+00:00, run_after=2024-05-08 00:00:00+00:00
[2024-05-08T04:02:07.026+0000] {logging_mixin.py:188} INFO - [2024-05-08T04:02:07.026+0000] {dag.py:3954} INFO - Setting next_dagrun for dataset_produces_2 to None, run_after=None
[2024-05-08T06:02:04.391+0000] {processor.py:183} INFO - Processing /home/airflow/.local/lib/python3.12/site-packages/airflow/example_dags/example_datasets.py took 4.002 seconds
[2024-05-08T10:02:55.197+0000] {processor.py:161} INFO - Started process (PID=10810) to work on /home/airflow/.local/lib/python3.12/site-packages/airflow/example_dags/example_datasets.py
[2024-05-08T10:02:55.269+0000] {processor.py:830} INFO - Processing file /home/airflow/.local/lib/python3.12/site-packages/airflow/example_dags/example_datasets.py for tasks to queue
[2024-05-08T10:02:55.288+0000] {logging_mixin.py:188} INFO - [2024-05-08T10:02:55.285+0000] {dagbag.py:540} INFO - Filling up the DagBag from /home/airflow/.local/lib/python3.12/site-packages/airflow/example_dags/example_datasets.py
[2024-05-08T10:02:56.198+0000] {processor.py:840} INFO - DAG(s) 'consume_1_and_2_with_dataset_expressions', 'dataset_consumes_unknown_never_scheduled', 'dataset_consumes_1_and_2', 'conditional_dataset_and_time_based_timetable', 'dataset_produces_2', 'dataset_produces_1', 'dataset_consumes_1', 'consume_1_or_2_with_dataset_expressions', 'consume_1_or_both_2_and_3_with_dataset_expressions', 'dataset_consumes_1_never_scheduled' retrieved from /home/airflow/.local/lib/python3.12/site-packages/airflow/example_dags/example_datasets.py
[2024-05-08T10:03:09.734+0000] {logging_mixin.py:188} INFO - [2024-05-08T10:03:09.733+0000] {dag.py:3096} INFO - Sync 10 DAGs
[2024-05-08T10:03:10.127+0000] {logging_mixin.py:188} INFO - [2024-05-08T10:03:10.125+0000] {dag.py:3954} INFO - Setting next_dagrun for conditional_dataset_and_time_based_timetable to 2024-05-08 01:00:00+00:00, run_after=2024-05-08 01:00:00+00:00
[2024-05-08T10:03:10.174+0000] {logging_mixin.py:188} INFO - [2024-05-08T10:03:10.173+0000] {dag.py:3954} INFO - Setting next_dagrun for consume_1_and_2_with_dataset_expressions to None, run_after=None
[2024-05-08T10:03:10.193+0000] {logging_mixin.py:188} INFO - [2024-05-08T10:03:10.192+0000] {dag.py:3954} INFO - Setting next_dagrun for consume_1_or_2_with_dataset_expressions to None, run_after=None
[2024-05-08T10:03:10.222+0000] {logging_mixin.py:188} INFO - [2024-05-08T10:03:10.221+0000] {dag.py:3954} INFO - Setting next_dagrun for consume_1_or_both_2_and_3_with_dataset_expressions to None, run_after=None
[2024-05-08T10:03:10.277+0000] {logging_mixin.py:188} INFO - [2024-05-08T10:03:10.267+0000] {dag.py:3954} INFO - Setting next_dagrun for dataset_consumes_1 to None, run_after=None
[2024-05-08T10:03:10.328+0000] {logging_mixin.py:188} INFO - [2024-05-08T10:03:10.325+0000] {dag.py:3954} INFO - Setting next_dagrun for dataset_consumes_1_and_2 to None, run_after=None
[2024-05-08T10:03:10.375+0000] {logging_mixin.py:188} INFO - [2024-05-08T10:03:10.362+0000] {dag.py:3954} INFO - Setting next_dagrun for dataset_consumes_1_never_scheduled to None, run_after=None
[2024-05-08T10:03:10.467+0000] {logging_mixin.py:188} INFO - [2024-05-08T10:03:10.462+0000] {dag.py:3954} INFO - Setting next_dagrun for dataset_consumes_unknown_never_scheduled to None, run_after=None
[2024-05-08T10:03:10.800+0000] {logging_mixin.py:188} INFO - [2024-05-08T10:03:10.794+0000] {dag.py:3954} INFO - Setting next_dagrun for dataset_produces_1 to 2024-05-07 00:00:00+00:00, run_after=2024-05-08 00:00:00+00:00
[2024-05-08T10:03:10.852+0000] {logging_mixin.py:188} INFO - [2024-05-08T10:03:10.850+0000] {dag.py:3954} INFO - Setting next_dagrun for dataset_produces_2 to None, run_after=None
[2024-05-08T10:03:12.765+0000] {processor.py:183} INFO - Processing /home/airflow/.local/lib/python3.12/site-packages/airflow/example_dags/example_datasets.py took 17.793 seconds
