[2024-05-08T00:00:29.625+0000] {processor.py:161} INFO - Started process (PID=10619) to work on /home/airflow/.local/lib/python3.12/site-packages/airflow/example_dags/example_params_trigger_ui.py
[2024-05-08T00:00:29.633+0000] {processor.py:830} INFO - Processing file /home/airflow/.local/lib/python3.12/site-packages/airflow/example_dags/example_params_trigger_ui.py for tasks to queue
[2024-05-08T00:00:29.652+0000] {logging_mixin.py:188} INFO - [2024-05-08T00:00:29.652+0000] {dagbag.py:540} INFO - Filling up the DagBag from /home/airflow/.local/lib/python3.12/site-packages/airflow/example_dags/example_params_trigger_ui.py
[2024-05-08T00:00:29.828+0000] {processor.py:840} INFO - DAG(s) 'example_params_trigger_ui' retrieved from /home/airflow/.local/lib/python3.12/site-packages/airflow/example_dags/example_params_trigger_ui.py
[2024-05-08T00:00:30.443+0000] {logging_mixin.py:188} INFO - [2024-05-08T00:00:30.443+0000] {dag.py:3096} INFO - Sync 1 DAGs
[2024-05-08T00:00:30.600+0000] {logging_mixin.py:188} INFO - [2024-05-08T00:00:30.599+0000] {dag.py:3954} INFO - Setting next_dagrun for example_params_trigger_ui to None, run_after=None
[2024-05-08T00:00:30.800+0000] {processor.py:183} INFO - Processing /home/airflow/.local/lib/python3.12/site-packages/airflow/example_dags/example_params_trigger_ui.py took 1.255 seconds
[2024-05-08T00:01:07.614+0000] {processor.py:161} INFO - Started process (PID=10687) to work on /home/airflow/.local/lib/python3.12/site-packages/airflow/example_dags/example_params_trigger_ui.py
[2024-05-08T00:01:07.618+0000] {processor.py:830} INFO - Processing file /home/airflow/.local/lib/python3.12/site-packages/airflow/example_dags/example_params_trigger_ui.py for tasks to queue
[2024-05-08T00:01:07.632+0000] {logging_mixin.py:188} INFO - [2024-05-08T00:01:07.624+0000] {dagbag.py:540} INFO - Filling up the DagBag from /home/airflow/.local/lib/python3.12/site-packages/airflow/example_dags/example_params_trigger_ui.py
[2024-05-08T00:01:07.775+0000] {processor.py:840} INFO - DAG(s) 'example_params_trigger_ui' retrieved from /home/airflow/.local/lib/python3.12/site-packages/airflow/example_dags/example_params_trigger_ui.py
[2024-05-08T00:01:08.058+0000] {logging_mixin.py:188} INFO - [2024-05-08T00:01:08.057+0000] {dag.py:3096} INFO - Sync 1 DAGs
[2024-05-08T00:01:08.146+0000] {logging_mixin.py:188} INFO - [2024-05-08T00:01:08.145+0000] {dag.py:3954} INFO - Setting next_dagrun for example_params_trigger_ui to None, run_after=None
[2024-05-08T00:01:08.210+0000] {processor.py:183} INFO - Processing /home/airflow/.local/lib/python3.12/site-packages/airflow/example_dags/example_params_trigger_ui.py took 0.658 seconds
[2024-05-08T08:02:30.207+0000] {processor.py:161} INFO - Started process (PID=10782) to work on /home/airflow/.local/lib/python3.12/site-packages/airflow/example_dags/example_params_trigger_ui.py
[2024-05-08T08:02:30.417+0000] {processor.py:830} INFO - Processing file /home/airflow/.local/lib/python3.12/site-packages/airflow/example_dags/example_params_trigger_ui.py for tasks to queue
[2024-05-08T08:02:30.528+0000] {logging_mixin.py:188} INFO - [2024-05-08T08:02:30.502+0000] {dagbag.py:540} INFO - Filling up the DagBag from /home/airflow/.local/lib/python3.12/site-packages/airflow/example_dags/example_params_trigger_ui.py
[2024-05-08T08:02:31.584+0000] {processor.py:840} INFO - DAG(s) 'example_params_trigger_ui' retrieved from /home/airflow/.local/lib/python3.12/site-packages/airflow/example_dags/example_params_trigger_ui.py
[2024-05-08T08:02:34.125+0000] {logging_mixin.py:188} INFO - [2024-05-08T08:02:34.115+0000] {dag.py:3096} INFO - Sync 1 DAGs
[2024-05-08T08:02:34.535+0000] {logging_mixin.py:188} INFO - [2024-05-08T08:02:34.533+0000] {dag.py:3954} INFO - Setting next_dagrun for example_params_trigger_ui to None, run_after=None
[2024-05-08T08:02:35.199+0000] {processor.py:183} INFO - Processing /home/airflow/.local/lib/python3.12/site-packages/airflow/example_dags/example_params_trigger_ui.py took 6.143 seconds
