[2024-05-08T00:00:36.947+0000] {processor.py:161} INFO - Started process (PID=10640) to work on /home/airflow/.local/lib/python3.12/site-packages/airflow/example_dags/tutorial_taskflow_api_virtualenv.py
[2024-05-08T00:00:36.958+0000] {processor.py:830} INFO - Processing file /home/airflow/.local/lib/python3.12/site-packages/airflow/example_dags/tutorial_taskflow_api_virtualenv.py for tasks to queue
[2024-05-08T00:00:36.961+0000] {logging_mixin.py:188} INFO - [2024-05-08T00:00:36.960+0000] {dagbag.py:540} INFO - Filling up the DagBag from /home/airflow/.local/lib/python3.12/site-packages/airflow/example_dags/tutorial_taskflow_api_virtualenv.py
[2024-05-08T00:00:37.026+0000] {processor.py:840} INFO - DAG(s) 'tutorial_taskflow_api_virtualenv' retrieved from /home/airflow/.local/lib/python3.12/site-packages/airflow/example_dags/tutorial_taskflow_api_virtualenv.py
[2024-05-08T00:00:37.169+0000] {logging_mixin.py:188} INFO - [2024-05-08T00:00:37.169+0000] {dag.py:3096} INFO - Sync 1 DAGs
[2024-05-08T00:00:37.278+0000] {logging_mixin.py:188} INFO - [2024-05-08T00:00:37.277+0000] {dag.py:3954} INFO - Setting next_dagrun for tutorial_taskflow_api_virtualenv to None, run_after=None
[2024-05-08T00:00:37.414+0000] {processor.py:183} INFO - Processing /home/airflow/.local/lib/python3.12/site-packages/airflow/example_dags/tutorial_taskflow_api_virtualenv.py took 0.505 seconds
[2024-05-08T02:01:28.842+0000] {processor.py:161} INFO - Started process (PID=10708) to work on /home/airflow/.local/lib/python3.12/site-packages/airflow/example_dags/tutorial_taskflow_api_virtualenv.py
[2024-05-08T02:01:28.857+0000] {processor.py:830} INFO - Processing file /home/airflow/.local/lib/python3.12/site-packages/airflow/example_dags/tutorial_taskflow_api_virtualenv.py for tasks to queue
[2024-05-08T02:01:28.874+0000] {logging_mixin.py:188} INFO - [2024-05-08T02:01:28.864+0000] {dagbag.py:540} INFO - Filling up the DagBag from /home/airflow/.local/lib/python3.12/site-packages/airflow/example_dags/tutorial_taskflow_api_virtualenv.py
[2024-05-08T02:01:29.013+0000] {processor.py:840} INFO - DAG(s) 'tutorial_taskflow_api_virtualenv' retrieved from /home/airflow/.local/lib/python3.12/site-packages/airflow/example_dags/tutorial_taskflow_api_virtualenv.py
[2024-05-08T02:01:29.162+0000] {logging_mixin.py:188} INFO - [2024-05-08T02:01:29.161+0000] {dag.py:3096} INFO - Sync 1 DAGs
[2024-05-08T02:01:29.271+0000] {logging_mixin.py:188} INFO - [2024-05-08T02:01:29.270+0000] {dag.py:3954} INFO - Setting next_dagrun for tutorial_taskflow_api_virtualenv to None, run_after=None
[2024-05-08T02:01:29.433+0000] {processor.py:183} INFO - Processing /home/airflow/.local/lib/python3.12/site-packages/airflow/example_dags/tutorial_taskflow_api_virtualenv.py took 0.675 seconds
[2024-05-08T04:02:02.966+0000] {processor.py:161} INFO - Started process (PID=10746) to work on /home/airflow/.local/lib/python3.12/site-packages/airflow/example_dags/tutorial_taskflow_api_virtualenv.py
[2024-05-08T04:02:02.970+0000] {processor.py:830} INFO - Processing file /home/airflow/.local/lib/python3.12/site-packages/airflow/example_dags/tutorial_taskflow_api_virtualenv.py for tasks to queue
[2024-05-08T04:02:02.973+0000] {logging_mixin.py:188} INFO - [2024-05-08T04:02:02.972+0000] {dagbag.py:540} INFO - Filling up the DagBag from /home/airflow/.local/lib/python3.12/site-packages/airflow/example_dags/tutorial_taskflow_api_virtualenv.py
[2024-05-08T04:02:03.013+0000] {processor.py:840} INFO - DAG(s) 'tutorial_taskflow_api_virtualenv' retrieved from /home/airflow/.local/lib/python3.12/site-packages/airflow/example_dags/tutorial_taskflow_api_virtualenv.py
[2024-05-08T04:02:03.102+0000] {logging_mixin.py:188} INFO - [2024-05-08T04:02:03.101+0000] {dag.py:3096} INFO - Sync 1 DAGs
[2024-05-08T04:02:03.161+0000] {logging_mixin.py:188} INFO - [2024-05-08T04:02:03.161+0000] {dag.py:3954} INFO - Setting next_dagrun for tutorial_taskflow_api_virtualenv to None, run_after=None
[2024-05-08T04:02:03.312+0000] {processor.py:183} INFO - Processing /home/airflow/.local/lib/python3.12/site-packages/airflow/example_dags/tutorial_taskflow_api_virtualenv.py took 0.362 seconds
[2024-05-08T08:02:55.618+0000] {processor.py:161} INFO - Started process (PID=10802) to work on /home/airflow/.local/lib/python3.12/site-packages/airflow/example_dags/tutorial_taskflow_api_virtualenv.py
[2024-05-08T08:02:55.624+0000] {processor.py:830} INFO - Processing file /home/airflow/.local/lib/python3.12/site-packages/airflow/example_dags/tutorial_taskflow_api_virtualenv.py for tasks to queue
[2024-05-08T08:02:55.627+0000] {logging_mixin.py:188} INFO - [2024-05-08T08:02:55.627+0000] {dagbag.py:540} INFO - Filling up the DagBag from /home/airflow/.local/lib/python3.12/site-packages/airflow/example_dags/tutorial_taskflow_api_virtualenv.py
[2024-05-08T08:02:55.689+0000] {processor.py:840} INFO - DAG(s) 'tutorial_taskflow_api_virtualenv' retrieved from /home/airflow/.local/lib/python3.12/site-packages/airflow/example_dags/tutorial_taskflow_api_virtualenv.py
[2024-05-08T08:02:55.984+0000] {logging_mixin.py:188} INFO - [2024-05-08T08:02:55.972+0000] {dag.py:3096} INFO - Sync 1 DAGs
[2024-05-08T08:02:56.104+0000] {logging_mixin.py:188} INFO - [2024-05-08T08:02:56.102+0000] {dag.py:3954} INFO - Setting next_dagrun for tutorial_taskflow_api_virtualenv to None, run_after=None
[2024-05-08T08:02:56.404+0000] {processor.py:183} INFO - Processing /home/airflow/.local/lib/python3.12/site-packages/airflow/example_dags/tutorial_taskflow_api_virtualenv.py took 0.809 seconds
