[2024-05-06T00:01:26.994+0000] {processor.py:161} INFO - Started process (PID=10372) to work on /home/airflow/.local/lib/python3.12/site-packages/airflow/example_dags/example_nested_branch_dag.py
[2024-05-06T00:01:27.027+0000] {processor.py:830} INFO - Processing file /home/airflow/.local/lib/python3.12/site-packages/airflow/example_dags/example_nested_branch_dag.py for tasks to queue
[2024-05-06T00:01:27.087+0000] {logging_mixin.py:188} INFO - [2024-05-06T00:01:27.080+0000] {dagbag.py:540} INFO - Filling up the DagBag from /home/airflow/.local/lib/python3.12/site-packages/airflow/example_dags/example_nested_branch_dag.py
[2024-05-06T00:01:29.914+0000] {processor.py:840} INFO - DAG(s) 'example_nested_branch_dag' retrieved from /home/airflow/.local/lib/python3.12/site-packages/airflow/example_dags/example_nested_branch_dag.py
[2024-05-06T00:36:32.913+0000] {processor.py:161} INFO - Started process (PID=10390) to work on /home/airflow/.local/lib/python3.12/site-packages/airflow/example_dags/example_nested_branch_dag.py
[2024-05-06T00:36:33.025+0000] {processor.py:830} INFO - Processing file /home/airflow/.local/lib/python3.12/site-packages/airflow/example_dags/example_nested_branch_dag.py for tasks to queue
[2024-05-06T00:36:33.260+0000] {logging_mixin.py:188} INFO - [2024-05-06T00:36:33.146+0000] {dagbag.py:540} INFO - Filling up the DagBag from /home/airflow/.local/lib/python3.12/site-packages/airflow/example_dags/example_nested_branch_dag.py
[2024-05-06T00:36:36.834+0000] {processor.py:840} INFO - DAG(s) 'example_nested_branch_dag' retrieved from /home/airflow/.local/lib/python3.12/site-packages/airflow/example_dags/example_nested_branch_dag.py
[2024-05-06T00:36:51.840+0000] {logging_mixin.py:188} INFO - [2024-05-06T00:36:51.672+0000] {dag.py:3096} INFO - Sync 1 DAGs
[2024-05-06T00:36:52.842+0000] {logging_mixin.py:188} INFO - [2024-05-06T00:36:52.839+0000] {dag.py:3954} INFO - Setting next_dagrun for example_nested_branch_dag to 2024-05-05 00:00:00+00:00, run_after=2024-05-06 00:00:00+00:00
[2024-05-06T00:36:54.960+0000] {processor.py:183} INFO - Processing /home/airflow/.local/lib/python3.12/site-packages/airflow/example_dags/example_nested_branch_dag.py took 22.722 seconds
[2024-05-06T01:18:18.864+0000] {processor.py:161} INFO - Started process (PID=10438) to work on /home/airflow/.local/lib/python3.12/site-packages/airflow/example_dags/example_nested_branch_dag.py
[2024-05-06T01:18:20.357+0000] {processor.py:830} INFO - Processing file /home/airflow/.local/lib/python3.12/site-packages/airflow/example_dags/example_nested_branch_dag.py for tasks to queue
[2024-05-06T01:18:28.593+0000] {logging_mixin.py:188} INFO - [2024-05-06T01:18:26.867+0000] {dagbag.py:540} INFO - Filling up the DagBag from /home/airflow/.local/lib/python3.12/site-packages/airflow/example_dags/example_nested_branch_dag.py
[2024-05-06T01:19:05.810+0000] {logging_mixin.py:188} INFO - [2024-05-06T01:19:03.848+0000] {timeout.py:68} ERROR - Process timed out, PID: 10438
[2024-05-06T01:35:16.318+0000] {processor.py:161} INFO - Started process (PID=10441) to work on /home/airflow/.local/lib/python3.12/site-packages/airflow/example_dags/example_nested_branch_dag.py
[2024-05-06T01:35:16.372+0000] {processor.py:830} INFO - Processing file /home/airflow/.local/lib/python3.12/site-packages/airflow/example_dags/example_nested_branch_dag.py for tasks to queue
[2024-05-06T01:35:16.435+0000] {logging_mixin.py:188} INFO - [2024-05-06T01:35:16.434+0000] {dagbag.py:540} INFO - Filling up the DagBag from /home/airflow/.local/lib/python3.12/site-packages/airflow/example_dags/example_nested_branch_dag.py
[2024-05-06T01:35:16.650+0000] {processor.py:840} INFO - DAG(s) 'example_nested_branch_dag' retrieved from /home/airflow/.local/lib/python3.12/site-packages/airflow/example_dags/example_nested_branch_dag.py
[2024-05-06T01:35:19.103+0000] {logging_mixin.py:188} INFO - [2024-05-06T01:35:19.095+0000] {dag.py:3096} INFO - Sync 1 DAGs
[2024-05-06T01:35:25.996+0000] {logging_mixin.py:188} INFO - [2024-05-06T01:35:25.122+0000] {dag.py:3954} INFO - Setting next_dagrun for example_nested_branch_dag to 2024-05-05 00:00:00+00:00, run_after=2024-05-06 00:00:00+00:00
[2024-05-06T01:35:28.275+0000] {processor.py:183} INFO - Processing /home/airflow/.local/lib/python3.12/site-packages/airflow/example_dags/example_nested_branch_dag.py took 12.077 seconds
